[2023-11-25 17:48:52,051] {taskinstance.py:1179} INFO - Dependencies all met for <TaskInstance: ETL_toll_data2.extract_data_from_csv manual__2023-11-25T17:48:49.188031+00:00 [queued]>
[2023-11-25 17:48:52,062] {taskinstance.py:1179} INFO - Dependencies all met for <TaskInstance: ETL_toll_data2.extract_data_from_csv manual__2023-11-25T17:48:49.188031+00:00 [queued]>
[2023-11-25 17:48:52,062] {taskinstance.py:1376} INFO - 
--------------------------------------------------------------------------------
[2023-11-25 17:48:52,063] {taskinstance.py:1377} INFO - Starting attempt 1 of 2
[2023-11-25 17:48:52,063] {taskinstance.py:1378} INFO - 
--------------------------------------------------------------------------------
[2023-11-25 17:48:52,077] {taskinstance.py:1397} INFO - Executing <Task(BashOperator): extract_data_from_csv> on 2023-11-25 17:48:49.188031+00:00
[2023-11-25 17:48:52,086] {standard_task_runner.py:52} INFO - Started process 1087 to run task
[2023-11-25 17:48:52,092] {standard_task_runner.py:79} INFO - Running: ['***', 'tasks', 'run', 'ETL_toll_data2', 'extract_data_from_csv', 'manual__2023-11-25T17:48:49.188031+00:00', '--job-id', '15', '--raw', '--subdir', 'DAGS_FOLDER/finalassignment/staging/ETL_toll_data2.py', '--cfg-path', '/tmp/tmpxgutu9se', '--error-file', '/tmp/tmp5frgtvqv']
[2023-11-25 17:48:52,092] {standard_task_runner.py:80} INFO - Job 15: Subtask extract_data_from_csv
[2023-11-25 17:48:52,208] {task_command.py:371} INFO - Running <TaskInstance: ETL_toll_data2.extract_data_from_csv manual__2023-11-25T17:48:49.188031+00:00 [running]> on host 55fecb89de6d
[2023-11-25 17:48:52,309] {taskinstance.py:1591} INFO - Exporting the following env vars:
AIRFLOW_CTX_DAG_EMAIL=arti6076@gmail.com
AIRFLOW_CTX_DAG_OWNER=AN
AIRFLOW_CTX_DAG_ID=ETL_toll_data2
AIRFLOW_CTX_TASK_ID=extract_data_from_csv
AIRFLOW_CTX_EXECUTION_DATE=2023-11-25T17:48:49.188031+00:00
AIRFLOW_CTX_TRY_NUMBER=1
AIRFLOW_CTX_DAG_RUN_ID=manual__2023-11-25T17:48:49.188031+00:00
[2023-11-25 17:48:52,311] {subprocess.py:62} INFO - Tmp dir root location: 
 /tmp
[2023-11-25 17:48:52,311] {subprocess.py:74} INFO - Running command: ['bash', '-c', 'cut -d"," -f1,2,3,4 /home/project/***/dags/finalassignment/vehicle-data.csv > /home/project/***/dags/finalassignment/staging/csv_data.csv']
[2023-11-25 17:48:52,334] {subprocess.py:85} INFO - Output:
[2023-11-25 17:48:52,344] {subprocess.py:96} INFO - Command exited with return code 0
[2023-11-25 17:48:52,391] {taskinstance.py:1420} INFO - Marking task as SUCCESS. dag_id=ETL_toll_data2, task_id=extract_data_from_csv, execution_date=20231125T174849, start_date=20231125T174852, end_date=20231125T174852
[2023-11-25 17:48:52,423] {local_task_job.py:156} INFO - Task exited with return code 0
[2023-11-25 17:48:52,495] {local_task_job.py:273} INFO - 1 downstream tasks scheduled from follow-on schedule check
