[2023-11-25 17:28:37,277] {processor.py:153} INFO - Started process (PID=102) to work on /home/airflow/.local/lib/python3.7/site-packages/airflow/example_dags/example_branch_day_of_week_operator.py
[2023-11-25 17:28:37,290] {processor.py:641} INFO - Processing file /home/airflow/.local/lib/python3.7/site-packages/airflow/example_dags/example_branch_day_of_week_operator.py for tasks to queue
[2023-11-25 17:28:37,291] {logging_mixin.py:115} INFO - [2023-11-25 17:28:37,291] {dagbag.py:508} INFO - Filling up the DagBag from /home/airflow/.local/lib/python3.7/site-packages/airflow/example_dags/example_branch_day_of_week_operator.py
[2023-11-25 17:28:37,391] {processor.py:651} INFO - DAG(s) dict_keys(['example_weekday_branch_operator']) retrieved from /home/airflow/.local/lib/python3.7/site-packages/airflow/example_dags/example_branch_day_of_week_operator.py
[2023-11-25 17:28:38,272] {logging_mixin.py:115} INFO - [2023-11-25 17:28:38,272] {manager.py:508} INFO - Created Permission View: can delete on DAG:example_weekday_branch_operator
[2023-11-25 17:28:38,374] {logging_mixin.py:115} INFO - [2023-11-25 17:28:38,374] {manager.py:508} INFO - Created Permission View: can edit on DAG:example_weekday_branch_operator
[2023-11-25 17:28:38,511] {logging_mixin.py:115} INFO - [2023-11-25 17:28:38,511] {manager.py:508} INFO - Created Permission View: can read on DAG:example_weekday_branch_operator
[2023-11-25 17:28:38,512] {logging_mixin.py:115} INFO - [2023-11-25 17:28:38,512] {dag.py:2420} INFO - Sync 1 DAGs
[2023-11-25 17:28:38,575] {logging_mixin.py:115} INFO - [2023-11-25 17:28:38,575] {dag.py:2439} INFO - Creating ORM DAG for example_weekday_branch_operator
[2023-11-25 17:28:38,650] {logging_mixin.py:115} INFO - [2023-11-25 17:28:38,650] {dag.py:2972} INFO - Setting next_dagrun for example_weekday_branch_operator to 2023-11-24T00:00:00+00:00, run_after=2023-11-25T00:00:00+00:00
[2023-11-25 17:28:38,770] {processor.py:161} INFO - Processing /home/airflow/.local/lib/python3.7/site-packages/airflow/example_dags/example_branch_day_of_week_operator.py took 1.499 seconds
[2023-11-25 17:29:09,642] {processor.py:153} INFO - Started process (PID=155) to work on /home/airflow/.local/lib/python3.7/site-packages/airflow/example_dags/example_branch_day_of_week_operator.py
[2023-11-25 17:29:10,416] {processor.py:641} INFO - Processing file /home/airflow/.local/lib/python3.7/site-packages/airflow/example_dags/example_branch_day_of_week_operator.py for tasks to queue
[2023-11-25 17:29:10,417] {logging_mixin.py:115} INFO - [2023-11-25 17:29:10,417] {dagbag.py:508} INFO - Filling up the DagBag from /home/airflow/.local/lib/python3.7/site-packages/airflow/example_dags/example_branch_day_of_week_operator.py
[2023-11-25 17:29:10,435] {processor.py:651} INFO - DAG(s) dict_keys(['example_weekday_branch_operator']) retrieved from /home/airflow/.local/lib/python3.7/site-packages/airflow/example_dags/example_branch_day_of_week_operator.py
[2023-11-25 17:29:10,496] {logging_mixin.py:115} INFO - [2023-11-25 17:29:10,496] {dag.py:2420} INFO - Sync 1 DAGs
[2023-11-25 17:29:10,539] {logging_mixin.py:115} INFO - [2023-11-25 17:29:10,539] {dag.py:2972} INFO - Setting next_dagrun for example_weekday_branch_operator to 2023-11-24T00:00:00+00:00, run_after=2023-11-25T00:00:00+00:00
[2023-11-25 17:29:11,083] {processor.py:161} INFO - Processing /home/airflow/.local/lib/python3.7/site-packages/airflow/example_dags/example_branch_day_of_week_operator.py took 1.446 seconds
[2023-11-25 17:29:41,495] {processor.py:153} INFO - Started process (PID=216) to work on /home/airflow/.local/lib/python3.7/site-packages/airflow/example_dags/example_branch_day_of_week_operator.py
[2023-11-25 17:29:41,495] {processor.py:641} INFO - Processing file /home/airflow/.local/lib/python3.7/site-packages/airflow/example_dags/example_branch_day_of_week_operator.py for tasks to queue
[2023-11-25 17:29:41,496] {logging_mixin.py:115} INFO - [2023-11-25 17:29:41,496] {dagbag.py:508} INFO - Filling up the DagBag from /home/airflow/.local/lib/python3.7/site-packages/airflow/example_dags/example_branch_day_of_week_operator.py
[2023-11-25 17:29:41,510] {processor.py:651} INFO - DAG(s) dict_keys(['example_weekday_branch_operator']) retrieved from /home/airflow/.local/lib/python3.7/site-packages/airflow/example_dags/example_branch_day_of_week_operator.py
[2023-11-25 17:29:41,553] {logging_mixin.py:115} INFO - [2023-11-25 17:29:41,553] {dag.py:2420} INFO - Sync 1 DAGs
[2023-11-25 17:29:41,588] {logging_mixin.py:115} INFO - [2023-11-25 17:29:41,587] {dag.py:2972} INFO - Setting next_dagrun for example_weekday_branch_operator to 2023-11-24T00:00:00+00:00, run_after=2023-11-25T00:00:00+00:00
[2023-11-25 17:29:41,604] {processor.py:161} INFO - Processing /home/airflow/.local/lib/python3.7/site-packages/airflow/example_dags/example_branch_day_of_week_operator.py took 0.115 seconds
[2023-11-25 17:30:11,700] {processor.py:153} INFO - Started process (PID=268) to work on /home/airflow/.local/lib/python3.7/site-packages/airflow/example_dags/example_branch_day_of_week_operator.py
[2023-11-25 17:30:11,701] {processor.py:641} INFO - Processing file /home/airflow/.local/lib/python3.7/site-packages/airflow/example_dags/example_branch_day_of_week_operator.py for tasks to queue
[2023-11-25 17:30:11,701] {logging_mixin.py:115} INFO - [2023-11-25 17:30:11,701] {dagbag.py:508} INFO - Filling up the DagBag from /home/airflow/.local/lib/python3.7/site-packages/airflow/example_dags/example_branch_day_of_week_operator.py
[2023-11-25 17:30:11,714] {processor.py:651} INFO - DAG(s) dict_keys(['example_weekday_branch_operator']) retrieved from /home/airflow/.local/lib/python3.7/site-packages/airflow/example_dags/example_branch_day_of_week_operator.py
[2023-11-25 17:30:11,756] {logging_mixin.py:115} INFO - [2023-11-25 17:30:11,755] {dag.py:2420} INFO - Sync 1 DAGs
[2023-11-25 17:30:11,785] {logging_mixin.py:115} INFO - [2023-11-25 17:30:11,785] {dag.py:2972} INFO - Setting next_dagrun for example_weekday_branch_operator to 2023-11-24T00:00:00+00:00, run_after=2023-11-25T00:00:00+00:00
[2023-11-25 17:30:11,799] {processor.py:161} INFO - Processing /home/airflow/.local/lib/python3.7/site-packages/airflow/example_dags/example_branch_day_of_week_operator.py took 0.104 seconds
[2023-11-25 17:30:41,999] {processor.py:153} INFO - Started process (PID=329) to work on /home/airflow/.local/lib/python3.7/site-packages/airflow/example_dags/example_branch_day_of_week_operator.py
[2023-11-25 17:30:42,000] {processor.py:641} INFO - Processing file /home/airflow/.local/lib/python3.7/site-packages/airflow/example_dags/example_branch_day_of_week_operator.py for tasks to queue
[2023-11-25 17:30:42,000] {logging_mixin.py:115} INFO - [2023-11-25 17:30:42,000] {dagbag.py:508} INFO - Filling up the DagBag from /home/airflow/.local/lib/python3.7/site-packages/airflow/example_dags/example_branch_day_of_week_operator.py
[2023-11-25 17:30:42,012] {processor.py:651} INFO - DAG(s) dict_keys(['example_weekday_branch_operator']) retrieved from /home/airflow/.local/lib/python3.7/site-packages/airflow/example_dags/example_branch_day_of_week_operator.py
[2023-11-25 17:30:42,052] {logging_mixin.py:115} INFO - [2023-11-25 17:30:42,052] {dag.py:2420} INFO - Sync 1 DAGs
[2023-11-25 17:30:42,083] {logging_mixin.py:115} INFO - [2023-11-25 17:30:42,082] {dag.py:2972} INFO - Setting next_dagrun for example_weekday_branch_operator to 2023-11-24T00:00:00+00:00, run_after=2023-11-25T00:00:00+00:00
[2023-11-25 17:30:42,097] {processor.py:161} INFO - Processing /home/airflow/.local/lib/python3.7/site-packages/airflow/example_dags/example_branch_day_of_week_operator.py took 0.103 seconds
[2023-11-25 17:31:12,834] {processor.py:153} INFO - Started process (PID=390) to work on /home/airflow/.local/lib/python3.7/site-packages/airflow/example_dags/example_branch_day_of_week_operator.py
[2023-11-25 17:31:12,835] {processor.py:641} INFO - Processing file /home/airflow/.local/lib/python3.7/site-packages/airflow/example_dags/example_branch_day_of_week_operator.py for tasks to queue
[2023-11-25 17:31:12,835] {logging_mixin.py:115} INFO - [2023-11-25 17:31:12,835] {dagbag.py:508} INFO - Filling up the DagBag from /home/airflow/.local/lib/python3.7/site-packages/airflow/example_dags/example_branch_day_of_week_operator.py
[2023-11-25 17:31:12,847] {processor.py:651} INFO - DAG(s) dict_keys(['example_weekday_branch_operator']) retrieved from /home/airflow/.local/lib/python3.7/site-packages/airflow/example_dags/example_branch_day_of_week_operator.py
[2023-11-25 17:31:12,887] {logging_mixin.py:115} INFO - [2023-11-25 17:31:12,886] {dag.py:2420} INFO - Sync 1 DAGs
[2023-11-25 17:31:12,915] {logging_mixin.py:115} INFO - [2023-11-25 17:31:12,915] {dag.py:2972} INFO - Setting next_dagrun for example_weekday_branch_operator to 2023-11-24T00:00:00+00:00, run_after=2023-11-25T00:00:00+00:00
[2023-11-25 17:31:12,928] {processor.py:161} INFO - Processing /home/airflow/.local/lib/python3.7/site-packages/airflow/example_dags/example_branch_day_of_week_operator.py took 0.100 seconds
[2023-11-25 17:31:43,382] {processor.py:153} INFO - Started process (PID=442) to work on /home/airflow/.local/lib/python3.7/site-packages/airflow/example_dags/example_branch_day_of_week_operator.py
[2023-11-25 17:31:43,384] {processor.py:641} INFO - Processing file /home/airflow/.local/lib/python3.7/site-packages/airflow/example_dags/example_branch_day_of_week_operator.py for tasks to queue
[2023-11-25 17:31:43,384] {logging_mixin.py:115} INFO - [2023-11-25 17:31:43,384] {dagbag.py:508} INFO - Filling up the DagBag from /home/airflow/.local/lib/python3.7/site-packages/airflow/example_dags/example_branch_day_of_week_operator.py
[2023-11-25 17:31:43,397] {processor.py:651} INFO - DAG(s) dict_keys(['example_weekday_branch_operator']) retrieved from /home/airflow/.local/lib/python3.7/site-packages/airflow/example_dags/example_branch_day_of_week_operator.py
[2023-11-25 17:31:43,435] {logging_mixin.py:115} INFO - [2023-11-25 17:31:43,435] {dag.py:2420} INFO - Sync 1 DAGs
[2023-11-25 17:31:43,465] {logging_mixin.py:115} INFO - [2023-11-25 17:31:43,464] {dag.py:2972} INFO - Setting next_dagrun for example_weekday_branch_operator to 2023-11-24T00:00:00+00:00, run_after=2023-11-25T00:00:00+00:00
[2023-11-25 17:31:43,477] {processor.py:161} INFO - Processing /home/airflow/.local/lib/python3.7/site-packages/airflow/example_dags/example_branch_day_of_week_operator.py took 0.101 seconds
[2023-11-25 17:32:14,092] {processor.py:153} INFO - Started process (PID=503) to work on /home/airflow/.local/lib/python3.7/site-packages/airflow/example_dags/example_branch_day_of_week_operator.py
[2023-11-25 17:32:14,093] {processor.py:641} INFO - Processing file /home/airflow/.local/lib/python3.7/site-packages/airflow/example_dags/example_branch_day_of_week_operator.py for tasks to queue
[2023-11-25 17:32:14,094] {logging_mixin.py:115} INFO - [2023-11-25 17:32:14,093] {dagbag.py:508} INFO - Filling up the DagBag from /home/airflow/.local/lib/python3.7/site-packages/airflow/example_dags/example_branch_day_of_week_operator.py
[2023-11-25 17:32:14,105] {processor.py:651} INFO - DAG(s) dict_keys(['example_weekday_branch_operator']) retrieved from /home/airflow/.local/lib/python3.7/site-packages/airflow/example_dags/example_branch_day_of_week_operator.py
[2023-11-25 17:32:14,150] {logging_mixin.py:115} INFO - [2023-11-25 17:32:14,150] {dag.py:2420} INFO - Sync 1 DAGs
[2023-11-25 17:32:14,195] {logging_mixin.py:115} INFO - [2023-11-25 17:32:14,195] {dag.py:2972} INFO - Setting next_dagrun for example_weekday_branch_operator to 2023-11-24T00:00:00+00:00, run_after=2023-11-25T00:00:00+00:00
[2023-11-25 17:32:14,209] {processor.py:161} INFO - Processing /home/airflow/.local/lib/python3.7/site-packages/airflow/example_dags/example_branch_day_of_week_operator.py took 0.123 seconds
[2023-11-25 17:32:44,672] {processor.py:153} INFO - Started process (PID=564) to work on /home/airflow/.local/lib/python3.7/site-packages/airflow/example_dags/example_branch_day_of_week_operator.py
[2023-11-25 17:32:44,673] {processor.py:641} INFO - Processing file /home/airflow/.local/lib/python3.7/site-packages/airflow/example_dags/example_branch_day_of_week_operator.py for tasks to queue
[2023-11-25 17:32:44,674] {logging_mixin.py:115} INFO - [2023-11-25 17:32:44,673] {dagbag.py:508} INFO - Filling up the DagBag from /home/airflow/.local/lib/python3.7/site-packages/airflow/example_dags/example_branch_day_of_week_operator.py
[2023-11-25 17:32:44,685] {processor.py:651} INFO - DAG(s) dict_keys(['example_weekday_branch_operator']) retrieved from /home/airflow/.local/lib/python3.7/site-packages/airflow/example_dags/example_branch_day_of_week_operator.py
[2023-11-25 17:32:44,727] {logging_mixin.py:115} INFO - [2023-11-25 17:32:44,727] {dag.py:2420} INFO - Sync 1 DAGs
[2023-11-25 17:32:44,761] {logging_mixin.py:115} INFO - [2023-11-25 17:32:44,760] {dag.py:2972} INFO - Setting next_dagrun for example_weekday_branch_operator to 2023-11-24T00:00:00+00:00, run_after=2023-11-25T00:00:00+00:00
[2023-11-25 17:32:44,775] {processor.py:161} INFO - Processing /home/airflow/.local/lib/python3.7/site-packages/airflow/example_dags/example_branch_day_of_week_operator.py took 0.108 seconds
[2023-11-25 17:33:15,066] {processor.py:153} INFO - Started process (PID=616) to work on /home/airflow/.local/lib/python3.7/site-packages/airflow/example_dags/example_branch_day_of_week_operator.py
[2023-11-25 17:33:15,067] {processor.py:641} INFO - Processing file /home/airflow/.local/lib/python3.7/site-packages/airflow/example_dags/example_branch_day_of_week_operator.py for tasks to queue
[2023-11-25 17:33:15,067] {logging_mixin.py:115} INFO - [2023-11-25 17:33:15,067] {dagbag.py:508} INFO - Filling up the DagBag from /home/airflow/.local/lib/python3.7/site-packages/airflow/example_dags/example_branch_day_of_week_operator.py
[2023-11-25 17:33:15,079] {processor.py:651} INFO - DAG(s) dict_keys(['example_weekday_branch_operator']) retrieved from /home/airflow/.local/lib/python3.7/site-packages/airflow/example_dags/example_branch_day_of_week_operator.py
[2023-11-25 17:33:15,123] {logging_mixin.py:115} INFO - [2023-11-25 17:33:15,123] {dag.py:2420} INFO - Sync 1 DAGs
[2023-11-25 17:33:15,153] {logging_mixin.py:115} INFO - [2023-11-25 17:33:15,153] {dag.py:2972} INFO - Setting next_dagrun for example_weekday_branch_operator to 2023-11-24T00:00:00+00:00, run_after=2023-11-25T00:00:00+00:00
[2023-11-25 17:33:15,166] {processor.py:161} INFO - Processing /home/airflow/.local/lib/python3.7/site-packages/airflow/example_dags/example_branch_day_of_week_operator.py took 0.106 seconds
[2023-11-25 17:33:45,556] {processor.py:153} INFO - Started process (PID=677) to work on /home/airflow/.local/lib/python3.7/site-packages/airflow/example_dags/example_branch_day_of_week_operator.py
[2023-11-25 17:33:45,557] {processor.py:641} INFO - Processing file /home/airflow/.local/lib/python3.7/site-packages/airflow/example_dags/example_branch_day_of_week_operator.py for tasks to queue
[2023-11-25 17:33:45,558] {logging_mixin.py:115} INFO - [2023-11-25 17:33:45,558] {dagbag.py:508} INFO - Filling up the DagBag from /home/airflow/.local/lib/python3.7/site-packages/airflow/example_dags/example_branch_day_of_week_operator.py
[2023-11-25 17:33:45,569] {processor.py:651} INFO - DAG(s) dict_keys(['example_weekday_branch_operator']) retrieved from /home/airflow/.local/lib/python3.7/site-packages/airflow/example_dags/example_branch_day_of_week_operator.py
[2023-11-25 17:33:45,609] {logging_mixin.py:115} INFO - [2023-11-25 17:33:45,609] {dag.py:2420} INFO - Sync 1 DAGs
[2023-11-25 17:33:45,639] {logging_mixin.py:115} INFO - [2023-11-25 17:33:45,638] {dag.py:2972} INFO - Setting next_dagrun for example_weekday_branch_operator to 2023-11-24T00:00:00+00:00, run_after=2023-11-25T00:00:00+00:00
[2023-11-25 17:33:45,652] {processor.py:161} INFO - Processing /home/airflow/.local/lib/python3.7/site-packages/airflow/example_dags/example_branch_day_of_week_operator.py took 0.100 seconds
[2023-11-25 17:34:16,154] {processor.py:153} INFO - Started process (PID=729) to work on /home/airflow/.local/lib/python3.7/site-packages/airflow/example_dags/example_branch_day_of_week_operator.py
[2023-11-25 17:34:16,155] {processor.py:641} INFO - Processing file /home/airflow/.local/lib/python3.7/site-packages/airflow/example_dags/example_branch_day_of_week_operator.py for tasks to queue
[2023-11-25 17:34:16,155] {logging_mixin.py:115} INFO - [2023-11-25 17:34:16,155] {dagbag.py:508} INFO - Filling up the DagBag from /home/airflow/.local/lib/python3.7/site-packages/airflow/example_dags/example_branch_day_of_week_operator.py
[2023-11-25 17:34:16,181] {processor.py:651} INFO - DAG(s) dict_keys(['example_weekday_branch_operator']) retrieved from /home/airflow/.local/lib/python3.7/site-packages/airflow/example_dags/example_branch_day_of_week_operator.py
[2023-11-25 17:34:16,292] {logging_mixin.py:115} INFO - [2023-11-25 17:34:16,292] {dag.py:2420} INFO - Sync 1 DAGs
[2023-11-25 17:34:16,356] {logging_mixin.py:115} INFO - [2023-11-25 17:34:16,356] {dag.py:2972} INFO - Setting next_dagrun for example_weekday_branch_operator to 2023-11-24T00:00:00+00:00, run_after=2023-11-25T00:00:00+00:00
[2023-11-25 17:34:16,393] {processor.py:161} INFO - Processing /home/airflow/.local/lib/python3.7/site-packages/airflow/example_dags/example_branch_day_of_week_operator.py took 0.245 seconds
[2023-11-25 17:34:46,761] {processor.py:153} INFO - Started process (PID=790) to work on /home/airflow/.local/lib/python3.7/site-packages/airflow/example_dags/example_branch_day_of_week_operator.py
[2023-11-25 17:34:46,762] {processor.py:641} INFO - Processing file /home/airflow/.local/lib/python3.7/site-packages/airflow/example_dags/example_branch_day_of_week_operator.py for tasks to queue
[2023-11-25 17:34:46,763] {logging_mixin.py:115} INFO - [2023-11-25 17:34:46,762] {dagbag.py:508} INFO - Filling up the DagBag from /home/airflow/.local/lib/python3.7/site-packages/airflow/example_dags/example_branch_day_of_week_operator.py
[2023-11-25 17:34:46,775] {processor.py:651} INFO - DAG(s) dict_keys(['example_weekday_branch_operator']) retrieved from /home/airflow/.local/lib/python3.7/site-packages/airflow/example_dags/example_branch_day_of_week_operator.py
[2023-11-25 17:34:46,814] {logging_mixin.py:115} INFO - [2023-11-25 17:34:46,814] {dag.py:2420} INFO - Sync 1 DAGs
[2023-11-25 17:34:46,847] {logging_mixin.py:115} INFO - [2023-11-25 17:34:46,847] {dag.py:2972} INFO - Setting next_dagrun for example_weekday_branch_operator to 2023-11-24T00:00:00+00:00, run_after=2023-11-25T00:00:00+00:00
[2023-11-25 17:34:46,865] {processor.py:161} INFO - Processing /home/airflow/.local/lib/python3.7/site-packages/airflow/example_dags/example_branch_day_of_week_operator.py took 0.109 seconds
[2023-11-25 17:35:17,217] {processor.py:153} INFO - Started process (PID=851) to work on /home/airflow/.local/lib/python3.7/site-packages/airflow/example_dags/example_branch_day_of_week_operator.py
[2023-11-25 17:35:17,218] {processor.py:641} INFO - Processing file /home/airflow/.local/lib/python3.7/site-packages/airflow/example_dags/example_branch_day_of_week_operator.py for tasks to queue
[2023-11-25 17:35:17,218] {logging_mixin.py:115} INFO - [2023-11-25 17:35:17,218] {dagbag.py:508} INFO - Filling up the DagBag from /home/airflow/.local/lib/python3.7/site-packages/airflow/example_dags/example_branch_day_of_week_operator.py
[2023-11-25 17:35:17,230] {processor.py:651} INFO - DAG(s) dict_keys(['example_weekday_branch_operator']) retrieved from /home/airflow/.local/lib/python3.7/site-packages/airflow/example_dags/example_branch_day_of_week_operator.py
[2023-11-25 17:35:17,282] {logging_mixin.py:115} INFO - [2023-11-25 17:35:17,281] {dag.py:2420} INFO - Sync 1 DAGs
[2023-11-25 17:35:17,316] {logging_mixin.py:115} INFO - [2023-11-25 17:35:17,316] {dag.py:2972} INFO - Setting next_dagrun for example_weekday_branch_operator to 2023-11-24T00:00:00+00:00, run_after=2023-11-25T00:00:00+00:00
[2023-11-25 17:35:17,330] {processor.py:161} INFO - Processing /home/airflow/.local/lib/python3.7/site-packages/airflow/example_dags/example_branch_day_of_week_operator.py took 0.119 seconds
[2023-11-25 17:35:47,802] {processor.py:153} INFO - Started process (PID=904) to work on /home/airflow/.local/lib/python3.7/site-packages/airflow/example_dags/example_branch_day_of_week_operator.py
[2023-11-25 17:35:47,803] {processor.py:641} INFO - Processing file /home/airflow/.local/lib/python3.7/site-packages/airflow/example_dags/example_branch_day_of_week_operator.py for tasks to queue
[2023-11-25 17:35:47,803] {logging_mixin.py:115} INFO - [2023-11-25 17:35:47,803] {dagbag.py:508} INFO - Filling up the DagBag from /home/airflow/.local/lib/python3.7/site-packages/airflow/example_dags/example_branch_day_of_week_operator.py
[2023-11-25 17:35:47,814] {processor.py:651} INFO - DAG(s) dict_keys(['example_weekday_branch_operator']) retrieved from /home/airflow/.local/lib/python3.7/site-packages/airflow/example_dags/example_branch_day_of_week_operator.py
[2023-11-25 17:35:47,855] {logging_mixin.py:115} INFO - [2023-11-25 17:35:47,855] {dag.py:2420} INFO - Sync 1 DAGs
[2023-11-25 17:35:47,885] {logging_mixin.py:115} INFO - [2023-11-25 17:35:47,885] {dag.py:2972} INFO - Setting next_dagrun for example_weekday_branch_operator to 2023-11-24T00:00:00+00:00, run_after=2023-11-25T00:00:00+00:00
[2023-11-25 17:35:47,897] {processor.py:161} INFO - Processing /home/airflow/.local/lib/python3.7/site-packages/airflow/example_dags/example_branch_day_of_week_operator.py took 0.100 seconds
[2023-11-25 17:36:18,485] {processor.py:153} INFO - Started process (PID=965) to work on /home/airflow/.local/lib/python3.7/site-packages/airflow/example_dags/example_branch_day_of_week_operator.py
[2023-11-25 17:36:18,486] {processor.py:641} INFO - Processing file /home/airflow/.local/lib/python3.7/site-packages/airflow/example_dags/example_branch_day_of_week_operator.py for tasks to queue
[2023-11-25 17:36:18,486] {logging_mixin.py:115} INFO - [2023-11-25 17:36:18,486] {dagbag.py:508} INFO - Filling up the DagBag from /home/airflow/.local/lib/python3.7/site-packages/airflow/example_dags/example_branch_day_of_week_operator.py
[2023-11-25 17:36:18,498] {processor.py:651} INFO - DAG(s) dict_keys(['example_weekday_branch_operator']) retrieved from /home/airflow/.local/lib/python3.7/site-packages/airflow/example_dags/example_branch_day_of_week_operator.py
[2023-11-25 17:36:18,542] {logging_mixin.py:115} INFO - [2023-11-25 17:36:18,542] {dag.py:2420} INFO - Sync 1 DAGs
[2023-11-25 17:36:18,572] {logging_mixin.py:115} INFO - [2023-11-25 17:36:18,572] {dag.py:2972} INFO - Setting next_dagrun for example_weekday_branch_operator to 2023-11-24T00:00:00+00:00, run_after=2023-11-25T00:00:00+00:00
[2023-11-25 17:36:18,586] {processor.py:161} INFO - Processing /home/airflow/.local/lib/python3.7/site-packages/airflow/example_dags/example_branch_day_of_week_operator.py took 0.106 seconds
[2023-11-25 17:36:48,991] {processor.py:153} INFO - Started process (PID=1026) to work on /home/airflow/.local/lib/python3.7/site-packages/airflow/example_dags/example_branch_day_of_week_operator.py
[2023-11-25 17:36:48,992] {processor.py:641} INFO - Processing file /home/airflow/.local/lib/python3.7/site-packages/airflow/example_dags/example_branch_day_of_week_operator.py for tasks to queue
[2023-11-25 17:36:48,992] {logging_mixin.py:115} INFO - [2023-11-25 17:36:48,992] {dagbag.py:508} INFO - Filling up the DagBag from /home/airflow/.local/lib/python3.7/site-packages/airflow/example_dags/example_branch_day_of_week_operator.py
[2023-11-25 17:36:49,004] {processor.py:651} INFO - DAG(s) dict_keys(['example_weekday_branch_operator']) retrieved from /home/airflow/.local/lib/python3.7/site-packages/airflow/example_dags/example_branch_day_of_week_operator.py
[2023-11-25 17:36:49,045] {logging_mixin.py:115} INFO - [2023-11-25 17:36:49,045] {dag.py:2420} INFO - Sync 1 DAGs
[2023-11-25 17:36:49,077] {logging_mixin.py:115} INFO - [2023-11-25 17:36:49,077] {dag.py:2972} INFO - Setting next_dagrun for example_weekday_branch_operator to 2023-11-24T00:00:00+00:00, run_after=2023-11-25T00:00:00+00:00
[2023-11-25 17:36:49,093] {processor.py:161} INFO - Processing /home/airflow/.local/lib/python3.7/site-packages/airflow/example_dags/example_branch_day_of_week_operator.py took 0.108 seconds
[2023-11-25 17:37:19,353] {processor.py:153} INFO - Started process (PID=1078) to work on /home/airflow/.local/lib/python3.7/site-packages/airflow/example_dags/example_branch_day_of_week_operator.py
[2023-11-25 17:37:19,354] {processor.py:641} INFO - Processing file /home/airflow/.local/lib/python3.7/site-packages/airflow/example_dags/example_branch_day_of_week_operator.py for tasks to queue
[2023-11-25 17:37:19,354] {logging_mixin.py:115} INFO - [2023-11-25 17:37:19,354] {dagbag.py:508} INFO - Filling up the DagBag from /home/airflow/.local/lib/python3.7/site-packages/airflow/example_dags/example_branch_day_of_week_operator.py
[2023-11-25 17:37:19,365] {processor.py:651} INFO - DAG(s) dict_keys(['example_weekday_branch_operator']) retrieved from /home/airflow/.local/lib/python3.7/site-packages/airflow/example_dags/example_branch_day_of_week_operator.py
[2023-11-25 17:37:19,405] {logging_mixin.py:115} INFO - [2023-11-25 17:37:19,405] {dag.py:2420} INFO - Sync 1 DAGs
[2023-11-25 17:37:19,436] {logging_mixin.py:115} INFO - [2023-11-25 17:37:19,436] {dag.py:2972} INFO - Setting next_dagrun for example_weekday_branch_operator to 2023-11-24T00:00:00+00:00, run_after=2023-11-25T00:00:00+00:00
[2023-11-25 17:37:19,448] {processor.py:161} INFO - Processing /home/airflow/.local/lib/python3.7/site-packages/airflow/example_dags/example_branch_day_of_week_operator.py took 0.101 seconds
[2023-11-25 17:37:50,033] {processor.py:153} INFO - Started process (PID=1139) to work on /home/airflow/.local/lib/python3.7/site-packages/airflow/example_dags/example_branch_day_of_week_operator.py
[2023-11-25 17:37:50,034] {processor.py:641} INFO - Processing file /home/airflow/.local/lib/python3.7/site-packages/airflow/example_dags/example_branch_day_of_week_operator.py for tasks to queue
[2023-11-25 17:37:50,034] {logging_mixin.py:115} INFO - [2023-11-25 17:37:50,034] {dagbag.py:508} INFO - Filling up the DagBag from /home/airflow/.local/lib/python3.7/site-packages/airflow/example_dags/example_branch_day_of_week_operator.py
[2023-11-25 17:37:50,045] {processor.py:651} INFO - DAG(s) dict_keys(['example_weekday_branch_operator']) retrieved from /home/airflow/.local/lib/python3.7/site-packages/airflow/example_dags/example_branch_day_of_week_operator.py
[2023-11-25 17:37:50,085] {logging_mixin.py:115} INFO - [2023-11-25 17:37:50,085] {dag.py:2420} INFO - Sync 1 DAGs
[2023-11-25 17:37:50,115] {logging_mixin.py:115} INFO - [2023-11-25 17:37:50,114] {dag.py:2972} INFO - Setting next_dagrun for example_weekday_branch_operator to 2023-11-24T00:00:00+00:00, run_after=2023-11-25T00:00:00+00:00
[2023-11-25 17:37:50,130] {processor.py:161} INFO - Processing /home/airflow/.local/lib/python3.7/site-packages/airflow/example_dags/example_branch_day_of_week_operator.py took 0.102 seconds
[2023-11-25 17:38:20,960] {processor.py:153} INFO - Started process (PID=1201) to work on /home/airflow/.local/lib/python3.7/site-packages/airflow/example_dags/example_branch_day_of_week_operator.py
[2023-11-25 17:38:20,961] {processor.py:641} INFO - Processing file /home/airflow/.local/lib/python3.7/site-packages/airflow/example_dags/example_branch_day_of_week_operator.py for tasks to queue
[2023-11-25 17:38:20,962] {logging_mixin.py:115} INFO - [2023-11-25 17:38:20,962] {dagbag.py:508} INFO - Filling up the DagBag from /home/airflow/.local/lib/python3.7/site-packages/airflow/example_dags/example_branch_day_of_week_operator.py
[2023-11-25 17:38:20,977] {processor.py:651} INFO - DAG(s) dict_keys(['example_weekday_branch_operator']) retrieved from /home/airflow/.local/lib/python3.7/site-packages/airflow/example_dags/example_branch_day_of_week_operator.py
[2023-11-25 17:38:21,034] {logging_mixin.py:115} INFO - [2023-11-25 17:38:21,034] {dag.py:2420} INFO - Sync 1 DAGs
[2023-11-25 17:38:21,080] {logging_mixin.py:115} INFO - [2023-11-25 17:38:21,080] {dag.py:2972} INFO - Setting next_dagrun for example_weekday_branch_operator to 2023-11-24T00:00:00+00:00, run_after=2023-11-25T00:00:00+00:00
[2023-11-25 17:38:21,150] {processor.py:161} INFO - Processing /home/airflow/.local/lib/python3.7/site-packages/airflow/example_dags/example_branch_day_of_week_operator.py took 0.195 seconds
[2023-11-25 17:38:52,074] {processor.py:153} INFO - Started process (PID=1255) to work on /home/airflow/.local/lib/python3.7/site-packages/airflow/example_dags/example_branch_day_of_week_operator.py
[2023-11-25 17:38:52,075] {processor.py:641} INFO - Processing file /home/airflow/.local/lib/python3.7/site-packages/airflow/example_dags/example_branch_day_of_week_operator.py for tasks to queue
[2023-11-25 17:38:52,075] {logging_mixin.py:115} INFO - [2023-11-25 17:38:52,075] {dagbag.py:508} INFO - Filling up the DagBag from /home/airflow/.local/lib/python3.7/site-packages/airflow/example_dags/example_branch_day_of_week_operator.py
[2023-11-25 17:38:52,087] {processor.py:651} INFO - DAG(s) dict_keys(['example_weekday_branch_operator']) retrieved from /home/airflow/.local/lib/python3.7/site-packages/airflow/example_dags/example_branch_day_of_week_operator.py
[2023-11-25 17:38:52,129] {logging_mixin.py:115} INFO - [2023-11-25 17:38:52,129] {dag.py:2420} INFO - Sync 1 DAGs
[2023-11-25 17:38:52,163] {logging_mixin.py:115} INFO - [2023-11-25 17:38:52,162] {dag.py:2972} INFO - Setting next_dagrun for example_weekday_branch_operator to 2023-11-24T00:00:00+00:00, run_after=2023-11-25T00:00:00+00:00
[2023-11-25 17:38:52,177] {processor.py:161} INFO - Processing /home/airflow/.local/lib/python3.7/site-packages/airflow/example_dags/example_branch_day_of_week_operator.py took 0.109 seconds
[2023-11-25 17:39:22,642] {processor.py:153} INFO - Started process (PID=1318) to work on /home/airflow/.local/lib/python3.7/site-packages/airflow/example_dags/example_branch_day_of_week_operator.py
[2023-11-25 17:39:22,642] {processor.py:641} INFO - Processing file /home/airflow/.local/lib/python3.7/site-packages/airflow/example_dags/example_branch_day_of_week_operator.py for tasks to queue
[2023-11-25 17:39:22,643] {logging_mixin.py:115} INFO - [2023-11-25 17:39:22,643] {dagbag.py:508} INFO - Filling up the DagBag from /home/airflow/.local/lib/python3.7/site-packages/airflow/example_dags/example_branch_day_of_week_operator.py
[2023-11-25 17:39:22,654] {processor.py:651} INFO - DAG(s) dict_keys(['example_weekday_branch_operator']) retrieved from /home/airflow/.local/lib/python3.7/site-packages/airflow/example_dags/example_branch_day_of_week_operator.py
[2023-11-25 17:39:22,695] {logging_mixin.py:115} INFO - [2023-11-25 17:39:22,695] {dag.py:2420} INFO - Sync 1 DAGs
[2023-11-25 17:39:22,725] {logging_mixin.py:115} INFO - [2023-11-25 17:39:22,725] {dag.py:2972} INFO - Setting next_dagrun for example_weekday_branch_operator to 2023-11-24T00:00:00+00:00, run_after=2023-11-25T00:00:00+00:00
[2023-11-25 17:39:22,737] {processor.py:161} INFO - Processing /home/airflow/.local/lib/python3.7/site-packages/airflow/example_dags/example_branch_day_of_week_operator.py took 0.100 seconds
[2023-11-25 17:39:53,399] {processor.py:153} INFO - Started process (PID=1380) to work on /home/airflow/.local/lib/python3.7/site-packages/airflow/example_dags/example_branch_day_of_week_operator.py
[2023-11-25 17:39:53,400] {processor.py:641} INFO - Processing file /home/airflow/.local/lib/python3.7/site-packages/airflow/example_dags/example_branch_day_of_week_operator.py for tasks to queue
[2023-11-25 17:39:53,401] {logging_mixin.py:115} INFO - [2023-11-25 17:39:53,401] {dagbag.py:508} INFO - Filling up the DagBag from /home/airflow/.local/lib/python3.7/site-packages/airflow/example_dags/example_branch_day_of_week_operator.py
[2023-11-25 17:39:53,417] {processor.py:651} INFO - DAG(s) dict_keys(['example_weekday_branch_operator']) retrieved from /home/airflow/.local/lib/python3.7/site-packages/airflow/example_dags/example_branch_day_of_week_operator.py
[2023-11-25 17:39:53,478] {logging_mixin.py:115} INFO - [2023-11-25 17:39:53,478] {dag.py:2420} INFO - Sync 1 DAGs
[2023-11-25 17:39:53,520] {logging_mixin.py:115} INFO - [2023-11-25 17:39:53,519] {dag.py:2972} INFO - Setting next_dagrun for example_weekday_branch_operator to 2023-11-24T00:00:00+00:00, run_after=2023-11-25T00:00:00+00:00
[2023-11-25 17:39:53,551] {processor.py:161} INFO - Processing /home/airflow/.local/lib/python3.7/site-packages/airflow/example_dags/example_branch_day_of_week_operator.py took 0.158 seconds
[2023-11-25 17:40:24,172] {processor.py:153} INFO - Started process (PID=1434) to work on /home/airflow/.local/lib/python3.7/site-packages/airflow/example_dags/example_branch_day_of_week_operator.py
[2023-11-25 17:40:24,173] {processor.py:641} INFO - Processing file /home/airflow/.local/lib/python3.7/site-packages/airflow/example_dags/example_branch_day_of_week_operator.py for tasks to queue
[2023-11-25 17:40:24,174] {logging_mixin.py:115} INFO - [2023-11-25 17:40:24,174] {dagbag.py:508} INFO - Filling up the DagBag from /home/airflow/.local/lib/python3.7/site-packages/airflow/example_dags/example_branch_day_of_week_operator.py
[2023-11-25 17:40:24,192] {processor.py:651} INFO - DAG(s) dict_keys(['example_weekday_branch_operator']) retrieved from /home/airflow/.local/lib/python3.7/site-packages/airflow/example_dags/example_branch_day_of_week_operator.py
[2023-11-25 17:40:24,242] {logging_mixin.py:115} INFO - [2023-11-25 17:40:24,242] {dag.py:2420} INFO - Sync 1 DAGs
[2023-11-25 17:40:24,284] {logging_mixin.py:115} INFO - [2023-11-25 17:40:24,284] {dag.py:2972} INFO - Setting next_dagrun for example_weekday_branch_operator to 2023-11-24T00:00:00+00:00, run_after=2023-11-25T00:00:00+00:00
[2023-11-25 17:40:24,296] {processor.py:161} INFO - Processing /home/airflow/.local/lib/python3.7/site-packages/airflow/example_dags/example_branch_day_of_week_operator.py took 0.134 seconds
[2023-11-25 17:40:54,763] {processor.py:153} INFO - Started process (PID=1497) to work on /home/airflow/.local/lib/python3.7/site-packages/airflow/example_dags/example_branch_day_of_week_operator.py
[2023-11-25 17:40:54,764] {processor.py:641} INFO - Processing file /home/airflow/.local/lib/python3.7/site-packages/airflow/example_dags/example_branch_day_of_week_operator.py for tasks to queue
[2023-11-25 17:40:54,765] {logging_mixin.py:115} INFO - [2023-11-25 17:40:54,765] {dagbag.py:508} INFO - Filling up the DagBag from /home/airflow/.local/lib/python3.7/site-packages/airflow/example_dags/example_branch_day_of_week_operator.py
[2023-11-25 17:40:54,776] {processor.py:651} INFO - DAG(s) dict_keys(['example_weekday_branch_operator']) retrieved from /home/airflow/.local/lib/python3.7/site-packages/airflow/example_dags/example_branch_day_of_week_operator.py
[2023-11-25 17:40:54,816] {logging_mixin.py:115} INFO - [2023-11-25 17:40:54,816] {dag.py:2420} INFO - Sync 1 DAGs
[2023-11-25 17:40:54,845] {logging_mixin.py:115} INFO - [2023-11-25 17:40:54,844] {dag.py:2972} INFO - Setting next_dagrun for example_weekday_branch_operator to 2023-11-24T00:00:00+00:00, run_after=2023-11-25T00:00:00+00:00
[2023-11-25 17:40:54,857] {processor.py:161} INFO - Processing /home/airflow/.local/lib/python3.7/site-packages/airflow/example_dags/example_branch_day_of_week_operator.py took 0.100 seconds
[2023-11-25 17:41:25,419] {processor.py:153} INFO - Started process (PID=1560) to work on /home/airflow/.local/lib/python3.7/site-packages/airflow/example_dags/example_branch_day_of_week_operator.py
[2023-11-25 17:41:25,420] {processor.py:641} INFO - Processing file /home/airflow/.local/lib/python3.7/site-packages/airflow/example_dags/example_branch_day_of_week_operator.py for tasks to queue
[2023-11-25 17:41:25,420] {logging_mixin.py:115} INFO - [2023-11-25 17:41:25,420] {dagbag.py:508} INFO - Filling up the DagBag from /home/airflow/.local/lib/python3.7/site-packages/airflow/example_dags/example_branch_day_of_week_operator.py
[2023-11-25 17:41:25,436] {processor.py:651} INFO - DAG(s) dict_keys(['example_weekday_branch_operator']) retrieved from /home/airflow/.local/lib/python3.7/site-packages/airflow/example_dags/example_branch_day_of_week_operator.py
[2023-11-25 17:41:25,511] {logging_mixin.py:115} INFO - [2023-11-25 17:41:25,511] {dag.py:2420} INFO - Sync 1 DAGs
[2023-11-25 17:41:25,560] {logging_mixin.py:115} INFO - [2023-11-25 17:41:25,560] {dag.py:2972} INFO - Setting next_dagrun for example_weekday_branch_operator to 2023-11-24T00:00:00+00:00, run_after=2023-11-25T00:00:00+00:00
[2023-11-25 17:41:25,590] {processor.py:161} INFO - Processing /home/airflow/.local/lib/python3.7/site-packages/airflow/example_dags/example_branch_day_of_week_operator.py took 0.176 seconds
[2023-11-25 17:41:56,400] {processor.py:153} INFO - Started process (PID=1614) to work on /home/airflow/.local/lib/python3.7/site-packages/airflow/example_dags/example_branch_day_of_week_operator.py
[2023-11-25 17:41:56,402] {processor.py:641} INFO - Processing file /home/airflow/.local/lib/python3.7/site-packages/airflow/example_dags/example_branch_day_of_week_operator.py for tasks to queue
[2023-11-25 17:41:56,402] {logging_mixin.py:115} INFO - [2023-11-25 17:41:56,402] {dagbag.py:508} INFO - Filling up the DagBag from /home/airflow/.local/lib/python3.7/site-packages/airflow/example_dags/example_branch_day_of_week_operator.py
[2023-11-25 17:41:56,414] {processor.py:651} INFO - DAG(s) dict_keys(['example_weekday_branch_operator']) retrieved from /home/airflow/.local/lib/python3.7/site-packages/airflow/example_dags/example_branch_day_of_week_operator.py
[2023-11-25 17:41:56,456] {logging_mixin.py:115} INFO - [2023-11-25 17:41:56,456] {dag.py:2420} INFO - Sync 1 DAGs
[2023-11-25 17:41:56,494] {logging_mixin.py:115} INFO - [2023-11-25 17:41:56,494] {dag.py:2972} INFO - Setting next_dagrun for example_weekday_branch_operator to 2023-11-24T00:00:00+00:00, run_after=2023-11-25T00:00:00+00:00
[2023-11-25 17:41:56,516] {processor.py:161} INFO - Processing /home/airflow/.local/lib/python3.7/site-packages/airflow/example_dags/example_branch_day_of_week_operator.py took 0.120 seconds
[2023-11-25 17:42:27,162] {processor.py:153} INFO - Started process (PID=1676) to work on /home/airflow/.local/lib/python3.7/site-packages/airflow/example_dags/example_branch_day_of_week_operator.py
[2023-11-25 17:42:27,163] {processor.py:641} INFO - Processing file /home/airflow/.local/lib/python3.7/site-packages/airflow/example_dags/example_branch_day_of_week_operator.py for tasks to queue
[2023-11-25 17:42:27,164] {logging_mixin.py:115} INFO - [2023-11-25 17:42:27,164] {dagbag.py:508} INFO - Filling up the DagBag from /home/airflow/.local/lib/python3.7/site-packages/airflow/example_dags/example_branch_day_of_week_operator.py
[2023-11-25 17:42:27,175] {processor.py:651} INFO - DAG(s) dict_keys(['example_weekday_branch_operator']) retrieved from /home/airflow/.local/lib/python3.7/site-packages/airflow/example_dags/example_branch_day_of_week_operator.py
[2023-11-25 17:42:27,217] {logging_mixin.py:115} INFO - [2023-11-25 17:42:27,216] {dag.py:2420} INFO - Sync 1 DAGs
[2023-11-25 17:42:27,249] {logging_mixin.py:115} INFO - [2023-11-25 17:42:27,249] {dag.py:2972} INFO - Setting next_dagrun for example_weekday_branch_operator to 2023-11-24T00:00:00+00:00, run_after=2023-11-25T00:00:00+00:00
[2023-11-25 17:42:27,262] {processor.py:161} INFO - Processing /home/airflow/.local/lib/python3.7/site-packages/airflow/example_dags/example_branch_day_of_week_operator.py took 0.105 seconds
[2023-11-25 17:42:57,510] {processor.py:153} INFO - Started process (PID=1737) to work on /home/airflow/.local/lib/python3.7/site-packages/airflow/example_dags/example_branch_day_of_week_operator.py
[2023-11-25 17:42:57,511] {processor.py:641} INFO - Processing file /home/airflow/.local/lib/python3.7/site-packages/airflow/example_dags/example_branch_day_of_week_operator.py for tasks to queue
[2023-11-25 17:42:57,512] {logging_mixin.py:115} INFO - [2023-11-25 17:42:57,512] {dagbag.py:508} INFO - Filling up the DagBag from /home/airflow/.local/lib/python3.7/site-packages/airflow/example_dags/example_branch_day_of_week_operator.py
[2023-11-25 17:42:57,531] {processor.py:651} INFO - DAG(s) dict_keys(['example_weekday_branch_operator']) retrieved from /home/airflow/.local/lib/python3.7/site-packages/airflow/example_dags/example_branch_day_of_week_operator.py
[2023-11-25 17:42:57,610] {logging_mixin.py:115} INFO - [2023-11-25 17:42:57,610] {dag.py:2420} INFO - Sync 1 DAGs
[2023-11-25 17:42:57,671] {logging_mixin.py:115} INFO - [2023-11-25 17:42:57,671] {dag.py:2972} INFO - Setting next_dagrun for example_weekday_branch_operator to 2023-11-24T00:00:00+00:00, run_after=2023-11-25T00:00:00+00:00
[2023-11-25 17:42:57,698] {processor.py:161} INFO - Processing /home/airflow/.local/lib/python3.7/site-packages/airflow/example_dags/example_branch_day_of_week_operator.py took 0.196 seconds
[2023-11-25 17:43:28,397] {processor.py:153} INFO - Started process (PID=1793) to work on /home/airflow/.local/lib/python3.7/site-packages/airflow/example_dags/example_branch_day_of_week_operator.py
[2023-11-25 17:43:28,398] {processor.py:641} INFO - Processing file /home/airflow/.local/lib/python3.7/site-packages/airflow/example_dags/example_branch_day_of_week_operator.py for tasks to queue
[2023-11-25 17:43:28,399] {logging_mixin.py:115} INFO - [2023-11-25 17:43:28,399] {dagbag.py:508} INFO - Filling up the DagBag from /home/airflow/.local/lib/python3.7/site-packages/airflow/example_dags/example_branch_day_of_week_operator.py
[2023-11-25 17:43:28,412] {processor.py:651} INFO - DAG(s) dict_keys(['example_weekday_branch_operator']) retrieved from /home/airflow/.local/lib/python3.7/site-packages/airflow/example_dags/example_branch_day_of_week_operator.py
[2023-11-25 17:43:28,454] {logging_mixin.py:115} INFO - [2023-11-25 17:43:28,454] {dag.py:2420} INFO - Sync 1 DAGs
[2023-11-25 17:43:28,492] {logging_mixin.py:115} INFO - [2023-11-25 17:43:28,492] {dag.py:2972} INFO - Setting next_dagrun for example_weekday_branch_operator to 2023-11-24T00:00:00+00:00, run_after=2023-11-25T00:00:00+00:00
[2023-11-25 17:43:28,511] {processor.py:161} INFO - Processing /home/airflow/.local/lib/python3.7/site-packages/airflow/example_dags/example_branch_day_of_week_operator.py took 0.119 seconds
[2023-11-25 17:43:59,077] {processor.py:153} INFO - Started process (PID=1856) to work on /home/airflow/.local/lib/python3.7/site-packages/airflow/example_dags/example_branch_day_of_week_operator.py
[2023-11-25 17:43:59,078] {processor.py:641} INFO - Processing file /home/airflow/.local/lib/python3.7/site-packages/airflow/example_dags/example_branch_day_of_week_operator.py for tasks to queue
[2023-11-25 17:43:59,078] {logging_mixin.py:115} INFO - [2023-11-25 17:43:59,078] {dagbag.py:508} INFO - Filling up the DagBag from /home/airflow/.local/lib/python3.7/site-packages/airflow/example_dags/example_branch_day_of_week_operator.py
[2023-11-25 17:43:59,091] {processor.py:651} INFO - DAG(s) dict_keys(['example_weekday_branch_operator']) retrieved from /home/airflow/.local/lib/python3.7/site-packages/airflow/example_dags/example_branch_day_of_week_operator.py
[2023-11-25 17:43:59,133] {logging_mixin.py:115} INFO - [2023-11-25 17:43:59,133] {dag.py:2420} INFO - Sync 1 DAGs
[2023-11-25 17:43:59,164] {logging_mixin.py:115} INFO - [2023-11-25 17:43:59,163] {dag.py:2972} INFO - Setting next_dagrun for example_weekday_branch_operator to 2023-11-24T00:00:00+00:00, run_after=2023-11-25T00:00:00+00:00
[2023-11-25 17:43:59,177] {processor.py:161} INFO - Processing /home/airflow/.local/lib/python3.7/site-packages/airflow/example_dags/example_branch_day_of_week_operator.py took 0.105 seconds
[2023-11-25 17:44:29,952] {processor.py:153} INFO - Started process (PID=1912) to work on /home/airflow/.local/lib/python3.7/site-packages/airflow/example_dags/example_branch_day_of_week_operator.py
[2023-11-25 17:44:29,953] {processor.py:641} INFO - Processing file /home/airflow/.local/lib/python3.7/site-packages/airflow/example_dags/example_branch_day_of_week_operator.py for tasks to queue
[2023-11-25 17:44:29,954] {logging_mixin.py:115} INFO - [2023-11-25 17:44:29,954] {dagbag.py:508} INFO - Filling up the DagBag from /home/airflow/.local/lib/python3.7/site-packages/airflow/example_dags/example_branch_day_of_week_operator.py
[2023-11-25 17:44:29,969] {processor.py:651} INFO - DAG(s) dict_keys(['example_weekday_branch_operator']) retrieved from /home/airflow/.local/lib/python3.7/site-packages/airflow/example_dags/example_branch_day_of_week_operator.py
[2023-11-25 17:44:30,018] {logging_mixin.py:115} INFO - [2023-11-25 17:44:30,017] {dag.py:2420} INFO - Sync 1 DAGs
[2023-11-25 17:44:30,053] {logging_mixin.py:115} INFO - [2023-11-25 17:44:30,053] {dag.py:2972} INFO - Setting next_dagrun for example_weekday_branch_operator to 2023-11-24T00:00:00+00:00, run_after=2023-11-25T00:00:00+00:00
[2023-11-25 17:44:30,069] {processor.py:161} INFO - Processing /home/airflow/.local/lib/python3.7/site-packages/airflow/example_dags/example_branch_day_of_week_operator.py took 0.123 seconds
[2023-11-25 17:45:00,680] {processor.py:153} INFO - Started process (PID=1975) to work on /home/airflow/.local/lib/python3.7/site-packages/airflow/example_dags/example_branch_day_of_week_operator.py
[2023-11-25 17:45:00,681] {processor.py:641} INFO - Processing file /home/airflow/.local/lib/python3.7/site-packages/airflow/example_dags/example_branch_day_of_week_operator.py for tasks to queue
[2023-11-25 17:45:00,682] {logging_mixin.py:115} INFO - [2023-11-25 17:45:00,681] {dagbag.py:508} INFO - Filling up the DagBag from /home/airflow/.local/lib/python3.7/site-packages/airflow/example_dags/example_branch_day_of_week_operator.py
[2023-11-25 17:45:00,694] {processor.py:651} INFO - DAG(s) dict_keys(['example_weekday_branch_operator']) retrieved from /home/airflow/.local/lib/python3.7/site-packages/airflow/example_dags/example_branch_day_of_week_operator.py
[2023-11-25 17:45:00,733] {logging_mixin.py:115} INFO - [2023-11-25 17:45:00,733] {dag.py:2420} INFO - Sync 1 DAGs
[2023-11-25 17:45:00,763] {logging_mixin.py:115} INFO - [2023-11-25 17:45:00,763] {dag.py:2972} INFO - Setting next_dagrun for example_weekday_branch_operator to 2023-11-24T00:00:00+00:00, run_after=2023-11-25T00:00:00+00:00
[2023-11-25 17:45:00,777] {processor.py:161} INFO - Processing /home/airflow/.local/lib/python3.7/site-packages/airflow/example_dags/example_branch_day_of_week_operator.py took 0.101 seconds
[2023-11-25 17:45:31,192] {processor.py:153} INFO - Started process (PID=2038) to work on /home/airflow/.local/lib/python3.7/site-packages/airflow/example_dags/example_branch_day_of_week_operator.py
[2023-11-25 17:45:31,193] {processor.py:641} INFO - Processing file /home/airflow/.local/lib/python3.7/site-packages/airflow/example_dags/example_branch_day_of_week_operator.py for tasks to queue
[2023-11-25 17:45:31,194] {logging_mixin.py:115} INFO - [2023-11-25 17:45:31,194] {dagbag.py:508} INFO - Filling up the DagBag from /home/airflow/.local/lib/python3.7/site-packages/airflow/example_dags/example_branch_day_of_week_operator.py
[2023-11-25 17:45:31,212] {processor.py:651} INFO - DAG(s) dict_keys(['example_weekday_branch_operator']) retrieved from /home/airflow/.local/lib/python3.7/site-packages/airflow/example_dags/example_branch_day_of_week_operator.py
[2023-11-25 17:45:31,278] {logging_mixin.py:115} INFO - [2023-11-25 17:45:31,278] {dag.py:2420} INFO - Sync 1 DAGs
[2023-11-25 17:45:31,332] {logging_mixin.py:115} INFO - [2023-11-25 17:45:31,332] {dag.py:2972} INFO - Setting next_dagrun for example_weekday_branch_operator to 2023-11-24T00:00:00+00:00, run_after=2023-11-25T00:00:00+00:00
[2023-11-25 17:45:31,351] {processor.py:161} INFO - Processing /home/airflow/.local/lib/python3.7/site-packages/airflow/example_dags/example_branch_day_of_week_operator.py took 0.177 seconds
[2023-11-25 17:46:01,397] {processor.py:153} INFO - Started process (PID=2092) to work on /home/airflow/.local/lib/python3.7/site-packages/airflow/example_dags/example_branch_day_of_week_operator.py
[2023-11-25 17:46:01,398] {processor.py:641} INFO - Processing file /home/airflow/.local/lib/python3.7/site-packages/airflow/example_dags/example_branch_day_of_week_operator.py for tasks to queue
[2023-11-25 17:46:01,399] {logging_mixin.py:115} INFO - [2023-11-25 17:46:01,398] {dagbag.py:508} INFO - Filling up the DagBag from /home/airflow/.local/lib/python3.7/site-packages/airflow/example_dags/example_branch_day_of_week_operator.py
[2023-11-25 17:46:01,411] {processor.py:651} INFO - DAG(s) dict_keys(['example_weekday_branch_operator']) retrieved from /home/airflow/.local/lib/python3.7/site-packages/airflow/example_dags/example_branch_day_of_week_operator.py
[2023-11-25 17:46:01,450] {logging_mixin.py:115} INFO - [2023-11-25 17:46:01,450] {dag.py:2420} INFO - Sync 1 DAGs
[2023-11-25 17:46:01,480] {logging_mixin.py:115} INFO - [2023-11-25 17:46:01,480] {dag.py:2972} INFO - Setting next_dagrun for example_weekday_branch_operator to 2023-11-24T00:00:00+00:00, run_after=2023-11-25T00:00:00+00:00
[2023-11-25 17:46:01,495] {processor.py:161} INFO - Processing /home/airflow/.local/lib/python3.7/site-packages/airflow/example_dags/example_branch_day_of_week_operator.py took 0.103 seconds
[2023-11-25 17:46:32,080] {processor.py:153} INFO - Started process (PID=2155) to work on /home/airflow/.local/lib/python3.7/site-packages/airflow/example_dags/example_branch_day_of_week_operator.py
[2023-11-25 17:46:32,090] {processor.py:641} INFO - Processing file /home/airflow/.local/lib/python3.7/site-packages/airflow/example_dags/example_branch_day_of_week_operator.py for tasks to queue
[2023-11-25 17:46:32,091] {logging_mixin.py:115} INFO - [2023-11-25 17:46:32,090] {dagbag.py:508} INFO - Filling up the DagBag from /home/airflow/.local/lib/python3.7/site-packages/airflow/example_dags/example_branch_day_of_week_operator.py
[2023-11-25 17:46:32,111] {processor.py:651} INFO - DAG(s) dict_keys(['example_weekday_branch_operator']) retrieved from /home/airflow/.local/lib/python3.7/site-packages/airflow/example_dags/example_branch_day_of_week_operator.py
[2023-11-25 17:46:32,198] {logging_mixin.py:115} INFO - [2023-11-25 17:46:32,197] {dag.py:2420} INFO - Sync 1 DAGs
[2023-11-25 17:46:32,253] {logging_mixin.py:115} INFO - [2023-11-25 17:46:32,253] {dag.py:2972} INFO - Setting next_dagrun for example_weekday_branch_operator to 2023-11-24T00:00:00+00:00, run_after=2023-11-25T00:00:00+00:00
[2023-11-25 17:46:32,274] {processor.py:161} INFO - Processing /home/airflow/.local/lib/python3.7/site-packages/airflow/example_dags/example_branch_day_of_week_operator.py took 0.200 seconds
[2023-11-25 17:47:02,794] {processor.py:153} INFO - Started process (PID=2217) to work on /home/airflow/.local/lib/python3.7/site-packages/airflow/example_dags/example_branch_day_of_week_operator.py
[2023-11-25 17:47:02,795] {processor.py:641} INFO - Processing file /home/airflow/.local/lib/python3.7/site-packages/airflow/example_dags/example_branch_day_of_week_operator.py for tasks to queue
[2023-11-25 17:47:02,795] {logging_mixin.py:115} INFO - [2023-11-25 17:47:02,795] {dagbag.py:508} INFO - Filling up the DagBag from /home/airflow/.local/lib/python3.7/site-packages/airflow/example_dags/example_branch_day_of_week_operator.py
[2023-11-25 17:47:02,812] {processor.py:651} INFO - DAG(s) dict_keys(['example_weekday_branch_operator']) retrieved from /home/airflow/.local/lib/python3.7/site-packages/airflow/example_dags/example_branch_day_of_week_operator.py
[2023-11-25 17:47:02,877] {logging_mixin.py:115} INFO - [2023-11-25 17:47:02,877] {dag.py:2420} INFO - Sync 1 DAGs
[2023-11-25 17:47:02,932] {logging_mixin.py:115} INFO - [2023-11-25 17:47:02,932] {dag.py:2972} INFO - Setting next_dagrun for example_weekday_branch_operator to 2023-11-24T00:00:00+00:00, run_after=2023-11-25T00:00:00+00:00
[2023-11-25 17:47:02,954] {processor.py:161} INFO - Processing /home/airflow/.local/lib/python3.7/site-packages/airflow/example_dags/example_branch_day_of_week_operator.py took 0.166 seconds
[2023-11-25 17:47:33,200] {processor.py:153} INFO - Started process (PID=2271) to work on /home/airflow/.local/lib/python3.7/site-packages/airflow/example_dags/example_branch_day_of_week_operator.py
[2023-11-25 17:47:33,200] {processor.py:641} INFO - Processing file /home/airflow/.local/lib/python3.7/site-packages/airflow/example_dags/example_branch_day_of_week_operator.py for tasks to queue
[2023-11-25 17:47:33,201] {logging_mixin.py:115} INFO - [2023-11-25 17:47:33,201] {dagbag.py:508} INFO - Filling up the DagBag from /home/airflow/.local/lib/python3.7/site-packages/airflow/example_dags/example_branch_day_of_week_operator.py
[2023-11-25 17:47:33,214] {processor.py:651} INFO - DAG(s) dict_keys(['example_weekday_branch_operator']) retrieved from /home/airflow/.local/lib/python3.7/site-packages/airflow/example_dags/example_branch_day_of_week_operator.py
[2023-11-25 17:47:33,297] {logging_mixin.py:115} INFO - [2023-11-25 17:47:33,297] {dag.py:2420} INFO - Sync 1 DAGs
[2023-11-25 17:47:33,326] {logging_mixin.py:115} INFO - [2023-11-25 17:47:33,326] {dag.py:2972} INFO - Setting next_dagrun for example_weekday_branch_operator to 2023-11-24T00:00:00+00:00, run_after=2023-11-25T00:00:00+00:00
[2023-11-25 17:47:33,339] {processor.py:161} INFO - Processing /home/airflow/.local/lib/python3.7/site-packages/airflow/example_dags/example_branch_day_of_week_operator.py took 0.145 seconds
[2023-11-25 17:48:03,852] {processor.py:153} INFO - Started process (PID=2335) to work on /home/airflow/.local/lib/python3.7/site-packages/airflow/example_dags/example_branch_day_of_week_operator.py
[2023-11-25 17:48:03,852] {processor.py:641} INFO - Processing file /home/airflow/.local/lib/python3.7/site-packages/airflow/example_dags/example_branch_day_of_week_operator.py for tasks to queue
[2023-11-25 17:48:03,853] {logging_mixin.py:115} INFO - [2023-11-25 17:48:03,853] {dagbag.py:508} INFO - Filling up the DagBag from /home/airflow/.local/lib/python3.7/site-packages/airflow/example_dags/example_branch_day_of_week_operator.py
[2023-11-25 17:48:03,865] {processor.py:651} INFO - DAG(s) dict_keys(['example_weekday_branch_operator']) retrieved from /home/airflow/.local/lib/python3.7/site-packages/airflow/example_dags/example_branch_day_of_week_operator.py
[2023-11-25 17:48:03,940] {logging_mixin.py:115} INFO - [2023-11-25 17:48:03,939] {dag.py:2420} INFO - Sync 1 DAGs
[2023-11-25 17:48:03,991] {logging_mixin.py:115} INFO - [2023-11-25 17:48:03,991] {dag.py:2972} INFO - Setting next_dagrun for example_weekday_branch_operator to 2023-11-24T00:00:00+00:00, run_after=2023-11-25T00:00:00+00:00
[2023-11-25 17:48:04,004] {processor.py:161} INFO - Processing /home/airflow/.local/lib/python3.7/site-packages/airflow/example_dags/example_branch_day_of_week_operator.py took 0.158 seconds
[2023-11-25 17:48:34,792] {processor.py:153} INFO - Started process (PID=2398) to work on /home/airflow/.local/lib/python3.7/site-packages/airflow/example_dags/example_branch_day_of_week_operator.py
[2023-11-25 17:48:34,793] {processor.py:641} INFO - Processing file /home/airflow/.local/lib/python3.7/site-packages/airflow/example_dags/example_branch_day_of_week_operator.py for tasks to queue
[2023-11-25 17:48:34,794] {logging_mixin.py:115} INFO - [2023-11-25 17:48:34,794] {dagbag.py:508} INFO - Filling up the DagBag from /home/airflow/.local/lib/python3.7/site-packages/airflow/example_dags/example_branch_day_of_week_operator.py
[2023-11-25 17:48:34,810] {processor.py:651} INFO - DAG(s) dict_keys(['example_weekday_branch_operator']) retrieved from /home/airflow/.local/lib/python3.7/site-packages/airflow/example_dags/example_branch_day_of_week_operator.py
[2023-11-25 17:48:34,873] {logging_mixin.py:115} INFO - [2023-11-25 17:48:34,873] {dag.py:2420} INFO - Sync 1 DAGs
[2023-11-25 17:48:34,915] {logging_mixin.py:115} INFO - [2023-11-25 17:48:34,915] {dag.py:2972} INFO - Setting next_dagrun for example_weekday_branch_operator to 2023-11-24T00:00:00+00:00, run_after=2023-11-25T00:00:00+00:00
[2023-11-25 17:48:34,937] {processor.py:161} INFO - Processing /home/airflow/.local/lib/python3.7/site-packages/airflow/example_dags/example_branch_day_of_week_operator.py took 0.149 seconds
[2023-11-25 17:49:05,376] {processor.py:153} INFO - Started process (PID=2455) to work on /home/airflow/.local/lib/python3.7/site-packages/airflow/example_dags/example_branch_day_of_week_operator.py
[2023-11-25 17:49:05,377] {processor.py:641} INFO - Processing file /home/airflow/.local/lib/python3.7/site-packages/airflow/example_dags/example_branch_day_of_week_operator.py for tasks to queue
[2023-11-25 17:49:05,378] {logging_mixin.py:115} INFO - [2023-11-25 17:49:05,378] {dagbag.py:508} INFO - Filling up the DagBag from /home/airflow/.local/lib/python3.7/site-packages/airflow/example_dags/example_branch_day_of_week_operator.py
[2023-11-25 17:49:05,389] {processor.py:651} INFO - DAG(s) dict_keys(['example_weekday_branch_operator']) retrieved from /home/airflow/.local/lib/python3.7/site-packages/airflow/example_dags/example_branch_day_of_week_operator.py
[2023-11-25 17:49:05,428] {logging_mixin.py:115} INFO - [2023-11-25 17:49:05,428] {dag.py:2420} INFO - Sync 1 DAGs
[2023-11-25 17:49:05,458] {logging_mixin.py:115} INFO - [2023-11-25 17:49:05,458] {dag.py:2972} INFO - Setting next_dagrun for example_weekday_branch_operator to 2023-11-24T00:00:00+00:00, run_after=2023-11-25T00:00:00+00:00
[2023-11-25 17:49:05,471] {processor.py:161} INFO - Processing /home/airflow/.local/lib/python3.7/site-packages/airflow/example_dags/example_branch_day_of_week_operator.py took 0.100 seconds
[2023-11-25 17:49:35,678] {processor.py:153} INFO - Started process (PID=2518) to work on /home/airflow/.local/lib/python3.7/site-packages/airflow/example_dags/example_branch_day_of_week_operator.py
[2023-11-25 17:49:35,679] {processor.py:641} INFO - Processing file /home/airflow/.local/lib/python3.7/site-packages/airflow/example_dags/example_branch_day_of_week_operator.py for tasks to queue
[2023-11-25 17:49:35,680] {logging_mixin.py:115} INFO - [2023-11-25 17:49:35,680] {dagbag.py:508} INFO - Filling up the DagBag from /home/airflow/.local/lib/python3.7/site-packages/airflow/example_dags/example_branch_day_of_week_operator.py
[2023-11-25 17:49:35,691] {processor.py:651} INFO - DAG(s) dict_keys(['example_weekday_branch_operator']) retrieved from /home/airflow/.local/lib/python3.7/site-packages/airflow/example_dags/example_branch_day_of_week_operator.py
[2023-11-25 17:49:35,733] {logging_mixin.py:115} INFO - [2023-11-25 17:49:35,733] {dag.py:2420} INFO - Sync 1 DAGs
[2023-11-25 17:49:35,763] {logging_mixin.py:115} INFO - [2023-11-25 17:49:35,763] {dag.py:2972} INFO - Setting next_dagrun for example_weekday_branch_operator to 2023-11-24T00:00:00+00:00, run_after=2023-11-25T00:00:00+00:00
[2023-11-25 17:49:35,775] {processor.py:161} INFO - Processing /home/airflow/.local/lib/python3.7/site-packages/airflow/example_dags/example_branch_day_of_week_operator.py took 0.101 seconds
[2023-11-25 17:50:06,142] {processor.py:153} INFO - Started process (PID=2573) to work on /home/airflow/.local/lib/python3.7/site-packages/airflow/example_dags/example_branch_day_of_week_operator.py
[2023-11-25 17:50:06,143] {processor.py:641} INFO - Processing file /home/airflow/.local/lib/python3.7/site-packages/airflow/example_dags/example_branch_day_of_week_operator.py for tasks to queue
[2023-11-25 17:50:06,143] {logging_mixin.py:115} INFO - [2023-11-25 17:50:06,143] {dagbag.py:508} INFO - Filling up the DagBag from /home/airflow/.local/lib/python3.7/site-packages/airflow/example_dags/example_branch_day_of_week_operator.py
[2023-11-25 17:50:06,158] {processor.py:651} INFO - DAG(s) dict_keys(['example_weekday_branch_operator']) retrieved from /home/airflow/.local/lib/python3.7/site-packages/airflow/example_dags/example_branch_day_of_week_operator.py
[2023-11-25 17:50:06,232] {logging_mixin.py:115} INFO - [2023-11-25 17:50:06,232] {dag.py:2420} INFO - Sync 1 DAGs
[2023-11-25 17:50:06,278] {logging_mixin.py:115} INFO - [2023-11-25 17:50:06,278] {dag.py:2972} INFO - Setting next_dagrun for example_weekday_branch_operator to 2023-11-24T00:00:00+00:00, run_after=2023-11-25T00:00:00+00:00
[2023-11-25 17:50:06,312] {processor.py:161} INFO - Processing /home/airflow/.local/lib/python3.7/site-packages/airflow/example_dags/example_branch_day_of_week_operator.py took 0.175 seconds
[2023-11-25 17:50:36,599] {processor.py:153} INFO - Started process (PID=2635) to work on /home/airflow/.local/lib/python3.7/site-packages/airflow/example_dags/example_branch_day_of_week_operator.py
[2023-11-25 17:50:36,600] {processor.py:641} INFO - Processing file /home/airflow/.local/lib/python3.7/site-packages/airflow/example_dags/example_branch_day_of_week_operator.py for tasks to queue
[2023-11-25 17:50:36,601] {logging_mixin.py:115} INFO - [2023-11-25 17:50:36,600] {dagbag.py:508} INFO - Filling up the DagBag from /home/airflow/.local/lib/python3.7/site-packages/airflow/example_dags/example_branch_day_of_week_operator.py
[2023-11-25 17:50:36,612] {processor.py:651} INFO - DAG(s) dict_keys(['example_weekday_branch_operator']) retrieved from /home/airflow/.local/lib/python3.7/site-packages/airflow/example_dags/example_branch_day_of_week_operator.py
[2023-11-25 17:50:36,653] {logging_mixin.py:115} INFO - [2023-11-25 17:50:36,653] {dag.py:2420} INFO - Sync 1 DAGs
[2023-11-25 17:50:36,682] {logging_mixin.py:115} INFO - [2023-11-25 17:50:36,682] {dag.py:2972} INFO - Setting next_dagrun for example_weekday_branch_operator to 2023-11-24T00:00:00+00:00, run_after=2023-11-25T00:00:00+00:00
[2023-11-25 17:50:36,695] {processor.py:161} INFO - Processing /home/airflow/.local/lib/python3.7/site-packages/airflow/example_dags/example_branch_day_of_week_operator.py took 0.100 seconds
[2023-11-25 17:51:07,224] {processor.py:153} INFO - Started process (PID=2697) to work on /home/airflow/.local/lib/python3.7/site-packages/airflow/example_dags/example_branch_day_of_week_operator.py
[2023-11-25 17:51:07,225] {processor.py:641} INFO - Processing file /home/airflow/.local/lib/python3.7/site-packages/airflow/example_dags/example_branch_day_of_week_operator.py for tasks to queue
[2023-11-25 17:51:07,226] {logging_mixin.py:115} INFO - [2023-11-25 17:51:07,226] {dagbag.py:508} INFO - Filling up the DagBag from /home/airflow/.local/lib/python3.7/site-packages/airflow/example_dags/example_branch_day_of_week_operator.py
[2023-11-25 17:51:07,237] {processor.py:651} INFO - DAG(s) dict_keys(['example_weekday_branch_operator']) retrieved from /home/airflow/.local/lib/python3.7/site-packages/airflow/example_dags/example_branch_day_of_week_operator.py
[2023-11-25 17:51:07,276] {logging_mixin.py:115} INFO - [2023-11-25 17:51:07,276] {dag.py:2420} INFO - Sync 1 DAGs
[2023-11-25 17:51:07,305] {logging_mixin.py:115} INFO - [2023-11-25 17:51:07,305] {dag.py:2972} INFO - Setting next_dagrun for example_weekday_branch_operator to 2023-11-24T00:00:00+00:00, run_after=2023-11-25T00:00:00+00:00
[2023-11-25 17:51:07,321] {processor.py:161} INFO - Processing /home/airflow/.local/lib/python3.7/site-packages/airflow/example_dags/example_branch_day_of_week_operator.py took 0.102 seconds
[2023-11-25 17:51:37,772] {processor.py:153} INFO - Started process (PID=2750) to work on /home/airflow/.local/lib/python3.7/site-packages/airflow/example_dags/example_branch_day_of_week_operator.py
[2023-11-25 17:51:37,773] {processor.py:641} INFO - Processing file /home/airflow/.local/lib/python3.7/site-packages/airflow/example_dags/example_branch_day_of_week_operator.py for tasks to queue
[2023-11-25 17:51:37,774] {logging_mixin.py:115} INFO - [2023-11-25 17:51:37,774] {dagbag.py:508} INFO - Filling up the DagBag from /home/airflow/.local/lib/python3.7/site-packages/airflow/example_dags/example_branch_day_of_week_operator.py
[2023-11-25 17:51:37,793] {processor.py:651} INFO - DAG(s) dict_keys(['example_weekday_branch_operator']) retrieved from /home/airflow/.local/lib/python3.7/site-packages/airflow/example_dags/example_branch_day_of_week_operator.py
[2023-11-25 17:51:37,845] {logging_mixin.py:115} INFO - [2023-11-25 17:51:37,845] {dag.py:2420} INFO - Sync 1 DAGs
[2023-11-25 17:51:37,878] {logging_mixin.py:115} INFO - [2023-11-25 17:51:37,878] {dag.py:2972} INFO - Setting next_dagrun for example_weekday_branch_operator to 2023-11-24T00:00:00+00:00, run_after=2023-11-25T00:00:00+00:00
[2023-11-25 17:51:37,896] {processor.py:161} INFO - Processing /home/airflow/.local/lib/python3.7/site-packages/airflow/example_dags/example_branch_day_of_week_operator.py took 0.139 seconds
[2023-11-25 17:52:08,021] {processor.py:153} INFO - Started process (PID=2812) to work on /home/airflow/.local/lib/python3.7/site-packages/airflow/example_dags/example_branch_day_of_week_operator.py
[2023-11-25 17:52:08,022] {processor.py:641} INFO - Processing file /home/airflow/.local/lib/python3.7/site-packages/airflow/example_dags/example_branch_day_of_week_operator.py for tasks to queue
[2023-11-25 17:52:08,023] {logging_mixin.py:115} INFO - [2023-11-25 17:52:08,023] {dagbag.py:508} INFO - Filling up the DagBag from /home/airflow/.local/lib/python3.7/site-packages/airflow/example_dags/example_branch_day_of_week_operator.py
[2023-11-25 17:52:08,034] {processor.py:651} INFO - DAG(s) dict_keys(['example_weekday_branch_operator']) retrieved from /home/airflow/.local/lib/python3.7/site-packages/airflow/example_dags/example_branch_day_of_week_operator.py
[2023-11-25 17:52:08,114] {logging_mixin.py:115} INFO - [2023-11-25 17:52:08,114] {dag.py:2420} INFO - Sync 1 DAGs
[2023-11-25 17:52:08,178] {logging_mixin.py:115} INFO - [2023-11-25 17:52:08,177] {dag.py:2972} INFO - Setting next_dagrun for example_weekday_branch_operator to 2023-11-24T00:00:00+00:00, run_after=2023-11-25T00:00:00+00:00
[2023-11-25 17:52:08,213] {processor.py:161} INFO - Processing /home/airflow/.local/lib/python3.7/site-packages/airflow/example_dags/example_branch_day_of_week_operator.py took 0.198 seconds
[2023-11-25 17:52:38,658] {processor.py:153} INFO - Started process (PID=2865) to work on /home/airflow/.local/lib/python3.7/site-packages/airflow/example_dags/example_branch_day_of_week_operator.py
[2023-11-25 17:52:38,659] {processor.py:641} INFO - Processing file /home/airflow/.local/lib/python3.7/site-packages/airflow/example_dags/example_branch_day_of_week_operator.py for tasks to queue
[2023-11-25 17:52:38,660] {logging_mixin.py:115} INFO - [2023-11-25 17:52:38,659] {dagbag.py:508} INFO - Filling up the DagBag from /home/airflow/.local/lib/python3.7/site-packages/airflow/example_dags/example_branch_day_of_week_operator.py
[2023-11-25 17:52:38,672] {processor.py:651} INFO - DAG(s) dict_keys(['example_weekday_branch_operator']) retrieved from /home/airflow/.local/lib/python3.7/site-packages/airflow/example_dags/example_branch_day_of_week_operator.py
[2023-11-25 17:52:38,716] {logging_mixin.py:115} INFO - [2023-11-25 17:52:38,716] {dag.py:2420} INFO - Sync 1 DAGs
[2023-11-25 17:52:38,747] {logging_mixin.py:115} INFO - [2023-11-25 17:52:38,747] {dag.py:2972} INFO - Setting next_dagrun for example_weekday_branch_operator to 2023-11-24T00:00:00+00:00, run_after=2023-11-25T00:00:00+00:00
[2023-11-25 17:52:38,761] {processor.py:161} INFO - Processing /home/airflow/.local/lib/python3.7/site-packages/airflow/example_dags/example_branch_day_of_week_operator.py took 0.108 seconds
[2023-11-25 17:53:09,106] {processor.py:153} INFO - Started process (PID=2926) to work on /home/airflow/.local/lib/python3.7/site-packages/airflow/example_dags/example_branch_day_of_week_operator.py
[2023-11-25 17:53:09,109] {processor.py:641} INFO - Processing file /home/airflow/.local/lib/python3.7/site-packages/airflow/example_dags/example_branch_day_of_week_operator.py for tasks to queue
[2023-11-25 17:53:09,110] {logging_mixin.py:115} INFO - [2023-11-25 17:53:09,110] {dagbag.py:508} INFO - Filling up the DagBag from /home/airflow/.local/lib/python3.7/site-packages/airflow/example_dags/example_branch_day_of_week_operator.py
[2023-11-25 17:53:09,123] {processor.py:651} INFO - DAG(s) dict_keys(['example_weekday_branch_operator']) retrieved from /home/airflow/.local/lib/python3.7/site-packages/airflow/example_dags/example_branch_day_of_week_operator.py
[2023-11-25 17:53:09,170] {logging_mixin.py:115} INFO - [2023-11-25 17:53:09,170] {dag.py:2420} INFO - Sync 1 DAGs
[2023-11-25 17:53:09,205] {logging_mixin.py:115} INFO - [2023-11-25 17:53:09,205] {dag.py:2972} INFO - Setting next_dagrun for example_weekday_branch_operator to 2023-11-24T00:00:00+00:00, run_after=2023-11-25T00:00:00+00:00
[2023-11-25 17:53:09,221] {processor.py:161} INFO - Processing /home/airflow/.local/lib/python3.7/site-packages/airflow/example_dags/example_branch_day_of_week_operator.py took 0.121 seconds
[2023-11-25 17:53:40,175] {processor.py:153} INFO - Started process (PID=2989) to work on /home/airflow/.local/lib/python3.7/site-packages/airflow/example_dags/example_branch_day_of_week_operator.py
[2023-11-25 17:53:40,177] {processor.py:641} INFO - Processing file /home/airflow/.local/lib/python3.7/site-packages/airflow/example_dags/example_branch_day_of_week_operator.py for tasks to queue
[2023-11-25 17:53:40,177] {logging_mixin.py:115} INFO - [2023-11-25 17:53:40,177] {dagbag.py:508} INFO - Filling up the DagBag from /home/airflow/.local/lib/python3.7/site-packages/airflow/example_dags/example_branch_day_of_week_operator.py
[2023-11-25 17:53:40,190] {processor.py:651} INFO - DAG(s) dict_keys(['example_weekday_branch_operator']) retrieved from /home/airflow/.local/lib/python3.7/site-packages/airflow/example_dags/example_branch_day_of_week_operator.py
[2023-11-25 17:53:40,261] {logging_mixin.py:115} INFO - [2023-11-25 17:53:40,260] {dag.py:2420} INFO - Sync 1 DAGs
[2023-11-25 17:53:40,330] {logging_mixin.py:115} INFO - [2023-11-25 17:53:40,317] {dag.py:2972} INFO - Setting next_dagrun for example_weekday_branch_operator to 2023-11-24T00:00:00+00:00, run_after=2023-11-25T00:00:00+00:00
[2023-11-25 17:53:40,356] {processor.py:161} INFO - Processing /home/airflow/.local/lib/python3.7/site-packages/airflow/example_dags/example_branch_day_of_week_operator.py took 0.186 seconds
[2023-11-25 17:54:10,666] {processor.py:153} INFO - Started process (PID=3043) to work on /home/airflow/.local/lib/python3.7/site-packages/airflow/example_dags/example_branch_day_of_week_operator.py
[2023-11-25 17:54:10,667] {processor.py:641} INFO - Processing file /home/airflow/.local/lib/python3.7/site-packages/airflow/example_dags/example_branch_day_of_week_operator.py for tasks to queue
[2023-11-25 17:54:10,668] {logging_mixin.py:115} INFO - [2023-11-25 17:54:10,667] {dagbag.py:508} INFO - Filling up the DagBag from /home/airflow/.local/lib/python3.7/site-packages/airflow/example_dags/example_branch_day_of_week_operator.py
[2023-11-25 17:54:10,680] {processor.py:651} INFO - DAG(s) dict_keys(['example_weekday_branch_operator']) retrieved from /home/airflow/.local/lib/python3.7/site-packages/airflow/example_dags/example_branch_day_of_week_operator.py
[2023-11-25 17:54:10,730] {logging_mixin.py:115} INFO - [2023-11-25 17:54:10,730] {dag.py:2420} INFO - Sync 1 DAGs
[2023-11-25 17:54:10,772] {logging_mixin.py:115} INFO - [2023-11-25 17:54:10,771] {dag.py:2972} INFO - Setting next_dagrun for example_weekday_branch_operator to 2023-11-24T00:00:00+00:00, run_after=2023-11-25T00:00:00+00:00
[2023-11-25 17:54:10,790] {processor.py:161} INFO - Processing /home/airflow/.local/lib/python3.7/site-packages/airflow/example_dags/example_branch_day_of_week_operator.py took 0.130 seconds
