[2023-11-25 17:28:35,659] {processor.py:153} INFO - Started process (PID=99) to work on /home/airflow/.local/lib/python3.7/site-packages/airflow/example_dags/example_branch_python_dop_operator_3.py
[2023-11-25 17:28:35,660] {processor.py:641} INFO - Processing file /home/airflow/.local/lib/python3.7/site-packages/airflow/example_dags/example_branch_python_dop_operator_3.py for tasks to queue
[2023-11-25 17:28:35,661] {logging_mixin.py:115} INFO - [2023-11-25 17:28:35,661] {dagbag.py:508} INFO - Filling up the DagBag from /home/airflow/.local/lib/python3.7/site-packages/airflow/example_dags/example_branch_python_dop_operator_3.py
[2023-11-25 17:28:35,696] {processor.py:651} INFO - DAG(s) dict_keys(['example_branch_dop_operator_v3']) retrieved from /home/airflow/.local/lib/python3.7/site-packages/airflow/example_dags/example_branch_python_dop_operator_3.py
[2023-11-25 17:28:36,055] {logging_mixin.py:115} INFO - [2023-11-25 17:28:36,055] {manager.py:508} INFO - Created Permission View: can delete on DAG:example_branch_dop_operator_v3
[2023-11-25 17:28:36,097] {logging_mixin.py:115} INFO - [2023-11-25 17:28:36,097] {manager.py:508} INFO - Created Permission View: can edit on DAG:example_branch_dop_operator_v3
[2023-11-25 17:28:36,170] {logging_mixin.py:115} INFO - [2023-11-25 17:28:36,170] {manager.py:508} INFO - Created Permission View: can read on DAG:example_branch_dop_operator_v3
[2023-11-25 17:28:36,171] {logging_mixin.py:115} INFO - [2023-11-25 17:28:36,171] {dag.py:2420} INFO - Sync 1 DAGs
[2023-11-25 17:28:36,215] {logging_mixin.py:115} INFO - [2023-11-25 17:28:36,215] {dag.py:2439} INFO - Creating ORM DAG for example_branch_dop_operator_v3
[2023-11-25 17:28:36,298] {logging_mixin.py:115} INFO - [2023-11-25 17:28:36,298] {dag.py:2972} INFO - Setting next_dagrun for example_branch_dop_operator_v3 to 2023-11-25T17:27:00+00:00, run_after=2023-11-25T17:28:00+00:00
[2023-11-25 17:28:36,430] {processor.py:161} INFO - Processing /home/airflow/.local/lib/python3.7/site-packages/airflow/example_dags/example_branch_python_dop_operator_3.py took 0.776 seconds
[2023-11-25 17:29:08,264] {processor.py:153} INFO - Started process (PID=152) to work on /home/airflow/.local/lib/python3.7/site-packages/airflow/example_dags/example_branch_python_dop_operator_3.py
[2023-11-25 17:29:08,270] {processor.py:641} INFO - Processing file /home/airflow/.local/lib/python3.7/site-packages/airflow/example_dags/example_branch_python_dop_operator_3.py for tasks to queue
[2023-11-25 17:29:08,271] {logging_mixin.py:115} INFO - [2023-11-25 17:29:08,271] {dagbag.py:508} INFO - Filling up the DagBag from /home/airflow/.local/lib/python3.7/site-packages/airflow/example_dags/example_branch_python_dop_operator_3.py
[2023-11-25 17:29:08,292] {processor.py:651} INFO - DAG(s) dict_keys(['example_branch_dop_operator_v3']) retrieved from /home/airflow/.local/lib/python3.7/site-packages/airflow/example_dags/example_branch_python_dop_operator_3.py
[2023-11-25 17:29:08,372] {logging_mixin.py:115} INFO - [2023-11-25 17:29:08,372] {dag.py:2420} INFO - Sync 1 DAGs
[2023-11-25 17:29:08,450] {logging_mixin.py:115} INFO - [2023-11-25 17:29:08,449] {dag.py:2972} INFO - Setting next_dagrun for example_branch_dop_operator_v3 to 2023-11-25T17:28:00+00:00, run_after=2023-11-25T17:29:00+00:00
[2023-11-25 17:29:08,771] {processor.py:161} INFO - Processing /home/airflow/.local/lib/python3.7/site-packages/airflow/example_dags/example_branch_python_dop_operator_3.py took 0.512 seconds
[2023-11-25 17:29:39,310] {processor.py:153} INFO - Started process (PID=213) to work on /home/airflow/.local/lib/python3.7/site-packages/airflow/example_dags/example_branch_python_dop_operator_3.py
[2023-11-25 17:29:39,311] {processor.py:641} INFO - Processing file /home/airflow/.local/lib/python3.7/site-packages/airflow/example_dags/example_branch_python_dop_operator_3.py for tasks to queue
[2023-11-25 17:29:39,312] {logging_mixin.py:115} INFO - [2023-11-25 17:29:39,312] {dagbag.py:508} INFO - Filling up the DagBag from /home/airflow/.local/lib/python3.7/site-packages/airflow/example_dags/example_branch_python_dop_operator_3.py
[2023-11-25 17:29:39,334] {processor.py:651} INFO - DAG(s) dict_keys(['example_branch_dop_operator_v3']) retrieved from /home/airflow/.local/lib/python3.7/site-packages/airflow/example_dags/example_branch_python_dop_operator_3.py
[2023-11-25 17:29:39,374] {logging_mixin.py:115} INFO - [2023-11-25 17:29:39,374] {dag.py:2420} INFO - Sync 1 DAGs
[2023-11-25 17:29:39,417] {logging_mixin.py:115} INFO - [2023-11-25 17:29:39,417] {dag.py:2972} INFO - Setting next_dagrun for example_branch_dop_operator_v3 to 2023-11-25T17:28:00+00:00, run_after=2023-11-25T17:29:00+00:00
[2023-11-25 17:29:39,450] {processor.py:161} INFO - Processing /home/airflow/.local/lib/python3.7/site-packages/airflow/example_dags/example_branch_python_dop_operator_3.py took 0.150 seconds
[2023-11-25 17:30:09,544] {processor.py:153} INFO - Started process (PID=265) to work on /home/airflow/.local/lib/python3.7/site-packages/airflow/example_dags/example_branch_python_dop_operator_3.py
[2023-11-25 17:30:09,544] {processor.py:641} INFO - Processing file /home/airflow/.local/lib/python3.7/site-packages/airflow/example_dags/example_branch_python_dop_operator_3.py for tasks to queue
[2023-11-25 17:30:09,545] {logging_mixin.py:115} INFO - [2023-11-25 17:30:09,545] {dagbag.py:508} INFO - Filling up the DagBag from /home/airflow/.local/lib/python3.7/site-packages/airflow/example_dags/example_branch_python_dop_operator_3.py
[2023-11-25 17:30:09,558] {processor.py:651} INFO - DAG(s) dict_keys(['example_branch_dop_operator_v3']) retrieved from /home/airflow/.local/lib/python3.7/site-packages/airflow/example_dags/example_branch_python_dop_operator_3.py
[2023-11-25 17:30:09,597] {logging_mixin.py:115} INFO - [2023-11-25 17:30:09,596] {dag.py:2420} INFO - Sync 1 DAGs
[2023-11-25 17:30:09,629] {logging_mixin.py:115} INFO - [2023-11-25 17:30:09,629] {dag.py:2972} INFO - Setting next_dagrun for example_branch_dop_operator_v3 to 2023-11-25T17:29:00+00:00, run_after=2023-11-25T17:30:00+00:00
[2023-11-25 17:30:09,642] {processor.py:161} INFO - Processing /home/airflow/.local/lib/python3.7/site-packages/airflow/example_dags/example_branch_python_dop_operator_3.py took 0.104 seconds
[2023-11-25 17:30:39,817] {processor.py:153} INFO - Started process (PID=326) to work on /home/airflow/.local/lib/python3.7/site-packages/airflow/example_dags/example_branch_python_dop_operator_3.py
[2023-11-25 17:30:39,818] {processor.py:641} INFO - Processing file /home/airflow/.local/lib/python3.7/site-packages/airflow/example_dags/example_branch_python_dop_operator_3.py for tasks to queue
[2023-11-25 17:30:39,818] {logging_mixin.py:115} INFO - [2023-11-25 17:30:39,818] {dagbag.py:508} INFO - Filling up the DagBag from /home/airflow/.local/lib/python3.7/site-packages/airflow/example_dags/example_branch_python_dop_operator_3.py
[2023-11-25 17:30:39,833] {processor.py:651} INFO - DAG(s) dict_keys(['example_branch_dop_operator_v3']) retrieved from /home/airflow/.local/lib/python3.7/site-packages/airflow/example_dags/example_branch_python_dop_operator_3.py
[2023-11-25 17:30:39,874] {logging_mixin.py:115} INFO - [2023-11-25 17:30:39,874] {dag.py:2420} INFO - Sync 1 DAGs
[2023-11-25 17:30:39,909] {logging_mixin.py:115} INFO - [2023-11-25 17:30:39,909] {dag.py:2972} INFO - Setting next_dagrun for example_branch_dop_operator_v3 to 2023-11-25T17:29:00+00:00, run_after=2023-11-25T17:30:00+00:00
[2023-11-25 17:30:39,925] {processor.py:161} INFO - Processing /home/airflow/.local/lib/python3.7/site-packages/airflow/example_dags/example_branch_python_dop_operator_3.py took 0.112 seconds
[2023-11-25 17:31:10,618] {processor.py:153} INFO - Started process (PID=385) to work on /home/airflow/.local/lib/python3.7/site-packages/airflow/example_dags/example_branch_python_dop_operator_3.py
[2023-11-25 17:31:10,618] {processor.py:641} INFO - Processing file /home/airflow/.local/lib/python3.7/site-packages/airflow/example_dags/example_branch_python_dop_operator_3.py for tasks to queue
[2023-11-25 17:31:10,619] {logging_mixin.py:115} INFO - [2023-11-25 17:31:10,619] {dagbag.py:508} INFO - Filling up the DagBag from /home/airflow/.local/lib/python3.7/site-packages/airflow/example_dags/example_branch_python_dop_operator_3.py
[2023-11-25 17:31:10,643] {processor.py:651} INFO - DAG(s) dict_keys(['example_branch_dop_operator_v3']) retrieved from /home/airflow/.local/lib/python3.7/site-packages/airflow/example_dags/example_branch_python_dop_operator_3.py
[2023-11-25 17:31:10,690] {logging_mixin.py:115} INFO - [2023-11-25 17:31:10,690] {dag.py:2420} INFO - Sync 1 DAGs
[2023-11-25 17:31:10,724] {logging_mixin.py:115} INFO - [2023-11-25 17:31:10,724] {dag.py:2972} INFO - Setting next_dagrun for example_branch_dop_operator_v3 to 2023-11-25T17:30:00+00:00, run_after=2023-11-25T17:31:00+00:00
[2023-11-25 17:31:10,738] {processor.py:161} INFO - Processing /home/airflow/.local/lib/python3.7/site-packages/airflow/example_dags/example_branch_python_dop_operator_3.py took 0.126 seconds
[2023-11-25 17:31:41,157] {processor.py:153} INFO - Started process (PID=439) to work on /home/airflow/.local/lib/python3.7/site-packages/airflow/example_dags/example_branch_python_dop_operator_3.py
[2023-11-25 17:31:41,158] {processor.py:641} INFO - Processing file /home/airflow/.local/lib/python3.7/site-packages/airflow/example_dags/example_branch_python_dop_operator_3.py for tasks to queue
[2023-11-25 17:31:41,159] {logging_mixin.py:115} INFO - [2023-11-25 17:31:41,159] {dagbag.py:508} INFO - Filling up the DagBag from /home/airflow/.local/lib/python3.7/site-packages/airflow/example_dags/example_branch_python_dop_operator_3.py
[2023-11-25 17:31:41,190] {processor.py:651} INFO - DAG(s) dict_keys(['example_branch_dop_operator_v3']) retrieved from /home/airflow/.local/lib/python3.7/site-packages/airflow/example_dags/example_branch_python_dop_operator_3.py
[2023-11-25 17:31:41,241] {logging_mixin.py:115} INFO - [2023-11-25 17:31:41,240] {dag.py:2420} INFO - Sync 1 DAGs
[2023-11-25 17:31:41,293] {logging_mixin.py:115} INFO - [2023-11-25 17:31:41,293] {dag.py:2972} INFO - Setting next_dagrun for example_branch_dop_operator_v3 to 2023-11-25T17:30:00+00:00, run_after=2023-11-25T17:31:00+00:00
[2023-11-25 17:31:41,316] {processor.py:161} INFO - Processing /home/airflow/.local/lib/python3.7/site-packages/airflow/example_dags/example_branch_python_dop_operator_3.py took 0.164 seconds
[2023-11-25 17:32:11,925] {processor.py:153} INFO - Started process (PID=500) to work on /home/airflow/.local/lib/python3.7/site-packages/airflow/example_dags/example_branch_python_dop_operator_3.py
[2023-11-25 17:32:11,926] {processor.py:641} INFO - Processing file /home/airflow/.local/lib/python3.7/site-packages/airflow/example_dags/example_branch_python_dop_operator_3.py for tasks to queue
[2023-11-25 17:32:11,927] {logging_mixin.py:115} INFO - [2023-11-25 17:32:11,927] {dagbag.py:508} INFO - Filling up the DagBag from /home/airflow/.local/lib/python3.7/site-packages/airflow/example_dags/example_branch_python_dop_operator_3.py
[2023-11-25 17:32:11,940] {processor.py:651} INFO - DAG(s) dict_keys(['example_branch_dop_operator_v3']) retrieved from /home/airflow/.local/lib/python3.7/site-packages/airflow/example_dags/example_branch_python_dop_operator_3.py
[2023-11-25 17:32:11,979] {logging_mixin.py:115} INFO - [2023-11-25 17:32:11,979] {dag.py:2420} INFO - Sync 1 DAGs
[2023-11-25 17:32:12,013] {logging_mixin.py:115} INFO - [2023-11-25 17:32:12,013] {dag.py:2972} INFO - Setting next_dagrun for example_branch_dop_operator_v3 to 2023-11-25T17:31:00+00:00, run_after=2023-11-25T17:32:00+00:00
[2023-11-25 17:32:12,027] {processor.py:161} INFO - Processing /home/airflow/.local/lib/python3.7/site-packages/airflow/example_dags/example_branch_python_dop_operator_3.py took 0.107 seconds
[2023-11-25 17:32:42,478] {processor.py:153} INFO - Started process (PID=552) to work on /home/airflow/.local/lib/python3.7/site-packages/airflow/example_dags/example_branch_python_dop_operator_3.py
[2023-11-25 17:32:42,479] {processor.py:641} INFO - Processing file /home/airflow/.local/lib/python3.7/site-packages/airflow/example_dags/example_branch_python_dop_operator_3.py for tasks to queue
[2023-11-25 17:32:42,480] {logging_mixin.py:115} INFO - [2023-11-25 17:32:42,480] {dagbag.py:508} INFO - Filling up the DagBag from /home/airflow/.local/lib/python3.7/site-packages/airflow/example_dags/example_branch_python_dop_operator_3.py
[2023-11-25 17:32:42,493] {processor.py:651} INFO - DAG(s) dict_keys(['example_branch_dop_operator_v3']) retrieved from /home/airflow/.local/lib/python3.7/site-packages/airflow/example_dags/example_branch_python_dop_operator_3.py
[2023-11-25 17:32:42,533] {logging_mixin.py:115} INFO - [2023-11-25 17:32:42,533] {dag.py:2420} INFO - Sync 1 DAGs
[2023-11-25 17:32:42,568] {logging_mixin.py:115} INFO - [2023-11-25 17:32:42,567] {dag.py:2972} INFO - Setting next_dagrun for example_branch_dop_operator_v3 to 2023-11-25T17:31:00+00:00, run_after=2023-11-25T17:32:00+00:00
[2023-11-25 17:32:42,584] {processor.py:161} INFO - Processing /home/airflow/.local/lib/python3.7/site-packages/airflow/example_dags/example_branch_python_dop_operator_3.py took 0.111 seconds
[2023-11-25 17:33:12,906] {processor.py:153} INFO - Started process (PID=613) to work on /home/airflow/.local/lib/python3.7/site-packages/airflow/example_dags/example_branch_python_dop_operator_3.py
[2023-11-25 17:33:12,907] {processor.py:641} INFO - Processing file /home/airflow/.local/lib/python3.7/site-packages/airflow/example_dags/example_branch_python_dop_operator_3.py for tasks to queue
[2023-11-25 17:33:12,908] {logging_mixin.py:115} INFO - [2023-11-25 17:33:12,908] {dagbag.py:508} INFO - Filling up the DagBag from /home/airflow/.local/lib/python3.7/site-packages/airflow/example_dags/example_branch_python_dop_operator_3.py
[2023-11-25 17:33:12,920] {processor.py:651} INFO - DAG(s) dict_keys(['example_branch_dop_operator_v3']) retrieved from /home/airflow/.local/lib/python3.7/site-packages/airflow/example_dags/example_branch_python_dop_operator_3.py
[2023-11-25 17:33:12,957] {logging_mixin.py:115} INFO - [2023-11-25 17:33:12,957] {dag.py:2420} INFO - Sync 1 DAGs
[2023-11-25 17:33:12,992] {logging_mixin.py:115} INFO - [2023-11-25 17:33:12,992] {dag.py:2972} INFO - Setting next_dagrun for example_branch_dop_operator_v3 to 2023-11-25T17:32:00+00:00, run_after=2023-11-25T17:33:00+00:00
[2023-11-25 17:33:13,006] {processor.py:161} INFO - Processing /home/airflow/.local/lib/python3.7/site-packages/airflow/example_dags/example_branch_python_dop_operator_3.py took 0.105 seconds
[2023-11-25 17:33:43,409] {processor.py:153} INFO - Started process (PID=674) to work on /home/airflow/.local/lib/python3.7/site-packages/airflow/example_dags/example_branch_python_dop_operator_3.py
[2023-11-25 17:33:43,410] {processor.py:641} INFO - Processing file /home/airflow/.local/lib/python3.7/site-packages/airflow/example_dags/example_branch_python_dop_operator_3.py for tasks to queue
[2023-11-25 17:33:43,411] {logging_mixin.py:115} INFO - [2023-11-25 17:33:43,411] {dagbag.py:508} INFO - Filling up the DagBag from /home/airflow/.local/lib/python3.7/site-packages/airflow/example_dags/example_branch_python_dop_operator_3.py
[2023-11-25 17:33:43,424] {processor.py:651} INFO - DAG(s) dict_keys(['example_branch_dop_operator_v3']) retrieved from /home/airflow/.local/lib/python3.7/site-packages/airflow/example_dags/example_branch_python_dop_operator_3.py
[2023-11-25 17:33:43,462] {logging_mixin.py:115} INFO - [2023-11-25 17:33:43,462] {dag.py:2420} INFO - Sync 1 DAGs
[2023-11-25 17:33:43,495] {logging_mixin.py:115} INFO - [2023-11-25 17:33:43,495] {dag.py:2972} INFO - Setting next_dagrun for example_branch_dop_operator_v3 to 2023-11-25T17:32:00+00:00, run_after=2023-11-25T17:33:00+00:00
[2023-11-25 17:33:43,508] {processor.py:161} INFO - Processing /home/airflow/.local/lib/python3.7/site-packages/airflow/example_dags/example_branch_python_dop_operator_3.py took 0.104 seconds
[2023-11-25 17:34:13,997] {processor.py:153} INFO - Started process (PID=726) to work on /home/airflow/.local/lib/python3.7/site-packages/airflow/example_dags/example_branch_python_dop_operator_3.py
[2023-11-25 17:34:13,998] {processor.py:641} INFO - Processing file /home/airflow/.local/lib/python3.7/site-packages/airflow/example_dags/example_branch_python_dop_operator_3.py for tasks to queue
[2023-11-25 17:34:13,999] {logging_mixin.py:115} INFO - [2023-11-25 17:34:13,999] {dagbag.py:508} INFO - Filling up the DagBag from /home/airflow/.local/lib/python3.7/site-packages/airflow/example_dags/example_branch_python_dop_operator_3.py
[2023-11-25 17:34:14,012] {processor.py:651} INFO - DAG(s) dict_keys(['example_branch_dop_operator_v3']) retrieved from /home/airflow/.local/lib/python3.7/site-packages/airflow/example_dags/example_branch_python_dop_operator_3.py
[2023-11-25 17:34:14,049] {logging_mixin.py:115} INFO - [2023-11-25 17:34:14,049] {dag.py:2420} INFO - Sync 1 DAGs
[2023-11-25 17:34:14,082] {logging_mixin.py:115} INFO - [2023-11-25 17:34:14,082] {dag.py:2972} INFO - Setting next_dagrun for example_branch_dop_operator_v3 to 2023-11-25T17:33:00+00:00, run_after=2023-11-25T17:34:00+00:00
[2023-11-25 17:34:14,096] {processor.py:161} INFO - Processing /home/airflow/.local/lib/python3.7/site-packages/airflow/example_dags/example_branch_python_dop_operator_3.py took 0.104 seconds
[2023-11-25 17:34:44,615] {processor.py:153} INFO - Started process (PID=787) to work on /home/airflow/.local/lib/python3.7/site-packages/airflow/example_dags/example_branch_python_dop_operator_3.py
[2023-11-25 17:34:44,616] {processor.py:641} INFO - Processing file /home/airflow/.local/lib/python3.7/site-packages/airflow/example_dags/example_branch_python_dop_operator_3.py for tasks to queue
[2023-11-25 17:34:44,617] {logging_mixin.py:115} INFO - [2023-11-25 17:34:44,617] {dagbag.py:508} INFO - Filling up the DagBag from /home/airflow/.local/lib/python3.7/site-packages/airflow/example_dags/example_branch_python_dop_operator_3.py
[2023-11-25 17:34:44,630] {processor.py:651} INFO - DAG(s) dict_keys(['example_branch_dop_operator_v3']) retrieved from /home/airflow/.local/lib/python3.7/site-packages/airflow/example_dags/example_branch_python_dop_operator_3.py
[2023-11-25 17:34:44,665] {logging_mixin.py:115} INFO - [2023-11-25 17:34:44,665] {dag.py:2420} INFO - Sync 1 DAGs
[2023-11-25 17:34:44,697] {logging_mixin.py:115} INFO - [2023-11-25 17:34:44,697] {dag.py:2972} INFO - Setting next_dagrun for example_branch_dop_operator_v3 to 2023-11-25T17:33:00+00:00, run_after=2023-11-25T17:34:00+00:00
[2023-11-25 17:34:44,709] {processor.py:161} INFO - Processing /home/airflow/.local/lib/python3.7/site-packages/airflow/example_dags/example_branch_python_dop_operator_3.py took 0.099 seconds
[2023-11-25 17:35:14,941] {processor.py:153} INFO - Started process (PID=845) to work on /home/airflow/.local/lib/python3.7/site-packages/airflow/example_dags/example_branch_python_dop_operator_3.py
[2023-11-25 17:35:14,943] {processor.py:641} INFO - Processing file /home/airflow/.local/lib/python3.7/site-packages/airflow/example_dags/example_branch_python_dop_operator_3.py for tasks to queue
[2023-11-25 17:35:14,944] {logging_mixin.py:115} INFO - [2023-11-25 17:35:14,944] {dagbag.py:508} INFO - Filling up the DagBag from /home/airflow/.local/lib/python3.7/site-packages/airflow/example_dags/example_branch_python_dop_operator_3.py
[2023-11-25 17:35:14,972] {processor.py:651} INFO - DAG(s) dict_keys(['example_branch_dop_operator_v3']) retrieved from /home/airflow/.local/lib/python3.7/site-packages/airflow/example_dags/example_branch_python_dop_operator_3.py
[2023-11-25 17:35:15,040] {logging_mixin.py:115} INFO - [2023-11-25 17:35:15,039] {dag.py:2420} INFO - Sync 1 DAGs
[2023-11-25 17:35:15,075] {logging_mixin.py:115} INFO - [2023-11-25 17:35:15,075] {dag.py:2972} INFO - Setting next_dagrun for example_branch_dop_operator_v3 to 2023-11-25T17:34:00+00:00, run_after=2023-11-25T17:35:00+00:00
[2023-11-25 17:35:15,088] {processor.py:161} INFO - Processing /home/airflow/.local/lib/python3.7/site-packages/airflow/example_dags/example_branch_python_dop_operator_3.py took 0.152 seconds
[2023-11-25 17:35:45,659] {processor.py:153} INFO - Started process (PID=901) to work on /home/airflow/.local/lib/python3.7/site-packages/airflow/example_dags/example_branch_python_dop_operator_3.py
[2023-11-25 17:35:45,660] {processor.py:641} INFO - Processing file /home/airflow/.local/lib/python3.7/site-packages/airflow/example_dags/example_branch_python_dop_operator_3.py for tasks to queue
[2023-11-25 17:35:45,660] {logging_mixin.py:115} INFO - [2023-11-25 17:35:45,660] {dagbag.py:508} INFO - Filling up the DagBag from /home/airflow/.local/lib/python3.7/site-packages/airflow/example_dags/example_branch_python_dop_operator_3.py
[2023-11-25 17:35:45,673] {processor.py:651} INFO - DAG(s) dict_keys(['example_branch_dop_operator_v3']) retrieved from /home/airflow/.local/lib/python3.7/site-packages/airflow/example_dags/example_branch_python_dop_operator_3.py
[2023-11-25 17:35:45,710] {logging_mixin.py:115} INFO - [2023-11-25 17:35:45,710] {dag.py:2420} INFO - Sync 1 DAGs
[2023-11-25 17:35:45,742] {logging_mixin.py:115} INFO - [2023-11-25 17:35:45,742] {dag.py:2972} INFO - Setting next_dagrun for example_branch_dop_operator_v3 to 2023-11-25T17:34:00+00:00, run_after=2023-11-25T17:35:00+00:00
[2023-11-25 17:35:45,755] {processor.py:161} INFO - Processing /home/airflow/.local/lib/python3.7/site-packages/airflow/example_dags/example_branch_python_dop_operator_3.py took 0.101 seconds
[2023-11-25 17:36:16,312] {processor.py:153} INFO - Started process (PID=962) to work on /home/airflow/.local/lib/python3.7/site-packages/airflow/example_dags/example_branch_python_dop_operator_3.py
[2023-11-25 17:36:16,313] {processor.py:641} INFO - Processing file /home/airflow/.local/lib/python3.7/site-packages/airflow/example_dags/example_branch_python_dop_operator_3.py for tasks to queue
[2023-11-25 17:36:16,313] {logging_mixin.py:115} INFO - [2023-11-25 17:36:16,313] {dagbag.py:508} INFO - Filling up the DagBag from /home/airflow/.local/lib/python3.7/site-packages/airflow/example_dags/example_branch_python_dop_operator_3.py
[2023-11-25 17:36:16,327] {processor.py:651} INFO - DAG(s) dict_keys(['example_branch_dop_operator_v3']) retrieved from /home/airflow/.local/lib/python3.7/site-packages/airflow/example_dags/example_branch_python_dop_operator_3.py
[2023-11-25 17:36:16,363] {logging_mixin.py:115} INFO - [2023-11-25 17:36:16,363] {dag.py:2420} INFO - Sync 1 DAGs
[2023-11-25 17:36:16,398] {logging_mixin.py:115} INFO - [2023-11-25 17:36:16,398] {dag.py:2972} INFO - Setting next_dagrun for example_branch_dop_operator_v3 to 2023-11-25T17:35:00+00:00, run_after=2023-11-25T17:36:00+00:00
[2023-11-25 17:36:16,417] {processor.py:161} INFO - Processing /home/airflow/.local/lib/python3.7/site-packages/airflow/example_dags/example_branch_python_dop_operator_3.py took 0.115 seconds
[2023-11-25 17:36:46,744] {processor.py:153} INFO - Started process (PID=1014) to work on /home/airflow/.local/lib/python3.7/site-packages/airflow/example_dags/example_branch_python_dop_operator_3.py
[2023-11-25 17:36:46,744] {processor.py:641} INFO - Processing file /home/airflow/.local/lib/python3.7/site-packages/airflow/example_dags/example_branch_python_dop_operator_3.py for tasks to queue
[2023-11-25 17:36:46,745] {logging_mixin.py:115} INFO - [2023-11-25 17:36:46,745] {dagbag.py:508} INFO - Filling up the DagBag from /home/airflow/.local/lib/python3.7/site-packages/airflow/example_dags/example_branch_python_dop_operator_3.py
[2023-11-25 17:36:46,760] {processor.py:651} INFO - DAG(s) dict_keys(['example_branch_dop_operator_v3']) retrieved from /home/airflow/.local/lib/python3.7/site-packages/airflow/example_dags/example_branch_python_dop_operator_3.py
[2023-11-25 17:36:46,800] {logging_mixin.py:115} INFO - [2023-11-25 17:36:46,800] {dag.py:2420} INFO - Sync 1 DAGs
[2023-11-25 17:36:46,834] {logging_mixin.py:115} INFO - [2023-11-25 17:36:46,834] {dag.py:2972} INFO - Setting next_dagrun for example_branch_dop_operator_v3 to 2023-11-25T17:35:00+00:00, run_after=2023-11-25T17:36:00+00:00
[2023-11-25 17:36:46,847] {processor.py:161} INFO - Processing /home/airflow/.local/lib/python3.7/site-packages/airflow/example_dags/example_branch_python_dop_operator_3.py took 0.108 seconds
[2023-11-25 17:37:17,199] {processor.py:153} INFO - Started process (PID=1075) to work on /home/airflow/.local/lib/python3.7/site-packages/airflow/example_dags/example_branch_python_dop_operator_3.py
[2023-11-25 17:37:17,200] {processor.py:641} INFO - Processing file /home/airflow/.local/lib/python3.7/site-packages/airflow/example_dags/example_branch_python_dop_operator_3.py for tasks to queue
[2023-11-25 17:37:17,201] {logging_mixin.py:115} INFO - [2023-11-25 17:37:17,201] {dagbag.py:508} INFO - Filling up the DagBag from /home/airflow/.local/lib/python3.7/site-packages/airflow/example_dags/example_branch_python_dop_operator_3.py
[2023-11-25 17:37:17,214] {processor.py:651} INFO - DAG(s) dict_keys(['example_branch_dop_operator_v3']) retrieved from /home/airflow/.local/lib/python3.7/site-packages/airflow/example_dags/example_branch_python_dop_operator_3.py
[2023-11-25 17:37:17,251] {logging_mixin.py:115} INFO - [2023-11-25 17:37:17,251] {dag.py:2420} INFO - Sync 1 DAGs
[2023-11-25 17:37:17,284] {logging_mixin.py:115} INFO - [2023-11-25 17:37:17,284] {dag.py:2972} INFO - Setting next_dagrun for example_branch_dop_operator_v3 to 2023-11-25T17:36:00+00:00, run_after=2023-11-25T17:37:00+00:00
[2023-11-25 17:37:17,297] {processor.py:161} INFO - Processing /home/airflow/.local/lib/python3.7/site-packages/airflow/example_dags/example_branch_python_dop_operator_3.py took 0.103 seconds
[2023-11-25 17:37:47,848] {processor.py:153} INFO - Started process (PID=1136) to work on /home/airflow/.local/lib/python3.7/site-packages/airflow/example_dags/example_branch_python_dop_operator_3.py
[2023-11-25 17:37:47,850] {processor.py:641} INFO - Processing file /home/airflow/.local/lib/python3.7/site-packages/airflow/example_dags/example_branch_python_dop_operator_3.py for tasks to queue
[2023-11-25 17:37:47,851] {logging_mixin.py:115} INFO - [2023-11-25 17:37:47,851] {dagbag.py:508} INFO - Filling up the DagBag from /home/airflow/.local/lib/python3.7/site-packages/airflow/example_dags/example_branch_python_dop_operator_3.py
[2023-11-25 17:37:47,866] {processor.py:651} INFO - DAG(s) dict_keys(['example_branch_dop_operator_v3']) retrieved from /home/airflow/.local/lib/python3.7/site-packages/airflow/example_dags/example_branch_python_dop_operator_3.py
[2023-11-25 17:37:47,904] {logging_mixin.py:115} INFO - [2023-11-25 17:37:47,904] {dag.py:2420} INFO - Sync 1 DAGs
[2023-11-25 17:37:47,937] {logging_mixin.py:115} INFO - [2023-11-25 17:37:47,937] {dag.py:2972} INFO - Setting next_dagrun for example_branch_dop_operator_v3 to 2023-11-25T17:36:00+00:00, run_after=2023-11-25T17:37:00+00:00
[2023-11-25 17:37:47,950] {processor.py:161} INFO - Processing /home/airflow/.local/lib/python3.7/site-packages/airflow/example_dags/example_branch_python_dop_operator_3.py took 0.108 seconds
[2023-11-25 17:38:18,446] {processor.py:153} INFO - Started process (PID=1187) to work on /home/airflow/.local/lib/python3.7/site-packages/airflow/example_dags/example_branch_python_dop_operator_3.py
[2023-11-25 17:38:18,446] {processor.py:641} INFO - Processing file /home/airflow/.local/lib/python3.7/site-packages/airflow/example_dags/example_branch_python_dop_operator_3.py for tasks to queue
[2023-11-25 17:38:18,447] {logging_mixin.py:115} INFO - [2023-11-25 17:38:18,447] {dagbag.py:508} INFO - Filling up the DagBag from /home/airflow/.local/lib/python3.7/site-packages/airflow/example_dags/example_branch_python_dop_operator_3.py
[2023-11-25 17:38:18,461] {processor.py:651} INFO - DAG(s) dict_keys(['example_branch_dop_operator_v3']) retrieved from /home/airflow/.local/lib/python3.7/site-packages/airflow/example_dags/example_branch_python_dop_operator_3.py
[2023-11-25 17:38:18,498] {logging_mixin.py:115} INFO - [2023-11-25 17:38:18,497] {dag.py:2420} INFO - Sync 1 DAGs
[2023-11-25 17:38:18,535] {logging_mixin.py:115} INFO - [2023-11-25 17:38:18,535] {dag.py:2972} INFO - Setting next_dagrun for example_branch_dop_operator_v3 to 2023-11-25T17:37:00+00:00, run_after=2023-11-25T17:38:00+00:00
[2023-11-25 17:38:18,554] {processor.py:161} INFO - Processing /home/airflow/.local/lib/python3.7/site-packages/airflow/example_dags/example_branch_python_dop_operator_3.py took 0.113 seconds
[2023-11-25 17:38:48,852] {processor.py:153} INFO - Started process (PID=1250) to work on /home/airflow/.local/lib/python3.7/site-packages/airflow/example_dags/example_branch_python_dop_operator_3.py
[2023-11-25 17:38:48,853] {processor.py:641} INFO - Processing file /home/airflow/.local/lib/python3.7/site-packages/airflow/example_dags/example_branch_python_dop_operator_3.py for tasks to queue
[2023-11-25 17:38:48,854] {logging_mixin.py:115} INFO - [2023-11-25 17:38:48,854] {dagbag.py:508} INFO - Filling up the DagBag from /home/airflow/.local/lib/python3.7/site-packages/airflow/example_dags/example_branch_python_dop_operator_3.py
[2023-11-25 17:38:48,894] {processor.py:651} INFO - DAG(s) dict_keys(['example_branch_dop_operator_v3']) retrieved from /home/airflow/.local/lib/python3.7/site-packages/airflow/example_dags/example_branch_python_dop_operator_3.py
[2023-11-25 17:38:48,934] {logging_mixin.py:115} INFO - [2023-11-25 17:38:48,934] {dag.py:2420} INFO - Sync 1 DAGs
[2023-11-25 17:38:48,966] {logging_mixin.py:115} INFO - [2023-11-25 17:38:48,966] {dag.py:2972} INFO - Setting next_dagrun for example_branch_dop_operator_v3 to 2023-11-25T17:37:00+00:00, run_after=2023-11-25T17:38:00+00:00
[2023-11-25 17:38:48,980] {processor.py:161} INFO - Processing /home/airflow/.local/lib/python3.7/site-packages/airflow/example_dags/example_branch_python_dop_operator_3.py took 0.149 seconds
[2023-11-25 17:39:19,437] {processor.py:153} INFO - Started process (PID=1313) to work on /home/airflow/.local/lib/python3.7/site-packages/airflow/example_dags/example_branch_python_dop_operator_3.py
[2023-11-25 17:39:19,438] {processor.py:641} INFO - Processing file /home/airflow/.local/lib/python3.7/site-packages/airflow/example_dags/example_branch_python_dop_operator_3.py for tasks to queue
[2023-11-25 17:39:19,439] {logging_mixin.py:115} INFO - [2023-11-25 17:39:19,439] {dagbag.py:508} INFO - Filling up the DagBag from /home/airflow/.local/lib/python3.7/site-packages/airflow/example_dags/example_branch_python_dop_operator_3.py
[2023-11-25 17:39:19,461] {processor.py:651} INFO - DAG(s) dict_keys(['example_branch_dop_operator_v3']) retrieved from /home/airflow/.local/lib/python3.7/site-packages/airflow/example_dags/example_branch_python_dop_operator_3.py
[2023-11-25 17:39:19,499] {logging_mixin.py:115} INFO - [2023-11-25 17:39:19,499] {dag.py:2420} INFO - Sync 1 DAGs
[2023-11-25 17:39:19,531] {logging_mixin.py:115} INFO - [2023-11-25 17:39:19,531] {dag.py:2972} INFO - Setting next_dagrun for example_branch_dop_operator_v3 to 2023-11-25T17:38:00+00:00, run_after=2023-11-25T17:39:00+00:00
[2023-11-25 17:39:19,545] {processor.py:161} INFO - Processing /home/airflow/.local/lib/python3.7/site-packages/airflow/example_dags/example_branch_python_dop_operator_3.py took 0.112 seconds
[2023-11-25 17:39:50,217] {processor.py:153} INFO - Started process (PID=1367) to work on /home/airflow/.local/lib/python3.7/site-packages/airflow/example_dags/example_branch_python_dop_operator_3.py
[2023-11-25 17:39:50,218] {processor.py:641} INFO - Processing file /home/airflow/.local/lib/python3.7/site-packages/airflow/example_dags/example_branch_python_dop_operator_3.py for tasks to queue
[2023-11-25 17:39:50,218] {logging_mixin.py:115} INFO - [2023-11-25 17:39:50,218] {dagbag.py:508} INFO - Filling up the DagBag from /home/airflow/.local/lib/python3.7/site-packages/airflow/example_dags/example_branch_python_dop_operator_3.py
[2023-11-25 17:39:50,232] {processor.py:651} INFO - DAG(s) dict_keys(['example_branch_dop_operator_v3']) retrieved from /home/airflow/.local/lib/python3.7/site-packages/airflow/example_dags/example_branch_python_dop_operator_3.py
[2023-11-25 17:39:50,270] {logging_mixin.py:115} INFO - [2023-11-25 17:39:50,270] {dag.py:2420} INFO - Sync 1 DAGs
[2023-11-25 17:39:50,303] {logging_mixin.py:115} INFO - [2023-11-25 17:39:50,303] {dag.py:2972} INFO - Setting next_dagrun for example_branch_dop_operator_v3 to 2023-11-25T17:38:00+00:00, run_after=2023-11-25T17:39:00+00:00
[2023-11-25 17:39:50,316] {processor.py:161} INFO - Processing /home/airflow/.local/lib/python3.7/site-packages/airflow/example_dags/example_branch_python_dop_operator_3.py took 0.104 seconds
[2023-11-25 17:40:20,983] {processor.py:153} INFO - Started process (PID=1429) to work on /home/airflow/.local/lib/python3.7/site-packages/airflow/example_dags/example_branch_python_dop_operator_3.py
[2023-11-25 17:40:20,984] {processor.py:641} INFO - Processing file /home/airflow/.local/lib/python3.7/site-packages/airflow/example_dags/example_branch_python_dop_operator_3.py for tasks to queue
[2023-11-25 17:40:20,985] {logging_mixin.py:115} INFO - [2023-11-25 17:40:20,985] {dagbag.py:508} INFO - Filling up the DagBag from /home/airflow/.local/lib/python3.7/site-packages/airflow/example_dags/example_branch_python_dop_operator_3.py
[2023-11-25 17:40:20,998] {processor.py:651} INFO - DAG(s) dict_keys(['example_branch_dop_operator_v3']) retrieved from /home/airflow/.local/lib/python3.7/site-packages/airflow/example_dags/example_branch_python_dop_operator_3.py
[2023-11-25 17:40:21,033] {logging_mixin.py:115} INFO - [2023-11-25 17:40:21,033] {dag.py:2420} INFO - Sync 1 DAGs
[2023-11-25 17:40:21,065] {logging_mixin.py:115} INFO - [2023-11-25 17:40:21,065] {dag.py:2972} INFO - Setting next_dagrun for example_branch_dop_operator_v3 to 2023-11-25T17:39:00+00:00, run_after=2023-11-25T17:40:00+00:00
[2023-11-25 17:40:21,078] {processor.py:161} INFO - Processing /home/airflow/.local/lib/python3.7/site-packages/airflow/example_dags/example_branch_python_dop_operator_3.py took 0.100 seconds
[2023-11-25 17:40:51,590] {processor.py:153} INFO - Started process (PID=1492) to work on /home/airflow/.local/lib/python3.7/site-packages/airflow/example_dags/example_branch_python_dop_operator_3.py
[2023-11-25 17:40:51,591] {processor.py:641} INFO - Processing file /home/airflow/.local/lib/python3.7/site-packages/airflow/example_dags/example_branch_python_dop_operator_3.py for tasks to queue
[2023-11-25 17:40:51,591] {logging_mixin.py:115} INFO - [2023-11-25 17:40:51,591] {dagbag.py:508} INFO - Filling up the DagBag from /home/airflow/.local/lib/python3.7/site-packages/airflow/example_dags/example_branch_python_dop_operator_3.py
[2023-11-25 17:40:51,605] {processor.py:651} INFO - DAG(s) dict_keys(['example_branch_dop_operator_v3']) retrieved from /home/airflow/.local/lib/python3.7/site-packages/airflow/example_dags/example_branch_python_dop_operator_3.py
[2023-11-25 17:40:51,644] {logging_mixin.py:115} INFO - [2023-11-25 17:40:51,644] {dag.py:2420} INFO - Sync 1 DAGs
[2023-11-25 17:40:51,681] {logging_mixin.py:115} INFO - [2023-11-25 17:40:51,681] {dag.py:2972} INFO - Setting next_dagrun for example_branch_dop_operator_v3 to 2023-11-25T17:39:00+00:00, run_after=2023-11-25T17:40:00+00:00
[2023-11-25 17:40:51,695] {processor.py:161} INFO - Processing /home/airflow/.local/lib/python3.7/site-packages/airflow/example_dags/example_branch_python_dop_operator_3.py took 0.114 seconds
[2023-11-25 17:41:22,058] {processor.py:153} INFO - Started process (PID=1546) to work on /home/airflow/.local/lib/python3.7/site-packages/airflow/example_dags/example_branch_python_dop_operator_3.py
[2023-11-25 17:41:22,058] {processor.py:641} INFO - Processing file /home/airflow/.local/lib/python3.7/site-packages/airflow/example_dags/example_branch_python_dop_operator_3.py for tasks to queue
[2023-11-25 17:41:22,059] {logging_mixin.py:115} INFO - [2023-11-25 17:41:22,059] {dagbag.py:508} INFO - Filling up the DagBag from /home/airflow/.local/lib/python3.7/site-packages/airflow/example_dags/example_branch_python_dop_operator_3.py
[2023-11-25 17:41:22,078] {processor.py:651} INFO - DAG(s) dict_keys(['example_branch_dop_operator_v3']) retrieved from /home/airflow/.local/lib/python3.7/site-packages/airflow/example_dags/example_branch_python_dop_operator_3.py
[2023-11-25 17:41:22,116] {logging_mixin.py:115} INFO - [2023-11-25 17:41:22,116] {dag.py:2420} INFO - Sync 1 DAGs
[2023-11-25 17:41:22,153] {logging_mixin.py:115} INFO - [2023-11-25 17:41:22,153] {dag.py:2972} INFO - Setting next_dagrun for example_branch_dop_operator_v3 to 2023-11-25T17:40:00+00:00, run_after=2023-11-25T17:41:00+00:00
[2023-11-25 17:41:22,168] {processor.py:161} INFO - Processing /home/airflow/.local/lib/python3.7/site-packages/airflow/example_dags/example_branch_python_dop_operator_3.py took 0.116 seconds
[2023-11-25 17:41:52,226] {processor.py:153} INFO - Started process (PID=1610) to work on /home/airflow/.local/lib/python3.7/site-packages/airflow/example_dags/example_branch_python_dop_operator_3.py
[2023-11-25 17:41:52,227] {processor.py:641} INFO - Processing file /home/airflow/.local/lib/python3.7/site-packages/airflow/example_dags/example_branch_python_dop_operator_3.py for tasks to queue
[2023-11-25 17:41:52,227] {logging_mixin.py:115} INFO - [2023-11-25 17:41:52,227] {dagbag.py:508} INFO - Filling up the DagBag from /home/airflow/.local/lib/python3.7/site-packages/airflow/example_dags/example_branch_python_dop_operator_3.py
[2023-11-25 17:41:52,241] {processor.py:651} INFO - DAG(s) dict_keys(['example_branch_dop_operator_v3']) retrieved from /home/airflow/.local/lib/python3.7/site-packages/airflow/example_dags/example_branch_python_dop_operator_3.py
[2023-11-25 17:41:52,278] {logging_mixin.py:115} INFO - [2023-11-25 17:41:52,278] {dag.py:2420} INFO - Sync 1 DAGs
[2023-11-25 17:41:52,311] {logging_mixin.py:115} INFO - [2023-11-25 17:41:52,311] {dag.py:2972} INFO - Setting next_dagrun for example_branch_dop_operator_v3 to 2023-11-25T17:40:00+00:00, run_after=2023-11-25T17:41:00+00:00
[2023-11-25 17:41:52,324] {processor.py:161} INFO - Processing /home/airflow/.local/lib/python3.7/site-packages/airflow/example_dags/example_branch_python_dop_operator_3.py took 0.104 seconds
[2023-11-25 17:42:22,976] {processor.py:153} INFO - Started process (PID=1670) to work on /home/airflow/.local/lib/python3.7/site-packages/airflow/example_dags/example_branch_python_dop_operator_3.py
[2023-11-25 17:42:22,977] {processor.py:641} INFO - Processing file /home/airflow/.local/lib/python3.7/site-packages/airflow/example_dags/example_branch_python_dop_operator_3.py for tasks to queue
[2023-11-25 17:42:22,978] {logging_mixin.py:115} INFO - [2023-11-25 17:42:22,977] {dagbag.py:508} INFO - Filling up the DagBag from /home/airflow/.local/lib/python3.7/site-packages/airflow/example_dags/example_branch_python_dop_operator_3.py
[2023-11-25 17:42:22,999] {processor.py:651} INFO - DAG(s) dict_keys(['example_branch_dop_operator_v3']) retrieved from /home/airflow/.local/lib/python3.7/site-packages/airflow/example_dags/example_branch_python_dop_operator_3.py
[2023-11-25 17:42:23,036] {logging_mixin.py:115} INFO - [2023-11-25 17:42:23,035] {dag.py:2420} INFO - Sync 1 DAGs
[2023-11-25 17:42:23,073] {logging_mixin.py:115} INFO - [2023-11-25 17:42:23,073] {dag.py:2972} INFO - Setting next_dagrun for example_branch_dop_operator_v3 to 2023-11-25T17:41:00+00:00, run_after=2023-11-25T17:42:00+00:00
[2023-11-25 17:42:23,092] {processor.py:161} INFO - Processing /home/airflow/.local/lib/python3.7/site-packages/airflow/example_dags/example_branch_python_dop_operator_3.py took 0.120 seconds
[2023-11-25 17:42:53,307] {processor.py:153} INFO - Started process (PID=1727) to work on /home/airflow/.local/lib/python3.7/site-packages/airflow/example_dags/example_branch_python_dop_operator_3.py
[2023-11-25 17:42:53,308] {processor.py:641} INFO - Processing file /home/airflow/.local/lib/python3.7/site-packages/airflow/example_dags/example_branch_python_dop_operator_3.py for tasks to queue
[2023-11-25 17:42:53,308] {logging_mixin.py:115} INFO - [2023-11-25 17:42:53,308] {dagbag.py:508} INFO - Filling up the DagBag from /home/airflow/.local/lib/python3.7/site-packages/airflow/example_dags/example_branch_python_dop_operator_3.py
[2023-11-25 17:42:53,322] {processor.py:651} INFO - DAG(s) dict_keys(['example_branch_dop_operator_v3']) retrieved from /home/airflow/.local/lib/python3.7/site-packages/airflow/example_dags/example_branch_python_dop_operator_3.py
[2023-11-25 17:42:53,361] {logging_mixin.py:115} INFO - [2023-11-25 17:42:53,361] {dag.py:2420} INFO - Sync 1 DAGs
[2023-11-25 17:42:53,393] {logging_mixin.py:115} INFO - [2023-11-25 17:42:53,392] {dag.py:2972} INFO - Setting next_dagrun for example_branch_dop_operator_v3 to 2023-11-25T17:41:00+00:00, run_after=2023-11-25T17:42:00+00:00
[2023-11-25 17:42:53,405] {processor.py:161} INFO - Processing /home/airflow/.local/lib/python3.7/site-packages/airflow/example_dags/example_branch_python_dop_operator_3.py took 0.104 seconds
[2023-11-25 17:43:24,225] {processor.py:153} INFO - Started process (PID=1790) to work on /home/airflow/.local/lib/python3.7/site-packages/airflow/example_dags/example_branch_python_dop_operator_3.py
[2023-11-25 17:43:24,226] {processor.py:641} INFO - Processing file /home/airflow/.local/lib/python3.7/site-packages/airflow/example_dags/example_branch_python_dop_operator_3.py for tasks to queue
[2023-11-25 17:43:24,227] {logging_mixin.py:115} INFO - [2023-11-25 17:43:24,227] {dagbag.py:508} INFO - Filling up the DagBag from /home/airflow/.local/lib/python3.7/site-packages/airflow/example_dags/example_branch_python_dop_operator_3.py
[2023-11-25 17:43:24,240] {processor.py:651} INFO - DAG(s) dict_keys(['example_branch_dop_operator_v3']) retrieved from /home/airflow/.local/lib/python3.7/site-packages/airflow/example_dags/example_branch_python_dop_operator_3.py
[2023-11-25 17:43:24,279] {logging_mixin.py:115} INFO - [2023-11-25 17:43:24,279] {dag.py:2420} INFO - Sync 1 DAGs
[2023-11-25 17:43:24,313] {logging_mixin.py:115} INFO - [2023-11-25 17:43:24,313] {dag.py:2972} INFO - Setting next_dagrun for example_branch_dop_operator_v3 to 2023-11-25T17:42:00+00:00, run_after=2023-11-25T17:43:00+00:00
[2023-11-25 17:43:24,328] {processor.py:161} INFO - Processing /home/airflow/.local/lib/python3.7/site-packages/airflow/example_dags/example_branch_python_dop_operator_3.py took 0.107 seconds
[2023-11-25 17:43:54,796] {processor.py:153} INFO - Started process (PID=1844) to work on /home/airflow/.local/lib/python3.7/site-packages/airflow/example_dags/example_branch_python_dop_operator_3.py
[2023-11-25 17:43:54,797] {processor.py:641} INFO - Processing file /home/airflow/.local/lib/python3.7/site-packages/airflow/example_dags/example_branch_python_dop_operator_3.py for tasks to queue
[2023-11-25 17:43:54,798] {logging_mixin.py:115} INFO - [2023-11-25 17:43:54,798] {dagbag.py:508} INFO - Filling up the DagBag from /home/airflow/.local/lib/python3.7/site-packages/airflow/example_dags/example_branch_python_dop_operator_3.py
[2023-11-25 17:43:54,820] {processor.py:651} INFO - DAG(s) dict_keys(['example_branch_dop_operator_v3']) retrieved from /home/airflow/.local/lib/python3.7/site-packages/airflow/example_dags/example_branch_python_dop_operator_3.py
[2023-11-25 17:43:54,866] {logging_mixin.py:115} INFO - [2023-11-25 17:43:54,865] {dag.py:2420} INFO - Sync 1 DAGs
[2023-11-25 17:43:54,898] {logging_mixin.py:115} INFO - [2023-11-25 17:43:54,897] {dag.py:2972} INFO - Setting next_dagrun for example_branch_dop_operator_v3 to 2023-11-25T17:42:00+00:00, run_after=2023-11-25T17:43:00+00:00
[2023-11-25 17:43:54,910] {processor.py:161} INFO - Processing /home/airflow/.local/lib/python3.7/site-packages/airflow/example_dags/example_branch_python_dop_operator_3.py took 0.119 seconds
[2023-11-25 17:44:25,795] {processor.py:153} INFO - Started process (PID=1909) to work on /home/airflow/.local/lib/python3.7/site-packages/airflow/example_dags/example_branch_python_dop_operator_3.py
[2023-11-25 17:44:25,796] {processor.py:641} INFO - Processing file /home/airflow/.local/lib/python3.7/site-packages/airflow/example_dags/example_branch_python_dop_operator_3.py for tasks to queue
[2023-11-25 17:44:25,796] {logging_mixin.py:115} INFO - [2023-11-25 17:44:25,796] {dagbag.py:508} INFO - Filling up the DagBag from /home/airflow/.local/lib/python3.7/site-packages/airflow/example_dags/example_branch_python_dop_operator_3.py
[2023-11-25 17:44:25,809] {processor.py:651} INFO - DAG(s) dict_keys(['example_branch_dop_operator_v3']) retrieved from /home/airflow/.local/lib/python3.7/site-packages/airflow/example_dags/example_branch_python_dop_operator_3.py
[2023-11-25 17:44:25,847] {logging_mixin.py:115} INFO - [2023-11-25 17:44:25,847] {dag.py:2420} INFO - Sync 1 DAGs
[2023-11-25 17:44:25,878] {logging_mixin.py:115} INFO - [2023-11-25 17:44:25,878] {dag.py:2972} INFO - Setting next_dagrun for example_branch_dop_operator_v3 to 2023-11-25T17:43:00+00:00, run_after=2023-11-25T17:44:00+00:00
[2023-11-25 17:44:25,890] {processor.py:161} INFO - Processing /home/airflow/.local/lib/python3.7/site-packages/airflow/example_dags/example_branch_python_dop_operator_3.py took 0.101 seconds
[2023-11-25 17:44:56,475] {processor.py:153} INFO - Started process (PID=1972) to work on /home/airflow/.local/lib/python3.7/site-packages/airflow/example_dags/example_branch_python_dop_operator_3.py
[2023-11-25 17:44:56,476] {processor.py:641} INFO - Processing file /home/airflow/.local/lib/python3.7/site-packages/airflow/example_dags/example_branch_python_dop_operator_3.py for tasks to queue
[2023-11-25 17:44:56,476] {logging_mixin.py:115} INFO - [2023-11-25 17:44:56,476] {dagbag.py:508} INFO - Filling up the DagBag from /home/airflow/.local/lib/python3.7/site-packages/airflow/example_dags/example_branch_python_dop_operator_3.py
[2023-11-25 17:44:56,494] {processor.py:651} INFO - DAG(s) dict_keys(['example_branch_dop_operator_v3']) retrieved from /home/airflow/.local/lib/python3.7/site-packages/airflow/example_dags/example_branch_python_dop_operator_3.py
[2023-11-25 17:44:56,536] {logging_mixin.py:115} INFO - [2023-11-25 17:44:56,536] {dag.py:2420} INFO - Sync 1 DAGs
[2023-11-25 17:44:56,572] {logging_mixin.py:115} INFO - [2023-11-25 17:44:56,571] {dag.py:2972} INFO - Setting next_dagrun for example_branch_dop_operator_v3 to 2023-11-25T17:43:00+00:00, run_after=2023-11-25T17:44:00+00:00
[2023-11-25 17:44:56,585] {processor.py:161} INFO - Processing /home/airflow/.local/lib/python3.7/site-packages/airflow/example_dags/example_branch_python_dop_operator_3.py took 0.115 seconds
[2023-11-25 17:45:26,999] {processor.py:153} INFO - Started process (PID=2026) to work on /home/airflow/.local/lib/python3.7/site-packages/airflow/example_dags/example_branch_python_dop_operator_3.py
[2023-11-25 17:45:27,000] {processor.py:641} INFO - Processing file /home/airflow/.local/lib/python3.7/site-packages/airflow/example_dags/example_branch_python_dop_operator_3.py for tasks to queue
[2023-11-25 17:45:27,000] {logging_mixin.py:115} INFO - [2023-11-25 17:45:27,000] {dagbag.py:508} INFO - Filling up the DagBag from /home/airflow/.local/lib/python3.7/site-packages/airflow/example_dags/example_branch_python_dop_operator_3.py
[2023-11-25 17:45:27,014] {processor.py:651} INFO - DAG(s) dict_keys(['example_branch_dop_operator_v3']) retrieved from /home/airflow/.local/lib/python3.7/site-packages/airflow/example_dags/example_branch_python_dop_operator_3.py
[2023-11-25 17:45:27,052] {logging_mixin.py:115} INFO - [2023-11-25 17:45:27,052] {dag.py:2420} INFO - Sync 1 DAGs
[2023-11-25 17:45:27,097] {logging_mixin.py:115} INFO - [2023-11-25 17:45:27,097] {dag.py:2972} INFO - Setting next_dagrun for example_branch_dop_operator_v3 to 2023-11-25T17:44:00+00:00, run_after=2023-11-25T17:45:00+00:00
[2023-11-25 17:45:27,113] {processor.py:161} INFO - Processing /home/airflow/.local/lib/python3.7/site-packages/airflow/example_dags/example_branch_python_dop_operator_3.py took 0.119 seconds
[2023-11-25 17:45:58,057] {processor.py:153} INFO - Started process (PID=2089) to work on /home/airflow/.local/lib/python3.7/site-packages/airflow/example_dags/example_branch_python_dop_operator_3.py
[2023-11-25 17:45:58,058] {processor.py:641} INFO - Processing file /home/airflow/.local/lib/python3.7/site-packages/airflow/example_dags/example_branch_python_dop_operator_3.py for tasks to queue
[2023-11-25 17:45:58,058] {logging_mixin.py:115} INFO - [2023-11-25 17:45:58,058] {dagbag.py:508} INFO - Filling up the DagBag from /home/airflow/.local/lib/python3.7/site-packages/airflow/example_dags/example_branch_python_dop_operator_3.py
[2023-11-25 17:45:58,080] {processor.py:651} INFO - DAG(s) dict_keys(['example_branch_dop_operator_v3']) retrieved from /home/airflow/.local/lib/python3.7/site-packages/airflow/example_dags/example_branch_python_dop_operator_3.py
[2023-11-25 17:45:58,132] {logging_mixin.py:115} INFO - [2023-11-25 17:45:58,132] {dag.py:2420} INFO - Sync 1 DAGs
[2023-11-25 17:45:58,182] {logging_mixin.py:115} INFO - [2023-11-25 17:45:58,182] {dag.py:2972} INFO - Setting next_dagrun for example_branch_dop_operator_v3 to 2023-11-25T17:44:00+00:00, run_after=2023-11-25T17:45:00+00:00
[2023-11-25 17:45:58,197] {processor.py:161} INFO - Processing /home/airflow/.local/lib/python3.7/site-packages/airflow/example_dags/example_branch_python_dop_operator_3.py took 0.146 seconds
[2023-11-25 17:46:28,924] {processor.py:153} INFO - Started process (PID=2152) to work on /home/airflow/.local/lib/python3.7/site-packages/airflow/example_dags/example_branch_python_dop_operator_3.py
[2023-11-25 17:46:28,930] {processor.py:641} INFO - Processing file /home/airflow/.local/lib/python3.7/site-packages/airflow/example_dags/example_branch_python_dop_operator_3.py for tasks to queue
[2023-11-25 17:46:28,931] {logging_mixin.py:115} INFO - [2023-11-25 17:46:28,930] {dagbag.py:508} INFO - Filling up the DagBag from /home/airflow/.local/lib/python3.7/site-packages/airflow/example_dags/example_branch_python_dop_operator_3.py
[2023-11-25 17:46:28,944] {processor.py:651} INFO - DAG(s) dict_keys(['example_branch_dop_operator_v3']) retrieved from /home/airflow/.local/lib/python3.7/site-packages/airflow/example_dags/example_branch_python_dop_operator_3.py
[2023-11-25 17:46:28,981] {logging_mixin.py:115} INFO - [2023-11-25 17:46:28,981] {dag.py:2420} INFO - Sync 1 DAGs
[2023-11-25 17:46:29,016] {logging_mixin.py:115} INFO - [2023-11-25 17:46:29,015] {dag.py:2972} INFO - Setting next_dagrun for example_branch_dop_operator_v3 to 2023-11-25T17:45:00+00:00, run_after=2023-11-25T17:46:00+00:00
[2023-11-25 17:46:29,030] {processor.py:161} INFO - Processing /home/airflow/.local/lib/python3.7/site-packages/airflow/example_dags/example_branch_python_dop_operator_3.py took 0.112 seconds
[2023-11-25 17:46:59,635] {processor.py:153} INFO - Started process (PID=2205) to work on /home/airflow/.local/lib/python3.7/site-packages/airflow/example_dags/example_branch_python_dop_operator_3.py
[2023-11-25 17:46:59,636] {processor.py:641} INFO - Processing file /home/airflow/.local/lib/python3.7/site-packages/airflow/example_dags/example_branch_python_dop_operator_3.py for tasks to queue
[2023-11-25 17:46:59,637] {logging_mixin.py:115} INFO - [2023-11-25 17:46:59,637] {dagbag.py:508} INFO - Filling up the DagBag from /home/airflow/.local/lib/python3.7/site-packages/airflow/example_dags/example_branch_python_dop_operator_3.py
[2023-11-25 17:46:59,650] {processor.py:651} INFO - DAG(s) dict_keys(['example_branch_dop_operator_v3']) retrieved from /home/airflow/.local/lib/python3.7/site-packages/airflow/example_dags/example_branch_python_dop_operator_3.py
[2023-11-25 17:46:59,688] {logging_mixin.py:115} INFO - [2023-11-25 17:46:59,688] {dag.py:2420} INFO - Sync 1 DAGs
[2023-11-25 17:46:59,719] {logging_mixin.py:115} INFO - [2023-11-25 17:46:59,719] {dag.py:2972} INFO - Setting next_dagrun for example_branch_dop_operator_v3 to 2023-11-25T17:45:00+00:00, run_after=2023-11-25T17:46:00+00:00
[2023-11-25 17:46:59,732] {processor.py:161} INFO - Processing /home/airflow/.local/lib/python3.7/site-packages/airflow/example_dags/example_branch_python_dop_operator_3.py took 0.102 seconds
[2023-11-25 17:47:29,981] {processor.py:153} INFO - Started process (PID=2268) to work on /home/airflow/.local/lib/python3.7/site-packages/airflow/example_dags/example_branch_python_dop_operator_3.py
[2023-11-25 17:47:29,982] {processor.py:641} INFO - Processing file /home/airflow/.local/lib/python3.7/site-packages/airflow/example_dags/example_branch_python_dop_operator_3.py for tasks to queue
[2023-11-25 17:47:29,982] {logging_mixin.py:115} INFO - [2023-11-25 17:47:29,982] {dagbag.py:508} INFO - Filling up the DagBag from /home/airflow/.local/lib/python3.7/site-packages/airflow/example_dags/example_branch_python_dop_operator_3.py
[2023-11-25 17:47:29,995] {processor.py:651} INFO - DAG(s) dict_keys(['example_branch_dop_operator_v3']) retrieved from /home/airflow/.local/lib/python3.7/site-packages/airflow/example_dags/example_branch_python_dop_operator_3.py
[2023-11-25 17:47:30,036] {logging_mixin.py:115} INFO - [2023-11-25 17:47:30,036] {dag.py:2420} INFO - Sync 1 DAGs
[2023-11-25 17:47:30,082] {logging_mixin.py:115} INFO - [2023-11-25 17:47:30,082] {dag.py:2972} INFO - Setting next_dagrun for example_branch_dop_operator_v3 to 2023-11-25T17:46:00+00:00, run_after=2023-11-25T17:47:00+00:00
[2023-11-25 17:47:30,095] {processor.py:161} INFO - Processing /home/airflow/.local/lib/python3.7/site-packages/airflow/example_dags/example_branch_python_dop_operator_3.py took 0.119 seconds
[2023-11-25 17:48:00,675] {processor.py:153} INFO - Started process (PID=2331) to work on /home/airflow/.local/lib/python3.7/site-packages/airflow/example_dags/example_branch_python_dop_operator_3.py
[2023-11-25 17:48:00,676] {processor.py:641} INFO - Processing file /home/airflow/.local/lib/python3.7/site-packages/airflow/example_dags/example_branch_python_dop_operator_3.py for tasks to queue
[2023-11-25 17:48:00,677] {logging_mixin.py:115} INFO - [2023-11-25 17:48:00,677] {dagbag.py:508} INFO - Filling up the DagBag from /home/airflow/.local/lib/python3.7/site-packages/airflow/example_dags/example_branch_python_dop_operator_3.py
[2023-11-25 17:48:00,693] {processor.py:651} INFO - DAG(s) dict_keys(['example_branch_dop_operator_v3']) retrieved from /home/airflow/.local/lib/python3.7/site-packages/airflow/example_dags/example_branch_python_dop_operator_3.py
[2023-11-25 17:48:00,735] {logging_mixin.py:115} INFO - [2023-11-25 17:48:00,735] {dag.py:2420} INFO - Sync 1 DAGs
[2023-11-25 17:48:00,767] {logging_mixin.py:115} INFO - [2023-11-25 17:48:00,767] {dag.py:2972} INFO - Setting next_dagrun for example_branch_dop_operator_v3 to 2023-11-25T17:47:00+00:00, run_after=2023-11-25T17:48:00+00:00
[2023-11-25 17:48:00,781] {processor.py:161} INFO - Processing /home/airflow/.local/lib/python3.7/site-packages/airflow/example_dags/example_branch_python_dop_operator_3.py took 0.110 seconds
[2023-11-25 17:48:31,617] {processor.py:153} INFO - Started process (PID=2386) to work on /home/airflow/.local/lib/python3.7/site-packages/airflow/example_dags/example_branch_python_dop_operator_3.py
[2023-11-25 17:48:31,617] {processor.py:641} INFO - Processing file /home/airflow/.local/lib/python3.7/site-packages/airflow/example_dags/example_branch_python_dop_operator_3.py for tasks to queue
[2023-11-25 17:48:31,618] {logging_mixin.py:115} INFO - [2023-11-25 17:48:31,618] {dagbag.py:508} INFO - Filling up the DagBag from /home/airflow/.local/lib/python3.7/site-packages/airflow/example_dags/example_branch_python_dop_operator_3.py
[2023-11-25 17:48:31,640] {processor.py:651} INFO - DAG(s) dict_keys(['example_branch_dop_operator_v3']) retrieved from /home/airflow/.local/lib/python3.7/site-packages/airflow/example_dags/example_branch_python_dop_operator_3.py
[2023-11-25 17:48:31,700] {logging_mixin.py:115} INFO - [2023-11-25 17:48:31,700] {dag.py:2420} INFO - Sync 1 DAGs
[2023-11-25 17:48:31,731] {logging_mixin.py:115} INFO - [2023-11-25 17:48:31,731] {dag.py:2972} INFO - Setting next_dagrun for example_branch_dop_operator_v3 to 2023-11-25T17:47:00+00:00, run_after=2023-11-25T17:48:00+00:00
[2023-11-25 17:48:31,744] {processor.py:161} INFO - Processing /home/airflow/.local/lib/python3.7/site-packages/airflow/example_dags/example_branch_python_dop_operator_3.py took 0.132 seconds
[2023-11-25 17:49:02,196] {processor.py:153} INFO - Started process (PID=2452) to work on /home/airflow/.local/lib/python3.7/site-packages/airflow/example_dags/example_branch_python_dop_operator_3.py
[2023-11-25 17:49:02,197] {processor.py:641} INFO - Processing file /home/airflow/.local/lib/python3.7/site-packages/airflow/example_dags/example_branch_python_dop_operator_3.py for tasks to queue
[2023-11-25 17:49:02,198] {logging_mixin.py:115} INFO - [2023-11-25 17:49:02,198] {dagbag.py:508} INFO - Filling up the DagBag from /home/airflow/.local/lib/python3.7/site-packages/airflow/example_dags/example_branch_python_dop_operator_3.py
[2023-11-25 17:49:02,212] {processor.py:651} INFO - DAG(s) dict_keys(['example_branch_dop_operator_v3']) retrieved from /home/airflow/.local/lib/python3.7/site-packages/airflow/example_dags/example_branch_python_dop_operator_3.py
[2023-11-25 17:49:02,250] {logging_mixin.py:115} INFO - [2023-11-25 17:49:02,250] {dag.py:2420} INFO - Sync 1 DAGs
[2023-11-25 17:49:02,282] {logging_mixin.py:115} INFO - [2023-11-25 17:49:02,282] {dag.py:2972} INFO - Setting next_dagrun for example_branch_dop_operator_v3 to 2023-11-25T17:48:00+00:00, run_after=2023-11-25T17:49:00+00:00
[2023-11-25 17:49:02,295] {processor.py:161} INFO - Processing /home/airflow/.local/lib/python3.7/site-packages/airflow/example_dags/example_branch_python_dop_operator_3.py took 0.104 seconds
[2023-11-25 17:49:32,478] {processor.py:153} INFO - Started process (PID=2513) to work on /home/airflow/.local/lib/python3.7/site-packages/airflow/example_dags/example_branch_python_dop_operator_3.py
[2023-11-25 17:49:32,490] {processor.py:641} INFO - Processing file /home/airflow/.local/lib/python3.7/site-packages/airflow/example_dags/example_branch_python_dop_operator_3.py for tasks to queue
[2023-11-25 17:49:32,491] {logging_mixin.py:115} INFO - [2023-11-25 17:49:32,490] {dagbag.py:508} INFO - Filling up the DagBag from /home/airflow/.local/lib/python3.7/site-packages/airflow/example_dags/example_branch_python_dop_operator_3.py
[2023-11-25 17:49:32,504] {processor.py:651} INFO - DAG(s) dict_keys(['example_branch_dop_operator_v3']) retrieved from /home/airflow/.local/lib/python3.7/site-packages/airflow/example_dags/example_branch_python_dop_operator_3.py
[2023-11-25 17:49:32,543] {logging_mixin.py:115} INFO - [2023-11-25 17:49:32,543] {dag.py:2420} INFO - Sync 1 DAGs
[2023-11-25 17:49:32,578] {logging_mixin.py:115} INFO - [2023-11-25 17:49:32,577] {dag.py:2972} INFO - Setting next_dagrun for example_branch_dop_operator_v3 to 2023-11-25T17:48:00+00:00, run_after=2023-11-25T17:49:00+00:00
[2023-11-25 17:49:32,593] {processor.py:161} INFO - Processing /home/airflow/.local/lib/python3.7/site-packages/airflow/example_dags/example_branch_python_dop_operator_3.py took 0.120 seconds
[2023-11-25 17:50:02,921] {processor.py:153} INFO - Started process (PID=2570) to work on /home/airflow/.local/lib/python3.7/site-packages/airflow/example_dags/example_branch_python_dop_operator_3.py
[2023-11-25 17:50:02,922] {processor.py:641} INFO - Processing file /home/airflow/.local/lib/python3.7/site-packages/airflow/example_dags/example_branch_python_dop_operator_3.py for tasks to queue
[2023-11-25 17:50:02,922] {logging_mixin.py:115} INFO - [2023-11-25 17:50:02,922] {dagbag.py:508} INFO - Filling up the DagBag from /home/airflow/.local/lib/python3.7/site-packages/airflow/example_dags/example_branch_python_dop_operator_3.py
[2023-11-25 17:50:02,937] {processor.py:651} INFO - DAG(s) dict_keys(['example_branch_dop_operator_v3']) retrieved from /home/airflow/.local/lib/python3.7/site-packages/airflow/example_dags/example_branch_python_dop_operator_3.py
[2023-11-25 17:50:02,977] {logging_mixin.py:115} INFO - [2023-11-25 17:50:02,977] {dag.py:2420} INFO - Sync 1 DAGs
[2023-11-25 17:50:03,010] {logging_mixin.py:115} INFO - [2023-11-25 17:50:03,010] {dag.py:2972} INFO - Setting next_dagrun for example_branch_dop_operator_v3 to 2023-11-25T17:49:00+00:00, run_after=2023-11-25T17:50:00+00:00
[2023-11-25 17:50:03,023] {processor.py:161} INFO - Processing /home/airflow/.local/lib/python3.7/site-packages/airflow/example_dags/example_branch_python_dop_operator_3.py took 0.107 seconds
[2023-11-25 17:50:33,389] {processor.py:153} INFO - Started process (PID=2632) to work on /home/airflow/.local/lib/python3.7/site-packages/airflow/example_dags/example_branch_python_dop_operator_3.py
[2023-11-25 17:50:33,390] {processor.py:641} INFO - Processing file /home/airflow/.local/lib/python3.7/site-packages/airflow/example_dags/example_branch_python_dop_operator_3.py for tasks to queue
[2023-11-25 17:50:33,391] {logging_mixin.py:115} INFO - [2023-11-25 17:50:33,390] {dagbag.py:508} INFO - Filling up the DagBag from /home/airflow/.local/lib/python3.7/site-packages/airflow/example_dags/example_branch_python_dop_operator_3.py
[2023-11-25 17:50:33,404] {processor.py:651} INFO - DAG(s) dict_keys(['example_branch_dop_operator_v3']) retrieved from /home/airflow/.local/lib/python3.7/site-packages/airflow/example_dags/example_branch_python_dop_operator_3.py
[2023-11-25 17:50:33,442] {logging_mixin.py:115} INFO - [2023-11-25 17:50:33,441] {dag.py:2420} INFO - Sync 1 DAGs
[2023-11-25 17:50:33,473] {logging_mixin.py:115} INFO - [2023-11-25 17:50:33,473] {dag.py:2972} INFO - Setting next_dagrun for example_branch_dop_operator_v3 to 2023-11-25T17:49:00+00:00, run_after=2023-11-25T17:50:00+00:00
[2023-11-25 17:50:33,486] {processor.py:161} INFO - Processing /home/airflow/.local/lib/python3.7/site-packages/airflow/example_dags/example_branch_python_dop_operator_3.py took 0.102 seconds
[2023-11-25 17:51:03,873] {processor.py:153} INFO - Started process (PID=2685) to work on /home/airflow/.local/lib/python3.7/site-packages/airflow/example_dags/example_branch_python_dop_operator_3.py
[2023-11-25 17:51:03,874] {processor.py:641} INFO - Processing file /home/airflow/.local/lib/python3.7/site-packages/airflow/example_dags/example_branch_python_dop_operator_3.py for tasks to queue
[2023-11-25 17:51:03,874] {logging_mixin.py:115} INFO - [2023-11-25 17:51:03,874] {dagbag.py:508} INFO - Filling up the DagBag from /home/airflow/.local/lib/python3.7/site-packages/airflow/example_dags/example_branch_python_dop_operator_3.py
[2023-11-25 17:51:03,889] {processor.py:651} INFO - DAG(s) dict_keys(['example_branch_dop_operator_v3']) retrieved from /home/airflow/.local/lib/python3.7/site-packages/airflow/example_dags/example_branch_python_dop_operator_3.py
[2023-11-25 17:51:03,930] {logging_mixin.py:115} INFO - [2023-11-25 17:51:03,930] {dag.py:2420} INFO - Sync 1 DAGs
[2023-11-25 17:51:03,972] {logging_mixin.py:115} INFO - [2023-11-25 17:51:03,972] {dag.py:2972} INFO - Setting next_dagrun for example_branch_dop_operator_v3 to 2023-11-25T17:50:00+00:00, run_after=2023-11-25T17:51:00+00:00
[2023-11-25 17:51:03,985] {processor.py:161} INFO - Processing /home/airflow/.local/lib/python3.7/site-packages/airflow/example_dags/example_branch_python_dop_operator_3.py took 0.118 seconds
[2023-11-25 17:51:34,551] {processor.py:153} INFO - Started process (PID=2747) to work on /home/airflow/.local/lib/python3.7/site-packages/airflow/example_dags/example_branch_python_dop_operator_3.py
[2023-11-25 17:51:34,552] {processor.py:641} INFO - Processing file /home/airflow/.local/lib/python3.7/site-packages/airflow/example_dags/example_branch_python_dop_operator_3.py for tasks to queue
[2023-11-25 17:51:34,553] {logging_mixin.py:115} INFO - [2023-11-25 17:51:34,553] {dagbag.py:508} INFO - Filling up the DagBag from /home/airflow/.local/lib/python3.7/site-packages/airflow/example_dags/example_branch_python_dop_operator_3.py
[2023-11-25 17:51:34,568] {processor.py:651} INFO - DAG(s) dict_keys(['example_branch_dop_operator_v3']) retrieved from /home/airflow/.local/lib/python3.7/site-packages/airflow/example_dags/example_branch_python_dop_operator_3.py
[2023-11-25 17:51:34,607] {logging_mixin.py:115} INFO - [2023-11-25 17:51:34,607] {dag.py:2420} INFO - Sync 1 DAGs
[2023-11-25 17:51:34,642] {logging_mixin.py:115} INFO - [2023-11-25 17:51:34,641] {dag.py:2972} INFO - Setting next_dagrun for example_branch_dop_operator_v3 to 2023-11-25T17:50:00+00:00, run_after=2023-11-25T17:51:00+00:00
[2023-11-25 17:51:34,655] {processor.py:161} INFO - Processing /home/airflow/.local/lib/python3.7/site-packages/airflow/example_dags/example_branch_python_dop_operator_3.py took 0.109 seconds
[2023-11-25 17:52:04,764] {processor.py:153} INFO - Started process (PID=2800) to work on /home/airflow/.local/lib/python3.7/site-packages/airflow/example_dags/example_branch_python_dop_operator_3.py
[2023-11-25 17:52:04,765] {processor.py:641} INFO - Processing file /home/airflow/.local/lib/python3.7/site-packages/airflow/example_dags/example_branch_python_dop_operator_3.py for tasks to queue
[2023-11-25 17:52:04,766] {logging_mixin.py:115} INFO - [2023-11-25 17:52:04,765] {dagbag.py:508} INFO - Filling up the DagBag from /home/airflow/.local/lib/python3.7/site-packages/airflow/example_dags/example_branch_python_dop_operator_3.py
[2023-11-25 17:52:04,780] {processor.py:651} INFO - DAG(s) dict_keys(['example_branch_dop_operator_v3']) retrieved from /home/airflow/.local/lib/python3.7/site-packages/airflow/example_dags/example_branch_python_dop_operator_3.py
[2023-11-25 17:52:04,821] {logging_mixin.py:115} INFO - [2023-11-25 17:52:04,821] {dag.py:2420} INFO - Sync 1 DAGs
[2023-11-25 17:52:04,856] {logging_mixin.py:115} INFO - [2023-11-25 17:52:04,855] {dag.py:2972} INFO - Setting next_dagrun for example_branch_dop_operator_v3 to 2023-11-25T17:51:00+00:00, run_after=2023-11-25T17:52:00+00:00
[2023-11-25 17:52:04,869] {processor.py:161} INFO - Processing /home/airflow/.local/lib/python3.7/site-packages/airflow/example_dags/example_branch_python_dop_operator_3.py took 0.111 seconds
[2023-11-25 17:52:35,448] {processor.py:153} INFO - Started process (PID=2862) to work on /home/airflow/.local/lib/python3.7/site-packages/airflow/example_dags/example_branch_python_dop_operator_3.py
[2023-11-25 17:52:35,450] {processor.py:641} INFO - Processing file /home/airflow/.local/lib/python3.7/site-packages/airflow/example_dags/example_branch_python_dop_operator_3.py for tasks to queue
[2023-11-25 17:52:35,450] {logging_mixin.py:115} INFO - [2023-11-25 17:52:35,450] {dagbag.py:508} INFO - Filling up the DagBag from /home/airflow/.local/lib/python3.7/site-packages/airflow/example_dags/example_branch_python_dop_operator_3.py
[2023-11-25 17:52:35,463] {processor.py:651} INFO - DAG(s) dict_keys(['example_branch_dop_operator_v3']) retrieved from /home/airflow/.local/lib/python3.7/site-packages/airflow/example_dags/example_branch_python_dop_operator_3.py
[2023-11-25 17:52:35,504] {logging_mixin.py:115} INFO - [2023-11-25 17:52:35,504] {dag.py:2420} INFO - Sync 1 DAGs
[2023-11-25 17:52:35,538] {logging_mixin.py:115} INFO - [2023-11-25 17:52:35,537] {dag.py:2972} INFO - Setting next_dagrun for example_branch_dop_operator_v3 to 2023-11-25T17:51:00+00:00, run_after=2023-11-25T17:52:00+00:00
[2023-11-25 17:52:35,551] {processor.py:161} INFO - Processing /home/airflow/.local/lib/python3.7/site-packages/airflow/example_dags/example_branch_python_dop_operator_3.py took 0.108 seconds
[2023-11-25 17:53:05,862] {processor.py:153} INFO - Started process (PID=2923) to work on /home/airflow/.local/lib/python3.7/site-packages/airflow/example_dags/example_branch_python_dop_operator_3.py
[2023-11-25 17:53:05,863] {processor.py:641} INFO - Processing file /home/airflow/.local/lib/python3.7/site-packages/airflow/example_dags/example_branch_python_dop_operator_3.py for tasks to queue
[2023-11-25 17:53:05,863] {logging_mixin.py:115} INFO - [2023-11-25 17:53:05,863] {dagbag.py:508} INFO - Filling up the DagBag from /home/airflow/.local/lib/python3.7/site-packages/airflow/example_dags/example_branch_python_dop_operator_3.py
[2023-11-25 17:53:05,877] {processor.py:651} INFO - DAG(s) dict_keys(['example_branch_dop_operator_v3']) retrieved from /home/airflow/.local/lib/python3.7/site-packages/airflow/example_dags/example_branch_python_dop_operator_3.py
[2023-11-25 17:53:05,916] {logging_mixin.py:115} INFO - [2023-11-25 17:53:05,916] {dag.py:2420} INFO - Sync 1 DAGs
[2023-11-25 17:53:05,950] {logging_mixin.py:115} INFO - [2023-11-25 17:53:05,950] {dag.py:2972} INFO - Setting next_dagrun for example_branch_dop_operator_v3 to 2023-11-25T17:52:00+00:00, run_after=2023-11-25T17:53:00+00:00
[2023-11-25 17:53:05,963] {processor.py:161} INFO - Processing /home/airflow/.local/lib/python3.7/site-packages/airflow/example_dags/example_branch_python_dop_operator_3.py took 0.106 seconds
[2023-11-25 17:53:36,932] {processor.py:153} INFO - Started process (PID=2977) to work on /home/airflow/.local/lib/python3.7/site-packages/airflow/example_dags/example_branch_python_dop_operator_3.py
[2023-11-25 17:53:36,933] {processor.py:641} INFO - Processing file /home/airflow/.local/lib/python3.7/site-packages/airflow/example_dags/example_branch_python_dop_operator_3.py for tasks to queue
[2023-11-25 17:53:36,934] {logging_mixin.py:115} INFO - [2023-11-25 17:53:36,933] {dagbag.py:508} INFO - Filling up the DagBag from /home/airflow/.local/lib/python3.7/site-packages/airflow/example_dags/example_branch_python_dop_operator_3.py
[2023-11-25 17:53:36,957] {processor.py:651} INFO - DAG(s) dict_keys(['example_branch_dop_operator_v3']) retrieved from /home/airflow/.local/lib/python3.7/site-packages/airflow/example_dags/example_branch_python_dop_operator_3.py
[2023-11-25 17:53:37,003] {logging_mixin.py:115} INFO - [2023-11-25 17:53:37,003] {dag.py:2420} INFO - Sync 1 DAGs
[2023-11-25 17:53:37,037] {logging_mixin.py:115} INFO - [2023-11-25 17:53:37,036] {dag.py:2972} INFO - Setting next_dagrun for example_branch_dop_operator_v3 to 2023-11-25T17:52:00+00:00, run_after=2023-11-25T17:53:00+00:00
[2023-11-25 17:53:37,049] {processor.py:161} INFO - Processing /home/airflow/.local/lib/python3.7/site-packages/airflow/example_dags/example_branch_python_dop_operator_3.py took 0.131 seconds
[2023-11-25 17:54:07,392] {processor.py:153} INFO - Started process (PID=3040) to work on /home/airflow/.local/lib/python3.7/site-packages/airflow/example_dags/example_branch_python_dop_operator_3.py
[2023-11-25 17:54:07,393] {processor.py:641} INFO - Processing file /home/airflow/.local/lib/python3.7/site-packages/airflow/example_dags/example_branch_python_dop_operator_3.py for tasks to queue
[2023-11-25 17:54:07,394] {logging_mixin.py:115} INFO - [2023-11-25 17:54:07,393] {dagbag.py:508} INFO - Filling up the DagBag from /home/airflow/.local/lib/python3.7/site-packages/airflow/example_dags/example_branch_python_dop_operator_3.py
[2023-11-25 17:54:07,420] {processor.py:651} INFO - DAG(s) dict_keys(['example_branch_dop_operator_v3']) retrieved from /home/airflow/.local/lib/python3.7/site-packages/airflow/example_dags/example_branch_python_dop_operator_3.py
[2023-11-25 17:54:07,518] {logging_mixin.py:115} INFO - [2023-11-25 17:54:07,517] {dag.py:2420} INFO - Sync 1 DAGs
[2023-11-25 17:54:07,599] {logging_mixin.py:115} INFO - [2023-11-25 17:54:07,598] {dag.py:2972} INFO - Setting next_dagrun for example_branch_dop_operator_v3 to 2023-11-25T17:53:00+00:00, run_after=2023-11-25T17:54:00+00:00
[2023-11-25 17:54:07,623] {processor.py:161} INFO - Processing /home/airflow/.local/lib/python3.7/site-packages/airflow/example_dags/example_branch_python_dop_operator_3.py took 0.245 seconds
