[2023-11-25 17:28:22,616] {processor.py:153} INFO - Started process (PID=74) to work on /home/airflow/.local/lib/python3.7/site-packages/airflow/example_dags/example_time_delta_sensor_async.py
[2023-11-25 17:28:22,617] {processor.py:641} INFO - Processing file /home/airflow/.local/lib/python3.7/site-packages/airflow/example_dags/example_time_delta_sensor_async.py for tasks to queue
[2023-11-25 17:28:22,630] {logging_mixin.py:115} INFO - [2023-11-25 17:28:22,630] {dagbag.py:508} INFO - Filling up the DagBag from /home/airflow/.local/lib/python3.7/site-packages/airflow/example_dags/example_time_delta_sensor_async.py
[2023-11-25 17:28:22,674] {processor.py:651} INFO - DAG(s) dict_keys(['example_time_delta_sensor_async']) retrieved from /home/airflow/.local/lib/python3.7/site-packages/airflow/example_dags/example_time_delta_sensor_async.py
[2023-11-25 17:28:23,310] {logging_mixin.py:115} INFO - [2023-11-25 17:28:23,310] {manager.py:508} INFO - Created Permission View: can delete on DAG:example_time_delta_sensor_async
[2023-11-25 17:28:23,374] {logging_mixin.py:115} INFO - [2023-11-25 17:28:23,374] {manager.py:508} INFO - Created Permission View: can edit on DAG:example_time_delta_sensor_async
[2023-11-25 17:28:23,471] {logging_mixin.py:115} INFO - [2023-11-25 17:28:23,470] {manager.py:508} INFO - Created Permission View: can read on DAG:example_time_delta_sensor_async
[2023-11-25 17:28:23,471] {logging_mixin.py:115} INFO - [2023-11-25 17:28:23,471] {dag.py:2420} INFO - Sync 1 DAGs
[2023-11-25 17:28:23,532] {logging_mixin.py:115} INFO - [2023-11-25 17:28:23,532] {dag.py:2439} INFO - Creating ORM DAG for example_time_delta_sensor_async
[2023-11-25 17:28:23,596] {logging_mixin.py:115} INFO - [2023-11-25 17:28:23,596] {dag.py:2972} INFO - Setting next_dagrun for example_time_delta_sensor_async to None, run_after=None
[2023-11-25 17:28:23,670] {processor.py:161} INFO - Processing /home/airflow/.local/lib/python3.7/site-packages/airflow/example_dags/example_time_delta_sensor_async.py took 1.097 seconds
[2023-11-25 17:28:53,812] {processor.py:153} INFO - Started process (PID=119) to work on /home/airflow/.local/lib/python3.7/site-packages/airflow/example_dags/example_time_delta_sensor_async.py
[2023-11-25 17:28:53,813] {processor.py:641} INFO - Processing file /home/airflow/.local/lib/python3.7/site-packages/airflow/example_dags/example_time_delta_sensor_async.py for tasks to queue
[2023-11-25 17:28:53,814] {logging_mixin.py:115} INFO - [2023-11-25 17:28:53,814] {dagbag.py:508} INFO - Filling up the DagBag from /home/airflow/.local/lib/python3.7/site-packages/airflow/example_dags/example_time_delta_sensor_async.py
[2023-11-25 17:28:53,832] {processor.py:651} INFO - DAG(s) dict_keys(['example_time_delta_sensor_async']) retrieved from /home/airflow/.local/lib/python3.7/site-packages/airflow/example_dags/example_time_delta_sensor_async.py
[2023-11-25 17:28:54,117] {logging_mixin.py:115} INFO - [2023-11-25 17:28:54,117] {dag.py:2420} INFO - Sync 1 DAGs
[2023-11-25 17:28:54,252] {logging_mixin.py:115} INFO - [2023-11-25 17:28:54,252] {dag.py:2972} INFO - Setting next_dagrun for example_time_delta_sensor_async to None, run_after=None
[2023-11-25 17:28:54,636] {processor.py:161} INFO - Processing /home/airflow/.local/lib/python3.7/site-packages/airflow/example_dags/example_time_delta_sensor_async.py took 0.833 seconds
[2023-11-25 17:29:24,981] {processor.py:153} INFO - Started process (PID=172) to work on /home/airflow/.local/lib/python3.7/site-packages/airflow/example_dags/example_time_delta_sensor_async.py
[2023-11-25 17:29:24,982] {processor.py:641} INFO - Processing file /home/airflow/.local/lib/python3.7/site-packages/airflow/example_dags/example_time_delta_sensor_async.py for tasks to queue
[2023-11-25 17:29:24,983] {logging_mixin.py:115} INFO - [2023-11-25 17:29:24,983] {dagbag.py:508} INFO - Filling up the DagBag from /home/airflow/.local/lib/python3.7/site-packages/airflow/example_dags/example_time_delta_sensor_async.py
[2023-11-25 17:29:24,993] {processor.py:651} INFO - DAG(s) dict_keys(['example_time_delta_sensor_async']) retrieved from /home/airflow/.local/lib/python3.7/site-packages/airflow/example_dags/example_time_delta_sensor_async.py
[2023-11-25 17:29:25,063] {logging_mixin.py:115} INFO - [2023-11-25 17:29:25,063] {dag.py:2420} INFO - Sync 1 DAGs
[2023-11-25 17:29:25,098] {logging_mixin.py:115} INFO - [2023-11-25 17:29:25,098] {dag.py:2972} INFO - Setting next_dagrun for example_time_delta_sensor_async to None, run_after=None
[2023-11-25 17:29:25,112] {processor.py:161} INFO - Processing /home/airflow/.local/lib/python3.7/site-packages/airflow/example_dags/example_time_delta_sensor_async.py took 0.138 seconds
[2023-11-25 17:29:55,217] {processor.py:153} INFO - Started process (PID=233) to work on /home/airflow/.local/lib/python3.7/site-packages/airflow/example_dags/example_time_delta_sensor_async.py
[2023-11-25 17:29:55,218] {processor.py:641} INFO - Processing file /home/airflow/.local/lib/python3.7/site-packages/airflow/example_dags/example_time_delta_sensor_async.py for tasks to queue
[2023-11-25 17:29:55,218] {logging_mixin.py:115} INFO - [2023-11-25 17:29:55,218] {dagbag.py:508} INFO - Filling up the DagBag from /home/airflow/.local/lib/python3.7/site-packages/airflow/example_dags/example_time_delta_sensor_async.py
[2023-11-25 17:29:55,231] {processor.py:651} INFO - DAG(s) dict_keys(['example_time_delta_sensor_async']) retrieved from /home/airflow/.local/lib/python3.7/site-packages/airflow/example_dags/example_time_delta_sensor_async.py
[2023-11-25 17:29:55,322] {logging_mixin.py:115} INFO - [2023-11-25 17:29:55,322] {dag.py:2420} INFO - Sync 1 DAGs
[2023-11-25 17:29:55,360] {logging_mixin.py:115} INFO - [2023-11-25 17:29:55,360] {dag.py:2972} INFO - Setting next_dagrun for example_time_delta_sensor_async to None, run_after=None
[2023-11-25 17:29:55,390] {processor.py:161} INFO - Processing /home/airflow/.local/lib/python3.7/site-packages/airflow/example_dags/example_time_delta_sensor_async.py took 0.179 seconds
[2023-11-25 17:30:25,551] {processor.py:153} INFO - Started process (PID=294) to work on /home/airflow/.local/lib/python3.7/site-packages/airflow/example_dags/example_time_delta_sensor_async.py
[2023-11-25 17:30:25,552] {processor.py:641} INFO - Processing file /home/airflow/.local/lib/python3.7/site-packages/airflow/example_dags/example_time_delta_sensor_async.py for tasks to queue
[2023-11-25 17:30:25,553] {logging_mixin.py:115} INFO - [2023-11-25 17:30:25,553] {dagbag.py:508} INFO - Filling up the DagBag from /home/airflow/.local/lib/python3.7/site-packages/airflow/example_dags/example_time_delta_sensor_async.py
[2023-11-25 17:30:25,573] {processor.py:651} INFO - DAG(s) dict_keys(['example_time_delta_sensor_async']) retrieved from /home/airflow/.local/lib/python3.7/site-packages/airflow/example_dags/example_time_delta_sensor_async.py
[2023-11-25 17:30:25,659] {logging_mixin.py:115} INFO - [2023-11-25 17:30:25,658] {dag.py:2420} INFO - Sync 1 DAGs
[2023-11-25 17:30:25,697] {logging_mixin.py:115} INFO - [2023-11-25 17:30:25,697] {dag.py:2972} INFO - Setting next_dagrun for example_time_delta_sensor_async to None, run_after=None
[2023-11-25 17:30:25,718] {processor.py:161} INFO - Processing /home/airflow/.local/lib/python3.7/site-packages/airflow/example_dags/example_time_delta_sensor_async.py took 0.184 seconds
[2023-11-25 17:30:56,524] {processor.py:153} INFO - Started process (PID=346) to work on /home/airflow/.local/lib/python3.7/site-packages/airflow/example_dags/example_time_delta_sensor_async.py
[2023-11-25 17:30:56,525] {processor.py:641} INFO - Processing file /home/airflow/.local/lib/python3.7/site-packages/airflow/example_dags/example_time_delta_sensor_async.py for tasks to queue
[2023-11-25 17:30:56,525] {logging_mixin.py:115} INFO - [2023-11-25 17:30:56,525] {dagbag.py:508} INFO - Filling up the DagBag from /home/airflow/.local/lib/python3.7/site-packages/airflow/example_dags/example_time_delta_sensor_async.py
[2023-11-25 17:30:56,533] {processor.py:651} INFO - DAG(s) dict_keys(['example_time_delta_sensor_async']) retrieved from /home/airflow/.local/lib/python3.7/site-packages/airflow/example_dags/example_time_delta_sensor_async.py
[2023-11-25 17:30:56,594] {logging_mixin.py:115} INFO - [2023-11-25 17:30:56,593] {dag.py:2420} INFO - Sync 1 DAGs
[2023-11-25 17:30:56,625] {logging_mixin.py:115} INFO - [2023-11-25 17:30:56,625] {dag.py:2972} INFO - Setting next_dagrun for example_time_delta_sensor_async to None, run_after=None
[2023-11-25 17:30:56,641] {processor.py:161} INFO - Processing /home/airflow/.local/lib/python3.7/site-packages/airflow/example_dags/example_time_delta_sensor_async.py took 0.123 seconds
[2023-11-25 17:31:27,390] {processor.py:153} INFO - Started process (PID=407) to work on /home/airflow/.local/lib/python3.7/site-packages/airflow/example_dags/example_time_delta_sensor_async.py
[2023-11-25 17:31:27,391] {processor.py:641} INFO - Processing file /home/airflow/.local/lib/python3.7/site-packages/airflow/example_dags/example_time_delta_sensor_async.py for tasks to queue
[2023-11-25 17:31:27,392] {logging_mixin.py:115} INFO - [2023-11-25 17:31:27,392] {dagbag.py:508} INFO - Filling up the DagBag from /home/airflow/.local/lib/python3.7/site-packages/airflow/example_dags/example_time_delta_sensor_async.py
[2023-11-25 17:31:27,412] {processor.py:651} INFO - DAG(s) dict_keys(['example_time_delta_sensor_async']) retrieved from /home/airflow/.local/lib/python3.7/site-packages/airflow/example_dags/example_time_delta_sensor_async.py
[2023-11-25 17:31:27,470] {logging_mixin.py:115} INFO - [2023-11-25 17:31:27,470] {dag.py:2420} INFO - Sync 1 DAGs
[2023-11-25 17:31:27,499] {logging_mixin.py:115} INFO - [2023-11-25 17:31:27,498] {dag.py:2972} INFO - Setting next_dagrun for example_time_delta_sensor_async to None, run_after=None
[2023-11-25 17:31:27,516] {processor.py:161} INFO - Processing /home/airflow/.local/lib/python3.7/site-packages/airflow/example_dags/example_time_delta_sensor_async.py took 0.131 seconds
[2023-11-25 17:31:57,920] {processor.py:153} INFO - Started process (PID=468) to work on /home/airflow/.local/lib/python3.7/site-packages/airflow/example_dags/example_time_delta_sensor_async.py
[2023-11-25 17:31:57,930] {processor.py:641} INFO - Processing file /home/airflow/.local/lib/python3.7/site-packages/airflow/example_dags/example_time_delta_sensor_async.py for tasks to queue
[2023-11-25 17:31:57,931] {logging_mixin.py:115} INFO - [2023-11-25 17:31:57,931] {dagbag.py:508} INFO - Filling up the DagBag from /home/airflow/.local/lib/python3.7/site-packages/airflow/example_dags/example_time_delta_sensor_async.py
[2023-11-25 17:31:57,939] {processor.py:651} INFO - DAG(s) dict_keys(['example_time_delta_sensor_async']) retrieved from /home/airflow/.local/lib/python3.7/site-packages/airflow/example_dags/example_time_delta_sensor_async.py
[2023-11-25 17:31:58,034] {logging_mixin.py:115} INFO - [2023-11-25 17:31:58,034] {dag.py:2420} INFO - Sync 1 DAGs
[2023-11-25 17:31:58,093] {logging_mixin.py:115} INFO - [2023-11-25 17:31:58,093] {dag.py:2972} INFO - Setting next_dagrun for example_time_delta_sensor_async to None, run_after=None
[2023-11-25 17:31:58,139] {processor.py:161} INFO - Processing /home/airflow/.local/lib/python3.7/site-packages/airflow/example_dags/example_time_delta_sensor_async.py took 0.223 seconds
[2023-11-25 17:32:28,542] {processor.py:153} INFO - Started process (PID=520) to work on /home/airflow/.local/lib/python3.7/site-packages/airflow/example_dags/example_time_delta_sensor_async.py
[2023-11-25 17:32:28,550] {processor.py:641} INFO - Processing file /home/airflow/.local/lib/python3.7/site-packages/airflow/example_dags/example_time_delta_sensor_async.py for tasks to queue
[2023-11-25 17:32:28,551] {logging_mixin.py:115} INFO - [2023-11-25 17:32:28,551] {dagbag.py:508} INFO - Filling up the DagBag from /home/airflow/.local/lib/python3.7/site-packages/airflow/example_dags/example_time_delta_sensor_async.py
[2023-11-25 17:32:28,558] {processor.py:651} INFO - DAG(s) dict_keys(['example_time_delta_sensor_async']) retrieved from /home/airflow/.local/lib/python3.7/site-packages/airflow/example_dags/example_time_delta_sensor_async.py
[2023-11-25 17:32:28,642] {logging_mixin.py:115} INFO - [2023-11-25 17:32:28,642] {dag.py:2420} INFO - Sync 1 DAGs
[2023-11-25 17:32:28,683] {logging_mixin.py:115} INFO - [2023-11-25 17:32:28,682] {dag.py:2972} INFO - Setting next_dagrun for example_time_delta_sensor_async to None, run_after=None
[2023-11-25 17:32:28,701] {processor.py:161} INFO - Processing /home/airflow/.local/lib/python3.7/site-packages/airflow/example_dags/example_time_delta_sensor_async.py took 0.163 seconds
[2023-11-25 17:32:59,165] {processor.py:153} INFO - Started process (PID=581) to work on /home/airflow/.local/lib/python3.7/site-packages/airflow/example_dags/example_time_delta_sensor_async.py
[2023-11-25 17:32:59,166] {processor.py:641} INFO - Processing file /home/airflow/.local/lib/python3.7/site-packages/airflow/example_dags/example_time_delta_sensor_async.py for tasks to queue
[2023-11-25 17:32:59,167] {logging_mixin.py:115} INFO - [2023-11-25 17:32:59,167] {dagbag.py:508} INFO - Filling up the DagBag from /home/airflow/.local/lib/python3.7/site-packages/airflow/example_dags/example_time_delta_sensor_async.py
[2023-11-25 17:32:59,176] {processor.py:651} INFO - DAG(s) dict_keys(['example_time_delta_sensor_async']) retrieved from /home/airflow/.local/lib/python3.7/site-packages/airflow/example_dags/example_time_delta_sensor_async.py
[2023-11-25 17:32:59,242] {logging_mixin.py:115} INFO - [2023-11-25 17:32:59,242] {dag.py:2420} INFO - Sync 1 DAGs
[2023-11-25 17:32:59,275] {logging_mixin.py:115} INFO - [2023-11-25 17:32:59,275] {dag.py:2972} INFO - Setting next_dagrun for example_time_delta_sensor_async to None, run_after=None
[2023-11-25 17:32:59,291] {processor.py:161} INFO - Processing /home/airflow/.local/lib/python3.7/site-packages/airflow/example_dags/example_time_delta_sensor_async.py took 0.131 seconds
[2023-11-25 17:33:29,518] {processor.py:153} INFO - Started process (PID=642) to work on /home/airflow/.local/lib/python3.7/site-packages/airflow/example_dags/example_time_delta_sensor_async.py
[2023-11-25 17:33:29,519] {processor.py:641} INFO - Processing file /home/airflow/.local/lib/python3.7/site-packages/airflow/example_dags/example_time_delta_sensor_async.py for tasks to queue
[2023-11-25 17:33:29,519] {logging_mixin.py:115} INFO - [2023-11-25 17:33:29,519] {dagbag.py:508} INFO - Filling up the DagBag from /home/airflow/.local/lib/python3.7/site-packages/airflow/example_dags/example_time_delta_sensor_async.py
[2023-11-25 17:33:29,535] {processor.py:651} INFO - DAG(s) dict_keys(['example_time_delta_sensor_async']) retrieved from /home/airflow/.local/lib/python3.7/site-packages/airflow/example_dags/example_time_delta_sensor_async.py
[2023-11-25 17:33:29,634] {logging_mixin.py:115} INFO - [2023-11-25 17:33:29,634] {dag.py:2420} INFO - Sync 1 DAGs
[2023-11-25 17:33:29,674] {logging_mixin.py:115} INFO - [2023-11-25 17:33:29,673] {dag.py:2972} INFO - Setting next_dagrun for example_time_delta_sensor_async to None, run_after=None
[2023-11-25 17:33:29,693] {processor.py:161} INFO - Processing /home/airflow/.local/lib/python3.7/site-packages/airflow/example_dags/example_time_delta_sensor_async.py took 0.180 seconds
[2023-11-25 17:34:00,003] {processor.py:153} INFO - Started process (PID=694) to work on /home/airflow/.local/lib/python3.7/site-packages/airflow/example_dags/example_time_delta_sensor_async.py
[2023-11-25 17:34:00,004] {processor.py:641} INFO - Processing file /home/airflow/.local/lib/python3.7/site-packages/airflow/example_dags/example_time_delta_sensor_async.py for tasks to queue
[2023-11-25 17:34:00,005] {logging_mixin.py:115} INFO - [2023-11-25 17:34:00,004] {dagbag.py:508} INFO - Filling up the DagBag from /home/airflow/.local/lib/python3.7/site-packages/airflow/example_dags/example_time_delta_sensor_async.py
[2023-11-25 17:34:00,012] {processor.py:651} INFO - DAG(s) dict_keys(['example_time_delta_sensor_async']) retrieved from /home/airflow/.local/lib/python3.7/site-packages/airflow/example_dags/example_time_delta_sensor_async.py
[2023-11-25 17:34:00,071] {logging_mixin.py:115} INFO - [2023-11-25 17:34:00,071] {dag.py:2420} INFO - Sync 1 DAGs
[2023-11-25 17:34:00,103] {logging_mixin.py:115} INFO - [2023-11-25 17:34:00,103] {dag.py:2972} INFO - Setting next_dagrun for example_time_delta_sensor_async to None, run_after=None
[2023-11-25 17:34:00,118] {processor.py:161} INFO - Processing /home/airflow/.local/lib/python3.7/site-packages/airflow/example_dags/example_time_delta_sensor_async.py took 0.120 seconds
[2023-11-25 17:34:30,838] {processor.py:153} INFO - Started process (PID=755) to work on /home/airflow/.local/lib/python3.7/site-packages/airflow/example_dags/example_time_delta_sensor_async.py
[2023-11-25 17:34:30,839] {processor.py:641} INFO - Processing file /home/airflow/.local/lib/python3.7/site-packages/airflow/example_dags/example_time_delta_sensor_async.py for tasks to queue
[2023-11-25 17:34:30,840] {logging_mixin.py:115} INFO - [2023-11-25 17:34:30,840] {dagbag.py:508} INFO - Filling up the DagBag from /home/airflow/.local/lib/python3.7/site-packages/airflow/example_dags/example_time_delta_sensor_async.py
[2023-11-25 17:34:30,847] {processor.py:651} INFO - DAG(s) dict_keys(['example_time_delta_sensor_async']) retrieved from /home/airflow/.local/lib/python3.7/site-packages/airflow/example_dags/example_time_delta_sensor_async.py
[2023-11-25 17:34:30,910] {logging_mixin.py:115} INFO - [2023-11-25 17:34:30,910] {dag.py:2420} INFO - Sync 1 DAGs
[2023-11-25 17:34:30,939] {logging_mixin.py:115} INFO - [2023-11-25 17:34:30,938] {dag.py:2972} INFO - Setting next_dagrun for example_time_delta_sensor_async to None, run_after=None
[2023-11-25 17:34:30,952] {processor.py:161} INFO - Processing /home/airflow/.local/lib/python3.7/site-packages/airflow/example_dags/example_time_delta_sensor_async.py took 0.119 seconds
[2023-11-25 17:35:01,199] {processor.py:153} INFO - Started process (PID=807) to work on /home/airflow/.local/lib/python3.7/site-packages/airflow/example_dags/example_time_delta_sensor_async.py
[2023-11-25 17:35:01,199] {processor.py:641} INFO - Processing file /home/airflow/.local/lib/python3.7/site-packages/airflow/example_dags/example_time_delta_sensor_async.py for tasks to queue
[2023-11-25 17:35:01,200] {logging_mixin.py:115} INFO - [2023-11-25 17:35:01,200] {dagbag.py:508} INFO - Filling up the DagBag from /home/airflow/.local/lib/python3.7/site-packages/airflow/example_dags/example_time_delta_sensor_async.py
[2023-11-25 17:35:01,208] {processor.py:651} INFO - DAG(s) dict_keys(['example_time_delta_sensor_async']) retrieved from /home/airflow/.local/lib/python3.7/site-packages/airflow/example_dags/example_time_delta_sensor_async.py
[2023-11-25 17:35:01,270] {logging_mixin.py:115} INFO - [2023-11-25 17:35:01,270] {dag.py:2420} INFO - Sync 1 DAGs
[2023-11-25 17:35:01,298] {logging_mixin.py:115} INFO - [2023-11-25 17:35:01,298] {dag.py:2972} INFO - Setting next_dagrun for example_time_delta_sensor_async to None, run_after=None
[2023-11-25 17:35:01,311] {processor.py:161} INFO - Processing /home/airflow/.local/lib/python3.7/site-packages/airflow/example_dags/example_time_delta_sensor_async.py took 0.117 seconds
[2023-11-25 17:35:31,660] {processor.py:153} INFO - Started process (PID=868) to work on /home/airflow/.local/lib/python3.7/site-packages/airflow/example_dags/example_time_delta_sensor_async.py
[2023-11-25 17:35:31,661] {processor.py:641} INFO - Processing file /home/airflow/.local/lib/python3.7/site-packages/airflow/example_dags/example_time_delta_sensor_async.py for tasks to queue
[2023-11-25 17:35:31,662] {logging_mixin.py:115} INFO - [2023-11-25 17:35:31,662] {dagbag.py:508} INFO - Filling up the DagBag from /home/airflow/.local/lib/python3.7/site-packages/airflow/example_dags/example_time_delta_sensor_async.py
[2023-11-25 17:35:31,669] {processor.py:651} INFO - DAG(s) dict_keys(['example_time_delta_sensor_async']) retrieved from /home/airflow/.local/lib/python3.7/site-packages/airflow/example_dags/example_time_delta_sensor_async.py
[2023-11-25 17:35:31,724] {logging_mixin.py:115} INFO - [2023-11-25 17:35:31,724] {dag.py:2420} INFO - Sync 1 DAGs
[2023-11-25 17:35:31,751] {logging_mixin.py:115} INFO - [2023-11-25 17:35:31,751] {dag.py:2972} INFO - Setting next_dagrun for example_time_delta_sensor_async to None, run_after=None
[2023-11-25 17:35:31,767] {processor.py:161} INFO - Processing /home/airflow/.local/lib/python3.7/site-packages/airflow/example_dags/example_time_delta_sensor_async.py took 0.112 seconds
[2023-11-25 17:36:02,341] {processor.py:153} INFO - Started process (PID=930) to work on /home/airflow/.local/lib/python3.7/site-packages/airflow/example_dags/example_time_delta_sensor_async.py
[2023-11-25 17:36:02,342] {processor.py:641} INFO - Processing file /home/airflow/.local/lib/python3.7/site-packages/airflow/example_dags/example_time_delta_sensor_async.py for tasks to queue
[2023-11-25 17:36:02,343] {logging_mixin.py:115} INFO - [2023-11-25 17:36:02,343] {dagbag.py:508} INFO - Filling up the DagBag from /home/airflow/.local/lib/python3.7/site-packages/airflow/example_dags/example_time_delta_sensor_async.py
[2023-11-25 17:36:02,355] {processor.py:651} INFO - DAG(s) dict_keys(['example_time_delta_sensor_async']) retrieved from /home/airflow/.local/lib/python3.7/site-packages/airflow/example_dags/example_time_delta_sensor_async.py
[2023-11-25 17:36:02,450] {logging_mixin.py:115} INFO - [2023-11-25 17:36:02,450] {dag.py:2420} INFO - Sync 1 DAGs
[2023-11-25 17:36:02,492] {logging_mixin.py:115} INFO - [2023-11-25 17:36:02,492] {dag.py:2972} INFO - Setting next_dagrun for example_time_delta_sensor_async to None, run_after=None
[2023-11-25 17:36:02,513] {processor.py:161} INFO - Processing /home/airflow/.local/lib/python3.7/site-packages/airflow/example_dags/example_time_delta_sensor_async.py took 0.179 seconds
[2023-11-25 17:36:33,010] {processor.py:153} INFO - Started process (PID=982) to work on /home/airflow/.local/lib/python3.7/site-packages/airflow/example_dags/example_time_delta_sensor_async.py
[2023-11-25 17:36:33,011] {processor.py:641} INFO - Processing file /home/airflow/.local/lib/python3.7/site-packages/airflow/example_dags/example_time_delta_sensor_async.py for tasks to queue
[2023-11-25 17:36:33,012] {logging_mixin.py:115} INFO - [2023-11-25 17:36:33,012] {dagbag.py:508} INFO - Filling up the DagBag from /home/airflow/.local/lib/python3.7/site-packages/airflow/example_dags/example_time_delta_sensor_async.py
[2023-11-25 17:36:33,019] {processor.py:651} INFO - DAG(s) dict_keys(['example_time_delta_sensor_async']) retrieved from /home/airflow/.local/lib/python3.7/site-packages/airflow/example_dags/example_time_delta_sensor_async.py
[2023-11-25 17:36:33,083] {logging_mixin.py:115} INFO - [2023-11-25 17:36:33,083] {dag.py:2420} INFO - Sync 1 DAGs
[2023-11-25 17:36:33,115] {logging_mixin.py:115} INFO - [2023-11-25 17:36:33,115] {dag.py:2972} INFO - Setting next_dagrun for example_time_delta_sensor_async to None, run_after=None
[2023-11-25 17:36:33,134] {processor.py:161} INFO - Processing /home/airflow/.local/lib/python3.7/site-packages/airflow/example_dags/example_time_delta_sensor_async.py took 0.129 seconds
[2023-11-25 17:37:03,368] {processor.py:153} INFO - Started process (PID=1043) to work on /home/airflow/.local/lib/python3.7/site-packages/airflow/example_dags/example_time_delta_sensor_async.py
[2023-11-25 17:37:03,370] {processor.py:641} INFO - Processing file /home/airflow/.local/lib/python3.7/site-packages/airflow/example_dags/example_time_delta_sensor_async.py for tasks to queue
[2023-11-25 17:37:03,371] {logging_mixin.py:115} INFO - [2023-11-25 17:37:03,370] {dagbag.py:508} INFO - Filling up the DagBag from /home/airflow/.local/lib/python3.7/site-packages/airflow/example_dags/example_time_delta_sensor_async.py
[2023-11-25 17:37:03,378] {processor.py:651} INFO - DAG(s) dict_keys(['example_time_delta_sensor_async']) retrieved from /home/airflow/.local/lib/python3.7/site-packages/airflow/example_dags/example_time_delta_sensor_async.py
[2023-11-25 17:37:03,458] {logging_mixin.py:115} INFO - [2023-11-25 17:37:03,458] {dag.py:2420} INFO - Sync 1 DAGs
[2023-11-25 17:37:03,510] {logging_mixin.py:115} INFO - [2023-11-25 17:37:03,510] {dag.py:2972} INFO - Setting next_dagrun for example_time_delta_sensor_async to None, run_after=None
[2023-11-25 17:37:03,530] {processor.py:161} INFO - Processing /home/airflow/.local/lib/python3.7/site-packages/airflow/example_dags/example_time_delta_sensor_async.py took 0.167 seconds
[2023-11-25 17:37:33,816] {processor.py:153} INFO - Started process (PID=1102) to work on /home/airflow/.local/lib/python3.7/site-packages/airflow/example_dags/example_time_delta_sensor_async.py
[2023-11-25 17:37:33,817] {processor.py:641} INFO - Processing file /home/airflow/.local/lib/python3.7/site-packages/airflow/example_dags/example_time_delta_sensor_async.py for tasks to queue
[2023-11-25 17:37:33,818] {logging_mixin.py:115} INFO - [2023-11-25 17:37:33,818] {dagbag.py:508} INFO - Filling up the DagBag from /home/airflow/.local/lib/python3.7/site-packages/airflow/example_dags/example_time_delta_sensor_async.py
[2023-11-25 17:37:33,835] {processor.py:651} INFO - DAG(s) dict_keys(['example_time_delta_sensor_async']) retrieved from /home/airflow/.local/lib/python3.7/site-packages/airflow/example_dags/example_time_delta_sensor_async.py
[2023-11-25 17:37:33,931] {logging_mixin.py:115} INFO - [2023-11-25 17:37:33,931] {dag.py:2420} INFO - Sync 1 DAGs
[2023-11-25 17:37:33,972] {logging_mixin.py:115} INFO - [2023-11-25 17:37:33,971] {dag.py:2972} INFO - Setting next_dagrun for example_time_delta_sensor_async to None, run_after=None
[2023-11-25 17:37:33,995] {processor.py:161} INFO - Processing /home/airflow/.local/lib/python3.7/site-packages/airflow/example_dags/example_time_delta_sensor_async.py took 0.184 seconds
[2023-11-25 17:38:04,482] {processor.py:153} INFO - Started process (PID=1155) to work on /home/airflow/.local/lib/python3.7/site-packages/airflow/example_dags/example_time_delta_sensor_async.py
[2023-11-25 17:38:04,483] {processor.py:641} INFO - Processing file /home/airflow/.local/lib/python3.7/site-packages/airflow/example_dags/example_time_delta_sensor_async.py for tasks to queue
[2023-11-25 17:38:04,484] {logging_mixin.py:115} INFO - [2023-11-25 17:38:04,484] {dagbag.py:508} INFO - Filling up the DagBag from /home/airflow/.local/lib/python3.7/site-packages/airflow/example_dags/example_time_delta_sensor_async.py
[2023-11-25 17:38:04,491] {processor.py:651} INFO - DAG(s) dict_keys(['example_time_delta_sensor_async']) retrieved from /home/airflow/.local/lib/python3.7/site-packages/airflow/example_dags/example_time_delta_sensor_async.py
[2023-11-25 17:38:04,548] {logging_mixin.py:115} INFO - [2023-11-25 17:38:04,548] {dag.py:2420} INFO - Sync 1 DAGs
[2023-11-25 17:38:04,577] {logging_mixin.py:115} INFO - [2023-11-25 17:38:04,577] {dag.py:2972} INFO - Setting next_dagrun for example_time_delta_sensor_async to None, run_after=None
[2023-11-25 17:38:04,593] {processor.py:161} INFO - Processing /home/airflow/.local/lib/python3.7/site-packages/airflow/example_dags/example_time_delta_sensor_async.py took 0.116 seconds
[2023-11-25 17:38:34,662] {processor.py:153} INFO - Started process (PID=1218) to work on /home/airflow/.local/lib/python3.7/site-packages/airflow/example_dags/example_time_delta_sensor_async.py
[2023-11-25 17:38:34,663] {processor.py:641} INFO - Processing file /home/airflow/.local/lib/python3.7/site-packages/airflow/example_dags/example_time_delta_sensor_async.py for tasks to queue
[2023-11-25 17:38:34,663] {logging_mixin.py:115} INFO - [2023-11-25 17:38:34,663] {dagbag.py:508} INFO - Filling up the DagBag from /home/airflow/.local/lib/python3.7/site-packages/airflow/example_dags/example_time_delta_sensor_async.py
[2023-11-25 17:38:34,675] {processor.py:651} INFO - DAG(s) dict_keys(['example_time_delta_sensor_async']) retrieved from /home/airflow/.local/lib/python3.7/site-packages/airflow/example_dags/example_time_delta_sensor_async.py
[2023-11-25 17:38:34,735] {logging_mixin.py:115} INFO - [2023-11-25 17:38:34,734] {dag.py:2420} INFO - Sync 1 DAGs
[2023-11-25 17:38:34,767] {logging_mixin.py:115} INFO - [2023-11-25 17:38:34,767] {dag.py:2972} INFO - Setting next_dagrun for example_time_delta_sensor_async to None, run_after=None
[2023-11-25 17:38:34,780] {processor.py:161} INFO - Processing /home/airflow/.local/lib/python3.7/site-packages/airflow/example_dags/example_time_delta_sensor_async.py took 0.123 seconds
[2023-11-25 17:39:05,620] {processor.py:153} INFO - Started process (PID=1272) to work on /home/airflow/.local/lib/python3.7/site-packages/airflow/example_dags/example_time_delta_sensor_async.py
[2023-11-25 17:39:05,620] {processor.py:641} INFO - Processing file /home/airflow/.local/lib/python3.7/site-packages/airflow/example_dags/example_time_delta_sensor_async.py for tasks to queue
[2023-11-25 17:39:05,621] {logging_mixin.py:115} INFO - [2023-11-25 17:39:05,621] {dagbag.py:508} INFO - Filling up the DagBag from /home/airflow/.local/lib/python3.7/site-packages/airflow/example_dags/example_time_delta_sensor_async.py
[2023-11-25 17:39:05,628] {processor.py:651} INFO - DAG(s) dict_keys(['example_time_delta_sensor_async']) retrieved from /home/airflow/.local/lib/python3.7/site-packages/airflow/example_dags/example_time_delta_sensor_async.py
[2023-11-25 17:39:05,690] {logging_mixin.py:115} INFO - [2023-11-25 17:39:05,690] {dag.py:2420} INFO - Sync 1 DAGs
[2023-11-25 17:39:05,733] {logging_mixin.py:115} INFO - [2023-11-25 17:39:05,732] {dag.py:2972} INFO - Setting next_dagrun for example_time_delta_sensor_async to None, run_after=None
[2023-11-25 17:39:05,756] {processor.py:161} INFO - Processing /home/airflow/.local/lib/python3.7/site-packages/airflow/example_dags/example_time_delta_sensor_async.py took 0.142 seconds
[2023-11-25 17:39:36,245] {processor.py:153} INFO - Started process (PID=1335) to work on /home/airflow/.local/lib/python3.7/site-packages/airflow/example_dags/example_time_delta_sensor_async.py
[2023-11-25 17:39:36,250] {processor.py:641} INFO - Processing file /home/airflow/.local/lib/python3.7/site-packages/airflow/example_dags/example_time_delta_sensor_async.py for tasks to queue
[2023-11-25 17:39:36,251] {logging_mixin.py:115} INFO - [2023-11-25 17:39:36,250] {dagbag.py:508} INFO - Filling up the DagBag from /home/airflow/.local/lib/python3.7/site-packages/airflow/example_dags/example_time_delta_sensor_async.py
[2023-11-25 17:39:36,258] {processor.py:651} INFO - DAG(s) dict_keys(['example_time_delta_sensor_async']) retrieved from /home/airflow/.local/lib/python3.7/site-packages/airflow/example_dags/example_time_delta_sensor_async.py
[2023-11-25 17:39:36,370] {logging_mixin.py:115} INFO - [2023-11-25 17:39:36,370] {dag.py:2420} INFO - Sync 1 DAGs
[2023-11-25 17:39:36,414] {logging_mixin.py:115} INFO - [2023-11-25 17:39:36,414] {dag.py:2972} INFO - Setting next_dagrun for example_time_delta_sensor_async to None, run_after=None
[2023-11-25 17:39:36,454] {processor.py:161} INFO - Processing /home/airflow/.local/lib/python3.7/site-packages/airflow/example_dags/example_time_delta_sensor_async.py took 0.214 seconds
[2023-11-25 17:40:07,032] {processor.py:153} INFO - Started process (PID=1397) to work on /home/airflow/.local/lib/python3.7/site-packages/airflow/example_dags/example_time_delta_sensor_async.py
[2023-11-25 17:40:07,033] {processor.py:641} INFO - Processing file /home/airflow/.local/lib/python3.7/site-packages/airflow/example_dags/example_time_delta_sensor_async.py for tasks to queue
[2023-11-25 17:40:07,033] {logging_mixin.py:115} INFO - [2023-11-25 17:40:07,033] {dagbag.py:508} INFO - Filling up the DagBag from /home/airflow/.local/lib/python3.7/site-packages/airflow/example_dags/example_time_delta_sensor_async.py
[2023-11-25 17:40:07,041] {processor.py:651} INFO - DAG(s) dict_keys(['example_time_delta_sensor_async']) retrieved from /home/airflow/.local/lib/python3.7/site-packages/airflow/example_dags/example_time_delta_sensor_async.py
[2023-11-25 17:40:07,114] {logging_mixin.py:115} INFO - [2023-11-25 17:40:07,114] {dag.py:2420} INFO - Sync 1 DAGs
[2023-11-25 17:40:07,172] {logging_mixin.py:115} INFO - [2023-11-25 17:40:07,172] {dag.py:2972} INFO - Setting next_dagrun for example_time_delta_sensor_async to None, run_after=None
[2023-11-25 17:40:07,195] {processor.py:161} INFO - Processing /home/airflow/.local/lib/python3.7/site-packages/airflow/example_dags/example_time_delta_sensor_async.py took 0.168 seconds
[2023-11-25 17:40:37,749] {processor.py:153} INFO - Started process (PID=1451) to work on /home/airflow/.local/lib/python3.7/site-packages/airflow/example_dags/example_time_delta_sensor_async.py
[2023-11-25 17:40:37,750] {processor.py:641} INFO - Processing file /home/airflow/.local/lib/python3.7/site-packages/airflow/example_dags/example_time_delta_sensor_async.py for tasks to queue
[2023-11-25 17:40:37,751] {logging_mixin.py:115} INFO - [2023-11-25 17:40:37,751] {dagbag.py:508} INFO - Filling up the DagBag from /home/airflow/.local/lib/python3.7/site-packages/airflow/example_dags/example_time_delta_sensor_async.py
[2023-11-25 17:40:37,758] {processor.py:651} INFO - DAG(s) dict_keys(['example_time_delta_sensor_async']) retrieved from /home/airflow/.local/lib/python3.7/site-packages/airflow/example_dags/example_time_delta_sensor_async.py
[2023-11-25 17:40:37,862] {logging_mixin.py:115} INFO - [2023-11-25 17:40:37,862] {dag.py:2420} INFO - Sync 1 DAGs
[2023-11-25 17:40:37,895] {logging_mixin.py:115} INFO - [2023-11-25 17:40:37,895] {dag.py:2972} INFO - Setting next_dagrun for example_time_delta_sensor_async to None, run_after=None
[2023-11-25 17:40:37,908] {processor.py:161} INFO - Processing /home/airflow/.local/lib/python3.7/site-packages/airflow/example_dags/example_time_delta_sensor_async.py took 0.164 seconds
[2023-11-25 17:41:08,347] {processor.py:153} INFO - Started process (PID=1514) to work on /home/airflow/.local/lib/python3.7/site-packages/airflow/example_dags/example_time_delta_sensor_async.py
[2023-11-25 17:41:08,348] {processor.py:641} INFO - Processing file /home/airflow/.local/lib/python3.7/site-packages/airflow/example_dags/example_time_delta_sensor_async.py for tasks to queue
[2023-11-25 17:41:08,349] {logging_mixin.py:115} INFO - [2023-11-25 17:41:08,349] {dagbag.py:508} INFO - Filling up the DagBag from /home/airflow/.local/lib/python3.7/site-packages/airflow/example_dags/example_time_delta_sensor_async.py
[2023-11-25 17:41:08,356] {processor.py:651} INFO - DAG(s) dict_keys(['example_time_delta_sensor_async']) retrieved from /home/airflow/.local/lib/python3.7/site-packages/airflow/example_dags/example_time_delta_sensor_async.py
[2023-11-25 17:41:08,428] {logging_mixin.py:115} INFO - [2023-11-25 17:41:08,427] {dag.py:2420} INFO - Sync 1 DAGs
[2023-11-25 17:41:08,461] {logging_mixin.py:115} INFO - [2023-11-25 17:41:08,461] {dag.py:2972} INFO - Setting next_dagrun for example_time_delta_sensor_async to None, run_after=None
[2023-11-25 17:41:08,477] {processor.py:161} INFO - Processing /home/airflow/.local/lib/python3.7/site-packages/airflow/example_dags/example_time_delta_sensor_async.py took 0.134 seconds
[2023-11-25 17:41:39,091] {processor.py:153} INFO - Started process (PID=1577) to work on /home/airflow/.local/lib/python3.7/site-packages/airflow/example_dags/example_time_delta_sensor_async.py
[2023-11-25 17:41:39,092] {processor.py:641} INFO - Processing file /home/airflow/.local/lib/python3.7/site-packages/airflow/example_dags/example_time_delta_sensor_async.py for tasks to queue
[2023-11-25 17:41:39,093] {logging_mixin.py:115} INFO - [2023-11-25 17:41:39,093] {dagbag.py:508} INFO - Filling up the DagBag from /home/airflow/.local/lib/python3.7/site-packages/airflow/example_dags/example_time_delta_sensor_async.py
[2023-11-25 17:41:39,100] {processor.py:651} INFO - DAG(s) dict_keys(['example_time_delta_sensor_async']) retrieved from /home/airflow/.local/lib/python3.7/site-packages/airflow/example_dags/example_time_delta_sensor_async.py
[2023-11-25 17:41:39,160] {logging_mixin.py:115} INFO - [2023-11-25 17:41:39,159] {dag.py:2420} INFO - Sync 1 DAGs
[2023-11-25 17:41:39,191] {logging_mixin.py:115} INFO - [2023-11-25 17:41:39,191] {dag.py:2972} INFO - Setting next_dagrun for example_time_delta_sensor_async to None, run_after=None
[2023-11-25 17:41:39,204] {processor.py:161} INFO - Processing /home/airflow/.local/lib/python3.7/site-packages/airflow/example_dags/example_time_delta_sensor_async.py took 0.118 seconds
[2023-11-25 17:42:10,010] {processor.py:153} INFO - Started process (PID=1630) to work on /home/airflow/.local/lib/python3.7/site-packages/airflow/example_dags/example_time_delta_sensor_async.py
[2023-11-25 17:42:10,011] {processor.py:641} INFO - Processing file /home/airflow/.local/lib/python3.7/site-packages/airflow/example_dags/example_time_delta_sensor_async.py for tasks to queue
[2023-11-25 17:42:10,012] {logging_mixin.py:115} INFO - [2023-11-25 17:42:10,012] {dagbag.py:508} INFO - Filling up the DagBag from /home/airflow/.local/lib/python3.7/site-packages/airflow/example_dags/example_time_delta_sensor_async.py
[2023-11-25 17:42:10,021] {processor.py:651} INFO - DAG(s) dict_keys(['example_time_delta_sensor_async']) retrieved from /home/airflow/.local/lib/python3.7/site-packages/airflow/example_dags/example_time_delta_sensor_async.py
[2023-11-25 17:42:10,150] {logging_mixin.py:115} INFO - [2023-11-25 17:42:10,150] {dag.py:2420} INFO - Sync 1 DAGs
[2023-11-25 17:42:10,194] {logging_mixin.py:115} INFO - [2023-11-25 17:42:10,194] {dag.py:2972} INFO - Setting next_dagrun for example_time_delta_sensor_async to None, run_after=None
[2023-11-25 17:42:10,219] {processor.py:161} INFO - Processing /home/airflow/.local/lib/python3.7/site-packages/airflow/example_dags/example_time_delta_sensor_async.py took 0.222 seconds
[2023-11-25 17:42:40,568] {processor.py:153} INFO - Started process (PID=1693) to work on /home/airflow/.local/lib/python3.7/site-packages/airflow/example_dags/example_time_delta_sensor_async.py
[2023-11-25 17:42:40,570] {processor.py:641} INFO - Processing file /home/airflow/.local/lib/python3.7/site-packages/airflow/example_dags/example_time_delta_sensor_async.py for tasks to queue
[2023-11-25 17:42:40,571] {logging_mixin.py:115} INFO - [2023-11-25 17:42:40,571] {dagbag.py:508} INFO - Filling up the DagBag from /home/airflow/.local/lib/python3.7/site-packages/airflow/example_dags/example_time_delta_sensor_async.py
[2023-11-25 17:42:40,591] {processor.py:651} INFO - DAG(s) dict_keys(['example_time_delta_sensor_async']) retrieved from /home/airflow/.local/lib/python3.7/site-packages/airflow/example_dags/example_time_delta_sensor_async.py
[2023-11-25 17:42:40,680] {logging_mixin.py:115} INFO - [2023-11-25 17:42:40,680] {dag.py:2420} INFO - Sync 1 DAGs
[2023-11-25 17:42:40,708] {logging_mixin.py:115} INFO - [2023-11-25 17:42:40,708] {dag.py:2972} INFO - Setting next_dagrun for example_time_delta_sensor_async to None, run_after=None
[2023-11-25 17:42:40,721] {processor.py:161} INFO - Processing /home/airflow/.local/lib/python3.7/site-packages/airflow/example_dags/example_time_delta_sensor_async.py took 0.158 seconds
[2023-11-25 17:43:11,278] {processor.py:153} INFO - Started process (PID=1756) to work on /home/airflow/.local/lib/python3.7/site-packages/airflow/example_dags/example_time_delta_sensor_async.py
[2023-11-25 17:43:11,278] {processor.py:641} INFO - Processing file /home/airflow/.local/lib/python3.7/site-packages/airflow/example_dags/example_time_delta_sensor_async.py for tasks to queue
[2023-11-25 17:43:11,279] {logging_mixin.py:115} INFO - [2023-11-25 17:43:11,279] {dagbag.py:508} INFO - Filling up the DagBag from /home/airflow/.local/lib/python3.7/site-packages/airflow/example_dags/example_time_delta_sensor_async.py
[2023-11-25 17:43:11,287] {processor.py:651} INFO - DAG(s) dict_keys(['example_time_delta_sensor_async']) retrieved from /home/airflow/.local/lib/python3.7/site-packages/airflow/example_dags/example_time_delta_sensor_async.py
[2023-11-25 17:43:11,344] {logging_mixin.py:115} INFO - [2023-11-25 17:43:11,344] {dag.py:2420} INFO - Sync 1 DAGs
[2023-11-25 17:43:11,372] {logging_mixin.py:115} INFO - [2023-11-25 17:43:11,372] {dag.py:2972} INFO - Setting next_dagrun for example_time_delta_sensor_async to None, run_after=None
[2023-11-25 17:43:11,385] {processor.py:161} INFO - Processing /home/airflow/.local/lib/python3.7/site-packages/airflow/example_dags/example_time_delta_sensor_async.py took 0.113 seconds
[2023-11-25 17:43:41,902] {processor.py:153} INFO - Started process (PID=1810) to work on /home/airflow/.local/lib/python3.7/site-packages/airflow/example_dags/example_time_delta_sensor_async.py
[2023-11-25 17:43:41,903] {processor.py:641} INFO - Processing file /home/airflow/.local/lib/python3.7/site-packages/airflow/example_dags/example_time_delta_sensor_async.py for tasks to queue
[2023-11-25 17:43:41,903] {logging_mixin.py:115} INFO - [2023-11-25 17:43:41,903] {dagbag.py:508} INFO - Filling up the DagBag from /home/airflow/.local/lib/python3.7/site-packages/airflow/example_dags/example_time_delta_sensor_async.py
[2023-11-25 17:43:41,912] {processor.py:651} INFO - DAG(s) dict_keys(['example_time_delta_sensor_async']) retrieved from /home/airflow/.local/lib/python3.7/site-packages/airflow/example_dags/example_time_delta_sensor_async.py
[2023-11-25 17:43:41,971] {logging_mixin.py:115} INFO - [2023-11-25 17:43:41,971] {dag.py:2420} INFO - Sync 1 DAGs
[2023-11-25 17:43:41,999] {logging_mixin.py:115} INFO - [2023-11-25 17:43:41,999] {dag.py:2972} INFO - Setting next_dagrun for example_time_delta_sensor_async to None, run_after=None
[2023-11-25 17:43:42,014] {processor.py:161} INFO - Processing /home/airflow/.local/lib/python3.7/site-packages/airflow/example_dags/example_time_delta_sensor_async.py took 0.117 seconds
[2023-11-25 17:44:12,677] {processor.py:153} INFO - Started process (PID=1876) to work on /home/airflow/.local/lib/python3.7/site-packages/airflow/example_dags/example_time_delta_sensor_async.py
[2023-11-25 17:44:12,678] {processor.py:641} INFO - Processing file /home/airflow/.local/lib/python3.7/site-packages/airflow/example_dags/example_time_delta_sensor_async.py for tasks to queue
[2023-11-25 17:44:12,679] {logging_mixin.py:115} INFO - [2023-11-25 17:44:12,679] {dagbag.py:508} INFO - Filling up the DagBag from /home/airflow/.local/lib/python3.7/site-packages/airflow/example_dags/example_time_delta_sensor_async.py
[2023-11-25 17:44:12,687] {processor.py:651} INFO - DAG(s) dict_keys(['example_time_delta_sensor_async']) retrieved from /home/airflow/.local/lib/python3.7/site-packages/airflow/example_dags/example_time_delta_sensor_async.py
[2023-11-25 17:44:12,741] {logging_mixin.py:115} INFO - [2023-11-25 17:44:12,741] {dag.py:2420} INFO - Sync 1 DAGs
[2023-11-25 17:44:12,773] {logging_mixin.py:115} INFO - [2023-11-25 17:44:12,773] {dag.py:2972} INFO - Setting next_dagrun for example_time_delta_sensor_async to None, run_after=None
[2023-11-25 17:44:12,786] {processor.py:161} INFO - Processing /home/airflow/.local/lib/python3.7/site-packages/airflow/example_dags/example_time_delta_sensor_async.py took 0.113 seconds
[2023-11-25 17:44:43,543] {processor.py:153} INFO - Started process (PID=1930) to work on /home/airflow/.local/lib/python3.7/site-packages/airflow/example_dags/example_time_delta_sensor_async.py
[2023-11-25 17:44:43,544] {processor.py:641} INFO - Processing file /home/airflow/.local/lib/python3.7/site-packages/airflow/example_dags/example_time_delta_sensor_async.py for tasks to queue
[2023-11-25 17:44:43,545] {logging_mixin.py:115} INFO - [2023-11-25 17:44:43,545] {dagbag.py:508} INFO - Filling up the DagBag from /home/airflow/.local/lib/python3.7/site-packages/airflow/example_dags/example_time_delta_sensor_async.py
[2023-11-25 17:44:43,553] {processor.py:651} INFO - DAG(s) dict_keys(['example_time_delta_sensor_async']) retrieved from /home/airflow/.local/lib/python3.7/site-packages/airflow/example_dags/example_time_delta_sensor_async.py
[2023-11-25 17:44:43,611] {logging_mixin.py:115} INFO - [2023-11-25 17:44:43,611] {dag.py:2420} INFO - Sync 1 DAGs
[2023-11-25 17:44:43,639] {logging_mixin.py:115} INFO - [2023-11-25 17:44:43,638] {dag.py:2972} INFO - Setting next_dagrun for example_time_delta_sensor_async to None, run_after=None
[2023-11-25 17:44:43,653] {processor.py:161} INFO - Processing /home/airflow/.local/lib/python3.7/site-packages/airflow/example_dags/example_time_delta_sensor_async.py took 0.114 seconds
[2023-11-25 17:45:14,244] {processor.py:153} INFO - Started process (PID=1993) to work on /home/airflow/.local/lib/python3.7/site-packages/airflow/example_dags/example_time_delta_sensor_async.py
[2023-11-25 17:45:14,245] {processor.py:641} INFO - Processing file /home/airflow/.local/lib/python3.7/site-packages/airflow/example_dags/example_time_delta_sensor_async.py for tasks to queue
[2023-11-25 17:45:14,245] {logging_mixin.py:115} INFO - [2023-11-25 17:45:14,245] {dagbag.py:508} INFO - Filling up the DagBag from /home/airflow/.local/lib/python3.7/site-packages/airflow/example_dags/example_time_delta_sensor_async.py
[2023-11-25 17:45:14,253] {processor.py:651} INFO - DAG(s) dict_keys(['example_time_delta_sensor_async']) retrieved from /home/airflow/.local/lib/python3.7/site-packages/airflow/example_dags/example_time_delta_sensor_async.py
[2023-11-25 17:45:14,313] {logging_mixin.py:115} INFO - [2023-11-25 17:45:14,313] {dag.py:2420} INFO - Sync 1 DAGs
[2023-11-25 17:45:14,341] {logging_mixin.py:115} INFO - [2023-11-25 17:45:14,341] {dag.py:2972} INFO - Setting next_dagrun for example_time_delta_sensor_async to None, run_after=None
[2023-11-25 17:45:14,356] {processor.py:161} INFO - Processing /home/airflow/.local/lib/python3.7/site-packages/airflow/example_dags/example_time_delta_sensor_async.py took 0.117 seconds
[2023-11-25 17:45:44,912] {processor.py:153} INFO - Started process (PID=2056) to work on /home/airflow/.local/lib/python3.7/site-packages/airflow/example_dags/example_time_delta_sensor_async.py
[2023-11-25 17:45:44,913] {processor.py:641} INFO - Processing file /home/airflow/.local/lib/python3.7/site-packages/airflow/example_dags/example_time_delta_sensor_async.py for tasks to queue
[2023-11-25 17:45:44,913] {logging_mixin.py:115} INFO - [2023-11-25 17:45:44,913] {dagbag.py:508} INFO - Filling up the DagBag from /home/airflow/.local/lib/python3.7/site-packages/airflow/example_dags/example_time_delta_sensor_async.py
[2023-11-25 17:45:44,930] {processor.py:651} INFO - DAG(s) dict_keys(['example_time_delta_sensor_async']) retrieved from /home/airflow/.local/lib/python3.7/site-packages/airflow/example_dags/example_time_delta_sensor_async.py
[2023-11-25 17:45:45,019] {logging_mixin.py:115} INFO - [2023-11-25 17:45:45,018] {dag.py:2420} INFO - Sync 1 DAGs
[2023-11-25 17:45:45,072] {logging_mixin.py:115} INFO - [2023-11-25 17:45:45,072] {dag.py:2972} INFO - Setting next_dagrun for example_time_delta_sensor_async to None, run_after=None
[2023-11-25 17:45:45,093] {processor.py:161} INFO - Processing /home/airflow/.local/lib/python3.7/site-packages/airflow/example_dags/example_time_delta_sensor_async.py took 0.203 seconds
[2023-11-25 17:46:16,066] {processor.py:153} INFO - Started process (PID=2110) to work on /home/airflow/.local/lib/python3.7/site-packages/airflow/example_dags/example_time_delta_sensor_async.py
[2023-11-25 17:46:16,067] {processor.py:641} INFO - Processing file /home/airflow/.local/lib/python3.7/site-packages/airflow/example_dags/example_time_delta_sensor_async.py for tasks to queue
[2023-11-25 17:46:16,068] {logging_mixin.py:115} INFO - [2023-11-25 17:46:16,068] {dagbag.py:508} INFO - Filling up the DagBag from /home/airflow/.local/lib/python3.7/site-packages/airflow/example_dags/example_time_delta_sensor_async.py
[2023-11-25 17:46:16,076] {processor.py:651} INFO - DAG(s) dict_keys(['example_time_delta_sensor_async']) retrieved from /home/airflow/.local/lib/python3.7/site-packages/airflow/example_dags/example_time_delta_sensor_async.py
[2023-11-25 17:46:16,136] {logging_mixin.py:115} INFO - [2023-11-25 17:46:16,136] {dag.py:2420} INFO - Sync 1 DAGs
[2023-11-25 17:46:16,165] {logging_mixin.py:115} INFO - [2023-11-25 17:46:16,165] {dag.py:2972} INFO - Setting next_dagrun for example_time_delta_sensor_async to None, run_after=None
[2023-11-25 17:46:16,178] {processor.py:161} INFO - Processing /home/airflow/.local/lib/python3.7/site-packages/airflow/example_dags/example_time_delta_sensor_async.py took 0.116 seconds
[2023-11-25 17:46:46,800] {processor.py:153} INFO - Started process (PID=2173) to work on /home/airflow/.local/lib/python3.7/site-packages/airflow/example_dags/example_time_delta_sensor_async.py
[2023-11-25 17:46:46,801] {processor.py:641} INFO - Processing file /home/airflow/.local/lib/python3.7/site-packages/airflow/example_dags/example_time_delta_sensor_async.py for tasks to queue
[2023-11-25 17:46:46,802] {logging_mixin.py:115} INFO - [2023-11-25 17:46:46,802] {dagbag.py:508} INFO - Filling up the DagBag from /home/airflow/.local/lib/python3.7/site-packages/airflow/example_dags/example_time_delta_sensor_async.py
[2023-11-25 17:46:46,815] {processor.py:651} INFO - DAG(s) dict_keys(['example_time_delta_sensor_async']) retrieved from /home/airflow/.local/lib/python3.7/site-packages/airflow/example_dags/example_time_delta_sensor_async.py
[2023-11-25 17:46:46,876] {logging_mixin.py:115} INFO - [2023-11-25 17:46:46,876] {dag.py:2420} INFO - Sync 1 DAGs
[2023-11-25 17:46:46,921] {logging_mixin.py:115} INFO - [2023-11-25 17:46:46,920] {dag.py:2972} INFO - Setting next_dagrun for example_time_delta_sensor_async to None, run_after=None
[2023-11-25 17:46:46,950] {processor.py:161} INFO - Processing /home/airflow/.local/lib/python3.7/site-packages/airflow/example_dags/example_time_delta_sensor_async.py took 0.155 seconds
[2023-11-25 17:47:17,425] {processor.py:153} INFO - Started process (PID=2235) to work on /home/airflow/.local/lib/python3.7/site-packages/airflow/example_dags/example_time_delta_sensor_async.py
[2023-11-25 17:47:17,426] {processor.py:641} INFO - Processing file /home/airflow/.local/lib/python3.7/site-packages/airflow/example_dags/example_time_delta_sensor_async.py for tasks to queue
[2023-11-25 17:47:17,426] {logging_mixin.py:115} INFO - [2023-11-25 17:47:17,426] {dagbag.py:508} INFO - Filling up the DagBag from /home/airflow/.local/lib/python3.7/site-packages/airflow/example_dags/example_time_delta_sensor_async.py
[2023-11-25 17:47:17,435] {processor.py:651} INFO - DAG(s) dict_keys(['example_time_delta_sensor_async']) retrieved from /home/airflow/.local/lib/python3.7/site-packages/airflow/example_dags/example_time_delta_sensor_async.py
[2023-11-25 17:47:17,498] {logging_mixin.py:115} INFO - [2023-11-25 17:47:17,498] {dag.py:2420} INFO - Sync 1 DAGs
[2023-11-25 17:47:17,527] {logging_mixin.py:115} INFO - [2023-11-25 17:47:17,527] {dag.py:2972} INFO - Setting next_dagrun for example_time_delta_sensor_async to None, run_after=None
[2023-11-25 17:47:17,541] {processor.py:161} INFO - Processing /home/airflow/.local/lib/python3.7/site-packages/airflow/example_dags/example_time_delta_sensor_async.py took 0.121 seconds
[2023-11-25 17:47:47,732] {processor.py:153} INFO - Started process (PID=2289) to work on /home/airflow/.local/lib/python3.7/site-packages/airflow/example_dags/example_time_delta_sensor_async.py
[2023-11-25 17:47:47,733] {processor.py:641} INFO - Processing file /home/airflow/.local/lib/python3.7/site-packages/airflow/example_dags/example_time_delta_sensor_async.py for tasks to queue
[2023-11-25 17:47:47,734] {logging_mixin.py:115} INFO - [2023-11-25 17:47:47,734] {dagbag.py:508} INFO - Filling up the DagBag from /home/airflow/.local/lib/python3.7/site-packages/airflow/example_dags/example_time_delta_sensor_async.py
[2023-11-25 17:47:47,743] {processor.py:651} INFO - DAG(s) dict_keys(['example_time_delta_sensor_async']) retrieved from /home/airflow/.local/lib/python3.7/site-packages/airflow/example_dags/example_time_delta_sensor_async.py
[2023-11-25 17:47:47,833] {logging_mixin.py:115} INFO - [2023-11-25 17:47:47,833] {dag.py:2420} INFO - Sync 1 DAGs
[2023-11-25 17:47:47,874] {logging_mixin.py:115} INFO - [2023-11-25 17:47:47,874] {dag.py:2972} INFO - Setting next_dagrun for example_time_delta_sensor_async to None, run_after=None
[2023-11-25 17:47:47,887] {processor.py:161} INFO - Processing /home/airflow/.local/lib/python3.7/site-packages/airflow/example_dags/example_time_delta_sensor_async.py took 0.160 seconds
[2023-11-25 17:48:18,405] {processor.py:153} INFO - Started process (PID=2352) to work on /home/airflow/.local/lib/python3.7/site-packages/airflow/example_dags/example_time_delta_sensor_async.py
[2023-11-25 17:48:18,410] {processor.py:641} INFO - Processing file /home/airflow/.local/lib/python3.7/site-packages/airflow/example_dags/example_time_delta_sensor_async.py for tasks to queue
[2023-11-25 17:48:18,411] {logging_mixin.py:115} INFO - [2023-11-25 17:48:18,411] {dagbag.py:508} INFO - Filling up the DagBag from /home/airflow/.local/lib/python3.7/site-packages/airflow/example_dags/example_time_delta_sensor_async.py
[2023-11-25 17:48:18,420] {processor.py:651} INFO - DAG(s) dict_keys(['example_time_delta_sensor_async']) retrieved from /home/airflow/.local/lib/python3.7/site-packages/airflow/example_dags/example_time_delta_sensor_async.py
[2023-11-25 17:48:18,513] {logging_mixin.py:115} INFO - [2023-11-25 17:48:18,513] {dag.py:2420} INFO - Sync 1 DAGs
[2023-11-25 17:48:18,573] {logging_mixin.py:115} INFO - [2023-11-25 17:48:18,573] {dag.py:2972} INFO - Setting next_dagrun for example_time_delta_sensor_async to None, run_after=None
[2023-11-25 17:48:18,610] {processor.py:161} INFO - Processing /home/airflow/.local/lib/python3.7/site-packages/airflow/example_dags/example_time_delta_sensor_async.py took 0.211 seconds
[2023-11-25 17:48:49,619] {processor.py:153} INFO - Started process (PID=2419) to work on /home/airflow/.local/lib/python3.7/site-packages/airflow/example_dags/example_time_delta_sensor_async.py
[2023-11-25 17:48:49,620] {processor.py:641} INFO - Processing file /home/airflow/.local/lib/python3.7/site-packages/airflow/example_dags/example_time_delta_sensor_async.py for tasks to queue
[2023-11-25 17:48:49,620] {logging_mixin.py:115} INFO - [2023-11-25 17:48:49,620] {dagbag.py:508} INFO - Filling up the DagBag from /home/airflow/.local/lib/python3.7/site-packages/airflow/example_dags/example_time_delta_sensor_async.py
[2023-11-25 17:48:49,628] {processor.py:651} INFO - DAG(s) dict_keys(['example_time_delta_sensor_async']) retrieved from /home/airflow/.local/lib/python3.7/site-packages/airflow/example_dags/example_time_delta_sensor_async.py
[2023-11-25 17:48:49,690] {logging_mixin.py:115} INFO - [2023-11-25 17:48:49,690] {dag.py:2420} INFO - Sync 1 DAGs
[2023-11-25 17:48:49,722] {logging_mixin.py:115} INFO - [2023-11-25 17:48:49,722] {dag.py:2972} INFO - Setting next_dagrun for example_time_delta_sensor_async to None, run_after=None
[2023-11-25 17:48:49,741] {processor.py:161} INFO - Processing /home/airflow/.local/lib/python3.7/site-packages/airflow/example_dags/example_time_delta_sensor_async.py took 0.127 seconds
[2023-11-25 17:49:19,887] {processor.py:153} INFO - Started process (PID=2473) to work on /home/airflow/.local/lib/python3.7/site-packages/airflow/example_dags/example_time_delta_sensor_async.py
[2023-11-25 17:49:19,888] {processor.py:641} INFO - Processing file /home/airflow/.local/lib/python3.7/site-packages/airflow/example_dags/example_time_delta_sensor_async.py for tasks to queue
[2023-11-25 17:49:19,889] {logging_mixin.py:115} INFO - [2023-11-25 17:49:19,889] {dagbag.py:508} INFO - Filling up the DagBag from /home/airflow/.local/lib/python3.7/site-packages/airflow/example_dags/example_time_delta_sensor_async.py
[2023-11-25 17:49:19,896] {processor.py:651} INFO - DAG(s) dict_keys(['example_time_delta_sensor_async']) retrieved from /home/airflow/.local/lib/python3.7/site-packages/airflow/example_dags/example_time_delta_sensor_async.py
[2023-11-25 17:49:19,952] {logging_mixin.py:115} INFO - [2023-11-25 17:49:19,951] {dag.py:2420} INFO - Sync 1 DAGs
[2023-11-25 17:49:19,979] {logging_mixin.py:115} INFO - [2023-11-25 17:49:19,979] {dag.py:2972} INFO - Setting next_dagrun for example_time_delta_sensor_async to None, run_after=None
[2023-11-25 17:49:19,991] {processor.py:161} INFO - Processing /home/airflow/.local/lib/python3.7/site-packages/airflow/example_dags/example_time_delta_sensor_async.py took 0.109 seconds
[2023-11-25 17:49:50,208] {processor.py:153} INFO - Started process (PID=2536) to work on /home/airflow/.local/lib/python3.7/site-packages/airflow/example_dags/example_time_delta_sensor_async.py
[2023-11-25 17:49:50,209] {processor.py:641} INFO - Processing file /home/airflow/.local/lib/python3.7/site-packages/airflow/example_dags/example_time_delta_sensor_async.py for tasks to queue
[2023-11-25 17:49:50,209] {logging_mixin.py:115} INFO - [2023-11-25 17:49:50,209] {dagbag.py:508} INFO - Filling up the DagBag from /home/airflow/.local/lib/python3.7/site-packages/airflow/example_dags/example_time_delta_sensor_async.py
[2023-11-25 17:49:50,217] {processor.py:651} INFO - DAG(s) dict_keys(['example_time_delta_sensor_async']) retrieved from /home/airflow/.local/lib/python3.7/site-packages/airflow/example_dags/example_time_delta_sensor_async.py
[2023-11-25 17:49:50,273] {logging_mixin.py:115} INFO - [2023-11-25 17:49:50,273] {dag.py:2420} INFO - Sync 1 DAGs
[2023-11-25 17:49:50,301] {logging_mixin.py:115} INFO - [2023-11-25 17:49:50,301] {dag.py:2972} INFO - Setting next_dagrun for example_time_delta_sensor_async to None, run_after=None
[2023-11-25 17:49:50,314] {processor.py:161} INFO - Processing /home/airflow/.local/lib/python3.7/site-packages/airflow/example_dags/example_time_delta_sensor_async.py took 0.112 seconds
[2023-11-25 17:50:20,629] {processor.py:153} INFO - Started process (PID=2599) to work on /home/airflow/.local/lib/python3.7/site-packages/airflow/example_dags/example_time_delta_sensor_async.py
[2023-11-25 17:50:20,630] {processor.py:641} INFO - Processing file /home/airflow/.local/lib/python3.7/site-packages/airflow/example_dags/example_time_delta_sensor_async.py for tasks to queue
[2023-11-25 17:50:20,631] {logging_mixin.py:115} INFO - [2023-11-25 17:50:20,631] {dagbag.py:508} INFO - Filling up the DagBag from /home/airflow/.local/lib/python3.7/site-packages/airflow/example_dags/example_time_delta_sensor_async.py
[2023-11-25 17:50:20,638] {processor.py:651} INFO - DAG(s) dict_keys(['example_time_delta_sensor_async']) retrieved from /home/airflow/.local/lib/python3.7/site-packages/airflow/example_dags/example_time_delta_sensor_async.py
[2023-11-25 17:50:20,695] {logging_mixin.py:115} INFO - [2023-11-25 17:50:20,695] {dag.py:2420} INFO - Sync 1 DAGs
[2023-11-25 17:50:20,723] {logging_mixin.py:115} INFO - [2023-11-25 17:50:20,723] {dag.py:2972} INFO - Setting next_dagrun for example_time_delta_sensor_async to None, run_after=None
[2023-11-25 17:50:20,738] {processor.py:161} INFO - Processing /home/airflow/.local/lib/python3.7/site-packages/airflow/example_dags/example_time_delta_sensor_async.py took 0.114 seconds
[2023-11-25 17:50:51,127] {processor.py:153} INFO - Started process (PID=2652) to work on /home/airflow/.local/lib/python3.7/site-packages/airflow/example_dags/example_time_delta_sensor_async.py
[2023-11-25 17:50:51,128] {processor.py:641} INFO - Processing file /home/airflow/.local/lib/python3.7/site-packages/airflow/example_dags/example_time_delta_sensor_async.py for tasks to queue
[2023-11-25 17:50:51,128] {logging_mixin.py:115} INFO - [2023-11-25 17:50:51,128] {dagbag.py:508} INFO - Filling up the DagBag from /home/airflow/.local/lib/python3.7/site-packages/airflow/example_dags/example_time_delta_sensor_async.py
[2023-11-25 17:50:51,136] {processor.py:651} INFO - DAG(s) dict_keys(['example_time_delta_sensor_async']) retrieved from /home/airflow/.local/lib/python3.7/site-packages/airflow/example_dags/example_time_delta_sensor_async.py
[2023-11-25 17:50:51,193] {logging_mixin.py:115} INFO - [2023-11-25 17:50:51,193] {dag.py:2420} INFO - Sync 1 DAGs
[2023-11-25 17:50:51,222] {logging_mixin.py:115} INFO - [2023-11-25 17:50:51,221] {dag.py:2972} INFO - Setting next_dagrun for example_time_delta_sensor_async to None, run_after=None
[2023-11-25 17:50:51,240] {processor.py:161} INFO - Processing /home/airflow/.local/lib/python3.7/site-packages/airflow/example_dags/example_time_delta_sensor_async.py took 0.118 seconds
[2023-11-25 17:51:21,646] {processor.py:153} INFO - Started process (PID=2714) to work on /home/airflow/.local/lib/python3.7/site-packages/airflow/example_dags/example_time_delta_sensor_async.py
[2023-11-25 17:51:21,647] {processor.py:641} INFO - Processing file /home/airflow/.local/lib/python3.7/site-packages/airflow/example_dags/example_time_delta_sensor_async.py for tasks to queue
[2023-11-25 17:51:21,647] {logging_mixin.py:115} INFO - [2023-11-25 17:51:21,647] {dagbag.py:508} INFO - Filling up the DagBag from /home/airflow/.local/lib/python3.7/site-packages/airflow/example_dags/example_time_delta_sensor_async.py
[2023-11-25 17:51:21,654] {processor.py:651} INFO - DAG(s) dict_keys(['example_time_delta_sensor_async']) retrieved from /home/airflow/.local/lib/python3.7/site-packages/airflow/example_dags/example_time_delta_sensor_async.py
[2023-11-25 17:51:21,710] {logging_mixin.py:115} INFO - [2023-11-25 17:51:21,710] {dag.py:2420} INFO - Sync 1 DAGs
[2023-11-25 17:51:21,742] {logging_mixin.py:115} INFO - [2023-11-25 17:51:21,741] {dag.py:2972} INFO - Setting next_dagrun for example_time_delta_sensor_async to None, run_after=None
[2023-11-25 17:51:21,755] {processor.py:161} INFO - Processing /home/airflow/.local/lib/python3.7/site-packages/airflow/example_dags/example_time_delta_sensor_async.py took 0.115 seconds
[2023-11-25 17:51:52,360] {processor.py:153} INFO - Started process (PID=2767) to work on /home/airflow/.local/lib/python3.7/site-packages/airflow/example_dags/example_time_delta_sensor_async.py
[2023-11-25 17:51:52,361] {processor.py:641} INFO - Processing file /home/airflow/.local/lib/python3.7/site-packages/airflow/example_dags/example_time_delta_sensor_async.py for tasks to queue
[2023-11-25 17:51:52,362] {logging_mixin.py:115} INFO - [2023-11-25 17:51:52,362] {dagbag.py:508} INFO - Filling up the DagBag from /home/airflow/.local/lib/python3.7/site-packages/airflow/example_dags/example_time_delta_sensor_async.py
[2023-11-25 17:51:52,370] {processor.py:651} INFO - DAG(s) dict_keys(['example_time_delta_sensor_async']) retrieved from /home/airflow/.local/lib/python3.7/site-packages/airflow/example_dags/example_time_delta_sensor_async.py
[2023-11-25 17:51:52,430] {logging_mixin.py:115} INFO - [2023-11-25 17:51:52,430] {dag.py:2420} INFO - Sync 1 DAGs
[2023-11-25 17:51:52,462] {logging_mixin.py:115} INFO - [2023-11-25 17:51:52,462] {dag.py:2972} INFO - Setting next_dagrun for example_time_delta_sensor_async to None, run_after=None
[2023-11-25 17:51:52,478] {processor.py:161} INFO - Processing /home/airflow/.local/lib/python3.7/site-packages/airflow/example_dags/example_time_delta_sensor_async.py took 0.123 seconds
[2023-11-25 17:52:22,644] {processor.py:153} INFO - Started process (PID=2829) to work on /home/airflow/.local/lib/python3.7/site-packages/airflow/example_dags/example_time_delta_sensor_async.py
[2023-11-25 17:52:22,645] {processor.py:641} INFO - Processing file /home/airflow/.local/lib/python3.7/site-packages/airflow/example_dags/example_time_delta_sensor_async.py for tasks to queue
[2023-11-25 17:52:22,646] {logging_mixin.py:115} INFO - [2023-11-25 17:52:22,646] {dagbag.py:508} INFO - Filling up the DagBag from /home/airflow/.local/lib/python3.7/site-packages/airflow/example_dags/example_time_delta_sensor_async.py
[2023-11-25 17:52:22,654] {processor.py:651} INFO - DAG(s) dict_keys(['example_time_delta_sensor_async']) retrieved from /home/airflow/.local/lib/python3.7/site-packages/airflow/example_dags/example_time_delta_sensor_async.py
[2023-11-25 17:52:22,714] {logging_mixin.py:115} INFO - [2023-11-25 17:52:22,714] {dag.py:2420} INFO - Sync 1 DAGs
[2023-11-25 17:52:22,749] {logging_mixin.py:115} INFO - [2023-11-25 17:52:22,749] {dag.py:2972} INFO - Setting next_dagrun for example_time_delta_sensor_async to None, run_after=None
[2023-11-25 17:52:22,763] {processor.py:161} INFO - Processing /home/airflow/.local/lib/python3.7/site-packages/airflow/example_dags/example_time_delta_sensor_async.py took 0.124 seconds
[2023-11-25 17:52:53,138] {processor.py:153} INFO - Started process (PID=2891) to work on /home/airflow/.local/lib/python3.7/site-packages/airflow/example_dags/example_time_delta_sensor_async.py
[2023-11-25 17:52:53,139] {processor.py:641} INFO - Processing file /home/airflow/.local/lib/python3.7/site-packages/airflow/example_dags/example_time_delta_sensor_async.py for tasks to queue
[2023-11-25 17:52:53,140] {logging_mixin.py:115} INFO - [2023-11-25 17:52:53,140] {dagbag.py:508} INFO - Filling up the DagBag from /home/airflow/.local/lib/python3.7/site-packages/airflow/example_dags/example_time_delta_sensor_async.py
[2023-11-25 17:52:53,156] {processor.py:651} INFO - DAG(s) dict_keys(['example_time_delta_sensor_async']) retrieved from /home/airflow/.local/lib/python3.7/site-packages/airflow/example_dags/example_time_delta_sensor_async.py
[2023-11-25 17:52:53,275] {logging_mixin.py:115} INFO - [2023-11-25 17:52:53,275] {dag.py:2420} INFO - Sync 1 DAGs
[2023-11-25 17:52:53,336] {logging_mixin.py:115} INFO - [2023-11-25 17:52:53,336] {dag.py:2972} INFO - Setting next_dagrun for example_time_delta_sensor_async to None, run_after=None
[2023-11-25 17:52:53,390] {processor.py:161} INFO - Processing /home/airflow/.local/lib/python3.7/site-packages/airflow/example_dags/example_time_delta_sensor_async.py took 0.257 seconds
[2023-11-25 17:53:23,890] {processor.py:153} INFO - Started process (PID=2945) to work on /home/airflow/.local/lib/python3.7/site-packages/airflow/example_dags/example_time_delta_sensor_async.py
[2023-11-25 17:53:23,891] {processor.py:641} INFO - Processing file /home/airflow/.local/lib/python3.7/site-packages/airflow/example_dags/example_time_delta_sensor_async.py for tasks to queue
[2023-11-25 17:53:23,892] {logging_mixin.py:115} INFO - [2023-11-25 17:53:23,892] {dagbag.py:508} INFO - Filling up the DagBag from /home/airflow/.local/lib/python3.7/site-packages/airflow/example_dags/example_time_delta_sensor_async.py
[2023-11-25 17:53:23,901] {processor.py:651} INFO - DAG(s) dict_keys(['example_time_delta_sensor_async']) retrieved from /home/airflow/.local/lib/python3.7/site-packages/airflow/example_dags/example_time_delta_sensor_async.py
[2023-11-25 17:53:23,965] {logging_mixin.py:115} INFO - [2023-11-25 17:53:23,965] {dag.py:2420} INFO - Sync 1 DAGs
[2023-11-25 17:53:23,997] {logging_mixin.py:115} INFO - [2023-11-25 17:53:23,997] {dag.py:2972} INFO - Setting next_dagrun for example_time_delta_sensor_async to None, run_after=None
[2023-11-25 17:53:24,014] {processor.py:161} INFO - Processing /home/airflow/.local/lib/python3.7/site-packages/airflow/example_dags/example_time_delta_sensor_async.py took 0.129 seconds
[2023-11-25 17:53:54,050] {processor.py:153} INFO - Started process (PID=3008) to work on /home/airflow/.local/lib/python3.7/site-packages/airflow/example_dags/example_time_delta_sensor_async.py
[2023-11-25 17:53:54,051] {processor.py:641} INFO - Processing file /home/airflow/.local/lib/python3.7/site-packages/airflow/example_dags/example_time_delta_sensor_async.py for tasks to queue
[2023-11-25 17:53:54,052] {logging_mixin.py:115} INFO - [2023-11-25 17:53:54,052] {dagbag.py:508} INFO - Filling up the DagBag from /home/airflow/.local/lib/python3.7/site-packages/airflow/example_dags/example_time_delta_sensor_async.py
[2023-11-25 17:53:54,062] {processor.py:651} INFO - DAG(s) dict_keys(['example_time_delta_sensor_async']) retrieved from /home/airflow/.local/lib/python3.7/site-packages/airflow/example_dags/example_time_delta_sensor_async.py
[2023-11-25 17:53:54,122] {logging_mixin.py:115} INFO - [2023-11-25 17:53:54,122] {dag.py:2420} INFO - Sync 1 DAGs
[2023-11-25 17:53:54,166] {logging_mixin.py:115} INFO - [2023-11-25 17:53:54,166] {dag.py:2972} INFO - Setting next_dagrun for example_time_delta_sensor_async to None, run_after=None
[2023-11-25 17:53:54,182] {processor.py:161} INFO - Processing /home/airflow/.local/lib/python3.7/site-packages/airflow/example_dags/example_time_delta_sensor_async.py took 0.138 seconds
