[2023-11-25 17:28:19,993] {processor.py:153} INFO - Started process (PID=64) to work on /home/airflow/.local/lib/python3.7/site-packages/airflow/example_dags/example_skip_dag.py
[2023-11-25 17:28:19,993] {processor.py:641} INFO - Processing file /home/airflow/.local/lib/python3.7/site-packages/airflow/example_dags/example_skip_dag.py for tasks to queue
[2023-11-25 17:28:20,010] {logging_mixin.py:115} INFO - [2023-11-25 17:28:20,010] {dagbag.py:508} INFO - Filling up the DagBag from /home/airflow/.local/lib/python3.7/site-packages/airflow/example_dags/example_skip_dag.py
[2023-11-25 17:28:20,092] {processor.py:651} INFO - DAG(s) dict_keys(['example_skip_dag']) retrieved from /home/airflow/.local/lib/python3.7/site-packages/airflow/example_dags/example_skip_dag.py
[2023-11-25 17:28:22,192] {logging_mixin.py:115} INFO - [2023-11-25 17:28:22,191] {manager.py:508} INFO - Created Permission View: can delete on DAG:example_skip_dag
[2023-11-25 17:28:22,270] {logging_mixin.py:115} INFO - [2023-11-25 17:28:22,270] {manager.py:508} INFO - Created Permission View: can edit on DAG:example_skip_dag
[2023-11-25 17:28:22,312] {logging_mixin.py:115} INFO - [2023-11-25 17:28:22,312] {manager.py:508} INFO - Created Permission View: can read on DAG:example_skip_dag
[2023-11-25 17:28:22,313] {logging_mixin.py:115} INFO - [2023-11-25 17:28:22,312] {dag.py:2420} INFO - Sync 1 DAGs
[2023-11-25 17:28:22,390] {logging_mixin.py:115} INFO - [2023-11-25 17:28:22,377] {dag.py:2439} INFO - Creating ORM DAG for example_skip_dag
[2023-11-25 17:28:22,493] {logging_mixin.py:115} INFO - [2023-11-25 17:28:22,493] {dag.py:2972} INFO - Setting next_dagrun for example_skip_dag to 2023-11-24T17:28:22.493249+00:00, run_after=2023-11-25T17:28:22.493249+00:00
[2023-11-25 17:28:22,572] {processor.py:161} INFO - Processing /home/airflow/.local/lib/python3.7/site-packages/airflow/example_dags/example_skip_dag.py took 2.600 seconds
[2023-11-25 17:28:53,034] {processor.py:153} INFO - Started process (PID=117) to work on /home/airflow/.local/lib/python3.7/site-packages/airflow/example_dags/example_skip_dag.py
[2023-11-25 17:28:53,167] {processor.py:641} INFO - Processing file /home/airflow/.local/lib/python3.7/site-packages/airflow/example_dags/example_skip_dag.py for tasks to queue
[2023-11-25 17:28:53,168] {logging_mixin.py:115} INFO - [2023-11-25 17:28:53,168] {dagbag.py:508} INFO - Filling up the DagBag from /home/airflow/.local/lib/python3.7/site-packages/airflow/example_dags/example_skip_dag.py
[2023-11-25 17:28:53,194] {processor.py:651} INFO - DAG(s) dict_keys(['example_skip_dag']) retrieved from /home/airflow/.local/lib/python3.7/site-packages/airflow/example_dags/example_skip_dag.py
[2023-11-25 17:28:53,370] {logging_mixin.py:115} INFO - [2023-11-25 17:28:53,357] {dag.py:2420} INFO - Sync 1 DAGs
[2023-11-25 17:28:53,512] {logging_mixin.py:115} INFO - [2023-11-25 17:28:53,512] {dag.py:2972} INFO - Setting next_dagrun for example_skip_dag to 2023-11-24T17:28:53.512110+00:00, run_after=2023-11-25T17:28:53.512110+00:00
[2023-11-25 17:28:53,717] {processor.py:161} INFO - Processing /home/airflow/.local/lib/python3.7/site-packages/airflow/example_dags/example_skip_dag.py took 0.688 seconds
[2023-11-25 17:29:23,841] {processor.py:153} INFO - Started process (PID=170) to work on /home/airflow/.local/lib/python3.7/site-packages/airflow/example_dags/example_skip_dag.py
[2023-11-25 17:29:23,842] {processor.py:641} INFO - Processing file /home/airflow/.local/lib/python3.7/site-packages/airflow/example_dags/example_skip_dag.py for tasks to queue
[2023-11-25 17:29:23,842] {logging_mixin.py:115} INFO - [2023-11-25 17:29:23,842] {dagbag.py:508} INFO - Filling up the DagBag from /home/airflow/.local/lib/python3.7/site-packages/airflow/example_dags/example_skip_dag.py
[2023-11-25 17:29:23,851] {processor.py:651} INFO - DAG(s) dict_keys(['example_skip_dag']) retrieved from /home/airflow/.local/lib/python3.7/site-packages/airflow/example_dags/example_skip_dag.py
[2023-11-25 17:29:23,900] {logging_mixin.py:115} INFO - [2023-11-25 17:29:23,900] {dag.py:2420} INFO - Sync 1 DAGs
[2023-11-25 17:29:23,934] {logging_mixin.py:115} INFO - [2023-11-25 17:29:23,933] {dag.py:2972} INFO - Setting next_dagrun for example_skip_dag to 2023-11-24T17:29:23.933550+00:00, run_after=2023-11-25T17:29:23.933550+00:00
[2023-11-25 17:29:23,947] {processor.py:161} INFO - Processing /home/airflow/.local/lib/python3.7/site-packages/airflow/example_dags/example_skip_dag.py took 0.111 seconds
[2023-11-25 17:29:54,037] {processor.py:153} INFO - Started process (PID=231) to work on /home/airflow/.local/lib/python3.7/site-packages/airflow/example_dags/example_skip_dag.py
[2023-11-25 17:29:54,038] {processor.py:641} INFO - Processing file /home/airflow/.local/lib/python3.7/site-packages/airflow/example_dags/example_skip_dag.py for tasks to queue
[2023-11-25 17:29:54,039] {logging_mixin.py:115} INFO - [2023-11-25 17:29:54,039] {dagbag.py:508} INFO - Filling up the DagBag from /home/airflow/.local/lib/python3.7/site-packages/airflow/example_dags/example_skip_dag.py
[2023-11-25 17:29:54,051] {processor.py:651} INFO - DAG(s) dict_keys(['example_skip_dag']) retrieved from /home/airflow/.local/lib/python3.7/site-packages/airflow/example_dags/example_skip_dag.py
[2023-11-25 17:29:54,123] {logging_mixin.py:115} INFO - [2023-11-25 17:29:54,123] {dag.py:2420} INFO - Sync 1 DAGs
[2023-11-25 17:29:54,192] {logging_mixin.py:115} INFO - [2023-11-25 17:29:54,192] {dag.py:2972} INFO - Setting next_dagrun for example_skip_dag to 2023-11-24T17:29:54.191660+00:00, run_after=2023-11-25T17:29:54.191660+00:00
[2023-11-25 17:29:54,212] {processor.py:161} INFO - Processing /home/airflow/.local/lib/python3.7/site-packages/airflow/example_dags/example_skip_dag.py took 0.180 seconds
[2023-11-25 17:30:24,355] {processor.py:153} INFO - Started process (PID=290) to work on /home/airflow/.local/lib/python3.7/site-packages/airflow/example_dags/example_skip_dag.py
[2023-11-25 17:30:24,356] {processor.py:641} INFO - Processing file /home/airflow/.local/lib/python3.7/site-packages/airflow/example_dags/example_skip_dag.py for tasks to queue
[2023-11-25 17:30:24,357] {logging_mixin.py:115} INFO - [2023-11-25 17:30:24,357] {dagbag.py:508} INFO - Filling up the DagBag from /home/airflow/.local/lib/python3.7/site-packages/airflow/example_dags/example_skip_dag.py
[2023-11-25 17:30:24,364] {processor.py:651} INFO - DAG(s) dict_keys(['example_skip_dag']) retrieved from /home/airflow/.local/lib/python3.7/site-packages/airflow/example_dags/example_skip_dag.py
[2023-11-25 17:30:24,430] {logging_mixin.py:115} INFO - [2023-11-25 17:30:24,430] {dag.py:2420} INFO - Sync 1 DAGs
[2023-11-25 17:30:24,475] {logging_mixin.py:115} INFO - [2023-11-25 17:30:24,475] {dag.py:2972} INFO - Setting next_dagrun for example_skip_dag to 2023-11-24T17:30:24.475116+00:00, run_after=2023-11-25T17:30:24.475116+00:00
[2023-11-25 17:30:24,499] {processor.py:161} INFO - Processing /home/airflow/.local/lib/python3.7/site-packages/airflow/example_dags/example_skip_dag.py took 0.148 seconds
[2023-11-25 17:30:55,389] {processor.py:153} INFO - Started process (PID=344) to work on /home/airflow/.local/lib/python3.7/site-packages/airflow/example_dags/example_skip_dag.py
[2023-11-25 17:30:55,390] {processor.py:641} INFO - Processing file /home/airflow/.local/lib/python3.7/site-packages/airflow/example_dags/example_skip_dag.py for tasks to queue
[2023-11-25 17:30:55,390] {logging_mixin.py:115} INFO - [2023-11-25 17:30:55,390] {dagbag.py:508} INFO - Filling up the DagBag from /home/airflow/.local/lib/python3.7/site-packages/airflow/example_dags/example_skip_dag.py
[2023-11-25 17:30:55,398] {processor.py:651} INFO - DAG(s) dict_keys(['example_skip_dag']) retrieved from /home/airflow/.local/lib/python3.7/site-packages/airflow/example_dags/example_skip_dag.py
[2023-11-25 17:30:55,444] {logging_mixin.py:115} INFO - [2023-11-25 17:30:55,444] {dag.py:2420} INFO - Sync 1 DAGs
[2023-11-25 17:30:55,476] {logging_mixin.py:115} INFO - [2023-11-25 17:30:55,476] {dag.py:2972} INFO - Setting next_dagrun for example_skip_dag to 2023-11-24T17:30:55.475628+00:00, run_after=2023-11-25T17:30:55.475628+00:00
[2023-11-25 17:30:55,491] {processor.py:161} INFO - Processing /home/airflow/.local/lib/python3.7/site-packages/airflow/example_dags/example_skip_dag.py took 0.107 seconds
[2023-11-25 17:31:26,257] {processor.py:153} INFO - Started process (PID=405) to work on /home/airflow/.local/lib/python3.7/site-packages/airflow/example_dags/example_skip_dag.py
[2023-11-25 17:31:26,258] {processor.py:641} INFO - Processing file /home/airflow/.local/lib/python3.7/site-packages/airflow/example_dags/example_skip_dag.py for tasks to queue
[2023-11-25 17:31:26,258] {logging_mixin.py:115} INFO - [2023-11-25 17:31:26,258] {dagbag.py:508} INFO - Filling up the DagBag from /home/airflow/.local/lib/python3.7/site-packages/airflow/example_dags/example_skip_dag.py
[2023-11-25 17:31:26,266] {processor.py:651} INFO - DAG(s) dict_keys(['example_skip_dag']) retrieved from /home/airflow/.local/lib/python3.7/site-packages/airflow/example_dags/example_skip_dag.py
[2023-11-25 17:31:26,310] {logging_mixin.py:115} INFO - [2023-11-25 17:31:26,310] {dag.py:2420} INFO - Sync 1 DAGs
[2023-11-25 17:31:26,342] {logging_mixin.py:115} INFO - [2023-11-25 17:31:26,342] {dag.py:2972} INFO - Setting next_dagrun for example_skip_dag to 2023-11-24T17:31:26.342534+00:00, run_after=2023-11-25T17:31:26.342534+00:00
[2023-11-25 17:31:26,358] {processor.py:161} INFO - Processing /home/airflow/.local/lib/python3.7/site-packages/airflow/example_dags/example_skip_dag.py took 0.107 seconds
[2023-11-25 17:31:56,721] {processor.py:153} INFO - Started process (PID=457) to work on /home/airflow/.local/lib/python3.7/site-packages/airflow/example_dags/example_skip_dag.py
[2023-11-25 17:31:56,722] {processor.py:641} INFO - Processing file /home/airflow/.local/lib/python3.7/site-packages/airflow/example_dags/example_skip_dag.py for tasks to queue
[2023-11-25 17:31:56,722] {logging_mixin.py:115} INFO - [2023-11-25 17:31:56,722] {dagbag.py:508} INFO - Filling up the DagBag from /home/airflow/.local/lib/python3.7/site-packages/airflow/example_dags/example_skip_dag.py
[2023-11-25 17:31:56,733] {processor.py:651} INFO - DAG(s) dict_keys(['example_skip_dag']) retrieved from /home/airflow/.local/lib/python3.7/site-packages/airflow/example_dags/example_skip_dag.py
[2023-11-25 17:31:56,781] {logging_mixin.py:115} INFO - [2023-11-25 17:31:56,781] {dag.py:2420} INFO - Sync 1 DAGs
[2023-11-25 17:31:56,855] {logging_mixin.py:115} INFO - [2023-11-25 17:31:56,854] {dag.py:2972} INFO - Setting next_dagrun for example_skip_dag to 2023-11-24T17:31:56.854647+00:00, run_after=2023-11-25T17:31:56.854647+00:00
[2023-11-25 17:31:56,876] {processor.py:161} INFO - Processing /home/airflow/.local/lib/python3.7/site-packages/airflow/example_dags/example_skip_dag.py took 0.161 seconds
[2023-11-25 17:32:27,401] {processor.py:153} INFO - Started process (PID=518) to work on /home/airflow/.local/lib/python3.7/site-packages/airflow/example_dags/example_skip_dag.py
[2023-11-25 17:32:27,402] {processor.py:641} INFO - Processing file /home/airflow/.local/lib/python3.7/site-packages/airflow/example_dags/example_skip_dag.py for tasks to queue
[2023-11-25 17:32:27,403] {logging_mixin.py:115} INFO - [2023-11-25 17:32:27,403] {dagbag.py:508} INFO - Filling up the DagBag from /home/airflow/.local/lib/python3.7/site-packages/airflow/example_dags/example_skip_dag.py
[2023-11-25 17:32:27,410] {processor.py:651} INFO - DAG(s) dict_keys(['example_skip_dag']) retrieved from /home/airflow/.local/lib/python3.7/site-packages/airflow/example_dags/example_skip_dag.py
[2023-11-25 17:32:27,463] {logging_mixin.py:115} INFO - [2023-11-25 17:32:27,463] {dag.py:2420} INFO - Sync 1 DAGs
[2023-11-25 17:32:27,497] {logging_mixin.py:115} INFO - [2023-11-25 17:32:27,497] {dag.py:2972} INFO - Setting next_dagrun for example_skip_dag to 2023-11-24T17:32:27.497413+00:00, run_after=2023-11-25T17:32:27.497413+00:00
[2023-11-25 17:32:27,514] {processor.py:161} INFO - Processing /home/airflow/.local/lib/python3.7/site-packages/airflow/example_dags/example_skip_dag.py took 0.117 seconds
[2023-11-25 17:32:58,013] {processor.py:153} INFO - Started process (PID=579) to work on /home/airflow/.local/lib/python3.7/site-packages/airflow/example_dags/example_skip_dag.py
[2023-11-25 17:32:58,014] {processor.py:641} INFO - Processing file /home/airflow/.local/lib/python3.7/site-packages/airflow/example_dags/example_skip_dag.py for tasks to queue
[2023-11-25 17:32:58,015] {logging_mixin.py:115} INFO - [2023-11-25 17:32:58,015] {dagbag.py:508} INFO - Filling up the DagBag from /home/airflow/.local/lib/python3.7/site-packages/airflow/example_dags/example_skip_dag.py
[2023-11-25 17:32:58,024] {processor.py:651} INFO - DAG(s) dict_keys(['example_skip_dag']) retrieved from /home/airflow/.local/lib/python3.7/site-packages/airflow/example_dags/example_skip_dag.py
[2023-11-25 17:32:58,078] {logging_mixin.py:115} INFO - [2023-11-25 17:32:58,078] {dag.py:2420} INFO - Sync 1 DAGs
[2023-11-25 17:32:58,114] {logging_mixin.py:115} INFO - [2023-11-25 17:32:58,114] {dag.py:2972} INFO - Setting next_dagrun for example_skip_dag to 2023-11-24T17:32:58.113643+00:00, run_after=2023-11-25T17:32:58.113643+00:00
[2023-11-25 17:32:58,133] {processor.py:161} INFO - Processing /home/airflow/.local/lib/python3.7/site-packages/airflow/example_dags/example_skip_dag.py took 0.125 seconds
[2023-11-25 17:33:28,491] {processor.py:153} INFO - Started process (PID=631) to work on /home/airflow/.local/lib/python3.7/site-packages/airflow/example_dags/example_skip_dag.py
[2023-11-25 17:33:28,492] {processor.py:641} INFO - Processing file /home/airflow/.local/lib/python3.7/site-packages/airflow/example_dags/example_skip_dag.py for tasks to queue
[2023-11-25 17:33:28,493] {logging_mixin.py:115} INFO - [2023-11-25 17:33:28,493] {dagbag.py:508} INFO - Filling up the DagBag from /home/airflow/.local/lib/python3.7/site-packages/airflow/example_dags/example_skip_dag.py
[2023-11-25 17:33:28,510] {processor.py:651} INFO - DAG(s) dict_keys(['example_skip_dag']) retrieved from /home/airflow/.local/lib/python3.7/site-packages/airflow/example_dags/example_skip_dag.py
[2023-11-25 17:33:28,573] {logging_mixin.py:115} INFO - [2023-11-25 17:33:28,573] {dag.py:2420} INFO - Sync 1 DAGs
[2023-11-25 17:33:28,615] {logging_mixin.py:115} INFO - [2023-11-25 17:33:28,615] {dag.py:2972} INFO - Setting next_dagrun for example_skip_dag to 2023-11-24T17:33:28.614686+00:00, run_after=2023-11-25T17:33:28.614686+00:00
[2023-11-25 17:33:28,636] {processor.py:161} INFO - Processing /home/airflow/.local/lib/python3.7/site-packages/airflow/example_dags/example_skip_dag.py took 0.155 seconds
[2023-11-25 17:33:58,872] {processor.py:153} INFO - Started process (PID=692) to work on /home/airflow/.local/lib/python3.7/site-packages/airflow/example_dags/example_skip_dag.py
[2023-11-25 17:33:58,873] {processor.py:641} INFO - Processing file /home/airflow/.local/lib/python3.7/site-packages/airflow/example_dags/example_skip_dag.py for tasks to queue
[2023-11-25 17:33:58,874] {logging_mixin.py:115} INFO - [2023-11-25 17:33:58,874] {dagbag.py:508} INFO - Filling up the DagBag from /home/airflow/.local/lib/python3.7/site-packages/airflow/example_dags/example_skip_dag.py
[2023-11-25 17:33:58,881] {processor.py:651} INFO - DAG(s) dict_keys(['example_skip_dag']) retrieved from /home/airflow/.local/lib/python3.7/site-packages/airflow/example_dags/example_skip_dag.py
[2023-11-25 17:33:58,924] {logging_mixin.py:115} INFO - [2023-11-25 17:33:58,924] {dag.py:2420} INFO - Sync 1 DAGs
[2023-11-25 17:33:58,956] {logging_mixin.py:115} INFO - [2023-11-25 17:33:58,955] {dag.py:2972} INFO - Setting next_dagrun for example_skip_dag to 2023-11-24T17:33:58.955539+00:00, run_after=2023-11-25T17:33:58.955539+00:00
[2023-11-25 17:33:58,970] {processor.py:161} INFO - Processing /home/airflow/.local/lib/python3.7/site-packages/airflow/example_dags/example_skip_dag.py took 0.103 seconds
[2023-11-25 17:34:29,621] {processor.py:153} INFO - Started process (PID=753) to work on /home/airflow/.local/lib/python3.7/site-packages/airflow/example_dags/example_skip_dag.py
[2023-11-25 17:34:29,630] {processor.py:641} INFO - Processing file /home/airflow/.local/lib/python3.7/site-packages/airflow/example_dags/example_skip_dag.py for tasks to queue
[2023-11-25 17:34:29,631] {logging_mixin.py:115} INFO - [2023-11-25 17:34:29,631] {dagbag.py:508} INFO - Filling up the DagBag from /home/airflow/.local/lib/python3.7/site-packages/airflow/example_dags/example_skip_dag.py
[2023-11-25 17:34:29,638] {processor.py:651} INFO - DAG(s) dict_keys(['example_skip_dag']) retrieved from /home/airflow/.local/lib/python3.7/site-packages/airflow/example_dags/example_skip_dag.py
[2023-11-25 17:34:29,716] {logging_mixin.py:115} INFO - [2023-11-25 17:34:29,716] {dag.py:2420} INFO - Sync 1 DAGs
[2023-11-25 17:34:29,771] {logging_mixin.py:115} INFO - [2023-11-25 17:34:29,771] {dag.py:2972} INFO - Setting next_dagrun for example_skip_dag to 2023-11-24T17:34:29.771314+00:00, run_after=2023-11-25T17:34:29.771314+00:00
[2023-11-25 17:34:29,797] {processor.py:161} INFO - Processing /home/airflow/.local/lib/python3.7/site-packages/airflow/example_dags/example_skip_dag.py took 0.181 seconds
[2023-11-25 17:35:00,068] {processor.py:153} INFO - Started process (PID=805) to work on /home/airflow/.local/lib/python3.7/site-packages/airflow/example_dags/example_skip_dag.py
[2023-11-25 17:35:00,069] {processor.py:641} INFO - Processing file /home/airflow/.local/lib/python3.7/site-packages/airflow/example_dags/example_skip_dag.py for tasks to queue
[2023-11-25 17:35:00,069] {logging_mixin.py:115} INFO - [2023-11-25 17:35:00,069] {dagbag.py:508} INFO - Filling up the DagBag from /home/airflow/.local/lib/python3.7/site-packages/airflow/example_dags/example_skip_dag.py
[2023-11-25 17:35:00,077] {processor.py:651} INFO - DAG(s) dict_keys(['example_skip_dag']) retrieved from /home/airflow/.local/lib/python3.7/site-packages/airflow/example_dags/example_skip_dag.py
[2023-11-25 17:35:00,122] {logging_mixin.py:115} INFO - [2023-11-25 17:35:00,122] {dag.py:2420} INFO - Sync 1 DAGs
[2023-11-25 17:35:00,150] {logging_mixin.py:115} INFO - [2023-11-25 17:35:00,150] {dag.py:2972} INFO - Setting next_dagrun for example_skip_dag to 2023-11-24T17:35:00.150455+00:00, run_after=2023-11-25T17:35:00.150455+00:00
[2023-11-25 17:35:00,164] {processor.py:161} INFO - Processing /home/airflow/.local/lib/python3.7/site-packages/airflow/example_dags/example_skip_dag.py took 0.102 seconds
[2023-11-25 17:35:30,532] {processor.py:153} INFO - Started process (PID=866) to work on /home/airflow/.local/lib/python3.7/site-packages/airflow/example_dags/example_skip_dag.py
[2023-11-25 17:35:30,533] {processor.py:641} INFO - Processing file /home/airflow/.local/lib/python3.7/site-packages/airflow/example_dags/example_skip_dag.py for tasks to queue
[2023-11-25 17:35:30,534] {logging_mixin.py:115} INFO - [2023-11-25 17:35:30,534] {dagbag.py:508} INFO - Filling up the DagBag from /home/airflow/.local/lib/python3.7/site-packages/airflow/example_dags/example_skip_dag.py
[2023-11-25 17:35:30,541] {processor.py:651} INFO - DAG(s) dict_keys(['example_skip_dag']) retrieved from /home/airflow/.local/lib/python3.7/site-packages/airflow/example_dags/example_skip_dag.py
[2023-11-25 17:35:30,588] {logging_mixin.py:115} INFO - [2023-11-25 17:35:30,588] {dag.py:2420} INFO - Sync 1 DAGs
[2023-11-25 17:35:30,616] {logging_mixin.py:115} INFO - [2023-11-25 17:35:30,616] {dag.py:2972} INFO - Setting next_dagrun for example_skip_dag to 2023-11-24T17:35:30.616102+00:00, run_after=2023-11-25T17:35:30.616102+00:00
[2023-11-25 17:35:30,630] {processor.py:161} INFO - Processing /home/airflow/.local/lib/python3.7/site-packages/airflow/example_dags/example_skip_dag.py took 0.103 seconds
[2023-11-25 17:36:01,157] {processor.py:153} INFO - Started process (PID=919) to work on /home/airflow/.local/lib/python3.7/site-packages/airflow/example_dags/example_skip_dag.py
[2023-11-25 17:36:01,158] {processor.py:641} INFO - Processing file /home/airflow/.local/lib/python3.7/site-packages/airflow/example_dags/example_skip_dag.py for tasks to queue
[2023-11-25 17:36:01,159] {logging_mixin.py:115} INFO - [2023-11-25 17:36:01,159] {dagbag.py:508} INFO - Filling up the DagBag from /home/airflow/.local/lib/python3.7/site-packages/airflow/example_dags/example_skip_dag.py
[2023-11-25 17:36:01,168] {processor.py:651} INFO - DAG(s) dict_keys(['example_skip_dag']) retrieved from /home/airflow/.local/lib/python3.7/site-packages/airflow/example_dags/example_skip_dag.py
[2023-11-25 17:36:01,231] {logging_mixin.py:115} INFO - [2023-11-25 17:36:01,231] {dag.py:2420} INFO - Sync 1 DAGs
[2023-11-25 17:36:01,292] {logging_mixin.py:115} INFO - [2023-11-25 17:36:01,292] {dag.py:2972} INFO - Setting next_dagrun for example_skip_dag to 2023-11-24T17:36:01.291785+00:00, run_after=2023-11-25T17:36:01.291785+00:00
[2023-11-25 17:36:01,310] {processor.py:161} INFO - Processing /home/airflow/.local/lib/python3.7/site-packages/airflow/example_dags/example_skip_dag.py took 0.159 seconds
[2023-11-25 17:36:31,857] {processor.py:153} INFO - Started process (PID=980) to work on /home/airflow/.local/lib/python3.7/site-packages/airflow/example_dags/example_skip_dag.py
[2023-11-25 17:36:31,858] {processor.py:641} INFO - Processing file /home/airflow/.local/lib/python3.7/site-packages/airflow/example_dags/example_skip_dag.py for tasks to queue
[2023-11-25 17:36:31,859] {logging_mixin.py:115} INFO - [2023-11-25 17:36:31,859] {dagbag.py:508} INFO - Filling up the DagBag from /home/airflow/.local/lib/python3.7/site-packages/airflow/example_dags/example_skip_dag.py
[2023-11-25 17:36:31,866] {processor.py:651} INFO - DAG(s) dict_keys(['example_skip_dag']) retrieved from /home/airflow/.local/lib/python3.7/site-packages/airflow/example_dags/example_skip_dag.py
[2023-11-25 17:36:31,911] {logging_mixin.py:115} INFO - [2023-11-25 17:36:31,910] {dag.py:2420} INFO - Sync 1 DAGs
[2023-11-25 17:36:31,943] {logging_mixin.py:115} INFO - [2023-11-25 17:36:31,943] {dag.py:2972} INFO - Setting next_dagrun for example_skip_dag to 2023-11-24T17:36:31.943317+00:00, run_after=2023-11-25T17:36:31.943317+00:00
[2023-11-25 17:36:31,970] {processor.py:161} INFO - Processing /home/airflow/.local/lib/python3.7/site-packages/airflow/example_dags/example_skip_dag.py took 0.118 seconds
[2023-11-25 17:37:02,300] {processor.py:153} INFO - Started process (PID=1041) to work on /home/airflow/.local/lib/python3.7/site-packages/airflow/example_dags/example_skip_dag.py
[2023-11-25 17:37:02,301] {processor.py:641} INFO - Processing file /home/airflow/.local/lib/python3.7/site-packages/airflow/example_dags/example_skip_dag.py for tasks to queue
[2023-11-25 17:37:02,302] {logging_mixin.py:115} INFO - [2023-11-25 17:37:02,302] {dagbag.py:508} INFO - Filling up the DagBag from /home/airflow/.local/lib/python3.7/site-packages/airflow/example_dags/example_skip_dag.py
[2023-11-25 17:37:02,309] {processor.py:651} INFO - DAG(s) dict_keys(['example_skip_dag']) retrieved from /home/airflow/.local/lib/python3.7/site-packages/airflow/example_dags/example_skip_dag.py
[2023-11-25 17:37:02,376] {logging_mixin.py:115} INFO - [2023-11-25 17:37:02,375] {dag.py:2420} INFO - Sync 1 DAGs
[2023-11-25 17:37:02,412] {logging_mixin.py:115} INFO - [2023-11-25 17:37:02,412] {dag.py:2972} INFO - Setting next_dagrun for example_skip_dag to 2023-11-24T17:37:02.411730+00:00, run_after=2023-11-25T17:37:02.411730+00:00
[2023-11-25 17:37:02,434] {processor.py:161} INFO - Processing /home/airflow/.local/lib/python3.7/site-packages/airflow/example_dags/example_skip_dag.py took 0.138 seconds
[2023-11-25 17:37:32,684] {processor.py:153} INFO - Started process (PID=1093) to work on /home/airflow/.local/lib/python3.7/site-packages/airflow/example_dags/example_skip_dag.py
[2023-11-25 17:37:32,685] {processor.py:641} INFO - Processing file /home/airflow/.local/lib/python3.7/site-packages/airflow/example_dags/example_skip_dag.py for tasks to queue
[2023-11-25 17:37:32,686] {logging_mixin.py:115} INFO - [2023-11-25 17:37:32,686] {dagbag.py:508} INFO - Filling up the DagBag from /home/airflow/.local/lib/python3.7/site-packages/airflow/example_dags/example_skip_dag.py
[2023-11-25 17:37:32,694] {processor.py:651} INFO - DAG(s) dict_keys(['example_skip_dag']) retrieved from /home/airflow/.local/lib/python3.7/site-packages/airflow/example_dags/example_skip_dag.py
[2023-11-25 17:37:32,736] {logging_mixin.py:115} INFO - [2023-11-25 17:37:32,736] {dag.py:2420} INFO - Sync 1 DAGs
[2023-11-25 17:37:32,766] {logging_mixin.py:115} INFO - [2023-11-25 17:37:32,766] {dag.py:2972} INFO - Setting next_dagrun for example_skip_dag to 2023-11-24T17:37:32.766097+00:00, run_after=2023-11-25T17:37:32.766097+00:00
[2023-11-25 17:37:32,781] {processor.py:161} INFO - Processing /home/airflow/.local/lib/python3.7/site-packages/airflow/example_dags/example_skip_dag.py took 0.102 seconds
[2023-11-25 17:38:03,358] {processor.py:153} INFO - Started process (PID=1153) to work on /home/airflow/.local/lib/python3.7/site-packages/airflow/example_dags/example_skip_dag.py
[2023-11-25 17:38:03,359] {processor.py:641} INFO - Processing file /home/airflow/.local/lib/python3.7/site-packages/airflow/example_dags/example_skip_dag.py for tasks to queue
[2023-11-25 17:38:03,360] {logging_mixin.py:115} INFO - [2023-11-25 17:38:03,360] {dagbag.py:508} INFO - Filling up the DagBag from /home/airflow/.local/lib/python3.7/site-packages/airflow/example_dags/example_skip_dag.py
[2023-11-25 17:38:03,367] {processor.py:651} INFO - DAG(s) dict_keys(['example_skip_dag']) retrieved from /home/airflow/.local/lib/python3.7/site-packages/airflow/example_dags/example_skip_dag.py
[2023-11-25 17:38:03,408] {logging_mixin.py:115} INFO - [2023-11-25 17:38:03,408] {dag.py:2420} INFO - Sync 1 DAGs
[2023-11-25 17:38:03,437] {logging_mixin.py:115} INFO - [2023-11-25 17:38:03,437] {dag.py:2972} INFO - Setting next_dagrun for example_skip_dag to 2023-11-24T17:38:03.437389+00:00, run_after=2023-11-25T17:38:03.437389+00:00
[2023-11-25 17:38:03,451] {processor.py:161} INFO - Processing /home/airflow/.local/lib/python3.7/site-packages/airflow/example_dags/example_skip_dag.py took 0.098 seconds
[2023-11-25 17:38:33,527] {processor.py:153} INFO - Started process (PID=1216) to work on /home/airflow/.local/lib/python3.7/site-packages/airflow/example_dags/example_skip_dag.py
[2023-11-25 17:38:33,528] {processor.py:641} INFO - Processing file /home/airflow/.local/lib/python3.7/site-packages/airflow/example_dags/example_skip_dag.py for tasks to queue
[2023-11-25 17:38:33,529] {logging_mixin.py:115} INFO - [2023-11-25 17:38:33,529] {dagbag.py:508} INFO - Filling up the DagBag from /home/airflow/.local/lib/python3.7/site-packages/airflow/example_dags/example_skip_dag.py
[2023-11-25 17:38:33,536] {processor.py:651} INFO - DAG(s) dict_keys(['example_skip_dag']) retrieved from /home/airflow/.local/lib/python3.7/site-packages/airflow/example_dags/example_skip_dag.py
[2023-11-25 17:38:33,578] {logging_mixin.py:115} INFO - [2023-11-25 17:38:33,578] {dag.py:2420} INFO - Sync 1 DAGs
[2023-11-25 17:38:33,606] {logging_mixin.py:115} INFO - [2023-11-25 17:38:33,606] {dag.py:2972} INFO - Setting next_dagrun for example_skip_dag to 2023-11-24T17:38:33.606426+00:00, run_after=2023-11-25T17:38:33.606426+00:00
[2023-11-25 17:38:33,623] {processor.py:161} INFO - Processing /home/airflow/.local/lib/python3.7/site-packages/airflow/example_dags/example_skip_dag.py took 0.101 seconds
[2023-11-25 17:39:04,494] {processor.py:153} INFO - Started process (PID=1270) to work on /home/airflow/.local/lib/python3.7/site-packages/airflow/example_dags/example_skip_dag.py
[2023-11-25 17:39:04,495] {processor.py:641} INFO - Processing file /home/airflow/.local/lib/python3.7/site-packages/airflow/example_dags/example_skip_dag.py for tasks to queue
[2023-11-25 17:39:04,495] {logging_mixin.py:115} INFO - [2023-11-25 17:39:04,495] {dagbag.py:508} INFO - Filling up the DagBag from /home/airflow/.local/lib/python3.7/site-packages/airflow/example_dags/example_skip_dag.py
[2023-11-25 17:39:04,502] {processor.py:651} INFO - DAG(s) dict_keys(['example_skip_dag']) retrieved from /home/airflow/.local/lib/python3.7/site-packages/airflow/example_dags/example_skip_dag.py
[2023-11-25 17:39:04,544] {logging_mixin.py:115} INFO - [2023-11-25 17:39:04,544] {dag.py:2420} INFO - Sync 1 DAGs
[2023-11-25 17:39:04,574] {logging_mixin.py:115} INFO - [2023-11-25 17:39:04,574] {dag.py:2972} INFO - Setting next_dagrun for example_skip_dag to 2023-11-24T17:39:04.574205+00:00, run_after=2023-11-25T17:39:04.574205+00:00
[2023-11-25 17:39:04,588] {processor.py:161} INFO - Processing /home/airflow/.local/lib/python3.7/site-packages/airflow/example_dags/example_skip_dag.py took 0.099 seconds
[2023-11-25 17:39:35,098] {processor.py:153} INFO - Started process (PID=1333) to work on /home/airflow/.local/lib/python3.7/site-packages/airflow/example_dags/example_skip_dag.py
[2023-11-25 17:39:35,099] {processor.py:641} INFO - Processing file /home/airflow/.local/lib/python3.7/site-packages/airflow/example_dags/example_skip_dag.py for tasks to queue
[2023-11-25 17:39:35,099] {logging_mixin.py:115} INFO - [2023-11-25 17:39:35,099] {dagbag.py:508} INFO - Filling up the DagBag from /home/airflow/.local/lib/python3.7/site-packages/airflow/example_dags/example_skip_dag.py
[2023-11-25 17:39:35,106] {processor.py:651} INFO - DAG(s) dict_keys(['example_skip_dag']) retrieved from /home/airflow/.local/lib/python3.7/site-packages/airflow/example_dags/example_skip_dag.py
[2023-11-25 17:39:35,151] {logging_mixin.py:115} INFO - [2023-11-25 17:39:35,150] {dag.py:2420} INFO - Sync 1 DAGs
[2023-11-25 17:39:35,191] {logging_mixin.py:115} INFO - [2023-11-25 17:39:35,190] {dag.py:2972} INFO - Setting next_dagrun for example_skip_dag to 2023-11-24T17:39:35.190544+00:00, run_after=2023-11-25T17:39:35.190544+00:00
[2023-11-25 17:39:35,214] {processor.py:161} INFO - Processing /home/airflow/.local/lib/python3.7/site-packages/airflow/example_dags/example_skip_dag.py took 0.120 seconds
[2023-11-25 17:40:05,893] {processor.py:153} INFO - Started process (PID=1395) to work on /home/airflow/.local/lib/python3.7/site-packages/airflow/example_dags/example_skip_dag.py
[2023-11-25 17:40:05,903] {processor.py:641} INFO - Processing file /home/airflow/.local/lib/python3.7/site-packages/airflow/example_dags/example_skip_dag.py for tasks to queue
[2023-11-25 17:40:05,904] {logging_mixin.py:115} INFO - [2023-11-25 17:40:05,904] {dagbag.py:508} INFO - Filling up the DagBag from /home/airflow/.local/lib/python3.7/site-packages/airflow/example_dags/example_skip_dag.py
[2023-11-25 17:40:05,911] {processor.py:651} INFO - DAG(s) dict_keys(['example_skip_dag']) retrieved from /home/airflow/.local/lib/python3.7/site-packages/airflow/example_dags/example_skip_dag.py
[2023-11-25 17:40:05,958] {logging_mixin.py:115} INFO - [2023-11-25 17:40:05,958] {dag.py:2420} INFO - Sync 1 DAGs
[2023-11-25 17:40:05,986] {logging_mixin.py:115} INFO - [2023-11-25 17:40:05,986] {dag.py:2972} INFO - Setting next_dagrun for example_skip_dag to 2023-11-24T17:40:05.986066+00:00, run_after=2023-11-25T17:40:05.986066+00:00
[2023-11-25 17:40:06,000] {processor.py:161} INFO - Processing /home/airflow/.local/lib/python3.7/site-packages/airflow/example_dags/example_skip_dag.py took 0.111 seconds
[2023-11-25 17:40:36,624] {processor.py:153} INFO - Started process (PID=1449) to work on /home/airflow/.local/lib/python3.7/site-packages/airflow/example_dags/example_skip_dag.py
[2023-11-25 17:40:36,624] {processor.py:641} INFO - Processing file /home/airflow/.local/lib/python3.7/site-packages/airflow/example_dags/example_skip_dag.py for tasks to queue
[2023-11-25 17:40:36,625] {logging_mixin.py:115} INFO - [2023-11-25 17:40:36,625] {dagbag.py:508} INFO - Filling up the DagBag from /home/airflow/.local/lib/python3.7/site-packages/airflow/example_dags/example_skip_dag.py
[2023-11-25 17:40:36,632] {processor.py:651} INFO - DAG(s) dict_keys(['example_skip_dag']) retrieved from /home/airflow/.local/lib/python3.7/site-packages/airflow/example_dags/example_skip_dag.py
[2023-11-25 17:40:36,674] {logging_mixin.py:115} INFO - [2023-11-25 17:40:36,673] {dag.py:2420} INFO - Sync 1 DAGs
[2023-11-25 17:40:36,702] {logging_mixin.py:115} INFO - [2023-11-25 17:40:36,702] {dag.py:2972} INFO - Setting next_dagrun for example_skip_dag to 2023-11-24T17:40:36.702443+00:00, run_after=2023-11-25T17:40:36.702443+00:00
[2023-11-25 17:40:36,716] {processor.py:161} INFO - Processing /home/airflow/.local/lib/python3.7/site-packages/airflow/example_dags/example_skip_dag.py took 0.097 seconds
[2023-11-25 17:41:07,224] {processor.py:153} INFO - Started process (PID=1512) to work on /home/airflow/.local/lib/python3.7/site-packages/airflow/example_dags/example_skip_dag.py
[2023-11-25 17:41:07,225] {processor.py:641} INFO - Processing file /home/airflow/.local/lib/python3.7/site-packages/airflow/example_dags/example_skip_dag.py for tasks to queue
[2023-11-25 17:41:07,226] {logging_mixin.py:115} INFO - [2023-11-25 17:41:07,226] {dagbag.py:508} INFO - Filling up the DagBag from /home/airflow/.local/lib/python3.7/site-packages/airflow/example_dags/example_skip_dag.py
[2023-11-25 17:41:07,233] {processor.py:651} INFO - DAG(s) dict_keys(['example_skip_dag']) retrieved from /home/airflow/.local/lib/python3.7/site-packages/airflow/example_dags/example_skip_dag.py
[2023-11-25 17:41:07,274] {logging_mixin.py:115} INFO - [2023-11-25 17:41:07,274] {dag.py:2420} INFO - Sync 1 DAGs
[2023-11-25 17:41:07,302] {logging_mixin.py:115} INFO - [2023-11-25 17:41:07,302] {dag.py:2972} INFO - Setting next_dagrun for example_skip_dag to 2023-11-24T17:41:07.302269+00:00, run_after=2023-11-25T17:41:07.302269+00:00
[2023-11-25 17:41:07,317] {processor.py:161} INFO - Processing /home/airflow/.local/lib/python3.7/site-packages/airflow/example_dags/example_skip_dag.py took 0.098 seconds
[2023-11-25 17:41:37,925] {processor.py:153} INFO - Started process (PID=1575) to work on /home/airflow/.local/lib/python3.7/site-packages/airflow/example_dags/example_skip_dag.py
[2023-11-25 17:41:37,930] {processor.py:641} INFO - Processing file /home/airflow/.local/lib/python3.7/site-packages/airflow/example_dags/example_skip_dag.py for tasks to queue
[2023-11-25 17:41:37,931] {logging_mixin.py:115} INFO - [2023-11-25 17:41:37,931] {dagbag.py:508} INFO - Filling up the DagBag from /home/airflow/.local/lib/python3.7/site-packages/airflow/example_dags/example_skip_dag.py
[2023-11-25 17:41:37,939] {processor.py:651} INFO - DAG(s) dict_keys(['example_skip_dag']) retrieved from /home/airflow/.local/lib/python3.7/site-packages/airflow/example_dags/example_skip_dag.py
[2023-11-25 17:41:38,011] {logging_mixin.py:115} INFO - [2023-11-25 17:41:38,011] {dag.py:2420} INFO - Sync 1 DAGs
[2023-11-25 17:41:38,040] {logging_mixin.py:115} INFO - [2023-11-25 17:41:38,040] {dag.py:2972} INFO - Setting next_dagrun for example_skip_dag to 2023-11-24T17:41:38.040031+00:00, run_after=2023-11-25T17:41:38.040031+00:00
[2023-11-25 17:41:38,059] {processor.py:161} INFO - Processing /home/airflow/.local/lib/python3.7/site-packages/airflow/example_dags/example_skip_dag.py took 0.139 seconds
[2023-11-25 17:42:08,767] {processor.py:153} INFO - Started process (PID=1628) to work on /home/airflow/.local/lib/python3.7/site-packages/airflow/example_dags/example_skip_dag.py
[2023-11-25 17:42:08,768] {processor.py:641} INFO - Processing file /home/airflow/.local/lib/python3.7/site-packages/airflow/example_dags/example_skip_dag.py for tasks to queue
[2023-11-25 17:42:08,769] {logging_mixin.py:115} INFO - [2023-11-25 17:42:08,769] {dagbag.py:508} INFO - Filling up the DagBag from /home/airflow/.local/lib/python3.7/site-packages/airflow/example_dags/example_skip_dag.py
[2023-11-25 17:42:08,777] {processor.py:651} INFO - DAG(s) dict_keys(['example_skip_dag']) retrieved from /home/airflow/.local/lib/python3.7/site-packages/airflow/example_dags/example_skip_dag.py
[2023-11-25 17:42:08,874] {logging_mixin.py:115} INFO - [2023-11-25 17:42:08,874] {dag.py:2420} INFO - Sync 1 DAGs
[2023-11-25 17:42:08,931] {logging_mixin.py:115} INFO - [2023-11-25 17:42:08,930] {dag.py:2972} INFO - Setting next_dagrun for example_skip_dag to 2023-11-24T17:42:08.930639+00:00, run_after=2023-11-25T17:42:08.930639+00:00
[2023-11-25 17:42:08,955] {processor.py:161} INFO - Processing /home/airflow/.local/lib/python3.7/site-packages/airflow/example_dags/example_skip_dag.py took 0.193 seconds
[2023-11-25 17:42:39,522] {processor.py:153} INFO - Started process (PID=1691) to work on /home/airflow/.local/lib/python3.7/site-packages/airflow/example_dags/example_skip_dag.py
[2023-11-25 17:42:39,523] {processor.py:641} INFO - Processing file /home/airflow/.local/lib/python3.7/site-packages/airflow/example_dags/example_skip_dag.py for tasks to queue
[2023-11-25 17:42:39,524] {logging_mixin.py:115} INFO - [2023-11-25 17:42:39,524] {dagbag.py:508} INFO - Filling up the DagBag from /home/airflow/.local/lib/python3.7/site-packages/airflow/example_dags/example_skip_dag.py
[2023-11-25 17:42:39,531] {processor.py:651} INFO - DAG(s) dict_keys(['example_skip_dag']) retrieved from /home/airflow/.local/lib/python3.7/site-packages/airflow/example_dags/example_skip_dag.py
[2023-11-25 17:42:39,580] {logging_mixin.py:115} INFO - [2023-11-25 17:42:39,580] {dag.py:2420} INFO - Sync 1 DAGs
[2023-11-25 17:42:39,613] {logging_mixin.py:115} INFO - [2023-11-25 17:42:39,613] {dag.py:2972} INFO - Setting next_dagrun for example_skip_dag to 2023-11-24T17:42:39.613391+00:00, run_after=2023-11-25T17:42:39.613391+00:00
[2023-11-25 17:42:39,629] {processor.py:161} INFO - Processing /home/airflow/.local/lib/python3.7/site-packages/airflow/example_dags/example_skip_dag.py took 0.112 seconds
[2023-11-25 17:43:10,014] {processor.py:153} INFO - Started process (PID=1754) to work on /home/airflow/.local/lib/python3.7/site-packages/airflow/example_dags/example_skip_dag.py
[2023-11-25 17:43:10,014] {processor.py:641} INFO - Processing file /home/airflow/.local/lib/python3.7/site-packages/airflow/example_dags/example_skip_dag.py for tasks to queue
[2023-11-25 17:43:10,015] {logging_mixin.py:115} INFO - [2023-11-25 17:43:10,015] {dagbag.py:508} INFO - Filling up the DagBag from /home/airflow/.local/lib/python3.7/site-packages/airflow/example_dags/example_skip_dag.py
[2023-11-25 17:43:10,030] {processor.py:651} INFO - DAG(s) dict_keys(['example_skip_dag']) retrieved from /home/airflow/.local/lib/python3.7/site-packages/airflow/example_dags/example_skip_dag.py
[2023-11-25 17:43:10,151] {logging_mixin.py:115} INFO - [2023-11-25 17:43:10,151] {dag.py:2420} INFO - Sync 1 DAGs
[2023-11-25 17:43:10,215] {logging_mixin.py:115} INFO - [2023-11-25 17:43:10,215] {dag.py:2972} INFO - Setting next_dagrun for example_skip_dag to 2023-11-24T17:43:10.215116+00:00, run_after=2023-11-25T17:43:10.215116+00:00
[2023-11-25 17:43:10,250] {processor.py:161} INFO - Processing /home/airflow/.local/lib/python3.7/site-packages/airflow/example_dags/example_skip_dag.py took 0.246 seconds
[2023-11-25 17:43:40,757] {processor.py:153} INFO - Started process (PID=1808) to work on /home/airflow/.local/lib/python3.7/site-packages/airflow/example_dags/example_skip_dag.py
[2023-11-25 17:43:40,758] {processor.py:641} INFO - Processing file /home/airflow/.local/lib/python3.7/site-packages/airflow/example_dags/example_skip_dag.py for tasks to queue
[2023-11-25 17:43:40,758] {logging_mixin.py:115} INFO - [2023-11-25 17:43:40,758] {dagbag.py:508} INFO - Filling up the DagBag from /home/airflow/.local/lib/python3.7/site-packages/airflow/example_dags/example_skip_dag.py
[2023-11-25 17:43:40,775] {processor.py:651} INFO - DAG(s) dict_keys(['example_skip_dag']) retrieved from /home/airflow/.local/lib/python3.7/site-packages/airflow/example_dags/example_skip_dag.py
[2023-11-25 17:43:40,825] {logging_mixin.py:115} INFO - [2023-11-25 17:43:40,825] {dag.py:2420} INFO - Sync 1 DAGs
[2023-11-25 17:43:40,856] {logging_mixin.py:115} INFO - [2023-11-25 17:43:40,856] {dag.py:2972} INFO - Setting next_dagrun for example_skip_dag to 2023-11-24T17:43:40.855864+00:00, run_after=2023-11-25T17:43:40.855864+00:00
[2023-11-25 17:43:40,869] {processor.py:161} INFO - Processing /home/airflow/.local/lib/python3.7/site-packages/airflow/example_dags/example_skip_dag.py took 0.118 seconds
[2023-11-25 17:44:11,654] {processor.py:153} INFO - Started process (PID=1874) to work on /home/airflow/.local/lib/python3.7/site-packages/airflow/example_dags/example_skip_dag.py
[2023-11-25 17:44:11,655] {processor.py:641} INFO - Processing file /home/airflow/.local/lib/python3.7/site-packages/airflow/example_dags/example_skip_dag.py for tasks to queue
[2023-11-25 17:44:11,656] {logging_mixin.py:115} INFO - [2023-11-25 17:44:11,656] {dagbag.py:508} INFO - Filling up the DagBag from /home/airflow/.local/lib/python3.7/site-packages/airflow/example_dags/example_skip_dag.py
[2023-11-25 17:44:11,664] {processor.py:651} INFO - DAG(s) dict_keys(['example_skip_dag']) retrieved from /home/airflow/.local/lib/python3.7/site-packages/airflow/example_dags/example_skip_dag.py
[2023-11-25 17:44:11,715] {logging_mixin.py:115} INFO - [2023-11-25 17:44:11,715] {dag.py:2420} INFO - Sync 1 DAGs
[2023-11-25 17:44:11,743] {logging_mixin.py:115} INFO - [2023-11-25 17:44:11,743] {dag.py:2972} INFO - Setting next_dagrun for example_skip_dag to 2023-11-24T17:44:11.743190+00:00, run_after=2023-11-25T17:44:11.743190+00:00
[2023-11-25 17:44:11,758] {processor.py:161} INFO - Processing /home/airflow/.local/lib/python3.7/site-packages/airflow/example_dags/example_skip_dag.py took 0.108 seconds
[2023-11-25 17:44:42,421] {processor.py:153} INFO - Started process (PID=1928) to work on /home/airflow/.local/lib/python3.7/site-packages/airflow/example_dags/example_skip_dag.py
[2023-11-25 17:44:42,422] {processor.py:641} INFO - Processing file /home/airflow/.local/lib/python3.7/site-packages/airflow/example_dags/example_skip_dag.py for tasks to queue
[2023-11-25 17:44:42,422] {logging_mixin.py:115} INFO - [2023-11-25 17:44:42,422] {dagbag.py:508} INFO - Filling up the DagBag from /home/airflow/.local/lib/python3.7/site-packages/airflow/example_dags/example_skip_dag.py
[2023-11-25 17:44:42,430] {processor.py:651} INFO - DAG(s) dict_keys(['example_skip_dag']) retrieved from /home/airflow/.local/lib/python3.7/site-packages/airflow/example_dags/example_skip_dag.py
[2023-11-25 17:44:42,471] {logging_mixin.py:115} INFO - [2023-11-25 17:44:42,470] {dag.py:2420} INFO - Sync 1 DAGs
[2023-11-25 17:44:42,499] {logging_mixin.py:115} INFO - [2023-11-25 17:44:42,498] {dag.py:2972} INFO - Setting next_dagrun for example_skip_dag to 2023-11-24T17:44:42.498611+00:00, run_after=2023-11-25T17:44:42.498611+00:00
[2023-11-25 17:44:42,512] {processor.py:161} INFO - Processing /home/airflow/.local/lib/python3.7/site-packages/airflow/example_dags/example_skip_dag.py took 0.096 seconds
[2023-11-25 17:45:13,109] {processor.py:153} INFO - Started process (PID=1991) to work on /home/airflow/.local/lib/python3.7/site-packages/airflow/example_dags/example_skip_dag.py
[2023-11-25 17:45:13,110] {processor.py:641} INFO - Processing file /home/airflow/.local/lib/python3.7/site-packages/airflow/example_dags/example_skip_dag.py for tasks to queue
[2023-11-25 17:45:13,111] {logging_mixin.py:115} INFO - [2023-11-25 17:45:13,111] {dagbag.py:508} INFO - Filling up the DagBag from /home/airflow/.local/lib/python3.7/site-packages/airflow/example_dags/example_skip_dag.py
[2023-11-25 17:45:13,120] {processor.py:651} INFO - DAG(s) dict_keys(['example_skip_dag']) retrieved from /home/airflow/.local/lib/python3.7/site-packages/airflow/example_dags/example_skip_dag.py
[2023-11-25 17:45:13,166] {logging_mixin.py:115} INFO - [2023-11-25 17:45:13,166] {dag.py:2420} INFO - Sync 1 DAGs
[2023-11-25 17:45:13,199] {logging_mixin.py:115} INFO - [2023-11-25 17:45:13,199] {dag.py:2972} INFO - Setting next_dagrun for example_skip_dag to 2023-11-24T17:45:13.199077+00:00, run_after=2023-11-25T17:45:13.199077+00:00
[2023-11-25 17:45:13,215] {processor.py:161} INFO - Processing /home/airflow/.local/lib/python3.7/site-packages/airflow/example_dags/example_skip_dag.py took 0.111 seconds
[2023-11-25 17:45:43,741] {processor.py:153} INFO - Started process (PID=2054) to work on /home/airflow/.local/lib/python3.7/site-packages/airflow/example_dags/example_skip_dag.py
[2023-11-25 17:45:43,742] {processor.py:641} INFO - Processing file /home/airflow/.local/lib/python3.7/site-packages/airflow/example_dags/example_skip_dag.py for tasks to queue
[2023-11-25 17:45:43,742] {logging_mixin.py:115} INFO - [2023-11-25 17:45:43,742] {dagbag.py:508} INFO - Filling up the DagBag from /home/airflow/.local/lib/python3.7/site-packages/airflow/example_dags/example_skip_dag.py
[2023-11-25 17:45:43,750] {processor.py:651} INFO - DAG(s) dict_keys(['example_skip_dag']) retrieved from /home/airflow/.local/lib/python3.7/site-packages/airflow/example_dags/example_skip_dag.py
[2023-11-25 17:45:43,796] {logging_mixin.py:115} INFO - [2023-11-25 17:45:43,796] {dag.py:2420} INFO - Sync 1 DAGs
[2023-11-25 17:45:43,833] {logging_mixin.py:115} INFO - [2023-11-25 17:45:43,833] {dag.py:2972} INFO - Setting next_dagrun for example_skip_dag to 2023-11-24T17:45:43.833215+00:00, run_after=2023-11-25T17:45:43.833215+00:00
[2023-11-25 17:45:43,853] {processor.py:161} INFO - Processing /home/airflow/.local/lib/python3.7/site-packages/airflow/example_dags/example_skip_dag.py took 0.117 seconds
[2023-11-25 17:46:13,940] {processor.py:153} INFO - Started process (PID=2108) to work on /home/airflow/.local/lib/python3.7/site-packages/airflow/example_dags/example_skip_dag.py
[2023-11-25 17:46:13,941] {processor.py:641} INFO - Processing file /home/airflow/.local/lib/python3.7/site-packages/airflow/example_dags/example_skip_dag.py for tasks to queue
[2023-11-25 17:46:13,942] {logging_mixin.py:115} INFO - [2023-11-25 17:46:13,942] {dagbag.py:508} INFO - Filling up the DagBag from /home/airflow/.local/lib/python3.7/site-packages/airflow/example_dags/example_skip_dag.py
[2023-11-25 17:46:13,954] {processor.py:651} INFO - DAG(s) dict_keys(['example_skip_dag']) retrieved from /home/airflow/.local/lib/python3.7/site-packages/airflow/example_dags/example_skip_dag.py
[2023-11-25 17:46:13,997] {logging_mixin.py:115} INFO - [2023-11-25 17:46:13,997] {dag.py:2420} INFO - Sync 1 DAGs
[2023-11-25 17:46:14,029] {logging_mixin.py:115} INFO - [2023-11-25 17:46:14,028] {dag.py:2972} INFO - Setting next_dagrun for example_skip_dag to 2023-11-24T17:46:14.028378+00:00, run_after=2023-11-25T17:46:14.028378+00:00
[2023-11-25 17:46:14,045] {processor.py:161} INFO - Processing /home/airflow/.local/lib/python3.7/site-packages/airflow/example_dags/example_skip_dag.py took 0.109 seconds
[2023-11-25 17:46:44,615] {processor.py:153} INFO - Started process (PID=2171) to work on /home/airflow/.local/lib/python3.7/site-packages/airflow/example_dags/example_skip_dag.py
[2023-11-25 17:46:44,616] {processor.py:641} INFO - Processing file /home/airflow/.local/lib/python3.7/site-packages/airflow/example_dags/example_skip_dag.py for tasks to queue
[2023-11-25 17:46:44,616] {logging_mixin.py:115} INFO - [2023-11-25 17:46:44,616] {dagbag.py:508} INFO - Filling up the DagBag from /home/airflow/.local/lib/python3.7/site-packages/airflow/example_dags/example_skip_dag.py
[2023-11-25 17:46:44,624] {processor.py:651} INFO - DAG(s) dict_keys(['example_skip_dag']) retrieved from /home/airflow/.local/lib/python3.7/site-packages/airflow/example_dags/example_skip_dag.py
[2023-11-25 17:46:44,690] {logging_mixin.py:115} INFO - [2023-11-25 17:46:44,690] {dag.py:2420} INFO - Sync 1 DAGs
[2023-11-25 17:46:44,735] {logging_mixin.py:115} INFO - [2023-11-25 17:46:44,735] {dag.py:2972} INFO - Setting next_dagrun for example_skip_dag to 2023-11-24T17:46:44.735051+00:00, run_after=2023-11-25T17:46:44.735051+00:00
[2023-11-25 17:46:44,756] {processor.py:161} INFO - Processing /home/airflow/.local/lib/python3.7/site-packages/airflow/example_dags/example_skip_dag.py took 0.145 seconds
[2023-11-25 17:47:15,259] {processor.py:153} INFO - Started process (PID=2233) to work on /home/airflow/.local/lib/python3.7/site-packages/airflow/example_dags/example_skip_dag.py
[2023-11-25 17:47:15,260] {processor.py:641} INFO - Processing file /home/airflow/.local/lib/python3.7/site-packages/airflow/example_dags/example_skip_dag.py for tasks to queue
[2023-11-25 17:47:15,261] {logging_mixin.py:115} INFO - [2023-11-25 17:47:15,261] {dagbag.py:508} INFO - Filling up the DagBag from /home/airflow/.local/lib/python3.7/site-packages/airflow/example_dags/example_skip_dag.py
[2023-11-25 17:47:15,269] {processor.py:651} INFO - DAG(s) dict_keys(['example_skip_dag']) retrieved from /home/airflow/.local/lib/python3.7/site-packages/airflow/example_dags/example_skip_dag.py
[2023-11-25 17:47:15,334] {logging_mixin.py:115} INFO - [2023-11-25 17:47:15,334] {dag.py:2420} INFO - Sync 1 DAGs
[2023-11-25 17:47:15,370] {logging_mixin.py:115} INFO - [2023-11-25 17:47:15,370] {dag.py:2972} INFO - Setting next_dagrun for example_skip_dag to 2023-11-24T17:47:15.370525+00:00, run_after=2023-11-25T17:47:15.370525+00:00
[2023-11-25 17:47:15,393] {processor.py:161} INFO - Processing /home/airflow/.local/lib/python3.7/site-packages/airflow/example_dags/example_skip_dag.py took 0.138 seconds
[2023-11-25 17:47:45,605] {processor.py:153} INFO - Started process (PID=2287) to work on /home/airflow/.local/lib/python3.7/site-packages/airflow/example_dags/example_skip_dag.py
[2023-11-25 17:47:45,606] {processor.py:641} INFO - Processing file /home/airflow/.local/lib/python3.7/site-packages/airflow/example_dags/example_skip_dag.py for tasks to queue
[2023-11-25 17:47:45,606] {logging_mixin.py:115} INFO - [2023-11-25 17:47:45,606] {dagbag.py:508} INFO - Filling up the DagBag from /home/airflow/.local/lib/python3.7/site-packages/airflow/example_dags/example_skip_dag.py
[2023-11-25 17:47:45,614] {processor.py:651} INFO - DAG(s) dict_keys(['example_skip_dag']) retrieved from /home/airflow/.local/lib/python3.7/site-packages/airflow/example_dags/example_skip_dag.py
[2023-11-25 17:47:45,657] {logging_mixin.py:115} INFO - [2023-11-25 17:47:45,657] {dag.py:2420} INFO - Sync 1 DAGs
[2023-11-25 17:47:45,685] {logging_mixin.py:115} INFO - [2023-11-25 17:47:45,685] {dag.py:2972} INFO - Setting next_dagrun for example_skip_dag to 2023-11-24T17:47:45.685373+00:00, run_after=2023-11-25T17:47:45.685373+00:00
[2023-11-25 17:47:45,698] {processor.py:161} INFO - Processing /home/airflow/.local/lib/python3.7/site-packages/airflow/example_dags/example_skip_dag.py took 0.098 seconds
[2023-11-25 17:48:16,273] {processor.py:153} INFO - Started process (PID=2350) to work on /home/airflow/.local/lib/python3.7/site-packages/airflow/example_dags/example_skip_dag.py
[2023-11-25 17:48:16,273] {processor.py:641} INFO - Processing file /home/airflow/.local/lib/python3.7/site-packages/airflow/example_dags/example_skip_dag.py for tasks to queue
[2023-11-25 17:48:16,274] {logging_mixin.py:115} INFO - [2023-11-25 17:48:16,274] {dagbag.py:508} INFO - Filling up the DagBag from /home/airflow/.local/lib/python3.7/site-packages/airflow/example_dags/example_skip_dag.py
[2023-11-25 17:48:16,282] {processor.py:651} INFO - DAG(s) dict_keys(['example_skip_dag']) retrieved from /home/airflow/.local/lib/python3.7/site-packages/airflow/example_dags/example_skip_dag.py
[2023-11-25 17:48:16,331] {logging_mixin.py:115} INFO - [2023-11-25 17:48:16,331] {dag.py:2420} INFO - Sync 1 DAGs
[2023-11-25 17:48:16,362] {logging_mixin.py:115} INFO - [2023-11-25 17:48:16,362] {dag.py:2972} INFO - Setting next_dagrun for example_skip_dag to 2023-11-24T17:48:16.362216+00:00, run_after=2023-11-25T17:48:16.362216+00:00
[2023-11-25 17:48:16,376] {processor.py:161} INFO - Processing /home/airflow/.local/lib/python3.7/site-packages/airflow/example_dags/example_skip_dag.py took 0.108 seconds
[2023-11-25 17:48:46,419] {processor.py:153} INFO - Started process (PID=2415) to work on /home/airflow/.local/lib/python3.7/site-packages/airflow/example_dags/example_skip_dag.py
[2023-11-25 17:48:46,420] {processor.py:641} INFO - Processing file /home/airflow/.local/lib/python3.7/site-packages/airflow/example_dags/example_skip_dag.py for tasks to queue
[2023-11-25 17:48:46,421] {logging_mixin.py:115} INFO - [2023-11-25 17:48:46,421] {dagbag.py:508} INFO - Filling up the DagBag from /home/airflow/.local/lib/python3.7/site-packages/airflow/example_dags/example_skip_dag.py
[2023-11-25 17:48:46,432] {processor.py:651} INFO - DAG(s) dict_keys(['example_skip_dag']) retrieved from /home/airflow/.local/lib/python3.7/site-packages/airflow/example_dags/example_skip_dag.py
[2023-11-25 17:48:46,495] {logging_mixin.py:115} INFO - [2023-11-25 17:48:46,495] {dag.py:2420} INFO - Sync 1 DAGs
[2023-11-25 17:48:46,536] {logging_mixin.py:115} INFO - [2023-11-25 17:48:46,535] {dag.py:2972} INFO - Setting next_dagrun for example_skip_dag to 2023-11-24T17:48:46.535627+00:00, run_after=2023-11-25T17:48:46.535627+00:00
[2023-11-25 17:48:46,573] {processor.py:161} INFO - Processing /home/airflow/.local/lib/python3.7/site-packages/airflow/example_dags/example_skip_dag.py took 0.159 seconds
[2023-11-25 17:49:16,713] {processor.py:153} INFO - Started process (PID=2471) to work on /home/airflow/.local/lib/python3.7/site-packages/airflow/example_dags/example_skip_dag.py
[2023-11-25 17:49:16,714] {processor.py:641} INFO - Processing file /home/airflow/.local/lib/python3.7/site-packages/airflow/example_dags/example_skip_dag.py for tasks to queue
[2023-11-25 17:49:16,715] {logging_mixin.py:115} INFO - [2023-11-25 17:49:16,715] {dagbag.py:508} INFO - Filling up the DagBag from /home/airflow/.local/lib/python3.7/site-packages/airflow/example_dags/example_skip_dag.py
[2023-11-25 17:49:16,723] {processor.py:651} INFO - DAG(s) dict_keys(['example_skip_dag']) retrieved from /home/airflow/.local/lib/python3.7/site-packages/airflow/example_dags/example_skip_dag.py
[2023-11-25 17:49:16,764] {logging_mixin.py:115} INFO - [2023-11-25 17:49:16,764] {dag.py:2420} INFO - Sync 1 DAGs
[2023-11-25 17:49:16,797] {logging_mixin.py:115} INFO - [2023-11-25 17:49:16,797] {dag.py:2972} INFO - Setting next_dagrun for example_skip_dag to 2023-11-24T17:49:16.796992+00:00, run_after=2023-11-25T17:49:16.796992+00:00
[2023-11-25 17:49:16,810] {processor.py:161} INFO - Processing /home/airflow/.local/lib/python3.7/site-packages/airflow/example_dags/example_skip_dag.py took 0.102 seconds
[2023-11-25 17:49:47,036] {processor.py:153} INFO - Started process (PID=2534) to work on /home/airflow/.local/lib/python3.7/site-packages/airflow/example_dags/example_skip_dag.py
[2023-11-25 17:49:47,037] {processor.py:641} INFO - Processing file /home/airflow/.local/lib/python3.7/site-packages/airflow/example_dags/example_skip_dag.py for tasks to queue
[2023-11-25 17:49:47,037] {logging_mixin.py:115} INFO - [2023-11-25 17:49:47,037] {dagbag.py:508} INFO - Filling up the DagBag from /home/airflow/.local/lib/python3.7/site-packages/airflow/example_dags/example_skip_dag.py
[2023-11-25 17:49:47,044] {processor.py:651} INFO - DAG(s) dict_keys(['example_skip_dag']) retrieved from /home/airflow/.local/lib/python3.7/site-packages/airflow/example_dags/example_skip_dag.py
[2023-11-25 17:49:47,093] {logging_mixin.py:115} INFO - [2023-11-25 17:49:47,092] {dag.py:2420} INFO - Sync 1 DAGs
[2023-11-25 17:49:47,127] {logging_mixin.py:115} INFO - [2023-11-25 17:49:47,127] {dag.py:2972} INFO - Setting next_dagrun for example_skip_dag to 2023-11-24T17:49:47.127146+00:00, run_after=2023-11-25T17:49:47.127146+00:00
[2023-11-25 17:49:47,151] {processor.py:161} INFO - Processing /home/airflow/.local/lib/python3.7/site-packages/airflow/example_dags/example_skip_dag.py took 0.121 seconds
[2023-11-25 17:50:17,524] {processor.py:153} INFO - Started process (PID=2588) to work on /home/airflow/.local/lib/python3.7/site-packages/airflow/example_dags/example_skip_dag.py
[2023-11-25 17:50:17,530] {processor.py:641} INFO - Processing file /home/airflow/.local/lib/python3.7/site-packages/airflow/example_dags/example_skip_dag.py for tasks to queue
[2023-11-25 17:50:17,531] {logging_mixin.py:115} INFO - [2023-11-25 17:50:17,530] {dagbag.py:508} INFO - Filling up the DagBag from /home/airflow/.local/lib/python3.7/site-packages/airflow/example_dags/example_skip_dag.py
[2023-11-25 17:50:17,538] {processor.py:651} INFO - DAG(s) dict_keys(['example_skip_dag']) retrieved from /home/airflow/.local/lib/python3.7/site-packages/airflow/example_dags/example_skip_dag.py
[2023-11-25 17:50:17,598] {logging_mixin.py:115} INFO - [2023-11-25 17:50:17,598] {dag.py:2420} INFO - Sync 1 DAGs
[2023-11-25 17:50:17,642] {logging_mixin.py:115} INFO - [2023-11-25 17:50:17,642] {dag.py:2972} INFO - Setting next_dagrun for example_skip_dag to 2023-11-24T17:50:17.642377+00:00, run_after=2023-11-25T17:50:17.642377+00:00
[2023-11-25 17:50:17,660] {processor.py:161} INFO - Processing /home/airflow/.local/lib/python3.7/site-packages/airflow/example_dags/example_skip_dag.py took 0.141 seconds
[2023-11-25 17:50:47,941] {processor.py:153} INFO - Started process (PID=2650) to work on /home/airflow/.local/lib/python3.7/site-packages/airflow/example_dags/example_skip_dag.py
[2023-11-25 17:50:47,942] {processor.py:641} INFO - Processing file /home/airflow/.local/lib/python3.7/site-packages/airflow/example_dags/example_skip_dag.py for tasks to queue
[2023-11-25 17:50:47,943] {logging_mixin.py:115} INFO - [2023-11-25 17:50:47,943] {dagbag.py:508} INFO - Filling up the DagBag from /home/airflow/.local/lib/python3.7/site-packages/airflow/example_dags/example_skip_dag.py
[2023-11-25 17:50:47,950] {processor.py:651} INFO - DAG(s) dict_keys(['example_skip_dag']) retrieved from /home/airflow/.local/lib/python3.7/site-packages/airflow/example_dags/example_skip_dag.py
[2023-11-25 17:50:48,012] {logging_mixin.py:115} INFO - [2023-11-25 17:50:48,012] {dag.py:2420} INFO - Sync 1 DAGs
[2023-11-25 17:50:48,059] {logging_mixin.py:115} INFO - [2023-11-25 17:50:48,059] {dag.py:2972} INFO - Setting next_dagrun for example_skip_dag to 2023-11-24T17:50:48.058723+00:00, run_after=2023-11-25T17:50:48.058723+00:00
[2023-11-25 17:50:48,081] {processor.py:161} INFO - Processing /home/airflow/.local/lib/python3.7/site-packages/airflow/example_dags/example_skip_dag.py took 0.145 seconds
[2023-11-25 17:51:18,599] {processor.py:153} INFO - Started process (PID=2712) to work on /home/airflow/.local/lib/python3.7/site-packages/airflow/example_dags/example_skip_dag.py
[2023-11-25 17:51:18,600] {processor.py:641} INFO - Processing file /home/airflow/.local/lib/python3.7/site-packages/airflow/example_dags/example_skip_dag.py for tasks to queue
[2023-11-25 17:51:18,601] {logging_mixin.py:115} INFO - [2023-11-25 17:51:18,601] {dagbag.py:508} INFO - Filling up the DagBag from /home/airflow/.local/lib/python3.7/site-packages/airflow/example_dags/example_skip_dag.py
[2023-11-25 17:51:18,608] {processor.py:651} INFO - DAG(s) dict_keys(['example_skip_dag']) retrieved from /home/airflow/.local/lib/python3.7/site-packages/airflow/example_dags/example_skip_dag.py
[2023-11-25 17:51:18,672] {logging_mixin.py:115} INFO - [2023-11-25 17:51:18,672] {dag.py:2420} INFO - Sync 1 DAGs
[2023-11-25 17:51:18,717] {logging_mixin.py:115} INFO - [2023-11-25 17:51:18,716] {dag.py:2972} INFO - Setting next_dagrun for example_skip_dag to 2023-11-24T17:51:18.716567+00:00, run_after=2023-11-25T17:51:18.716567+00:00
[2023-11-25 17:51:18,739] {processor.py:161} INFO - Processing /home/airflow/.local/lib/python3.7/site-packages/airflow/example_dags/example_skip_dag.py took 0.144 seconds
[2023-11-25 17:51:49,181] {processor.py:153} INFO - Started process (PID=2765) to work on /home/airflow/.local/lib/python3.7/site-packages/airflow/example_dags/example_skip_dag.py
[2023-11-25 17:51:49,182] {processor.py:641} INFO - Processing file /home/airflow/.local/lib/python3.7/site-packages/airflow/example_dags/example_skip_dag.py for tasks to queue
[2023-11-25 17:51:49,183] {logging_mixin.py:115} INFO - [2023-11-25 17:51:49,182] {dagbag.py:508} INFO - Filling up the DagBag from /home/airflow/.local/lib/python3.7/site-packages/airflow/example_dags/example_skip_dag.py
[2023-11-25 17:51:49,191] {processor.py:651} INFO - DAG(s) dict_keys(['example_skip_dag']) retrieved from /home/airflow/.local/lib/python3.7/site-packages/airflow/example_dags/example_skip_dag.py
[2023-11-25 17:51:49,251] {logging_mixin.py:115} INFO - [2023-11-25 17:51:49,250] {dag.py:2420} INFO - Sync 1 DAGs
[2023-11-25 17:51:49,291] {logging_mixin.py:115} INFO - [2023-11-25 17:51:49,291] {dag.py:2972} INFO - Setting next_dagrun for example_skip_dag to 2023-11-24T17:51:49.291017+00:00, run_after=2023-11-25T17:51:49.291017+00:00
[2023-11-25 17:51:49,316] {processor.py:161} INFO - Processing /home/airflow/.local/lib/python3.7/site-packages/airflow/example_dags/example_skip_dag.py took 0.141 seconds
[2023-11-25 17:52:19,471] {processor.py:153} INFO - Started process (PID=2827) to work on /home/airflow/.local/lib/python3.7/site-packages/airflow/example_dags/example_skip_dag.py
[2023-11-25 17:52:19,472] {processor.py:641} INFO - Processing file /home/airflow/.local/lib/python3.7/site-packages/airflow/example_dags/example_skip_dag.py for tasks to queue
[2023-11-25 17:52:19,472] {logging_mixin.py:115} INFO - [2023-11-25 17:52:19,472] {dagbag.py:508} INFO - Filling up the DagBag from /home/airflow/.local/lib/python3.7/site-packages/airflow/example_dags/example_skip_dag.py
[2023-11-25 17:52:19,479] {processor.py:651} INFO - DAG(s) dict_keys(['example_skip_dag']) retrieved from /home/airflow/.local/lib/python3.7/site-packages/airflow/example_dags/example_skip_dag.py
[2023-11-25 17:52:19,541] {logging_mixin.py:115} INFO - [2023-11-25 17:52:19,541] {dag.py:2420} INFO - Sync 1 DAGs
[2023-11-25 17:52:19,588] {logging_mixin.py:115} INFO - [2023-11-25 17:52:19,588] {dag.py:2972} INFO - Setting next_dagrun for example_skip_dag to 2023-11-24T17:52:19.587986+00:00, run_after=2023-11-25T17:52:19.587986+00:00
[2023-11-25 17:52:19,602] {processor.py:161} INFO - Processing /home/airflow/.local/lib/python3.7/site-packages/airflow/example_dags/example_skip_dag.py took 0.135 seconds
[2023-11-25 17:52:50,025] {processor.py:153} INFO - Started process (PID=2880) to work on /home/airflow/.local/lib/python3.7/site-packages/airflow/example_dags/example_skip_dag.py
[2023-11-25 17:52:50,026] {processor.py:641} INFO - Processing file /home/airflow/.local/lib/python3.7/site-packages/airflow/example_dags/example_skip_dag.py for tasks to queue
[2023-11-25 17:52:50,027] {logging_mixin.py:115} INFO - [2023-11-25 17:52:50,027] {dagbag.py:508} INFO - Filling up the DagBag from /home/airflow/.local/lib/python3.7/site-packages/airflow/example_dags/example_skip_dag.py
[2023-11-25 17:52:50,034] {processor.py:651} INFO - DAG(s) dict_keys(['example_skip_dag']) retrieved from /home/airflow/.local/lib/python3.7/site-packages/airflow/example_dags/example_skip_dag.py
[2023-11-25 17:52:50,078] {logging_mixin.py:115} INFO - [2023-11-25 17:52:50,078] {dag.py:2420} INFO - Sync 1 DAGs
[2023-11-25 17:52:50,113] {logging_mixin.py:115} INFO - [2023-11-25 17:52:50,113] {dag.py:2972} INFO - Setting next_dagrun for example_skip_dag to 2023-11-24T17:52:50.113320+00:00, run_after=2023-11-25T17:52:50.113320+00:00
[2023-11-25 17:52:50,151] {processor.py:161} INFO - Processing /home/airflow/.local/lib/python3.7/site-packages/airflow/example_dags/example_skip_dag.py took 0.130 seconds
[2023-11-25 17:53:20,522] {processor.py:153} INFO - Started process (PID=2941) to work on /home/airflow/.local/lib/python3.7/site-packages/airflow/example_dags/example_skip_dag.py
[2023-11-25 17:53:20,523] {processor.py:641} INFO - Processing file /home/airflow/.local/lib/python3.7/site-packages/airflow/example_dags/example_skip_dag.py for tasks to queue
[2023-11-25 17:53:20,523] {logging_mixin.py:115} INFO - [2023-11-25 17:53:20,523] {dagbag.py:508} INFO - Filling up the DagBag from /home/airflow/.local/lib/python3.7/site-packages/airflow/example_dags/example_skip_dag.py
[2023-11-25 17:53:20,531] {processor.py:651} INFO - DAG(s) dict_keys(['example_skip_dag']) retrieved from /home/airflow/.local/lib/python3.7/site-packages/airflow/example_dags/example_skip_dag.py
[2023-11-25 17:53:20,575] {logging_mixin.py:115} INFO - [2023-11-25 17:53:20,575] {dag.py:2420} INFO - Sync 1 DAGs
[2023-11-25 17:53:20,617] {logging_mixin.py:115} INFO - [2023-11-25 17:53:20,617] {dag.py:2972} INFO - Setting next_dagrun for example_skip_dag to 2023-11-24T17:53:20.616771+00:00, run_after=2023-11-25T17:53:20.616771+00:00
[2023-11-25 17:53:20,633] {processor.py:161} INFO - Processing /home/airflow/.local/lib/python3.7/site-packages/airflow/example_dags/example_skip_dag.py took 0.116 seconds
[2023-11-25 17:53:50,731] {processor.py:153} INFO - Started process (PID=3004) to work on /home/airflow/.local/lib/python3.7/site-packages/airflow/example_dags/example_skip_dag.py
[2023-11-25 17:53:50,732] {processor.py:641} INFO - Processing file /home/airflow/.local/lib/python3.7/site-packages/airflow/example_dags/example_skip_dag.py for tasks to queue
[2023-11-25 17:53:50,733] {logging_mixin.py:115} INFO - [2023-11-25 17:53:50,732] {dagbag.py:508} INFO - Filling up the DagBag from /home/airflow/.local/lib/python3.7/site-packages/airflow/example_dags/example_skip_dag.py
[2023-11-25 17:53:50,741] {processor.py:651} INFO - DAG(s) dict_keys(['example_skip_dag']) retrieved from /home/airflow/.local/lib/python3.7/site-packages/airflow/example_dags/example_skip_dag.py
[2023-11-25 17:53:50,816] {logging_mixin.py:115} INFO - [2023-11-25 17:53:50,816] {dag.py:2420} INFO - Sync 1 DAGs
[2023-11-25 17:53:50,856] {logging_mixin.py:115} INFO - [2023-11-25 17:53:50,856] {dag.py:2972} INFO - Setting next_dagrun for example_skip_dag to 2023-11-24T17:53:50.856042+00:00, run_after=2023-11-25T17:53:50.856042+00:00
[2023-11-25 17:53:50,876] {processor.py:161} INFO - Processing /home/airflow/.local/lib/python3.7/site-packages/airflow/example_dags/example_skip_dag.py took 0.150 seconds
[2023-11-25 17:54:21,125] {processor.py:153} INFO - Started process (PID=3058) to work on /home/airflow/.local/lib/python3.7/site-packages/airflow/example_dags/example_skip_dag.py
[2023-11-25 17:54:21,127] {processor.py:641} INFO - Processing file /home/airflow/.local/lib/python3.7/site-packages/airflow/example_dags/example_skip_dag.py for tasks to queue
[2023-11-25 17:54:21,128] {logging_mixin.py:115} INFO - [2023-11-25 17:54:21,128] {dagbag.py:508} INFO - Filling up the DagBag from /home/airflow/.local/lib/python3.7/site-packages/airflow/example_dags/example_skip_dag.py
[2023-11-25 17:54:21,140] {processor.py:651} INFO - DAG(s) dict_keys(['example_skip_dag']) retrieved from /home/airflow/.local/lib/python3.7/site-packages/airflow/example_dags/example_skip_dag.py
[2023-11-25 17:54:21,233] {logging_mixin.py:115} INFO - [2023-11-25 17:54:21,233] {dag.py:2420} INFO - Sync 1 DAGs
[2023-11-25 17:54:21,276] {logging_mixin.py:115} INFO - [2023-11-25 17:54:21,276] {dag.py:2972} INFO - Setting next_dagrun for example_skip_dag to 2023-11-24T17:54:21.275675+00:00, run_after=2023-11-25T17:54:21.275675+00:00
[2023-11-25 17:54:21,294] {processor.py:161} INFO - Processing /home/airflow/.local/lib/python3.7/site-packages/airflow/example_dags/example_skip_dag.py took 0.176 seconds
