[2023-11-25 17:28:34,550] {processor.py:153} INFO - Started process (PID=98) to work on /home/airflow/.local/lib/python3.7/site-packages/airflow/example_dags/example_branch_datetime_operator.py
[2023-11-25 17:28:34,551] {processor.py:641} INFO - Processing file /home/airflow/.local/lib/python3.7/site-packages/airflow/example_dags/example_branch_datetime_operator.py for tasks to queue
[2023-11-25 17:28:34,552] {logging_mixin.py:115} INFO - [2023-11-25 17:28:34,551] {dagbag.py:508} INFO - Filling up the DagBag from /home/airflow/.local/lib/python3.7/site-packages/airflow/example_dags/example_branch_datetime_operator.py
[2023-11-25 17:28:34,613] {processor.py:651} INFO - DAG(s) dict_keys(['example_branch_datetime_operator', 'example_branch_datetime_operator_2']) retrieved from /home/airflow/.local/lib/python3.7/site-packages/airflow/example_dags/example_branch_datetime_operator.py
[2023-11-25 17:28:35,233] {logging_mixin.py:115} INFO - [2023-11-25 17:28:35,233] {manager.py:508} INFO - Created Permission View: can delete on DAG:example_branch_datetime_operator
[2023-11-25 17:28:35,312] {logging_mixin.py:115} INFO - [2023-11-25 17:28:35,312] {manager.py:508} INFO - Created Permission View: can edit on DAG:example_branch_datetime_operator
[2023-11-25 17:28:35,373] {logging_mixin.py:115} INFO - [2023-11-25 17:28:35,372] {manager.py:508} INFO - Created Permission View: can read on DAG:example_branch_datetime_operator
[2023-11-25 17:28:35,513] {logging_mixin.py:115} INFO - [2023-11-25 17:28:35,513] {manager.py:508} INFO - Created Permission View: can delete on DAG:example_branch_datetime_operator_2
[2023-11-25 17:28:35,554] {logging_mixin.py:115} INFO - [2023-11-25 17:28:35,554] {manager.py:508} INFO - Created Permission View: can edit on DAG:example_branch_datetime_operator_2
[2023-11-25 17:28:35,610] {logging_mixin.py:115} INFO - [2023-11-25 17:28:35,610] {manager.py:508} INFO - Created Permission View: can read on DAG:example_branch_datetime_operator_2
[2023-11-25 17:28:35,610] {logging_mixin.py:115} INFO - [2023-11-25 17:28:35,610] {dag.py:2420} INFO - Sync 2 DAGs
[2023-11-25 17:28:35,671] {logging_mixin.py:115} INFO - [2023-11-25 17:28:35,671] {dag.py:2439} INFO - Creating ORM DAG for example_branch_datetime_operator
[2023-11-25 17:28:35,671] {logging_mixin.py:115} INFO - [2023-11-25 17:28:35,671] {dag.py:2439} INFO - Creating ORM DAG for example_branch_datetime_operator_2
[2023-11-25 17:28:35,753] {logging_mixin.py:115} INFO - [2023-11-25 17:28:35,753] {dag.py:2972} INFO - Setting next_dagrun for example_branch_datetime_operator to 2023-11-24T00:00:00+00:00, run_after=2023-11-25T00:00:00+00:00
[2023-11-25 17:28:35,756] {logging_mixin.py:115} INFO - [2023-11-25 17:28:35,756] {dag.py:2972} INFO - Setting next_dagrun for example_branch_datetime_operator_2 to 2023-11-24T00:00:00+00:00, run_after=2023-11-25T00:00:00+00:00
[2023-11-25 17:28:35,851] {processor.py:161} INFO - Processing /home/airflow/.local/lib/python3.7/site-packages/airflow/example_dags/example_branch_datetime_operator.py took 1.339 seconds
[2023-11-25 17:29:06,511] {processor.py:153} INFO - Started process (PID=151) to work on /home/airflow/.local/lib/python3.7/site-packages/airflow/example_dags/example_branch_datetime_operator.py
[2023-11-25 17:29:06,568] {processor.py:641} INFO - Processing file /home/airflow/.local/lib/python3.7/site-packages/airflow/example_dags/example_branch_datetime_operator.py for tasks to queue
[2023-11-25 17:29:06,569] {logging_mixin.py:115} INFO - [2023-11-25 17:29:06,569] {dagbag.py:508} INFO - Filling up the DagBag from /home/airflow/.local/lib/python3.7/site-packages/airflow/example_dags/example_branch_datetime_operator.py
[2023-11-25 17:29:06,597] {processor.py:651} INFO - DAG(s) dict_keys(['example_branch_datetime_operator', 'example_branch_datetime_operator_2']) retrieved from /home/airflow/.local/lib/python3.7/site-packages/airflow/example_dags/example_branch_datetime_operator.py
[2023-11-25 17:29:06,694] {logging_mixin.py:115} INFO - [2023-11-25 17:29:06,694] {dag.py:2420} INFO - Sync 2 DAGs
[2023-11-25 17:29:06,750] {logging_mixin.py:115} INFO - [2023-11-25 17:29:06,750] {dag.py:2972} INFO - Setting next_dagrun for example_branch_datetime_operator to 2023-11-24T00:00:00+00:00, run_after=2023-11-25T00:00:00+00:00
[2023-11-25 17:29:06,753] {logging_mixin.py:115} INFO - [2023-11-25 17:29:06,752] {dag.py:2972} INFO - Setting next_dagrun for example_branch_datetime_operator_2 to 2023-11-24T00:00:00+00:00, run_after=2023-11-25T00:00:00+00:00
[2023-11-25 17:29:08,270] {processor.py:161} INFO - Processing /home/airflow/.local/lib/python3.7/site-packages/airflow/example_dags/example_branch_datetime_operator.py took 1.772 seconds
[2023-11-25 17:29:39,015] {processor.py:153} INFO - Started process (PID=212) to work on /home/airflow/.local/lib/python3.7/site-packages/airflow/example_dags/example_branch_datetime_operator.py
[2023-11-25 17:29:39,016] {processor.py:641} INFO - Processing file /home/airflow/.local/lib/python3.7/site-packages/airflow/example_dags/example_branch_datetime_operator.py for tasks to queue
[2023-11-25 17:29:39,017] {logging_mixin.py:115} INFO - [2023-11-25 17:29:39,017] {dagbag.py:508} INFO - Filling up the DagBag from /home/airflow/.local/lib/python3.7/site-packages/airflow/example_dags/example_branch_datetime_operator.py
[2023-11-25 17:29:39,058] {processor.py:651} INFO - DAG(s) dict_keys(['example_branch_datetime_operator', 'example_branch_datetime_operator_2']) retrieved from /home/airflow/.local/lib/python3.7/site-packages/airflow/example_dags/example_branch_datetime_operator.py
[2023-11-25 17:29:39,197] {logging_mixin.py:115} INFO - [2023-11-25 17:29:39,196] {dag.py:2420} INFO - Sync 2 DAGs
[2023-11-25 17:29:39,270] {logging_mixin.py:115} INFO - [2023-11-25 17:29:39,270] {dag.py:2972} INFO - Setting next_dagrun for example_branch_datetime_operator to 2023-11-24T00:00:00+00:00, run_after=2023-11-25T00:00:00+00:00
[2023-11-25 17:29:39,272] {logging_mixin.py:115} INFO - [2023-11-25 17:29:39,272] {dag.py:2972} INFO - Setting next_dagrun for example_branch_datetime_operator_2 to 2023-11-24T00:00:00+00:00, run_after=2023-11-25T00:00:00+00:00
[2023-11-25 17:29:39,293] {processor.py:161} INFO - Processing /home/airflow/.local/lib/python3.7/site-packages/airflow/example_dags/example_branch_datetime_operator.py took 0.293 seconds
[2023-11-25 17:30:09,416] {processor.py:153} INFO - Started process (PID=264) to work on /home/airflow/.local/lib/python3.7/site-packages/airflow/example_dags/example_branch_datetime_operator.py
[2023-11-25 17:30:09,417] {processor.py:641} INFO - Processing file /home/airflow/.local/lib/python3.7/site-packages/airflow/example_dags/example_branch_datetime_operator.py for tasks to queue
[2023-11-25 17:30:09,417] {logging_mixin.py:115} INFO - [2023-11-25 17:30:09,417] {dagbag.py:508} INFO - Filling up the DagBag from /home/airflow/.local/lib/python3.7/site-packages/airflow/example_dags/example_branch_datetime_operator.py
[2023-11-25 17:30:09,430] {processor.py:651} INFO - DAG(s) dict_keys(['example_branch_datetime_operator', 'example_branch_datetime_operator_2']) retrieved from /home/airflow/.local/lib/python3.7/site-packages/airflow/example_dags/example_branch_datetime_operator.py
[2023-11-25 17:30:09,477] {logging_mixin.py:115} INFO - [2023-11-25 17:30:09,476] {dag.py:2420} INFO - Sync 2 DAGs
[2023-11-25 17:30:09,507] {logging_mixin.py:115} INFO - [2023-11-25 17:30:09,507] {dag.py:2972} INFO - Setting next_dagrun for example_branch_datetime_operator to 2023-11-24T00:00:00+00:00, run_after=2023-11-25T00:00:00+00:00
[2023-11-25 17:30:09,509] {logging_mixin.py:115} INFO - [2023-11-25 17:30:09,508] {dag.py:2972} INFO - Setting next_dagrun for example_branch_datetime_operator_2 to 2023-11-24T00:00:00+00:00, run_after=2023-11-25T00:00:00+00:00
[2023-11-25 17:30:09,524] {processor.py:161} INFO - Processing /home/airflow/.local/lib/python3.7/site-packages/airflow/example_dags/example_branch_datetime_operator.py took 0.113 seconds
[2023-11-25 17:30:39,671] {processor.py:153} INFO - Started process (PID=325) to work on /home/airflow/.local/lib/python3.7/site-packages/airflow/example_dags/example_branch_datetime_operator.py
[2023-11-25 17:30:39,672] {processor.py:641} INFO - Processing file /home/airflow/.local/lib/python3.7/site-packages/airflow/example_dags/example_branch_datetime_operator.py for tasks to queue
[2023-11-25 17:30:39,672] {logging_mixin.py:115} INFO - [2023-11-25 17:30:39,672] {dagbag.py:508} INFO - Filling up the DagBag from /home/airflow/.local/lib/python3.7/site-packages/airflow/example_dags/example_branch_datetime_operator.py
[2023-11-25 17:30:39,686] {processor.py:651} INFO - DAG(s) dict_keys(['example_branch_datetime_operator', 'example_branch_datetime_operator_2']) retrieved from /home/airflow/.local/lib/python3.7/site-packages/airflow/example_dags/example_branch_datetime_operator.py
[2023-11-25 17:30:39,732] {logging_mixin.py:115} INFO - [2023-11-25 17:30:39,732] {dag.py:2420} INFO - Sync 2 DAGs
[2023-11-25 17:30:39,763] {logging_mixin.py:115} INFO - [2023-11-25 17:30:39,763] {dag.py:2972} INFO - Setting next_dagrun for example_branch_datetime_operator to 2023-11-24T00:00:00+00:00, run_after=2023-11-25T00:00:00+00:00
[2023-11-25 17:30:39,765] {logging_mixin.py:115} INFO - [2023-11-25 17:30:39,765] {dag.py:2972} INFO - Setting next_dagrun for example_branch_datetime_operator_2 to 2023-11-24T00:00:00+00:00, run_after=2023-11-25T00:00:00+00:00
[2023-11-25 17:30:39,780] {processor.py:161} INFO - Processing /home/airflow/.local/lib/python3.7/site-packages/airflow/example_dags/example_branch_datetime_operator.py took 0.113 seconds
[2023-11-25 17:31:10,413] {processor.py:153} INFO - Started process (PID=377) to work on /home/airflow/.local/lib/python3.7/site-packages/airflow/example_dags/example_branch_datetime_operator.py
[2023-11-25 17:31:10,413] {processor.py:641} INFO - Processing file /home/airflow/.local/lib/python3.7/site-packages/airflow/example_dags/example_branch_datetime_operator.py for tasks to queue
[2023-11-25 17:31:10,414] {logging_mixin.py:115} INFO - [2023-11-25 17:31:10,414] {dagbag.py:508} INFO - Filling up the DagBag from /home/airflow/.local/lib/python3.7/site-packages/airflow/example_dags/example_branch_datetime_operator.py
[2023-11-25 17:31:10,434] {processor.py:651} INFO - DAG(s) dict_keys(['example_branch_datetime_operator', 'example_branch_datetime_operator_2']) retrieved from /home/airflow/.local/lib/python3.7/site-packages/airflow/example_dags/example_branch_datetime_operator.py
[2023-11-25 17:31:10,493] {logging_mixin.py:115} INFO - [2023-11-25 17:31:10,493] {dag.py:2420} INFO - Sync 2 DAGs
[2023-11-25 17:31:10,536] {logging_mixin.py:115} INFO - [2023-11-25 17:31:10,536] {dag.py:2972} INFO - Setting next_dagrun for example_branch_datetime_operator to 2023-11-24T00:00:00+00:00, run_after=2023-11-25T00:00:00+00:00
[2023-11-25 17:31:10,550] {logging_mixin.py:115} INFO - [2023-11-25 17:31:10,550] {dag.py:2972} INFO - Setting next_dagrun for example_branch_datetime_operator_2 to 2023-11-24T00:00:00+00:00, run_after=2023-11-25T00:00:00+00:00
[2023-11-25 17:31:10,574] {processor.py:161} INFO - Processing /home/airflow/.local/lib/python3.7/site-packages/airflow/example_dags/example_branch_datetime_operator.py took 0.167 seconds
[2023-11-25 17:31:41,002] {processor.py:153} INFO - Started process (PID=438) to work on /home/airflow/.local/lib/python3.7/site-packages/airflow/example_dags/example_branch_datetime_operator.py
[2023-11-25 17:31:41,003] {processor.py:641} INFO - Processing file /home/airflow/.local/lib/python3.7/site-packages/airflow/example_dags/example_branch_datetime_operator.py for tasks to queue
[2023-11-25 17:31:41,003] {logging_mixin.py:115} INFO - [2023-11-25 17:31:41,003] {dagbag.py:508} INFO - Filling up the DagBag from /home/airflow/.local/lib/python3.7/site-packages/airflow/example_dags/example_branch_datetime_operator.py
[2023-11-25 17:31:41,015] {processor.py:651} INFO - DAG(s) dict_keys(['example_branch_datetime_operator', 'example_branch_datetime_operator_2']) retrieved from /home/airflow/.local/lib/python3.7/site-packages/airflow/example_dags/example_branch_datetime_operator.py
[2023-11-25 17:31:41,059] {logging_mixin.py:115} INFO - [2023-11-25 17:31:41,059] {dag.py:2420} INFO - Sync 2 DAGs
[2023-11-25 17:31:41,092] {logging_mixin.py:115} INFO - [2023-11-25 17:31:41,092] {dag.py:2972} INFO - Setting next_dagrun for example_branch_datetime_operator to 2023-11-24T00:00:00+00:00, run_after=2023-11-25T00:00:00+00:00
[2023-11-25 17:31:41,094] {logging_mixin.py:115} INFO - [2023-11-25 17:31:41,094] {dag.py:2972} INFO - Setting next_dagrun for example_branch_datetime_operator_2 to 2023-11-24T00:00:00+00:00, run_after=2023-11-25T00:00:00+00:00
[2023-11-25 17:31:41,118] {processor.py:161} INFO - Processing /home/airflow/.local/lib/python3.7/site-packages/airflow/example_dags/example_branch_datetime_operator.py took 0.121 seconds
[2023-11-25 17:32:11,751] {processor.py:153} INFO - Started process (PID=499) to work on /home/airflow/.local/lib/python3.7/site-packages/airflow/example_dags/example_branch_datetime_operator.py
[2023-11-25 17:32:11,752] {processor.py:641} INFO - Processing file /home/airflow/.local/lib/python3.7/site-packages/airflow/example_dags/example_branch_datetime_operator.py for tasks to queue
[2023-11-25 17:32:11,753] {logging_mixin.py:115} INFO - [2023-11-25 17:32:11,753] {dagbag.py:508} INFO - Filling up the DagBag from /home/airflow/.local/lib/python3.7/site-packages/airflow/example_dags/example_branch_datetime_operator.py
[2023-11-25 17:32:11,791] {processor.py:651} INFO - DAG(s) dict_keys(['example_branch_datetime_operator', 'example_branch_datetime_operator_2']) retrieved from /home/airflow/.local/lib/python3.7/site-packages/airflow/example_dags/example_branch_datetime_operator.py
[2023-11-25 17:32:11,851] {logging_mixin.py:115} INFO - [2023-11-25 17:32:11,851] {dag.py:2420} INFO - Sync 2 DAGs
[2023-11-25 17:32:11,887] {logging_mixin.py:115} INFO - [2023-11-25 17:32:11,887] {dag.py:2972} INFO - Setting next_dagrun for example_branch_datetime_operator to 2023-11-24T00:00:00+00:00, run_after=2023-11-25T00:00:00+00:00
[2023-11-25 17:32:11,889] {logging_mixin.py:115} INFO - [2023-11-25 17:32:11,889] {dag.py:2972} INFO - Setting next_dagrun for example_branch_datetime_operator_2 to 2023-11-24T00:00:00+00:00, run_after=2023-11-25T00:00:00+00:00
[2023-11-25 17:32:11,903] {processor.py:161} INFO - Processing /home/airflow/.local/lib/python3.7/site-packages/airflow/example_dags/example_branch_datetime_operator.py took 0.161 seconds
[2023-11-25 17:32:42,318] {processor.py:153} INFO - Started process (PID=551) to work on /home/airflow/.local/lib/python3.7/site-packages/airflow/example_dags/example_branch_datetime_operator.py
[2023-11-25 17:32:42,319] {processor.py:641} INFO - Processing file /home/airflow/.local/lib/python3.7/site-packages/airflow/example_dags/example_branch_datetime_operator.py for tasks to queue
[2023-11-25 17:32:42,319] {logging_mixin.py:115} INFO - [2023-11-25 17:32:42,319] {dagbag.py:508} INFO - Filling up the DagBag from /home/airflow/.local/lib/python3.7/site-packages/airflow/example_dags/example_branch_datetime_operator.py
[2023-11-25 17:32:42,332] {processor.py:651} INFO - DAG(s) dict_keys(['example_branch_datetime_operator', 'example_branch_datetime_operator_2']) retrieved from /home/airflow/.local/lib/python3.7/site-packages/airflow/example_dags/example_branch_datetime_operator.py
[2023-11-25 17:32:42,400] {logging_mixin.py:115} INFO - [2023-11-25 17:32:42,400] {dag.py:2420} INFO - Sync 2 DAGs
[2023-11-25 17:32:42,432] {logging_mixin.py:115} INFO - [2023-11-25 17:32:42,432] {dag.py:2972} INFO - Setting next_dagrun for example_branch_datetime_operator to 2023-11-24T00:00:00+00:00, run_after=2023-11-25T00:00:00+00:00
[2023-11-25 17:32:42,435] {logging_mixin.py:115} INFO - [2023-11-25 17:32:42,435] {dag.py:2972} INFO - Setting next_dagrun for example_branch_datetime_operator_2 to 2023-11-24T00:00:00+00:00, run_after=2023-11-25T00:00:00+00:00
[2023-11-25 17:32:42,450] {processor.py:161} INFO - Processing /home/airflow/.local/lib/python3.7/site-packages/airflow/example_dags/example_branch_datetime_operator.py took 0.138 seconds
[2023-11-25 17:33:12,776] {processor.py:153} INFO - Started process (PID=612) to work on /home/airflow/.local/lib/python3.7/site-packages/airflow/example_dags/example_branch_datetime_operator.py
[2023-11-25 17:33:12,777] {processor.py:641} INFO - Processing file /home/airflow/.local/lib/python3.7/site-packages/airflow/example_dags/example_branch_datetime_operator.py for tasks to queue
[2023-11-25 17:33:12,778] {logging_mixin.py:115} INFO - [2023-11-25 17:33:12,778] {dagbag.py:508} INFO - Filling up the DagBag from /home/airflow/.local/lib/python3.7/site-packages/airflow/example_dags/example_branch_datetime_operator.py
[2023-11-25 17:33:12,790] {processor.py:651} INFO - DAG(s) dict_keys(['example_branch_datetime_operator', 'example_branch_datetime_operator_2']) retrieved from /home/airflow/.local/lib/python3.7/site-packages/airflow/example_dags/example_branch_datetime_operator.py
[2023-11-25 17:33:12,832] {logging_mixin.py:115} INFO - [2023-11-25 17:33:12,832] {dag.py:2420} INFO - Sync 2 DAGs
[2023-11-25 17:33:12,862] {logging_mixin.py:115} INFO - [2023-11-25 17:33:12,862] {dag.py:2972} INFO - Setting next_dagrun for example_branch_datetime_operator to 2023-11-24T00:00:00+00:00, run_after=2023-11-25T00:00:00+00:00
[2023-11-25 17:33:12,864] {logging_mixin.py:115} INFO - [2023-11-25 17:33:12,863] {dag.py:2972} INFO - Setting next_dagrun for example_branch_datetime_operator_2 to 2023-11-24T00:00:00+00:00, run_after=2023-11-25T00:00:00+00:00
[2023-11-25 17:33:12,876] {processor.py:161} INFO - Processing /home/airflow/.local/lib/python3.7/site-packages/airflow/example_dags/example_branch_datetime_operator.py took 0.105 seconds
[2023-11-25 17:33:43,270] {processor.py:153} INFO - Started process (PID=673) to work on /home/airflow/.local/lib/python3.7/site-packages/airflow/example_dags/example_branch_datetime_operator.py
[2023-11-25 17:33:43,271] {processor.py:641} INFO - Processing file /home/airflow/.local/lib/python3.7/site-packages/airflow/example_dags/example_branch_datetime_operator.py for tasks to queue
[2023-11-25 17:33:43,272] {logging_mixin.py:115} INFO - [2023-11-25 17:33:43,271] {dagbag.py:508} INFO - Filling up the DagBag from /home/airflow/.local/lib/python3.7/site-packages/airflow/example_dags/example_branch_datetime_operator.py
[2023-11-25 17:33:43,286] {processor.py:651} INFO - DAG(s) dict_keys(['example_branch_datetime_operator', 'example_branch_datetime_operator_2']) retrieved from /home/airflow/.local/lib/python3.7/site-packages/airflow/example_dags/example_branch_datetime_operator.py
[2023-11-25 17:33:43,332] {logging_mixin.py:115} INFO - [2023-11-25 17:33:43,332] {dag.py:2420} INFO - Sync 2 DAGs
[2023-11-25 17:33:43,364] {logging_mixin.py:115} INFO - [2023-11-25 17:33:43,364] {dag.py:2972} INFO - Setting next_dagrun for example_branch_datetime_operator to 2023-11-24T00:00:00+00:00, run_after=2023-11-25T00:00:00+00:00
[2023-11-25 17:33:43,366] {logging_mixin.py:115} INFO - [2023-11-25 17:33:43,366] {dag.py:2972} INFO - Setting next_dagrun for example_branch_datetime_operator_2 to 2023-11-24T00:00:00+00:00, run_after=2023-11-25T00:00:00+00:00
[2023-11-25 17:33:43,379] {processor.py:161} INFO - Processing /home/airflow/.local/lib/python3.7/site-packages/airflow/example_dags/example_branch_datetime_operator.py took 0.115 seconds
[2023-11-25 17:34:13,863] {processor.py:153} INFO - Started process (PID=725) to work on /home/airflow/.local/lib/python3.7/site-packages/airflow/example_dags/example_branch_datetime_operator.py
[2023-11-25 17:34:13,864] {processor.py:641} INFO - Processing file /home/airflow/.local/lib/python3.7/site-packages/airflow/example_dags/example_branch_datetime_operator.py for tasks to queue
[2023-11-25 17:34:13,864] {logging_mixin.py:115} INFO - [2023-11-25 17:34:13,864] {dagbag.py:508} INFO - Filling up the DagBag from /home/airflow/.local/lib/python3.7/site-packages/airflow/example_dags/example_branch_datetime_operator.py
[2023-11-25 17:34:13,877] {processor.py:651} INFO - DAG(s) dict_keys(['example_branch_datetime_operator', 'example_branch_datetime_operator_2']) retrieved from /home/airflow/.local/lib/python3.7/site-packages/airflow/example_dags/example_branch_datetime_operator.py
[2023-11-25 17:34:13,921] {logging_mixin.py:115} INFO - [2023-11-25 17:34:13,921] {dag.py:2420} INFO - Sync 2 DAGs
[2023-11-25 17:34:13,954] {logging_mixin.py:115} INFO - [2023-11-25 17:34:13,953] {dag.py:2972} INFO - Setting next_dagrun for example_branch_datetime_operator to 2023-11-24T00:00:00+00:00, run_after=2023-11-25T00:00:00+00:00
[2023-11-25 17:34:13,955] {logging_mixin.py:115} INFO - [2023-11-25 17:34:13,955] {dag.py:2972} INFO - Setting next_dagrun for example_branch_datetime_operator_2 to 2023-11-24T00:00:00+00:00, run_after=2023-11-25T00:00:00+00:00
[2023-11-25 17:34:13,968] {processor.py:161} INFO - Processing /home/airflow/.local/lib/python3.7/site-packages/airflow/example_dags/example_branch_datetime_operator.py took 0.110 seconds
[2023-11-25 17:34:44,490] {processor.py:153} INFO - Started process (PID=786) to work on /home/airflow/.local/lib/python3.7/site-packages/airflow/example_dags/example_branch_datetime_operator.py
[2023-11-25 17:34:44,491] {processor.py:641} INFO - Processing file /home/airflow/.local/lib/python3.7/site-packages/airflow/example_dags/example_branch_datetime_operator.py for tasks to queue
[2023-11-25 17:34:44,491] {logging_mixin.py:115} INFO - [2023-11-25 17:34:44,491] {dagbag.py:508} INFO - Filling up the DagBag from /home/airflow/.local/lib/python3.7/site-packages/airflow/example_dags/example_branch_datetime_operator.py
[2023-11-25 17:34:44,503] {processor.py:651} INFO - DAG(s) dict_keys(['example_branch_datetime_operator', 'example_branch_datetime_operator_2']) retrieved from /home/airflow/.local/lib/python3.7/site-packages/airflow/example_dags/example_branch_datetime_operator.py
[2023-11-25 17:34:44,551] {logging_mixin.py:115} INFO - [2023-11-25 17:34:44,551] {dag.py:2420} INFO - Sync 2 DAGs
[2023-11-25 17:34:44,581] {logging_mixin.py:115} INFO - [2023-11-25 17:34:44,581] {dag.py:2972} INFO - Setting next_dagrun for example_branch_datetime_operator to 2023-11-24T00:00:00+00:00, run_after=2023-11-25T00:00:00+00:00
[2023-11-25 17:34:44,583] {logging_mixin.py:115} INFO - [2023-11-25 17:34:44,583] {dag.py:2972} INFO - Setting next_dagrun for example_branch_datetime_operator_2 to 2023-11-24T00:00:00+00:00, run_after=2023-11-25T00:00:00+00:00
[2023-11-25 17:34:44,595] {processor.py:161} INFO - Processing /home/airflow/.local/lib/python3.7/site-packages/airflow/example_dags/example_branch_datetime_operator.py took 0.110 seconds
[2023-11-25 17:35:14,779] {processor.py:153} INFO - Started process (PID=838) to work on /home/airflow/.local/lib/python3.7/site-packages/airflow/example_dags/example_branch_datetime_operator.py
[2023-11-25 17:35:14,780] {processor.py:641} INFO - Processing file /home/airflow/.local/lib/python3.7/site-packages/airflow/example_dags/example_branch_datetime_operator.py for tasks to queue
[2023-11-25 17:35:14,781] {logging_mixin.py:115} INFO - [2023-11-25 17:35:14,781] {dagbag.py:508} INFO - Filling up the DagBag from /home/airflow/.local/lib/python3.7/site-packages/airflow/example_dags/example_branch_datetime_operator.py
[2023-11-25 17:35:14,793] {processor.py:651} INFO - DAG(s) dict_keys(['example_branch_datetime_operator', 'example_branch_datetime_operator_2']) retrieved from /home/airflow/.local/lib/python3.7/site-packages/airflow/example_dags/example_branch_datetime_operator.py
[2023-11-25 17:35:14,835] {logging_mixin.py:115} INFO - [2023-11-25 17:35:14,835] {dag.py:2420} INFO - Sync 2 DAGs
[2023-11-25 17:35:14,864] {logging_mixin.py:115} INFO - [2023-11-25 17:35:14,864] {dag.py:2972} INFO - Setting next_dagrun for example_branch_datetime_operator to 2023-11-24T00:00:00+00:00, run_after=2023-11-25T00:00:00+00:00
[2023-11-25 17:35:14,865] {logging_mixin.py:115} INFO - [2023-11-25 17:35:14,865] {dag.py:2972} INFO - Setting next_dagrun for example_branch_datetime_operator_2 to 2023-11-24T00:00:00+00:00, run_after=2023-11-25T00:00:00+00:00
[2023-11-25 17:35:14,878] {processor.py:161} INFO - Processing /home/airflow/.local/lib/python3.7/site-packages/airflow/example_dags/example_branch_datetime_operator.py took 0.104 seconds
[2023-11-25 17:35:45,526] {processor.py:153} INFO - Started process (PID=900) to work on /home/airflow/.local/lib/python3.7/site-packages/airflow/example_dags/example_branch_datetime_operator.py
[2023-11-25 17:35:45,526] {processor.py:641} INFO - Processing file /home/airflow/.local/lib/python3.7/site-packages/airflow/example_dags/example_branch_datetime_operator.py for tasks to queue
[2023-11-25 17:35:45,527] {logging_mixin.py:115} INFO - [2023-11-25 17:35:45,527] {dagbag.py:508} INFO - Filling up the DagBag from /home/airflow/.local/lib/python3.7/site-packages/airflow/example_dags/example_branch_datetime_operator.py
[2023-11-25 17:35:45,538] {processor.py:651} INFO - DAG(s) dict_keys(['example_branch_datetime_operator', 'example_branch_datetime_operator_2']) retrieved from /home/airflow/.local/lib/python3.7/site-packages/airflow/example_dags/example_branch_datetime_operator.py
[2023-11-25 17:35:45,590] {logging_mixin.py:115} INFO - [2023-11-25 17:35:45,589] {dag.py:2420} INFO - Sync 2 DAGs
[2023-11-25 17:35:45,619] {logging_mixin.py:115} INFO - [2023-11-25 17:35:45,619] {dag.py:2972} INFO - Setting next_dagrun for example_branch_datetime_operator to 2023-11-24T00:00:00+00:00, run_after=2023-11-25T00:00:00+00:00
[2023-11-25 17:35:45,621] {logging_mixin.py:115} INFO - [2023-11-25 17:35:45,621] {dag.py:2972} INFO - Setting next_dagrun for example_branch_datetime_operator_2 to 2023-11-24T00:00:00+00:00, run_after=2023-11-25T00:00:00+00:00
[2023-11-25 17:35:45,635] {processor.py:161} INFO - Processing /home/airflow/.local/lib/python3.7/site-packages/airflow/example_dags/example_branch_datetime_operator.py took 0.114 seconds
[2023-11-25 17:36:16,116] {processor.py:153} INFO - Started process (PID=961) to work on /home/airflow/.local/lib/python3.7/site-packages/airflow/example_dags/example_branch_datetime_operator.py
[2023-11-25 17:36:16,117] {processor.py:641} INFO - Processing file /home/airflow/.local/lib/python3.7/site-packages/airflow/example_dags/example_branch_datetime_operator.py for tasks to queue
[2023-11-25 17:36:16,118] {logging_mixin.py:115} INFO - [2023-11-25 17:36:16,118] {dagbag.py:508} INFO - Filling up the DagBag from /home/airflow/.local/lib/python3.7/site-packages/airflow/example_dags/example_branch_datetime_operator.py
[2023-11-25 17:36:16,139] {processor.py:651} INFO - DAG(s) dict_keys(['example_branch_datetime_operator', 'example_branch_datetime_operator_2']) retrieved from /home/airflow/.local/lib/python3.7/site-packages/airflow/example_dags/example_branch_datetime_operator.py
[2023-11-25 17:36:16,214] {logging_mixin.py:115} INFO - [2023-11-25 17:36:16,213] {dag.py:2420} INFO - Sync 2 DAGs
[2023-11-25 17:36:16,255] {logging_mixin.py:115} INFO - [2023-11-25 17:36:16,255] {dag.py:2972} INFO - Setting next_dagrun for example_branch_datetime_operator to 2023-11-24T00:00:00+00:00, run_after=2023-11-25T00:00:00+00:00
[2023-11-25 17:36:16,257] {logging_mixin.py:115} INFO - [2023-11-25 17:36:16,257] {dag.py:2972} INFO - Setting next_dagrun for example_branch_datetime_operator_2 to 2023-11-24T00:00:00+00:00, run_after=2023-11-25T00:00:00+00:00
[2023-11-25 17:36:16,272] {processor.py:161} INFO - Processing /home/airflow/.local/lib/python3.7/site-packages/airflow/example_dags/example_branch_datetime_operator.py took 0.161 seconds
[2023-11-25 17:36:46,614] {processor.py:153} INFO - Started process (PID=1013) to work on /home/airflow/.local/lib/python3.7/site-packages/airflow/example_dags/example_branch_datetime_operator.py
[2023-11-25 17:36:46,615] {processor.py:641} INFO - Processing file /home/airflow/.local/lib/python3.7/site-packages/airflow/example_dags/example_branch_datetime_operator.py for tasks to queue
[2023-11-25 17:36:46,616] {logging_mixin.py:115} INFO - [2023-11-25 17:36:46,616] {dagbag.py:508} INFO - Filling up the DagBag from /home/airflow/.local/lib/python3.7/site-packages/airflow/example_dags/example_branch_datetime_operator.py
[2023-11-25 17:36:46,628] {processor.py:651} INFO - DAG(s) dict_keys(['example_branch_datetime_operator', 'example_branch_datetime_operator_2']) retrieved from /home/airflow/.local/lib/python3.7/site-packages/airflow/example_dags/example_branch_datetime_operator.py
[2023-11-25 17:36:46,673] {logging_mixin.py:115} INFO - [2023-11-25 17:36:46,673] {dag.py:2420} INFO - Sync 2 DAGs
[2023-11-25 17:36:46,708] {logging_mixin.py:115} INFO - [2023-11-25 17:36:46,707] {dag.py:2972} INFO - Setting next_dagrun for example_branch_datetime_operator to 2023-11-24T00:00:00+00:00, run_after=2023-11-25T00:00:00+00:00
[2023-11-25 17:36:46,709] {logging_mixin.py:115} INFO - [2023-11-25 17:36:46,709] {dag.py:2972} INFO - Setting next_dagrun for example_branch_datetime_operator_2 to 2023-11-24T00:00:00+00:00, run_after=2023-11-25T00:00:00+00:00
[2023-11-25 17:36:46,724] {processor.py:161} INFO - Processing /home/airflow/.local/lib/python3.7/site-packages/airflow/example_dags/example_branch_datetime_operator.py took 0.115 seconds
[2023-11-25 17:37:17,064] {processor.py:153} INFO - Started process (PID=1074) to work on /home/airflow/.local/lib/python3.7/site-packages/airflow/example_dags/example_branch_datetime_operator.py
[2023-11-25 17:37:17,065] {processor.py:641} INFO - Processing file /home/airflow/.local/lib/python3.7/site-packages/airflow/example_dags/example_branch_datetime_operator.py for tasks to queue
[2023-11-25 17:37:17,065] {logging_mixin.py:115} INFO - [2023-11-25 17:37:17,065] {dagbag.py:508} INFO - Filling up the DagBag from /home/airflow/.local/lib/python3.7/site-packages/airflow/example_dags/example_branch_datetime_operator.py
[2023-11-25 17:37:17,082] {processor.py:651} INFO - DAG(s) dict_keys(['example_branch_datetime_operator', 'example_branch_datetime_operator_2']) retrieved from /home/airflow/.local/lib/python3.7/site-packages/airflow/example_dags/example_branch_datetime_operator.py
[2023-11-25 17:37:17,140] {logging_mixin.py:115} INFO - [2023-11-25 17:37:17,140] {dag.py:2420} INFO - Sync 2 DAGs
[2023-11-25 17:37:17,171] {logging_mixin.py:115} INFO - [2023-11-25 17:37:17,171] {dag.py:2972} INFO - Setting next_dagrun for example_branch_datetime_operator to 2023-11-24T00:00:00+00:00, run_after=2023-11-25T00:00:00+00:00
[2023-11-25 17:37:17,173] {logging_mixin.py:115} INFO - [2023-11-25 17:37:17,173] {dag.py:2972} INFO - Setting next_dagrun for example_branch_datetime_operator_2 to 2023-11-24T00:00:00+00:00, run_after=2023-11-25T00:00:00+00:00
[2023-11-25 17:37:17,186] {processor.py:161} INFO - Processing /home/airflow/.local/lib/python3.7/site-packages/airflow/example_dags/example_branch_datetime_operator.py took 0.128 seconds
[2023-11-25 17:37:47,708] {processor.py:153} INFO - Started process (PID=1135) to work on /home/airflow/.local/lib/python3.7/site-packages/airflow/example_dags/example_branch_datetime_operator.py
[2023-11-25 17:37:47,708] {processor.py:641} INFO - Processing file /home/airflow/.local/lib/python3.7/site-packages/airflow/example_dags/example_branch_datetime_operator.py for tasks to queue
[2023-11-25 17:37:47,709] {logging_mixin.py:115} INFO - [2023-11-25 17:37:47,709] {dagbag.py:508} INFO - Filling up the DagBag from /home/airflow/.local/lib/python3.7/site-packages/airflow/example_dags/example_branch_datetime_operator.py
[2023-11-25 17:37:47,721] {processor.py:651} INFO - DAG(s) dict_keys(['example_branch_datetime_operator', 'example_branch_datetime_operator_2']) retrieved from /home/airflow/.local/lib/python3.7/site-packages/airflow/example_dags/example_branch_datetime_operator.py
[2023-11-25 17:37:47,773] {logging_mixin.py:115} INFO - [2023-11-25 17:37:47,773] {dag.py:2420} INFO - Sync 2 DAGs
[2023-11-25 17:37:47,805] {logging_mixin.py:115} INFO - [2023-11-25 17:37:47,804] {dag.py:2972} INFO - Setting next_dagrun for example_branch_datetime_operator to 2023-11-24T00:00:00+00:00, run_after=2023-11-25T00:00:00+00:00
[2023-11-25 17:37:47,806] {logging_mixin.py:115} INFO - [2023-11-25 17:37:47,806] {dag.py:2972} INFO - Setting next_dagrun for example_branch_datetime_operator_2 to 2023-11-24T00:00:00+00:00, run_after=2023-11-25T00:00:00+00:00
[2023-11-25 17:37:47,820] {processor.py:161} INFO - Processing /home/airflow/.local/lib/python3.7/site-packages/airflow/example_dags/example_branch_datetime_operator.py took 0.118 seconds
[2023-11-25 17:38:18,259] {processor.py:153} INFO - Started process (PID=1186) to work on /home/airflow/.local/lib/python3.7/site-packages/airflow/example_dags/example_branch_datetime_operator.py
[2023-11-25 17:38:18,260] {processor.py:641} INFO - Processing file /home/airflow/.local/lib/python3.7/site-packages/airflow/example_dags/example_branch_datetime_operator.py for tasks to queue
[2023-11-25 17:38:18,260] {logging_mixin.py:115} INFO - [2023-11-25 17:38:18,260] {dagbag.py:508} INFO - Filling up the DagBag from /home/airflow/.local/lib/python3.7/site-packages/airflow/example_dags/example_branch_datetime_operator.py
[2023-11-25 17:38:18,274] {processor.py:651} INFO - DAG(s) dict_keys(['example_branch_datetime_operator', 'example_branch_datetime_operator_2']) retrieved from /home/airflow/.local/lib/python3.7/site-packages/airflow/example_dags/example_branch_datetime_operator.py
[2023-11-25 17:38:18,359] {logging_mixin.py:115} INFO - [2023-11-25 17:38:18,359] {dag.py:2420} INFO - Sync 2 DAGs
[2023-11-25 17:38:18,402] {logging_mixin.py:115} INFO - [2023-11-25 17:38:18,402] {dag.py:2972} INFO - Setting next_dagrun for example_branch_datetime_operator to 2023-11-24T00:00:00+00:00, run_after=2023-11-25T00:00:00+00:00
[2023-11-25 17:38:18,404] {logging_mixin.py:115} INFO - [2023-11-25 17:38:18,404] {dag.py:2972} INFO - Setting next_dagrun for example_branch_datetime_operator_2 to 2023-11-24T00:00:00+00:00, run_after=2023-11-25T00:00:00+00:00
[2023-11-25 17:38:18,417] {processor.py:161} INFO - Processing /home/airflow/.local/lib/python3.7/site-packages/airflow/example_dags/example_branch_datetime_operator.py took 0.164 seconds
[2023-11-25 17:38:48,596] {processor.py:153} INFO - Started process (PID=1249) to work on /home/airflow/.local/lib/python3.7/site-packages/airflow/example_dags/example_branch_datetime_operator.py
[2023-11-25 17:38:48,597] {processor.py:641} INFO - Processing file /home/airflow/.local/lib/python3.7/site-packages/airflow/example_dags/example_branch_datetime_operator.py for tasks to queue
[2023-11-25 17:38:48,597] {logging_mixin.py:115} INFO - [2023-11-25 17:38:48,597] {dagbag.py:508} INFO - Filling up the DagBag from /home/airflow/.local/lib/python3.7/site-packages/airflow/example_dags/example_branch_datetime_operator.py
[2023-11-25 17:38:48,617] {processor.py:651} INFO - DAG(s) dict_keys(['example_branch_datetime_operator', 'example_branch_datetime_operator_2']) retrieved from /home/airflow/.local/lib/python3.7/site-packages/airflow/example_dags/example_branch_datetime_operator.py
[2023-11-25 17:38:48,682] {logging_mixin.py:115} INFO - [2023-11-25 17:38:48,682] {dag.py:2420} INFO - Sync 2 DAGs
[2023-11-25 17:38:48,753] {logging_mixin.py:115} INFO - [2023-11-25 17:38:48,753] {dag.py:2972} INFO - Setting next_dagrun for example_branch_datetime_operator to 2023-11-24T00:00:00+00:00, run_after=2023-11-25T00:00:00+00:00
[2023-11-25 17:38:48,755] {logging_mixin.py:115} INFO - [2023-11-25 17:38:48,755] {dag.py:2972} INFO - Setting next_dagrun for example_branch_datetime_operator_2 to 2023-11-24T00:00:00+00:00, run_after=2023-11-25T00:00:00+00:00
[2023-11-25 17:38:48,793] {processor.py:161} INFO - Processing /home/airflow/.local/lib/python3.7/site-packages/airflow/example_dags/example_branch_datetime_operator.py took 0.202 seconds
[2023-11-25 17:39:19,245] {processor.py:153} INFO - Started process (PID=1312) to work on /home/airflow/.local/lib/python3.7/site-packages/airflow/example_dags/example_branch_datetime_operator.py
[2023-11-25 17:39:19,250] {processor.py:641} INFO - Processing file /home/airflow/.local/lib/python3.7/site-packages/airflow/example_dags/example_branch_datetime_operator.py for tasks to queue
[2023-11-25 17:39:19,251] {logging_mixin.py:115} INFO - [2023-11-25 17:39:19,251] {dagbag.py:508} INFO - Filling up the DagBag from /home/airflow/.local/lib/python3.7/site-packages/airflow/example_dags/example_branch_datetime_operator.py
[2023-11-25 17:39:19,276] {processor.py:651} INFO - DAG(s) dict_keys(['example_branch_datetime_operator', 'example_branch_datetime_operator_2']) retrieved from /home/airflow/.local/lib/python3.7/site-packages/airflow/example_dags/example_branch_datetime_operator.py
[2023-11-25 17:39:19,360] {logging_mixin.py:115} INFO - [2023-11-25 17:39:19,360] {dag.py:2420} INFO - Sync 2 DAGs
[2023-11-25 17:39:19,412] {logging_mixin.py:115} INFO - [2023-11-25 17:39:19,412] {dag.py:2972} INFO - Setting next_dagrun for example_branch_datetime_operator to 2023-11-24T00:00:00+00:00, run_after=2023-11-25T00:00:00+00:00
[2023-11-25 17:39:19,414] {logging_mixin.py:115} INFO - [2023-11-25 17:39:19,414] {dag.py:2972} INFO - Setting next_dagrun for example_branch_datetime_operator_2 to 2023-11-24T00:00:00+00:00, run_after=2023-11-25T00:00:00+00:00
[2023-11-25 17:39:19,437] {processor.py:161} INFO - Processing /home/airflow/.local/lib/python3.7/site-packages/airflow/example_dags/example_branch_datetime_operator.py took 0.197 seconds
[2023-11-25 17:39:50,088] {processor.py:153} INFO - Started process (PID=1366) to work on /home/airflow/.local/lib/python3.7/site-packages/airflow/example_dags/example_branch_datetime_operator.py
[2023-11-25 17:39:50,089] {processor.py:641} INFO - Processing file /home/airflow/.local/lib/python3.7/site-packages/airflow/example_dags/example_branch_datetime_operator.py for tasks to queue
[2023-11-25 17:39:50,090] {logging_mixin.py:115} INFO - [2023-11-25 17:39:50,090] {dagbag.py:508} INFO - Filling up the DagBag from /home/airflow/.local/lib/python3.7/site-packages/airflow/example_dags/example_branch_datetime_operator.py
[2023-11-25 17:39:50,102] {processor.py:651} INFO - DAG(s) dict_keys(['example_branch_datetime_operator', 'example_branch_datetime_operator_2']) retrieved from /home/airflow/.local/lib/python3.7/site-packages/airflow/example_dags/example_branch_datetime_operator.py
[2023-11-25 17:39:50,153] {logging_mixin.py:115} INFO - [2023-11-25 17:39:50,152] {dag.py:2420} INFO - Sync 2 DAGs
[2023-11-25 17:39:50,183] {logging_mixin.py:115} INFO - [2023-11-25 17:39:50,183] {dag.py:2972} INFO - Setting next_dagrun for example_branch_datetime_operator to 2023-11-24T00:00:00+00:00, run_after=2023-11-25T00:00:00+00:00
[2023-11-25 17:39:50,184] {logging_mixin.py:115} INFO - [2023-11-25 17:39:50,184] {dag.py:2972} INFO - Setting next_dagrun for example_branch_datetime_operator_2 to 2023-11-24T00:00:00+00:00, run_after=2023-11-25T00:00:00+00:00
[2023-11-25 17:39:50,198] {processor.py:161} INFO - Processing /home/airflow/.local/lib/python3.7/site-packages/airflow/example_dags/example_branch_datetime_operator.py took 0.115 seconds
[2023-11-25 17:40:20,854] {processor.py:153} INFO - Started process (PID=1428) to work on /home/airflow/.local/lib/python3.7/site-packages/airflow/example_dags/example_branch_datetime_operator.py
[2023-11-25 17:40:20,854] {processor.py:641} INFO - Processing file /home/airflow/.local/lib/python3.7/site-packages/airflow/example_dags/example_branch_datetime_operator.py for tasks to queue
[2023-11-25 17:40:20,855] {logging_mixin.py:115} INFO - [2023-11-25 17:40:20,855] {dagbag.py:508} INFO - Filling up the DagBag from /home/airflow/.local/lib/python3.7/site-packages/airflow/example_dags/example_branch_datetime_operator.py
[2023-11-25 17:40:20,868] {processor.py:651} INFO - DAG(s) dict_keys(['example_branch_datetime_operator', 'example_branch_datetime_operator_2']) retrieved from /home/airflow/.local/lib/python3.7/site-packages/airflow/example_dags/example_branch_datetime_operator.py
[2023-11-25 17:40:20,910] {logging_mixin.py:115} INFO - [2023-11-25 17:40:20,910] {dag.py:2420} INFO - Sync 2 DAGs
[2023-11-25 17:40:20,940] {logging_mixin.py:115} INFO - [2023-11-25 17:40:20,939] {dag.py:2972} INFO - Setting next_dagrun for example_branch_datetime_operator to 2023-11-24T00:00:00+00:00, run_after=2023-11-25T00:00:00+00:00
[2023-11-25 17:40:20,941] {logging_mixin.py:115} INFO - [2023-11-25 17:40:20,941] {dag.py:2972} INFO - Setting next_dagrun for example_branch_datetime_operator_2 to 2023-11-24T00:00:00+00:00, run_after=2023-11-25T00:00:00+00:00
[2023-11-25 17:40:20,954] {processor.py:161} INFO - Processing /home/airflow/.local/lib/python3.7/site-packages/airflow/example_dags/example_branch_datetime_operator.py took 0.106 seconds
[2023-11-25 17:40:51,405] {processor.py:153} INFO - Started process (PID=1491) to work on /home/airflow/.local/lib/python3.7/site-packages/airflow/example_dags/example_branch_datetime_operator.py
[2023-11-25 17:40:51,410] {processor.py:641} INFO - Processing file /home/airflow/.local/lib/python3.7/site-packages/airflow/example_dags/example_branch_datetime_operator.py for tasks to queue
[2023-11-25 17:40:51,411] {logging_mixin.py:115} INFO - [2023-11-25 17:40:51,411] {dagbag.py:508} INFO - Filling up the DagBag from /home/airflow/.local/lib/python3.7/site-packages/airflow/example_dags/example_branch_datetime_operator.py
[2023-11-25 17:40:51,431] {processor.py:651} INFO - DAG(s) dict_keys(['example_branch_datetime_operator', 'example_branch_datetime_operator_2']) retrieved from /home/airflow/.local/lib/python3.7/site-packages/airflow/example_dags/example_branch_datetime_operator.py
[2023-11-25 17:40:51,494] {logging_mixin.py:115} INFO - [2023-11-25 17:40:51,494] {dag.py:2420} INFO - Sync 2 DAGs
[2023-11-25 17:40:51,536] {logging_mixin.py:115} INFO - [2023-11-25 17:40:51,536] {dag.py:2972} INFO - Setting next_dagrun for example_branch_datetime_operator to 2023-11-24T00:00:00+00:00, run_after=2023-11-25T00:00:00+00:00
[2023-11-25 17:40:51,537] {logging_mixin.py:115} INFO - [2023-11-25 17:40:51,537] {dag.py:2972} INFO - Setting next_dagrun for example_branch_datetime_operator_2 to 2023-11-24T00:00:00+00:00, run_after=2023-11-25T00:00:00+00:00
[2023-11-25 17:40:51,558] {processor.py:161} INFO - Processing /home/airflow/.local/lib/python3.7/site-packages/airflow/example_dags/example_branch_datetime_operator.py took 0.159 seconds
[2023-11-25 17:41:21,875] {processor.py:153} INFO - Started process (PID=1545) to work on /home/airflow/.local/lib/python3.7/site-packages/airflow/example_dags/example_branch_datetime_operator.py
[2023-11-25 17:41:21,876] {processor.py:641} INFO - Processing file /home/airflow/.local/lib/python3.7/site-packages/airflow/example_dags/example_branch_datetime_operator.py for tasks to queue
[2023-11-25 17:41:21,877] {logging_mixin.py:115} INFO - [2023-11-25 17:41:21,877] {dagbag.py:508} INFO - Filling up the DagBag from /home/airflow/.local/lib/python3.7/site-packages/airflow/example_dags/example_branch_datetime_operator.py
[2023-11-25 17:41:21,893] {processor.py:651} INFO - DAG(s) dict_keys(['example_branch_datetime_operator', 'example_branch_datetime_operator_2']) retrieved from /home/airflow/.local/lib/python3.7/site-packages/airflow/example_dags/example_branch_datetime_operator.py
[2023-11-25 17:41:21,952] {logging_mixin.py:115} INFO - [2023-11-25 17:41:21,952] {dag.py:2420} INFO - Sync 2 DAGs
[2023-11-25 17:41:21,990] {logging_mixin.py:115} INFO - [2023-11-25 17:41:21,990] {dag.py:2972} INFO - Setting next_dagrun for example_branch_datetime_operator to 2023-11-24T00:00:00+00:00, run_after=2023-11-25T00:00:00+00:00
[2023-11-25 17:41:21,992] {logging_mixin.py:115} INFO - [2023-11-25 17:41:21,992] {dag.py:2972} INFO - Setting next_dagrun for example_branch_datetime_operator_2 to 2023-11-24T00:00:00+00:00, run_after=2023-11-25T00:00:00+00:00
[2023-11-25 17:41:22,015] {processor.py:161} INFO - Processing /home/airflow/.local/lib/python3.7/site-packages/airflow/example_dags/example_branch_datetime_operator.py took 0.145 seconds
[2023-11-25 17:41:52,092] {processor.py:153} INFO - Started process (PID=1609) to work on /home/airflow/.local/lib/python3.7/site-packages/airflow/example_dags/example_branch_datetime_operator.py
[2023-11-25 17:41:52,093] {processor.py:641} INFO - Processing file /home/airflow/.local/lib/python3.7/site-packages/airflow/example_dags/example_branch_datetime_operator.py for tasks to queue
[2023-11-25 17:41:52,094] {logging_mixin.py:115} INFO - [2023-11-25 17:41:52,094] {dagbag.py:508} INFO - Filling up the DagBag from /home/airflow/.local/lib/python3.7/site-packages/airflow/example_dags/example_branch_datetime_operator.py
[2023-11-25 17:41:52,110] {processor.py:651} INFO - DAG(s) dict_keys(['example_branch_datetime_operator', 'example_branch_datetime_operator_2']) retrieved from /home/airflow/.local/lib/python3.7/site-packages/airflow/example_dags/example_branch_datetime_operator.py
[2023-11-25 17:41:52,160] {logging_mixin.py:115} INFO - [2023-11-25 17:41:52,159] {dag.py:2420} INFO - Sync 2 DAGs
[2023-11-25 17:41:52,190] {logging_mixin.py:115} INFO - [2023-11-25 17:41:52,189] {dag.py:2972} INFO - Setting next_dagrun for example_branch_datetime_operator to 2023-11-24T00:00:00+00:00, run_after=2023-11-25T00:00:00+00:00
[2023-11-25 17:41:52,191] {logging_mixin.py:115} INFO - [2023-11-25 17:41:52,191] {dag.py:2972} INFO - Setting next_dagrun for example_branch_datetime_operator_2 to 2023-11-24T00:00:00+00:00, run_after=2023-11-25T00:00:00+00:00
[2023-11-25 17:41:52,204] {processor.py:161} INFO - Processing /home/airflow/.local/lib/python3.7/site-packages/airflow/example_dags/example_branch_datetime_operator.py took 0.117 seconds
[2023-11-25 17:42:22,772] {processor.py:153} INFO - Started process (PID=1662) to work on /home/airflow/.local/lib/python3.7/site-packages/airflow/example_dags/example_branch_datetime_operator.py
[2023-11-25 17:42:22,773] {processor.py:641} INFO - Processing file /home/airflow/.local/lib/python3.7/site-packages/airflow/example_dags/example_branch_datetime_operator.py for tasks to queue
[2023-11-25 17:42:22,774] {logging_mixin.py:115} INFO - [2023-11-25 17:42:22,774] {dagbag.py:508} INFO - Filling up the DagBag from /home/airflow/.local/lib/python3.7/site-packages/airflow/example_dags/example_branch_datetime_operator.py
[2023-11-25 17:42:22,791] {processor.py:651} INFO - DAG(s) dict_keys(['example_branch_datetime_operator', 'example_branch_datetime_operator_2']) retrieved from /home/airflow/.local/lib/python3.7/site-packages/airflow/example_dags/example_branch_datetime_operator.py
[2023-11-25 17:42:22,860] {logging_mixin.py:115} INFO - [2023-11-25 17:42:22,860] {dag.py:2420} INFO - Sync 2 DAGs
[2023-11-25 17:42:22,912] {logging_mixin.py:115} INFO - [2023-11-25 17:42:22,912] {dag.py:2972} INFO - Setting next_dagrun for example_branch_datetime_operator to 2023-11-24T00:00:00+00:00, run_after=2023-11-25T00:00:00+00:00
[2023-11-25 17:42:22,914] {logging_mixin.py:115} INFO - [2023-11-25 17:42:22,914] {dag.py:2972} INFO - Setting next_dagrun for example_branch_datetime_operator_2 to 2023-11-24T00:00:00+00:00, run_after=2023-11-25T00:00:00+00:00
[2023-11-25 17:42:22,935] {processor.py:161} INFO - Processing /home/airflow/.local/lib/python3.7/site-packages/airflow/example_dags/example_branch_datetime_operator.py took 0.168 seconds
[2023-11-25 17:42:53,136] {processor.py:153} INFO - Started process (PID=1726) to work on /home/airflow/.local/lib/python3.7/site-packages/airflow/example_dags/example_branch_datetime_operator.py
[2023-11-25 17:42:53,137] {processor.py:641} INFO - Processing file /home/airflow/.local/lib/python3.7/site-packages/airflow/example_dags/example_branch_datetime_operator.py for tasks to queue
[2023-11-25 17:42:53,137] {logging_mixin.py:115} INFO - [2023-11-25 17:42:53,137] {dagbag.py:508} INFO - Filling up the DagBag from /home/airflow/.local/lib/python3.7/site-packages/airflow/example_dags/example_branch_datetime_operator.py
[2023-11-25 17:42:53,152] {processor.py:651} INFO - DAG(s) dict_keys(['example_branch_datetime_operator', 'example_branch_datetime_operator_2']) retrieved from /home/airflow/.local/lib/python3.7/site-packages/airflow/example_dags/example_branch_datetime_operator.py
[2023-11-25 17:42:53,197] {logging_mixin.py:115} INFO - [2023-11-25 17:42:53,197] {dag.py:2420} INFO - Sync 2 DAGs
[2023-11-25 17:42:53,231] {logging_mixin.py:115} INFO - [2023-11-25 17:42:53,230] {dag.py:2972} INFO - Setting next_dagrun for example_branch_datetime_operator to 2023-11-24T00:00:00+00:00, run_after=2023-11-25T00:00:00+00:00
[2023-11-25 17:42:53,232] {logging_mixin.py:115} INFO - [2023-11-25 17:42:53,232] {dag.py:2972} INFO - Setting next_dagrun for example_branch_datetime_operator_2 to 2023-11-24T00:00:00+00:00, run_after=2023-11-25T00:00:00+00:00
[2023-11-25 17:42:53,245] {processor.py:161} INFO - Processing /home/airflow/.local/lib/python3.7/site-packages/airflow/example_dags/example_branch_datetime_operator.py took 0.115 seconds
[2023-11-25 17:43:24,057] {processor.py:153} INFO - Started process (PID=1789) to work on /home/airflow/.local/lib/python3.7/site-packages/airflow/example_dags/example_branch_datetime_operator.py
[2023-11-25 17:43:24,058] {processor.py:641} INFO - Processing file /home/airflow/.local/lib/python3.7/site-packages/airflow/example_dags/example_branch_datetime_operator.py for tasks to queue
[2023-11-25 17:43:24,070] {logging_mixin.py:115} INFO - [2023-11-25 17:43:24,070] {dagbag.py:508} INFO - Filling up the DagBag from /home/airflow/.local/lib/python3.7/site-packages/airflow/example_dags/example_branch_datetime_operator.py
[2023-11-25 17:43:24,095] {processor.py:651} INFO - DAG(s) dict_keys(['example_branch_datetime_operator', 'example_branch_datetime_operator_2']) retrieved from /home/airflow/.local/lib/python3.7/site-packages/airflow/example_dags/example_branch_datetime_operator.py
[2023-11-25 17:43:24,151] {logging_mixin.py:115} INFO - [2023-11-25 17:43:24,151] {dag.py:2420} INFO - Sync 2 DAGs
[2023-11-25 17:43:24,181] {logging_mixin.py:115} INFO - [2023-11-25 17:43:24,180] {dag.py:2972} INFO - Setting next_dagrun for example_branch_datetime_operator to 2023-11-24T00:00:00+00:00, run_after=2023-11-25T00:00:00+00:00
[2023-11-25 17:43:24,182] {logging_mixin.py:115} INFO - [2023-11-25 17:43:24,182] {dag.py:2972} INFO - Setting next_dagrun for example_branch_datetime_operator_2 to 2023-11-24T00:00:00+00:00, run_after=2023-11-25T00:00:00+00:00
[2023-11-25 17:43:24,197] {processor.py:161} INFO - Processing /home/airflow/.local/lib/python3.7/site-packages/airflow/example_dags/example_branch_datetime_operator.py took 0.146 seconds
[2023-11-25 17:43:54,643] {processor.py:153} INFO - Started process (PID=1843) to work on /home/airflow/.local/lib/python3.7/site-packages/airflow/example_dags/example_branch_datetime_operator.py
[2023-11-25 17:43:54,644] {processor.py:641} INFO - Processing file /home/airflow/.local/lib/python3.7/site-packages/airflow/example_dags/example_branch_datetime_operator.py for tasks to queue
[2023-11-25 17:43:54,644] {logging_mixin.py:115} INFO - [2023-11-25 17:43:54,644] {dagbag.py:508} INFO - Filling up the DagBag from /home/airflow/.local/lib/python3.7/site-packages/airflow/example_dags/example_branch_datetime_operator.py
[2023-11-25 17:43:54,657] {processor.py:651} INFO - DAG(s) dict_keys(['example_branch_datetime_operator', 'example_branch_datetime_operator_2']) retrieved from /home/airflow/.local/lib/python3.7/site-packages/airflow/example_dags/example_branch_datetime_operator.py
[2023-11-25 17:43:54,705] {logging_mixin.py:115} INFO - [2023-11-25 17:43:54,705] {dag.py:2420} INFO - Sync 2 DAGs
[2023-11-25 17:43:54,736] {logging_mixin.py:115} INFO - [2023-11-25 17:43:54,736] {dag.py:2972} INFO - Setting next_dagrun for example_branch_datetime_operator to 2023-11-24T00:00:00+00:00, run_after=2023-11-25T00:00:00+00:00
[2023-11-25 17:43:54,738] {logging_mixin.py:115} INFO - [2023-11-25 17:43:54,738] {dag.py:2972} INFO - Setting next_dagrun for example_branch_datetime_operator_2 to 2023-11-24T00:00:00+00:00, run_after=2023-11-25T00:00:00+00:00
[2023-11-25 17:43:54,753] {processor.py:161} INFO - Processing /home/airflow/.local/lib/python3.7/site-packages/airflow/example_dags/example_branch_datetime_operator.py took 0.115 seconds
[2023-11-25 17:44:25,595] {processor.py:153} INFO - Started process (PID=1908) to work on /home/airflow/.local/lib/python3.7/site-packages/airflow/example_dags/example_branch_datetime_operator.py
[2023-11-25 17:44:25,596] {processor.py:641} INFO - Processing file /home/airflow/.local/lib/python3.7/site-packages/airflow/example_dags/example_branch_datetime_operator.py for tasks to queue
[2023-11-25 17:44:25,597] {logging_mixin.py:115} INFO - [2023-11-25 17:44:25,597] {dagbag.py:508} INFO - Filling up the DagBag from /home/airflow/.local/lib/python3.7/site-packages/airflow/example_dags/example_branch_datetime_operator.py
[2023-11-25 17:44:25,614] {processor.py:651} INFO - DAG(s) dict_keys(['example_branch_datetime_operator', 'example_branch_datetime_operator_2']) retrieved from /home/airflow/.local/lib/python3.7/site-packages/airflow/example_dags/example_branch_datetime_operator.py
[2023-11-25 17:44:25,697] {logging_mixin.py:115} INFO - [2023-11-25 17:44:25,697] {dag.py:2420} INFO - Sync 2 DAGs
[2023-11-25 17:44:25,752] {logging_mixin.py:115} INFO - [2023-11-25 17:44:25,752] {dag.py:2972} INFO - Setting next_dagrun for example_branch_datetime_operator to 2023-11-24T00:00:00+00:00, run_after=2023-11-25T00:00:00+00:00
[2023-11-25 17:44:25,754] {logging_mixin.py:115} INFO - [2023-11-25 17:44:25,754] {dag.py:2972} INFO - Setting next_dagrun for example_branch_datetime_operator_2 to 2023-11-24T00:00:00+00:00, run_after=2023-11-25T00:00:00+00:00
[2023-11-25 17:44:25,768] {processor.py:161} INFO - Processing /home/airflow/.local/lib/python3.7/site-packages/airflow/example_dags/example_branch_datetime_operator.py took 0.178 seconds
[2023-11-25 17:44:56,196] {processor.py:153} INFO - Started process (PID=1971) to work on /home/airflow/.local/lib/python3.7/site-packages/airflow/example_dags/example_branch_datetime_operator.py
[2023-11-25 17:44:56,197] {processor.py:641} INFO - Processing file /home/airflow/.local/lib/python3.7/site-packages/airflow/example_dags/example_branch_datetime_operator.py for tasks to queue
[2023-11-25 17:44:56,197] {logging_mixin.py:115} INFO - [2023-11-25 17:44:56,197] {dagbag.py:508} INFO - Filling up the DagBag from /home/airflow/.local/lib/python3.7/site-packages/airflow/example_dags/example_branch_datetime_operator.py
[2023-11-25 17:44:56,214] {processor.py:651} INFO - DAG(s) dict_keys(['example_branch_datetime_operator', 'example_branch_datetime_operator_2']) retrieved from /home/airflow/.local/lib/python3.7/site-packages/airflow/example_dags/example_branch_datetime_operator.py
[2023-11-25 17:44:56,294] {logging_mixin.py:115} INFO - [2023-11-25 17:44:56,294] {dag.py:2420} INFO - Sync 2 DAGs
[2023-11-25 17:44:56,360] {logging_mixin.py:115} INFO - [2023-11-25 17:44:56,360] {dag.py:2972} INFO - Setting next_dagrun for example_branch_datetime_operator to 2023-11-24T00:00:00+00:00, run_after=2023-11-25T00:00:00+00:00
[2023-11-25 17:44:56,370] {logging_mixin.py:115} INFO - [2023-11-25 17:44:56,370] {dag.py:2972} INFO - Setting next_dagrun for example_branch_datetime_operator_2 to 2023-11-24T00:00:00+00:00, run_after=2023-11-25T00:00:00+00:00
[2023-11-25 17:44:56,411] {processor.py:161} INFO - Processing /home/airflow/.local/lib/python3.7/site-packages/airflow/example_dags/example_branch_datetime_operator.py took 0.221 seconds
[2023-11-25 17:45:26,867] {processor.py:153} INFO - Started process (PID=2025) to work on /home/airflow/.local/lib/python3.7/site-packages/airflow/example_dags/example_branch_datetime_operator.py
[2023-11-25 17:45:26,868] {processor.py:641} INFO - Processing file /home/airflow/.local/lib/python3.7/site-packages/airflow/example_dags/example_branch_datetime_operator.py for tasks to queue
[2023-11-25 17:45:26,869] {logging_mixin.py:115} INFO - [2023-11-25 17:45:26,869] {dagbag.py:508} INFO - Filling up the DagBag from /home/airflow/.local/lib/python3.7/site-packages/airflow/example_dags/example_branch_datetime_operator.py
[2023-11-25 17:45:26,882] {processor.py:651} INFO - DAG(s) dict_keys(['example_branch_datetime_operator', 'example_branch_datetime_operator_2']) retrieved from /home/airflow/.local/lib/python3.7/site-packages/airflow/example_dags/example_branch_datetime_operator.py
[2023-11-25 17:45:26,926] {logging_mixin.py:115} INFO - [2023-11-25 17:45:26,926] {dag.py:2420} INFO - Sync 2 DAGs
[2023-11-25 17:45:26,960] {logging_mixin.py:115} INFO - [2023-11-25 17:45:26,960] {dag.py:2972} INFO - Setting next_dagrun for example_branch_datetime_operator to 2023-11-24T00:00:00+00:00, run_after=2023-11-25T00:00:00+00:00
[2023-11-25 17:45:26,962] {logging_mixin.py:115} INFO - [2023-11-25 17:45:26,962] {dag.py:2972} INFO - Setting next_dagrun for example_branch_datetime_operator_2 to 2023-11-24T00:00:00+00:00, run_after=2023-11-25T00:00:00+00:00
[2023-11-25 17:45:26,975] {processor.py:161} INFO - Processing /home/airflow/.local/lib/python3.7/site-packages/airflow/example_dags/example_branch_datetime_operator.py took 0.113 seconds
[2023-11-25 17:45:57,834] {processor.py:153} INFO - Started process (PID=2088) to work on /home/airflow/.local/lib/python3.7/site-packages/airflow/example_dags/example_branch_datetime_operator.py
[2023-11-25 17:45:57,835] {processor.py:641} INFO - Processing file /home/airflow/.local/lib/python3.7/site-packages/airflow/example_dags/example_branch_datetime_operator.py for tasks to queue
[2023-11-25 17:45:57,835] {logging_mixin.py:115} INFO - [2023-11-25 17:45:57,835] {dagbag.py:508} INFO - Filling up the DagBag from /home/airflow/.local/lib/python3.7/site-packages/airflow/example_dags/example_branch_datetime_operator.py
[2023-11-25 17:45:57,870] {processor.py:651} INFO - DAG(s) dict_keys(['example_branch_datetime_operator', 'example_branch_datetime_operator_2']) retrieved from /home/airflow/.local/lib/python3.7/site-packages/airflow/example_dags/example_branch_datetime_operator.py
[2023-11-25 17:45:57,936] {logging_mixin.py:115} INFO - [2023-11-25 17:45:57,936] {dag.py:2420} INFO - Sync 2 DAGs
[2023-11-25 17:45:57,984] {logging_mixin.py:115} INFO - [2023-11-25 17:45:57,984] {dag.py:2972} INFO - Setting next_dagrun for example_branch_datetime_operator to 2023-11-24T00:00:00+00:00, run_after=2023-11-25T00:00:00+00:00
[2023-11-25 17:45:57,990] {logging_mixin.py:115} INFO - [2023-11-25 17:45:57,990] {dag.py:2972} INFO - Setting next_dagrun for example_branch_datetime_operator_2 to 2023-11-24T00:00:00+00:00, run_after=2023-11-25T00:00:00+00:00
[2023-11-25 17:45:58,014] {processor.py:161} INFO - Processing /home/airflow/.local/lib/python3.7/site-packages/airflow/example_dags/example_branch_datetime_operator.py took 0.202 seconds
[2023-11-25 17:46:28,732] {processor.py:153} INFO - Started process (PID=2151) to work on /home/airflow/.local/lib/python3.7/site-packages/airflow/example_dags/example_branch_datetime_operator.py
[2023-11-25 17:46:28,732] {processor.py:641} INFO - Processing file /home/airflow/.local/lib/python3.7/site-packages/airflow/example_dags/example_branch_datetime_operator.py for tasks to queue
[2023-11-25 17:46:28,733] {logging_mixin.py:115} INFO - [2023-11-25 17:46:28,733] {dagbag.py:508} INFO - Filling up the DagBag from /home/airflow/.local/lib/python3.7/site-packages/airflow/example_dags/example_branch_datetime_operator.py
[2023-11-25 17:46:28,756] {processor.py:651} INFO - DAG(s) dict_keys(['example_branch_datetime_operator', 'example_branch_datetime_operator_2']) retrieved from /home/airflow/.local/lib/python3.7/site-packages/airflow/example_dags/example_branch_datetime_operator.py
[2023-11-25 17:46:28,815] {logging_mixin.py:115} INFO - [2023-11-25 17:46:28,815] {dag.py:2420} INFO - Sync 2 DAGs
[2023-11-25 17:46:28,858] {logging_mixin.py:115} INFO - [2023-11-25 17:46:28,858] {dag.py:2972} INFO - Setting next_dagrun for example_branch_datetime_operator to 2023-11-24T00:00:00+00:00, run_after=2023-11-25T00:00:00+00:00
[2023-11-25 17:46:28,860] {logging_mixin.py:115} INFO - [2023-11-25 17:46:28,860] {dag.py:2972} INFO - Setting next_dagrun for example_branch_datetime_operator_2 to 2023-11-24T00:00:00+00:00, run_after=2023-11-25T00:00:00+00:00
[2023-11-25 17:46:28,880] {processor.py:161} INFO - Processing /home/airflow/.local/lib/python3.7/site-packages/airflow/example_dags/example_branch_datetime_operator.py took 0.157 seconds
[2023-11-25 17:46:59,491] {processor.py:153} INFO - Started process (PID=2204) to work on /home/airflow/.local/lib/python3.7/site-packages/airflow/example_dags/example_branch_datetime_operator.py
[2023-11-25 17:46:59,491] {processor.py:641} INFO - Processing file /home/airflow/.local/lib/python3.7/site-packages/airflow/example_dags/example_branch_datetime_operator.py for tasks to queue
[2023-11-25 17:46:59,492] {logging_mixin.py:115} INFO - [2023-11-25 17:46:59,492] {dagbag.py:508} INFO - Filling up the DagBag from /home/airflow/.local/lib/python3.7/site-packages/airflow/example_dags/example_branch_datetime_operator.py
[2023-11-25 17:46:59,506] {processor.py:651} INFO - DAG(s) dict_keys(['example_branch_datetime_operator', 'example_branch_datetime_operator_2']) retrieved from /home/airflow/.local/lib/python3.7/site-packages/airflow/example_dags/example_branch_datetime_operator.py
[2023-11-25 17:46:59,555] {logging_mixin.py:115} INFO - [2023-11-25 17:46:59,555] {dag.py:2420} INFO - Sync 2 DAGs
[2023-11-25 17:46:59,588] {logging_mixin.py:115} INFO - [2023-11-25 17:46:59,588] {dag.py:2972} INFO - Setting next_dagrun for example_branch_datetime_operator to 2023-11-24T00:00:00+00:00, run_after=2023-11-25T00:00:00+00:00
[2023-11-25 17:46:59,590] {logging_mixin.py:115} INFO - [2023-11-25 17:46:59,589] {dag.py:2972} INFO - Setting next_dagrun for example_branch_datetime_operator_2 to 2023-11-24T00:00:00+00:00, run_after=2023-11-25T00:00:00+00:00
[2023-11-25 17:46:59,602] {processor.py:161} INFO - Processing /home/airflow/.local/lib/python3.7/site-packages/airflow/example_dags/example_branch_datetime_operator.py took 0.117 seconds
[2023-11-25 17:47:29,850] {processor.py:153} INFO - Started process (PID=2267) to work on /home/airflow/.local/lib/python3.7/site-packages/airflow/example_dags/example_branch_datetime_operator.py
[2023-11-25 17:47:29,851] {processor.py:641} INFO - Processing file /home/airflow/.local/lib/python3.7/site-packages/airflow/example_dags/example_branch_datetime_operator.py for tasks to queue
[2023-11-25 17:47:29,852] {logging_mixin.py:115} INFO - [2023-11-25 17:47:29,852] {dagbag.py:508} INFO - Filling up the DagBag from /home/airflow/.local/lib/python3.7/site-packages/airflow/example_dags/example_branch_datetime_operator.py
[2023-11-25 17:47:29,865] {processor.py:651} INFO - DAG(s) dict_keys(['example_branch_datetime_operator', 'example_branch_datetime_operator_2']) retrieved from /home/airflow/.local/lib/python3.7/site-packages/airflow/example_dags/example_branch_datetime_operator.py
[2023-11-25 17:47:29,905] {logging_mixin.py:115} INFO - [2023-11-25 17:47:29,904] {dag.py:2420} INFO - Sync 2 DAGs
[2023-11-25 17:47:29,934] {logging_mixin.py:115} INFO - [2023-11-25 17:47:29,934] {dag.py:2972} INFO - Setting next_dagrun for example_branch_datetime_operator to 2023-11-24T00:00:00+00:00, run_after=2023-11-25T00:00:00+00:00
[2023-11-25 17:47:29,936] {logging_mixin.py:115} INFO - [2023-11-25 17:47:29,936] {dag.py:2972} INFO - Setting next_dagrun for example_branch_datetime_operator_2 to 2023-11-24T00:00:00+00:00, run_after=2023-11-25T00:00:00+00:00
[2023-11-25 17:47:29,950] {processor.py:161} INFO - Processing /home/airflow/.local/lib/python3.7/site-packages/airflow/example_dags/example_branch_datetime_operator.py took 0.105 seconds
[2023-11-25 17:48:00,491] {processor.py:153} INFO - Started process (PID=2330) to work on /home/airflow/.local/lib/python3.7/site-packages/airflow/example_dags/example_branch_datetime_operator.py
[2023-11-25 17:48:00,492] {processor.py:641} INFO - Processing file /home/airflow/.local/lib/python3.7/site-packages/airflow/example_dags/example_branch_datetime_operator.py for tasks to queue
[2023-11-25 17:48:00,492] {logging_mixin.py:115} INFO - [2023-11-25 17:48:00,492] {dagbag.py:508} INFO - Filling up the DagBag from /home/airflow/.local/lib/python3.7/site-packages/airflow/example_dags/example_branch_datetime_operator.py
[2023-11-25 17:48:00,514] {processor.py:651} INFO - DAG(s) dict_keys(['example_branch_datetime_operator', 'example_branch_datetime_operator_2']) retrieved from /home/airflow/.local/lib/python3.7/site-packages/airflow/example_dags/example_branch_datetime_operator.py
[2023-11-25 17:48:00,570] {logging_mixin.py:115} INFO - [2023-11-25 17:48:00,570] {dag.py:2420} INFO - Sync 2 DAGs
[2023-11-25 17:48:00,616] {logging_mixin.py:115} INFO - [2023-11-25 17:48:00,616] {dag.py:2972} INFO - Setting next_dagrun for example_branch_datetime_operator to 2023-11-24T00:00:00+00:00, run_after=2023-11-25T00:00:00+00:00
[2023-11-25 17:48:00,618] {logging_mixin.py:115} INFO - [2023-11-25 17:48:00,618] {dag.py:2972} INFO - Setting next_dagrun for example_branch_datetime_operator_2 to 2023-11-24T00:00:00+00:00, run_after=2023-11-25T00:00:00+00:00
[2023-11-25 17:48:00,636] {processor.py:161} INFO - Processing /home/airflow/.local/lib/python3.7/site-packages/airflow/example_dags/example_branch_datetime_operator.py took 0.160 seconds
[2023-11-25 17:48:31,400] {processor.py:153} INFO - Started process (PID=2385) to work on /home/airflow/.local/lib/python3.7/site-packages/airflow/example_dags/example_branch_datetime_operator.py
[2023-11-25 17:48:31,401] {processor.py:641} INFO - Processing file /home/airflow/.local/lib/python3.7/site-packages/airflow/example_dags/example_branch_datetime_operator.py for tasks to queue
[2023-11-25 17:48:31,402] {logging_mixin.py:115} INFO - [2023-11-25 17:48:31,402] {dagbag.py:508} INFO - Filling up the DagBag from /home/airflow/.local/lib/python3.7/site-packages/airflow/example_dags/example_branch_datetime_operator.py
[2023-11-25 17:48:31,418] {processor.py:651} INFO - DAG(s) dict_keys(['example_branch_datetime_operator', 'example_branch_datetime_operator_2']) retrieved from /home/airflow/.local/lib/python3.7/site-packages/airflow/example_dags/example_branch_datetime_operator.py
[2023-11-25 17:48:31,493] {logging_mixin.py:115} INFO - [2023-11-25 17:48:31,493] {dag.py:2420} INFO - Sync 2 DAGs
[2023-11-25 17:48:31,530] {logging_mixin.py:115} INFO - [2023-11-25 17:48:31,530] {dag.py:2972} INFO - Setting next_dagrun for example_branch_datetime_operator to 2023-11-24T00:00:00+00:00, run_after=2023-11-25T00:00:00+00:00
[2023-11-25 17:48:31,532] {logging_mixin.py:115} INFO - [2023-11-25 17:48:31,532] {dag.py:2972} INFO - Setting next_dagrun for example_branch_datetime_operator_2 to 2023-11-24T00:00:00+00:00, run_after=2023-11-25T00:00:00+00:00
[2023-11-25 17:48:31,550] {processor.py:161} INFO - Processing /home/airflow/.local/lib/python3.7/site-packages/airflow/example_dags/example_branch_datetime_operator.py took 0.155 seconds
[2023-11-25 17:49:02,050] {processor.py:153} INFO - Started process (PID=2451) to work on /home/airflow/.local/lib/python3.7/site-packages/airflow/example_dags/example_branch_datetime_operator.py
[2023-11-25 17:49:02,051] {processor.py:641} INFO - Processing file /home/airflow/.local/lib/python3.7/site-packages/airflow/example_dags/example_branch_datetime_operator.py for tasks to queue
[2023-11-25 17:49:02,052] {logging_mixin.py:115} INFO - [2023-11-25 17:49:02,051] {dagbag.py:508} INFO - Filling up the DagBag from /home/airflow/.local/lib/python3.7/site-packages/airflow/example_dags/example_branch_datetime_operator.py
[2023-11-25 17:49:02,064] {processor.py:651} INFO - DAG(s) dict_keys(['example_branch_datetime_operator', 'example_branch_datetime_operator_2']) retrieved from /home/airflow/.local/lib/python3.7/site-packages/airflow/example_dags/example_branch_datetime_operator.py
[2023-11-25 17:49:02,112] {logging_mixin.py:115} INFO - [2023-11-25 17:49:02,112] {dag.py:2420} INFO - Sync 2 DAGs
[2023-11-25 17:49:02,154] {logging_mixin.py:115} INFO - [2023-11-25 17:49:02,154] {dag.py:2972} INFO - Setting next_dagrun for example_branch_datetime_operator to 2023-11-24T00:00:00+00:00, run_after=2023-11-25T00:00:00+00:00
[2023-11-25 17:49:02,156] {logging_mixin.py:115} INFO - [2023-11-25 17:49:02,156] {dag.py:2972} INFO - Setting next_dagrun for example_branch_datetime_operator_2 to 2023-11-24T00:00:00+00:00, run_after=2023-11-25T00:00:00+00:00
[2023-11-25 17:49:02,171] {processor.py:161} INFO - Processing /home/airflow/.local/lib/python3.7/site-packages/airflow/example_dags/example_branch_datetime_operator.py took 0.125 seconds
[2023-11-25 17:49:32,289] {processor.py:153} INFO - Started process (PID=2511) to work on /home/airflow/.local/lib/python3.7/site-packages/airflow/example_dags/example_branch_datetime_operator.py
[2023-11-25 17:49:32,290] {processor.py:641} INFO - Processing file /home/airflow/.local/lib/python3.7/site-packages/airflow/example_dags/example_branch_datetime_operator.py for tasks to queue
[2023-11-25 17:49:32,291] {logging_mixin.py:115} INFO - [2023-11-25 17:49:32,291] {dagbag.py:508} INFO - Filling up the DagBag from /home/airflow/.local/lib/python3.7/site-packages/airflow/example_dags/example_branch_datetime_operator.py
[2023-11-25 17:49:32,312] {processor.py:651} INFO - DAG(s) dict_keys(['example_branch_datetime_operator', 'example_branch_datetime_operator_2']) retrieved from /home/airflow/.local/lib/python3.7/site-packages/airflow/example_dags/example_branch_datetime_operator.py
[2023-11-25 17:49:32,373] {logging_mixin.py:115} INFO - [2023-11-25 17:49:32,373] {dag.py:2420} INFO - Sync 2 DAGs
[2023-11-25 17:49:32,414] {logging_mixin.py:115} INFO - [2023-11-25 17:49:32,414] {dag.py:2972} INFO - Setting next_dagrun for example_branch_datetime_operator to 2023-11-24T00:00:00+00:00, run_after=2023-11-25T00:00:00+00:00
[2023-11-25 17:49:32,416] {logging_mixin.py:115} INFO - [2023-11-25 17:49:32,416] {dag.py:2972} INFO - Setting next_dagrun for example_branch_datetime_operator_2 to 2023-11-24T00:00:00+00:00, run_after=2023-11-25T00:00:00+00:00
[2023-11-25 17:49:32,437] {processor.py:161} INFO - Processing /home/airflow/.local/lib/python3.7/site-packages/airflow/example_dags/example_branch_datetime_operator.py took 0.153 seconds
[2023-11-25 17:50:02,861] {processor.py:153} INFO - Started process (PID=2569) to work on /home/airflow/.local/lib/python3.7/site-packages/airflow/example_dags/example_branch_datetime_operator.py
[2023-11-25 17:50:02,862] {processor.py:641} INFO - Processing file /home/airflow/.local/lib/python3.7/site-packages/airflow/example_dags/example_branch_datetime_operator.py for tasks to queue
[2023-11-25 17:50:02,863] {logging_mixin.py:115} INFO - [2023-11-25 17:50:02,863] {dagbag.py:508} INFO - Filling up the DagBag from /home/airflow/.local/lib/python3.7/site-packages/airflow/example_dags/example_branch_datetime_operator.py
[2023-11-25 17:50:02,875] {processor.py:651} INFO - DAG(s) dict_keys(['example_branch_datetime_operator', 'example_branch_datetime_operator_2']) retrieved from /home/airflow/.local/lib/python3.7/site-packages/airflow/example_dags/example_branch_datetime_operator.py
[2023-11-25 17:50:02,918] {logging_mixin.py:115} INFO - [2023-11-25 17:50:02,918] {dag.py:2420} INFO - Sync 2 DAGs
[2023-11-25 17:50:02,947] {logging_mixin.py:115} INFO - [2023-11-25 17:50:02,947] {dag.py:2972} INFO - Setting next_dagrun for example_branch_datetime_operator to 2023-11-24T00:00:00+00:00, run_after=2023-11-25T00:00:00+00:00
[2023-11-25 17:50:02,949] {logging_mixin.py:115} INFO - [2023-11-25 17:50:02,949] {dag.py:2972} INFO - Setting next_dagrun for example_branch_datetime_operator_2 to 2023-11-24T00:00:00+00:00, run_after=2023-11-25T00:00:00+00:00
[2023-11-25 17:50:02,962] {processor.py:161} INFO - Processing /home/airflow/.local/lib/python3.7/site-packages/airflow/example_dags/example_branch_datetime_operator.py took 0.106 seconds
[2023-11-25 17:50:33,229] {processor.py:153} INFO - Started process (PID=2631) to work on /home/airflow/.local/lib/python3.7/site-packages/airflow/example_dags/example_branch_datetime_operator.py
[2023-11-25 17:50:33,230] {processor.py:641} INFO - Processing file /home/airflow/.local/lib/python3.7/site-packages/airflow/example_dags/example_branch_datetime_operator.py for tasks to queue
[2023-11-25 17:50:33,231] {logging_mixin.py:115} INFO - [2023-11-25 17:50:33,231] {dagbag.py:508} INFO - Filling up the DagBag from /home/airflow/.local/lib/python3.7/site-packages/airflow/example_dags/example_branch_datetime_operator.py
[2023-11-25 17:50:33,252] {processor.py:651} INFO - DAG(s) dict_keys(['example_branch_datetime_operator', 'example_branch_datetime_operator_2']) retrieved from /home/airflow/.local/lib/python3.7/site-packages/airflow/example_dags/example_branch_datetime_operator.py
[2023-11-25 17:50:33,299] {logging_mixin.py:115} INFO - [2023-11-25 17:50:33,299] {dag.py:2420} INFO - Sync 2 DAGs
[2023-11-25 17:50:33,334] {logging_mixin.py:115} INFO - [2023-11-25 17:50:33,334] {dag.py:2972} INFO - Setting next_dagrun for example_branch_datetime_operator to 2023-11-24T00:00:00+00:00, run_after=2023-11-25T00:00:00+00:00
[2023-11-25 17:50:33,336] {logging_mixin.py:115} INFO - [2023-11-25 17:50:33,336] {dag.py:2972} INFO - Setting next_dagrun for example_branch_datetime_operator_2 to 2023-11-24T00:00:00+00:00, run_after=2023-11-25T00:00:00+00:00
[2023-11-25 17:50:33,355] {processor.py:161} INFO - Processing /home/airflow/.local/lib/python3.7/site-packages/airflow/example_dags/example_branch_datetime_operator.py took 0.131 seconds
[2023-11-25 17:51:03,742] {processor.py:153} INFO - Started process (PID=2684) to work on /home/airflow/.local/lib/python3.7/site-packages/airflow/example_dags/example_branch_datetime_operator.py
[2023-11-25 17:51:03,742] {processor.py:641} INFO - Processing file /home/airflow/.local/lib/python3.7/site-packages/airflow/example_dags/example_branch_datetime_operator.py for tasks to queue
[2023-11-25 17:51:03,743] {logging_mixin.py:115} INFO - [2023-11-25 17:51:03,743] {dagbag.py:508} INFO - Filling up the DagBag from /home/airflow/.local/lib/python3.7/site-packages/airflow/example_dags/example_branch_datetime_operator.py
[2023-11-25 17:51:03,755] {processor.py:651} INFO - DAG(s) dict_keys(['example_branch_datetime_operator', 'example_branch_datetime_operator_2']) retrieved from /home/airflow/.local/lib/python3.7/site-packages/airflow/example_dags/example_branch_datetime_operator.py
[2023-11-25 17:51:03,797] {logging_mixin.py:115} INFO - [2023-11-25 17:51:03,796] {dag.py:2420} INFO - Sync 2 DAGs
[2023-11-25 17:51:03,829] {logging_mixin.py:115} INFO - [2023-11-25 17:51:03,829] {dag.py:2972} INFO - Setting next_dagrun for example_branch_datetime_operator to 2023-11-24T00:00:00+00:00, run_after=2023-11-25T00:00:00+00:00
[2023-11-25 17:51:03,830] {logging_mixin.py:115} INFO - [2023-11-25 17:51:03,830] {dag.py:2972} INFO - Setting next_dagrun for example_branch_datetime_operator_2 to 2023-11-24T00:00:00+00:00, run_after=2023-11-25T00:00:00+00:00
[2023-11-25 17:51:03,843] {processor.py:161} INFO - Processing /home/airflow/.local/lib/python3.7/site-packages/airflow/example_dags/example_branch_datetime_operator.py took 0.106 seconds
[2023-11-25 17:51:34,398] {processor.py:153} INFO - Started process (PID=2746) to work on /home/airflow/.local/lib/python3.7/site-packages/airflow/example_dags/example_branch_datetime_operator.py
[2023-11-25 17:51:34,398] {processor.py:641} INFO - Processing file /home/airflow/.local/lib/python3.7/site-packages/airflow/example_dags/example_branch_datetime_operator.py for tasks to queue
[2023-11-25 17:51:34,399] {logging_mixin.py:115} INFO - [2023-11-25 17:51:34,399] {dagbag.py:508} INFO - Filling up the DagBag from /home/airflow/.local/lib/python3.7/site-packages/airflow/example_dags/example_branch_datetime_operator.py
[2023-11-25 17:51:34,414] {processor.py:651} INFO - DAG(s) dict_keys(['example_branch_datetime_operator', 'example_branch_datetime_operator_2']) retrieved from /home/airflow/.local/lib/python3.7/site-packages/airflow/example_dags/example_branch_datetime_operator.py
[2023-11-25 17:51:34,459] {logging_mixin.py:115} INFO - [2023-11-25 17:51:34,459] {dag.py:2420} INFO - Sync 2 DAGs
[2023-11-25 17:51:34,493] {logging_mixin.py:115} INFO - [2023-11-25 17:51:34,493] {dag.py:2972} INFO - Setting next_dagrun for example_branch_datetime_operator to 2023-11-24T00:00:00+00:00, run_after=2023-11-25T00:00:00+00:00
[2023-11-25 17:51:34,495] {logging_mixin.py:115} INFO - [2023-11-25 17:51:34,495] {dag.py:2972} INFO - Setting next_dagrun for example_branch_datetime_operator_2 to 2023-11-24T00:00:00+00:00, run_after=2023-11-25T00:00:00+00:00
[2023-11-25 17:51:34,518] {processor.py:161} INFO - Processing /home/airflow/.local/lib/python3.7/site-packages/airflow/example_dags/example_branch_datetime_operator.py took 0.126 seconds
[2023-11-25 17:52:04,621] {processor.py:153} INFO - Started process (PID=2799) to work on /home/airflow/.local/lib/python3.7/site-packages/airflow/example_dags/example_branch_datetime_operator.py
[2023-11-25 17:52:04,622] {processor.py:641} INFO - Processing file /home/airflow/.local/lib/python3.7/site-packages/airflow/example_dags/example_branch_datetime_operator.py for tasks to queue
[2023-11-25 17:52:04,623] {logging_mixin.py:115} INFO - [2023-11-25 17:52:04,623] {dagbag.py:508} INFO - Filling up the DagBag from /home/airflow/.local/lib/python3.7/site-packages/airflow/example_dags/example_branch_datetime_operator.py
[2023-11-25 17:52:04,639] {processor.py:651} INFO - DAG(s) dict_keys(['example_branch_datetime_operator', 'example_branch_datetime_operator_2']) retrieved from /home/airflow/.local/lib/python3.7/site-packages/airflow/example_dags/example_branch_datetime_operator.py
[2023-11-25 17:52:04,686] {logging_mixin.py:115} INFO - [2023-11-25 17:52:04,686] {dag.py:2420} INFO - Sync 2 DAGs
[2023-11-25 17:52:04,716] {logging_mixin.py:115} INFO - [2023-11-25 17:52:04,716] {dag.py:2972} INFO - Setting next_dagrun for example_branch_datetime_operator to 2023-11-24T00:00:00+00:00, run_after=2023-11-25T00:00:00+00:00
[2023-11-25 17:52:04,718] {logging_mixin.py:115} INFO - [2023-11-25 17:52:04,718] {dag.py:2972} INFO - Setting next_dagrun for example_branch_datetime_operator_2 to 2023-11-24T00:00:00+00:00, run_after=2023-11-25T00:00:00+00:00
[2023-11-25 17:52:04,732] {processor.py:161} INFO - Processing /home/airflow/.local/lib/python3.7/site-packages/airflow/example_dags/example_branch_datetime_operator.py took 0.116 seconds
[2023-11-25 17:52:35,309] {processor.py:153} INFO - Started process (PID=2861) to work on /home/airflow/.local/lib/python3.7/site-packages/airflow/example_dags/example_branch_datetime_operator.py
[2023-11-25 17:52:35,310] {processor.py:641} INFO - Processing file /home/airflow/.local/lib/python3.7/site-packages/airflow/example_dags/example_branch_datetime_operator.py for tasks to queue
[2023-11-25 17:52:35,310] {logging_mixin.py:115} INFO - [2023-11-25 17:52:35,310] {dagbag.py:508} INFO - Filling up the DagBag from /home/airflow/.local/lib/python3.7/site-packages/airflow/example_dags/example_branch_datetime_operator.py
[2023-11-25 17:52:35,326] {processor.py:651} INFO - DAG(s) dict_keys(['example_branch_datetime_operator', 'example_branch_datetime_operator_2']) retrieved from /home/airflow/.local/lib/python3.7/site-packages/airflow/example_dags/example_branch_datetime_operator.py
[2023-11-25 17:52:35,378] {logging_mixin.py:115} INFO - [2023-11-25 17:52:35,378] {dag.py:2420} INFO - Sync 2 DAGs
[2023-11-25 17:52:35,416] {logging_mixin.py:115} INFO - [2023-11-25 17:52:35,416] {dag.py:2972} INFO - Setting next_dagrun for example_branch_datetime_operator to 2023-11-24T00:00:00+00:00, run_after=2023-11-25T00:00:00+00:00
[2023-11-25 17:52:35,418] {logging_mixin.py:115} INFO - [2023-11-25 17:52:35,418] {dag.py:2972} INFO - Setting next_dagrun for example_branch_datetime_operator_2 to 2023-11-24T00:00:00+00:00, run_after=2023-11-25T00:00:00+00:00
[2023-11-25 17:52:35,433] {processor.py:161} INFO - Processing /home/airflow/.local/lib/python3.7/site-packages/airflow/example_dags/example_branch_datetime_operator.py took 0.130 seconds
[2023-11-25 17:53:05,723] {processor.py:153} INFO - Started process (PID=2922) to work on /home/airflow/.local/lib/python3.7/site-packages/airflow/example_dags/example_branch_datetime_operator.py
[2023-11-25 17:53:05,724] {processor.py:641} INFO - Processing file /home/airflow/.local/lib/python3.7/site-packages/airflow/example_dags/example_branch_datetime_operator.py for tasks to queue
[2023-11-25 17:53:05,725] {logging_mixin.py:115} INFO - [2023-11-25 17:53:05,725] {dagbag.py:508} INFO - Filling up the DagBag from /home/airflow/.local/lib/python3.7/site-packages/airflow/example_dags/example_branch_datetime_operator.py
[2023-11-25 17:53:05,741] {processor.py:651} INFO - DAG(s) dict_keys(['example_branch_datetime_operator', 'example_branch_datetime_operator_2']) retrieved from /home/airflow/.local/lib/python3.7/site-packages/airflow/example_dags/example_branch_datetime_operator.py
[2023-11-25 17:53:05,788] {logging_mixin.py:115} INFO - [2023-11-25 17:53:05,788] {dag.py:2420} INFO - Sync 2 DAGs
[2023-11-25 17:53:05,818] {logging_mixin.py:115} INFO - [2023-11-25 17:53:05,818] {dag.py:2972} INFO - Setting next_dagrun for example_branch_datetime_operator to 2023-11-24T00:00:00+00:00, run_after=2023-11-25T00:00:00+00:00
[2023-11-25 17:53:05,820] {logging_mixin.py:115} INFO - [2023-11-25 17:53:05,820] {dag.py:2972} INFO - Setting next_dagrun for example_branch_datetime_operator_2 to 2023-11-24T00:00:00+00:00, run_after=2023-11-25T00:00:00+00:00
[2023-11-25 17:53:05,836] {processor.py:161} INFO - Processing /home/airflow/.local/lib/python3.7/site-packages/airflow/example_dags/example_branch_datetime_operator.py took 0.118 seconds
[2023-11-25 17:53:36,678] {processor.py:153} INFO - Started process (PID=2976) to work on /home/airflow/.local/lib/python3.7/site-packages/airflow/example_dags/example_branch_datetime_operator.py
[2023-11-25 17:53:36,679] {processor.py:641} INFO - Processing file /home/airflow/.local/lib/python3.7/site-packages/airflow/example_dags/example_branch_datetime_operator.py for tasks to queue
[2023-11-25 17:53:36,679] {logging_mixin.py:115} INFO - [2023-11-25 17:53:36,679] {dagbag.py:508} INFO - Filling up the DagBag from /home/airflow/.local/lib/python3.7/site-packages/airflow/example_dags/example_branch_datetime_operator.py
[2023-11-25 17:53:36,711] {processor.py:651} INFO - DAG(s) dict_keys(['example_branch_datetime_operator', 'example_branch_datetime_operator_2']) retrieved from /home/airflow/.local/lib/python3.7/site-packages/airflow/example_dags/example_branch_datetime_operator.py
[2023-11-25 17:53:36,778] {logging_mixin.py:115} INFO - [2023-11-25 17:53:36,778] {dag.py:2420} INFO - Sync 2 DAGs
[2023-11-25 17:53:36,833] {logging_mixin.py:115} INFO - [2023-11-25 17:53:36,833] {dag.py:2972} INFO - Setting next_dagrun for example_branch_datetime_operator to 2023-11-24T00:00:00+00:00, run_after=2023-11-25T00:00:00+00:00
[2023-11-25 17:53:36,835] {logging_mixin.py:115} INFO - [2023-11-25 17:53:36,835] {dag.py:2972} INFO - Setting next_dagrun for example_branch_datetime_operator_2 to 2023-11-24T00:00:00+00:00, run_after=2023-11-25T00:00:00+00:00
[2023-11-25 17:53:36,873] {processor.py:161} INFO - Processing /home/airflow/.local/lib/python3.7/site-packages/airflow/example_dags/example_branch_datetime_operator.py took 0.200 seconds
[2023-11-25 17:54:07,139] {processor.py:153} INFO - Started process (PID=3039) to work on /home/airflow/.local/lib/python3.7/site-packages/airflow/example_dags/example_branch_datetime_operator.py
[2023-11-25 17:54:07,140] {processor.py:641} INFO - Processing file /home/airflow/.local/lib/python3.7/site-packages/airflow/example_dags/example_branch_datetime_operator.py for tasks to queue
[2023-11-25 17:54:07,141] {logging_mixin.py:115} INFO - [2023-11-25 17:54:07,141] {dagbag.py:508} INFO - Filling up the DagBag from /home/airflow/.local/lib/python3.7/site-packages/airflow/example_dags/example_branch_datetime_operator.py
[2023-11-25 17:54:07,164] {processor.py:651} INFO - DAG(s) dict_keys(['example_branch_datetime_operator', 'example_branch_datetime_operator_2']) retrieved from /home/airflow/.local/lib/python3.7/site-packages/airflow/example_dags/example_branch_datetime_operator.py
[2023-11-25 17:54:07,239] {logging_mixin.py:115} INFO - [2023-11-25 17:54:07,239] {dag.py:2420} INFO - Sync 2 DAGs
[2023-11-25 17:54:07,284] {logging_mixin.py:115} INFO - [2023-11-25 17:54:07,284] {dag.py:2972} INFO - Setting next_dagrun for example_branch_datetime_operator to 2023-11-24T00:00:00+00:00, run_after=2023-11-25T00:00:00+00:00
[2023-11-25 17:54:07,290] {logging_mixin.py:115} INFO - [2023-11-25 17:54:07,290] {dag.py:2972} INFO - Setting next_dagrun for example_branch_datetime_operator_2 to 2023-11-24T00:00:00+00:00, run_after=2023-11-25T00:00:00+00:00
[2023-11-25 17:54:07,318] {processor.py:161} INFO - Processing /home/airflow/.local/lib/python3.7/site-packages/airflow/example_dags/example_branch_datetime_operator.py took 0.185 seconds
