[2023-11-25 17:28:32,831] {processor.py:153} INFO - Started process (PID=94) to work on /home/airflow/.local/lib/python3.7/site-packages/airflow/example_dags/example_bash_operator.py
[2023-11-25 17:28:32,832] {processor.py:641} INFO - Processing file /home/airflow/.local/lib/python3.7/site-packages/airflow/example_dags/example_bash_operator.py for tasks to queue
[2023-11-25 17:28:32,833] {logging_mixin.py:115} INFO - [2023-11-25 17:28:32,832] {dagbag.py:508} INFO - Filling up the DagBag from /home/airflow/.local/lib/python3.7/site-packages/airflow/example_dags/example_bash_operator.py
[2023-11-25 17:28:32,894] {processor.py:651} INFO - DAG(s) dict_keys(['example_bash_operator']) retrieved from /home/airflow/.local/lib/python3.7/site-packages/airflow/example_dags/example_bash_operator.py
[2023-11-25 17:28:33,314] {logging_mixin.py:115} INFO - [2023-11-25 17:28:33,314] {manager.py:508} INFO - Created Permission View: can delete on DAG:example_bash_operator
[2023-11-25 17:28:33,338] {logging_mixin.py:115} INFO - [2023-11-25 17:28:33,338] {manager.py:508} INFO - Created Permission View: can edit on DAG:example_bash_operator
[2023-11-25 17:28:33,356] {logging_mixin.py:115} INFO - [2023-11-25 17:28:33,356] {manager.py:508} INFO - Created Permission View: can read on DAG:example_bash_operator
[2023-11-25 17:28:33,357] {logging_mixin.py:115} INFO - [2023-11-25 17:28:33,357] {dag.py:2420} INFO - Sync 1 DAGs
[2023-11-25 17:28:33,411] {logging_mixin.py:115} INFO - [2023-11-25 17:28:33,411] {dag.py:2439} INFO - Creating ORM DAG for example_bash_operator
[2023-11-25 17:28:33,472] {logging_mixin.py:115} INFO - [2023-11-25 17:28:33,472] {dag.py:2972} INFO - Setting next_dagrun for example_bash_operator to 2023-11-24T00:00:00+00:00, run_after=2023-11-25T00:00:00+00:00
[2023-11-25 17:28:33,550] {processor.py:161} INFO - Processing /home/airflow/.local/lib/python3.7/site-packages/airflow/example_dags/example_bash_operator.py took 0.732 seconds
[2023-11-25 17:29:03,900] {processor.py:153} INFO - Started process (PID=147) to work on /home/airflow/.local/lib/python3.7/site-packages/airflow/example_dags/example_bash_operator.py
[2023-11-25 17:29:03,910] {processor.py:641} INFO - Processing file /home/airflow/.local/lib/python3.7/site-packages/airflow/example_dags/example_bash_operator.py for tasks to queue
[2023-11-25 17:29:03,911] {logging_mixin.py:115} INFO - [2023-11-25 17:29:03,911] {dagbag.py:508} INFO - Filling up the DagBag from /home/airflow/.local/lib/python3.7/site-packages/airflow/example_dags/example_bash_operator.py
[2023-11-25 17:29:03,939] {processor.py:651} INFO - DAG(s) dict_keys(['example_bash_operator']) retrieved from /home/airflow/.local/lib/python3.7/site-packages/airflow/example_dags/example_bash_operator.py
[2023-11-25 17:29:04,050] {logging_mixin.py:115} INFO - [2023-11-25 17:29:04,050] {dag.py:2420} INFO - Sync 1 DAGs
[2023-11-25 17:29:04,113] {logging_mixin.py:115} INFO - [2023-11-25 17:29:04,113] {dag.py:2972} INFO - Setting next_dagrun for example_bash_operator to 2023-11-24T00:00:00+00:00, run_after=2023-11-25T00:00:00+00:00
[2023-11-25 17:29:04,175] {processor.py:161} INFO - Processing /home/airflow/.local/lib/python3.7/site-packages/airflow/example_dags/example_bash_operator.py took 0.280 seconds
[2023-11-25 17:29:34,748] {processor.py:153} INFO - Started process (PID=199) to work on /home/airflow/.local/lib/python3.7/site-packages/airflow/example_dags/example_bash_operator.py
[2023-11-25 17:29:34,750] {processor.py:641} INFO - Processing file /home/airflow/.local/lib/python3.7/site-packages/airflow/example_dags/example_bash_operator.py for tasks to queue
[2023-11-25 17:29:34,751] {logging_mixin.py:115} INFO - [2023-11-25 17:29:34,751] {dagbag.py:508} INFO - Filling up the DagBag from /home/airflow/.local/lib/python3.7/site-packages/airflow/example_dags/example_bash_operator.py
[2023-11-25 17:29:34,768] {processor.py:651} INFO - DAG(s) dict_keys(['example_bash_operator']) retrieved from /home/airflow/.local/lib/python3.7/site-packages/airflow/example_dags/example_bash_operator.py
[2023-11-25 17:29:34,810] {logging_mixin.py:115} INFO - [2023-11-25 17:29:34,810] {dag.py:2420} INFO - Sync 1 DAGs
[2023-11-25 17:29:34,840] {logging_mixin.py:115} INFO - [2023-11-25 17:29:34,840] {dag.py:2972} INFO - Setting next_dagrun for example_bash_operator to 2023-11-24T00:00:00+00:00, run_after=2023-11-25T00:00:00+00:00
[2023-11-25 17:29:34,855] {processor.py:161} INFO - Processing /home/airflow/.local/lib/python3.7/site-packages/airflow/example_dags/example_bash_operator.py took 0.111 seconds
[2023-11-25 17:30:05,198] {processor.py:153} INFO - Started process (PID=260) to work on /home/airflow/.local/lib/python3.7/site-packages/airflow/example_dags/example_bash_operator.py
[2023-11-25 17:30:05,199] {processor.py:641} INFO - Processing file /home/airflow/.local/lib/python3.7/site-packages/airflow/example_dags/example_bash_operator.py for tasks to queue
[2023-11-25 17:30:05,199] {logging_mixin.py:115} INFO - [2023-11-25 17:30:05,199] {dagbag.py:508} INFO - Filling up the DagBag from /home/airflow/.local/lib/python3.7/site-packages/airflow/example_dags/example_bash_operator.py
[2023-11-25 17:30:05,216] {processor.py:651} INFO - DAG(s) dict_keys(['example_bash_operator']) retrieved from /home/airflow/.local/lib/python3.7/site-packages/airflow/example_dags/example_bash_operator.py
[2023-11-25 17:30:05,262] {logging_mixin.py:115} INFO - [2023-11-25 17:30:05,262] {dag.py:2420} INFO - Sync 1 DAGs
[2023-11-25 17:30:05,298] {logging_mixin.py:115} INFO - [2023-11-25 17:30:05,298] {dag.py:2972} INFO - Setting next_dagrun for example_bash_operator to 2023-11-24T00:00:00+00:00, run_after=2023-11-25T00:00:00+00:00
[2023-11-25 17:30:05,312] {processor.py:161} INFO - Processing /home/airflow/.local/lib/python3.7/site-packages/airflow/example_dags/example_bash_operator.py took 0.120 seconds
[2023-11-25 17:30:35,503] {processor.py:153} INFO - Started process (PID=312) to work on /home/airflow/.local/lib/python3.7/site-packages/airflow/example_dags/example_bash_operator.py
[2023-11-25 17:30:35,503] {processor.py:641} INFO - Processing file /home/airflow/.local/lib/python3.7/site-packages/airflow/example_dags/example_bash_operator.py for tasks to queue
[2023-11-25 17:30:35,504] {logging_mixin.py:115} INFO - [2023-11-25 17:30:35,504] {dagbag.py:508} INFO - Filling up the DagBag from /home/airflow/.local/lib/python3.7/site-packages/airflow/example_dags/example_bash_operator.py
[2023-11-25 17:30:35,520] {processor.py:651} INFO - DAG(s) dict_keys(['example_bash_operator']) retrieved from /home/airflow/.local/lib/python3.7/site-packages/airflow/example_dags/example_bash_operator.py
[2023-11-25 17:30:35,558] {logging_mixin.py:115} INFO - [2023-11-25 17:30:35,558] {dag.py:2420} INFO - Sync 1 DAGs
[2023-11-25 17:30:35,587] {logging_mixin.py:115} INFO - [2023-11-25 17:30:35,587] {dag.py:2972} INFO - Setting next_dagrun for example_bash_operator to 2023-11-24T00:00:00+00:00, run_after=2023-11-25T00:00:00+00:00
[2023-11-25 17:30:35,600] {processor.py:161} INFO - Processing /home/airflow/.local/lib/python3.7/site-packages/airflow/example_dags/example_bash_operator.py took 0.102 seconds
[2023-11-25 17:31:06,056] {processor.py:153} INFO - Started process (PID=373) to work on /home/airflow/.local/lib/python3.7/site-packages/airflow/example_dags/example_bash_operator.py
[2023-11-25 17:31:06,057] {processor.py:641} INFO - Processing file /home/airflow/.local/lib/python3.7/site-packages/airflow/example_dags/example_bash_operator.py for tasks to queue
[2023-11-25 17:31:06,058] {logging_mixin.py:115} INFO - [2023-11-25 17:31:06,058] {dagbag.py:508} INFO - Filling up the DagBag from /home/airflow/.local/lib/python3.7/site-packages/airflow/example_dags/example_bash_operator.py
[2023-11-25 17:31:06,084] {processor.py:651} INFO - DAG(s) dict_keys(['example_bash_operator']) retrieved from /home/airflow/.local/lib/python3.7/site-packages/airflow/example_dags/example_bash_operator.py
[2023-11-25 17:31:06,231] {logging_mixin.py:115} INFO - [2023-11-25 17:31:06,231] {dag.py:2420} INFO - Sync 1 DAGs
[2023-11-25 17:31:06,263] {logging_mixin.py:115} INFO - [2023-11-25 17:31:06,262] {dag.py:2972} INFO - Setting next_dagrun for example_bash_operator to 2023-11-24T00:00:00+00:00, run_after=2023-11-25T00:00:00+00:00
[2023-11-25 17:31:06,277] {processor.py:161} INFO - Processing /home/airflow/.local/lib/python3.7/site-packages/airflow/example_dags/example_bash_operator.py took 0.228 seconds
[2023-11-25 17:31:36,698] {processor.py:153} INFO - Started process (PID=434) to work on /home/airflow/.local/lib/python3.7/site-packages/airflow/example_dags/example_bash_operator.py
[2023-11-25 17:31:36,699] {processor.py:641} INFO - Processing file /home/airflow/.local/lib/python3.7/site-packages/airflow/example_dags/example_bash_operator.py for tasks to queue
[2023-11-25 17:31:36,699] {logging_mixin.py:115} INFO - [2023-11-25 17:31:36,699] {dagbag.py:508} INFO - Filling up the DagBag from /home/airflow/.local/lib/python3.7/site-packages/airflow/example_dags/example_bash_operator.py
[2023-11-25 17:31:36,716] {processor.py:651} INFO - DAG(s) dict_keys(['example_bash_operator']) retrieved from /home/airflow/.local/lib/python3.7/site-packages/airflow/example_dags/example_bash_operator.py
[2023-11-25 17:31:36,758] {logging_mixin.py:115} INFO - [2023-11-25 17:31:36,758] {dag.py:2420} INFO - Sync 1 DAGs
[2023-11-25 17:31:36,791] {logging_mixin.py:115} INFO - [2023-11-25 17:31:36,791] {dag.py:2972} INFO - Setting next_dagrun for example_bash_operator to 2023-11-24T00:00:00+00:00, run_after=2023-11-25T00:00:00+00:00
[2023-11-25 17:31:36,804] {processor.py:161} INFO - Processing /home/airflow/.local/lib/python3.7/site-packages/airflow/example_dags/example_bash_operator.py took 0.112 seconds
[2023-11-25 17:32:07,400] {processor.py:153} INFO - Started process (PID=486) to work on /home/airflow/.local/lib/python3.7/site-packages/airflow/example_dags/example_bash_operator.py
[2023-11-25 17:32:07,411] {processor.py:641} INFO - Processing file /home/airflow/.local/lib/python3.7/site-packages/airflow/example_dags/example_bash_operator.py for tasks to queue
[2023-11-25 17:32:07,412] {logging_mixin.py:115} INFO - [2023-11-25 17:32:07,412] {dagbag.py:508} INFO - Filling up the DagBag from /home/airflow/.local/lib/python3.7/site-packages/airflow/example_dags/example_bash_operator.py
[2023-11-25 17:32:07,439] {processor.py:651} INFO - DAG(s) dict_keys(['example_bash_operator']) retrieved from /home/airflow/.local/lib/python3.7/site-packages/airflow/example_dags/example_bash_operator.py
[2023-11-25 17:32:07,485] {logging_mixin.py:115} INFO - [2023-11-25 17:32:07,485] {dag.py:2420} INFO - Sync 1 DAGs
[2023-11-25 17:32:07,514] {logging_mixin.py:115} INFO - [2023-11-25 17:32:07,513] {dag.py:2972} INFO - Setting next_dagrun for example_bash_operator to 2023-11-24T00:00:00+00:00, run_after=2023-11-25T00:00:00+00:00
[2023-11-25 17:32:07,526] {processor.py:161} INFO - Processing /home/airflow/.local/lib/python3.7/site-packages/airflow/example_dags/example_bash_operator.py took 0.131 seconds
[2023-11-25 17:32:37,977] {processor.py:153} INFO - Started process (PID=547) to work on /home/airflow/.local/lib/python3.7/site-packages/airflow/example_dags/example_bash_operator.py
[2023-11-25 17:32:37,978] {processor.py:641} INFO - Processing file /home/airflow/.local/lib/python3.7/site-packages/airflow/example_dags/example_bash_operator.py for tasks to queue
[2023-11-25 17:32:37,979] {logging_mixin.py:115} INFO - [2023-11-25 17:32:37,979] {dagbag.py:508} INFO - Filling up the DagBag from /home/airflow/.local/lib/python3.7/site-packages/airflow/example_dags/example_bash_operator.py
[2023-11-25 17:32:37,997] {processor.py:651} INFO - DAG(s) dict_keys(['example_bash_operator']) retrieved from /home/airflow/.local/lib/python3.7/site-packages/airflow/example_dags/example_bash_operator.py
[2023-11-25 17:32:38,042] {logging_mixin.py:115} INFO - [2023-11-25 17:32:38,042] {dag.py:2420} INFO - Sync 1 DAGs
[2023-11-25 17:32:38,084] {logging_mixin.py:115} INFO - [2023-11-25 17:32:38,083] {dag.py:2972} INFO - Setting next_dagrun for example_bash_operator to 2023-11-24T00:00:00+00:00, run_after=2023-11-25T00:00:00+00:00
[2023-11-25 17:32:38,101] {processor.py:161} INFO - Processing /home/airflow/.local/lib/python3.7/site-packages/airflow/example_dags/example_bash_operator.py took 0.129 seconds
[2023-11-25 17:33:08,481] {processor.py:153} INFO - Started process (PID=608) to work on /home/airflow/.local/lib/python3.7/site-packages/airflow/example_dags/example_bash_operator.py
[2023-11-25 17:33:08,482] {processor.py:641} INFO - Processing file /home/airflow/.local/lib/python3.7/site-packages/airflow/example_dags/example_bash_operator.py for tasks to queue
[2023-11-25 17:33:08,482] {logging_mixin.py:115} INFO - [2023-11-25 17:33:08,482] {dagbag.py:508} INFO - Filling up the DagBag from /home/airflow/.local/lib/python3.7/site-packages/airflow/example_dags/example_bash_operator.py
[2023-11-25 17:33:08,501] {processor.py:651} INFO - DAG(s) dict_keys(['example_bash_operator']) retrieved from /home/airflow/.local/lib/python3.7/site-packages/airflow/example_dags/example_bash_operator.py
[2023-11-25 17:33:08,543] {logging_mixin.py:115} INFO - [2023-11-25 17:33:08,543] {dag.py:2420} INFO - Sync 1 DAGs
[2023-11-25 17:33:08,573] {logging_mixin.py:115} INFO - [2023-11-25 17:33:08,573] {dag.py:2972} INFO - Setting next_dagrun for example_bash_operator to 2023-11-24T00:00:00+00:00, run_after=2023-11-25T00:00:00+00:00
[2023-11-25 17:33:08,586] {processor.py:161} INFO - Processing /home/airflow/.local/lib/python3.7/site-packages/airflow/example_dags/example_bash_operator.py took 0.111 seconds
[2023-11-25 17:33:38,785] {processor.py:153} INFO - Started process (PID=660) to work on /home/airflow/.local/lib/python3.7/site-packages/airflow/example_dags/example_bash_operator.py
[2023-11-25 17:33:38,790] {processor.py:641} INFO - Processing file /home/airflow/.local/lib/python3.7/site-packages/airflow/example_dags/example_bash_operator.py for tasks to queue
[2023-11-25 17:33:38,791] {logging_mixin.py:115} INFO - [2023-11-25 17:33:38,791] {dagbag.py:508} INFO - Filling up the DagBag from /home/airflow/.local/lib/python3.7/site-packages/airflow/example_dags/example_bash_operator.py
[2023-11-25 17:33:38,808] {processor.py:651} INFO - DAG(s) dict_keys(['example_bash_operator']) retrieved from /home/airflow/.local/lib/python3.7/site-packages/airflow/example_dags/example_bash_operator.py
[2023-11-25 17:33:38,853] {logging_mixin.py:115} INFO - [2023-11-25 17:33:38,852] {dag.py:2420} INFO - Sync 1 DAGs
[2023-11-25 17:33:38,881] {logging_mixin.py:115} INFO - [2023-11-25 17:33:38,881] {dag.py:2972} INFO - Setting next_dagrun for example_bash_operator to 2023-11-24T00:00:00+00:00, run_after=2023-11-25T00:00:00+00:00
[2023-11-25 17:33:38,894] {processor.py:161} INFO - Processing /home/airflow/.local/lib/python3.7/site-packages/airflow/example_dags/example_bash_operator.py took 0.114 seconds
[2023-11-25 17:34:09,581] {processor.py:153} INFO - Started process (PID=721) to work on /home/airflow/.local/lib/python3.7/site-packages/airflow/example_dags/example_bash_operator.py
[2023-11-25 17:34:09,582] {processor.py:641} INFO - Processing file /home/airflow/.local/lib/python3.7/site-packages/airflow/example_dags/example_bash_operator.py for tasks to queue
[2023-11-25 17:34:09,582] {logging_mixin.py:115} INFO - [2023-11-25 17:34:09,582] {dagbag.py:508} INFO - Filling up the DagBag from /home/airflow/.local/lib/python3.7/site-packages/airflow/example_dags/example_bash_operator.py
[2023-11-25 17:34:09,598] {processor.py:651} INFO - DAG(s) dict_keys(['example_bash_operator']) retrieved from /home/airflow/.local/lib/python3.7/site-packages/airflow/example_dags/example_bash_operator.py
[2023-11-25 17:34:09,636] {logging_mixin.py:115} INFO - [2023-11-25 17:34:09,636] {dag.py:2420} INFO - Sync 1 DAGs
[2023-11-25 17:34:09,663] {logging_mixin.py:115} INFO - [2023-11-25 17:34:09,663] {dag.py:2972} INFO - Setting next_dagrun for example_bash_operator to 2023-11-24T00:00:00+00:00, run_after=2023-11-25T00:00:00+00:00
[2023-11-25 17:34:09,677] {processor.py:161} INFO - Processing /home/airflow/.local/lib/python3.7/site-packages/airflow/example_dags/example_bash_operator.py took 0.101 seconds
[2023-11-25 17:34:40,230] {processor.py:153} INFO - Started process (PID=780) to work on /home/airflow/.local/lib/python3.7/site-packages/airflow/example_dags/example_bash_operator.py
[2023-11-25 17:34:40,232] {processor.py:641} INFO - Processing file /home/airflow/.local/lib/python3.7/site-packages/airflow/example_dags/example_bash_operator.py for tasks to queue
[2023-11-25 17:34:40,232] {logging_mixin.py:115} INFO - [2023-11-25 17:34:40,232] {dagbag.py:508} INFO - Filling up the DagBag from /home/airflow/.local/lib/python3.7/site-packages/airflow/example_dags/example_bash_operator.py
[2023-11-25 17:34:40,275] {processor.py:651} INFO - DAG(s) dict_keys(['example_bash_operator']) retrieved from /home/airflow/.local/lib/python3.7/site-packages/airflow/example_dags/example_bash_operator.py
[2023-11-25 17:34:40,354] {logging_mixin.py:115} INFO - [2023-11-25 17:34:40,354] {dag.py:2420} INFO - Sync 1 DAGs
[2023-11-25 17:34:40,393] {logging_mixin.py:115} INFO - [2023-11-25 17:34:40,393] {dag.py:2972} INFO - Setting next_dagrun for example_bash_operator to 2023-11-24T00:00:00+00:00, run_after=2023-11-25T00:00:00+00:00
[2023-11-25 17:34:40,413] {processor.py:161} INFO - Processing /home/airflow/.local/lib/python3.7/site-packages/airflow/example_dags/example_bash_operator.py took 0.196 seconds
[2023-11-25 17:35:10,486] {processor.py:153} INFO - Started process (PID=834) to work on /home/airflow/.local/lib/python3.7/site-packages/airflow/example_dags/example_bash_operator.py
[2023-11-25 17:35:10,487] {processor.py:641} INFO - Processing file /home/airflow/.local/lib/python3.7/site-packages/airflow/example_dags/example_bash_operator.py for tasks to queue
[2023-11-25 17:35:10,488] {logging_mixin.py:115} INFO - [2023-11-25 17:35:10,488] {dagbag.py:508} INFO - Filling up the DagBag from /home/airflow/.local/lib/python3.7/site-packages/airflow/example_dags/example_bash_operator.py
[2023-11-25 17:35:10,505] {processor.py:651} INFO - DAG(s) dict_keys(['example_bash_operator']) retrieved from /home/airflow/.local/lib/python3.7/site-packages/airflow/example_dags/example_bash_operator.py
[2023-11-25 17:35:10,542] {logging_mixin.py:115} INFO - [2023-11-25 17:35:10,541] {dag.py:2420} INFO - Sync 1 DAGs
[2023-11-25 17:35:10,571] {logging_mixin.py:115} INFO - [2023-11-25 17:35:10,571] {dag.py:2972} INFO - Setting next_dagrun for example_bash_operator to 2023-11-24T00:00:00+00:00, run_after=2023-11-25T00:00:00+00:00
[2023-11-25 17:35:10,586] {processor.py:161} INFO - Processing /home/airflow/.local/lib/python3.7/site-packages/airflow/example_dags/example_bash_operator.py took 0.106 seconds
[2023-11-25 17:35:41,278] {processor.py:153} INFO - Started process (PID=896) to work on /home/airflow/.local/lib/python3.7/site-packages/airflow/example_dags/example_bash_operator.py
[2023-11-25 17:35:41,279] {processor.py:641} INFO - Processing file /home/airflow/.local/lib/python3.7/site-packages/airflow/example_dags/example_bash_operator.py for tasks to queue
[2023-11-25 17:35:41,279] {logging_mixin.py:115} INFO - [2023-11-25 17:35:41,279] {dagbag.py:508} INFO - Filling up the DagBag from /home/airflow/.local/lib/python3.7/site-packages/airflow/example_dags/example_bash_operator.py
[2023-11-25 17:35:41,312] {processor.py:651} INFO - DAG(s) dict_keys(['example_bash_operator']) retrieved from /home/airflow/.local/lib/python3.7/site-packages/airflow/example_dags/example_bash_operator.py
[2023-11-25 17:35:41,366] {logging_mixin.py:115} INFO - [2023-11-25 17:35:41,366] {dag.py:2420} INFO - Sync 1 DAGs
[2023-11-25 17:35:41,395] {logging_mixin.py:115} INFO - [2023-11-25 17:35:41,395] {dag.py:2972} INFO - Setting next_dagrun for example_bash_operator to 2023-11-24T00:00:00+00:00, run_after=2023-11-25T00:00:00+00:00
[2023-11-25 17:35:41,410] {processor.py:161} INFO - Processing /home/airflow/.local/lib/python3.7/site-packages/airflow/example_dags/example_bash_operator.py took 0.137 seconds
[2023-11-25 17:36:11,757] {processor.py:153} INFO - Started process (PID=948) to work on /home/airflow/.local/lib/python3.7/site-packages/airflow/example_dags/example_bash_operator.py
[2023-11-25 17:36:11,758] {processor.py:641} INFO - Processing file /home/airflow/.local/lib/python3.7/site-packages/airflow/example_dags/example_bash_operator.py for tasks to queue
[2023-11-25 17:36:11,758] {logging_mixin.py:115} INFO - [2023-11-25 17:36:11,758] {dagbag.py:508} INFO - Filling up the DagBag from /home/airflow/.local/lib/python3.7/site-packages/airflow/example_dags/example_bash_operator.py
[2023-11-25 17:36:11,775] {processor.py:651} INFO - DAG(s) dict_keys(['example_bash_operator']) retrieved from /home/airflow/.local/lib/python3.7/site-packages/airflow/example_dags/example_bash_operator.py
[2023-11-25 17:36:11,820] {logging_mixin.py:115} INFO - [2023-11-25 17:36:11,820] {dag.py:2420} INFO - Sync 1 DAGs
[2023-11-25 17:36:11,849] {logging_mixin.py:115} INFO - [2023-11-25 17:36:11,849] {dag.py:2972} INFO - Setting next_dagrun for example_bash_operator to 2023-11-24T00:00:00+00:00, run_after=2023-11-25T00:00:00+00:00
[2023-11-25 17:36:11,862] {processor.py:161} INFO - Processing /home/airflow/.local/lib/python3.7/site-packages/airflow/example_dags/example_bash_operator.py took 0.110 seconds
[2023-11-25 17:36:42,357] {processor.py:153} INFO - Started process (PID=1009) to work on /home/airflow/.local/lib/python3.7/site-packages/airflow/example_dags/example_bash_operator.py
[2023-11-25 17:36:42,358] {processor.py:641} INFO - Processing file /home/airflow/.local/lib/python3.7/site-packages/airflow/example_dags/example_bash_operator.py for tasks to queue
[2023-11-25 17:36:42,359] {logging_mixin.py:115} INFO - [2023-11-25 17:36:42,359] {dagbag.py:508} INFO - Filling up the DagBag from /home/airflow/.local/lib/python3.7/site-packages/airflow/example_dags/example_bash_operator.py
[2023-11-25 17:36:42,374] {processor.py:651} INFO - DAG(s) dict_keys(['example_bash_operator']) retrieved from /home/airflow/.local/lib/python3.7/site-packages/airflow/example_dags/example_bash_operator.py
[2023-11-25 17:36:42,413] {logging_mixin.py:115} INFO - [2023-11-25 17:36:42,413] {dag.py:2420} INFO - Sync 1 DAGs
[2023-11-25 17:36:42,442] {logging_mixin.py:115} INFO - [2023-11-25 17:36:42,442] {dag.py:2972} INFO - Setting next_dagrun for example_bash_operator to 2023-11-24T00:00:00+00:00, run_after=2023-11-25T00:00:00+00:00
[2023-11-25 17:36:42,455] {processor.py:161} INFO - Processing /home/airflow/.local/lib/python3.7/site-packages/airflow/example_dags/example_bash_operator.py took 0.103 seconds
[2023-11-25 17:37:12,646] {processor.py:153} INFO - Started process (PID=1070) to work on /home/airflow/.local/lib/python3.7/site-packages/airflow/example_dags/example_bash_operator.py
[2023-11-25 17:37:12,647] {processor.py:641} INFO - Processing file /home/airflow/.local/lib/python3.7/site-packages/airflow/example_dags/example_bash_operator.py for tasks to queue
[2023-11-25 17:37:12,648] {logging_mixin.py:115} INFO - [2023-11-25 17:37:12,648] {dagbag.py:508} INFO - Filling up the DagBag from /home/airflow/.local/lib/python3.7/site-packages/airflow/example_dags/example_bash_operator.py
[2023-11-25 17:37:12,664] {processor.py:651} INFO - DAG(s) dict_keys(['example_bash_operator']) retrieved from /home/airflow/.local/lib/python3.7/site-packages/airflow/example_dags/example_bash_operator.py
[2023-11-25 17:37:12,708] {logging_mixin.py:115} INFO - [2023-11-25 17:37:12,708] {dag.py:2420} INFO - Sync 1 DAGs
[2023-11-25 17:37:12,737] {logging_mixin.py:115} INFO - [2023-11-25 17:37:12,737] {dag.py:2972} INFO - Setting next_dagrun for example_bash_operator to 2023-11-24T00:00:00+00:00, run_after=2023-11-25T00:00:00+00:00
[2023-11-25 17:37:12,750] {processor.py:161} INFO - Processing /home/airflow/.local/lib/python3.7/site-packages/airflow/example_dags/example_bash_operator.py took 0.109 seconds
[2023-11-25 17:37:43,285] {processor.py:153} INFO - Started process (PID=1122) to work on /home/airflow/.local/lib/python3.7/site-packages/airflow/example_dags/example_bash_operator.py
[2023-11-25 17:37:43,290] {processor.py:641} INFO - Processing file /home/airflow/.local/lib/python3.7/site-packages/airflow/example_dags/example_bash_operator.py for tasks to queue
[2023-11-25 17:37:43,291] {logging_mixin.py:115} INFO - [2023-11-25 17:37:43,290] {dagbag.py:508} INFO - Filling up the DagBag from /home/airflow/.local/lib/python3.7/site-packages/airflow/example_dags/example_bash_operator.py
[2023-11-25 17:37:43,315] {processor.py:651} INFO - DAG(s) dict_keys(['example_bash_operator']) retrieved from /home/airflow/.local/lib/python3.7/site-packages/airflow/example_dags/example_bash_operator.py
[2023-11-25 17:37:43,360] {logging_mixin.py:115} INFO - [2023-11-25 17:37:43,360] {dag.py:2420} INFO - Sync 1 DAGs
[2023-11-25 17:37:43,389] {logging_mixin.py:115} INFO - [2023-11-25 17:37:43,388] {dag.py:2972} INFO - Setting next_dagrun for example_bash_operator to 2023-11-24T00:00:00+00:00, run_after=2023-11-25T00:00:00+00:00
[2023-11-25 17:37:43,401] {processor.py:161} INFO - Processing /home/airflow/.local/lib/python3.7/site-packages/airflow/example_dags/example_bash_operator.py took 0.121 seconds
[2023-11-25 17:38:13,900] {processor.py:153} INFO - Started process (PID=1182) to work on /home/airflow/.local/lib/python3.7/site-packages/airflow/example_dags/example_bash_operator.py
[2023-11-25 17:38:13,910] {processor.py:641} INFO - Processing file /home/airflow/.local/lib/python3.7/site-packages/airflow/example_dags/example_bash_operator.py for tasks to queue
[2023-11-25 17:38:13,911] {logging_mixin.py:115} INFO - [2023-11-25 17:38:13,911] {dagbag.py:508} INFO - Filling up the DagBag from /home/airflow/.local/lib/python3.7/site-packages/airflow/example_dags/example_bash_operator.py
[2023-11-25 17:38:13,934] {processor.py:651} INFO - DAG(s) dict_keys(['example_bash_operator']) retrieved from /home/airflow/.local/lib/python3.7/site-packages/airflow/example_dags/example_bash_operator.py
[2023-11-25 17:38:13,995] {logging_mixin.py:115} INFO - [2023-11-25 17:38:13,995] {dag.py:2420} INFO - Sync 1 DAGs
[2023-11-25 17:38:14,034] {logging_mixin.py:115} INFO - [2023-11-25 17:38:14,034] {dag.py:2972} INFO - Setting next_dagrun for example_bash_operator to 2023-11-24T00:00:00+00:00, run_after=2023-11-25T00:00:00+00:00
[2023-11-25 17:38:14,054] {processor.py:161} INFO - Processing /home/airflow/.local/lib/python3.7/site-packages/airflow/example_dags/example_bash_operator.py took 0.158 seconds
[2023-11-25 17:38:44,118] {processor.py:153} INFO - Started process (PID=1245) to work on /home/airflow/.local/lib/python3.7/site-packages/airflow/example_dags/example_bash_operator.py
[2023-11-25 17:38:44,119] {processor.py:641} INFO - Processing file /home/airflow/.local/lib/python3.7/site-packages/airflow/example_dags/example_bash_operator.py for tasks to queue
[2023-11-25 17:38:44,119] {logging_mixin.py:115} INFO - [2023-11-25 17:38:44,119] {dagbag.py:508} INFO - Filling up the DagBag from /home/airflow/.local/lib/python3.7/site-packages/airflow/example_dags/example_bash_operator.py
[2023-11-25 17:38:44,154] {processor.py:651} INFO - DAG(s) dict_keys(['example_bash_operator']) retrieved from /home/airflow/.local/lib/python3.7/site-packages/airflow/example_dags/example_bash_operator.py
[2023-11-25 17:38:44,250] {logging_mixin.py:115} INFO - [2023-11-25 17:38:44,250] {dag.py:2420} INFO - Sync 1 DAGs
[2023-11-25 17:38:44,305] {logging_mixin.py:115} INFO - [2023-11-25 17:38:44,305] {dag.py:2972} INFO - Setting next_dagrun for example_bash_operator to 2023-11-24T00:00:00+00:00, run_after=2023-11-25T00:00:00+00:00
[2023-11-25 17:38:44,331] {processor.py:161} INFO - Processing /home/airflow/.local/lib/python3.7/site-packages/airflow/example_dags/example_bash_operator.py took 0.217 seconds
[2023-11-25 17:39:14,890] {processor.py:153} INFO - Started process (PID=1299) to work on /home/airflow/.local/lib/python3.7/site-packages/airflow/example_dags/example_bash_operator.py
[2023-11-25 17:39:14,891] {processor.py:641} INFO - Processing file /home/airflow/.local/lib/python3.7/site-packages/airflow/example_dags/example_bash_operator.py for tasks to queue
[2023-11-25 17:39:14,892] {logging_mixin.py:115} INFO - [2023-11-25 17:39:14,892] {dagbag.py:508} INFO - Filling up the DagBag from /home/airflow/.local/lib/python3.7/site-packages/airflow/example_dags/example_bash_operator.py
[2023-11-25 17:39:14,909] {processor.py:651} INFO - DAG(s) dict_keys(['example_bash_operator']) retrieved from /home/airflow/.local/lib/python3.7/site-packages/airflow/example_dags/example_bash_operator.py
[2023-11-25 17:39:14,978] {logging_mixin.py:115} INFO - [2023-11-25 17:39:14,978] {dag.py:2420} INFO - Sync 1 DAGs
[2023-11-25 17:39:15,032] {logging_mixin.py:115} INFO - [2023-11-25 17:39:15,032] {dag.py:2972} INFO - Setting next_dagrun for example_bash_operator to 2023-11-24T00:00:00+00:00, run_after=2023-11-25T00:00:00+00:00
[2023-11-25 17:39:15,053] {processor.py:161} INFO - Processing /home/airflow/.local/lib/python3.7/site-packages/airflow/example_dags/example_bash_operator.py took 0.168 seconds
[2023-11-25 17:39:45,724] {processor.py:153} INFO - Started process (PID=1362) to work on /home/airflow/.local/lib/python3.7/site-packages/airflow/example_dags/example_bash_operator.py
[2023-11-25 17:39:45,725] {processor.py:641} INFO - Processing file /home/airflow/.local/lib/python3.7/site-packages/airflow/example_dags/example_bash_operator.py for tasks to queue
[2023-11-25 17:39:45,726] {logging_mixin.py:115} INFO - [2023-11-25 17:39:45,726] {dagbag.py:508} INFO - Filling up the DagBag from /home/airflow/.local/lib/python3.7/site-packages/airflow/example_dags/example_bash_operator.py
[2023-11-25 17:39:45,743] {processor.py:651} INFO - DAG(s) dict_keys(['example_bash_operator']) retrieved from /home/airflow/.local/lib/python3.7/site-packages/airflow/example_dags/example_bash_operator.py
[2023-11-25 17:39:45,791] {logging_mixin.py:115} INFO - [2023-11-25 17:39:45,791] {dag.py:2420} INFO - Sync 1 DAGs
[2023-11-25 17:39:45,821] {logging_mixin.py:115} INFO - [2023-11-25 17:39:45,821] {dag.py:2972} INFO - Setting next_dagrun for example_bash_operator to 2023-11-24T00:00:00+00:00, run_after=2023-11-25T00:00:00+00:00
[2023-11-25 17:39:45,840] {processor.py:161} INFO - Processing /home/airflow/.local/lib/python3.7/site-packages/airflow/example_dags/example_bash_operator.py took 0.120 seconds
[2023-11-25 17:40:16,570] {processor.py:153} INFO - Started process (PID=1424) to work on /home/airflow/.local/lib/python3.7/site-packages/airflow/example_dags/example_bash_operator.py
[2023-11-25 17:40:16,571] {processor.py:641} INFO - Processing file /home/airflow/.local/lib/python3.7/site-packages/airflow/example_dags/example_bash_operator.py for tasks to queue
[2023-11-25 17:40:16,571] {logging_mixin.py:115} INFO - [2023-11-25 17:40:16,571] {dagbag.py:508} INFO - Filling up the DagBag from /home/airflow/.local/lib/python3.7/site-packages/airflow/example_dags/example_bash_operator.py
[2023-11-25 17:40:16,597] {processor.py:651} INFO - DAG(s) dict_keys(['example_bash_operator']) retrieved from /home/airflow/.local/lib/python3.7/site-packages/airflow/example_dags/example_bash_operator.py
[2023-11-25 17:40:16,682] {logging_mixin.py:115} INFO - [2023-11-25 17:40:16,682] {dag.py:2420} INFO - Sync 1 DAGs
[2023-11-25 17:40:16,712] {logging_mixin.py:115} INFO - [2023-11-25 17:40:16,712] {dag.py:2972} INFO - Setting next_dagrun for example_bash_operator to 2023-11-24T00:00:00+00:00, run_after=2023-11-25T00:00:00+00:00
[2023-11-25 17:40:16,726] {processor.py:161} INFO - Processing /home/airflow/.local/lib/python3.7/site-packages/airflow/example_dags/example_bash_operator.py took 0.170 seconds
[2023-11-25 17:40:47,005] {processor.py:153} INFO - Started process (PID=1478) to work on /home/airflow/.local/lib/python3.7/site-packages/airflow/example_dags/example_bash_operator.py
[2023-11-25 17:40:47,010] {processor.py:641} INFO - Processing file /home/airflow/.local/lib/python3.7/site-packages/airflow/example_dags/example_bash_operator.py for tasks to queue
[2023-11-25 17:40:47,011] {logging_mixin.py:115} INFO - [2023-11-25 17:40:47,011] {dagbag.py:508} INFO - Filling up the DagBag from /home/airflow/.local/lib/python3.7/site-packages/airflow/example_dags/example_bash_operator.py
[2023-11-25 17:40:47,031] {processor.py:651} INFO - DAG(s) dict_keys(['example_bash_operator']) retrieved from /home/airflow/.local/lib/python3.7/site-packages/airflow/example_dags/example_bash_operator.py
[2023-11-25 17:40:47,093] {logging_mixin.py:115} INFO - [2023-11-25 17:40:47,092] {dag.py:2420} INFO - Sync 1 DAGs
[2023-11-25 17:40:47,155] {logging_mixin.py:115} INFO - [2023-11-25 17:40:47,154] {dag.py:2972} INFO - Setting next_dagrun for example_bash_operator to 2023-11-24T00:00:00+00:00, run_after=2023-11-25T00:00:00+00:00
[2023-11-25 17:40:47,177] {processor.py:161} INFO - Processing /home/airflow/.local/lib/python3.7/site-packages/airflow/example_dags/example_bash_operator.py took 0.177 seconds
[2023-11-25 17:41:17,569] {processor.py:153} INFO - Started process (PID=1541) to work on /home/airflow/.local/lib/python3.7/site-packages/airflow/example_dags/example_bash_operator.py
[2023-11-25 17:41:17,570] {processor.py:641} INFO - Processing file /home/airflow/.local/lib/python3.7/site-packages/airflow/example_dags/example_bash_operator.py for tasks to queue
[2023-11-25 17:41:17,571] {logging_mixin.py:115} INFO - [2023-11-25 17:41:17,571] {dagbag.py:508} INFO - Filling up the DagBag from /home/airflow/.local/lib/python3.7/site-packages/airflow/example_dags/example_bash_operator.py
[2023-11-25 17:41:17,587] {processor.py:651} INFO - DAG(s) dict_keys(['example_bash_operator']) retrieved from /home/airflow/.local/lib/python3.7/site-packages/airflow/example_dags/example_bash_operator.py
[2023-11-25 17:41:17,626] {logging_mixin.py:115} INFO - [2023-11-25 17:41:17,626] {dag.py:2420} INFO - Sync 1 DAGs
[2023-11-25 17:41:17,658] {logging_mixin.py:115} INFO - [2023-11-25 17:41:17,657] {dag.py:2972} INFO - Setting next_dagrun for example_bash_operator to 2023-11-24T00:00:00+00:00, run_after=2023-11-25T00:00:00+00:00
[2023-11-25 17:41:17,671] {processor.py:161} INFO - Processing /home/airflow/.local/lib/python3.7/site-packages/airflow/example_dags/example_bash_operator.py took 0.106 seconds
[2023-11-25 17:41:48,570] {processor.py:153} INFO - Started process (PID=1604) to work on /home/airflow/.local/lib/python3.7/site-packages/airflow/example_dags/example_bash_operator.py
[2023-11-25 17:41:48,571] {processor.py:641} INFO - Processing file /home/airflow/.local/lib/python3.7/site-packages/airflow/example_dags/example_bash_operator.py for tasks to queue
[2023-11-25 17:41:48,572] {logging_mixin.py:115} INFO - [2023-11-25 17:41:48,572] {dagbag.py:508} INFO - Filling up the DagBag from /home/airflow/.local/lib/python3.7/site-packages/airflow/example_dags/example_bash_operator.py
[2023-11-25 17:41:48,596] {processor.py:651} INFO - DAG(s) dict_keys(['example_bash_operator']) retrieved from /home/airflow/.local/lib/python3.7/site-packages/airflow/example_dags/example_bash_operator.py
[2023-11-25 17:41:48,676] {logging_mixin.py:115} INFO - [2023-11-25 17:41:48,676] {dag.py:2420} INFO - Sync 1 DAGs
[2023-11-25 17:41:48,751] {logging_mixin.py:115} INFO - [2023-11-25 17:41:48,751] {dag.py:2972} INFO - Setting next_dagrun for example_bash_operator to 2023-11-24T00:00:00+00:00, run_after=2023-11-25T00:00:00+00:00
[2023-11-25 17:41:48,776] {processor.py:161} INFO - Processing /home/airflow/.local/lib/python3.7/site-packages/airflow/example_dags/example_bash_operator.py took 0.219 seconds
[2023-11-25 17:42:19,449] {processor.py:153} INFO - Started process (PID=1658) to work on /home/airflow/.local/lib/python3.7/site-packages/airflow/example_dags/example_bash_operator.py
[2023-11-25 17:42:19,450] {processor.py:641} INFO - Processing file /home/airflow/.local/lib/python3.7/site-packages/airflow/example_dags/example_bash_operator.py for tasks to queue
[2023-11-25 17:42:19,451] {logging_mixin.py:115} INFO - [2023-11-25 17:42:19,451] {dagbag.py:508} INFO - Filling up the DagBag from /home/airflow/.local/lib/python3.7/site-packages/airflow/example_dags/example_bash_operator.py
[2023-11-25 17:42:19,471] {processor.py:651} INFO - DAG(s) dict_keys(['example_bash_operator']) retrieved from /home/airflow/.local/lib/python3.7/site-packages/airflow/example_dags/example_bash_operator.py
[2023-11-25 17:42:19,530] {logging_mixin.py:115} INFO - [2023-11-25 17:42:19,530] {dag.py:2420} INFO - Sync 1 DAGs
[2023-11-25 17:42:19,580] {logging_mixin.py:115} INFO - [2023-11-25 17:42:19,579] {dag.py:2972} INFO - Setting next_dagrun for example_bash_operator to 2023-11-24T00:00:00+00:00, run_after=2023-11-25T00:00:00+00:00
[2023-11-25 17:42:19,597] {processor.py:161} INFO - Processing /home/airflow/.local/lib/python3.7/site-packages/airflow/example_dags/example_bash_operator.py took 0.152 seconds
[2023-11-25 17:42:49,859] {processor.py:153} INFO - Started process (PID=1722) to work on /home/airflow/.local/lib/python3.7/site-packages/airflow/example_dags/example_bash_operator.py
[2023-11-25 17:42:49,860] {processor.py:641} INFO - Processing file /home/airflow/.local/lib/python3.7/site-packages/airflow/example_dags/example_bash_operator.py for tasks to queue
[2023-11-25 17:42:49,861] {logging_mixin.py:115} INFO - [2023-11-25 17:42:49,861] {dagbag.py:508} INFO - Filling up the DagBag from /home/airflow/.local/lib/python3.7/site-packages/airflow/example_dags/example_bash_operator.py
[2023-11-25 17:42:49,877] {processor.py:651} INFO - DAG(s) dict_keys(['example_bash_operator']) retrieved from /home/airflow/.local/lib/python3.7/site-packages/airflow/example_dags/example_bash_operator.py
[2023-11-25 17:42:49,916] {logging_mixin.py:115} INFO - [2023-11-25 17:42:49,916] {dag.py:2420} INFO - Sync 1 DAGs
[2023-11-25 17:42:49,943] {logging_mixin.py:115} INFO - [2023-11-25 17:42:49,943] {dag.py:2972} INFO - Setting next_dagrun for example_bash_operator to 2023-11-24T00:00:00+00:00, run_after=2023-11-25T00:00:00+00:00
[2023-11-25 17:42:49,956] {processor.py:161} INFO - Processing /home/airflow/.local/lib/python3.7/site-packages/airflow/example_dags/example_bash_operator.py took 0.101 seconds
[2023-11-25 17:43:20,684] {processor.py:153} INFO - Started process (PID=1776) to work on /home/airflow/.local/lib/python3.7/site-packages/airflow/example_dags/example_bash_operator.py
[2023-11-25 17:43:20,685] {processor.py:641} INFO - Processing file /home/airflow/.local/lib/python3.7/site-packages/airflow/example_dags/example_bash_operator.py for tasks to queue
[2023-11-25 17:43:20,686] {logging_mixin.py:115} INFO - [2023-11-25 17:43:20,686] {dagbag.py:508} INFO - Filling up the DagBag from /home/airflow/.local/lib/python3.7/site-packages/airflow/example_dags/example_bash_operator.py
[2023-11-25 17:43:20,702] {processor.py:651} INFO - DAG(s) dict_keys(['example_bash_operator']) retrieved from /home/airflow/.local/lib/python3.7/site-packages/airflow/example_dags/example_bash_operator.py
[2023-11-25 17:43:20,740] {logging_mixin.py:115} INFO - [2023-11-25 17:43:20,740] {dag.py:2420} INFO - Sync 1 DAGs
[2023-11-25 17:43:20,771] {logging_mixin.py:115} INFO - [2023-11-25 17:43:20,771] {dag.py:2972} INFO - Setting next_dagrun for example_bash_operator to 2023-11-24T00:00:00+00:00, run_after=2023-11-25T00:00:00+00:00
[2023-11-25 17:43:20,784] {processor.py:161} INFO - Processing /home/airflow/.local/lib/python3.7/site-packages/airflow/example_dags/example_bash_operator.py took 0.104 seconds
[2023-11-25 17:43:51,358] {processor.py:153} INFO - Started process (PID=1839) to work on /home/airflow/.local/lib/python3.7/site-packages/airflow/example_dags/example_bash_operator.py
[2023-11-25 17:43:51,359] {processor.py:641} INFO - Processing file /home/airflow/.local/lib/python3.7/site-packages/airflow/example_dags/example_bash_operator.py for tasks to queue
[2023-11-25 17:43:51,359] {logging_mixin.py:115} INFO - [2023-11-25 17:43:51,359] {dagbag.py:508} INFO - Filling up the DagBag from /home/airflow/.local/lib/python3.7/site-packages/airflow/example_dags/example_bash_operator.py
[2023-11-25 17:43:51,375] {processor.py:651} INFO - DAG(s) dict_keys(['example_bash_operator']) retrieved from /home/airflow/.local/lib/python3.7/site-packages/airflow/example_dags/example_bash_operator.py
[2023-11-25 17:43:51,415] {logging_mixin.py:115} INFO - [2023-11-25 17:43:51,415] {dag.py:2420} INFO - Sync 1 DAGs
[2023-11-25 17:43:51,442] {logging_mixin.py:115} INFO - [2023-11-25 17:43:51,442] {dag.py:2972} INFO - Setting next_dagrun for example_bash_operator to 2023-11-24T00:00:00+00:00, run_after=2023-11-25T00:00:00+00:00
[2023-11-25 17:43:51,457] {processor.py:161} INFO - Processing /home/airflow/.local/lib/python3.7/site-packages/airflow/example_dags/example_bash_operator.py took 0.104 seconds
[2023-11-25 17:44:22,178] {processor.py:153} INFO - Started process (PID=1904) to work on /home/airflow/.local/lib/python3.7/site-packages/airflow/example_dags/example_bash_operator.py
[2023-11-25 17:44:22,179] {processor.py:641} INFO - Processing file /home/airflow/.local/lib/python3.7/site-packages/airflow/example_dags/example_bash_operator.py for tasks to queue
[2023-11-25 17:44:22,179] {logging_mixin.py:115} INFO - [2023-11-25 17:44:22,179] {dagbag.py:508} INFO - Filling up the DagBag from /home/airflow/.local/lib/python3.7/site-packages/airflow/example_dags/example_bash_operator.py
[2023-11-25 17:44:22,213] {processor.py:651} INFO - DAG(s) dict_keys(['example_bash_operator']) retrieved from /home/airflow/.local/lib/python3.7/site-packages/airflow/example_dags/example_bash_operator.py
[2023-11-25 17:44:22,299] {logging_mixin.py:115} INFO - [2023-11-25 17:44:22,299] {dag.py:2420} INFO - Sync 1 DAGs
[2023-11-25 17:44:22,336] {logging_mixin.py:115} INFO - [2023-11-25 17:44:22,336] {dag.py:2972} INFO - Setting next_dagrun for example_bash_operator to 2023-11-24T00:00:00+00:00, run_after=2023-11-25T00:00:00+00:00
[2023-11-25 17:44:22,358] {processor.py:161} INFO - Processing /home/airflow/.local/lib/python3.7/site-packages/airflow/example_dags/example_bash_operator.py took 0.185 seconds
[2023-11-25 17:44:52,890] {processor.py:153} INFO - Started process (PID=1958) to work on /home/airflow/.local/lib/python3.7/site-packages/airflow/example_dags/example_bash_operator.py
[2023-11-25 17:44:52,891] {processor.py:641} INFO - Processing file /home/airflow/.local/lib/python3.7/site-packages/airflow/example_dags/example_bash_operator.py for tasks to queue
[2023-11-25 17:44:52,892] {logging_mixin.py:115} INFO - [2023-11-25 17:44:52,892] {dagbag.py:508} INFO - Filling up the DagBag from /home/airflow/.local/lib/python3.7/site-packages/airflow/example_dags/example_bash_operator.py
[2023-11-25 17:44:52,907] {processor.py:651} INFO - DAG(s) dict_keys(['example_bash_operator']) retrieved from /home/airflow/.local/lib/python3.7/site-packages/airflow/example_dags/example_bash_operator.py
[2023-11-25 17:44:52,946] {logging_mixin.py:115} INFO - [2023-11-25 17:44:52,946] {dag.py:2420} INFO - Sync 1 DAGs
[2023-11-25 17:44:52,979] {logging_mixin.py:115} INFO - [2023-11-25 17:44:52,979] {dag.py:2972} INFO - Setting next_dagrun for example_bash_operator to 2023-11-24T00:00:00+00:00, run_after=2023-11-25T00:00:00+00:00
[2023-11-25 17:44:52,997] {processor.py:161} INFO - Processing /home/airflow/.local/lib/python3.7/site-packages/airflow/example_dags/example_bash_operator.py took 0.111 seconds
[2023-11-25 17:45:23,568] {processor.py:153} INFO - Started process (PID=2021) to work on /home/airflow/.local/lib/python3.7/site-packages/airflow/example_dags/example_bash_operator.py
[2023-11-25 17:45:23,569] {processor.py:641} INFO - Processing file /home/airflow/.local/lib/python3.7/site-packages/airflow/example_dags/example_bash_operator.py for tasks to queue
[2023-11-25 17:45:23,570] {logging_mixin.py:115} INFO - [2023-11-25 17:45:23,570] {dagbag.py:508} INFO - Filling up the DagBag from /home/airflow/.local/lib/python3.7/site-packages/airflow/example_dags/example_bash_operator.py
[2023-11-25 17:45:23,586] {processor.py:651} INFO - DAG(s) dict_keys(['example_bash_operator']) retrieved from /home/airflow/.local/lib/python3.7/site-packages/airflow/example_dags/example_bash_operator.py
[2023-11-25 17:45:23,626] {logging_mixin.py:115} INFO - [2023-11-25 17:45:23,626] {dag.py:2420} INFO - Sync 1 DAGs
[2023-11-25 17:45:23,664] {logging_mixin.py:115} INFO - [2023-11-25 17:45:23,664] {dag.py:2972} INFO - Setting next_dagrun for example_bash_operator to 2023-11-24T00:00:00+00:00, run_after=2023-11-25T00:00:00+00:00
[2023-11-25 17:45:23,682] {processor.py:161} INFO - Processing /home/airflow/.local/lib/python3.7/site-packages/airflow/example_dags/example_bash_operator.py took 0.118 seconds
[2023-11-25 17:45:54,460] {processor.py:153} INFO - Started process (PID=2084) to work on /home/airflow/.local/lib/python3.7/site-packages/airflow/example_dags/example_bash_operator.py
[2023-11-25 17:45:54,470] {processor.py:641} INFO - Processing file /home/airflow/.local/lib/python3.7/site-packages/airflow/example_dags/example_bash_operator.py for tasks to queue
[2023-11-25 17:45:54,471] {logging_mixin.py:115} INFO - [2023-11-25 17:45:54,471] {dagbag.py:508} INFO - Filling up the DagBag from /home/airflow/.local/lib/python3.7/site-packages/airflow/example_dags/example_bash_operator.py
[2023-11-25 17:45:54,498] {processor.py:651} INFO - DAG(s) dict_keys(['example_bash_operator']) retrieved from /home/airflow/.local/lib/python3.7/site-packages/airflow/example_dags/example_bash_operator.py
[2023-11-25 17:45:54,555] {logging_mixin.py:115} INFO - [2023-11-25 17:45:54,555] {dag.py:2420} INFO - Sync 1 DAGs
[2023-11-25 17:45:54,592] {logging_mixin.py:115} INFO - [2023-11-25 17:45:54,592] {dag.py:2972} INFO - Setting next_dagrun for example_bash_operator to 2023-11-24T00:00:00+00:00, run_after=2023-11-25T00:00:00+00:00
[2023-11-25 17:45:54,613] {processor.py:161} INFO - Processing /home/airflow/.local/lib/python3.7/site-packages/airflow/example_dags/example_bash_operator.py took 0.158 seconds
[2023-11-25 17:46:25,531] {processor.py:153} INFO - Started process (PID=2138) to work on /home/airflow/.local/lib/python3.7/site-packages/airflow/example_dags/example_bash_operator.py
[2023-11-25 17:46:25,532] {processor.py:641} INFO - Processing file /home/airflow/.local/lib/python3.7/site-packages/airflow/example_dags/example_bash_operator.py for tasks to queue
[2023-11-25 17:46:25,533] {logging_mixin.py:115} INFO - [2023-11-25 17:46:25,532] {dagbag.py:508} INFO - Filling up the DagBag from /home/airflow/.local/lib/python3.7/site-packages/airflow/example_dags/example_bash_operator.py
[2023-11-25 17:46:25,560] {processor.py:651} INFO - DAG(s) dict_keys(['example_bash_operator']) retrieved from /home/airflow/.local/lib/python3.7/site-packages/airflow/example_dags/example_bash_operator.py
[2023-11-25 17:46:25,615] {logging_mixin.py:115} INFO - [2023-11-25 17:46:25,615] {dag.py:2420} INFO - Sync 1 DAGs
[2023-11-25 17:46:25,643] {logging_mixin.py:115} INFO - [2023-11-25 17:46:25,643] {dag.py:2972} INFO - Setting next_dagrun for example_bash_operator to 2023-11-24T00:00:00+00:00, run_after=2023-11-25T00:00:00+00:00
[2023-11-25 17:46:25,657] {processor.py:161} INFO - Processing /home/airflow/.local/lib/python3.7/site-packages/airflow/example_dags/example_bash_operator.py took 0.136 seconds
[2023-11-25 17:46:56,030] {processor.py:153} INFO - Started process (PID=2200) to work on /home/airflow/.local/lib/python3.7/site-packages/airflow/example_dags/example_bash_operator.py
[2023-11-25 17:46:56,031] {processor.py:641} INFO - Processing file /home/airflow/.local/lib/python3.7/site-packages/airflow/example_dags/example_bash_operator.py for tasks to queue
[2023-11-25 17:46:56,032] {logging_mixin.py:115} INFO - [2023-11-25 17:46:56,032] {dagbag.py:508} INFO - Filling up the DagBag from /home/airflow/.local/lib/python3.7/site-packages/airflow/example_dags/example_bash_operator.py
[2023-11-25 17:46:56,058] {processor.py:651} INFO - DAG(s) dict_keys(['example_bash_operator']) retrieved from /home/airflow/.local/lib/python3.7/site-packages/airflow/example_dags/example_bash_operator.py
[2023-11-25 17:46:56,132] {logging_mixin.py:115} INFO - [2023-11-25 17:46:56,132] {dag.py:2420} INFO - Sync 1 DAGs
[2023-11-25 17:46:56,196] {logging_mixin.py:115} INFO - [2023-11-25 17:46:56,196] {dag.py:2972} INFO - Setting next_dagrun for example_bash_operator to 2023-11-24T00:00:00+00:00, run_after=2023-11-25T00:00:00+00:00
[2023-11-25 17:46:56,233] {processor.py:161} INFO - Processing /home/airflow/.local/lib/python3.7/site-packages/airflow/example_dags/example_bash_operator.py took 0.208 seconds
[2023-11-25 17:47:26,497] {processor.py:153} INFO - Started process (PID=2263) to work on /home/airflow/.local/lib/python3.7/site-packages/airflow/example_dags/example_bash_operator.py
[2023-11-25 17:47:26,498] {processor.py:641} INFO - Processing file /home/airflow/.local/lib/python3.7/site-packages/airflow/example_dags/example_bash_operator.py for tasks to queue
[2023-11-25 17:47:26,498] {logging_mixin.py:115} INFO - [2023-11-25 17:47:26,498] {dagbag.py:508} INFO - Filling up the DagBag from /home/airflow/.local/lib/python3.7/site-packages/airflow/example_dags/example_bash_operator.py
[2023-11-25 17:47:26,533] {processor.py:651} INFO - DAG(s) dict_keys(['example_bash_operator']) retrieved from /home/airflow/.local/lib/python3.7/site-packages/airflow/example_dags/example_bash_operator.py
[2023-11-25 17:47:26,591] {logging_mixin.py:115} INFO - [2023-11-25 17:47:26,591] {dag.py:2420} INFO - Sync 1 DAGs
[2023-11-25 17:47:26,628] {logging_mixin.py:115} INFO - [2023-11-25 17:47:26,628] {dag.py:2972} INFO - Setting next_dagrun for example_bash_operator to 2023-11-24T00:00:00+00:00, run_after=2023-11-25T00:00:00+00:00
[2023-11-25 17:47:26,652] {processor.py:161} INFO - Processing /home/airflow/.local/lib/python3.7/site-packages/airflow/example_dags/example_bash_operator.py took 0.161 seconds
[2023-11-25 17:47:57,145] {processor.py:153} INFO - Started process (PID=2317) to work on /home/airflow/.local/lib/python3.7/site-packages/airflow/example_dags/example_bash_operator.py
[2023-11-25 17:47:57,150] {processor.py:641} INFO - Processing file /home/airflow/.local/lib/python3.7/site-packages/airflow/example_dags/example_bash_operator.py for tasks to queue
[2023-11-25 17:47:57,151] {logging_mixin.py:115} INFO - [2023-11-25 17:47:57,151] {dagbag.py:508} INFO - Filling up the DagBag from /home/airflow/.local/lib/python3.7/site-packages/airflow/example_dags/example_bash_operator.py
[2023-11-25 17:47:57,168] {processor.py:651} INFO - DAG(s) dict_keys(['example_bash_operator']) retrieved from /home/airflow/.local/lib/python3.7/site-packages/airflow/example_dags/example_bash_operator.py
[2023-11-25 17:47:57,210] {logging_mixin.py:115} INFO - [2023-11-25 17:47:57,210] {dag.py:2420} INFO - Sync 1 DAGs
[2023-11-25 17:47:57,239] {logging_mixin.py:115} INFO - [2023-11-25 17:47:57,239] {dag.py:2972} INFO - Setting next_dagrun for example_bash_operator to 2023-11-24T00:00:00+00:00, run_after=2023-11-25T00:00:00+00:00
[2023-11-25 17:47:57,255] {processor.py:161} INFO - Processing /home/airflow/.local/lib/python3.7/site-packages/airflow/example_dags/example_bash_operator.py took 0.116 seconds
[2023-11-25 17:48:28,087] {processor.py:153} INFO - Started process (PID=2381) to work on /home/airflow/.local/lib/python3.7/site-packages/airflow/example_dags/example_bash_operator.py
[2023-11-25 17:48:28,087] {processor.py:641} INFO - Processing file /home/airflow/.local/lib/python3.7/site-packages/airflow/example_dags/example_bash_operator.py for tasks to queue
[2023-11-25 17:48:28,088] {logging_mixin.py:115} INFO - [2023-11-25 17:48:28,088] {dagbag.py:508} INFO - Filling up the DagBag from /home/airflow/.local/lib/python3.7/site-packages/airflow/example_dags/example_bash_operator.py
[2023-11-25 17:48:28,106] {processor.py:651} INFO - DAG(s) dict_keys(['example_bash_operator']) retrieved from /home/airflow/.local/lib/python3.7/site-packages/airflow/example_dags/example_bash_operator.py
[2023-11-25 17:48:28,153] {logging_mixin.py:115} INFO - [2023-11-25 17:48:28,153] {dag.py:2420} INFO - Sync 1 DAGs
[2023-11-25 17:48:28,185] {logging_mixin.py:115} INFO - [2023-11-25 17:48:28,185] {dag.py:2972} INFO - Setting next_dagrun for example_bash_operator to 2023-11-24T00:00:00+00:00, run_after=2023-11-25T00:00:00+00:00
[2023-11-25 17:48:28,199] {processor.py:161} INFO - Processing /home/airflow/.local/lib/python3.7/site-packages/airflow/example_dags/example_bash_operator.py took 0.118 seconds
[2023-11-25 17:48:58,690] {processor.py:153} INFO - Started process (PID=2447) to work on /home/airflow/.local/lib/python3.7/site-packages/airflow/example_dags/example_bash_operator.py
[2023-11-25 17:48:58,692] {processor.py:641} INFO - Processing file /home/airflow/.local/lib/python3.7/site-packages/airflow/example_dags/example_bash_operator.py for tasks to queue
[2023-11-25 17:48:58,693] {logging_mixin.py:115} INFO - [2023-11-25 17:48:58,693] {dagbag.py:508} INFO - Filling up the DagBag from /home/airflow/.local/lib/python3.7/site-packages/airflow/example_dags/example_bash_operator.py
[2023-11-25 17:48:58,713] {processor.py:651} INFO - DAG(s) dict_keys(['example_bash_operator']) retrieved from /home/airflow/.local/lib/python3.7/site-packages/airflow/example_dags/example_bash_operator.py
[2023-11-25 17:48:58,772] {logging_mixin.py:115} INFO - [2023-11-25 17:48:58,772] {dag.py:2420} INFO - Sync 1 DAGs
[2023-11-25 17:48:58,819] {logging_mixin.py:115} INFO - [2023-11-25 17:48:58,819] {dag.py:2972} INFO - Setting next_dagrun for example_bash_operator to 2023-11-24T00:00:00+00:00, run_after=2023-11-25T00:00:00+00:00
[2023-11-25 17:48:58,854] {processor.py:161} INFO - Processing /home/airflow/.local/lib/python3.7/site-packages/airflow/example_dags/example_bash_operator.py took 0.177 seconds
[2023-11-25 17:49:29,060] {processor.py:153} INFO - Started process (PID=2501) to work on /home/airflow/.local/lib/python3.7/site-packages/airflow/example_dags/example_bash_operator.py
[2023-11-25 17:49:29,061] {processor.py:641} INFO - Processing file /home/airflow/.local/lib/python3.7/site-packages/airflow/example_dags/example_bash_operator.py for tasks to queue
[2023-11-25 17:49:29,062] {logging_mixin.py:115} INFO - [2023-11-25 17:49:29,061] {dagbag.py:508} INFO - Filling up the DagBag from /home/airflow/.local/lib/python3.7/site-packages/airflow/example_dags/example_bash_operator.py
[2023-11-25 17:49:29,078] {processor.py:651} INFO - DAG(s) dict_keys(['example_bash_operator']) retrieved from /home/airflow/.local/lib/python3.7/site-packages/airflow/example_dags/example_bash_operator.py
[2023-11-25 17:49:29,125] {logging_mixin.py:115} INFO - [2023-11-25 17:49:29,125] {dag.py:2420} INFO - Sync 1 DAGs
[2023-11-25 17:49:29,161] {logging_mixin.py:115} INFO - [2023-11-25 17:49:29,161] {dag.py:2972} INFO - Setting next_dagrun for example_bash_operator to 2023-11-24T00:00:00+00:00, run_after=2023-11-25T00:00:00+00:00
[2023-11-25 17:49:29,178] {processor.py:161} INFO - Processing /home/airflow/.local/lib/python3.7/site-packages/airflow/example_dags/example_bash_operator.py took 0.123 seconds
[2023-11-25 17:49:59,418] {processor.py:153} INFO - Started process (PID=2564) to work on /home/airflow/.local/lib/python3.7/site-packages/airflow/example_dags/example_bash_operator.py
[2023-11-25 17:49:59,419] {processor.py:641} INFO - Processing file /home/airflow/.local/lib/python3.7/site-packages/airflow/example_dags/example_bash_operator.py for tasks to queue
[2023-11-25 17:49:59,419] {logging_mixin.py:115} INFO - [2023-11-25 17:49:59,419] {dagbag.py:508} INFO - Filling up the DagBag from /home/airflow/.local/lib/python3.7/site-packages/airflow/example_dags/example_bash_operator.py
[2023-11-25 17:49:59,436] {processor.py:651} INFO - DAG(s) dict_keys(['example_bash_operator']) retrieved from /home/airflow/.local/lib/python3.7/site-packages/airflow/example_dags/example_bash_operator.py
[2023-11-25 17:49:59,482] {logging_mixin.py:115} INFO - [2023-11-25 17:49:59,482] {dag.py:2420} INFO - Sync 1 DAGs
[2023-11-25 17:49:59,513] {logging_mixin.py:115} INFO - [2023-11-25 17:49:59,513] {dag.py:2972} INFO - Setting next_dagrun for example_bash_operator to 2023-11-24T00:00:00+00:00, run_after=2023-11-25T00:00:00+00:00
[2023-11-25 17:49:59,526] {processor.py:161} INFO - Processing /home/airflow/.local/lib/python3.7/site-packages/airflow/example_dags/example_bash_operator.py took 0.114 seconds
[2023-11-25 17:50:29,763] {processor.py:153} INFO - Started process (PID=2618) to work on /home/airflow/.local/lib/python3.7/site-packages/airflow/example_dags/example_bash_operator.py
[2023-11-25 17:50:29,764] {processor.py:641} INFO - Processing file /home/airflow/.local/lib/python3.7/site-packages/airflow/example_dags/example_bash_operator.py for tasks to queue
[2023-11-25 17:50:29,764] {logging_mixin.py:115} INFO - [2023-11-25 17:50:29,764] {dagbag.py:508} INFO - Filling up the DagBag from /home/airflow/.local/lib/python3.7/site-packages/airflow/example_dags/example_bash_operator.py
[2023-11-25 17:50:29,795] {processor.py:651} INFO - DAG(s) dict_keys(['example_bash_operator']) retrieved from /home/airflow/.local/lib/python3.7/site-packages/airflow/example_dags/example_bash_operator.py
[2023-11-25 17:50:29,859] {logging_mixin.py:115} INFO - [2023-11-25 17:50:29,858] {dag.py:2420} INFO - Sync 1 DAGs
[2023-11-25 17:50:29,917] {logging_mixin.py:115} INFO - [2023-11-25 17:50:29,916] {dag.py:2972} INFO - Setting next_dagrun for example_bash_operator to 2023-11-24T00:00:00+00:00, run_after=2023-11-25T00:00:00+00:00
[2023-11-25 17:50:29,951] {processor.py:161} INFO - Processing /home/airflow/.local/lib/python3.7/site-packages/airflow/example_dags/example_bash_operator.py took 0.193 seconds
[2023-11-25 17:51:00,408] {processor.py:153} INFO - Started process (PID=2680) to work on /home/airflow/.local/lib/python3.7/site-packages/airflow/example_dags/example_bash_operator.py
[2023-11-25 17:51:00,409] {processor.py:641} INFO - Processing file /home/airflow/.local/lib/python3.7/site-packages/airflow/example_dags/example_bash_operator.py for tasks to queue
[2023-11-25 17:51:00,409] {logging_mixin.py:115} INFO - [2023-11-25 17:51:00,409] {dagbag.py:508} INFO - Filling up the DagBag from /home/airflow/.local/lib/python3.7/site-packages/airflow/example_dags/example_bash_operator.py
[2023-11-25 17:51:00,425] {processor.py:651} INFO - DAG(s) dict_keys(['example_bash_operator']) retrieved from /home/airflow/.local/lib/python3.7/site-packages/airflow/example_dags/example_bash_operator.py
[2023-11-25 17:51:00,482] {logging_mixin.py:115} INFO - [2023-11-25 17:51:00,482] {dag.py:2420} INFO - Sync 1 DAGs
[2023-11-25 17:51:00,533] {logging_mixin.py:115} INFO - [2023-11-25 17:51:00,533] {dag.py:2972} INFO - Setting next_dagrun for example_bash_operator to 2023-11-24T00:00:00+00:00, run_after=2023-11-25T00:00:00+00:00
[2023-11-25 17:51:00,551] {processor.py:161} INFO - Processing /home/airflow/.local/lib/python3.7/site-packages/airflow/example_dags/example_bash_operator.py took 0.148 seconds
[2023-11-25 17:51:31,070] {processor.py:153} INFO - Started process (PID=2742) to work on /home/airflow/.local/lib/python3.7/site-packages/airflow/example_dags/example_bash_operator.py
[2023-11-25 17:51:31,071] {processor.py:641} INFO - Processing file /home/airflow/.local/lib/python3.7/site-packages/airflow/example_dags/example_bash_operator.py for tasks to queue
[2023-11-25 17:51:31,072] {logging_mixin.py:115} INFO - [2023-11-25 17:51:31,071] {dagbag.py:508} INFO - Filling up the DagBag from /home/airflow/.local/lib/python3.7/site-packages/airflow/example_dags/example_bash_operator.py
[2023-11-25 17:51:31,099] {processor.py:651} INFO - DAG(s) dict_keys(['example_bash_operator']) retrieved from /home/airflow/.local/lib/python3.7/site-packages/airflow/example_dags/example_bash_operator.py
[2023-11-25 17:51:31,159] {logging_mixin.py:115} INFO - [2023-11-25 17:51:31,159] {dag.py:2420} INFO - Sync 1 DAGs
[2023-11-25 17:51:31,193] {logging_mixin.py:115} INFO - [2023-11-25 17:51:31,193] {dag.py:2972} INFO - Setting next_dagrun for example_bash_operator to 2023-11-24T00:00:00+00:00, run_after=2023-11-25T00:00:00+00:00
[2023-11-25 17:51:31,207] {processor.py:161} INFO - Processing /home/airflow/.local/lib/python3.7/site-packages/airflow/example_dags/example_bash_operator.py took 0.147 seconds
[2023-11-25 17:52:01,324] {processor.py:153} INFO - Started process (PID=2795) to work on /home/airflow/.local/lib/python3.7/site-packages/airflow/example_dags/example_bash_operator.py
[2023-11-25 17:52:01,325] {processor.py:641} INFO - Processing file /home/airflow/.local/lib/python3.7/site-packages/airflow/example_dags/example_bash_operator.py for tasks to queue
[2023-11-25 17:52:01,325] {logging_mixin.py:115} INFO - [2023-11-25 17:52:01,325] {dagbag.py:508} INFO - Filling up the DagBag from /home/airflow/.local/lib/python3.7/site-packages/airflow/example_dags/example_bash_operator.py
[2023-11-25 17:52:01,342] {processor.py:651} INFO - DAG(s) dict_keys(['example_bash_operator']) retrieved from /home/airflow/.local/lib/python3.7/site-packages/airflow/example_dags/example_bash_operator.py
[2023-11-25 17:52:01,383] {logging_mixin.py:115} INFO - [2023-11-25 17:52:01,383] {dag.py:2420} INFO - Sync 1 DAGs
[2023-11-25 17:52:01,417] {logging_mixin.py:115} INFO - [2023-11-25 17:52:01,417] {dag.py:2972} INFO - Setting next_dagrun for example_bash_operator to 2023-11-24T00:00:00+00:00, run_after=2023-11-25T00:00:00+00:00
[2023-11-25 17:52:01,433] {processor.py:161} INFO - Processing /home/airflow/.local/lib/python3.7/site-packages/airflow/example_dags/example_bash_operator.py took 0.115 seconds
[2023-11-25 17:52:31,936] {processor.py:153} INFO - Started process (PID=2857) to work on /home/airflow/.local/lib/python3.7/site-packages/airflow/example_dags/example_bash_operator.py
[2023-11-25 17:52:31,937] {processor.py:641} INFO - Processing file /home/airflow/.local/lib/python3.7/site-packages/airflow/example_dags/example_bash_operator.py for tasks to queue
[2023-11-25 17:52:31,938] {logging_mixin.py:115} INFO - [2023-11-25 17:52:31,938] {dagbag.py:508} INFO - Filling up the DagBag from /home/airflow/.local/lib/python3.7/site-packages/airflow/example_dags/example_bash_operator.py
[2023-11-25 17:52:31,972] {processor.py:651} INFO - DAG(s) dict_keys(['example_bash_operator']) retrieved from /home/airflow/.local/lib/python3.7/site-packages/airflow/example_dags/example_bash_operator.py
[2023-11-25 17:52:32,050] {logging_mixin.py:115} INFO - [2023-11-25 17:52:32,050] {dag.py:2420} INFO - Sync 1 DAGs
[2023-11-25 17:52:32,094] {logging_mixin.py:115} INFO - [2023-11-25 17:52:32,094] {dag.py:2972} INFO - Setting next_dagrun for example_bash_operator to 2023-11-24T00:00:00+00:00, run_after=2023-11-25T00:00:00+00:00
[2023-11-25 17:52:32,113] {processor.py:161} INFO - Processing /home/airflow/.local/lib/python3.7/site-packages/airflow/example_dags/example_bash_operator.py took 0.183 seconds
[2023-11-25 17:53:02,502] {processor.py:153} INFO - Started process (PID=2909) to work on /home/airflow/.local/lib/python3.7/site-packages/airflow/example_dags/example_bash_operator.py
[2023-11-25 17:53:02,503] {processor.py:641} INFO - Processing file /home/airflow/.local/lib/python3.7/site-packages/airflow/example_dags/example_bash_operator.py for tasks to queue
[2023-11-25 17:53:02,503] {logging_mixin.py:115} INFO - [2023-11-25 17:53:02,503] {dagbag.py:508} INFO - Filling up the DagBag from /home/airflow/.local/lib/python3.7/site-packages/airflow/example_dags/example_bash_operator.py
[2023-11-25 17:53:02,521] {processor.py:651} INFO - DAG(s) dict_keys(['example_bash_operator']) retrieved from /home/airflow/.local/lib/python3.7/site-packages/airflow/example_dags/example_bash_operator.py
[2023-11-25 17:53:02,567] {logging_mixin.py:115} INFO - [2023-11-25 17:53:02,567] {dag.py:2420} INFO - Sync 1 DAGs
[2023-11-25 17:53:02,610] {logging_mixin.py:115} INFO - [2023-11-25 17:53:02,601] {dag.py:2972} INFO - Setting next_dagrun for example_bash_operator to 2023-11-24T00:00:00+00:00, run_after=2023-11-25T00:00:00+00:00
[2023-11-25 17:53:02,635] {processor.py:161} INFO - Processing /home/airflow/.local/lib/python3.7/site-packages/airflow/example_dags/example_bash_operator.py took 0.139 seconds
[2023-11-25 17:53:33,293] {processor.py:153} INFO - Started process (PID=2972) to work on /home/airflow/.local/lib/python3.7/site-packages/airflow/example_dags/example_bash_operator.py
[2023-11-25 17:53:33,298] {processor.py:641} INFO - Processing file /home/airflow/.local/lib/python3.7/site-packages/airflow/example_dags/example_bash_operator.py for tasks to queue
[2023-11-25 17:53:33,299] {logging_mixin.py:115} INFO - [2023-11-25 17:53:33,299] {dagbag.py:508} INFO - Filling up the DagBag from /home/airflow/.local/lib/python3.7/site-packages/airflow/example_dags/example_bash_operator.py
[2023-11-25 17:53:33,318] {processor.py:651} INFO - DAG(s) dict_keys(['example_bash_operator']) retrieved from /home/airflow/.local/lib/python3.7/site-packages/airflow/example_dags/example_bash_operator.py
[2023-11-25 17:53:33,376] {logging_mixin.py:115} INFO - [2023-11-25 17:53:33,376] {dag.py:2420} INFO - Sync 1 DAGs
[2023-11-25 17:53:33,419] {logging_mixin.py:115} INFO - [2023-11-25 17:53:33,419] {dag.py:2972} INFO - Setting next_dagrun for example_bash_operator to 2023-11-24T00:00:00+00:00, run_after=2023-11-25T00:00:00+00:00
[2023-11-25 17:53:33,456] {processor.py:161} INFO - Processing /home/airflow/.local/lib/python3.7/site-packages/airflow/example_dags/example_bash_operator.py took 0.169 seconds
[2023-11-25 17:54:03,737] {processor.py:153} INFO - Started process (PID=3035) to work on /home/airflow/.local/lib/python3.7/site-packages/airflow/example_dags/example_bash_operator.py
[2023-11-25 17:54:03,738] {processor.py:641} INFO - Processing file /home/airflow/.local/lib/python3.7/site-packages/airflow/example_dags/example_bash_operator.py for tasks to queue
[2023-11-25 17:54:03,739] {logging_mixin.py:115} INFO - [2023-11-25 17:54:03,739] {dagbag.py:508} INFO - Filling up the DagBag from /home/airflow/.local/lib/python3.7/site-packages/airflow/example_dags/example_bash_operator.py
[2023-11-25 17:54:03,757] {processor.py:651} INFO - DAG(s) dict_keys(['example_bash_operator']) retrieved from /home/airflow/.local/lib/python3.7/site-packages/airflow/example_dags/example_bash_operator.py
[2023-11-25 17:54:03,838] {logging_mixin.py:115} INFO - [2023-11-25 17:54:03,838] {dag.py:2420} INFO - Sync 1 DAGs
[2023-11-25 17:54:03,900] {logging_mixin.py:115} INFO - [2023-11-25 17:54:03,900] {dag.py:2972} INFO - Setting next_dagrun for example_bash_operator to 2023-11-24T00:00:00+00:00, run_after=2023-11-25T00:00:00+00:00
[2023-11-25 17:54:03,916] {processor.py:161} INFO - Processing /home/airflow/.local/lib/python3.7/site-packages/airflow/example_dags/example_bash_operator.py took 0.184 seconds
