[2023-11-25 17:28:34,452] {processor.py:153} INFO - Started process (PID=97) to work on /home/airflow/.local/lib/python3.7/site-packages/airflow/example_dags/example_external_task_marker_dag.py
[2023-11-25 17:28:34,453] {processor.py:641} INFO - Processing file /home/airflow/.local/lib/python3.7/site-packages/airflow/example_dags/example_external_task_marker_dag.py for tasks to queue
[2023-11-25 17:28:34,454] {logging_mixin.py:115} INFO - [2023-11-25 17:28:34,454] {dagbag.py:508} INFO - Filling up the DagBag from /home/airflow/.local/lib/python3.7/site-packages/airflow/example_dags/example_external_task_marker_dag.py
[2023-11-25 17:28:34,475] {processor.py:651} INFO - DAG(s) dict_keys(['example_external_task_marker_parent', 'example_external_task_marker_child']) retrieved from /home/airflow/.local/lib/python3.7/site-packages/airflow/example_dags/example_external_task_marker_dag.py
[2023-11-25 17:28:34,951] {logging_mixin.py:115} INFO - [2023-11-25 17:28:34,951] {manager.py:508} INFO - Created Permission View: can delete on DAG:example_external_task_marker_parent
[2023-11-25 17:28:35,011] {logging_mixin.py:115} INFO - [2023-11-25 17:28:35,011] {manager.py:508} INFO - Created Permission View: can edit on DAG:example_external_task_marker_parent
[2023-11-25 17:28:35,054] {logging_mixin.py:115} INFO - [2023-11-25 17:28:35,054] {manager.py:508} INFO - Created Permission View: can read on DAG:example_external_task_marker_parent
[2023-11-25 17:28:35,275] {logging_mixin.py:115} INFO - [2023-11-25 17:28:35,275] {manager.py:508} INFO - Created Permission View: can delete on DAG:example_external_task_marker_child
[2023-11-25 17:28:35,313] {logging_mixin.py:115} INFO - [2023-11-25 17:28:35,313] {manager.py:508} INFO - Created Permission View: can edit on DAG:example_external_task_marker_child
[2023-11-25 17:28:35,353] {logging_mixin.py:115} INFO - [2023-11-25 17:28:35,353] {manager.py:508} INFO - Created Permission View: can read on DAG:example_external_task_marker_child
[2023-11-25 17:28:35,353] {logging_mixin.py:115} INFO - [2023-11-25 17:28:35,353] {dag.py:2420} INFO - Sync 2 DAGs
[2023-11-25 17:28:35,411] {logging_mixin.py:115} INFO - [2023-11-25 17:28:35,411] {dag.py:2439} INFO - Creating ORM DAG for example_external_task_marker_parent
[2023-11-25 17:28:35,411] {logging_mixin.py:115} INFO - [2023-11-25 17:28:35,411] {dag.py:2439} INFO - Creating ORM DAG for example_external_task_marker_child
[2023-11-25 17:28:35,470] {logging_mixin.py:115} INFO - [2023-11-25 17:28:35,470] {dag.py:2972} INFO - Setting next_dagrun for example_external_task_marker_child to None, run_after=None
[2023-11-25 17:28:35,471] {logging_mixin.py:115} INFO - [2023-11-25 17:28:35,471] {dag.py:2972} INFO - Setting next_dagrun for example_external_task_marker_parent to None, run_after=None
[2023-11-25 17:28:35,533] {processor.py:161} INFO - Processing /home/airflow/.local/lib/python3.7/site-packages/airflow/example_dags/example_external_task_marker_dag.py took 1.095 seconds
[2023-11-25 17:29:06,478] {processor.py:153} INFO - Started process (PID=150) to work on /home/airflow/.local/lib/python3.7/site-packages/airflow/example_dags/example_external_task_marker_dag.py
[2023-11-25 17:29:06,552] {processor.py:641} INFO - Processing file /home/airflow/.local/lib/python3.7/site-packages/airflow/example_dags/example_external_task_marker_dag.py for tasks to queue
[2023-11-25 17:29:06,553] {logging_mixin.py:115} INFO - [2023-11-25 17:29:06,553] {dagbag.py:508} INFO - Filling up the DagBag from /home/airflow/.local/lib/python3.7/site-packages/airflow/example_dags/example_external_task_marker_dag.py
[2023-11-25 17:29:06,561] {processor.py:651} INFO - DAG(s) dict_keys(['example_external_task_marker_parent', 'example_external_task_marker_child']) retrieved from /home/airflow/.local/lib/python3.7/site-packages/airflow/example_dags/example_external_task_marker_dag.py
[2023-11-25 17:29:06,670] {logging_mixin.py:115} INFO - [2023-11-25 17:29:06,670] {dag.py:2420} INFO - Sync 2 DAGs
[2023-11-25 17:29:06,719] {logging_mixin.py:115} INFO - [2023-11-25 17:29:06,719] {dag.py:2972} INFO - Setting next_dagrun for example_external_task_marker_child to None, run_after=None
[2023-11-25 17:29:06,719] {logging_mixin.py:115} INFO - [2023-11-25 17:29:06,719] {dag.py:2972} INFO - Setting next_dagrun for example_external_task_marker_parent to None, run_after=None
[2023-11-25 17:29:08,235] {processor.py:161} INFO - Processing /home/airflow/.local/lib/python3.7/site-packages/airflow/example_dags/example_external_task_marker_dag.py took 1.762 seconds
[2023-11-25 17:29:38,985] {processor.py:153} INFO - Started process (PID=211) to work on /home/airflow/.local/lib/python3.7/site-packages/airflow/example_dags/example_external_task_marker_dag.py
[2023-11-25 17:29:38,990] {processor.py:641} INFO - Processing file /home/airflow/.local/lib/python3.7/site-packages/airflow/example_dags/example_external_task_marker_dag.py for tasks to queue
[2023-11-25 17:29:38,991] {logging_mixin.py:115} INFO - [2023-11-25 17:29:38,991] {dagbag.py:508} INFO - Filling up the DagBag from /home/airflow/.local/lib/python3.7/site-packages/airflow/example_dags/example_external_task_marker_dag.py
[2023-11-25 17:29:38,998] {processor.py:651} INFO - DAG(s) dict_keys(['example_external_task_marker_parent', 'example_external_task_marker_child']) retrieved from /home/airflow/.local/lib/python3.7/site-packages/airflow/example_dags/example_external_task_marker_dag.py
[2023-11-25 17:29:39,150] {logging_mixin.py:115} INFO - [2023-11-25 17:29:39,150] {dag.py:2420} INFO - Sync 2 DAGs
[2023-11-25 17:29:39,215] {logging_mixin.py:115} INFO - [2023-11-25 17:29:39,215] {dag.py:2972} INFO - Setting next_dagrun for example_external_task_marker_child to None, run_after=None
[2023-11-25 17:29:39,216] {logging_mixin.py:115} INFO - [2023-11-25 17:29:39,216] {dag.py:2972} INFO - Setting next_dagrun for example_external_task_marker_parent to None, run_after=None
[2023-11-25 17:29:39,254] {processor.py:161} INFO - Processing /home/airflow/.local/lib/python3.7/site-packages/airflow/example_dags/example_external_task_marker_dag.py took 0.274 seconds
[2023-11-25 17:30:09,408] {processor.py:153} INFO - Started process (PID=263) to work on /home/airflow/.local/lib/python3.7/site-packages/airflow/example_dags/example_external_task_marker_dag.py
[2023-11-25 17:30:09,409] {processor.py:641} INFO - Processing file /home/airflow/.local/lib/python3.7/site-packages/airflow/example_dags/example_external_task_marker_dag.py for tasks to queue
[2023-11-25 17:30:09,409] {logging_mixin.py:115} INFO - [2023-11-25 17:30:09,409] {dagbag.py:508} INFO - Filling up the DagBag from /home/airflow/.local/lib/python3.7/site-packages/airflow/example_dags/example_external_task_marker_dag.py
[2023-11-25 17:30:09,416] {processor.py:651} INFO - DAG(s) dict_keys(['example_external_task_marker_parent', 'example_external_task_marker_child']) retrieved from /home/airflow/.local/lib/python3.7/site-packages/airflow/example_dags/example_external_task_marker_dag.py
[2023-11-25 17:30:09,473] {logging_mixin.py:115} INFO - [2023-11-25 17:30:09,473] {dag.py:2420} INFO - Sync 2 DAGs
[2023-11-25 17:30:09,503] {logging_mixin.py:115} INFO - [2023-11-25 17:30:09,503] {dag.py:2972} INFO - Setting next_dagrun for example_external_task_marker_child to None, run_after=None
[2023-11-25 17:30:09,503] {logging_mixin.py:115} INFO - [2023-11-25 17:30:09,503] {dag.py:2972} INFO - Setting next_dagrun for example_external_task_marker_parent to None, run_after=None
[2023-11-25 17:30:09,517] {processor.py:161} INFO - Processing /home/airflow/.local/lib/python3.7/site-packages/airflow/example_dags/example_external_task_marker_dag.py took 0.114 seconds
[2023-11-25 17:30:39,664] {processor.py:153} INFO - Started process (PID=324) to work on /home/airflow/.local/lib/python3.7/site-packages/airflow/example_dags/example_external_task_marker_dag.py
[2023-11-25 17:30:39,665] {processor.py:641} INFO - Processing file /home/airflow/.local/lib/python3.7/site-packages/airflow/example_dags/example_external_task_marker_dag.py for tasks to queue
[2023-11-25 17:30:39,666] {logging_mixin.py:115} INFO - [2023-11-25 17:30:39,666] {dagbag.py:508} INFO - Filling up the DagBag from /home/airflow/.local/lib/python3.7/site-packages/airflow/example_dags/example_external_task_marker_dag.py
[2023-11-25 17:30:39,672] {processor.py:651} INFO - DAG(s) dict_keys(['example_external_task_marker_parent', 'example_external_task_marker_child']) retrieved from /home/airflow/.local/lib/python3.7/site-packages/airflow/example_dags/example_external_task_marker_dag.py
[2023-11-25 17:30:39,739] {logging_mixin.py:115} INFO - [2023-11-25 17:30:39,739] {dag.py:2420} INFO - Sync 2 DAGs
[2023-11-25 17:30:39,773] {logging_mixin.py:115} INFO - [2023-11-25 17:30:39,772] {dag.py:2972} INFO - Setting next_dagrun for example_external_task_marker_child to None, run_after=None
[2023-11-25 17:30:39,773] {logging_mixin.py:115} INFO - [2023-11-25 17:30:39,773] {dag.py:2972} INFO - Setting next_dagrun for example_external_task_marker_parent to None, run_after=None
[2023-11-25 17:30:39,794] {processor.py:161} INFO - Processing /home/airflow/.local/lib/python3.7/site-packages/airflow/example_dags/example_external_task_marker_dag.py took 0.135 seconds
[2023-11-25 17:31:10,404] {processor.py:153} INFO - Started process (PID=376) to work on /home/airflow/.local/lib/python3.7/site-packages/airflow/example_dags/example_external_task_marker_dag.py
[2023-11-25 17:31:10,405] {processor.py:641} INFO - Processing file /home/airflow/.local/lib/python3.7/site-packages/airflow/example_dags/example_external_task_marker_dag.py for tasks to queue
[2023-11-25 17:31:10,406] {logging_mixin.py:115} INFO - [2023-11-25 17:31:10,405] {dagbag.py:508} INFO - Filling up the DagBag from /home/airflow/.local/lib/python3.7/site-packages/airflow/example_dags/example_external_task_marker_dag.py
[2023-11-25 17:31:10,412] {processor.py:651} INFO - DAG(s) dict_keys(['example_external_task_marker_parent', 'example_external_task_marker_child']) retrieved from /home/airflow/.local/lib/python3.7/site-packages/airflow/example_dags/example_external_task_marker_dag.py
[2023-11-25 17:31:10,500] {logging_mixin.py:115} INFO - [2023-11-25 17:31:10,500] {dag.py:2420} INFO - Sync 2 DAGs
[2023-11-25 17:31:10,561] {logging_mixin.py:115} INFO - [2023-11-25 17:31:10,561] {dag.py:2972} INFO - Setting next_dagrun for example_external_task_marker_child to None, run_after=None
[2023-11-25 17:31:10,562] {logging_mixin.py:115} INFO - [2023-11-25 17:31:10,562] {dag.py:2972} INFO - Setting next_dagrun for example_external_task_marker_parent to None, run_after=None
[2023-11-25 17:31:10,590] {processor.py:161} INFO - Processing /home/airflow/.local/lib/python3.7/site-packages/airflow/example_dags/example_external_task_marker_dag.py took 0.192 seconds
[2023-11-25 17:31:40,995] {processor.py:153} INFO - Started process (PID=437) to work on /home/airflow/.local/lib/python3.7/site-packages/airflow/example_dags/example_external_task_marker_dag.py
[2023-11-25 17:31:40,996] {processor.py:641} INFO - Processing file /home/airflow/.local/lib/python3.7/site-packages/airflow/example_dags/example_external_task_marker_dag.py for tasks to queue
[2023-11-25 17:31:40,997] {logging_mixin.py:115} INFO - [2023-11-25 17:31:40,997] {dagbag.py:508} INFO - Filling up the DagBag from /home/airflow/.local/lib/python3.7/site-packages/airflow/example_dags/example_external_task_marker_dag.py
[2023-11-25 17:31:41,003] {processor.py:651} INFO - DAG(s) dict_keys(['example_external_task_marker_parent', 'example_external_task_marker_child']) retrieved from /home/airflow/.local/lib/python3.7/site-packages/airflow/example_dags/example_external_task_marker_dag.py
[2023-11-25 17:31:41,071] {logging_mixin.py:115} INFO - [2023-11-25 17:31:41,071] {dag.py:2420} INFO - Sync 2 DAGs
[2023-11-25 17:31:41,132] {logging_mixin.py:115} INFO - [2023-11-25 17:31:41,132] {dag.py:2972} INFO - Setting next_dagrun for example_external_task_marker_child to None, run_after=None
[2023-11-25 17:31:41,133] {logging_mixin.py:115} INFO - [2023-11-25 17:31:41,133] {dag.py:2972} INFO - Setting next_dagrun for example_external_task_marker_parent to None, run_after=None
[2023-11-25 17:31:41,181] {processor.py:161} INFO - Processing /home/airflow/.local/lib/python3.7/site-packages/airflow/example_dags/example_external_task_marker_dag.py took 0.191 seconds
[2023-11-25 17:32:11,739] {processor.py:153} INFO - Started process (PID=498) to work on /home/airflow/.local/lib/python3.7/site-packages/airflow/example_dags/example_external_task_marker_dag.py
[2023-11-25 17:32:11,750] {processor.py:641} INFO - Processing file /home/airflow/.local/lib/python3.7/site-packages/airflow/example_dags/example_external_task_marker_dag.py for tasks to queue
[2023-11-25 17:32:11,751] {logging_mixin.py:115} INFO - [2023-11-25 17:32:11,751] {dagbag.py:508} INFO - Filling up the DagBag from /home/airflow/.local/lib/python3.7/site-packages/airflow/example_dags/example_external_task_marker_dag.py
[2023-11-25 17:32:11,759] {processor.py:651} INFO - DAG(s) dict_keys(['example_external_task_marker_parent', 'example_external_task_marker_child']) retrieved from /home/airflow/.local/lib/python3.7/site-packages/airflow/example_dags/example_external_task_marker_dag.py
[2023-11-25 17:32:11,854] {logging_mixin.py:115} INFO - [2023-11-25 17:32:11,854] {dag.py:2420} INFO - Sync 2 DAGs
[2023-11-25 17:32:11,884] {logging_mixin.py:115} INFO - [2023-11-25 17:32:11,884] {dag.py:2972} INFO - Setting next_dagrun for example_external_task_marker_child to None, run_after=None
[2023-11-25 17:32:11,885] {logging_mixin.py:115} INFO - [2023-11-25 17:32:11,884] {dag.py:2972} INFO - Setting next_dagrun for example_external_task_marker_parent to None, run_after=None
[2023-11-25 17:32:11,898] {processor.py:161} INFO - Processing /home/airflow/.local/lib/python3.7/site-packages/airflow/example_dags/example_external_task_marker_dag.py took 0.165 seconds
[2023-11-25 17:32:42,311] {processor.py:153} INFO - Started process (PID=550) to work on /home/airflow/.local/lib/python3.7/site-packages/airflow/example_dags/example_external_task_marker_dag.py
[2023-11-25 17:32:42,312] {processor.py:641} INFO - Processing file /home/airflow/.local/lib/python3.7/site-packages/airflow/example_dags/example_external_task_marker_dag.py for tasks to queue
[2023-11-25 17:32:42,312] {logging_mixin.py:115} INFO - [2023-11-25 17:32:42,312] {dagbag.py:508} INFO - Filling up the DagBag from /home/airflow/.local/lib/python3.7/site-packages/airflow/example_dags/example_external_task_marker_dag.py
[2023-11-25 17:32:42,319] {processor.py:651} INFO - DAG(s) dict_keys(['example_external_task_marker_parent', 'example_external_task_marker_child']) retrieved from /home/airflow/.local/lib/python3.7/site-packages/airflow/example_dags/example_external_task_marker_dag.py
[2023-11-25 17:32:42,399] {logging_mixin.py:115} INFO - [2023-11-25 17:32:42,399] {dag.py:2420} INFO - Sync 2 DAGs
[2023-11-25 17:32:42,432] {logging_mixin.py:115} INFO - [2023-11-25 17:32:42,432] {dag.py:2972} INFO - Setting next_dagrun for example_external_task_marker_child to None, run_after=None
[2023-11-25 17:32:42,433] {logging_mixin.py:115} INFO - [2023-11-25 17:32:42,433] {dag.py:2972} INFO - Setting next_dagrun for example_external_task_marker_parent to None, run_after=None
[2023-11-25 17:32:42,450] {processor.py:161} INFO - Processing /home/airflow/.local/lib/python3.7/site-packages/airflow/example_dags/example_external_task_marker_dag.py took 0.145 seconds
[2023-11-25 17:33:12,770] {processor.py:153} INFO - Started process (PID=611) to work on /home/airflow/.local/lib/python3.7/site-packages/airflow/example_dags/example_external_task_marker_dag.py
[2023-11-25 17:33:12,771] {processor.py:641} INFO - Processing file /home/airflow/.local/lib/python3.7/site-packages/airflow/example_dags/example_external_task_marker_dag.py for tasks to queue
[2023-11-25 17:33:12,771] {logging_mixin.py:115} INFO - [2023-11-25 17:33:12,771] {dagbag.py:508} INFO - Filling up the DagBag from /home/airflow/.local/lib/python3.7/site-packages/airflow/example_dags/example_external_task_marker_dag.py
[2023-11-25 17:33:12,778] {processor.py:651} INFO - DAG(s) dict_keys(['example_external_task_marker_parent', 'example_external_task_marker_child']) retrieved from /home/airflow/.local/lib/python3.7/site-packages/airflow/example_dags/example_external_task_marker_dag.py
[2023-11-25 17:33:12,838] {logging_mixin.py:115} INFO - [2023-11-25 17:33:12,838] {dag.py:2420} INFO - Sync 2 DAGs
[2023-11-25 17:33:12,865] {logging_mixin.py:115} INFO - [2023-11-25 17:33:12,865] {dag.py:2972} INFO - Setting next_dagrun for example_external_task_marker_child to None, run_after=None
[2023-11-25 17:33:12,866] {logging_mixin.py:115} INFO - [2023-11-25 17:33:12,866] {dag.py:2972} INFO - Setting next_dagrun for example_external_task_marker_parent to None, run_after=None
[2023-11-25 17:33:12,879] {processor.py:161} INFO - Processing /home/airflow/.local/lib/python3.7/site-packages/airflow/example_dags/example_external_task_marker_dag.py took 0.114 seconds
[2023-11-25 17:33:43,262] {processor.py:153} INFO - Started process (PID=672) to work on /home/airflow/.local/lib/python3.7/site-packages/airflow/example_dags/example_external_task_marker_dag.py
[2023-11-25 17:33:43,263] {processor.py:641} INFO - Processing file /home/airflow/.local/lib/python3.7/site-packages/airflow/example_dags/example_external_task_marker_dag.py for tasks to queue
[2023-11-25 17:33:43,263] {logging_mixin.py:115} INFO - [2023-11-25 17:33:43,263] {dagbag.py:508} INFO - Filling up the DagBag from /home/airflow/.local/lib/python3.7/site-packages/airflow/example_dags/example_external_task_marker_dag.py
[2023-11-25 17:33:43,270] {processor.py:651} INFO - DAG(s) dict_keys(['example_external_task_marker_parent', 'example_external_task_marker_child']) retrieved from /home/airflow/.local/lib/python3.7/site-packages/airflow/example_dags/example_external_task_marker_dag.py
[2023-11-25 17:33:43,340] {logging_mixin.py:115} INFO - [2023-11-25 17:33:43,340] {dag.py:2420} INFO - Sync 2 DAGs
[2023-11-25 17:33:43,368] {logging_mixin.py:115} INFO - [2023-11-25 17:33:43,368] {dag.py:2972} INFO - Setting next_dagrun for example_external_task_marker_child to None, run_after=None
[2023-11-25 17:33:43,368] {logging_mixin.py:115} INFO - [2023-11-25 17:33:43,368] {dag.py:2972} INFO - Setting next_dagrun for example_external_task_marker_parent to None, run_after=None
[2023-11-25 17:33:43,381] {processor.py:161} INFO - Processing /home/airflow/.local/lib/python3.7/site-packages/airflow/example_dags/example_external_task_marker_dag.py took 0.126 seconds
[2023-11-25 17:34:13,855] {processor.py:153} INFO - Started process (PID=724) to work on /home/airflow/.local/lib/python3.7/site-packages/airflow/example_dags/example_external_task_marker_dag.py
[2023-11-25 17:34:13,856] {processor.py:641} INFO - Processing file /home/airflow/.local/lib/python3.7/site-packages/airflow/example_dags/example_external_task_marker_dag.py for tasks to queue
[2023-11-25 17:34:13,857] {logging_mixin.py:115} INFO - [2023-11-25 17:34:13,857] {dagbag.py:508} INFO - Filling up the DagBag from /home/airflow/.local/lib/python3.7/site-packages/airflow/example_dags/example_external_task_marker_dag.py
[2023-11-25 17:34:13,863] {processor.py:651} INFO - DAG(s) dict_keys(['example_external_task_marker_parent', 'example_external_task_marker_child']) retrieved from /home/airflow/.local/lib/python3.7/site-packages/airflow/example_dags/example_external_task_marker_dag.py
[2023-11-25 17:34:13,935] {logging_mixin.py:115} INFO - [2023-11-25 17:34:13,935] {dag.py:2420} INFO - Sync 2 DAGs
[2023-11-25 17:34:13,964] {logging_mixin.py:115} INFO - [2023-11-25 17:34:13,964] {dag.py:2972} INFO - Setting next_dagrun for example_external_task_marker_child to None, run_after=None
[2023-11-25 17:34:13,964] {logging_mixin.py:115} INFO - [2023-11-25 17:34:13,964] {dag.py:2972} INFO - Setting next_dagrun for example_external_task_marker_parent to None, run_after=None
[2023-11-25 17:34:13,977] {processor.py:161} INFO - Processing /home/airflow/.local/lib/python3.7/site-packages/airflow/example_dags/example_external_task_marker_dag.py took 0.127 seconds
[2023-11-25 17:34:44,483] {processor.py:153} INFO - Started process (PID=785) to work on /home/airflow/.local/lib/python3.7/site-packages/airflow/example_dags/example_external_task_marker_dag.py
[2023-11-25 17:34:44,484] {processor.py:641} INFO - Processing file /home/airflow/.local/lib/python3.7/site-packages/airflow/example_dags/example_external_task_marker_dag.py for tasks to queue
[2023-11-25 17:34:44,485] {logging_mixin.py:115} INFO - [2023-11-25 17:34:44,484] {dagbag.py:508} INFO - Filling up the DagBag from /home/airflow/.local/lib/python3.7/site-packages/airflow/example_dags/example_external_task_marker_dag.py
[2023-11-25 17:34:44,490] {processor.py:651} INFO - DAG(s) dict_keys(['example_external_task_marker_parent', 'example_external_task_marker_child']) retrieved from /home/airflow/.local/lib/python3.7/site-packages/airflow/example_dags/example_external_task_marker_dag.py
[2023-11-25 17:34:44,547] {logging_mixin.py:115} INFO - [2023-11-25 17:34:44,547] {dag.py:2420} INFO - Sync 2 DAGs
[2023-11-25 17:34:44,574] {logging_mixin.py:115} INFO - [2023-11-25 17:34:44,574] {dag.py:2972} INFO - Setting next_dagrun for example_external_task_marker_child to None, run_after=None
[2023-11-25 17:34:44,574] {logging_mixin.py:115} INFO - [2023-11-25 17:34:44,574] {dag.py:2972} INFO - Setting next_dagrun for example_external_task_marker_parent to None, run_after=None
[2023-11-25 17:34:44,587] {processor.py:161} INFO - Processing /home/airflow/.local/lib/python3.7/site-packages/airflow/example_dags/example_external_task_marker_dag.py took 0.109 seconds
[2023-11-25 17:35:14,772] {processor.py:153} INFO - Started process (PID=837) to work on /home/airflow/.local/lib/python3.7/site-packages/airflow/example_dags/example_external_task_marker_dag.py
[2023-11-25 17:35:14,773] {processor.py:641} INFO - Processing file /home/airflow/.local/lib/python3.7/site-packages/airflow/example_dags/example_external_task_marker_dag.py for tasks to queue
[2023-11-25 17:35:14,774] {logging_mixin.py:115} INFO - [2023-11-25 17:35:14,774] {dagbag.py:508} INFO - Filling up the DagBag from /home/airflow/.local/lib/python3.7/site-packages/airflow/example_dags/example_external_task_marker_dag.py
[2023-11-25 17:35:14,780] {processor.py:651} INFO - DAG(s) dict_keys(['example_external_task_marker_parent', 'example_external_task_marker_child']) retrieved from /home/airflow/.local/lib/python3.7/site-packages/airflow/example_dags/example_external_task_marker_dag.py
[2023-11-25 17:35:14,841] {logging_mixin.py:115} INFO - [2023-11-25 17:35:14,841] {dag.py:2420} INFO - Sync 2 DAGs
[2023-11-25 17:35:14,870] {logging_mixin.py:115} INFO - [2023-11-25 17:35:14,870] {dag.py:2972} INFO - Setting next_dagrun for example_external_task_marker_child to None, run_after=None
[2023-11-25 17:35:14,871] {logging_mixin.py:115} INFO - [2023-11-25 17:35:14,871] {dag.py:2972} INFO - Setting next_dagrun for example_external_task_marker_parent to None, run_after=None
[2023-11-25 17:35:14,893] {processor.py:161} INFO - Processing /home/airflow/.local/lib/python3.7/site-packages/airflow/example_dags/example_external_task_marker_dag.py took 0.127 seconds
[2023-11-25 17:35:45,519] {processor.py:153} INFO - Started process (PID=899) to work on /home/airflow/.local/lib/python3.7/site-packages/airflow/example_dags/example_external_task_marker_dag.py
[2023-11-25 17:35:45,520] {processor.py:641} INFO - Processing file /home/airflow/.local/lib/python3.7/site-packages/airflow/example_dags/example_external_task_marker_dag.py for tasks to queue
[2023-11-25 17:35:45,521] {logging_mixin.py:115} INFO - [2023-11-25 17:35:45,521] {dagbag.py:508} INFO - Filling up the DagBag from /home/airflow/.local/lib/python3.7/site-packages/airflow/example_dags/example_external_task_marker_dag.py
[2023-11-25 17:35:45,527] {processor.py:651} INFO - DAG(s) dict_keys(['example_external_task_marker_parent', 'example_external_task_marker_child']) retrieved from /home/airflow/.local/lib/python3.7/site-packages/airflow/example_dags/example_external_task_marker_dag.py
[2023-11-25 17:35:45,591] {logging_mixin.py:115} INFO - [2023-11-25 17:35:45,591] {dag.py:2420} INFO - Sync 2 DAGs
[2023-11-25 17:35:45,619] {logging_mixin.py:115} INFO - [2023-11-25 17:35:45,619] {dag.py:2972} INFO - Setting next_dagrun for example_external_task_marker_child to None, run_after=None
[2023-11-25 17:35:45,619] {logging_mixin.py:115} INFO - [2023-11-25 17:35:45,619] {dag.py:2972} INFO - Setting next_dagrun for example_external_task_marker_parent to None, run_after=None
[2023-11-25 17:35:45,633] {processor.py:161} INFO - Processing /home/airflow/.local/lib/python3.7/site-packages/airflow/example_dags/example_external_task_marker_dag.py took 0.119 seconds
[2023-11-25 17:36:16,111] {processor.py:153} INFO - Started process (PID=960) to work on /home/airflow/.local/lib/python3.7/site-packages/airflow/example_dags/example_external_task_marker_dag.py
[2023-11-25 17:36:16,112] {processor.py:641} INFO - Processing file /home/airflow/.local/lib/python3.7/site-packages/airflow/example_dags/example_external_task_marker_dag.py for tasks to queue
[2023-11-25 17:36:16,113] {logging_mixin.py:115} INFO - [2023-11-25 17:36:16,113] {dagbag.py:508} INFO - Filling up the DagBag from /home/airflow/.local/lib/python3.7/site-packages/airflow/example_dags/example_external_task_marker_dag.py
[2023-11-25 17:36:16,119] {processor.py:651} INFO - DAG(s) dict_keys(['example_external_task_marker_parent', 'example_external_task_marker_child']) retrieved from /home/airflow/.local/lib/python3.7/site-packages/airflow/example_dags/example_external_task_marker_dag.py
[2023-11-25 17:36:16,211] {logging_mixin.py:115} INFO - [2023-11-25 17:36:16,210] {dag.py:2420} INFO - Sync 2 DAGs
[2023-11-25 17:36:16,255] {logging_mixin.py:115} INFO - [2023-11-25 17:36:16,254] {dag.py:2972} INFO - Setting next_dagrun for example_external_task_marker_child to None, run_after=None
[2023-11-25 17:36:16,255] {logging_mixin.py:115} INFO - [2023-11-25 17:36:16,255] {dag.py:2972} INFO - Setting next_dagrun for example_external_task_marker_parent to None, run_after=None
[2023-11-25 17:36:16,274] {processor.py:161} INFO - Processing /home/airflow/.local/lib/python3.7/site-packages/airflow/example_dags/example_external_task_marker_dag.py took 0.176 seconds
[2023-11-25 17:36:46,606] {processor.py:153} INFO - Started process (PID=1012) to work on /home/airflow/.local/lib/python3.7/site-packages/airflow/example_dags/example_external_task_marker_dag.py
[2023-11-25 17:36:46,607] {processor.py:641} INFO - Processing file /home/airflow/.local/lib/python3.7/site-packages/airflow/example_dags/example_external_task_marker_dag.py for tasks to queue
[2023-11-25 17:36:46,607] {logging_mixin.py:115} INFO - [2023-11-25 17:36:46,607] {dagbag.py:508} INFO - Filling up the DagBag from /home/airflow/.local/lib/python3.7/site-packages/airflow/example_dags/example_external_task_marker_dag.py
[2023-11-25 17:36:46,613] {processor.py:651} INFO - DAG(s) dict_keys(['example_external_task_marker_parent', 'example_external_task_marker_child']) retrieved from /home/airflow/.local/lib/python3.7/site-packages/airflow/example_dags/example_external_task_marker_dag.py
[2023-11-25 17:36:46,675] {logging_mixin.py:115} INFO - [2023-11-25 17:36:46,675] {dag.py:2420} INFO - Sync 2 DAGs
[2023-11-25 17:36:46,703] {logging_mixin.py:115} INFO - [2023-11-25 17:36:46,703] {dag.py:2972} INFO - Setting next_dagrun for example_external_task_marker_child to None, run_after=None
[2023-11-25 17:36:46,703] {logging_mixin.py:115} INFO - [2023-11-25 17:36:46,703] {dag.py:2972} INFO - Setting next_dagrun for example_external_task_marker_parent to None, run_after=None
[2023-11-25 17:36:46,717] {processor.py:161} INFO - Processing /home/airflow/.local/lib/python3.7/site-packages/airflow/example_dags/example_external_task_marker_dag.py took 0.117 seconds
[2023-11-25 17:37:17,054] {processor.py:153} INFO - Started process (PID=1073) to work on /home/airflow/.local/lib/python3.7/site-packages/airflow/example_dags/example_external_task_marker_dag.py
[2023-11-25 17:37:17,055] {processor.py:641} INFO - Processing file /home/airflow/.local/lib/python3.7/site-packages/airflow/example_dags/example_external_task_marker_dag.py for tasks to queue
[2023-11-25 17:37:17,056] {logging_mixin.py:115} INFO - [2023-11-25 17:37:17,056] {dagbag.py:508} INFO - Filling up the DagBag from /home/airflow/.local/lib/python3.7/site-packages/airflow/example_dags/example_external_task_marker_dag.py
[2023-11-25 17:37:17,061] {processor.py:651} INFO - DAG(s) dict_keys(['example_external_task_marker_parent', 'example_external_task_marker_child']) retrieved from /home/airflow/.local/lib/python3.7/site-packages/airflow/example_dags/example_external_task_marker_dag.py
[2023-11-25 17:37:17,128] {logging_mixin.py:115} INFO - [2023-11-25 17:37:17,128] {dag.py:2420} INFO - Sync 2 DAGs
[2023-11-25 17:37:17,157] {logging_mixin.py:115} INFO - [2023-11-25 17:37:17,157] {dag.py:2972} INFO - Setting next_dagrun for example_external_task_marker_child to None, run_after=None
[2023-11-25 17:37:17,157] {logging_mixin.py:115} INFO - [2023-11-25 17:37:17,157] {dag.py:2972} INFO - Setting next_dagrun for example_external_task_marker_parent to None, run_after=None
[2023-11-25 17:37:17,171] {processor.py:161} INFO - Processing /home/airflow/.local/lib/python3.7/site-packages/airflow/example_dags/example_external_task_marker_dag.py took 0.122 seconds
[2023-11-25 17:37:47,700] {processor.py:153} INFO - Started process (PID=1134) to work on /home/airflow/.local/lib/python3.7/site-packages/airflow/example_dags/example_external_task_marker_dag.py
[2023-11-25 17:37:47,701] {processor.py:641} INFO - Processing file /home/airflow/.local/lib/python3.7/site-packages/airflow/example_dags/example_external_task_marker_dag.py for tasks to queue
[2023-11-25 17:37:47,702] {logging_mixin.py:115} INFO - [2023-11-25 17:37:47,702] {dagbag.py:508} INFO - Filling up the DagBag from /home/airflow/.local/lib/python3.7/site-packages/airflow/example_dags/example_external_task_marker_dag.py
[2023-11-25 17:37:47,712] {processor.py:651} INFO - DAG(s) dict_keys(['example_external_task_marker_parent', 'example_external_task_marker_child']) retrieved from /home/airflow/.local/lib/python3.7/site-packages/airflow/example_dags/example_external_task_marker_dag.py
[2023-11-25 17:37:47,776] {logging_mixin.py:115} INFO - [2023-11-25 17:37:47,776] {dag.py:2420} INFO - Sync 2 DAGs
[2023-11-25 17:37:47,804] {logging_mixin.py:115} INFO - [2023-11-25 17:37:47,804] {dag.py:2972} INFO - Setting next_dagrun for example_external_task_marker_child to None, run_after=None
[2023-11-25 17:37:47,804] {logging_mixin.py:115} INFO - [2023-11-25 17:37:47,804] {dag.py:2972} INFO - Setting next_dagrun for example_external_task_marker_parent to None, run_after=None
[2023-11-25 17:37:47,818] {processor.py:161} INFO - Processing /home/airflow/.local/lib/python3.7/site-packages/airflow/example_dags/example_external_task_marker_dag.py took 0.123 seconds
[2023-11-25 17:38:18,251] {processor.py:153} INFO - Started process (PID=1185) to work on /home/airflow/.local/lib/python3.7/site-packages/airflow/example_dags/example_external_task_marker_dag.py
[2023-11-25 17:38:18,252] {processor.py:641} INFO - Processing file /home/airflow/.local/lib/python3.7/site-packages/airflow/example_dags/example_external_task_marker_dag.py for tasks to queue
[2023-11-25 17:38:18,253] {logging_mixin.py:115} INFO - [2023-11-25 17:38:18,253] {dagbag.py:508} INFO - Filling up the DagBag from /home/airflow/.local/lib/python3.7/site-packages/airflow/example_dags/example_external_task_marker_dag.py
[2023-11-25 17:38:18,259] {processor.py:651} INFO - DAG(s) dict_keys(['example_external_task_marker_parent', 'example_external_task_marker_child']) retrieved from /home/airflow/.local/lib/python3.7/site-packages/airflow/example_dags/example_external_task_marker_dag.py
[2023-11-25 17:38:18,353] {logging_mixin.py:115} INFO - [2023-11-25 17:38:18,353] {dag.py:2420} INFO - Sync 2 DAGs
[2023-11-25 17:38:18,399] {logging_mixin.py:115} INFO - [2023-11-25 17:38:18,399] {dag.py:2972} INFO - Setting next_dagrun for example_external_task_marker_child to None, run_after=None
[2023-11-25 17:38:18,399] {logging_mixin.py:115} INFO - [2023-11-25 17:38:18,399] {dag.py:2972} INFO - Setting next_dagrun for example_external_task_marker_parent to None, run_after=None
[2023-11-25 17:38:18,414] {processor.py:161} INFO - Processing /home/airflow/.local/lib/python3.7/site-packages/airflow/example_dags/example_external_task_marker_dag.py took 0.168 seconds
[2023-11-25 17:38:48,561] {processor.py:153} INFO - Started process (PID=1248) to work on /home/airflow/.local/lib/python3.7/site-packages/airflow/example_dags/example_external_task_marker_dag.py
[2023-11-25 17:38:48,570] {processor.py:641} INFO - Processing file /home/airflow/.local/lib/python3.7/site-packages/airflow/example_dags/example_external_task_marker_dag.py for tasks to queue
[2023-11-25 17:38:48,571] {logging_mixin.py:115} INFO - [2023-11-25 17:38:48,571] {dagbag.py:508} INFO - Filling up the DagBag from /home/airflow/.local/lib/python3.7/site-packages/airflow/example_dags/example_external_task_marker_dag.py
[2023-11-25 17:38:48,593] {processor.py:651} INFO - DAG(s) dict_keys(['example_external_task_marker_parent', 'example_external_task_marker_child']) retrieved from /home/airflow/.local/lib/python3.7/site-packages/airflow/example_dags/example_external_task_marker_dag.py
[2023-11-25 17:38:48,692] {logging_mixin.py:115} INFO - [2023-11-25 17:38:48,692] {dag.py:2420} INFO - Sync 2 DAGs
[2023-11-25 17:38:48,731] {logging_mixin.py:115} INFO - [2023-11-25 17:38:48,731] {dag.py:2972} INFO - Setting next_dagrun for example_external_task_marker_child to None, run_after=None
[2023-11-25 17:38:48,731] {logging_mixin.py:115} INFO - [2023-11-25 17:38:48,731] {dag.py:2972} INFO - Setting next_dagrun for example_external_task_marker_parent to None, run_after=None
[2023-11-25 17:38:48,773] {processor.py:161} INFO - Processing /home/airflow/.local/lib/python3.7/site-packages/airflow/example_dags/example_external_task_marker_dag.py took 0.216 seconds
[2023-11-25 17:39:19,224] {processor.py:153} INFO - Started process (PID=1311) to work on /home/airflow/.local/lib/python3.7/site-packages/airflow/example_dags/example_external_task_marker_dag.py
[2023-11-25 17:39:19,225] {processor.py:641} INFO - Processing file /home/airflow/.local/lib/python3.7/site-packages/airflow/example_dags/example_external_task_marker_dag.py for tasks to queue
[2023-11-25 17:39:19,225] {logging_mixin.py:115} INFO - [2023-11-25 17:39:19,225] {dagbag.py:508} INFO - Filling up the DagBag from /home/airflow/.local/lib/python3.7/site-packages/airflow/example_dags/example_external_task_marker_dag.py
[2023-11-25 17:39:19,231] {processor.py:651} INFO - DAG(s) dict_keys(['example_external_task_marker_parent', 'example_external_task_marker_child']) retrieved from /home/airflow/.local/lib/python3.7/site-packages/airflow/example_dags/example_external_task_marker_dag.py
[2023-11-25 17:39:19,335] {logging_mixin.py:115} INFO - [2023-11-25 17:39:19,335] {dag.py:2420} INFO - Sync 2 DAGs
[2023-11-25 17:39:19,372] {logging_mixin.py:115} INFO - [2023-11-25 17:39:19,372] {dag.py:2972} INFO - Setting next_dagrun for example_external_task_marker_child to None, run_after=None
[2023-11-25 17:39:19,372] {logging_mixin.py:115} INFO - [2023-11-25 17:39:19,372] {dag.py:2972} INFO - Setting next_dagrun for example_external_task_marker_parent to None, run_after=None
[2023-11-25 17:39:19,393] {processor.py:161} INFO - Processing /home/airflow/.local/lib/python3.7/site-packages/airflow/example_dags/example_external_task_marker_dag.py took 0.174 seconds
[2023-11-25 17:39:50,080] {processor.py:153} INFO - Started process (PID=1365) to work on /home/airflow/.local/lib/python3.7/site-packages/airflow/example_dags/example_external_task_marker_dag.py
[2023-11-25 17:39:50,080] {processor.py:641} INFO - Processing file /home/airflow/.local/lib/python3.7/site-packages/airflow/example_dags/example_external_task_marker_dag.py for tasks to queue
[2023-11-25 17:39:50,081] {logging_mixin.py:115} INFO - [2023-11-25 17:39:50,081] {dagbag.py:508} INFO - Filling up the DagBag from /home/airflow/.local/lib/python3.7/site-packages/airflow/example_dags/example_external_task_marker_dag.py
[2023-11-25 17:39:50,087] {processor.py:651} INFO - DAG(s) dict_keys(['example_external_task_marker_parent', 'example_external_task_marker_child']) retrieved from /home/airflow/.local/lib/python3.7/site-packages/airflow/example_dags/example_external_task_marker_dag.py
[2023-11-25 17:39:50,148] {logging_mixin.py:115} INFO - [2023-11-25 17:39:50,147] {dag.py:2420} INFO - Sync 2 DAGs
[2023-11-25 17:39:50,174] {logging_mixin.py:115} INFO - [2023-11-25 17:39:50,174] {dag.py:2972} INFO - Setting next_dagrun for example_external_task_marker_child to None, run_after=None
[2023-11-25 17:39:50,174] {logging_mixin.py:115} INFO - [2023-11-25 17:39:50,174] {dag.py:2972} INFO - Setting next_dagrun for example_external_task_marker_parent to None, run_after=None
[2023-11-25 17:39:50,187] {processor.py:161} INFO - Processing /home/airflow/.local/lib/python3.7/site-packages/airflow/example_dags/example_external_task_marker_dag.py took 0.112 seconds
[2023-11-25 17:40:20,844] {processor.py:153} INFO - Started process (PID=1427) to work on /home/airflow/.local/lib/python3.7/site-packages/airflow/example_dags/example_external_task_marker_dag.py
[2023-11-25 17:40:20,845] {processor.py:641} INFO - Processing file /home/airflow/.local/lib/python3.7/site-packages/airflow/example_dags/example_external_task_marker_dag.py for tasks to queue
[2023-11-25 17:40:20,846] {logging_mixin.py:115} INFO - [2023-11-25 17:40:20,845] {dagbag.py:508} INFO - Filling up the DagBag from /home/airflow/.local/lib/python3.7/site-packages/airflow/example_dags/example_external_task_marker_dag.py
[2023-11-25 17:40:20,852] {processor.py:651} INFO - DAG(s) dict_keys(['example_external_task_marker_parent', 'example_external_task_marker_child']) retrieved from /home/airflow/.local/lib/python3.7/site-packages/airflow/example_dags/example_external_task_marker_dag.py
[2023-11-25 17:40:20,916] {logging_mixin.py:115} INFO - [2023-11-25 17:40:20,916] {dag.py:2420} INFO - Sync 2 DAGs
[2023-11-25 17:40:20,945] {logging_mixin.py:115} INFO - [2023-11-25 17:40:20,945] {dag.py:2972} INFO - Setting next_dagrun for example_external_task_marker_child to None, run_after=None
[2023-11-25 17:40:20,946] {logging_mixin.py:115} INFO - [2023-11-25 17:40:20,946] {dag.py:2972} INFO - Setting next_dagrun for example_external_task_marker_parent to None, run_after=None
[2023-11-25 17:40:20,960] {processor.py:161} INFO - Processing /home/airflow/.local/lib/python3.7/site-packages/airflow/example_dags/example_external_task_marker_dag.py took 0.121 seconds
[2023-11-25 17:40:51,396] {processor.py:153} INFO - Started process (PID=1490) to work on /home/airflow/.local/lib/python3.7/site-packages/airflow/example_dags/example_external_task_marker_dag.py
[2023-11-25 17:40:51,397] {processor.py:641} INFO - Processing file /home/airflow/.local/lib/python3.7/site-packages/airflow/example_dags/example_external_task_marker_dag.py for tasks to queue
[2023-11-25 17:40:51,398] {logging_mixin.py:115} INFO - [2023-11-25 17:40:51,398] {dagbag.py:508} INFO - Filling up the DagBag from /home/airflow/.local/lib/python3.7/site-packages/airflow/example_dags/example_external_task_marker_dag.py
[2023-11-25 17:40:51,403] {processor.py:651} INFO - DAG(s) dict_keys(['example_external_task_marker_parent', 'example_external_task_marker_child']) retrieved from /home/airflow/.local/lib/python3.7/site-packages/airflow/example_dags/example_external_task_marker_dag.py
[2023-11-25 17:40:51,490] {logging_mixin.py:115} INFO - [2023-11-25 17:40:51,490] {dag.py:2420} INFO - Sync 2 DAGs
[2023-11-25 17:40:51,534] {logging_mixin.py:115} INFO - [2023-11-25 17:40:51,534] {dag.py:2972} INFO - Setting next_dagrun for example_external_task_marker_child to None, run_after=None
[2023-11-25 17:40:51,534] {logging_mixin.py:115} INFO - [2023-11-25 17:40:51,534] {dag.py:2972} INFO - Setting next_dagrun for example_external_task_marker_parent to None, run_after=None
[2023-11-25 17:40:51,556] {processor.py:161} INFO - Processing /home/airflow/.local/lib/python3.7/site-packages/airflow/example_dags/example_external_task_marker_dag.py took 0.164 seconds
[2023-11-25 17:41:21,866] {processor.py:153} INFO - Started process (PID=1544) to work on /home/airflow/.local/lib/python3.7/site-packages/airflow/example_dags/example_external_task_marker_dag.py
[2023-11-25 17:41:21,870] {processor.py:641} INFO - Processing file /home/airflow/.local/lib/python3.7/site-packages/airflow/example_dags/example_external_task_marker_dag.py for tasks to queue
[2023-11-25 17:41:21,871] {logging_mixin.py:115} INFO - [2023-11-25 17:41:21,871] {dagbag.py:508} INFO - Filling up the DagBag from /home/airflow/.local/lib/python3.7/site-packages/airflow/example_dags/example_external_task_marker_dag.py
[2023-11-25 17:41:21,876] {processor.py:651} INFO - DAG(s) dict_keys(['example_external_task_marker_parent', 'example_external_task_marker_child']) retrieved from /home/airflow/.local/lib/python3.7/site-packages/airflow/example_dags/example_external_task_marker_dag.py
[2023-11-25 17:41:21,972] {logging_mixin.py:115} INFO - [2023-11-25 17:41:21,972] {dag.py:2420} INFO - Sync 2 DAGs
[2023-11-25 17:41:22,014] {logging_mixin.py:115} INFO - [2023-11-25 17:41:22,014] {dag.py:2972} INFO - Setting next_dagrun for example_external_task_marker_child to None, run_after=None
[2023-11-25 17:41:22,014] {logging_mixin.py:115} INFO - [2023-11-25 17:41:22,014] {dag.py:2972} INFO - Setting next_dagrun for example_external_task_marker_parent to None, run_after=None
[2023-11-25 17:41:22,035] {processor.py:161} INFO - Processing /home/airflow/.local/lib/python3.7/site-packages/airflow/example_dags/example_external_task_marker_dag.py took 0.173 seconds
[2023-11-25 17:41:52,083] {processor.py:153} INFO - Started process (PID=1608) to work on /home/airflow/.local/lib/python3.7/site-packages/airflow/example_dags/example_external_task_marker_dag.py
[2023-11-25 17:41:52,084] {processor.py:641} INFO - Processing file /home/airflow/.local/lib/python3.7/site-packages/airflow/example_dags/example_external_task_marker_dag.py for tasks to queue
[2023-11-25 17:41:52,085] {logging_mixin.py:115} INFO - [2023-11-25 17:41:52,084] {dagbag.py:508} INFO - Filling up the DagBag from /home/airflow/.local/lib/python3.7/site-packages/airflow/example_dags/example_external_task_marker_dag.py
[2023-11-25 17:41:52,090] {processor.py:651} INFO - DAG(s) dict_keys(['example_external_task_marker_parent', 'example_external_task_marker_child']) retrieved from /home/airflow/.local/lib/python3.7/site-packages/airflow/example_dags/example_external_task_marker_dag.py
[2023-11-25 17:41:52,155] {logging_mixin.py:115} INFO - [2023-11-25 17:41:52,155] {dag.py:2420} INFO - Sync 2 DAGs
[2023-11-25 17:41:52,182] {logging_mixin.py:115} INFO - [2023-11-25 17:41:52,182] {dag.py:2972} INFO - Setting next_dagrun for example_external_task_marker_child to None, run_after=None
[2023-11-25 17:41:52,182] {logging_mixin.py:115} INFO - [2023-11-25 17:41:52,182] {dag.py:2972} INFO - Setting next_dagrun for example_external_task_marker_parent to None, run_after=None
[2023-11-25 17:41:52,195] {processor.py:161} INFO - Processing /home/airflow/.local/lib/python3.7/site-packages/airflow/example_dags/example_external_task_marker_dag.py took 0.117 seconds
[2023-11-25 17:42:22,764] {processor.py:153} INFO - Started process (PID=1661) to work on /home/airflow/.local/lib/python3.7/site-packages/airflow/example_dags/example_external_task_marker_dag.py
[2023-11-25 17:42:22,765] {processor.py:641} INFO - Processing file /home/airflow/.local/lib/python3.7/site-packages/airflow/example_dags/example_external_task_marker_dag.py for tasks to queue
[2023-11-25 17:42:22,765] {logging_mixin.py:115} INFO - [2023-11-25 17:42:22,765] {dagbag.py:508} INFO - Filling up the DagBag from /home/airflow/.local/lib/python3.7/site-packages/airflow/example_dags/example_external_task_marker_dag.py
[2023-11-25 17:42:22,772] {processor.py:651} INFO - DAG(s) dict_keys(['example_external_task_marker_parent', 'example_external_task_marker_child']) retrieved from /home/airflow/.local/lib/python3.7/site-packages/airflow/example_dags/example_external_task_marker_dag.py
[2023-11-25 17:42:22,890] {logging_mixin.py:115} INFO - [2023-11-25 17:42:22,890] {dag.py:2420} INFO - Sync 2 DAGs
[2023-11-25 17:42:22,935] {logging_mixin.py:115} INFO - [2023-11-25 17:42:22,935] {dag.py:2972} INFO - Setting next_dagrun for example_external_task_marker_child to None, run_after=None
[2023-11-25 17:42:22,935] {logging_mixin.py:115} INFO - [2023-11-25 17:42:22,935] {dag.py:2972} INFO - Setting next_dagrun for example_external_task_marker_parent to None, run_after=None
[2023-11-25 17:42:22,954] {processor.py:161} INFO - Processing /home/airflow/.local/lib/python3.7/site-packages/airflow/example_dags/example_external_task_marker_dag.py took 0.196 seconds
[2023-11-25 17:42:53,126] {processor.py:153} INFO - Started process (PID=1725) to work on /home/airflow/.local/lib/python3.7/site-packages/airflow/example_dags/example_external_task_marker_dag.py
[2023-11-25 17:42:53,127] {processor.py:641} INFO - Processing file /home/airflow/.local/lib/python3.7/site-packages/airflow/example_dags/example_external_task_marker_dag.py for tasks to queue
[2023-11-25 17:42:53,127] {logging_mixin.py:115} INFO - [2023-11-25 17:42:53,127] {dagbag.py:508} INFO - Filling up the DagBag from /home/airflow/.local/lib/python3.7/site-packages/airflow/example_dags/example_external_task_marker_dag.py
[2023-11-25 17:42:53,133] {processor.py:651} INFO - DAG(s) dict_keys(['example_external_task_marker_parent', 'example_external_task_marker_child']) retrieved from /home/airflow/.local/lib/python3.7/site-packages/airflow/example_dags/example_external_task_marker_dag.py
[2023-11-25 17:42:53,203] {logging_mixin.py:115} INFO - [2023-11-25 17:42:53,203] {dag.py:2420} INFO - Sync 2 DAGs
[2023-11-25 17:42:53,236] {logging_mixin.py:115} INFO - [2023-11-25 17:42:53,236] {dag.py:2972} INFO - Setting next_dagrun for example_external_task_marker_child to None, run_after=None
[2023-11-25 17:42:53,237] {logging_mixin.py:115} INFO - [2023-11-25 17:42:53,237] {dag.py:2972} INFO - Setting next_dagrun for example_external_task_marker_parent to None, run_after=None
[2023-11-25 17:42:53,251] {processor.py:161} INFO - Processing /home/airflow/.local/lib/python3.7/site-packages/airflow/example_dags/example_external_task_marker_dag.py took 0.129 seconds
[2023-11-25 17:43:24,051] {processor.py:153} INFO - Started process (PID=1788) to work on /home/airflow/.local/lib/python3.7/site-packages/airflow/example_dags/example_external_task_marker_dag.py
[2023-11-25 17:43:24,052] {processor.py:641} INFO - Processing file /home/airflow/.local/lib/python3.7/site-packages/airflow/example_dags/example_external_task_marker_dag.py for tasks to queue
[2023-11-25 17:43:24,053] {logging_mixin.py:115} INFO - [2023-11-25 17:43:24,053] {dagbag.py:508} INFO - Filling up the DagBag from /home/airflow/.local/lib/python3.7/site-packages/airflow/example_dags/example_external_task_marker_dag.py
[2023-11-25 17:43:24,061] {processor.py:651} INFO - DAG(s) dict_keys(['example_external_task_marker_parent', 'example_external_task_marker_child']) retrieved from /home/airflow/.local/lib/python3.7/site-packages/airflow/example_dags/example_external_task_marker_dag.py
[2023-11-25 17:43:24,155] {logging_mixin.py:115} INFO - [2023-11-25 17:43:24,155] {dag.py:2420} INFO - Sync 2 DAGs
[2023-11-25 17:43:24,182] {logging_mixin.py:115} INFO - [2023-11-25 17:43:24,182] {dag.py:2972} INFO - Setting next_dagrun for example_external_task_marker_child to None, run_after=None
[2023-11-25 17:43:24,182] {logging_mixin.py:115} INFO - [2023-11-25 17:43:24,182] {dag.py:2972} INFO - Setting next_dagrun for example_external_task_marker_parent to None, run_after=None
[2023-11-25 17:43:24,197] {processor.py:161} INFO - Processing /home/airflow/.local/lib/python3.7/site-packages/airflow/example_dags/example_external_task_marker_dag.py took 0.159 seconds
[2023-11-25 17:43:54,636] {processor.py:153} INFO - Started process (PID=1842) to work on /home/airflow/.local/lib/python3.7/site-packages/airflow/example_dags/example_external_task_marker_dag.py
[2023-11-25 17:43:54,637] {processor.py:641} INFO - Processing file /home/airflow/.local/lib/python3.7/site-packages/airflow/example_dags/example_external_task_marker_dag.py for tasks to queue
[2023-11-25 17:43:54,638] {logging_mixin.py:115} INFO - [2023-11-25 17:43:54,638] {dagbag.py:508} INFO - Filling up the DagBag from /home/airflow/.local/lib/python3.7/site-packages/airflow/example_dags/example_external_task_marker_dag.py
[2023-11-25 17:43:54,644] {processor.py:651} INFO - DAG(s) dict_keys(['example_external_task_marker_parent', 'example_external_task_marker_child']) retrieved from /home/airflow/.local/lib/python3.7/site-packages/airflow/example_dags/example_external_task_marker_dag.py
[2023-11-25 17:43:54,708] {logging_mixin.py:115} INFO - [2023-11-25 17:43:54,708] {dag.py:2420} INFO - Sync 2 DAGs
[2023-11-25 17:43:54,737] {logging_mixin.py:115} INFO - [2023-11-25 17:43:54,736] {dag.py:2972} INFO - Setting next_dagrun for example_external_task_marker_child to None, run_after=None
[2023-11-25 17:43:54,737] {logging_mixin.py:115} INFO - [2023-11-25 17:43:54,737] {dag.py:2972} INFO - Setting next_dagrun for example_external_task_marker_parent to None, run_after=None
[2023-11-25 17:43:54,752] {processor.py:161} INFO - Processing /home/airflow/.local/lib/python3.7/site-packages/airflow/example_dags/example_external_task_marker_dag.py took 0.121 seconds
[2023-11-25 17:44:25,580] {processor.py:153} INFO - Started process (PID=1907) to work on /home/airflow/.local/lib/python3.7/site-packages/airflow/example_dags/example_external_task_marker_dag.py
[2023-11-25 17:44:25,581] {processor.py:641} INFO - Processing file /home/airflow/.local/lib/python3.7/site-packages/airflow/example_dags/example_external_task_marker_dag.py for tasks to queue
[2023-11-25 17:44:25,581] {logging_mixin.py:115} INFO - [2023-11-25 17:44:25,581] {dagbag.py:508} INFO - Filling up the DagBag from /home/airflow/.local/lib/python3.7/site-packages/airflow/example_dags/example_external_task_marker_dag.py
[2023-11-25 17:44:25,591] {processor.py:651} INFO - DAG(s) dict_keys(['example_external_task_marker_parent', 'example_external_task_marker_child']) retrieved from /home/airflow/.local/lib/python3.7/site-packages/airflow/example_dags/example_external_task_marker_dag.py
[2023-11-25 17:44:25,701] {logging_mixin.py:115} INFO - [2023-11-25 17:44:25,701] {dag.py:2420} INFO - Sync 2 DAGs
[2023-11-25 17:44:25,754] {logging_mixin.py:115} INFO - [2023-11-25 17:44:25,754] {dag.py:2972} INFO - Setting next_dagrun for example_external_task_marker_child to None, run_after=None
[2023-11-25 17:44:25,754] {logging_mixin.py:115} INFO - [2023-11-25 17:44:25,754] {dag.py:2972} INFO - Setting next_dagrun for example_external_task_marker_parent to None, run_after=None
[2023-11-25 17:44:25,767] {processor.py:161} INFO - Processing /home/airflow/.local/lib/python3.7/site-packages/airflow/example_dags/example_external_task_marker_dag.py took 0.193 seconds
[2023-11-25 17:44:56,191] {processor.py:153} INFO - Started process (PID=1970) to work on /home/airflow/.local/lib/python3.7/site-packages/airflow/example_dags/example_external_task_marker_dag.py
[2023-11-25 17:44:56,192] {processor.py:641} INFO - Processing file /home/airflow/.local/lib/python3.7/site-packages/airflow/example_dags/example_external_task_marker_dag.py for tasks to queue
[2023-11-25 17:44:56,193] {logging_mixin.py:115} INFO - [2023-11-25 17:44:56,193] {dagbag.py:508} INFO - Filling up the DagBag from /home/airflow/.local/lib/python3.7/site-packages/airflow/example_dags/example_external_task_marker_dag.py
[2023-11-25 17:44:56,200] {processor.py:651} INFO - DAG(s) dict_keys(['example_external_task_marker_parent', 'example_external_task_marker_child']) retrieved from /home/airflow/.local/lib/python3.7/site-packages/airflow/example_dags/example_external_task_marker_dag.py
[2023-11-25 17:44:56,330] {logging_mixin.py:115} INFO - [2023-11-25 17:44:56,330] {dag.py:2420} INFO - Sync 2 DAGs
[2023-11-25 17:44:56,414] {logging_mixin.py:115} INFO - [2023-11-25 17:44:56,414] {dag.py:2972} INFO - Setting next_dagrun for example_external_task_marker_child to None, run_after=None
[2023-11-25 17:44:56,414] {logging_mixin.py:115} INFO - [2023-11-25 17:44:56,414] {dag.py:2972} INFO - Setting next_dagrun for example_external_task_marker_parent to None, run_after=None
[2023-11-25 17:44:56,453] {processor.py:161} INFO - Processing /home/airflow/.local/lib/python3.7/site-packages/airflow/example_dags/example_external_task_marker_dag.py took 0.271 seconds
[2023-11-25 17:45:26,859] {processor.py:153} INFO - Started process (PID=2024) to work on /home/airflow/.local/lib/python3.7/site-packages/airflow/example_dags/example_external_task_marker_dag.py
[2023-11-25 17:45:26,860] {processor.py:641} INFO - Processing file /home/airflow/.local/lib/python3.7/site-packages/airflow/example_dags/example_external_task_marker_dag.py for tasks to queue
[2023-11-25 17:45:26,861] {logging_mixin.py:115} INFO - [2023-11-25 17:45:26,861] {dagbag.py:508} INFO - Filling up the DagBag from /home/airflow/.local/lib/python3.7/site-packages/airflow/example_dags/example_external_task_marker_dag.py
[2023-11-25 17:45:26,869] {processor.py:651} INFO - DAG(s) dict_keys(['example_external_task_marker_parent', 'example_external_task_marker_child']) retrieved from /home/airflow/.local/lib/python3.7/site-packages/airflow/example_dags/example_external_task_marker_dag.py
[2023-11-25 17:45:26,932] {logging_mixin.py:115} INFO - [2023-11-25 17:45:26,932] {dag.py:2420} INFO - Sync 2 DAGs
[2023-11-25 17:45:26,961] {logging_mixin.py:115} INFO - [2023-11-25 17:45:26,960] {dag.py:2972} INFO - Setting next_dagrun for example_external_task_marker_child to None, run_after=None
[2023-11-25 17:45:26,961] {logging_mixin.py:115} INFO - [2023-11-25 17:45:26,961] {dag.py:2972} INFO - Setting next_dagrun for example_external_task_marker_parent to None, run_after=None
[2023-11-25 17:45:26,979] {processor.py:161} INFO - Processing /home/airflow/.local/lib/python3.7/site-packages/airflow/example_dags/example_external_task_marker_dag.py took 0.125 seconds
[2023-11-25 17:45:57,801] {processor.py:153} INFO - Started process (PID=2087) to work on /home/airflow/.local/lib/python3.7/site-packages/airflow/example_dags/example_external_task_marker_dag.py
[2023-11-25 17:45:57,810] {processor.py:641} INFO - Processing file /home/airflow/.local/lib/python3.7/site-packages/airflow/example_dags/example_external_task_marker_dag.py for tasks to queue
[2023-11-25 17:45:57,811] {logging_mixin.py:115} INFO - [2023-11-25 17:45:57,811] {dagbag.py:508} INFO - Filling up the DagBag from /home/airflow/.local/lib/python3.7/site-packages/airflow/example_dags/example_external_task_marker_dag.py
[2023-11-25 17:45:57,818] {processor.py:651} INFO - DAG(s) dict_keys(['example_external_task_marker_parent', 'example_external_task_marker_child']) retrieved from /home/airflow/.local/lib/python3.7/site-packages/airflow/example_dags/example_external_task_marker_dag.py
[2023-11-25 17:45:57,950] {logging_mixin.py:115} INFO - [2023-11-25 17:45:57,950] {dag.py:2420} INFO - Sync 2 DAGs
[2023-11-25 17:45:57,995] {logging_mixin.py:115} INFO - [2023-11-25 17:45:57,995] {dag.py:2972} INFO - Setting next_dagrun for example_external_task_marker_child to None, run_after=None
[2023-11-25 17:45:57,995] {logging_mixin.py:115} INFO - [2023-11-25 17:45:57,995] {dag.py:2972} INFO - Setting next_dagrun for example_external_task_marker_parent to None, run_after=None
[2023-11-25 17:45:58,031] {processor.py:161} INFO - Processing /home/airflow/.local/lib/python3.7/site-packages/airflow/example_dags/example_external_task_marker_dag.py took 0.235 seconds
[2023-11-25 17:46:28,718] {processor.py:153} INFO - Started process (PID=2150) to work on /home/airflow/.local/lib/python3.7/site-packages/airflow/example_dags/example_external_task_marker_dag.py
[2023-11-25 17:46:28,719] {processor.py:641} INFO - Processing file /home/airflow/.local/lib/python3.7/site-packages/airflow/example_dags/example_external_task_marker_dag.py for tasks to queue
[2023-11-25 17:46:28,720] {logging_mixin.py:115} INFO - [2023-11-25 17:46:28,720] {dagbag.py:508} INFO - Filling up the DagBag from /home/airflow/.local/lib/python3.7/site-packages/airflow/example_dags/example_external_task_marker_dag.py
[2023-11-25 17:46:28,735] {processor.py:651} INFO - DAG(s) dict_keys(['example_external_task_marker_parent', 'example_external_task_marker_child']) retrieved from /home/airflow/.local/lib/python3.7/site-packages/airflow/example_dags/example_external_task_marker_dag.py
[2023-11-25 17:46:28,830] {logging_mixin.py:115} INFO - [2023-11-25 17:46:28,830] {dag.py:2420} INFO - Sync 2 DAGs
[2023-11-25 17:46:28,873] {logging_mixin.py:115} INFO - [2023-11-25 17:46:28,873] {dag.py:2972} INFO - Setting next_dagrun for example_external_task_marker_child to None, run_after=None
[2023-11-25 17:46:28,873] {logging_mixin.py:115} INFO - [2023-11-25 17:46:28,873] {dag.py:2972} INFO - Setting next_dagrun for example_external_task_marker_parent to None, run_after=None
[2023-11-25 17:46:28,894] {processor.py:161} INFO - Processing /home/airflow/.local/lib/python3.7/site-packages/airflow/example_dags/example_external_task_marker_dag.py took 0.180 seconds
[2023-11-25 17:46:59,483] {processor.py:153} INFO - Started process (PID=2203) to work on /home/airflow/.local/lib/python3.7/site-packages/airflow/example_dags/example_external_task_marker_dag.py
[2023-11-25 17:46:59,484] {processor.py:641} INFO - Processing file /home/airflow/.local/lib/python3.7/site-packages/airflow/example_dags/example_external_task_marker_dag.py for tasks to queue
[2023-11-25 17:46:59,485] {logging_mixin.py:115} INFO - [2023-11-25 17:46:59,484] {dagbag.py:508} INFO - Filling up the DagBag from /home/airflow/.local/lib/python3.7/site-packages/airflow/example_dags/example_external_task_marker_dag.py
[2023-11-25 17:46:59,491] {processor.py:651} INFO - DAG(s) dict_keys(['example_external_task_marker_parent', 'example_external_task_marker_child']) retrieved from /home/airflow/.local/lib/python3.7/site-packages/airflow/example_dags/example_external_task_marker_dag.py
[2023-11-25 17:46:59,562] {logging_mixin.py:115} INFO - [2023-11-25 17:46:59,562] {dag.py:2420} INFO - Sync 2 DAGs
[2023-11-25 17:46:59,603] {logging_mixin.py:115} INFO - [2023-11-25 17:46:59,603] {dag.py:2972} INFO - Setting next_dagrun for example_external_task_marker_child to None, run_after=None
[2023-11-25 17:46:59,604] {logging_mixin.py:115} INFO - [2023-11-25 17:46:59,603] {dag.py:2972} INFO - Setting next_dagrun for example_external_task_marker_parent to None, run_after=None
[2023-11-25 17:46:59,617] {processor.py:161} INFO - Processing /home/airflow/.local/lib/python3.7/site-packages/airflow/example_dags/example_external_task_marker_dag.py took 0.139 seconds
[2023-11-25 17:47:29,841] {processor.py:153} INFO - Started process (PID=2266) to work on /home/airflow/.local/lib/python3.7/site-packages/airflow/example_dags/example_external_task_marker_dag.py
[2023-11-25 17:47:29,842] {processor.py:641} INFO - Processing file /home/airflow/.local/lib/python3.7/site-packages/airflow/example_dags/example_external_task_marker_dag.py for tasks to queue
[2023-11-25 17:47:29,843] {logging_mixin.py:115} INFO - [2023-11-25 17:47:29,843] {dagbag.py:508} INFO - Filling up the DagBag from /home/airflow/.local/lib/python3.7/site-packages/airflow/example_dags/example_external_task_marker_dag.py
[2023-11-25 17:47:29,849] {processor.py:651} INFO - DAG(s) dict_keys(['example_external_task_marker_parent', 'example_external_task_marker_child']) retrieved from /home/airflow/.local/lib/python3.7/site-packages/airflow/example_dags/example_external_task_marker_dag.py
[2023-11-25 17:47:29,917] {logging_mixin.py:115} INFO - [2023-11-25 17:47:29,917] {dag.py:2420} INFO - Sync 2 DAGs
[2023-11-25 17:47:29,944] {logging_mixin.py:115} INFO - [2023-11-25 17:47:29,944] {dag.py:2972} INFO - Setting next_dagrun for example_external_task_marker_child to None, run_after=None
[2023-11-25 17:47:29,945] {logging_mixin.py:115} INFO - [2023-11-25 17:47:29,945] {dag.py:2972} INFO - Setting next_dagrun for example_external_task_marker_parent to None, run_after=None
[2023-11-25 17:47:29,958] {processor.py:161} INFO - Processing /home/airflow/.local/lib/python3.7/site-packages/airflow/example_dags/example_external_task_marker_dag.py took 0.122 seconds
[2023-11-25 17:48:00,474] {processor.py:153} INFO - Started process (PID=2329) to work on /home/airflow/.local/lib/python3.7/site-packages/airflow/example_dags/example_external_task_marker_dag.py
[2023-11-25 17:48:00,475] {processor.py:641} INFO - Processing file /home/airflow/.local/lib/python3.7/site-packages/airflow/example_dags/example_external_task_marker_dag.py for tasks to queue
[2023-11-25 17:48:00,476] {logging_mixin.py:115} INFO - [2023-11-25 17:48:00,476] {dagbag.py:508} INFO - Filling up the DagBag from /home/airflow/.local/lib/python3.7/site-packages/airflow/example_dags/example_external_task_marker_dag.py
[2023-11-25 17:48:00,483] {processor.py:651} INFO - DAG(s) dict_keys(['example_external_task_marker_parent', 'example_external_task_marker_child']) retrieved from /home/airflow/.local/lib/python3.7/site-packages/airflow/example_dags/example_external_task_marker_dag.py
[2023-11-25 17:48:00,590] {logging_mixin.py:115} INFO - [2023-11-25 17:48:00,590] {dag.py:2420} INFO - Sync 2 DAGs
[2023-11-25 17:48:00,636] {logging_mixin.py:115} INFO - [2023-11-25 17:48:00,636] {dag.py:2972} INFO - Setting next_dagrun for example_external_task_marker_child to None, run_after=None
[2023-11-25 17:48:00,637] {logging_mixin.py:115} INFO - [2023-11-25 17:48:00,637] {dag.py:2972} INFO - Setting next_dagrun for example_external_task_marker_parent to None, run_after=None
[2023-11-25 17:48:00,661] {processor.py:161} INFO - Processing /home/airflow/.local/lib/python3.7/site-packages/airflow/example_dags/example_external_task_marker_dag.py took 0.192 seconds
[2023-11-25 17:48:31,392] {processor.py:153} INFO - Started process (PID=2384) to work on /home/airflow/.local/lib/python3.7/site-packages/airflow/example_dags/example_external_task_marker_dag.py
[2023-11-25 17:48:31,393] {processor.py:641} INFO - Processing file /home/airflow/.local/lib/python3.7/site-packages/airflow/example_dags/example_external_task_marker_dag.py for tasks to queue
[2023-11-25 17:48:31,394] {logging_mixin.py:115} INFO - [2023-11-25 17:48:31,394] {dagbag.py:508} INFO - Filling up the DagBag from /home/airflow/.local/lib/python3.7/site-packages/airflow/example_dags/example_external_task_marker_dag.py
[2023-11-25 17:48:31,400] {processor.py:651} INFO - DAG(s) dict_keys(['example_external_task_marker_parent', 'example_external_task_marker_child']) retrieved from /home/airflow/.local/lib/python3.7/site-packages/airflow/example_dags/example_external_task_marker_dag.py
[2023-11-25 17:48:31,511] {logging_mixin.py:115} INFO - [2023-11-25 17:48:31,511] {dag.py:2420} INFO - Sync 2 DAGs
[2023-11-25 17:48:31,553] {logging_mixin.py:115} INFO - [2023-11-25 17:48:31,552] {dag.py:2972} INFO - Setting next_dagrun for example_external_task_marker_child to None, run_after=None
[2023-11-25 17:48:31,553] {logging_mixin.py:115} INFO - [2023-11-25 17:48:31,553] {dag.py:2972} INFO - Setting next_dagrun for example_external_task_marker_parent to None, run_after=None
[2023-11-25 17:48:31,577] {processor.py:161} INFO - Processing /home/airflow/.local/lib/python3.7/site-packages/airflow/example_dags/example_external_task_marker_dag.py took 0.190 seconds
[2023-11-25 17:49:02,044] {processor.py:153} INFO - Started process (PID=2450) to work on /home/airflow/.local/lib/python3.7/site-packages/airflow/example_dags/example_external_task_marker_dag.py
[2023-11-25 17:49:02,044] {processor.py:641} INFO - Processing file /home/airflow/.local/lib/python3.7/site-packages/airflow/example_dags/example_external_task_marker_dag.py for tasks to queue
[2023-11-25 17:49:02,045] {logging_mixin.py:115} INFO - [2023-11-25 17:49:02,045] {dagbag.py:508} INFO - Filling up the DagBag from /home/airflow/.local/lib/python3.7/site-packages/airflow/example_dags/example_external_task_marker_dag.py
[2023-11-25 17:49:02,052] {processor.py:651} INFO - DAG(s) dict_keys(['example_external_task_marker_parent', 'example_external_task_marker_child']) retrieved from /home/airflow/.local/lib/python3.7/site-packages/airflow/example_dags/example_external_task_marker_dag.py
[2023-11-25 17:49:02,120] {logging_mixin.py:115} INFO - [2023-11-25 17:49:02,119] {dag.py:2420} INFO - Sync 2 DAGs
[2023-11-25 17:49:02,150] {logging_mixin.py:115} INFO - [2023-11-25 17:49:02,150] {dag.py:2972} INFO - Setting next_dagrun for example_external_task_marker_child to None, run_after=None
[2023-11-25 17:49:02,150] {logging_mixin.py:115} INFO - [2023-11-25 17:49:02,150] {dag.py:2972} INFO - Setting next_dagrun for example_external_task_marker_parent to None, run_after=None
[2023-11-25 17:49:02,164] {processor.py:161} INFO - Processing /home/airflow/.local/lib/python3.7/site-packages/airflow/example_dags/example_external_task_marker_dag.py took 0.126 seconds
[2023-11-25 17:49:32,281] {processor.py:153} INFO - Started process (PID=2510) to work on /home/airflow/.local/lib/python3.7/site-packages/airflow/example_dags/example_external_task_marker_dag.py
[2023-11-25 17:49:32,282] {processor.py:641} INFO - Processing file /home/airflow/.local/lib/python3.7/site-packages/airflow/example_dags/example_external_task_marker_dag.py for tasks to queue
[2023-11-25 17:49:32,283] {logging_mixin.py:115} INFO - [2023-11-25 17:49:32,283] {dagbag.py:508} INFO - Filling up the DagBag from /home/airflow/.local/lib/python3.7/site-packages/airflow/example_dags/example_external_task_marker_dag.py
[2023-11-25 17:49:32,293] {processor.py:651} INFO - DAG(s) dict_keys(['example_external_task_marker_parent', 'example_external_task_marker_child']) retrieved from /home/airflow/.local/lib/python3.7/site-packages/airflow/example_dags/example_external_task_marker_dag.py
[2023-11-25 17:49:32,393] {logging_mixin.py:115} INFO - [2023-11-25 17:49:32,393] {dag.py:2420} INFO - Sync 2 DAGs
[2023-11-25 17:49:32,437] {logging_mixin.py:115} INFO - [2023-11-25 17:49:32,437] {dag.py:2972} INFO - Setting next_dagrun for example_external_task_marker_child to None, run_after=None
[2023-11-25 17:49:32,438] {logging_mixin.py:115} INFO - [2023-11-25 17:49:32,438] {dag.py:2972} INFO - Setting next_dagrun for example_external_task_marker_parent to None, run_after=None
[2023-11-25 17:49:32,459] {processor.py:161} INFO - Processing /home/airflow/.local/lib/python3.7/site-packages/airflow/example_dags/example_external_task_marker_dag.py took 0.183 seconds
[2023-11-25 17:50:02,724] {processor.py:153} INFO - Started process (PID=2568) to work on /home/airflow/.local/lib/python3.7/site-packages/airflow/example_dags/example_external_task_marker_dag.py
[2023-11-25 17:50:02,725] {processor.py:641} INFO - Processing file /home/airflow/.local/lib/python3.7/site-packages/airflow/example_dags/example_external_task_marker_dag.py for tasks to queue
[2023-11-25 17:50:02,726] {logging_mixin.py:115} INFO - [2023-11-25 17:50:02,725] {dagbag.py:508} INFO - Filling up the DagBag from /home/airflow/.local/lib/python3.7/site-packages/airflow/example_dags/example_external_task_marker_dag.py
[2023-11-25 17:50:02,732] {processor.py:651} INFO - DAG(s) dict_keys(['example_external_task_marker_parent', 'example_external_task_marker_child']) retrieved from /home/airflow/.local/lib/python3.7/site-packages/airflow/example_dags/example_external_task_marker_dag.py
[2023-11-25 17:50:02,793] {logging_mixin.py:115} INFO - [2023-11-25 17:50:02,793] {dag.py:2420} INFO - Sync 2 DAGs
[2023-11-25 17:50:02,820] {logging_mixin.py:115} INFO - [2023-11-25 17:50:02,820] {dag.py:2972} INFO - Setting next_dagrun for example_external_task_marker_child to None, run_after=None
[2023-11-25 17:50:02,820] {logging_mixin.py:115} INFO - [2023-11-25 17:50:02,820] {dag.py:2972} INFO - Setting next_dagrun for example_external_task_marker_parent to None, run_after=None
[2023-11-25 17:50:02,834] {processor.py:161} INFO - Processing /home/airflow/.local/lib/python3.7/site-packages/airflow/example_dags/example_external_task_marker_dag.py took 0.116 seconds
[2023-11-25 17:50:33,217] {processor.py:153} INFO - Started process (PID=2630) to work on /home/airflow/.local/lib/python3.7/site-packages/airflow/example_dags/example_external_task_marker_dag.py
[2023-11-25 17:50:33,218] {processor.py:641} INFO - Processing file /home/airflow/.local/lib/python3.7/site-packages/airflow/example_dags/example_external_task_marker_dag.py for tasks to queue
[2023-11-25 17:50:33,219] {logging_mixin.py:115} INFO - [2023-11-25 17:50:33,218] {dagbag.py:508} INFO - Filling up the DagBag from /home/airflow/.local/lib/python3.7/site-packages/airflow/example_dags/example_external_task_marker_dag.py
[2023-11-25 17:50:33,226] {processor.py:651} INFO - DAG(s) dict_keys(['example_external_task_marker_parent', 'example_external_task_marker_child']) retrieved from /home/airflow/.local/lib/python3.7/site-packages/airflow/example_dags/example_external_task_marker_dag.py
[2023-11-25 17:50:33,316] {logging_mixin.py:115} INFO - [2023-11-25 17:50:33,316] {dag.py:2420} INFO - Sync 2 DAGs
[2023-11-25 17:50:33,348] {logging_mixin.py:115} INFO - [2023-11-25 17:50:33,348] {dag.py:2972} INFO - Setting next_dagrun for example_external_task_marker_child to None, run_after=None
[2023-11-25 17:50:33,348] {logging_mixin.py:115} INFO - [2023-11-25 17:50:33,348] {dag.py:2972} INFO - Setting next_dagrun for example_external_task_marker_parent to None, run_after=None
[2023-11-25 17:50:33,362] {processor.py:161} INFO - Processing /home/airflow/.local/lib/python3.7/site-packages/airflow/example_dags/example_external_task_marker_dag.py took 0.150 seconds
[2023-11-25 17:51:03,735] {processor.py:153} INFO - Started process (PID=2683) to work on /home/airflow/.local/lib/python3.7/site-packages/airflow/example_dags/example_external_task_marker_dag.py
[2023-11-25 17:51:03,736] {processor.py:641} INFO - Processing file /home/airflow/.local/lib/python3.7/site-packages/airflow/example_dags/example_external_task_marker_dag.py for tasks to queue
[2023-11-25 17:51:03,736] {logging_mixin.py:115} INFO - [2023-11-25 17:51:03,736] {dagbag.py:508} INFO - Filling up the DagBag from /home/airflow/.local/lib/python3.7/site-packages/airflow/example_dags/example_external_task_marker_dag.py
[2023-11-25 17:51:03,742] {processor.py:651} INFO - DAG(s) dict_keys(['example_external_task_marker_parent', 'example_external_task_marker_child']) retrieved from /home/airflow/.local/lib/python3.7/site-packages/airflow/example_dags/example_external_task_marker_dag.py
[2023-11-25 17:51:03,807] {logging_mixin.py:115} INFO - [2023-11-25 17:51:03,807] {dag.py:2420} INFO - Sync 2 DAGs
[2023-11-25 17:51:03,835] {logging_mixin.py:115} INFO - [2023-11-25 17:51:03,835] {dag.py:2972} INFO - Setting next_dagrun for example_external_task_marker_child to None, run_after=None
[2023-11-25 17:51:03,836] {logging_mixin.py:115} INFO - [2023-11-25 17:51:03,836] {dag.py:2972} INFO - Setting next_dagrun for example_external_task_marker_parent to None, run_after=None
[2023-11-25 17:51:03,849] {processor.py:161} INFO - Processing /home/airflow/.local/lib/python3.7/site-packages/airflow/example_dags/example_external_task_marker_dag.py took 0.119 seconds
[2023-11-25 17:51:34,389] {processor.py:153} INFO - Started process (PID=2745) to work on /home/airflow/.local/lib/python3.7/site-packages/airflow/example_dags/example_external_task_marker_dag.py
[2023-11-25 17:51:34,390] {processor.py:641} INFO - Processing file /home/airflow/.local/lib/python3.7/site-packages/airflow/example_dags/example_external_task_marker_dag.py for tasks to queue
[2023-11-25 17:51:34,391] {logging_mixin.py:115} INFO - [2023-11-25 17:51:34,391] {dagbag.py:508} INFO - Filling up the DagBag from /home/airflow/.local/lib/python3.7/site-packages/airflow/example_dags/example_external_task_marker_dag.py
[2023-11-25 17:51:34,399] {processor.py:651} INFO - DAG(s) dict_keys(['example_external_task_marker_parent', 'example_external_task_marker_child']) retrieved from /home/airflow/.local/lib/python3.7/site-packages/airflow/example_dags/example_external_task_marker_dag.py
[2023-11-25 17:51:34,471] {logging_mixin.py:115} INFO - [2023-11-25 17:51:34,470] {dag.py:2420} INFO - Sync 2 DAGs
[2023-11-25 17:51:34,522] {logging_mixin.py:115} INFO - [2023-11-25 17:51:34,521] {dag.py:2972} INFO - Setting next_dagrun for example_external_task_marker_child to None, run_after=None
[2023-11-25 17:51:34,522] {logging_mixin.py:115} INFO - [2023-11-25 17:51:34,522] {dag.py:2972} INFO - Setting next_dagrun for example_external_task_marker_parent to None, run_after=None
[2023-11-25 17:51:34,540] {processor.py:161} INFO - Processing /home/airflow/.local/lib/python3.7/site-packages/airflow/example_dags/example_external_task_marker_dag.py took 0.156 seconds
[2023-11-25 17:52:04,614] {processor.py:153} INFO - Started process (PID=2798) to work on /home/airflow/.local/lib/python3.7/site-packages/airflow/example_dags/example_external_task_marker_dag.py
[2023-11-25 17:52:04,615] {processor.py:641} INFO - Processing file /home/airflow/.local/lib/python3.7/site-packages/airflow/example_dags/example_external_task_marker_dag.py for tasks to queue
[2023-11-25 17:52:04,615] {logging_mixin.py:115} INFO - [2023-11-25 17:52:04,615] {dagbag.py:508} INFO - Filling up the DagBag from /home/airflow/.local/lib/python3.7/site-packages/airflow/example_dags/example_external_task_marker_dag.py
[2023-11-25 17:52:04,622] {processor.py:651} INFO - DAG(s) dict_keys(['example_external_task_marker_parent', 'example_external_task_marker_child']) retrieved from /home/airflow/.local/lib/python3.7/site-packages/airflow/example_dags/example_external_task_marker_dag.py
[2023-11-25 17:52:04,690] {logging_mixin.py:115} INFO - [2023-11-25 17:52:04,690] {dag.py:2420} INFO - Sync 2 DAGs
[2023-11-25 17:52:04,720] {logging_mixin.py:115} INFO - [2023-11-25 17:52:04,719] {dag.py:2972} INFO - Setting next_dagrun for example_external_task_marker_child to None, run_after=None
[2023-11-25 17:52:04,720] {logging_mixin.py:115} INFO - [2023-11-25 17:52:04,720] {dag.py:2972} INFO - Setting next_dagrun for example_external_task_marker_parent to None, run_after=None
[2023-11-25 17:52:04,737] {processor.py:161} INFO - Processing /home/airflow/.local/lib/python3.7/site-packages/airflow/example_dags/example_external_task_marker_dag.py took 0.128 seconds
[2023-11-25 17:52:35,300] {processor.py:153} INFO - Started process (PID=2860) to work on /home/airflow/.local/lib/python3.7/site-packages/airflow/example_dags/example_external_task_marker_dag.py
[2023-11-25 17:52:35,301] {processor.py:641} INFO - Processing file /home/airflow/.local/lib/python3.7/site-packages/airflow/example_dags/example_external_task_marker_dag.py for tasks to queue
[2023-11-25 17:52:35,302] {logging_mixin.py:115} INFO - [2023-11-25 17:52:35,301] {dagbag.py:508} INFO - Filling up the DagBag from /home/airflow/.local/lib/python3.7/site-packages/airflow/example_dags/example_external_task_marker_dag.py
[2023-11-25 17:52:35,308] {processor.py:651} INFO - DAG(s) dict_keys(['example_external_task_marker_parent', 'example_external_task_marker_child']) retrieved from /home/airflow/.local/lib/python3.7/site-packages/airflow/example_dags/example_external_task_marker_dag.py
[2023-11-25 17:52:35,371] {logging_mixin.py:115} INFO - [2023-11-25 17:52:35,371] {dag.py:2420} INFO - Sync 2 DAGs
[2023-11-25 17:52:35,401] {logging_mixin.py:115} INFO - [2023-11-25 17:52:35,401] {dag.py:2972} INFO - Setting next_dagrun for example_external_task_marker_child to None, run_after=None
[2023-11-25 17:52:35,401] {logging_mixin.py:115} INFO - [2023-11-25 17:52:35,401] {dag.py:2972} INFO - Setting next_dagrun for example_external_task_marker_parent to None, run_after=None
[2023-11-25 17:52:35,415] {processor.py:161} INFO - Processing /home/airflow/.local/lib/python3.7/site-packages/airflow/example_dags/example_external_task_marker_dag.py took 0.120 seconds
[2023-11-25 17:53:05,715] {processor.py:153} INFO - Started process (PID=2921) to work on /home/airflow/.local/lib/python3.7/site-packages/airflow/example_dags/example_external_task_marker_dag.py
[2023-11-25 17:53:05,716] {processor.py:641} INFO - Processing file /home/airflow/.local/lib/python3.7/site-packages/airflow/example_dags/example_external_task_marker_dag.py for tasks to queue
[2023-11-25 17:53:05,717] {logging_mixin.py:115} INFO - [2023-11-25 17:53:05,717] {dagbag.py:508} INFO - Filling up the DagBag from /home/airflow/.local/lib/python3.7/site-packages/airflow/example_dags/example_external_task_marker_dag.py
[2023-11-25 17:53:05,723] {processor.py:651} INFO - DAG(s) dict_keys(['example_external_task_marker_parent', 'example_external_task_marker_child']) retrieved from /home/airflow/.local/lib/python3.7/site-packages/airflow/example_dags/example_external_task_marker_dag.py
[2023-11-25 17:53:05,793] {logging_mixin.py:115} INFO - [2023-11-25 17:53:05,793] {dag.py:2420} INFO - Sync 2 DAGs
[2023-11-25 17:53:05,821] {logging_mixin.py:115} INFO - [2023-11-25 17:53:05,821] {dag.py:2972} INFO - Setting next_dagrun for example_external_task_marker_child to None, run_after=None
[2023-11-25 17:53:05,822] {logging_mixin.py:115} INFO - [2023-11-25 17:53:05,821] {dag.py:2972} INFO - Setting next_dagrun for example_external_task_marker_parent to None, run_after=None
[2023-11-25 17:53:05,840] {processor.py:161} INFO - Processing /home/airflow/.local/lib/python3.7/site-packages/airflow/example_dags/example_external_task_marker_dag.py took 0.130 seconds
[2023-11-25 17:53:36,662] {processor.py:153} INFO - Started process (PID=2975) to work on /home/airflow/.local/lib/python3.7/site-packages/airflow/example_dags/example_external_task_marker_dag.py
[2023-11-25 17:53:36,663] {processor.py:641} INFO - Processing file /home/airflow/.local/lib/python3.7/site-packages/airflow/example_dags/example_external_task_marker_dag.py for tasks to queue
[2023-11-25 17:53:36,664] {logging_mixin.py:115} INFO - [2023-11-25 17:53:36,664] {dagbag.py:508} INFO - Filling up the DagBag from /home/airflow/.local/lib/python3.7/site-packages/airflow/example_dags/example_external_task_marker_dag.py
[2023-11-25 17:53:36,675] {processor.py:651} INFO - DAG(s) dict_keys(['example_external_task_marker_parent', 'example_external_task_marker_child']) retrieved from /home/airflow/.local/lib/python3.7/site-packages/airflow/example_dags/example_external_task_marker_dag.py
[2023-11-25 17:53:36,783] {logging_mixin.py:115} INFO - [2023-11-25 17:53:36,783] {dag.py:2420} INFO - Sync 2 DAGs
[2023-11-25 17:53:36,832] {logging_mixin.py:115} INFO - [2023-11-25 17:53:36,832] {dag.py:2972} INFO - Setting next_dagrun for example_external_task_marker_child to None, run_after=None
[2023-11-25 17:53:36,832] {logging_mixin.py:115} INFO - [2023-11-25 17:53:36,832] {dag.py:2972} INFO - Setting next_dagrun for example_external_task_marker_parent to None, run_after=None
[2023-11-25 17:53:36,854] {processor.py:161} INFO - Processing /home/airflow/.local/lib/python3.7/site-packages/airflow/example_dags/example_external_task_marker_dag.py took 0.197 seconds
[2023-11-25 17:54:07,128] {processor.py:153} INFO - Started process (PID=3038) to work on /home/airflow/.local/lib/python3.7/site-packages/airflow/example_dags/example_external_task_marker_dag.py
[2023-11-25 17:54:07,130] {processor.py:641} INFO - Processing file /home/airflow/.local/lib/python3.7/site-packages/airflow/example_dags/example_external_task_marker_dag.py for tasks to queue
[2023-11-25 17:54:07,131] {logging_mixin.py:115} INFO - [2023-11-25 17:54:07,131] {dagbag.py:508} INFO - Filling up the DagBag from /home/airflow/.local/lib/python3.7/site-packages/airflow/example_dags/example_external_task_marker_dag.py
[2023-11-25 17:54:07,141] {processor.py:651} INFO - DAG(s) dict_keys(['example_external_task_marker_parent', 'example_external_task_marker_child']) retrieved from /home/airflow/.local/lib/python3.7/site-packages/airflow/example_dags/example_external_task_marker_dag.py
[2023-11-25 17:54:07,272] {logging_mixin.py:115} INFO - [2023-11-25 17:54:07,272] {dag.py:2420} INFO - Sync 2 DAGs
[2023-11-25 17:54:07,320] {logging_mixin.py:115} INFO - [2023-11-25 17:54:07,320] {dag.py:2972} INFO - Setting next_dagrun for example_external_task_marker_child to None, run_after=None
[2023-11-25 17:54:07,321] {logging_mixin.py:115} INFO - [2023-11-25 17:54:07,320] {dag.py:2972} INFO - Setting next_dagrun for example_external_task_marker_parent to None, run_after=None
[2023-11-25 17:54:07,351] {processor.py:161} INFO - Processing /home/airflow/.local/lib/python3.7/site-packages/airflow/example_dags/example_external_task_marker_dag.py took 0.229 seconds
