[2023-11-25 17:28:32,671] {processor.py:153} INFO - Started process (PID=93) to work on /home/airflow/.local/lib/python3.7/site-packages/airflow/example_dags/example_xcom.py
[2023-11-25 17:28:32,671] {processor.py:641} INFO - Processing file /home/airflow/.local/lib/python3.7/site-packages/airflow/example_dags/example_xcom.py for tasks to queue
[2023-11-25 17:28:32,672] {logging_mixin.py:115} INFO - [2023-11-25 17:28:32,672] {dagbag.py:508} INFO - Filling up the DagBag from /home/airflow/.local/lib/python3.7/site-packages/airflow/example_dags/example_xcom.py
[2023-11-25 17:28:32,770] {processor.py:651} INFO - DAG(s) dict_keys(['example_xcom']) retrieved from /home/airflow/.local/lib/python3.7/site-packages/airflow/example_dags/example_xcom.py
[2023-11-25 17:28:33,315] {logging_mixin.py:115} INFO - [2023-11-25 17:28:33,315] {manager.py:508} INFO - Created Permission View: can delete on DAG:example_xcom
[2023-11-25 17:28:33,356] {logging_mixin.py:115} INFO - [2023-11-25 17:28:33,356] {manager.py:508} INFO - Created Permission View: can edit on DAG:example_xcom
[2023-11-25 17:28:33,375] {logging_mixin.py:115} INFO - [2023-11-25 17:28:33,375] {manager.py:508} INFO - Created Permission View: can read on DAG:example_xcom
[2023-11-25 17:28:33,375] {logging_mixin.py:115} INFO - [2023-11-25 17:28:33,375] {dag.py:2420} INFO - Sync 1 DAGs
[2023-11-25 17:28:33,431] {logging_mixin.py:115} INFO - [2023-11-25 17:28:33,431] {dag.py:2439} INFO - Creating ORM DAG for example_xcom
[2023-11-25 17:28:33,511] {logging_mixin.py:115} INFO - [2023-11-25 17:28:33,511] {dag.py:2972} INFO - Setting next_dagrun for example_xcom to 2021-01-01T00:00:00+00:00, run_after=2021-01-01T00:00:00+00:00
[2023-11-25 17:28:33,574] {processor.py:161} INFO - Processing /home/airflow/.local/lib/python3.7/site-packages/airflow/example_dags/example_xcom.py took 0.937 seconds
[2023-11-25 17:29:03,870] {processor.py:153} INFO - Started process (PID=146) to work on /home/airflow/.local/lib/python3.7/site-packages/airflow/example_dags/example_xcom.py
[2023-11-25 17:29:03,872] {processor.py:641} INFO - Processing file /home/airflow/.local/lib/python3.7/site-packages/airflow/example_dags/example_xcom.py for tasks to queue
[2023-11-25 17:29:03,872] {logging_mixin.py:115} INFO - [2023-11-25 17:29:03,872] {dagbag.py:508} INFO - Filling up the DagBag from /home/airflow/.local/lib/python3.7/site-packages/airflow/example_dags/example_xcom.py
[2023-11-25 17:29:03,979] {processor.py:651} INFO - DAG(s) dict_keys(['example_xcom']) retrieved from /home/airflow/.local/lib/python3.7/site-packages/airflow/example_dags/example_xcom.py
[2023-11-25 17:29:04,173] {logging_mixin.py:115} INFO - [2023-11-25 17:29:04,173] {dag.py:2420} INFO - Sync 1 DAGs
[2023-11-25 17:29:04,235] {logging_mixin.py:115} INFO - [2023-11-25 17:29:04,235] {dag.py:2972} INFO - Setting next_dagrun for example_xcom to 2021-01-01T00:00:00+00:00, run_after=2021-01-01T00:00:00+00:00
[2023-11-25 17:29:04,274] {processor.py:161} INFO - Processing /home/airflow/.local/lib/python3.7/site-packages/airflow/example_dags/example_xcom.py took 0.417 seconds
[2023-11-25 17:29:34,641] {processor.py:153} INFO - Started process (PID=198) to work on /home/airflow/.local/lib/python3.7/site-packages/airflow/example_dags/example_xcom.py
[2023-11-25 17:29:34,642] {processor.py:641} INFO - Processing file /home/airflow/.local/lib/python3.7/site-packages/airflow/example_dags/example_xcom.py for tasks to queue
[2023-11-25 17:29:34,643] {logging_mixin.py:115} INFO - [2023-11-25 17:29:34,643] {dagbag.py:508} INFO - Filling up the DagBag from /home/airflow/.local/lib/python3.7/site-packages/airflow/example_dags/example_xcom.py
[2023-11-25 17:29:34,670] {processor.py:651} INFO - DAG(s) dict_keys(['example_xcom']) retrieved from /home/airflow/.local/lib/python3.7/site-packages/airflow/example_dags/example_xcom.py
[2023-11-25 17:29:34,763] {logging_mixin.py:115} INFO - [2023-11-25 17:29:34,763] {dag.py:2420} INFO - Sync 1 DAGs
[2023-11-25 17:29:34,790] {logging_mixin.py:115} INFO - [2023-11-25 17:29:34,790] {dag.py:2972} INFO - Setting next_dagrun for example_xcom to 2021-01-01T00:00:00+00:00, run_after=2021-01-01T00:00:00+00:00
[2023-11-25 17:29:34,805] {processor.py:161} INFO - Processing /home/airflow/.local/lib/python3.7/site-packages/airflow/example_dags/example_xcom.py took 0.170 seconds
[2023-11-25 17:30:05,001] {processor.py:153} INFO - Started process (PID=259) to work on /home/airflow/.local/lib/python3.7/site-packages/airflow/example_dags/example_xcom.py
[2023-11-25 17:30:05,002] {processor.py:641} INFO - Processing file /home/airflow/.local/lib/python3.7/site-packages/airflow/example_dags/example_xcom.py for tasks to queue
[2023-11-25 17:30:05,002] {logging_mixin.py:115} INFO - [2023-11-25 17:30:05,002] {dagbag.py:508} INFO - Filling up the DagBag from /home/airflow/.local/lib/python3.7/site-packages/airflow/example_dags/example_xcom.py
[2023-11-25 17:30:05,026] {processor.py:651} INFO - DAG(s) dict_keys(['example_xcom']) retrieved from /home/airflow/.local/lib/python3.7/site-packages/airflow/example_dags/example_xcom.py
[2023-11-25 17:30:05,125] {logging_mixin.py:115} INFO - [2023-11-25 17:30:05,124] {dag.py:2420} INFO - Sync 1 DAGs
[2023-11-25 17:30:05,153] {logging_mixin.py:115} INFO - [2023-11-25 17:30:05,152] {dag.py:2972} INFO - Setting next_dagrun for example_xcom to 2021-01-01T00:00:00+00:00, run_after=2021-01-01T00:00:00+00:00
[2023-11-25 17:30:05,168] {processor.py:161} INFO - Processing /home/airflow/.local/lib/python3.7/site-packages/airflow/example_dags/example_xcom.py took 0.173 seconds
[2023-11-25 17:30:35,300] {processor.py:153} INFO - Started process (PID=311) to work on /home/airflow/.local/lib/python3.7/site-packages/airflow/example_dags/example_xcom.py
[2023-11-25 17:30:35,301] {processor.py:641} INFO - Processing file /home/airflow/.local/lib/python3.7/site-packages/airflow/example_dags/example_xcom.py for tasks to queue
[2023-11-25 17:30:35,302] {logging_mixin.py:115} INFO - [2023-11-25 17:30:35,301] {dagbag.py:508} INFO - Filling up the DagBag from /home/airflow/.local/lib/python3.7/site-packages/airflow/example_dags/example_xcom.py
[2023-11-25 17:30:35,325] {processor.py:651} INFO - DAG(s) dict_keys(['example_xcom']) retrieved from /home/airflow/.local/lib/python3.7/site-packages/airflow/example_dags/example_xcom.py
[2023-11-25 17:30:35,415] {logging_mixin.py:115} INFO - [2023-11-25 17:30:35,414] {dag.py:2420} INFO - Sync 1 DAGs
[2023-11-25 17:30:35,450] {logging_mixin.py:115} INFO - [2023-11-25 17:30:35,450] {dag.py:2972} INFO - Setting next_dagrun for example_xcom to 2021-01-01T00:00:00+00:00, run_after=2021-01-01T00:00:00+00:00
[2023-11-25 17:30:35,473] {processor.py:161} INFO - Processing /home/airflow/.local/lib/python3.7/site-packages/airflow/example_dags/example_xcom.py took 0.177 seconds
[2023-11-25 17:31:05,819] {processor.py:153} INFO - Started process (PID=372) to work on /home/airflow/.local/lib/python3.7/site-packages/airflow/example_dags/example_xcom.py
[2023-11-25 17:31:05,830] {processor.py:641} INFO - Processing file /home/airflow/.local/lib/python3.7/site-packages/airflow/example_dags/example_xcom.py for tasks to queue
[2023-11-25 17:31:05,831] {logging_mixin.py:115} INFO - [2023-11-25 17:31:05,831] {dagbag.py:508} INFO - Filling up the DagBag from /home/airflow/.local/lib/python3.7/site-packages/airflow/example_dags/example_xcom.py
[2023-11-25 17:31:05,876] {processor.py:651} INFO - DAG(s) dict_keys(['example_xcom']) retrieved from /home/airflow/.local/lib/python3.7/site-packages/airflow/example_dags/example_xcom.py
[2023-11-25 17:31:06,070] {logging_mixin.py:115} INFO - [2023-11-25 17:31:06,070] {dag.py:2420} INFO - Sync 1 DAGs
[2023-11-25 17:31:06,152] {logging_mixin.py:115} INFO - [2023-11-25 17:31:06,152] {dag.py:2972} INFO - Setting next_dagrun for example_xcom to 2021-01-01T00:00:00+00:00, run_after=2021-01-01T00:00:00+00:00
[2023-11-25 17:31:06,193] {processor.py:161} INFO - Processing /home/airflow/.local/lib/python3.7/site-packages/airflow/example_dags/example_xcom.py took 0.380 seconds
[2023-11-25 17:31:36,690] {processor.py:153} INFO - Started process (PID=433) to work on /home/airflow/.local/lib/python3.7/site-packages/airflow/example_dags/example_xcom.py
[2023-11-25 17:31:36,691] {processor.py:641} INFO - Processing file /home/airflow/.local/lib/python3.7/site-packages/airflow/example_dags/example_xcom.py for tasks to queue
[2023-11-25 17:31:36,692] {logging_mixin.py:115} INFO - [2023-11-25 17:31:36,692] {dagbag.py:508} INFO - Filling up the DagBag from /home/airflow/.local/lib/python3.7/site-packages/airflow/example_dags/example_xcom.py
[2023-11-25 17:31:36,713] {processor.py:651} INFO - DAG(s) dict_keys(['example_xcom']) retrieved from /home/airflow/.local/lib/python3.7/site-packages/airflow/example_dags/example_xcom.py
[2023-11-25 17:31:36,799] {logging_mixin.py:115} INFO - [2023-11-25 17:31:36,799] {dag.py:2420} INFO - Sync 1 DAGs
[2023-11-25 17:31:36,824] {logging_mixin.py:115} INFO - [2023-11-25 17:31:36,824] {dag.py:2972} INFO - Setting next_dagrun for example_xcom to 2021-01-01T00:00:00+00:00, run_after=2021-01-01T00:00:00+00:00
[2023-11-25 17:31:36,839] {processor.py:161} INFO - Processing /home/airflow/.local/lib/python3.7/site-packages/airflow/example_dags/example_xcom.py took 0.153 seconds
[2023-11-25 17:32:07,283] {processor.py:153} INFO - Started process (PID=485) to work on /home/airflow/.local/lib/python3.7/site-packages/airflow/example_dags/example_xcom.py
[2023-11-25 17:32:07,284] {processor.py:641} INFO - Processing file /home/airflow/.local/lib/python3.7/site-packages/airflow/example_dags/example_xcom.py for tasks to queue
[2023-11-25 17:32:07,285] {logging_mixin.py:115} INFO - [2023-11-25 17:32:07,285] {dagbag.py:508} INFO - Filling up the DagBag from /home/airflow/.local/lib/python3.7/site-packages/airflow/example_dags/example_xcom.py
[2023-11-25 17:32:07,307] {processor.py:651} INFO - DAG(s) dict_keys(['example_xcom']) retrieved from /home/airflow/.local/lib/python3.7/site-packages/airflow/example_dags/example_xcom.py
[2023-11-25 17:32:07,423] {logging_mixin.py:115} INFO - [2023-11-25 17:32:07,423] {dag.py:2420} INFO - Sync 1 DAGs
[2023-11-25 17:32:07,472] {logging_mixin.py:115} INFO - [2023-11-25 17:32:07,472] {dag.py:2972} INFO - Setting next_dagrun for example_xcom to 2021-01-01T00:00:00+00:00, run_after=2021-01-01T00:00:00+00:00
[2023-11-25 17:32:07,487] {processor.py:161} INFO - Processing /home/airflow/.local/lib/python3.7/site-packages/airflow/example_dags/example_xcom.py took 0.209 seconds
[2023-11-25 17:32:37,968] {processor.py:153} INFO - Started process (PID=546) to work on /home/airflow/.local/lib/python3.7/site-packages/airflow/example_dags/example_xcom.py
[2023-11-25 17:32:37,969] {processor.py:641} INFO - Processing file /home/airflow/.local/lib/python3.7/site-packages/airflow/example_dags/example_xcom.py for tasks to queue
[2023-11-25 17:32:37,970] {logging_mixin.py:115} INFO - [2023-11-25 17:32:37,970] {dagbag.py:508} INFO - Filling up the DagBag from /home/airflow/.local/lib/python3.7/site-packages/airflow/example_dags/example_xcom.py
[2023-11-25 17:32:37,993] {processor.py:651} INFO - DAG(s) dict_keys(['example_xcom']) retrieved from /home/airflow/.local/lib/python3.7/site-packages/airflow/example_dags/example_xcom.py
[2023-11-25 17:32:38,117] {logging_mixin.py:115} INFO - [2023-11-25 17:32:38,117] {dag.py:2420} INFO - Sync 1 DAGs
[2023-11-25 17:32:38,163] {logging_mixin.py:115} INFO - [2023-11-25 17:32:38,162] {dag.py:2972} INFO - Setting next_dagrun for example_xcom to 2021-01-01T00:00:00+00:00, run_after=2021-01-01T00:00:00+00:00
[2023-11-25 17:32:38,182] {processor.py:161} INFO - Processing /home/airflow/.local/lib/python3.7/site-packages/airflow/example_dags/example_xcom.py took 0.218 seconds
[2023-11-25 17:33:08,473] {processor.py:153} INFO - Started process (PID=607) to work on /home/airflow/.local/lib/python3.7/site-packages/airflow/example_dags/example_xcom.py
[2023-11-25 17:33:08,474] {processor.py:641} INFO - Processing file /home/airflow/.local/lib/python3.7/site-packages/airflow/example_dags/example_xcom.py for tasks to queue
[2023-11-25 17:33:08,475] {logging_mixin.py:115} INFO - [2023-11-25 17:33:08,475] {dagbag.py:508} INFO - Filling up the DagBag from /home/airflow/.local/lib/python3.7/site-packages/airflow/example_dags/example_xcom.py
[2023-11-25 17:33:08,497] {processor.py:651} INFO - DAG(s) dict_keys(['example_xcom']) retrieved from /home/airflow/.local/lib/python3.7/site-packages/airflow/example_dags/example_xcom.py
[2023-11-25 17:33:08,583] {logging_mixin.py:115} INFO - [2023-11-25 17:33:08,583] {dag.py:2420} INFO - Sync 1 DAGs
[2023-11-25 17:33:08,609] {logging_mixin.py:115} INFO - [2023-11-25 17:33:08,609] {dag.py:2972} INFO - Setting next_dagrun for example_xcom to 2021-01-01T00:00:00+00:00, run_after=2021-01-01T00:00:00+00:00
[2023-11-25 17:33:08,624] {processor.py:161} INFO - Processing /home/airflow/.local/lib/python3.7/site-packages/airflow/example_dags/example_xcom.py took 0.156 seconds
[2023-11-25 17:33:38,776] {processor.py:153} INFO - Started process (PID=659) to work on /home/airflow/.local/lib/python3.7/site-packages/airflow/example_dags/example_xcom.py
[2023-11-25 17:33:38,777] {processor.py:641} INFO - Processing file /home/airflow/.local/lib/python3.7/site-packages/airflow/example_dags/example_xcom.py for tasks to queue
[2023-11-25 17:33:38,777] {logging_mixin.py:115} INFO - [2023-11-25 17:33:38,777] {dagbag.py:508} INFO - Filling up the DagBag from /home/airflow/.local/lib/python3.7/site-packages/airflow/example_dags/example_xcom.py
[2023-11-25 17:33:38,799] {processor.py:651} INFO - DAG(s) dict_keys(['example_xcom']) retrieved from /home/airflow/.local/lib/python3.7/site-packages/airflow/example_dags/example_xcom.py
[2023-11-25 17:33:38,886] {logging_mixin.py:115} INFO - [2023-11-25 17:33:38,886] {dag.py:2420} INFO - Sync 1 DAGs
[2023-11-25 17:33:38,914] {logging_mixin.py:115} INFO - [2023-11-25 17:33:38,914] {dag.py:2972} INFO - Setting next_dagrun for example_xcom to 2021-01-01T00:00:00+00:00, run_after=2021-01-01T00:00:00+00:00
[2023-11-25 17:33:38,928] {processor.py:161} INFO - Processing /home/airflow/.local/lib/python3.7/site-packages/airflow/example_dags/example_xcom.py took 0.157 seconds
[2023-11-25 17:34:09,574] {processor.py:153} INFO - Started process (PID=720) to work on /home/airflow/.local/lib/python3.7/site-packages/airflow/example_dags/example_xcom.py
[2023-11-25 17:34:09,575] {processor.py:641} INFO - Processing file /home/airflow/.local/lib/python3.7/site-packages/airflow/example_dags/example_xcom.py for tasks to queue
[2023-11-25 17:34:09,576] {logging_mixin.py:115} INFO - [2023-11-25 17:34:09,576] {dagbag.py:508} INFO - Filling up the DagBag from /home/airflow/.local/lib/python3.7/site-packages/airflow/example_dags/example_xcom.py
[2023-11-25 17:34:09,597] {processor.py:651} INFO - DAG(s) dict_keys(['example_xcom']) retrieved from /home/airflow/.local/lib/python3.7/site-packages/airflow/example_dags/example_xcom.py
[2023-11-25 17:34:09,680] {logging_mixin.py:115} INFO - [2023-11-25 17:34:09,680] {dag.py:2420} INFO - Sync 1 DAGs
[2023-11-25 17:34:09,707] {logging_mixin.py:115} INFO - [2023-11-25 17:34:09,706] {dag.py:2972} INFO - Setting next_dagrun for example_xcom to 2021-01-01T00:00:00+00:00, run_after=2021-01-01T00:00:00+00:00
[2023-11-25 17:34:09,722] {processor.py:161} INFO - Processing /home/airflow/.local/lib/python3.7/site-packages/airflow/example_dags/example_xcom.py took 0.153 seconds
[2023-11-25 17:34:39,939] {processor.py:153} INFO - Started process (PID=772) to work on /home/airflow/.local/lib/python3.7/site-packages/airflow/example_dags/example_xcom.py
[2023-11-25 17:34:39,939] {processor.py:641} INFO - Processing file /home/airflow/.local/lib/python3.7/site-packages/airflow/example_dags/example_xcom.py for tasks to queue
[2023-11-25 17:34:39,940] {logging_mixin.py:115} INFO - [2023-11-25 17:34:39,940] {dagbag.py:508} INFO - Filling up the DagBag from /home/airflow/.local/lib/python3.7/site-packages/airflow/example_dags/example_xcom.py
[2023-11-25 17:34:39,980] {processor.py:651} INFO - DAG(s) dict_keys(['example_xcom']) retrieved from /home/airflow/.local/lib/python3.7/site-packages/airflow/example_dags/example_xcom.py
[2023-11-25 17:34:40,172] {logging_mixin.py:115} INFO - [2023-11-25 17:34:40,172] {dag.py:2420} INFO - Sync 1 DAGs
[2023-11-25 17:34:40,230] {logging_mixin.py:115} INFO - [2023-11-25 17:34:40,230] {dag.py:2972} INFO - Setting next_dagrun for example_xcom to 2021-01-01T00:00:00+00:00, run_after=2021-01-01T00:00:00+00:00
[2023-11-25 17:34:40,275] {processor.py:161} INFO - Processing /home/airflow/.local/lib/python3.7/site-packages/airflow/example_dags/example_xcom.py took 0.342 seconds
[2023-11-25 17:35:10,479] {processor.py:153} INFO - Started process (PID=833) to work on /home/airflow/.local/lib/python3.7/site-packages/airflow/example_dags/example_xcom.py
[2023-11-25 17:35:10,480] {processor.py:641} INFO - Processing file /home/airflow/.local/lib/python3.7/site-packages/airflow/example_dags/example_xcom.py for tasks to queue
[2023-11-25 17:35:10,480] {logging_mixin.py:115} INFO - [2023-11-25 17:35:10,480] {dagbag.py:508} INFO - Filling up the DagBag from /home/airflow/.local/lib/python3.7/site-packages/airflow/example_dags/example_xcom.py
[2023-11-25 17:35:10,502] {processor.py:651} INFO - DAG(s) dict_keys(['example_xcom']) retrieved from /home/airflow/.local/lib/python3.7/site-packages/airflow/example_dags/example_xcom.py
[2023-11-25 17:35:10,589] {logging_mixin.py:115} INFO - [2023-11-25 17:35:10,589] {dag.py:2420} INFO - Sync 1 DAGs
[2023-11-25 17:35:10,617] {logging_mixin.py:115} INFO - [2023-11-25 17:35:10,617] {dag.py:2972} INFO - Setting next_dagrun for example_xcom to 2021-01-01T00:00:00+00:00, run_after=2021-01-01T00:00:00+00:00
[2023-11-25 17:35:10,633] {processor.py:161} INFO - Processing /home/airflow/.local/lib/python3.7/site-packages/airflow/example_dags/example_xcom.py took 0.160 seconds
[2023-11-25 17:35:41,076] {processor.py:153} INFO - Started process (PID=895) to work on /home/airflow/.local/lib/python3.7/site-packages/airflow/example_dags/example_xcom.py
[2023-11-25 17:35:41,077] {processor.py:641} INFO - Processing file /home/airflow/.local/lib/python3.7/site-packages/airflow/example_dags/example_xcom.py for tasks to queue
[2023-11-25 17:35:41,077] {logging_mixin.py:115} INFO - [2023-11-25 17:35:41,077] {dagbag.py:508} INFO - Filling up the DagBag from /home/airflow/.local/lib/python3.7/site-packages/airflow/example_dags/example_xcom.py
[2023-11-25 17:35:41,117] {processor.py:651} INFO - DAG(s) dict_keys(['example_xcom']) retrieved from /home/airflow/.local/lib/python3.7/site-packages/airflow/example_dags/example_xcom.py
[2023-11-25 17:35:41,272] {logging_mixin.py:115} INFO - [2023-11-25 17:35:41,272] {dag.py:2420} INFO - Sync 1 DAGs
[2023-11-25 17:35:41,302] {logging_mixin.py:115} INFO - [2023-11-25 17:35:41,302] {dag.py:2972} INFO - Setting next_dagrun for example_xcom to 2021-01-01T00:00:00+00:00, run_after=2021-01-01T00:00:00+00:00
[2023-11-25 17:35:41,330] {processor.py:161} INFO - Processing /home/airflow/.local/lib/python3.7/site-packages/airflow/example_dags/example_xcom.py took 0.259 seconds
[2023-11-25 17:36:11,748] {processor.py:153} INFO - Started process (PID=947) to work on /home/airflow/.local/lib/python3.7/site-packages/airflow/example_dags/example_xcom.py
[2023-11-25 17:36:11,749] {processor.py:641} INFO - Processing file /home/airflow/.local/lib/python3.7/site-packages/airflow/example_dags/example_xcom.py for tasks to queue
[2023-11-25 17:36:11,750] {logging_mixin.py:115} INFO - [2023-11-25 17:36:11,750] {dagbag.py:508} INFO - Filling up the DagBag from /home/airflow/.local/lib/python3.7/site-packages/airflow/example_dags/example_xcom.py
[2023-11-25 17:36:11,771] {processor.py:651} INFO - DAG(s) dict_keys(['example_xcom']) retrieved from /home/airflow/.local/lib/python3.7/site-packages/airflow/example_dags/example_xcom.py
[2023-11-25 17:36:11,858] {logging_mixin.py:115} INFO - [2023-11-25 17:36:11,858] {dag.py:2420} INFO - Sync 1 DAGs
[2023-11-25 17:36:11,885] {logging_mixin.py:115} INFO - [2023-11-25 17:36:11,885] {dag.py:2972} INFO - Setting next_dagrun for example_xcom to 2021-01-01T00:00:00+00:00, run_after=2021-01-01T00:00:00+00:00
[2023-11-25 17:36:11,899] {processor.py:161} INFO - Processing /home/airflow/.local/lib/python3.7/site-packages/airflow/example_dags/example_xcom.py took 0.156 seconds
[2023-11-25 17:36:42,253] {processor.py:153} INFO - Started process (PID=1008) to work on /home/airflow/.local/lib/python3.7/site-packages/airflow/example_dags/example_xcom.py
[2023-11-25 17:36:42,254] {processor.py:641} INFO - Processing file /home/airflow/.local/lib/python3.7/site-packages/airflow/example_dags/example_xcom.py for tasks to queue
[2023-11-25 17:36:42,254] {logging_mixin.py:115} INFO - [2023-11-25 17:36:42,254] {dagbag.py:508} INFO - Filling up the DagBag from /home/airflow/.local/lib/python3.7/site-packages/airflow/example_dags/example_xcom.py
[2023-11-25 17:36:42,279] {processor.py:651} INFO - DAG(s) dict_keys(['example_xcom']) retrieved from /home/airflow/.local/lib/python3.7/site-packages/airflow/example_dags/example_xcom.py
[2023-11-25 17:36:42,364] {logging_mixin.py:115} INFO - [2023-11-25 17:36:42,364] {dag.py:2420} INFO - Sync 1 DAGs
[2023-11-25 17:36:42,394] {logging_mixin.py:115} INFO - [2023-11-25 17:36:42,394] {dag.py:2972} INFO - Setting next_dagrun for example_xcom to 2021-01-01T00:00:00+00:00, run_after=2021-01-01T00:00:00+00:00
[2023-11-25 17:36:42,408] {processor.py:161} INFO - Processing /home/airflow/.local/lib/python3.7/site-packages/airflow/example_dags/example_xcom.py took 0.160 seconds
[2023-11-25 17:37:12,637] {processor.py:153} INFO - Started process (PID=1069) to work on /home/airflow/.local/lib/python3.7/site-packages/airflow/example_dags/example_xcom.py
[2023-11-25 17:37:12,638] {processor.py:641} INFO - Processing file /home/airflow/.local/lib/python3.7/site-packages/airflow/example_dags/example_xcom.py for tasks to queue
[2023-11-25 17:37:12,639] {logging_mixin.py:115} INFO - [2023-11-25 17:37:12,639] {dagbag.py:508} INFO - Filling up the DagBag from /home/airflow/.local/lib/python3.7/site-packages/airflow/example_dags/example_xcom.py
[2023-11-25 17:37:12,661] {processor.py:651} INFO - DAG(s) dict_keys(['example_xcom']) retrieved from /home/airflow/.local/lib/python3.7/site-packages/airflow/example_dags/example_xcom.py
[2023-11-25 17:37:12,748] {logging_mixin.py:115} INFO - [2023-11-25 17:37:12,748] {dag.py:2420} INFO - Sync 1 DAGs
[2023-11-25 17:37:12,774] {logging_mixin.py:115} INFO - [2023-11-25 17:37:12,774] {dag.py:2972} INFO - Setting next_dagrun for example_xcom to 2021-01-01T00:00:00+00:00, run_after=2021-01-01T00:00:00+00:00
[2023-11-25 17:37:12,789] {processor.py:161} INFO - Processing /home/airflow/.local/lib/python3.7/site-packages/airflow/example_dags/example_xcom.py took 0.157 seconds
[2023-11-25 17:37:43,278] {processor.py:153} INFO - Started process (PID=1121) to work on /home/airflow/.local/lib/python3.7/site-packages/airflow/example_dags/example_xcom.py
[2023-11-25 17:37:43,279] {processor.py:641} INFO - Processing file /home/airflow/.local/lib/python3.7/site-packages/airflow/example_dags/example_xcom.py for tasks to queue
[2023-11-25 17:37:43,280] {logging_mixin.py:115} INFO - [2023-11-25 17:37:43,280] {dagbag.py:508} INFO - Filling up the DagBag from /home/airflow/.local/lib/python3.7/site-packages/airflow/example_dags/example_xcom.py
[2023-11-25 17:37:43,302] {processor.py:651} INFO - DAG(s) dict_keys(['example_xcom']) retrieved from /home/airflow/.local/lib/python3.7/site-packages/airflow/example_dags/example_xcom.py
[2023-11-25 17:37:43,399] {logging_mixin.py:115} INFO - [2023-11-25 17:37:43,399] {dag.py:2420} INFO - Sync 1 DAGs
[2023-11-25 17:37:43,425] {logging_mixin.py:115} INFO - [2023-11-25 17:37:43,425] {dag.py:2972} INFO - Setting next_dagrun for example_xcom to 2021-01-01T00:00:00+00:00, run_after=2021-01-01T00:00:00+00:00
[2023-11-25 17:37:43,439] {processor.py:161} INFO - Processing /home/airflow/.local/lib/python3.7/site-packages/airflow/example_dags/example_xcom.py took 0.167 seconds
[2023-11-25 17:38:13,893] {processor.py:153} INFO - Started process (PID=1181) to work on /home/airflow/.local/lib/python3.7/site-packages/airflow/example_dags/example_xcom.py
[2023-11-25 17:38:13,894] {processor.py:641} INFO - Processing file /home/airflow/.local/lib/python3.7/site-packages/airflow/example_dags/example_xcom.py for tasks to queue
[2023-11-25 17:38:13,895] {logging_mixin.py:115} INFO - [2023-11-25 17:38:13,894] {dagbag.py:508} INFO - Filling up the DagBag from /home/airflow/.local/lib/python3.7/site-packages/airflow/example_dags/example_xcom.py
[2023-11-25 17:38:13,936] {processor.py:651} INFO - DAG(s) dict_keys(['example_xcom']) retrieved from /home/airflow/.local/lib/python3.7/site-packages/airflow/example_dags/example_xcom.py
[2023-11-25 17:38:13,984] {logging_mixin.py:115} INFO - [2023-11-25 17:38:13,984] {dag.py:2420} INFO - Sync 1 DAGs
[2023-11-25 17:38:14,039] {logging_mixin.py:115} INFO - [2023-11-25 17:38:14,039] {dag.py:2972} INFO - Setting next_dagrun for example_xcom to 2021-01-01T00:00:00+00:00, run_after=2021-01-01T00:00:00+00:00
[2023-11-25 17:38:14,070] {processor.py:161} INFO - Processing /home/airflow/.local/lib/python3.7/site-packages/airflow/example_dags/example_xcom.py took 0.182 seconds
[2023-11-25 17:38:44,117] {processor.py:153} INFO - Started process (PID=1244) to work on /home/airflow/.local/lib/python3.7/site-packages/airflow/example_dags/example_xcom.py
[2023-11-25 17:38:44,118] {processor.py:641} INFO - Processing file /home/airflow/.local/lib/python3.7/site-packages/airflow/example_dags/example_xcom.py for tasks to queue
[2023-11-25 17:38:44,118] {logging_mixin.py:115} INFO - [2023-11-25 17:38:44,118] {dagbag.py:508} INFO - Filling up the DagBag from /home/airflow/.local/lib/python3.7/site-packages/airflow/example_dags/example_xcom.py
[2023-11-25 17:38:44,161] {processor.py:651} INFO - DAG(s) dict_keys(['example_xcom']) retrieved from /home/airflow/.local/lib/python3.7/site-packages/airflow/example_dags/example_xcom.py
[2023-11-25 17:38:44,319] {logging_mixin.py:115} INFO - [2023-11-25 17:38:44,319] {dag.py:2420} INFO - Sync 1 DAGs
[2023-11-25 17:38:44,359] {logging_mixin.py:115} INFO - [2023-11-25 17:38:44,359] {dag.py:2972} INFO - Setting next_dagrun for example_xcom to 2021-01-01T00:00:00+00:00, run_after=2021-01-01T00:00:00+00:00
[2023-11-25 17:38:44,376] {processor.py:161} INFO - Processing /home/airflow/.local/lib/python3.7/site-packages/airflow/example_dags/example_xcom.py took 0.264 seconds
[2023-11-25 17:39:14,884] {processor.py:153} INFO - Started process (PID=1298) to work on /home/airflow/.local/lib/python3.7/site-packages/airflow/example_dags/example_xcom.py
[2023-11-25 17:39:14,885] {processor.py:641} INFO - Processing file /home/airflow/.local/lib/python3.7/site-packages/airflow/example_dags/example_xcom.py for tasks to queue
[2023-11-25 17:39:14,885] {logging_mixin.py:115} INFO - [2023-11-25 17:39:14,885] {dagbag.py:508} INFO - Filling up the DagBag from /home/airflow/.local/lib/python3.7/site-packages/airflow/example_dags/example_xcom.py
[2023-11-25 17:39:14,907] {processor.py:651} INFO - DAG(s) dict_keys(['example_xcom']) retrieved from /home/airflow/.local/lib/python3.7/site-packages/airflow/example_dags/example_xcom.py
[2023-11-25 17:39:14,959] {logging_mixin.py:115} INFO - [2023-11-25 17:39:14,958] {dag.py:2420} INFO - Sync 1 DAGs
[2023-11-25 17:39:15,010] {logging_mixin.py:115} INFO - [2023-11-25 17:39:15,010] {dag.py:2972} INFO - Setting next_dagrun for example_xcom to 2021-01-01T00:00:00+00:00, run_after=2021-01-01T00:00:00+00:00
[2023-11-25 17:39:15,030] {processor.py:161} INFO - Processing /home/airflow/.local/lib/python3.7/site-packages/airflow/example_dags/example_xcom.py took 0.151 seconds
[2023-11-25 17:39:45,712] {processor.py:153} INFO - Started process (PID=1361) to work on /home/airflow/.local/lib/python3.7/site-packages/airflow/example_dags/example_xcom.py
[2023-11-25 17:39:45,718] {processor.py:641} INFO - Processing file /home/airflow/.local/lib/python3.7/site-packages/airflow/example_dags/example_xcom.py for tasks to queue
[2023-11-25 17:39:45,719] {logging_mixin.py:115} INFO - [2023-11-25 17:39:45,719] {dagbag.py:508} INFO - Filling up the DagBag from /home/airflow/.local/lib/python3.7/site-packages/airflow/example_dags/example_xcom.py
[2023-11-25 17:39:45,741] {processor.py:651} INFO - DAG(s) dict_keys(['example_xcom']) retrieved from /home/airflow/.local/lib/python3.7/site-packages/airflow/example_dags/example_xcom.py
[2023-11-25 17:39:45,837] {logging_mixin.py:115} INFO - [2023-11-25 17:39:45,837] {dag.py:2420} INFO - Sync 1 DAGs
[2023-11-25 17:39:45,862] {logging_mixin.py:115} INFO - [2023-11-25 17:39:45,861] {dag.py:2972} INFO - Setting next_dagrun for example_xcom to 2021-01-01T00:00:00+00:00, run_after=2021-01-01T00:00:00+00:00
[2023-11-25 17:39:45,876] {processor.py:161} INFO - Processing /home/airflow/.local/lib/python3.7/site-packages/airflow/example_dags/example_xcom.py took 0.173 seconds
[2023-11-25 17:40:16,337] {processor.py:153} INFO - Started process (PID=1423) to work on /home/airflow/.local/lib/python3.7/site-packages/airflow/example_dags/example_xcom.py
[2023-11-25 17:40:16,338] {processor.py:641} INFO - Processing file /home/airflow/.local/lib/python3.7/site-packages/airflow/example_dags/example_xcom.py for tasks to queue
[2023-11-25 17:40:16,339] {logging_mixin.py:115} INFO - [2023-11-25 17:40:16,339] {dagbag.py:508} INFO - Filling up the DagBag from /home/airflow/.local/lib/python3.7/site-packages/airflow/example_dags/example_xcom.py
[2023-11-25 17:40:16,398] {processor.py:651} INFO - DAG(s) dict_keys(['example_xcom']) retrieved from /home/airflow/.local/lib/python3.7/site-packages/airflow/example_dags/example_xcom.py
[2023-11-25 17:40:16,560] {logging_mixin.py:115} INFO - [2023-11-25 17:40:16,560] {dag.py:2420} INFO - Sync 1 DAGs
[2023-11-25 17:40:16,610] {logging_mixin.py:115} INFO - [2023-11-25 17:40:16,610] {dag.py:2972} INFO - Setting next_dagrun for example_xcom to 2021-01-01T00:00:00+00:00, run_after=2021-01-01T00:00:00+00:00
[2023-11-25 17:40:16,650] {processor.py:161} INFO - Processing /home/airflow/.local/lib/python3.7/site-packages/airflow/example_dags/example_xcom.py took 0.318 seconds
[2023-11-25 17:40:46,997] {processor.py:153} INFO - Started process (PID=1477) to work on /home/airflow/.local/lib/python3.7/site-packages/airflow/example_dags/example_xcom.py
[2023-11-25 17:40:46,998] {processor.py:641} INFO - Processing file /home/airflow/.local/lib/python3.7/site-packages/airflow/example_dags/example_xcom.py for tasks to queue
[2023-11-25 17:40:46,999] {logging_mixin.py:115} INFO - [2023-11-25 17:40:46,998] {dagbag.py:508} INFO - Filling up the DagBag from /home/airflow/.local/lib/python3.7/site-packages/airflow/example_dags/example_xcom.py
[2023-11-25 17:40:47,032] {processor.py:651} INFO - DAG(s) dict_keys(['example_xcom']) retrieved from /home/airflow/.local/lib/python3.7/site-packages/airflow/example_dags/example_xcom.py
[2023-11-25 17:40:47,213] {logging_mixin.py:115} INFO - [2023-11-25 17:40:47,213] {dag.py:2420} INFO - Sync 1 DAGs
[2023-11-25 17:40:47,255] {logging_mixin.py:115} INFO - [2023-11-25 17:40:47,254] {dag.py:2972} INFO - Setting next_dagrun for example_xcom to 2021-01-01T00:00:00+00:00, run_after=2021-01-01T00:00:00+00:00
[2023-11-25 17:40:47,276] {processor.py:161} INFO - Processing /home/airflow/.local/lib/python3.7/site-packages/airflow/example_dags/example_xcom.py took 0.284 seconds
[2023-11-25 17:41:17,565] {processor.py:153} INFO - Started process (PID=1540) to work on /home/airflow/.local/lib/python3.7/site-packages/airflow/example_dags/example_xcom.py
[2023-11-25 17:41:17,566] {processor.py:641} INFO - Processing file /home/airflow/.local/lib/python3.7/site-packages/airflow/example_dags/example_xcom.py for tasks to queue
[2023-11-25 17:41:17,566] {logging_mixin.py:115} INFO - [2023-11-25 17:41:17,566] {dagbag.py:508} INFO - Filling up the DagBag from /home/airflow/.local/lib/python3.7/site-packages/airflow/example_dags/example_xcom.py
[2023-11-25 17:41:17,589] {processor.py:651} INFO - DAG(s) dict_keys(['example_xcom']) retrieved from /home/airflow/.local/lib/python3.7/site-packages/airflow/example_dags/example_xcom.py
[2023-11-25 17:41:17,675] {logging_mixin.py:115} INFO - [2023-11-25 17:41:17,675] {dag.py:2420} INFO - Sync 1 DAGs
[2023-11-25 17:41:17,700] {logging_mixin.py:115} INFO - [2023-11-25 17:41:17,700] {dag.py:2972} INFO - Setting next_dagrun for example_xcom to 2021-01-01T00:00:00+00:00, run_after=2021-01-01T00:00:00+00:00
[2023-11-25 17:41:17,716] {processor.py:161} INFO - Processing /home/airflow/.local/lib/python3.7/site-packages/airflow/example_dags/example_xcom.py took 0.156 seconds
[2023-11-25 17:41:48,559] {processor.py:153} INFO - Started process (PID=1603) to work on /home/airflow/.local/lib/python3.7/site-packages/airflow/example_dags/example_xcom.py
[2023-11-25 17:41:48,560] {processor.py:641} INFO - Processing file /home/airflow/.local/lib/python3.7/site-packages/airflow/example_dags/example_xcom.py for tasks to queue
[2023-11-25 17:41:48,560] {logging_mixin.py:115} INFO - [2023-11-25 17:41:48,560] {dagbag.py:508} INFO - Filling up the DagBag from /home/airflow/.local/lib/python3.7/site-packages/airflow/example_dags/example_xcom.py
[2023-11-25 17:41:48,598] {processor.py:651} INFO - DAG(s) dict_keys(['example_xcom']) retrieved from /home/airflow/.local/lib/python3.7/site-packages/airflow/example_dags/example_xcom.py
[2023-11-25 17:41:48,838] {logging_mixin.py:115} INFO - [2023-11-25 17:41:48,838] {dag.py:2420} INFO - Sync 1 DAGs
[2023-11-25 17:41:48,874] {logging_mixin.py:115} INFO - [2023-11-25 17:41:48,874] {dag.py:2972} INFO - Setting next_dagrun for example_xcom to 2021-01-01T00:00:00+00:00, run_after=2021-01-01T00:00:00+00:00
[2023-11-25 17:41:48,901] {processor.py:161} INFO - Processing /home/airflow/.local/lib/python3.7/site-packages/airflow/example_dags/example_xcom.py took 0.347 seconds
[2023-11-25 17:42:19,428] {processor.py:153} INFO - Started process (PID=1657) to work on /home/airflow/.local/lib/python3.7/site-packages/airflow/example_dags/example_xcom.py
[2023-11-25 17:42:19,430] {processor.py:641} INFO - Processing file /home/airflow/.local/lib/python3.7/site-packages/airflow/example_dags/example_xcom.py for tasks to queue
[2023-11-25 17:42:19,431] {logging_mixin.py:115} INFO - [2023-11-25 17:42:19,430] {dagbag.py:508} INFO - Filling up the DagBag from /home/airflow/.local/lib/python3.7/site-packages/airflow/example_dags/example_xcom.py
[2023-11-25 17:42:19,461] {processor.py:651} INFO - DAG(s) dict_keys(['example_xcom']) retrieved from /home/airflow/.local/lib/python3.7/site-packages/airflow/example_dags/example_xcom.py
[2023-11-25 17:42:19,584] {logging_mixin.py:115} INFO - [2023-11-25 17:42:19,584] {dag.py:2420} INFO - Sync 1 DAGs
[2023-11-25 17:42:19,613] {logging_mixin.py:115} INFO - [2023-11-25 17:42:19,612] {dag.py:2972} INFO - Setting next_dagrun for example_xcom to 2021-01-01T00:00:00+00:00, run_after=2021-01-01T00:00:00+00:00
[2023-11-25 17:42:19,627] {processor.py:161} INFO - Processing /home/airflow/.local/lib/python3.7/site-packages/airflow/example_dags/example_xcom.py took 0.204 seconds
[2023-11-25 17:42:49,851] {processor.py:153} INFO - Started process (PID=1721) to work on /home/airflow/.local/lib/python3.7/site-packages/airflow/example_dags/example_xcom.py
[2023-11-25 17:42:49,851] {processor.py:641} INFO - Processing file /home/airflow/.local/lib/python3.7/site-packages/airflow/example_dags/example_xcom.py for tasks to queue
[2023-11-25 17:42:49,852] {logging_mixin.py:115} INFO - [2023-11-25 17:42:49,852] {dagbag.py:508} INFO - Filling up the DagBag from /home/airflow/.local/lib/python3.7/site-packages/airflow/example_dags/example_xcom.py
[2023-11-25 17:42:49,878] {processor.py:651} INFO - DAG(s) dict_keys(['example_xcom']) retrieved from /home/airflow/.local/lib/python3.7/site-packages/airflow/example_dags/example_xcom.py
[2023-11-25 17:42:49,970] {logging_mixin.py:115} INFO - [2023-11-25 17:42:49,970] {dag.py:2420} INFO - Sync 1 DAGs
[2023-11-25 17:42:49,993] {logging_mixin.py:115} INFO - [2023-11-25 17:42:49,993] {dag.py:2972} INFO - Setting next_dagrun for example_xcom to 2021-01-01T00:00:00+00:00, run_after=2021-01-01T00:00:00+00:00
[2023-11-25 17:42:50,008] {processor.py:161} INFO - Processing /home/airflow/.local/lib/python3.7/site-packages/airflow/example_dags/example_xcom.py took 0.162 seconds
[2023-11-25 17:43:20,475] {processor.py:153} INFO - Started process (PID=1775) to work on /home/airflow/.local/lib/python3.7/site-packages/airflow/example_dags/example_xcom.py
[2023-11-25 17:43:20,476] {processor.py:641} INFO - Processing file /home/airflow/.local/lib/python3.7/site-packages/airflow/example_dags/example_xcom.py for tasks to queue
[2023-11-25 17:43:20,476] {logging_mixin.py:115} INFO - [2023-11-25 17:43:20,476] {dagbag.py:508} INFO - Filling up the DagBag from /home/airflow/.local/lib/python3.7/site-packages/airflow/example_dags/example_xcom.py
[2023-11-25 17:43:20,498] {processor.py:651} INFO - DAG(s) dict_keys(['example_xcom']) retrieved from /home/airflow/.local/lib/python3.7/site-packages/airflow/example_dags/example_xcom.py
[2023-11-25 17:43:20,582] {logging_mixin.py:115} INFO - [2023-11-25 17:43:20,581] {dag.py:2420} INFO - Sync 1 DAGs
[2023-11-25 17:43:20,610] {logging_mixin.py:115} INFO - [2023-11-25 17:43:20,610] {dag.py:2972} INFO - Setting next_dagrun for example_xcom to 2021-01-01T00:00:00+00:00, run_after=2021-01-01T00:00:00+00:00
[2023-11-25 17:43:20,630] {processor.py:161} INFO - Processing /home/airflow/.local/lib/python3.7/site-packages/airflow/example_dags/example_xcom.py took 0.160 seconds
[2023-11-25 17:43:51,341] {processor.py:153} INFO - Started process (PID=1838) to work on /home/airflow/.local/lib/python3.7/site-packages/airflow/example_dags/example_xcom.py
[2023-11-25 17:43:51,342] {processor.py:641} INFO - Processing file /home/airflow/.local/lib/python3.7/site-packages/airflow/example_dags/example_xcom.py for tasks to queue
[2023-11-25 17:43:51,343] {logging_mixin.py:115} INFO - [2023-11-25 17:43:51,343] {dagbag.py:508} INFO - Filling up the DagBag from /home/airflow/.local/lib/python3.7/site-packages/airflow/example_dags/example_xcom.py
[2023-11-25 17:43:51,364] {processor.py:651} INFO - DAG(s) dict_keys(['example_xcom']) retrieved from /home/airflow/.local/lib/python3.7/site-packages/airflow/example_dags/example_xcom.py
[2023-11-25 17:43:51,453] {logging_mixin.py:115} INFO - [2023-11-25 17:43:51,453] {dag.py:2420} INFO - Sync 1 DAGs
[2023-11-25 17:43:51,477] {logging_mixin.py:115} INFO - [2023-11-25 17:43:51,477] {dag.py:2972} INFO - Setting next_dagrun for example_xcom to 2021-01-01T00:00:00+00:00, run_after=2021-01-01T00:00:00+00:00
[2023-11-25 17:43:51,491] {processor.py:161} INFO - Processing /home/airflow/.local/lib/python3.7/site-packages/airflow/example_dags/example_xcom.py took 0.154 seconds
[2023-11-25 17:44:21,913] {processor.py:153} INFO - Started process (PID=1903) to work on /home/airflow/.local/lib/python3.7/site-packages/airflow/example_dags/example_xcom.py
[2023-11-25 17:44:21,914] {processor.py:641} INFO - Processing file /home/airflow/.local/lib/python3.7/site-packages/airflow/example_dags/example_xcom.py for tasks to queue
[2023-11-25 17:44:21,914] {logging_mixin.py:115} INFO - [2023-11-25 17:44:21,914] {dagbag.py:508} INFO - Filling up the DagBag from /home/airflow/.local/lib/python3.7/site-packages/airflow/example_dags/example_xcom.py
[2023-11-25 17:44:21,973] {processor.py:651} INFO - DAG(s) dict_keys(['example_xcom']) retrieved from /home/airflow/.local/lib/python3.7/site-packages/airflow/example_dags/example_xcom.py
[2023-11-25 17:44:22,050] {logging_mixin.py:115} INFO - [2023-11-25 17:44:22,050] {dag.py:2420} INFO - Sync 1 DAGs
[2023-11-25 17:44:22,151] {logging_mixin.py:115} INFO - [2023-11-25 17:44:22,150] {dag.py:2972} INFO - Setting next_dagrun for example_xcom to 2021-01-01T00:00:00+00:00, run_after=2021-01-01T00:00:00+00:00
[2023-11-25 17:44:22,190] {processor.py:161} INFO - Processing /home/airflow/.local/lib/python3.7/site-packages/airflow/example_dags/example_xcom.py took 0.299 seconds
[2023-11-25 17:44:52,884] {processor.py:153} INFO - Started process (PID=1957) to work on /home/airflow/.local/lib/python3.7/site-packages/airflow/example_dags/example_xcom.py
[2023-11-25 17:44:52,885] {processor.py:641} INFO - Processing file /home/airflow/.local/lib/python3.7/site-packages/airflow/example_dags/example_xcom.py for tasks to queue
[2023-11-25 17:44:52,886] {logging_mixin.py:115} INFO - [2023-11-25 17:44:52,885] {dagbag.py:508} INFO - Filling up the DagBag from /home/airflow/.local/lib/python3.7/site-packages/airflow/example_dags/example_xcom.py
[2023-11-25 17:44:52,907] {processor.py:651} INFO - DAG(s) dict_keys(['example_xcom']) retrieved from /home/airflow/.local/lib/python3.7/site-packages/airflow/example_dags/example_xcom.py
[2023-11-25 17:44:52,994] {logging_mixin.py:115} INFO - [2023-11-25 17:44:52,994] {dag.py:2420} INFO - Sync 1 DAGs
[2023-11-25 17:44:53,018] {logging_mixin.py:115} INFO - [2023-11-25 17:44:53,018] {dag.py:2972} INFO - Setting next_dagrun for example_xcom to 2021-01-01T00:00:00+00:00, run_after=2021-01-01T00:00:00+00:00
[2023-11-25 17:44:53,036] {processor.py:161} INFO - Processing /home/airflow/.local/lib/python3.7/site-packages/airflow/example_dags/example_xcom.py took 0.157 seconds
[2023-11-25 17:45:23,562] {processor.py:153} INFO - Started process (PID=2020) to work on /home/airflow/.local/lib/python3.7/site-packages/airflow/example_dags/example_xcom.py
[2023-11-25 17:45:23,563] {processor.py:641} INFO - Processing file /home/airflow/.local/lib/python3.7/site-packages/airflow/example_dags/example_xcom.py for tasks to queue
[2023-11-25 17:45:23,563] {logging_mixin.py:115} INFO - [2023-11-25 17:45:23,563] {dagbag.py:508} INFO - Filling up the DagBag from /home/airflow/.local/lib/python3.7/site-packages/airflow/example_dags/example_xcom.py
[2023-11-25 17:45:23,585] {processor.py:651} INFO - DAG(s) dict_keys(['example_xcom']) retrieved from /home/airflow/.local/lib/python3.7/site-packages/airflow/example_dags/example_xcom.py
[2023-11-25 17:45:23,624] {logging_mixin.py:115} INFO - [2023-11-25 17:45:23,624] {dag.py:2420} INFO - Sync 1 DAGs
[2023-11-25 17:45:23,670] {logging_mixin.py:115} INFO - [2023-11-25 17:45:23,670] {dag.py:2972} INFO - Setting next_dagrun for example_xcom to 2021-01-01T00:00:00+00:00, run_after=2021-01-01T00:00:00+00:00
[2023-11-25 17:45:23,690] {processor.py:161} INFO - Processing /home/airflow/.local/lib/python3.7/site-packages/airflow/example_dags/example_xcom.py took 0.133 seconds
[2023-11-25 17:45:54,443] {processor.py:153} INFO - Started process (PID=2083) to work on /home/airflow/.local/lib/python3.7/site-packages/airflow/example_dags/example_xcom.py
[2023-11-25 17:45:54,450] {processor.py:641} INFO - Processing file /home/airflow/.local/lib/python3.7/site-packages/airflow/example_dags/example_xcom.py for tasks to queue
[2023-11-25 17:45:54,451] {logging_mixin.py:115} INFO - [2023-11-25 17:45:54,450] {dagbag.py:508} INFO - Filling up the DagBag from /home/airflow/.local/lib/python3.7/site-packages/airflow/example_dags/example_xcom.py
[2023-11-25 17:45:54,490] {processor.py:651} INFO - DAG(s) dict_keys(['example_xcom']) retrieved from /home/airflow/.local/lib/python3.7/site-packages/airflow/example_dags/example_xcom.py
[2023-11-25 17:45:54,620] {logging_mixin.py:115} INFO - [2023-11-25 17:45:54,620] {dag.py:2420} INFO - Sync 1 DAGs
[2023-11-25 17:45:54,652] {logging_mixin.py:115} INFO - [2023-11-25 17:45:54,652] {dag.py:2972} INFO - Setting next_dagrun for example_xcom to 2021-01-01T00:00:00+00:00, run_after=2021-01-01T00:00:00+00:00
[2023-11-25 17:45:54,670] {processor.py:161} INFO - Processing /home/airflow/.local/lib/python3.7/site-packages/airflow/example_dags/example_xcom.py took 0.232 seconds
[2023-11-25 17:46:25,517] {processor.py:153} INFO - Started process (PID=2137) to work on /home/airflow/.local/lib/python3.7/site-packages/airflow/example_dags/example_xcom.py
[2023-11-25 17:46:25,518] {processor.py:641} INFO - Processing file /home/airflow/.local/lib/python3.7/site-packages/airflow/example_dags/example_xcom.py for tasks to queue
[2023-11-25 17:46:25,518] {logging_mixin.py:115} INFO - [2023-11-25 17:46:25,518] {dagbag.py:508} INFO - Filling up the DagBag from /home/airflow/.local/lib/python3.7/site-packages/airflow/example_dags/example_xcom.py
[2023-11-25 17:46:25,541] {processor.py:651} INFO - DAG(s) dict_keys(['example_xcom']) retrieved from /home/airflow/.local/lib/python3.7/site-packages/airflow/example_dags/example_xcom.py
[2023-11-25 17:46:25,637] {logging_mixin.py:115} INFO - [2023-11-25 17:46:25,637] {dag.py:2420} INFO - Sync 1 DAGs
[2023-11-25 17:46:25,661] {logging_mixin.py:115} INFO - [2023-11-25 17:46:25,661] {dag.py:2972} INFO - Setting next_dagrun for example_xcom to 2021-01-01T00:00:00+00:00, run_after=2021-01-01T00:00:00+00:00
[2023-11-25 17:46:25,680] {processor.py:161} INFO - Processing /home/airflow/.local/lib/python3.7/site-packages/airflow/example_dags/example_xcom.py took 0.168 seconds
[2023-11-25 17:46:56,030] {processor.py:153} INFO - Started process (PID=2199) to work on /home/airflow/.local/lib/python3.7/site-packages/airflow/example_dags/example_xcom.py
[2023-11-25 17:46:56,031] {processor.py:641} INFO - Processing file /home/airflow/.local/lib/python3.7/site-packages/airflow/example_dags/example_xcom.py for tasks to queue
[2023-11-25 17:46:56,031] {logging_mixin.py:115} INFO - [2023-11-25 17:46:56,031] {dagbag.py:508} INFO - Filling up the DagBag from /home/airflow/.local/lib/python3.7/site-packages/airflow/example_dags/example_xcom.py
[2023-11-25 17:46:56,058] {processor.py:651} INFO - DAG(s) dict_keys(['example_xcom']) retrieved from /home/airflow/.local/lib/python3.7/site-packages/airflow/example_dags/example_xcom.py
[2023-11-25 17:46:56,134] {logging_mixin.py:115} INFO - [2023-11-25 17:46:56,134] {dag.py:2420} INFO - Sync 1 DAGs
[2023-11-25 17:46:56,195] {logging_mixin.py:115} INFO - [2023-11-25 17:46:56,194] {dag.py:2972} INFO - Setting next_dagrun for example_xcom to 2021-01-01T00:00:00+00:00, run_after=2021-01-01T00:00:00+00:00
[2023-11-25 17:46:56,230] {processor.py:161} INFO - Processing /home/airflow/.local/lib/python3.7/site-packages/airflow/example_dags/example_xcom.py took 0.213 seconds
[2023-11-25 17:47:26,480] {processor.py:153} INFO - Started process (PID=2262) to work on /home/airflow/.local/lib/python3.7/site-packages/airflow/example_dags/example_xcom.py
[2023-11-25 17:47:26,481] {processor.py:641} INFO - Processing file /home/airflow/.local/lib/python3.7/site-packages/airflow/example_dags/example_xcom.py for tasks to queue
[2023-11-25 17:47:26,481] {logging_mixin.py:115} INFO - [2023-11-25 17:47:26,481] {dagbag.py:508} INFO - Filling up the DagBag from /home/airflow/.local/lib/python3.7/site-packages/airflow/example_dags/example_xcom.py
[2023-11-25 17:47:26,512] {processor.py:651} INFO - DAG(s) dict_keys(['example_xcom']) retrieved from /home/airflow/.local/lib/python3.7/site-packages/airflow/example_dags/example_xcom.py
[2023-11-25 17:47:26,644] {logging_mixin.py:115} INFO - [2023-11-25 17:47:26,644] {dag.py:2420} INFO - Sync 1 DAGs
[2023-11-25 17:47:26,681] {logging_mixin.py:115} INFO - [2023-11-25 17:47:26,681] {dag.py:2972} INFO - Setting next_dagrun for example_xcom to 2021-01-01T00:00:00+00:00, run_after=2021-01-01T00:00:00+00:00
[2023-11-25 17:47:26,699] {processor.py:161} INFO - Processing /home/airflow/.local/lib/python3.7/site-packages/airflow/example_dags/example_xcom.py took 0.225 seconds
[2023-11-25 17:47:57,136] {processor.py:153} INFO - Started process (PID=2316) to work on /home/airflow/.local/lib/python3.7/site-packages/airflow/example_dags/example_xcom.py
[2023-11-25 17:47:57,137] {processor.py:641} INFO - Processing file /home/airflow/.local/lib/python3.7/site-packages/airflow/example_dags/example_xcom.py for tasks to queue
[2023-11-25 17:47:57,138] {logging_mixin.py:115} INFO - [2023-11-25 17:47:57,138] {dagbag.py:508} INFO - Filling up the DagBag from /home/airflow/.local/lib/python3.7/site-packages/airflow/example_dags/example_xcom.py
[2023-11-25 17:47:57,160] {processor.py:651} INFO - DAG(s) dict_keys(['example_xcom']) retrieved from /home/airflow/.local/lib/python3.7/site-packages/airflow/example_dags/example_xcom.py
[2023-11-25 17:47:57,252] {logging_mixin.py:115} INFO - [2023-11-25 17:47:57,252] {dag.py:2420} INFO - Sync 1 DAGs
[2023-11-25 17:47:57,282] {logging_mixin.py:115} INFO - [2023-11-25 17:47:57,282] {dag.py:2972} INFO - Setting next_dagrun for example_xcom to 2021-01-01T00:00:00+00:00, run_after=2021-01-01T00:00:00+00:00
[2023-11-25 17:47:57,296] {processor.py:161} INFO - Processing /home/airflow/.local/lib/python3.7/site-packages/airflow/example_dags/example_xcom.py took 0.165 seconds
[2023-11-25 17:48:28,076] {processor.py:153} INFO - Started process (PID=2380) to work on /home/airflow/.local/lib/python3.7/site-packages/airflow/example_dags/example_xcom.py
[2023-11-25 17:48:28,077] {processor.py:641} INFO - Processing file /home/airflow/.local/lib/python3.7/site-packages/airflow/example_dags/example_xcom.py for tasks to queue
[2023-11-25 17:48:28,078] {logging_mixin.py:115} INFO - [2023-11-25 17:48:28,078] {dagbag.py:508} INFO - Filling up the DagBag from /home/airflow/.local/lib/python3.7/site-packages/airflow/example_dags/example_xcom.py
[2023-11-25 17:48:28,100] {processor.py:651} INFO - DAG(s) dict_keys(['example_xcom']) retrieved from /home/airflow/.local/lib/python3.7/site-packages/airflow/example_dags/example_xcom.py
[2023-11-25 17:48:28,203] {logging_mixin.py:115} INFO - [2023-11-25 17:48:28,203] {dag.py:2420} INFO - Sync 1 DAGs
[2023-11-25 17:48:28,232] {logging_mixin.py:115} INFO - [2023-11-25 17:48:28,232] {dag.py:2972} INFO - Setting next_dagrun for example_xcom to 2021-01-01T00:00:00+00:00, run_after=2021-01-01T00:00:00+00:00
[2023-11-25 17:48:28,247] {processor.py:161} INFO - Processing /home/airflow/.local/lib/python3.7/site-packages/airflow/example_dags/example_xcom.py took 0.176 seconds
[2023-11-25 17:48:58,674] {processor.py:153} INFO - Started process (PID=2446) to work on /home/airflow/.local/lib/python3.7/site-packages/airflow/example_dags/example_xcom.py
[2023-11-25 17:48:58,674] {processor.py:641} INFO - Processing file /home/airflow/.local/lib/python3.7/site-packages/airflow/example_dags/example_xcom.py for tasks to queue
[2023-11-25 17:48:58,675] {logging_mixin.py:115} INFO - [2023-11-25 17:48:58,675] {dagbag.py:508} INFO - Filling up the DagBag from /home/airflow/.local/lib/python3.7/site-packages/airflow/example_dags/example_xcom.py
[2023-11-25 17:48:58,710] {processor.py:651} INFO - DAG(s) dict_keys(['example_xcom']) retrieved from /home/airflow/.local/lib/python3.7/site-packages/airflow/example_dags/example_xcom.py
[2023-11-25 17:48:58,856] {logging_mixin.py:115} INFO - [2023-11-25 17:48:58,856] {dag.py:2420} INFO - Sync 1 DAGs
[2023-11-25 17:48:58,913] {logging_mixin.py:115} INFO - [2023-11-25 17:48:58,913] {dag.py:2972} INFO - Setting next_dagrun for example_xcom to 2021-01-01T00:00:00+00:00, run_after=2021-01-01T00:00:00+00:00
[2023-11-25 17:48:58,928] {processor.py:161} INFO - Processing /home/airflow/.local/lib/python3.7/site-packages/airflow/example_dags/example_xcom.py took 0.259 seconds
[2023-11-25 17:49:29,052] {processor.py:153} INFO - Started process (PID=2500) to work on /home/airflow/.local/lib/python3.7/site-packages/airflow/example_dags/example_xcom.py
[2023-11-25 17:49:29,053] {processor.py:641} INFO - Processing file /home/airflow/.local/lib/python3.7/site-packages/airflow/example_dags/example_xcom.py for tasks to queue
[2023-11-25 17:49:29,054] {logging_mixin.py:115} INFO - [2023-11-25 17:49:29,054] {dagbag.py:508} INFO - Filling up the DagBag from /home/airflow/.local/lib/python3.7/site-packages/airflow/example_dags/example_xcom.py
[2023-11-25 17:49:29,078] {processor.py:651} INFO - DAG(s) dict_keys(['example_xcom']) retrieved from /home/airflow/.local/lib/python3.7/site-packages/airflow/example_dags/example_xcom.py
[2023-11-25 17:49:29,190] {logging_mixin.py:115} INFO - [2023-11-25 17:49:29,190] {dag.py:2420} INFO - Sync 1 DAGs
[2023-11-25 17:49:29,218] {logging_mixin.py:115} INFO - [2023-11-25 17:49:29,218] {dag.py:2972} INFO - Setting next_dagrun for example_xcom to 2021-01-01T00:00:00+00:00, run_after=2021-01-01T00:00:00+00:00
[2023-11-25 17:49:29,233] {processor.py:161} INFO - Processing /home/airflow/.local/lib/python3.7/site-packages/airflow/example_dags/example_xcom.py took 0.186 seconds
[2023-11-25 17:49:59,409] {processor.py:153} INFO - Started process (PID=2563) to work on /home/airflow/.local/lib/python3.7/site-packages/airflow/example_dags/example_xcom.py
[2023-11-25 17:49:59,410] {processor.py:641} INFO - Processing file /home/airflow/.local/lib/python3.7/site-packages/airflow/example_dags/example_xcom.py for tasks to queue
[2023-11-25 17:49:59,411] {logging_mixin.py:115} INFO - [2023-11-25 17:49:59,411] {dagbag.py:508} INFO - Filling up the DagBag from /home/airflow/.local/lib/python3.7/site-packages/airflow/example_dags/example_xcom.py
[2023-11-25 17:49:59,433] {processor.py:651} INFO - DAG(s) dict_keys(['example_xcom']) retrieved from /home/airflow/.local/lib/python3.7/site-packages/airflow/example_dags/example_xcom.py
[2023-11-25 17:49:59,529] {logging_mixin.py:115} INFO - [2023-11-25 17:49:59,529] {dag.py:2420} INFO - Sync 1 DAGs
[2023-11-25 17:49:59,554] {logging_mixin.py:115} INFO - [2023-11-25 17:49:59,554] {dag.py:2972} INFO - Setting next_dagrun for example_xcom to 2021-01-01T00:00:00+00:00, run_after=2021-01-01T00:00:00+00:00
[2023-11-25 17:49:59,568] {processor.py:161} INFO - Processing /home/airflow/.local/lib/python3.7/site-packages/airflow/example_dags/example_xcom.py took 0.164 seconds
[2023-11-25 17:50:29,753] {processor.py:153} INFO - Started process (PID=2617) to work on /home/airflow/.local/lib/python3.7/site-packages/airflow/example_dags/example_xcom.py
[2023-11-25 17:50:29,754] {processor.py:641} INFO - Processing file /home/airflow/.local/lib/python3.7/site-packages/airflow/example_dags/example_xcom.py for tasks to queue
[2023-11-25 17:50:29,755] {logging_mixin.py:115} INFO - [2023-11-25 17:50:29,755] {dagbag.py:508} INFO - Filling up the DagBag from /home/airflow/.local/lib/python3.7/site-packages/airflow/example_dags/example_xcom.py
[2023-11-25 17:50:29,780] {processor.py:651} INFO - DAG(s) dict_keys(['example_xcom']) retrieved from /home/airflow/.local/lib/python3.7/site-packages/airflow/example_dags/example_xcom.py
[2023-11-25 17:50:29,917] {logging_mixin.py:115} INFO - [2023-11-25 17:50:29,917] {dag.py:2420} INFO - Sync 1 DAGs
[2023-11-25 17:50:29,975] {logging_mixin.py:115} INFO - [2023-11-25 17:50:29,974] {dag.py:2972} INFO - Setting next_dagrun for example_xcom to 2021-01-01T00:00:00+00:00, run_after=2021-01-01T00:00:00+00:00
[2023-11-25 17:50:30,011] {processor.py:161} INFO - Processing /home/airflow/.local/lib/python3.7/site-packages/airflow/example_dags/example_xcom.py took 0.262 seconds
[2023-11-25 17:51:00,399] {processor.py:153} INFO - Started process (PID=2679) to work on /home/airflow/.local/lib/python3.7/site-packages/airflow/example_dags/example_xcom.py
[2023-11-25 17:51:00,400] {processor.py:641} INFO - Processing file /home/airflow/.local/lib/python3.7/site-packages/airflow/example_dags/example_xcom.py for tasks to queue
[2023-11-25 17:51:00,400] {logging_mixin.py:115} INFO - [2023-11-25 17:51:00,400] {dagbag.py:508} INFO - Filling up the DagBag from /home/airflow/.local/lib/python3.7/site-packages/airflow/example_dags/example_xcom.py
[2023-11-25 17:51:00,425] {processor.py:651} INFO - DAG(s) dict_keys(['example_xcom']) retrieved from /home/airflow/.local/lib/python3.7/site-packages/airflow/example_dags/example_xcom.py
[2023-11-25 17:51:00,545] {logging_mixin.py:115} INFO - [2023-11-25 17:51:00,545] {dag.py:2420} INFO - Sync 1 DAGs
[2023-11-25 17:51:00,569] {logging_mixin.py:115} INFO - [2023-11-25 17:51:00,569] {dag.py:2972} INFO - Setting next_dagrun for example_xcom to 2021-01-01T00:00:00+00:00, run_after=2021-01-01T00:00:00+00:00
[2023-11-25 17:51:00,584] {processor.py:161} INFO - Processing /home/airflow/.local/lib/python3.7/site-packages/airflow/example_dags/example_xcom.py took 0.191 seconds
[2023-11-25 17:51:31,057] {processor.py:153} INFO - Started process (PID=2741) to work on /home/airflow/.local/lib/python3.7/site-packages/airflow/example_dags/example_xcom.py
[2023-11-25 17:51:31,058] {processor.py:641} INFO - Processing file /home/airflow/.local/lib/python3.7/site-packages/airflow/example_dags/example_xcom.py for tasks to queue
[2023-11-25 17:51:31,058] {logging_mixin.py:115} INFO - [2023-11-25 17:51:31,058] {dagbag.py:508} INFO - Filling up the DagBag from /home/airflow/.local/lib/python3.7/site-packages/airflow/example_dags/example_xcom.py
[2023-11-25 17:51:31,084] {processor.py:651} INFO - DAG(s) dict_keys(['example_xcom']) retrieved from /home/airflow/.local/lib/python3.7/site-packages/airflow/example_dags/example_xcom.py
[2023-11-25 17:51:31,199] {logging_mixin.py:115} INFO - [2023-11-25 17:51:31,198] {dag.py:2420} INFO - Sync 1 DAGs
[2023-11-25 17:51:31,224] {logging_mixin.py:115} INFO - [2023-11-25 17:51:31,224] {dag.py:2972} INFO - Setting next_dagrun for example_xcom to 2021-01-01T00:00:00+00:00, run_after=2021-01-01T00:00:00+00:00
[2023-11-25 17:51:31,241] {processor.py:161} INFO - Processing /home/airflow/.local/lib/python3.7/site-packages/airflow/example_dags/example_xcom.py took 0.189 seconds
[2023-11-25 17:52:01,316] {processor.py:153} INFO - Started process (PID=2794) to work on /home/airflow/.local/lib/python3.7/site-packages/airflow/example_dags/example_xcom.py
[2023-11-25 17:52:01,317] {processor.py:641} INFO - Processing file /home/airflow/.local/lib/python3.7/site-packages/airflow/example_dags/example_xcom.py for tasks to queue
[2023-11-25 17:52:01,317] {logging_mixin.py:115} INFO - [2023-11-25 17:52:01,317] {dagbag.py:508} INFO - Filling up the DagBag from /home/airflow/.local/lib/python3.7/site-packages/airflow/example_dags/example_xcom.py
[2023-11-25 17:52:01,339] {processor.py:651} INFO - DAG(s) dict_keys(['example_xcom']) retrieved from /home/airflow/.local/lib/python3.7/site-packages/airflow/example_dags/example_xcom.py
[2023-11-25 17:52:01,380] {logging_mixin.py:115} INFO - [2023-11-25 17:52:01,380] {dag.py:2420} INFO - Sync 1 DAGs
[2023-11-25 17:52:01,407] {logging_mixin.py:115} INFO - [2023-11-25 17:52:01,407] {dag.py:2972} INFO - Setting next_dagrun for example_xcom to 2021-01-01T00:00:00+00:00, run_after=2021-01-01T00:00:00+00:00
[2023-11-25 17:52:01,421] {processor.py:161} INFO - Processing /home/airflow/.local/lib/python3.7/site-packages/airflow/example_dags/example_xcom.py took 0.110 seconds
[2023-11-25 17:52:31,930] {processor.py:153} INFO - Started process (PID=2856) to work on /home/airflow/.local/lib/python3.7/site-packages/airflow/example_dags/example_xcom.py
[2023-11-25 17:52:31,931] {processor.py:641} INFO - Processing file /home/airflow/.local/lib/python3.7/site-packages/airflow/example_dags/example_xcom.py for tasks to queue
[2023-11-25 17:52:31,932] {logging_mixin.py:115} INFO - [2023-11-25 17:52:31,932] {dagbag.py:508} INFO - Filling up the DagBag from /home/airflow/.local/lib/python3.7/site-packages/airflow/example_dags/example_xcom.py
[2023-11-25 17:52:31,972] {processor.py:651} INFO - DAG(s) dict_keys(['example_xcom']) retrieved from /home/airflow/.local/lib/python3.7/site-packages/airflow/example_dags/example_xcom.py
[2023-11-25 17:52:32,037] {logging_mixin.py:115} INFO - [2023-11-25 17:52:32,037] {dag.py:2420} INFO - Sync 1 DAGs
[2023-11-25 17:52:32,094] {logging_mixin.py:115} INFO - [2023-11-25 17:52:32,094] {dag.py:2972} INFO - Setting next_dagrun for example_xcom to 2021-01-01T00:00:00+00:00, run_after=2021-01-01T00:00:00+00:00
[2023-11-25 17:52:32,118] {processor.py:161} INFO - Processing /home/airflow/.local/lib/python3.7/site-packages/airflow/example_dags/example_xcom.py took 0.201 seconds
[2023-11-25 17:53:02,494] {processor.py:153} INFO - Started process (PID=2908) to work on /home/airflow/.local/lib/python3.7/site-packages/airflow/example_dags/example_xcom.py
[2023-11-25 17:53:02,495] {processor.py:641} INFO - Processing file /home/airflow/.local/lib/python3.7/site-packages/airflow/example_dags/example_xcom.py for tasks to queue
[2023-11-25 17:53:02,495] {logging_mixin.py:115} INFO - [2023-11-25 17:53:02,495] {dagbag.py:508} INFO - Filling up the DagBag from /home/airflow/.local/lib/python3.7/site-packages/airflow/example_dags/example_xcom.py
[2023-11-25 17:53:02,528] {processor.py:651} INFO - DAG(s) dict_keys(['example_xcom']) retrieved from /home/airflow/.local/lib/python3.7/site-packages/airflow/example_dags/example_xcom.py
[2023-11-25 17:53:02,615] {logging_mixin.py:115} INFO - [2023-11-25 17:53:02,615] {dag.py:2420} INFO - Sync 1 DAGs
[2023-11-25 17:53:02,655] {logging_mixin.py:115} INFO - [2023-11-25 17:53:02,654] {dag.py:2972} INFO - Setting next_dagrun for example_xcom to 2021-01-01T00:00:00+00:00, run_after=2021-01-01T00:00:00+00:00
[2023-11-25 17:53:02,677] {processor.py:161} INFO - Processing /home/airflow/.local/lib/python3.7/site-packages/airflow/example_dags/example_xcom.py took 0.188 seconds
[2023-11-25 17:53:33,282] {processor.py:153} INFO - Started process (PID=2971) to work on /home/airflow/.local/lib/python3.7/site-packages/airflow/example_dags/example_xcom.py
[2023-11-25 17:53:33,283] {processor.py:641} INFO - Processing file /home/airflow/.local/lib/python3.7/site-packages/airflow/example_dags/example_xcom.py for tasks to queue
[2023-11-25 17:53:33,283] {logging_mixin.py:115} INFO - [2023-11-25 17:53:33,283] {dagbag.py:508} INFO - Filling up the DagBag from /home/airflow/.local/lib/python3.7/site-packages/airflow/example_dags/example_xcom.py
[2023-11-25 17:53:33,313] {processor.py:651} INFO - DAG(s) dict_keys(['example_xcom']) retrieved from /home/airflow/.local/lib/python3.7/site-packages/airflow/example_dags/example_xcom.py
[2023-11-25 17:53:33,452] {logging_mixin.py:115} INFO - [2023-11-25 17:53:33,451] {dag.py:2420} INFO - Sync 1 DAGs
[2023-11-25 17:53:33,487] {logging_mixin.py:115} INFO - [2023-11-25 17:53:33,487] {dag.py:2972} INFO - Setting next_dagrun for example_xcom to 2021-01-01T00:00:00+00:00, run_after=2021-01-01T00:00:00+00:00
[2023-11-25 17:53:33,503] {processor.py:161} INFO - Processing /home/airflow/.local/lib/python3.7/site-packages/airflow/example_dags/example_xcom.py took 0.226 seconds
[2023-11-25 17:54:03,719] {processor.py:153} INFO - Started process (PID=3034) to work on /home/airflow/.local/lib/python3.7/site-packages/airflow/example_dags/example_xcom.py
[2023-11-25 17:54:03,720] {processor.py:641} INFO - Processing file /home/airflow/.local/lib/python3.7/site-packages/airflow/example_dags/example_xcom.py for tasks to queue
[2023-11-25 17:54:03,720] {logging_mixin.py:115} INFO - [2023-11-25 17:54:03,720] {dagbag.py:508} INFO - Filling up the DagBag from /home/airflow/.local/lib/python3.7/site-packages/airflow/example_dags/example_xcom.py
[2023-11-25 17:54:03,772] {processor.py:651} INFO - DAG(s) dict_keys(['example_xcom']) retrieved from /home/airflow/.local/lib/python3.7/site-packages/airflow/example_dags/example_xcom.py
[2023-11-25 17:54:03,908] {logging_mixin.py:115} INFO - [2023-11-25 17:54:03,908] {dag.py:2420} INFO - Sync 1 DAGs
[2023-11-25 17:54:03,937] {logging_mixin.py:115} INFO - [2023-11-25 17:54:03,937] {dag.py:2972} INFO - Setting next_dagrun for example_xcom to 2021-01-01T00:00:00+00:00, run_after=2021-01-01T00:00:00+00:00
[2023-11-25 17:54:03,953] {processor.py:161} INFO - Processing /home/airflow/.local/lib/python3.7/site-packages/airflow/example_dags/example_xcom.py took 0.240 seconds
