[2023-11-25 17:28:38,593] {processor.py:153} INFO - Started process (PID=103) to work on /home/airflow/.local/lib/python3.7/site-packages/airflow/example_dags/tutorial_etl_dag.py
[2023-11-25 17:28:38,594] {processor.py:641} INFO - Processing file /home/airflow/.local/lib/python3.7/site-packages/airflow/example_dags/tutorial_etl_dag.py for tasks to queue
[2023-11-25 17:28:38,610] {logging_mixin.py:115} INFO - [2023-11-25 17:28:38,609] {dagbag.py:508} INFO - Filling up the DagBag from /home/airflow/.local/lib/python3.7/site-packages/airflow/example_dags/tutorial_etl_dag.py
[2023-11-25 17:28:38,650] {processor.py:651} INFO - DAG(s) dict_keys(['tutorial_etl_dag']) retrieved from /home/airflow/.local/lib/python3.7/site-packages/airflow/example_dags/tutorial_etl_dag.py
[2023-11-25 17:28:39,296] {logging_mixin.py:115} INFO - [2023-11-25 17:28:39,296] {manager.py:508} INFO - Created Permission View: can delete on DAG:tutorial_etl_dag
[2023-11-25 17:28:39,354] {logging_mixin.py:115} INFO - [2023-11-25 17:28:39,353] {manager.py:508} INFO - Created Permission View: can edit on DAG:tutorial_etl_dag
[2023-11-25 17:28:39,415] {logging_mixin.py:115} INFO - [2023-11-25 17:28:39,415] {manager.py:508} INFO - Created Permission View: can read on DAG:tutorial_etl_dag
[2023-11-25 17:28:39,415] {logging_mixin.py:115} INFO - [2023-11-25 17:28:39,415] {dag.py:2420} INFO - Sync 1 DAGs
[2023-11-25 17:28:39,455] {logging_mixin.py:115} INFO - [2023-11-25 17:28:39,455] {dag.py:2439} INFO - Creating ORM DAG for tutorial_etl_dag
[2023-11-25 17:28:39,556] {logging_mixin.py:115} INFO - [2023-11-25 17:28:39,556] {dag.py:2972} INFO - Setting next_dagrun for tutorial_etl_dag to None, run_after=None
[2023-11-25 17:28:39,634] {processor.py:161} INFO - Processing /home/airflow/.local/lib/python3.7/site-packages/airflow/example_dags/tutorial_etl_dag.py took 1.081 seconds
[2023-11-25 17:29:10,456] {processor.py:153} INFO - Started process (PID=156) to work on /home/airflow/.local/lib/python3.7/site-packages/airflow/example_dags/tutorial_etl_dag.py
[2023-11-25 17:29:10,492] {processor.py:641} INFO - Processing file /home/airflow/.local/lib/python3.7/site-packages/airflow/example_dags/tutorial_etl_dag.py for tasks to queue
[2023-11-25 17:29:10,493] {logging_mixin.py:115} INFO - [2023-11-25 17:29:10,493] {dagbag.py:508} INFO - Filling up the DagBag from /home/airflow/.local/lib/python3.7/site-packages/airflow/example_dags/tutorial_etl_dag.py
[2023-11-25 17:29:10,503] {processor.py:651} INFO - DAG(s) dict_keys(['tutorial_etl_dag']) retrieved from /home/airflow/.local/lib/python3.7/site-packages/airflow/example_dags/tutorial_etl_dag.py
[2023-11-25 17:29:10,560] {logging_mixin.py:115} INFO - [2023-11-25 17:29:10,560] {dag.py:2420} INFO - Sync 1 DAGs
[2023-11-25 17:29:10,594] {logging_mixin.py:115} INFO - [2023-11-25 17:29:10,594] {dag.py:2972} INFO - Setting next_dagrun for tutorial_etl_dag to None, run_after=None
[2023-11-25 17:29:12,009] {processor.py:161} INFO - Processing /home/airflow/.local/lib/python3.7/site-packages/airflow/example_dags/tutorial_etl_dag.py took 1.558 seconds
[2023-11-25 17:29:42,622] {processor.py:153} INFO - Started process (PID=217) to work on /home/airflow/.local/lib/python3.7/site-packages/airflow/example_dags/tutorial_etl_dag.py
[2023-11-25 17:29:42,623] {processor.py:641} INFO - Processing file /home/airflow/.local/lib/python3.7/site-packages/airflow/example_dags/tutorial_etl_dag.py for tasks to queue
[2023-11-25 17:29:42,623] {logging_mixin.py:115} INFO - [2023-11-25 17:29:42,623] {dagbag.py:508} INFO - Filling up the DagBag from /home/airflow/.local/lib/python3.7/site-packages/airflow/example_dags/tutorial_etl_dag.py
[2023-11-25 17:29:42,638] {processor.py:651} INFO - DAG(s) dict_keys(['tutorial_etl_dag']) retrieved from /home/airflow/.local/lib/python3.7/site-packages/airflow/example_dags/tutorial_etl_dag.py
[2023-11-25 17:29:42,692] {logging_mixin.py:115} INFO - [2023-11-25 17:29:42,692] {dag.py:2420} INFO - Sync 1 DAGs
[2023-11-25 17:29:42,736] {logging_mixin.py:115} INFO - [2023-11-25 17:29:42,735] {dag.py:2972} INFO - Setting next_dagrun for tutorial_etl_dag to None, run_after=None
[2023-11-25 17:29:42,771] {processor.py:161} INFO - Processing /home/airflow/.local/lib/python3.7/site-packages/airflow/example_dags/tutorial_etl_dag.py took 0.154 seconds
[2023-11-25 17:30:12,817] {processor.py:153} INFO - Started process (PID=276) to work on /home/airflow/.local/lib/python3.7/site-packages/airflow/example_dags/tutorial_etl_dag.py
[2023-11-25 17:30:12,818] {processor.py:641} INFO - Processing file /home/airflow/.local/lib/python3.7/site-packages/airflow/example_dags/tutorial_etl_dag.py for tasks to queue
[2023-11-25 17:30:12,819] {logging_mixin.py:115} INFO - [2023-11-25 17:30:12,819] {dagbag.py:508} INFO - Filling up the DagBag from /home/airflow/.local/lib/python3.7/site-packages/airflow/example_dags/tutorial_etl_dag.py
[2023-11-25 17:30:12,837] {processor.py:651} INFO - DAG(s) dict_keys(['tutorial_etl_dag']) retrieved from /home/airflow/.local/lib/python3.7/site-packages/airflow/example_dags/tutorial_etl_dag.py
[2023-11-25 17:30:12,896] {logging_mixin.py:115} INFO - [2023-11-25 17:30:12,896] {dag.py:2420} INFO - Sync 1 DAGs
[2023-11-25 17:30:12,934] {logging_mixin.py:115} INFO - [2023-11-25 17:30:12,934] {dag.py:2972} INFO - Setting next_dagrun for tutorial_etl_dag to None, run_after=None
[2023-11-25 17:30:12,959] {processor.py:161} INFO - Processing /home/airflow/.local/lib/python3.7/site-packages/airflow/example_dags/tutorial_etl_dag.py took 0.146 seconds
[2023-11-25 17:30:43,023] {processor.py:153} INFO - Started process (PID=330) to work on /home/airflow/.local/lib/python3.7/site-packages/airflow/example_dags/tutorial_etl_dag.py
[2023-11-25 17:30:43,024] {processor.py:641} INFO - Processing file /home/airflow/.local/lib/python3.7/site-packages/airflow/example_dags/tutorial_etl_dag.py for tasks to queue
[2023-11-25 17:30:43,025] {logging_mixin.py:115} INFO - [2023-11-25 17:30:43,025] {dagbag.py:508} INFO - Filling up the DagBag from /home/airflow/.local/lib/python3.7/site-packages/airflow/example_dags/tutorial_etl_dag.py
[2023-11-25 17:30:43,036] {processor.py:651} INFO - DAG(s) dict_keys(['tutorial_etl_dag']) retrieved from /home/airflow/.local/lib/python3.7/site-packages/airflow/example_dags/tutorial_etl_dag.py
[2023-11-25 17:30:43,079] {logging_mixin.py:115} INFO - [2023-11-25 17:30:43,079] {dag.py:2420} INFO - Sync 1 DAGs
[2023-11-25 17:30:43,109] {logging_mixin.py:115} INFO - [2023-11-25 17:30:43,109] {dag.py:2972} INFO - Setting next_dagrun for tutorial_etl_dag to None, run_after=None
[2023-11-25 17:30:43,123] {processor.py:161} INFO - Processing /home/airflow/.local/lib/python3.7/site-packages/airflow/example_dags/tutorial_etl_dag.py took 0.106 seconds
[2023-11-25 17:31:13,904] {processor.py:153} INFO - Started process (PID=391) to work on /home/airflow/.local/lib/python3.7/site-packages/airflow/example_dags/tutorial_etl_dag.py
[2023-11-25 17:31:13,905] {processor.py:641} INFO - Processing file /home/airflow/.local/lib/python3.7/site-packages/airflow/example_dags/tutorial_etl_dag.py for tasks to queue
[2023-11-25 17:31:13,906] {logging_mixin.py:115} INFO - [2023-11-25 17:31:13,906] {dagbag.py:508} INFO - Filling up the DagBag from /home/airflow/.local/lib/python3.7/site-packages/airflow/example_dags/tutorial_etl_dag.py
[2023-11-25 17:31:13,916] {processor.py:651} INFO - DAG(s) dict_keys(['tutorial_etl_dag']) retrieved from /home/airflow/.local/lib/python3.7/site-packages/airflow/example_dags/tutorial_etl_dag.py
[2023-11-25 17:31:13,954] {logging_mixin.py:115} INFO - [2023-11-25 17:31:13,953] {dag.py:2420} INFO - Sync 1 DAGs
[2023-11-25 17:31:13,980] {logging_mixin.py:115} INFO - [2023-11-25 17:31:13,980] {dag.py:2972} INFO - Setting next_dagrun for tutorial_etl_dag to None, run_after=None
[2023-11-25 17:31:13,995] {processor.py:161} INFO - Processing /home/airflow/.local/lib/python3.7/site-packages/airflow/example_dags/tutorial_etl_dag.py took 0.095 seconds
[2023-11-25 17:31:44,418] {processor.py:153} INFO - Started process (PID=443) to work on /home/airflow/.local/lib/python3.7/site-packages/airflow/example_dags/tutorial_etl_dag.py
[2023-11-25 17:31:44,419] {processor.py:641} INFO - Processing file /home/airflow/.local/lib/python3.7/site-packages/airflow/example_dags/tutorial_etl_dag.py for tasks to queue
[2023-11-25 17:31:44,420] {logging_mixin.py:115} INFO - [2023-11-25 17:31:44,420] {dagbag.py:508} INFO - Filling up the DagBag from /home/airflow/.local/lib/python3.7/site-packages/airflow/example_dags/tutorial_etl_dag.py
[2023-11-25 17:31:44,430] {processor.py:651} INFO - DAG(s) dict_keys(['tutorial_etl_dag']) retrieved from /home/airflow/.local/lib/python3.7/site-packages/airflow/example_dags/tutorial_etl_dag.py
[2023-11-25 17:31:44,473] {logging_mixin.py:115} INFO - [2023-11-25 17:31:44,473] {dag.py:2420} INFO - Sync 1 DAGs
[2023-11-25 17:31:44,507] {logging_mixin.py:115} INFO - [2023-11-25 17:31:44,506] {dag.py:2972} INFO - Setting next_dagrun for tutorial_etl_dag to None, run_after=None
[2023-11-25 17:31:44,521] {processor.py:161} INFO - Processing /home/airflow/.local/lib/python3.7/site-packages/airflow/example_dags/tutorial_etl_dag.py took 0.107 seconds
[2023-11-25 17:32:15,110] {processor.py:153} INFO - Started process (PID=504) to work on /home/airflow/.local/lib/python3.7/site-packages/airflow/example_dags/tutorial_etl_dag.py
[2023-11-25 17:32:15,111] {processor.py:641} INFO - Processing file /home/airflow/.local/lib/python3.7/site-packages/airflow/example_dags/tutorial_etl_dag.py for tasks to queue
[2023-11-25 17:32:15,112] {logging_mixin.py:115} INFO - [2023-11-25 17:32:15,112] {dagbag.py:508} INFO - Filling up the DagBag from /home/airflow/.local/lib/python3.7/site-packages/airflow/example_dags/tutorial_etl_dag.py
[2023-11-25 17:32:15,124] {processor.py:651} INFO - DAG(s) dict_keys(['tutorial_etl_dag']) retrieved from /home/airflow/.local/lib/python3.7/site-packages/airflow/example_dags/tutorial_etl_dag.py
[2023-11-25 17:32:15,169] {logging_mixin.py:115} INFO - [2023-11-25 17:32:15,168] {dag.py:2420} INFO - Sync 1 DAGs
[2023-11-25 17:32:15,202] {logging_mixin.py:115} INFO - [2023-11-25 17:32:15,202] {dag.py:2972} INFO - Setting next_dagrun for tutorial_etl_dag to None, run_after=None
[2023-11-25 17:32:15,216] {processor.py:161} INFO - Processing /home/airflow/.local/lib/python3.7/site-packages/airflow/example_dags/tutorial_etl_dag.py took 0.111 seconds
[2023-11-25 17:32:45,703] {processor.py:153} INFO - Started process (PID=565) to work on /home/airflow/.local/lib/python3.7/site-packages/airflow/example_dags/tutorial_etl_dag.py
[2023-11-25 17:32:45,704] {processor.py:641} INFO - Processing file /home/airflow/.local/lib/python3.7/site-packages/airflow/example_dags/tutorial_etl_dag.py for tasks to queue
[2023-11-25 17:32:45,705] {logging_mixin.py:115} INFO - [2023-11-25 17:32:45,705] {dagbag.py:508} INFO - Filling up the DagBag from /home/airflow/.local/lib/python3.7/site-packages/airflow/example_dags/tutorial_etl_dag.py
[2023-11-25 17:32:45,715] {processor.py:651} INFO - DAG(s) dict_keys(['tutorial_etl_dag']) retrieved from /home/airflow/.local/lib/python3.7/site-packages/airflow/example_dags/tutorial_etl_dag.py
[2023-11-25 17:32:45,761] {logging_mixin.py:115} INFO - [2023-11-25 17:32:45,761] {dag.py:2420} INFO - Sync 1 DAGs
[2023-11-25 17:32:45,789] {logging_mixin.py:115} INFO - [2023-11-25 17:32:45,789] {dag.py:2972} INFO - Setting next_dagrun for tutorial_etl_dag to None, run_after=None
[2023-11-25 17:32:45,803] {processor.py:161} INFO - Processing /home/airflow/.local/lib/python3.7/site-packages/airflow/example_dags/tutorial_etl_dag.py took 0.104 seconds
[2023-11-25 17:33:16,079] {processor.py:153} INFO - Started process (PID=617) to work on /home/airflow/.local/lib/python3.7/site-packages/airflow/example_dags/tutorial_etl_dag.py
[2023-11-25 17:33:16,080] {processor.py:641} INFO - Processing file /home/airflow/.local/lib/python3.7/site-packages/airflow/example_dags/tutorial_etl_dag.py for tasks to queue
[2023-11-25 17:33:16,081] {logging_mixin.py:115} INFO - [2023-11-25 17:33:16,081] {dagbag.py:508} INFO - Filling up the DagBag from /home/airflow/.local/lib/python3.7/site-packages/airflow/example_dags/tutorial_etl_dag.py
[2023-11-25 17:33:16,101] {processor.py:651} INFO - DAG(s) dict_keys(['tutorial_etl_dag']) retrieved from /home/airflow/.local/lib/python3.7/site-packages/airflow/example_dags/tutorial_etl_dag.py
[2023-11-25 17:33:16,191] {logging_mixin.py:115} INFO - [2023-11-25 17:33:16,191] {dag.py:2420} INFO - Sync 1 DAGs
[2023-11-25 17:33:16,259] {logging_mixin.py:115} INFO - [2023-11-25 17:33:16,259] {dag.py:2972} INFO - Setting next_dagrun for tutorial_etl_dag to None, run_after=None
[2023-11-25 17:33:16,296] {processor.py:161} INFO - Processing /home/airflow/.local/lib/python3.7/site-packages/airflow/example_dags/tutorial_etl_dag.py took 0.222 seconds
[2023-11-25 17:33:46,573] {processor.py:153} INFO - Started process (PID=678) to work on /home/airflow/.local/lib/python3.7/site-packages/airflow/example_dags/tutorial_etl_dag.py
[2023-11-25 17:33:46,573] {processor.py:641} INFO - Processing file /home/airflow/.local/lib/python3.7/site-packages/airflow/example_dags/tutorial_etl_dag.py for tasks to queue
[2023-11-25 17:33:46,574] {logging_mixin.py:115} INFO - [2023-11-25 17:33:46,574] {dagbag.py:508} INFO - Filling up the DagBag from /home/airflow/.local/lib/python3.7/site-packages/airflow/example_dags/tutorial_etl_dag.py
[2023-11-25 17:33:46,584] {processor.py:651} INFO - DAG(s) dict_keys(['tutorial_etl_dag']) retrieved from /home/airflow/.local/lib/python3.7/site-packages/airflow/example_dags/tutorial_etl_dag.py
[2023-11-25 17:33:46,636] {logging_mixin.py:115} INFO - [2023-11-25 17:33:46,636] {dag.py:2420} INFO - Sync 1 DAGs
[2023-11-25 17:33:46,665] {logging_mixin.py:115} INFO - [2023-11-25 17:33:46,664] {dag.py:2972} INFO - Setting next_dagrun for tutorial_etl_dag to None, run_after=None
[2023-11-25 17:33:46,679] {processor.py:161} INFO - Processing /home/airflow/.local/lib/python3.7/site-packages/airflow/example_dags/tutorial_etl_dag.py took 0.112 seconds
[2023-11-25 17:34:17,191] {processor.py:153} INFO - Started process (PID=739) to work on /home/airflow/.local/lib/python3.7/site-packages/airflow/example_dags/tutorial_etl_dag.py
[2023-11-25 17:34:17,192] {processor.py:641} INFO - Processing file /home/airflow/.local/lib/python3.7/site-packages/airflow/example_dags/tutorial_etl_dag.py for tasks to queue
[2023-11-25 17:34:17,192] {logging_mixin.py:115} INFO - [2023-11-25 17:34:17,192] {dagbag.py:508} INFO - Filling up the DagBag from /home/airflow/.local/lib/python3.7/site-packages/airflow/example_dags/tutorial_etl_dag.py
[2023-11-25 17:34:17,212] {processor.py:651} INFO - DAG(s) dict_keys(['tutorial_etl_dag']) retrieved from /home/airflow/.local/lib/python3.7/site-packages/airflow/example_dags/tutorial_etl_dag.py
[2023-11-25 17:34:17,336] {logging_mixin.py:115} INFO - [2023-11-25 17:34:17,335] {dag.py:2420} INFO - Sync 1 DAGs
[2023-11-25 17:34:17,396] {logging_mixin.py:115} INFO - [2023-11-25 17:34:17,396] {dag.py:2972} INFO - Setting next_dagrun for tutorial_etl_dag to None, run_after=None
[2023-11-25 17:34:17,433] {processor.py:161} INFO - Processing /home/airflow/.local/lib/python3.7/site-packages/airflow/example_dags/tutorial_etl_dag.py took 0.255 seconds
[2023-11-25 17:34:47,778] {processor.py:153} INFO - Started process (PID=791) to work on /home/airflow/.local/lib/python3.7/site-packages/airflow/example_dags/tutorial_etl_dag.py
[2023-11-25 17:34:47,779] {processor.py:641} INFO - Processing file /home/airflow/.local/lib/python3.7/site-packages/airflow/example_dags/tutorial_etl_dag.py for tasks to queue
[2023-11-25 17:34:47,780] {logging_mixin.py:115} INFO - [2023-11-25 17:34:47,780] {dagbag.py:508} INFO - Filling up the DagBag from /home/airflow/.local/lib/python3.7/site-packages/airflow/example_dags/tutorial_etl_dag.py
[2023-11-25 17:34:47,790] {processor.py:651} INFO - DAG(s) dict_keys(['tutorial_etl_dag']) retrieved from /home/airflow/.local/lib/python3.7/site-packages/airflow/example_dags/tutorial_etl_dag.py
[2023-11-25 17:34:47,839] {logging_mixin.py:115} INFO - [2023-11-25 17:34:47,839] {dag.py:2420} INFO - Sync 1 DAGs
[2023-11-25 17:34:47,877] {logging_mixin.py:115} INFO - [2023-11-25 17:34:47,877] {dag.py:2972} INFO - Setting next_dagrun for tutorial_etl_dag to None, run_after=None
[2023-11-25 17:34:47,898] {processor.py:161} INFO - Processing /home/airflow/.local/lib/python3.7/site-packages/airflow/example_dags/tutorial_etl_dag.py took 0.125 seconds
[2023-11-25 17:35:18,255] {processor.py:153} INFO - Started process (PID=852) to work on /home/airflow/.local/lib/python3.7/site-packages/airflow/example_dags/tutorial_etl_dag.py
[2023-11-25 17:35:18,255] {processor.py:641} INFO - Processing file /home/airflow/.local/lib/python3.7/site-packages/airflow/example_dags/tutorial_etl_dag.py for tasks to queue
[2023-11-25 17:35:18,256] {logging_mixin.py:115} INFO - [2023-11-25 17:35:18,256] {dagbag.py:508} INFO - Filling up the DagBag from /home/airflow/.local/lib/python3.7/site-packages/airflow/example_dags/tutorial_etl_dag.py
[2023-11-25 17:35:18,266] {processor.py:651} INFO - DAG(s) dict_keys(['tutorial_etl_dag']) retrieved from /home/airflow/.local/lib/python3.7/site-packages/airflow/example_dags/tutorial_etl_dag.py
[2023-11-25 17:35:18,306] {logging_mixin.py:115} INFO - [2023-11-25 17:35:18,306] {dag.py:2420} INFO - Sync 1 DAGs
[2023-11-25 17:35:18,334] {logging_mixin.py:115} INFO - [2023-11-25 17:35:18,334] {dag.py:2972} INFO - Setting next_dagrun for tutorial_etl_dag to None, run_after=None
[2023-11-25 17:35:18,351] {processor.py:161} INFO - Processing /home/airflow/.local/lib/python3.7/site-packages/airflow/example_dags/tutorial_etl_dag.py took 0.101 seconds
[2023-11-25 17:35:48,820] {processor.py:153} INFO - Started process (PID=905) to work on /home/airflow/.local/lib/python3.7/site-packages/airflow/example_dags/tutorial_etl_dag.py
[2023-11-25 17:35:48,821] {processor.py:641} INFO - Processing file /home/airflow/.local/lib/python3.7/site-packages/airflow/example_dags/tutorial_etl_dag.py for tasks to queue
[2023-11-25 17:35:48,822] {logging_mixin.py:115} INFO - [2023-11-25 17:35:48,821] {dagbag.py:508} INFO - Filling up the DagBag from /home/airflow/.local/lib/python3.7/site-packages/airflow/example_dags/tutorial_etl_dag.py
[2023-11-25 17:35:48,831] {processor.py:651} INFO - DAG(s) dict_keys(['tutorial_etl_dag']) retrieved from /home/airflow/.local/lib/python3.7/site-packages/airflow/example_dags/tutorial_etl_dag.py
[2023-11-25 17:35:48,876] {logging_mixin.py:115} INFO - [2023-11-25 17:35:48,876] {dag.py:2420} INFO - Sync 1 DAGs
[2023-11-25 17:35:48,917] {logging_mixin.py:115} INFO - [2023-11-25 17:35:48,917] {dag.py:2972} INFO - Setting next_dagrun for tutorial_etl_dag to None, run_after=None
[2023-11-25 17:35:48,950] {processor.py:161} INFO - Processing /home/airflow/.local/lib/python3.7/site-packages/airflow/example_dags/tutorial_etl_dag.py took 0.135 seconds
[2023-11-25 17:36:19,514] {processor.py:153} INFO - Started process (PID=966) to work on /home/airflow/.local/lib/python3.7/site-packages/airflow/example_dags/tutorial_etl_dag.py
[2023-11-25 17:36:19,515] {processor.py:641} INFO - Processing file /home/airflow/.local/lib/python3.7/site-packages/airflow/example_dags/tutorial_etl_dag.py for tasks to queue
[2023-11-25 17:36:19,515] {logging_mixin.py:115} INFO - [2023-11-25 17:36:19,515] {dagbag.py:508} INFO - Filling up the DagBag from /home/airflow/.local/lib/python3.7/site-packages/airflow/example_dags/tutorial_etl_dag.py
[2023-11-25 17:36:19,526] {processor.py:651} INFO - DAG(s) dict_keys(['tutorial_etl_dag']) retrieved from /home/airflow/.local/lib/python3.7/site-packages/airflow/example_dags/tutorial_etl_dag.py
[2023-11-25 17:36:19,575] {logging_mixin.py:115} INFO - [2023-11-25 17:36:19,575] {dag.py:2420} INFO - Sync 1 DAGs
[2023-11-25 17:36:19,630] {logging_mixin.py:115} INFO - [2023-11-25 17:36:19,630] {dag.py:2972} INFO - Setting next_dagrun for tutorial_etl_dag to None, run_after=None
[2023-11-25 17:36:19,650] {processor.py:161} INFO - Processing /home/airflow/.local/lib/python3.7/site-packages/airflow/example_dags/tutorial_etl_dag.py took 0.142 seconds
[2023-11-25 17:36:50,049] {processor.py:153} INFO - Started process (PID=1027) to work on /home/airflow/.local/lib/python3.7/site-packages/airflow/example_dags/tutorial_etl_dag.py
[2023-11-25 17:36:50,050] {processor.py:641} INFO - Processing file /home/airflow/.local/lib/python3.7/site-packages/airflow/example_dags/tutorial_etl_dag.py for tasks to queue
[2023-11-25 17:36:50,051] {logging_mixin.py:115} INFO - [2023-11-25 17:36:50,051] {dagbag.py:508} INFO - Filling up the DagBag from /home/airflow/.local/lib/python3.7/site-packages/airflow/example_dags/tutorial_etl_dag.py
[2023-11-25 17:36:50,061] {processor.py:651} INFO - DAG(s) dict_keys(['tutorial_etl_dag']) retrieved from /home/airflow/.local/lib/python3.7/site-packages/airflow/example_dags/tutorial_etl_dag.py
[2023-11-25 17:36:50,105] {logging_mixin.py:115} INFO - [2023-11-25 17:36:50,105] {dag.py:2420} INFO - Sync 1 DAGs
[2023-11-25 17:36:50,138] {logging_mixin.py:115} INFO - [2023-11-25 17:36:50,138] {dag.py:2972} INFO - Setting next_dagrun for tutorial_etl_dag to None, run_after=None
[2023-11-25 17:36:50,154] {processor.py:161} INFO - Processing /home/airflow/.local/lib/python3.7/site-packages/airflow/example_dags/tutorial_etl_dag.py took 0.111 seconds
[2023-11-25 17:37:20,377] {processor.py:153} INFO - Started process (PID=1079) to work on /home/airflow/.local/lib/python3.7/site-packages/airflow/example_dags/tutorial_etl_dag.py
[2023-11-25 17:37:20,378] {processor.py:641} INFO - Processing file /home/airflow/.local/lib/python3.7/site-packages/airflow/example_dags/tutorial_etl_dag.py for tasks to queue
[2023-11-25 17:37:20,378] {logging_mixin.py:115} INFO - [2023-11-25 17:37:20,378] {dagbag.py:508} INFO - Filling up the DagBag from /home/airflow/.local/lib/python3.7/site-packages/airflow/example_dags/tutorial_etl_dag.py
[2023-11-25 17:37:20,389] {processor.py:651} INFO - DAG(s) dict_keys(['tutorial_etl_dag']) retrieved from /home/airflow/.local/lib/python3.7/site-packages/airflow/example_dags/tutorial_etl_dag.py
[2023-11-25 17:37:20,435] {logging_mixin.py:115} INFO - [2023-11-25 17:37:20,435] {dag.py:2420} INFO - Sync 1 DAGs
[2023-11-25 17:37:20,478] {logging_mixin.py:115} INFO - [2023-11-25 17:37:20,478] {dag.py:2972} INFO - Setting next_dagrun for tutorial_etl_dag to None, run_after=None
[2023-11-25 17:37:20,495] {processor.py:161} INFO - Processing /home/airflow/.local/lib/python3.7/site-packages/airflow/example_dags/tutorial_etl_dag.py took 0.123 seconds
[2023-11-25 17:37:51,048] {processor.py:153} INFO - Started process (PID=1140) to work on /home/airflow/.local/lib/python3.7/site-packages/airflow/example_dags/tutorial_etl_dag.py
[2023-11-25 17:37:51,050] {processor.py:641} INFO - Processing file /home/airflow/.local/lib/python3.7/site-packages/airflow/example_dags/tutorial_etl_dag.py for tasks to queue
[2023-11-25 17:37:51,050] {logging_mixin.py:115} INFO - [2023-11-25 17:37:51,050] {dagbag.py:508} INFO - Filling up the DagBag from /home/airflow/.local/lib/python3.7/site-packages/airflow/example_dags/tutorial_etl_dag.py
[2023-11-25 17:37:51,060] {processor.py:651} INFO - DAG(s) dict_keys(['tutorial_etl_dag']) retrieved from /home/airflow/.local/lib/python3.7/site-packages/airflow/example_dags/tutorial_etl_dag.py
[2023-11-25 17:37:51,153] {logging_mixin.py:115} INFO - [2023-11-25 17:37:51,153] {dag.py:2420} INFO - Sync 1 DAGs
[2023-11-25 17:37:51,190] {logging_mixin.py:115} INFO - [2023-11-25 17:37:51,190] {dag.py:2972} INFO - Setting next_dagrun for tutorial_etl_dag to None, run_after=None
[2023-11-25 17:37:51,204] {processor.py:161} INFO - Processing /home/airflow/.local/lib/python3.7/site-packages/airflow/example_dags/tutorial_etl_dag.py took 0.161 seconds
[2023-11-25 17:38:21,277] {processor.py:153} INFO - Started process (PID=1203) to work on /home/airflow/.local/lib/python3.7/site-packages/airflow/example_dags/tutorial_etl_dag.py
[2023-11-25 17:38:21,278] {processor.py:641} INFO - Processing file /home/airflow/.local/lib/python3.7/site-packages/airflow/example_dags/tutorial_etl_dag.py for tasks to queue
[2023-11-25 17:38:21,279] {logging_mixin.py:115} INFO - [2023-11-25 17:38:21,278] {dagbag.py:508} INFO - Filling up the DagBag from /home/airflow/.local/lib/python3.7/site-packages/airflow/example_dags/tutorial_etl_dag.py
[2023-11-25 17:38:21,297] {processor.py:651} INFO - DAG(s) dict_keys(['tutorial_etl_dag']) retrieved from /home/airflow/.local/lib/python3.7/site-packages/airflow/example_dags/tutorial_etl_dag.py
[2023-11-25 17:38:21,357] {logging_mixin.py:115} INFO - [2023-11-25 17:38:21,357] {dag.py:2420} INFO - Sync 1 DAGs
[2023-11-25 17:38:21,388] {logging_mixin.py:115} INFO - [2023-11-25 17:38:21,387] {dag.py:2972} INFO - Setting next_dagrun for tutorial_etl_dag to None, run_after=None
[2023-11-25 17:38:21,400] {processor.py:161} INFO - Processing /home/airflow/.local/lib/python3.7/site-packages/airflow/example_dags/tutorial_etl_dag.py took 0.128 seconds
[2023-11-25 17:38:52,208] {processor.py:153} INFO - Started process (PID=1256) to work on /home/airflow/.local/lib/python3.7/site-packages/airflow/example_dags/tutorial_etl_dag.py
[2023-11-25 17:38:52,210] {processor.py:641} INFO - Processing file /home/airflow/.local/lib/python3.7/site-packages/airflow/example_dags/tutorial_etl_dag.py for tasks to queue
[2023-11-25 17:38:52,211] {logging_mixin.py:115} INFO - [2023-11-25 17:38:52,211] {dagbag.py:508} INFO - Filling up the DagBag from /home/airflow/.local/lib/python3.7/site-packages/airflow/example_dags/tutorial_etl_dag.py
[2023-11-25 17:38:52,221] {processor.py:651} INFO - DAG(s) dict_keys(['tutorial_etl_dag']) retrieved from /home/airflow/.local/lib/python3.7/site-packages/airflow/example_dags/tutorial_etl_dag.py
[2023-11-25 17:38:52,259] {logging_mixin.py:115} INFO - [2023-11-25 17:38:52,259] {dag.py:2420} INFO - Sync 1 DAGs
[2023-11-25 17:38:52,287] {logging_mixin.py:115} INFO - [2023-11-25 17:38:52,287] {dag.py:2972} INFO - Setting next_dagrun for tutorial_etl_dag to None, run_after=None
[2023-11-25 17:38:52,300] {processor.py:161} INFO - Processing /home/airflow/.local/lib/python3.7/site-packages/airflow/example_dags/tutorial_etl_dag.py took 0.097 seconds
[2023-11-25 17:39:22,764] {processor.py:153} INFO - Started process (PID=1319) to work on /home/airflow/.local/lib/python3.7/site-packages/airflow/example_dags/tutorial_etl_dag.py
[2023-11-25 17:39:22,765] {processor.py:641} INFO - Processing file /home/airflow/.local/lib/python3.7/site-packages/airflow/example_dags/tutorial_etl_dag.py for tasks to queue
[2023-11-25 17:39:22,765] {logging_mixin.py:115} INFO - [2023-11-25 17:39:22,765] {dagbag.py:508} INFO - Filling up the DagBag from /home/airflow/.local/lib/python3.7/site-packages/airflow/example_dags/tutorial_etl_dag.py
[2023-11-25 17:39:22,776] {processor.py:651} INFO - DAG(s) dict_keys(['tutorial_etl_dag']) retrieved from /home/airflow/.local/lib/python3.7/site-packages/airflow/example_dags/tutorial_etl_dag.py
[2023-11-25 17:39:22,813] {logging_mixin.py:115} INFO - [2023-11-25 17:39:22,813] {dag.py:2420} INFO - Sync 1 DAGs
[2023-11-25 17:39:22,840] {logging_mixin.py:115} INFO - [2023-11-25 17:39:22,840] {dag.py:2972} INFO - Setting next_dagrun for tutorial_etl_dag to None, run_after=None
[2023-11-25 17:39:22,853] {processor.py:161} INFO - Processing /home/airflow/.local/lib/python3.7/site-packages/airflow/example_dags/tutorial_etl_dag.py took 0.094 seconds
[2023-11-25 17:39:53,539] {processor.py:153} INFO - Started process (PID=1381) to work on /home/airflow/.local/lib/python3.7/site-packages/airflow/example_dags/tutorial_etl_dag.py
[2023-11-25 17:39:53,539] {processor.py:641} INFO - Processing file /home/airflow/.local/lib/python3.7/site-packages/airflow/example_dags/tutorial_etl_dag.py for tasks to queue
[2023-11-25 17:39:53,540] {logging_mixin.py:115} INFO - [2023-11-25 17:39:53,540] {dagbag.py:508} INFO - Filling up the DagBag from /home/airflow/.local/lib/python3.7/site-packages/airflow/example_dags/tutorial_etl_dag.py
[2023-11-25 17:39:53,558] {processor.py:651} INFO - DAG(s) dict_keys(['tutorial_etl_dag']) retrieved from /home/airflow/.local/lib/python3.7/site-packages/airflow/example_dags/tutorial_etl_dag.py
[2023-11-25 17:39:53,619] {logging_mixin.py:115} INFO - [2023-11-25 17:39:53,619] {dag.py:2420} INFO - Sync 1 DAGs
[2023-11-25 17:39:53,676] {logging_mixin.py:115} INFO - [2023-11-25 17:39:53,676] {dag.py:2972} INFO - Setting next_dagrun for tutorial_etl_dag to None, run_after=None
[2023-11-25 17:39:53,702] {processor.py:161} INFO - Processing /home/airflow/.local/lib/python3.7/site-packages/airflow/example_dags/tutorial_etl_dag.py took 0.168 seconds
[2023-11-25 17:40:24,319] {processor.py:153} INFO - Started process (PID=1435) to work on /home/airflow/.local/lib/python3.7/site-packages/airflow/example_dags/tutorial_etl_dag.py
[2023-11-25 17:40:24,320] {processor.py:641} INFO - Processing file /home/airflow/.local/lib/python3.7/site-packages/airflow/example_dags/tutorial_etl_dag.py for tasks to queue
[2023-11-25 17:40:24,321] {logging_mixin.py:115} INFO - [2023-11-25 17:40:24,321] {dagbag.py:508} INFO - Filling up the DagBag from /home/airflow/.local/lib/python3.7/site-packages/airflow/example_dags/tutorial_etl_dag.py
[2023-11-25 17:40:24,331] {processor.py:651} INFO - DAG(s) dict_keys(['tutorial_etl_dag']) retrieved from /home/airflow/.local/lib/python3.7/site-packages/airflow/example_dags/tutorial_etl_dag.py
[2023-11-25 17:40:24,371] {logging_mixin.py:115} INFO - [2023-11-25 17:40:24,371] {dag.py:2420} INFO - Sync 1 DAGs
[2023-11-25 17:40:24,414] {logging_mixin.py:115} INFO - [2023-11-25 17:40:24,414] {dag.py:2972} INFO - Setting next_dagrun for tutorial_etl_dag to None, run_after=None
[2023-11-25 17:40:24,436] {processor.py:161} INFO - Processing /home/airflow/.local/lib/python3.7/site-packages/airflow/example_dags/tutorial_etl_dag.py took 0.122 seconds
[2023-11-25 17:40:54,886] {processor.py:153} INFO - Started process (PID=1498) to work on /home/airflow/.local/lib/python3.7/site-packages/airflow/example_dags/tutorial_etl_dag.py
[2023-11-25 17:40:54,887] {processor.py:641} INFO - Processing file /home/airflow/.local/lib/python3.7/site-packages/airflow/example_dags/tutorial_etl_dag.py for tasks to queue
[2023-11-25 17:40:54,888] {logging_mixin.py:115} INFO - [2023-11-25 17:40:54,888] {dagbag.py:508} INFO - Filling up the DagBag from /home/airflow/.local/lib/python3.7/site-packages/airflow/example_dags/tutorial_etl_dag.py
[2023-11-25 17:40:54,897] {processor.py:651} INFO - DAG(s) dict_keys(['tutorial_etl_dag']) retrieved from /home/airflow/.local/lib/python3.7/site-packages/airflow/example_dags/tutorial_etl_dag.py
[2023-11-25 17:40:54,933] {logging_mixin.py:115} INFO - [2023-11-25 17:40:54,933] {dag.py:2420} INFO - Sync 1 DAGs
[2023-11-25 17:40:54,961] {logging_mixin.py:115} INFO - [2023-11-25 17:40:54,960] {dag.py:2972} INFO - Setting next_dagrun for tutorial_etl_dag to None, run_after=None
[2023-11-25 17:40:54,973] {processor.py:161} INFO - Processing /home/airflow/.local/lib/python3.7/site-packages/airflow/example_dags/tutorial_etl_dag.py took 0.092 seconds
[2023-11-25 17:41:25,560] {processor.py:153} INFO - Started process (PID=1561) to work on /home/airflow/.local/lib/python3.7/site-packages/airflow/example_dags/tutorial_etl_dag.py
[2023-11-25 17:41:25,561] {processor.py:641} INFO - Processing file /home/airflow/.local/lib/python3.7/site-packages/airflow/example_dags/tutorial_etl_dag.py for tasks to queue
[2023-11-25 17:41:25,561] {logging_mixin.py:115} INFO - [2023-11-25 17:41:25,561] {dagbag.py:508} INFO - Filling up the DagBag from /home/airflow/.local/lib/python3.7/site-packages/airflow/example_dags/tutorial_etl_dag.py
[2023-11-25 17:41:25,575] {processor.py:651} INFO - DAG(s) dict_keys(['tutorial_etl_dag']) retrieved from /home/airflow/.local/lib/python3.7/site-packages/airflow/example_dags/tutorial_etl_dag.py
[2023-11-25 17:41:25,654] {logging_mixin.py:115} INFO - [2023-11-25 17:41:25,654] {dag.py:2420} INFO - Sync 1 DAGs
[2023-11-25 17:41:25,693] {logging_mixin.py:115} INFO - [2023-11-25 17:41:25,693] {dag.py:2972} INFO - Setting next_dagrun for tutorial_etl_dag to None, run_after=None
[2023-11-25 17:41:25,717] {processor.py:161} INFO - Processing /home/airflow/.local/lib/python3.7/site-packages/airflow/example_dags/tutorial_etl_dag.py took 0.162 seconds
[2023-11-25 17:41:56,408] {processor.py:153} INFO - Started process (PID=1615) to work on /home/airflow/.local/lib/python3.7/site-packages/airflow/example_dags/tutorial_etl_dag.py
[2023-11-25 17:41:56,410] {processor.py:641} INFO - Processing file /home/airflow/.local/lib/python3.7/site-packages/airflow/example_dags/tutorial_etl_dag.py for tasks to queue
[2023-11-25 17:41:56,411] {logging_mixin.py:115} INFO - [2023-11-25 17:41:56,410] {dagbag.py:508} INFO - Filling up the DagBag from /home/airflow/.local/lib/python3.7/site-packages/airflow/example_dags/tutorial_etl_dag.py
[2023-11-25 17:41:56,421] {processor.py:651} INFO - DAG(s) dict_keys(['tutorial_etl_dag']) retrieved from /home/airflow/.local/lib/python3.7/site-packages/airflow/example_dags/tutorial_etl_dag.py
[2023-11-25 17:41:56,470] {logging_mixin.py:115} INFO - [2023-11-25 17:41:56,470] {dag.py:2420} INFO - Sync 1 DAGs
[2023-11-25 17:41:56,517] {logging_mixin.py:115} INFO - [2023-11-25 17:41:56,517] {dag.py:2972} INFO - Setting next_dagrun for tutorial_etl_dag to None, run_after=None
[2023-11-25 17:41:56,537] {processor.py:161} INFO - Processing /home/airflow/.local/lib/python3.7/site-packages/airflow/example_dags/tutorial_etl_dag.py took 0.133 seconds
[2023-11-25 17:42:27,172] {processor.py:153} INFO - Started process (PID=1677) to work on /home/airflow/.local/lib/python3.7/site-packages/airflow/example_dags/tutorial_etl_dag.py
[2023-11-25 17:42:27,173] {processor.py:641} INFO - Processing file /home/airflow/.local/lib/python3.7/site-packages/airflow/example_dags/tutorial_etl_dag.py for tasks to queue
[2023-11-25 17:42:27,174] {logging_mixin.py:115} INFO - [2023-11-25 17:42:27,174] {dagbag.py:508} INFO - Filling up the DagBag from /home/airflow/.local/lib/python3.7/site-packages/airflow/example_dags/tutorial_etl_dag.py
[2023-11-25 17:42:27,185] {processor.py:651} INFO - DAG(s) dict_keys(['tutorial_etl_dag']) retrieved from /home/airflow/.local/lib/python3.7/site-packages/airflow/example_dags/tutorial_etl_dag.py
[2023-11-25 17:42:27,230] {logging_mixin.py:115} INFO - [2023-11-25 17:42:27,230] {dag.py:2420} INFO - Sync 1 DAGs
[2023-11-25 17:42:27,265] {logging_mixin.py:115} INFO - [2023-11-25 17:42:27,265] {dag.py:2972} INFO - Setting next_dagrun for tutorial_etl_dag to None, run_after=None
[2023-11-25 17:42:27,280] {processor.py:161} INFO - Processing /home/airflow/.local/lib/python3.7/site-packages/airflow/example_dags/tutorial_etl_dag.py took 0.113 seconds
[2023-11-25 17:42:57,519] {processor.py:153} INFO - Started process (PID=1738) to work on /home/airflow/.local/lib/python3.7/site-packages/airflow/example_dags/tutorial_etl_dag.py
[2023-11-25 17:42:57,530] {processor.py:641} INFO - Processing file /home/airflow/.local/lib/python3.7/site-packages/airflow/example_dags/tutorial_etl_dag.py for tasks to queue
[2023-11-25 17:42:57,531] {logging_mixin.py:115} INFO - [2023-11-25 17:42:57,530] {dagbag.py:508} INFO - Filling up the DagBag from /home/airflow/.local/lib/python3.7/site-packages/airflow/example_dags/tutorial_etl_dag.py
[2023-11-25 17:42:57,540] {processor.py:651} INFO - DAG(s) dict_keys(['tutorial_etl_dag']) retrieved from /home/airflow/.local/lib/python3.7/site-packages/airflow/example_dags/tutorial_etl_dag.py
[2023-11-25 17:42:57,672] {logging_mixin.py:115} INFO - [2023-11-25 17:42:57,672] {dag.py:2420} INFO - Sync 1 DAGs
[2023-11-25 17:42:57,733] {logging_mixin.py:115} INFO - [2023-11-25 17:42:57,733] {dag.py:2972} INFO - Setting next_dagrun for tutorial_etl_dag to None, run_after=None
[2023-11-25 17:42:57,759] {processor.py:161} INFO - Processing /home/airflow/.local/lib/python3.7/site-packages/airflow/example_dags/tutorial_etl_dag.py took 0.246 seconds
[2023-11-25 17:43:28,406] {processor.py:153} INFO - Started process (PID=1794) to work on /home/airflow/.local/lib/python3.7/site-packages/airflow/example_dags/tutorial_etl_dag.py
[2023-11-25 17:43:28,407] {processor.py:641} INFO - Processing file /home/airflow/.local/lib/python3.7/site-packages/airflow/example_dags/tutorial_etl_dag.py for tasks to queue
[2023-11-25 17:43:28,408] {logging_mixin.py:115} INFO - [2023-11-25 17:43:28,408] {dagbag.py:508} INFO - Filling up the DagBag from /home/airflow/.local/lib/python3.7/site-packages/airflow/example_dags/tutorial_etl_dag.py
[2023-11-25 17:43:28,419] {processor.py:651} INFO - DAG(s) dict_keys(['tutorial_etl_dag']) retrieved from /home/airflow/.local/lib/python3.7/site-packages/airflow/example_dags/tutorial_etl_dag.py
[2023-11-25 17:43:28,463] {logging_mixin.py:115} INFO - [2023-11-25 17:43:28,463] {dag.py:2420} INFO - Sync 1 DAGs
[2023-11-25 17:43:28,515] {logging_mixin.py:115} INFO - [2023-11-25 17:43:28,514] {dag.py:2972} INFO - Setting next_dagrun for tutorial_etl_dag to None, run_after=None
[2023-11-25 17:43:28,530] {processor.py:161} INFO - Processing /home/airflow/.local/lib/python3.7/site-packages/airflow/example_dags/tutorial_etl_dag.py took 0.129 seconds
[2023-11-25 17:43:59,087] {processor.py:153} INFO - Started process (PID=1857) to work on /home/airflow/.local/lib/python3.7/site-packages/airflow/example_dags/tutorial_etl_dag.py
[2023-11-25 17:43:59,088] {processor.py:641} INFO - Processing file /home/airflow/.local/lib/python3.7/site-packages/airflow/example_dags/tutorial_etl_dag.py for tasks to queue
[2023-11-25 17:43:59,088] {logging_mixin.py:115} INFO - [2023-11-25 17:43:59,088] {dagbag.py:508} INFO - Filling up the DagBag from /home/airflow/.local/lib/python3.7/site-packages/airflow/example_dags/tutorial_etl_dag.py
[2023-11-25 17:43:59,099] {processor.py:651} INFO - DAG(s) dict_keys(['tutorial_etl_dag']) retrieved from /home/airflow/.local/lib/python3.7/site-packages/airflow/example_dags/tutorial_etl_dag.py
[2023-11-25 17:43:59,141] {logging_mixin.py:115} INFO - [2023-11-25 17:43:59,141] {dag.py:2420} INFO - Sync 1 DAGs
[2023-11-25 17:43:59,171] {logging_mixin.py:115} INFO - [2023-11-25 17:43:59,171] {dag.py:2972} INFO - Setting next_dagrun for tutorial_etl_dag to None, run_after=None
[2023-11-25 17:43:59,185] {processor.py:161} INFO - Processing /home/airflow/.local/lib/python3.7/site-packages/airflow/example_dags/tutorial_etl_dag.py took 0.103 seconds
[2023-11-25 17:44:29,959] {processor.py:153} INFO - Started process (PID=1913) to work on /home/airflow/.local/lib/python3.7/site-packages/airflow/example_dags/tutorial_etl_dag.py
[2023-11-25 17:44:29,960] {processor.py:641} INFO - Processing file /home/airflow/.local/lib/python3.7/site-packages/airflow/example_dags/tutorial_etl_dag.py for tasks to queue
[2023-11-25 17:44:29,961] {logging_mixin.py:115} INFO - [2023-11-25 17:44:29,961] {dagbag.py:508} INFO - Filling up the DagBag from /home/airflow/.local/lib/python3.7/site-packages/airflow/example_dags/tutorial_etl_dag.py
[2023-11-25 17:44:29,971] {processor.py:651} INFO - DAG(s) dict_keys(['tutorial_etl_dag']) retrieved from /home/airflow/.local/lib/python3.7/site-packages/airflow/example_dags/tutorial_etl_dag.py
[2023-11-25 17:44:30,018] {logging_mixin.py:115} INFO - [2023-11-25 17:44:30,018] {dag.py:2420} INFO - Sync 1 DAGs
[2023-11-25 17:44:30,058] {logging_mixin.py:115} INFO - [2023-11-25 17:44:30,057] {dag.py:2972} INFO - Setting next_dagrun for tutorial_etl_dag to None, run_after=None
[2023-11-25 17:44:30,077] {processor.py:161} INFO - Processing /home/airflow/.local/lib/python3.7/site-packages/airflow/example_dags/tutorial_etl_dag.py took 0.122 seconds
[2023-11-25 17:45:00,689] {processor.py:153} INFO - Started process (PID=1976) to work on /home/airflow/.local/lib/python3.7/site-packages/airflow/example_dags/tutorial_etl_dag.py
[2023-11-25 17:45:00,690] {processor.py:641} INFO - Processing file /home/airflow/.local/lib/python3.7/site-packages/airflow/example_dags/tutorial_etl_dag.py for tasks to queue
[2023-11-25 17:45:00,690] {logging_mixin.py:115} INFO - [2023-11-25 17:45:00,690] {dagbag.py:508} INFO - Filling up the DagBag from /home/airflow/.local/lib/python3.7/site-packages/airflow/example_dags/tutorial_etl_dag.py
[2023-11-25 17:45:00,700] {processor.py:651} INFO - DAG(s) dict_keys(['tutorial_etl_dag']) retrieved from /home/airflow/.local/lib/python3.7/site-packages/airflow/example_dags/tutorial_etl_dag.py
[2023-11-25 17:45:00,740] {logging_mixin.py:115} INFO - [2023-11-25 17:45:00,740] {dag.py:2420} INFO - Sync 1 DAGs
[2023-11-25 17:45:00,768] {logging_mixin.py:115} INFO - [2023-11-25 17:45:00,768] {dag.py:2972} INFO - Setting next_dagrun for tutorial_etl_dag to None, run_after=None
[2023-11-25 17:45:00,780] {processor.py:161} INFO - Processing /home/airflow/.local/lib/python3.7/site-packages/airflow/example_dags/tutorial_etl_dag.py took 0.097 seconds
[2023-11-25 17:45:31,200] {processor.py:153} INFO - Started process (PID=2039) to work on /home/airflow/.local/lib/python3.7/site-packages/airflow/example_dags/tutorial_etl_dag.py
[2023-11-25 17:45:31,210] {processor.py:641} INFO - Processing file /home/airflow/.local/lib/python3.7/site-packages/airflow/example_dags/tutorial_etl_dag.py for tasks to queue
[2023-11-25 17:45:31,211] {logging_mixin.py:115} INFO - [2023-11-25 17:45:31,211] {dagbag.py:508} INFO - Filling up the DagBag from /home/airflow/.local/lib/python3.7/site-packages/airflow/example_dags/tutorial_etl_dag.py
[2023-11-25 17:45:31,221] {processor.py:651} INFO - DAG(s) dict_keys(['tutorial_etl_dag']) retrieved from /home/airflow/.local/lib/python3.7/site-packages/airflow/example_dags/tutorial_etl_dag.py
[2023-11-25 17:45:31,281] {logging_mixin.py:115} INFO - [2023-11-25 17:45:31,281] {dag.py:2420} INFO - Sync 1 DAGs
[2023-11-25 17:45:31,321] {logging_mixin.py:115} INFO - [2023-11-25 17:45:31,321] {dag.py:2972} INFO - Setting next_dagrun for tutorial_etl_dag to None, run_after=None
[2023-11-25 17:45:31,342] {processor.py:161} INFO - Processing /home/airflow/.local/lib/python3.7/site-packages/airflow/example_dags/tutorial_etl_dag.py took 0.147 seconds
[2023-11-25 17:46:01,404] {processor.py:153} INFO - Started process (PID=2093) to work on /home/airflow/.local/lib/python3.7/site-packages/airflow/example_dags/tutorial_etl_dag.py
[2023-11-25 17:46:01,405] {processor.py:641} INFO - Processing file /home/airflow/.local/lib/python3.7/site-packages/airflow/example_dags/tutorial_etl_dag.py for tasks to queue
[2023-11-25 17:46:01,405] {logging_mixin.py:115} INFO - [2023-11-25 17:46:01,405] {dagbag.py:508} INFO - Filling up the DagBag from /home/airflow/.local/lib/python3.7/site-packages/airflow/example_dags/tutorial_etl_dag.py
[2023-11-25 17:46:01,415] {processor.py:651} INFO - DAG(s) dict_keys(['tutorial_etl_dag']) retrieved from /home/airflow/.local/lib/python3.7/site-packages/airflow/example_dags/tutorial_etl_dag.py
[2023-11-25 17:46:01,461] {logging_mixin.py:115} INFO - [2023-11-25 17:46:01,460] {dag.py:2420} INFO - Sync 1 DAGs
[2023-11-25 17:46:01,488] {logging_mixin.py:115} INFO - [2023-11-25 17:46:01,488] {dag.py:2972} INFO - Setting next_dagrun for tutorial_etl_dag to None, run_after=None
[2023-11-25 17:46:01,501] {processor.py:161} INFO - Processing /home/airflow/.local/lib/python3.7/site-packages/airflow/example_dags/tutorial_etl_dag.py took 0.102 seconds
[2023-11-25 17:46:32,090] {processor.py:153} INFO - Started process (PID=2156) to work on /home/airflow/.local/lib/python3.7/site-packages/airflow/example_dags/tutorial_etl_dag.py
[2023-11-25 17:46:32,091] {processor.py:641} INFO - Processing file /home/airflow/.local/lib/python3.7/site-packages/airflow/example_dags/tutorial_etl_dag.py for tasks to queue
[2023-11-25 17:46:32,092] {logging_mixin.py:115} INFO - [2023-11-25 17:46:32,092] {dagbag.py:508} INFO - Filling up the DagBag from /home/airflow/.local/lib/python3.7/site-packages/airflow/example_dags/tutorial_etl_dag.py
[2023-11-25 17:46:32,110] {processor.py:651} INFO - DAG(s) dict_keys(['tutorial_etl_dag']) retrieved from /home/airflow/.local/lib/python3.7/site-packages/airflow/example_dags/tutorial_etl_dag.py
[2023-11-25 17:46:32,197] {logging_mixin.py:115} INFO - [2023-11-25 17:46:32,197] {dag.py:2420} INFO - Sync 1 DAGs
[2023-11-25 17:46:32,238] {logging_mixin.py:115} INFO - [2023-11-25 17:46:32,238] {dag.py:2972} INFO - Setting next_dagrun for tutorial_etl_dag to None, run_after=None
[2023-11-25 17:46:32,261] {processor.py:161} INFO - Processing /home/airflow/.local/lib/python3.7/site-packages/airflow/example_dags/tutorial_etl_dag.py took 0.180 seconds
[2023-11-25 17:47:02,801] {processor.py:153} INFO - Started process (PID=2218) to work on /home/airflow/.local/lib/python3.7/site-packages/airflow/example_dags/tutorial_etl_dag.py
[2023-11-25 17:47:02,802] {processor.py:641} INFO - Processing file /home/airflow/.local/lib/python3.7/site-packages/airflow/example_dags/tutorial_etl_dag.py for tasks to queue
[2023-11-25 17:47:02,802] {logging_mixin.py:115} INFO - [2023-11-25 17:47:02,802] {dagbag.py:508} INFO - Filling up the DagBag from /home/airflow/.local/lib/python3.7/site-packages/airflow/example_dags/tutorial_etl_dag.py
[2023-11-25 17:47:02,816] {processor.py:651} INFO - DAG(s) dict_keys(['tutorial_etl_dag']) retrieved from /home/airflow/.local/lib/python3.7/site-packages/airflow/example_dags/tutorial_etl_dag.py
[2023-11-25 17:47:02,877] {logging_mixin.py:115} INFO - [2023-11-25 17:47:02,877] {dag.py:2420} INFO - Sync 1 DAGs
[2023-11-25 17:47:02,914] {logging_mixin.py:115} INFO - [2023-11-25 17:47:02,914] {dag.py:2972} INFO - Setting next_dagrun for tutorial_etl_dag to None, run_after=None
[2023-11-25 17:47:02,935] {processor.py:161} INFO - Processing /home/airflow/.local/lib/python3.7/site-packages/airflow/example_dags/tutorial_etl_dag.py took 0.139 seconds
[2023-11-25 17:47:33,207] {processor.py:153} INFO - Started process (PID=2272) to work on /home/airflow/.local/lib/python3.7/site-packages/airflow/example_dags/tutorial_etl_dag.py
[2023-11-25 17:47:33,208] {processor.py:641} INFO - Processing file /home/airflow/.local/lib/python3.7/site-packages/airflow/example_dags/tutorial_etl_dag.py for tasks to queue
[2023-11-25 17:47:33,209] {logging_mixin.py:115} INFO - [2023-11-25 17:47:33,209] {dagbag.py:508} INFO - Filling up the DagBag from /home/airflow/.local/lib/python3.7/site-packages/airflow/example_dags/tutorial_etl_dag.py
[2023-11-25 17:47:33,220] {processor.py:651} INFO - DAG(s) dict_keys(['tutorial_etl_dag']) retrieved from /home/airflow/.local/lib/python3.7/site-packages/airflow/example_dags/tutorial_etl_dag.py
[2023-11-25 17:47:33,290] {logging_mixin.py:115} INFO - [2023-11-25 17:47:33,290] {dag.py:2420} INFO - Sync 1 DAGs
[2023-11-25 17:47:33,316] {logging_mixin.py:115} INFO - [2023-11-25 17:47:33,316] {dag.py:2972} INFO - Setting next_dagrun for tutorial_etl_dag to None, run_after=None
[2023-11-25 17:47:33,329] {processor.py:161} INFO - Processing /home/airflow/.local/lib/python3.7/site-packages/airflow/example_dags/tutorial_etl_dag.py took 0.127 seconds
[2023-11-25 17:48:03,938] {processor.py:153} INFO - Started process (PID=2336) to work on /home/airflow/.local/lib/python3.7/site-packages/airflow/example_dags/tutorial_etl_dag.py
[2023-11-25 17:48:03,939] {processor.py:641} INFO - Processing file /home/airflow/.local/lib/python3.7/site-packages/airflow/example_dags/tutorial_etl_dag.py for tasks to queue
[2023-11-25 17:48:03,940] {logging_mixin.py:115} INFO - [2023-11-25 17:48:03,940] {dagbag.py:508} INFO - Filling up the DagBag from /home/airflow/.local/lib/python3.7/site-packages/airflow/example_dags/tutorial_etl_dag.py
[2023-11-25 17:48:03,959] {processor.py:651} INFO - DAG(s) dict_keys(['tutorial_etl_dag']) retrieved from /home/airflow/.local/lib/python3.7/site-packages/airflow/example_dags/tutorial_etl_dag.py
[2023-11-25 17:48:04,013] {logging_mixin.py:115} INFO - [2023-11-25 17:48:04,013] {dag.py:2420} INFO - Sync 1 DAGs
[2023-11-25 17:48:04,042] {logging_mixin.py:115} INFO - [2023-11-25 17:48:04,042] {dag.py:2972} INFO - Setting next_dagrun for tutorial_etl_dag to None, run_after=None
[2023-11-25 17:48:04,056] {processor.py:161} INFO - Processing /home/airflow/.local/lib/python3.7/site-packages/airflow/example_dags/tutorial_etl_dag.py took 0.125 seconds
[2023-11-25 17:48:34,955] {processor.py:153} INFO - Started process (PID=2399) to work on /home/airflow/.local/lib/python3.7/site-packages/airflow/example_dags/tutorial_etl_dag.py
[2023-11-25 17:48:34,956] {processor.py:641} INFO - Processing file /home/airflow/.local/lib/python3.7/site-packages/airflow/example_dags/tutorial_etl_dag.py for tasks to queue
[2023-11-25 17:48:34,956] {logging_mixin.py:115} INFO - [2023-11-25 17:48:34,956] {dagbag.py:508} INFO - Filling up the DagBag from /home/airflow/.local/lib/python3.7/site-packages/airflow/example_dags/tutorial_etl_dag.py
[2023-11-25 17:48:34,970] {processor.py:651} INFO - DAG(s) dict_keys(['tutorial_etl_dag']) retrieved from /home/airflow/.local/lib/python3.7/site-packages/airflow/example_dags/tutorial_etl_dag.py
[2023-11-25 17:48:35,041] {logging_mixin.py:115} INFO - [2023-11-25 17:48:35,041] {dag.py:2420} INFO - Sync 1 DAGs
[2023-11-25 17:48:35,094] {logging_mixin.py:115} INFO - [2023-11-25 17:48:35,094] {dag.py:2972} INFO - Setting next_dagrun for tutorial_etl_dag to None, run_after=None
[2023-11-25 17:48:35,115] {processor.py:161} INFO - Processing /home/airflow/.local/lib/python3.7/site-packages/airflow/example_dags/tutorial_etl_dag.py took 0.174 seconds
[2023-11-25 17:49:05,384] {processor.py:153} INFO - Started process (PID=2456) to work on /home/airflow/.local/lib/python3.7/site-packages/airflow/example_dags/tutorial_etl_dag.py
[2023-11-25 17:49:05,385] {processor.py:641} INFO - Processing file /home/airflow/.local/lib/python3.7/site-packages/airflow/example_dags/tutorial_etl_dag.py for tasks to queue
[2023-11-25 17:49:05,386] {logging_mixin.py:115} INFO - [2023-11-25 17:49:05,385] {dagbag.py:508} INFO - Filling up the DagBag from /home/airflow/.local/lib/python3.7/site-packages/airflow/example_dags/tutorial_etl_dag.py
[2023-11-25 17:49:05,395] {processor.py:651} INFO - DAG(s) dict_keys(['tutorial_etl_dag']) retrieved from /home/airflow/.local/lib/python3.7/site-packages/airflow/example_dags/tutorial_etl_dag.py
[2023-11-25 17:49:05,442] {logging_mixin.py:115} INFO - [2023-11-25 17:49:05,442] {dag.py:2420} INFO - Sync 1 DAGs
[2023-11-25 17:49:05,472] {logging_mixin.py:115} INFO - [2023-11-25 17:49:05,471] {dag.py:2972} INFO - Setting next_dagrun for tutorial_etl_dag to None, run_after=None
[2023-11-25 17:49:05,485] {processor.py:161} INFO - Processing /home/airflow/.local/lib/python3.7/site-packages/airflow/example_dags/tutorial_etl_dag.py took 0.106 seconds
[2023-11-25 17:49:35,688] {processor.py:153} INFO - Started process (PID=2519) to work on /home/airflow/.local/lib/python3.7/site-packages/airflow/example_dags/tutorial_etl_dag.py
[2023-11-25 17:49:35,690] {processor.py:641} INFO - Processing file /home/airflow/.local/lib/python3.7/site-packages/airflow/example_dags/tutorial_etl_dag.py for tasks to queue
[2023-11-25 17:49:35,691] {logging_mixin.py:115} INFO - [2023-11-25 17:49:35,690] {dagbag.py:508} INFO - Filling up the DagBag from /home/airflow/.local/lib/python3.7/site-packages/airflow/example_dags/tutorial_etl_dag.py
[2023-11-25 17:49:35,700] {processor.py:651} INFO - DAG(s) dict_keys(['tutorial_etl_dag']) retrieved from /home/airflow/.local/lib/python3.7/site-packages/airflow/example_dags/tutorial_etl_dag.py
[2023-11-25 17:49:35,738] {logging_mixin.py:115} INFO - [2023-11-25 17:49:35,738] {dag.py:2420} INFO - Sync 1 DAGs
[2023-11-25 17:49:35,764] {logging_mixin.py:115} INFO - [2023-11-25 17:49:35,764] {dag.py:2972} INFO - Setting next_dagrun for tutorial_etl_dag to None, run_after=None
[2023-11-25 17:49:35,777] {processor.py:161} INFO - Processing /home/airflow/.local/lib/python3.7/site-packages/airflow/example_dags/tutorial_etl_dag.py took 0.094 seconds
[2023-11-25 17:50:06,150] {processor.py:153} INFO - Started process (PID=2574) to work on /home/airflow/.local/lib/python3.7/site-packages/airflow/example_dags/tutorial_etl_dag.py
[2023-11-25 17:50:06,151] {processor.py:641} INFO - Processing file /home/airflow/.local/lib/python3.7/site-packages/airflow/example_dags/tutorial_etl_dag.py for tasks to queue
[2023-11-25 17:50:06,151] {logging_mixin.py:115} INFO - [2023-11-25 17:50:06,151] {dagbag.py:508} INFO - Filling up the DagBag from /home/airflow/.local/lib/python3.7/site-packages/airflow/example_dags/tutorial_etl_dag.py
[2023-11-25 17:50:06,161] {processor.py:651} INFO - DAG(s) dict_keys(['tutorial_etl_dag']) retrieved from /home/airflow/.local/lib/python3.7/site-packages/airflow/example_dags/tutorial_etl_dag.py
[2023-11-25 17:50:06,211] {logging_mixin.py:115} INFO - [2023-11-25 17:50:06,211] {dag.py:2420} INFO - Sync 1 DAGs
[2023-11-25 17:50:06,256] {logging_mixin.py:115} INFO - [2023-11-25 17:50:06,256] {dag.py:2972} INFO - Setting next_dagrun for tutorial_etl_dag to None, run_after=None
[2023-11-25 17:50:06,275] {processor.py:161} INFO - Processing /home/airflow/.local/lib/python3.7/site-packages/airflow/example_dags/tutorial_etl_dag.py took 0.130 seconds
[2023-11-25 17:50:36,608] {processor.py:153} INFO - Started process (PID=2636) to work on /home/airflow/.local/lib/python3.7/site-packages/airflow/example_dags/tutorial_etl_dag.py
[2023-11-25 17:50:36,608] {processor.py:641} INFO - Processing file /home/airflow/.local/lib/python3.7/site-packages/airflow/example_dags/tutorial_etl_dag.py for tasks to queue
[2023-11-25 17:50:36,609] {logging_mixin.py:115} INFO - [2023-11-25 17:50:36,609] {dagbag.py:508} INFO - Filling up the DagBag from /home/airflow/.local/lib/python3.7/site-packages/airflow/example_dags/tutorial_etl_dag.py
[2023-11-25 17:50:36,618] {processor.py:651} INFO - DAG(s) dict_keys(['tutorial_etl_dag']) retrieved from /home/airflow/.local/lib/python3.7/site-packages/airflow/example_dags/tutorial_etl_dag.py
[2023-11-25 17:50:36,660] {logging_mixin.py:115} INFO - [2023-11-25 17:50:36,659] {dag.py:2420} INFO - Sync 1 DAGs
[2023-11-25 17:50:36,688] {logging_mixin.py:115} INFO - [2023-11-25 17:50:36,687] {dag.py:2972} INFO - Setting next_dagrun for tutorial_etl_dag to None, run_after=None
[2023-11-25 17:50:36,701] {processor.py:161} INFO - Processing /home/airflow/.local/lib/python3.7/site-packages/airflow/example_dags/tutorial_etl_dag.py took 0.098 seconds
[2023-11-25 17:51:07,232] {processor.py:153} INFO - Started process (PID=2698) to work on /home/airflow/.local/lib/python3.7/site-packages/airflow/example_dags/tutorial_etl_dag.py
[2023-11-25 17:51:07,233] {processor.py:641} INFO - Processing file /home/airflow/.local/lib/python3.7/site-packages/airflow/example_dags/tutorial_etl_dag.py for tasks to queue
[2023-11-25 17:51:07,233] {logging_mixin.py:115} INFO - [2023-11-25 17:51:07,233] {dagbag.py:508} INFO - Filling up the DagBag from /home/airflow/.local/lib/python3.7/site-packages/airflow/example_dags/tutorial_etl_dag.py
[2023-11-25 17:51:07,243] {processor.py:651} INFO - DAG(s) dict_keys(['tutorial_etl_dag']) retrieved from /home/airflow/.local/lib/python3.7/site-packages/airflow/example_dags/tutorial_etl_dag.py
[2023-11-25 17:51:07,282] {logging_mixin.py:115} INFO - [2023-11-25 17:51:07,282] {dag.py:2420} INFO - Sync 1 DAGs
[2023-11-25 17:51:07,314] {logging_mixin.py:115} INFO - [2023-11-25 17:51:07,314] {dag.py:2972} INFO - Setting next_dagrun for tutorial_etl_dag to None, run_after=None
[2023-11-25 17:51:07,328] {processor.py:161} INFO - Processing /home/airflow/.local/lib/python3.7/site-packages/airflow/example_dags/tutorial_etl_dag.py took 0.101 seconds
[2023-11-25 17:51:37,778] {processor.py:153} INFO - Started process (PID=2751) to work on /home/airflow/.local/lib/python3.7/site-packages/airflow/example_dags/tutorial_etl_dag.py
[2023-11-25 17:51:37,779] {processor.py:641} INFO - Processing file /home/airflow/.local/lib/python3.7/site-packages/airflow/example_dags/tutorial_etl_dag.py for tasks to queue
[2023-11-25 17:51:37,780] {logging_mixin.py:115} INFO - [2023-11-25 17:51:37,780] {dagbag.py:508} INFO - Filling up the DagBag from /home/airflow/.local/lib/python3.7/site-packages/airflow/example_dags/tutorial_etl_dag.py
[2023-11-25 17:51:37,798] {processor.py:651} INFO - DAG(s) dict_keys(['tutorial_etl_dag']) retrieved from /home/airflow/.local/lib/python3.7/site-packages/airflow/example_dags/tutorial_etl_dag.py
[2023-11-25 17:51:37,855] {logging_mixin.py:115} INFO - [2023-11-25 17:51:37,855] {dag.py:2420} INFO - Sync 1 DAGs
[2023-11-25 17:51:37,890] {logging_mixin.py:115} INFO - [2023-11-25 17:51:37,890] {dag.py:2972} INFO - Setting next_dagrun for tutorial_etl_dag to None, run_after=None
[2023-11-25 17:51:37,910] {processor.py:161} INFO - Processing /home/airflow/.local/lib/python3.7/site-packages/airflow/example_dags/tutorial_etl_dag.py took 0.137 seconds
[2023-11-25 17:52:08,039] {processor.py:153} INFO - Started process (PID=2813) to work on /home/airflow/.local/lib/python3.7/site-packages/airflow/example_dags/tutorial_etl_dag.py
[2023-11-25 17:52:08,040] {processor.py:641} INFO - Processing file /home/airflow/.local/lib/python3.7/site-packages/airflow/example_dags/tutorial_etl_dag.py for tasks to queue
[2023-11-25 17:52:08,040] {logging_mixin.py:115} INFO - [2023-11-25 17:52:08,040] {dagbag.py:508} INFO - Filling up the DagBag from /home/airflow/.local/lib/python3.7/site-packages/airflow/example_dags/tutorial_etl_dag.py
[2023-11-25 17:52:08,060] {processor.py:651} INFO - DAG(s) dict_keys(['tutorial_etl_dag']) retrieved from /home/airflow/.local/lib/python3.7/site-packages/airflow/example_dags/tutorial_etl_dag.py
[2023-11-25 17:52:08,132] {logging_mixin.py:115} INFO - [2023-11-25 17:52:08,132] {dag.py:2420} INFO - Sync 1 DAGs
[2023-11-25 17:52:08,182] {logging_mixin.py:115} INFO - [2023-11-25 17:52:08,182] {dag.py:2972} INFO - Setting next_dagrun for tutorial_etl_dag to None, run_after=None
[2023-11-25 17:52:08,211] {processor.py:161} INFO - Processing /home/airflow/.local/lib/python3.7/site-packages/airflow/example_dags/tutorial_etl_dag.py took 0.178 seconds
[2023-11-25 17:52:38,666] {processor.py:153} INFO - Started process (PID=2866) to work on /home/airflow/.local/lib/python3.7/site-packages/airflow/example_dags/tutorial_etl_dag.py
[2023-11-25 17:52:38,667] {processor.py:641} INFO - Processing file /home/airflow/.local/lib/python3.7/site-packages/airflow/example_dags/tutorial_etl_dag.py for tasks to queue
[2023-11-25 17:52:38,667] {logging_mixin.py:115} INFO - [2023-11-25 17:52:38,667] {dagbag.py:508} INFO - Filling up the DagBag from /home/airflow/.local/lib/python3.7/site-packages/airflow/example_dags/tutorial_etl_dag.py
[2023-11-25 17:52:38,677] {processor.py:651} INFO - DAG(s) dict_keys(['tutorial_etl_dag']) retrieved from /home/airflow/.local/lib/python3.7/site-packages/airflow/example_dags/tutorial_etl_dag.py
[2023-11-25 17:52:38,723] {logging_mixin.py:115} INFO - [2023-11-25 17:52:38,723] {dag.py:2420} INFO - Sync 1 DAGs
[2023-11-25 17:52:38,758] {logging_mixin.py:115} INFO - [2023-11-25 17:52:38,758] {dag.py:2972} INFO - Setting next_dagrun for tutorial_etl_dag to None, run_after=None
[2023-11-25 17:52:38,773] {processor.py:161} INFO - Processing /home/airflow/.local/lib/python3.7/site-packages/airflow/example_dags/tutorial_etl_dag.py took 0.112 seconds
[2023-11-25 17:53:09,114] {processor.py:153} INFO - Started process (PID=2927) to work on /home/airflow/.local/lib/python3.7/site-packages/airflow/example_dags/tutorial_etl_dag.py
[2023-11-25 17:53:09,115] {processor.py:641} INFO - Processing file /home/airflow/.local/lib/python3.7/site-packages/airflow/example_dags/tutorial_etl_dag.py for tasks to queue
[2023-11-25 17:53:09,115] {logging_mixin.py:115} INFO - [2023-11-25 17:53:09,115] {dagbag.py:508} INFO - Filling up the DagBag from /home/airflow/.local/lib/python3.7/site-packages/airflow/example_dags/tutorial_etl_dag.py
[2023-11-25 17:53:09,126] {processor.py:651} INFO - DAG(s) dict_keys(['tutorial_etl_dag']) retrieved from /home/airflow/.local/lib/python3.7/site-packages/airflow/example_dags/tutorial_etl_dag.py
[2023-11-25 17:53:09,168] {logging_mixin.py:115} INFO - [2023-11-25 17:53:09,168] {dag.py:2420} INFO - Sync 1 DAGs
[2023-11-25 17:53:09,203] {logging_mixin.py:115} INFO - [2023-11-25 17:53:09,202] {dag.py:2972} INFO - Setting next_dagrun for tutorial_etl_dag to None, run_after=None
[2023-11-25 17:53:09,222] {processor.py:161} INFO - Processing /home/airflow/.local/lib/python3.7/site-packages/airflow/example_dags/tutorial_etl_dag.py took 0.114 seconds
[2023-11-25 17:53:40,183] {processor.py:153} INFO - Started process (PID=2990) to work on /home/airflow/.local/lib/python3.7/site-packages/airflow/example_dags/tutorial_etl_dag.py
[2023-11-25 17:53:40,184] {processor.py:641} INFO - Processing file /home/airflow/.local/lib/python3.7/site-packages/airflow/example_dags/tutorial_etl_dag.py for tasks to queue
[2023-11-25 17:53:40,185] {logging_mixin.py:115} INFO - [2023-11-25 17:53:40,185] {dagbag.py:508} INFO - Filling up the DagBag from /home/airflow/.local/lib/python3.7/site-packages/airflow/example_dags/tutorial_etl_dag.py
[2023-11-25 17:53:40,196] {processor.py:651} INFO - DAG(s) dict_keys(['tutorial_etl_dag']) retrieved from /home/airflow/.local/lib/python3.7/site-packages/airflow/example_dags/tutorial_etl_dag.py
[2023-11-25 17:53:40,241] {logging_mixin.py:115} INFO - [2023-11-25 17:53:40,241] {dag.py:2420} INFO - Sync 1 DAGs
[2023-11-25 17:53:40,292] {logging_mixin.py:115} INFO - [2023-11-25 17:53:40,292] {dag.py:2972} INFO - Setting next_dagrun for tutorial_etl_dag to None, run_after=None
[2023-11-25 17:53:40,314] {processor.py:161} INFO - Processing /home/airflow/.local/lib/python3.7/site-packages/airflow/example_dags/tutorial_etl_dag.py took 0.136 seconds
[2023-11-25 17:54:10,676] {processor.py:153} INFO - Started process (PID=3044) to work on /home/airflow/.local/lib/python3.7/site-packages/airflow/example_dags/tutorial_etl_dag.py
[2023-11-25 17:54:10,677] {processor.py:641} INFO - Processing file /home/airflow/.local/lib/python3.7/site-packages/airflow/example_dags/tutorial_etl_dag.py for tasks to queue
[2023-11-25 17:54:10,677] {logging_mixin.py:115} INFO - [2023-11-25 17:54:10,677] {dagbag.py:508} INFO - Filling up the DagBag from /home/airflow/.local/lib/python3.7/site-packages/airflow/example_dags/tutorial_etl_dag.py
[2023-11-25 17:54:10,688] {processor.py:651} INFO - DAG(s) dict_keys(['tutorial_etl_dag']) retrieved from /home/airflow/.local/lib/python3.7/site-packages/airflow/example_dags/tutorial_etl_dag.py
[2023-11-25 17:54:10,731] {logging_mixin.py:115} INFO - [2023-11-25 17:54:10,730] {dag.py:2420} INFO - Sync 1 DAGs
[2023-11-25 17:54:10,765] {logging_mixin.py:115} INFO - [2023-11-25 17:54:10,765] {dag.py:2972} INFO - Setting next_dagrun for tutorial_etl_dag to None, run_after=None
[2023-11-25 17:54:10,785] {processor.py:161} INFO - Processing /home/airflow/.local/lib/python3.7/site-packages/airflow/example_dags/tutorial_etl_dag.py took 0.115 seconds
