[2023-11-25 17:28:33,632] {processor.py:153} INFO - Started process (PID=95) to work on /home/airflow/.local/lib/python3.7/site-packages/airflow/example_dags/tutorial_taskflow_api_etl.py
[2023-11-25 17:28:33,633] {processor.py:641} INFO - Processing file /home/airflow/.local/lib/python3.7/site-packages/airflow/example_dags/tutorial_taskflow_api_etl.py for tasks to queue
[2023-11-25 17:28:33,633] {logging_mixin.py:115} INFO - [2023-11-25 17:28:33,633] {dagbag.py:508} INFO - Filling up the DagBag from /home/airflow/.local/lib/python3.7/site-packages/airflow/example_dags/tutorial_taskflow_api_etl.py
[2023-11-25 17:28:33,694] {processor.py:651} INFO - DAG(s) dict_keys(['tutorial_taskflow_api_etl']) retrieved from /home/airflow/.local/lib/python3.7/site-packages/airflow/example_dags/tutorial_taskflow_api_etl.py
[2023-11-25 17:28:34,175] {logging_mixin.py:115} INFO - [2023-11-25 17:28:34,175] {manager.py:508} INFO - Created Permission View: can delete on DAG:tutorial_taskflow_api_etl
[2023-11-25 17:28:34,213] {logging_mixin.py:115} INFO - [2023-11-25 17:28:34,213] {manager.py:508} INFO - Created Permission View: can edit on DAG:tutorial_taskflow_api_etl
[2023-11-25 17:28:34,250] {logging_mixin.py:115} INFO - [2023-11-25 17:28:34,250] {manager.py:508} INFO - Created Permission View: can read on DAG:tutorial_taskflow_api_etl
[2023-11-25 17:28:34,250] {logging_mixin.py:115} INFO - [2023-11-25 17:28:34,250] {dag.py:2420} INFO - Sync 1 DAGs
[2023-11-25 17:28:34,277] {logging_mixin.py:115} INFO - [2023-11-25 17:28:34,277] {dag.py:2439} INFO - Creating ORM DAG for tutorial_taskflow_api_etl
[2023-11-25 17:28:34,331] {logging_mixin.py:115} INFO - [2023-11-25 17:28:34,331] {dag.py:2972} INFO - Setting next_dagrun for tutorial_taskflow_api_etl to None, run_after=None
[2023-11-25 17:28:34,393] {processor.py:161} INFO - Processing /home/airflow/.local/lib/python3.7/site-packages/airflow/example_dags/tutorial_taskflow_api_etl.py took 0.793 seconds
[2023-11-25 17:29:05,231] {processor.py:153} INFO - Started process (PID=148) to work on /home/airflow/.local/lib/python3.7/site-packages/airflow/example_dags/tutorial_taskflow_api_etl.py
[2023-11-25 17:29:05,247] {processor.py:641} INFO - Processing file /home/airflow/.local/lib/python3.7/site-packages/airflow/example_dags/tutorial_taskflow_api_etl.py for tasks to queue
[2023-11-25 17:29:05,248] {logging_mixin.py:115} INFO - [2023-11-25 17:29:05,248] {dagbag.py:508} INFO - Filling up the DagBag from /home/airflow/.local/lib/python3.7/site-packages/airflow/example_dags/tutorial_taskflow_api_etl.py
[2023-11-25 17:29:05,292] {processor.py:651} INFO - DAG(s) dict_keys(['tutorial_taskflow_api_etl']) retrieved from /home/airflow/.local/lib/python3.7/site-packages/airflow/example_dags/tutorial_taskflow_api_etl.py
[2023-11-25 17:29:05,495] {logging_mixin.py:115} INFO - [2023-11-25 17:29:05,494] {dag.py:2420} INFO - Sync 1 DAGs
[2023-11-25 17:29:05,561] {logging_mixin.py:115} INFO - [2023-11-25 17:29:05,561] {dag.py:2972} INFO - Setting next_dagrun for tutorial_taskflow_api_etl to None, run_after=None
[2023-11-25 17:29:06,452] {processor.py:161} INFO - Processing /home/airflow/.local/lib/python3.7/site-packages/airflow/example_dags/tutorial_taskflow_api_etl.py took 1.235 seconds
[2023-11-25 17:29:36,843] {processor.py:153} INFO - Started process (PID=200) to work on /home/airflow/.local/lib/python3.7/site-packages/airflow/example_dags/tutorial_taskflow_api_etl.py
[2023-11-25 17:29:36,843] {processor.py:641} INFO - Processing file /home/airflow/.local/lib/python3.7/site-packages/airflow/example_dags/tutorial_taskflow_api_etl.py for tasks to queue
[2023-11-25 17:29:36,844] {logging_mixin.py:115} INFO - [2023-11-25 17:29:36,844] {dagbag.py:508} INFO - Filling up the DagBag from /home/airflow/.local/lib/python3.7/site-packages/airflow/example_dags/tutorial_taskflow_api_etl.py
[2023-11-25 17:29:36,866] {processor.py:651} INFO - DAG(s) dict_keys(['tutorial_taskflow_api_etl']) retrieved from /home/airflow/.local/lib/python3.7/site-packages/airflow/example_dags/tutorial_taskflow_api_etl.py
[2023-11-25 17:29:36,906] {logging_mixin.py:115} INFO - [2023-11-25 17:29:36,906] {dag.py:2420} INFO - Sync 1 DAGs
[2023-11-25 17:29:36,934] {logging_mixin.py:115} INFO - [2023-11-25 17:29:36,934] {dag.py:2972} INFO - Setting next_dagrun for tutorial_taskflow_api_etl to None, run_after=None
[2023-11-25 17:29:36,950] {processor.py:161} INFO - Processing /home/airflow/.local/lib/python3.7/site-packages/airflow/example_dags/tutorial_taskflow_api_etl.py took 0.113 seconds
[2023-11-25 17:30:07,212] {processor.py:153} INFO - Started process (PID=261) to work on /home/airflow/.local/lib/python3.7/site-packages/airflow/example_dags/tutorial_taskflow_api_etl.py
[2023-11-25 17:30:07,212] {processor.py:641} INFO - Processing file /home/airflow/.local/lib/python3.7/site-packages/airflow/example_dags/tutorial_taskflow_api_etl.py for tasks to queue
[2023-11-25 17:30:07,213] {logging_mixin.py:115} INFO - [2023-11-25 17:30:07,213] {dagbag.py:508} INFO - Filling up the DagBag from /home/airflow/.local/lib/python3.7/site-packages/airflow/example_dags/tutorial_taskflow_api_etl.py
[2023-11-25 17:30:07,233] {processor.py:651} INFO - DAG(s) dict_keys(['tutorial_taskflow_api_etl']) retrieved from /home/airflow/.local/lib/python3.7/site-packages/airflow/example_dags/tutorial_taskflow_api_etl.py
[2023-11-25 17:30:07,353] {logging_mixin.py:115} INFO - [2023-11-25 17:30:07,353] {dag.py:2420} INFO - Sync 1 DAGs
[2023-11-25 17:30:07,394] {logging_mixin.py:115} INFO - [2023-11-25 17:30:07,394] {dag.py:2972} INFO - Setting next_dagrun for tutorial_taskflow_api_etl to None, run_after=None
[2023-11-25 17:30:07,408] {processor.py:161} INFO - Processing /home/airflow/.local/lib/python3.7/site-packages/airflow/example_dags/tutorial_taskflow_api_etl.py took 0.201 seconds
[2023-11-25 17:30:37,516] {processor.py:153} INFO - Started process (PID=322) to work on /home/airflow/.local/lib/python3.7/site-packages/airflow/example_dags/tutorial_taskflow_api_etl.py
[2023-11-25 17:30:37,517] {processor.py:641} INFO - Processing file /home/airflow/.local/lib/python3.7/site-packages/airflow/example_dags/tutorial_taskflow_api_etl.py for tasks to queue
[2023-11-25 17:30:37,518] {logging_mixin.py:115} INFO - [2023-11-25 17:30:37,518] {dagbag.py:508} INFO - Filling up the DagBag from /home/airflow/.local/lib/python3.7/site-packages/airflow/example_dags/tutorial_taskflow_api_etl.py
[2023-11-25 17:30:37,540] {processor.py:651} INFO - DAG(s) dict_keys(['tutorial_taskflow_api_etl']) retrieved from /home/airflow/.local/lib/python3.7/site-packages/airflow/example_dags/tutorial_taskflow_api_etl.py
[2023-11-25 17:30:37,583] {logging_mixin.py:115} INFO - [2023-11-25 17:30:37,582] {dag.py:2420} INFO - Sync 1 DAGs
[2023-11-25 17:30:37,616] {logging_mixin.py:115} INFO - [2023-11-25 17:30:37,616] {dag.py:2972} INFO - Setting next_dagrun for tutorial_taskflow_api_etl to None, run_after=None
[2023-11-25 17:30:37,630] {processor.py:161} INFO - Processing /home/airflow/.local/lib/python3.7/site-packages/airflow/example_dags/tutorial_taskflow_api_etl.py took 0.119 seconds
[2023-11-25 17:31:08,244] {processor.py:153} INFO - Started process (PID=374) to work on /home/airflow/.local/lib/python3.7/site-packages/airflow/example_dags/tutorial_taskflow_api_etl.py
[2023-11-25 17:31:08,245] {processor.py:641} INFO - Processing file /home/airflow/.local/lib/python3.7/site-packages/airflow/example_dags/tutorial_taskflow_api_etl.py for tasks to queue
[2023-11-25 17:31:08,246] {logging_mixin.py:115} INFO - [2023-11-25 17:31:08,246] {dagbag.py:508} INFO - Filling up the DagBag from /home/airflow/.local/lib/python3.7/site-packages/airflow/example_dags/tutorial_taskflow_api_etl.py
[2023-11-25 17:31:08,267] {processor.py:651} INFO - DAG(s) dict_keys(['tutorial_taskflow_api_etl']) retrieved from /home/airflow/.local/lib/python3.7/site-packages/airflow/example_dags/tutorial_taskflow_api_etl.py
[2023-11-25 17:31:08,353] {logging_mixin.py:115} INFO - [2023-11-25 17:31:08,353] {dag.py:2420} INFO - Sync 1 DAGs
[2023-11-25 17:31:08,378] {logging_mixin.py:115} INFO - [2023-11-25 17:31:08,378] {dag.py:2972} INFO - Setting next_dagrun for tutorial_taskflow_api_etl to None, run_after=None
[2023-11-25 17:31:08,393] {processor.py:161} INFO - Processing /home/airflow/.local/lib/python3.7/site-packages/airflow/example_dags/tutorial_taskflow_api_etl.py took 0.154 seconds
[2023-11-25 17:31:38,839] {processor.py:153} INFO - Started process (PID=435) to work on /home/airflow/.local/lib/python3.7/site-packages/airflow/example_dags/tutorial_taskflow_api_etl.py
[2023-11-25 17:31:38,840] {processor.py:641} INFO - Processing file /home/airflow/.local/lib/python3.7/site-packages/airflow/example_dags/tutorial_taskflow_api_etl.py for tasks to queue
[2023-11-25 17:31:38,841] {logging_mixin.py:115} INFO - [2023-11-25 17:31:38,841] {dagbag.py:508} INFO - Filling up the DagBag from /home/airflow/.local/lib/python3.7/site-packages/airflow/example_dags/tutorial_taskflow_api_etl.py
[2023-11-25 17:31:38,861] {processor.py:651} INFO - DAG(s) dict_keys(['tutorial_taskflow_api_etl']) retrieved from /home/airflow/.local/lib/python3.7/site-packages/airflow/example_dags/tutorial_taskflow_api_etl.py
[2023-11-25 17:31:38,963] {logging_mixin.py:115} INFO - [2023-11-25 17:31:38,963] {dag.py:2420} INFO - Sync 1 DAGs
[2023-11-25 17:31:38,989] {logging_mixin.py:115} INFO - [2023-11-25 17:31:38,989] {dag.py:2972} INFO - Setting next_dagrun for tutorial_taskflow_api_etl to None, run_after=None
[2023-11-25 17:31:39,007] {processor.py:161} INFO - Processing /home/airflow/.local/lib/python3.7/site-packages/airflow/example_dags/tutorial_taskflow_api_etl.py took 0.173 seconds
[2023-11-25 17:32:09,521] {processor.py:153} INFO - Started process (PID=496) to work on /home/airflow/.local/lib/python3.7/site-packages/airflow/example_dags/tutorial_taskflow_api_etl.py
[2023-11-25 17:32:09,522] {processor.py:641} INFO - Processing file /home/airflow/.local/lib/python3.7/site-packages/airflow/example_dags/tutorial_taskflow_api_etl.py for tasks to queue
[2023-11-25 17:32:09,522] {logging_mixin.py:115} INFO - [2023-11-25 17:32:09,522] {dagbag.py:508} INFO - Filling up the DagBag from /home/airflow/.local/lib/python3.7/site-packages/airflow/example_dags/tutorial_taskflow_api_etl.py
[2023-11-25 17:32:09,552] {processor.py:651} INFO - DAG(s) dict_keys(['tutorial_taskflow_api_etl']) retrieved from /home/airflow/.local/lib/python3.7/site-packages/airflow/example_dags/tutorial_taskflow_api_etl.py
[2023-11-25 17:32:09,610] {logging_mixin.py:115} INFO - [2023-11-25 17:32:09,610] {dag.py:2420} INFO - Sync 1 DAGs
[2023-11-25 17:32:09,652] {logging_mixin.py:115} INFO - [2023-11-25 17:32:09,652] {dag.py:2972} INFO - Setting next_dagrun for tutorial_taskflow_api_etl to None, run_after=None
[2023-11-25 17:32:09,680] {processor.py:161} INFO - Processing /home/airflow/.local/lib/python3.7/site-packages/airflow/example_dags/tutorial_taskflow_api_etl.py took 0.163 seconds
[2023-11-25 17:32:40,152] {processor.py:153} INFO - Started process (PID=548) to work on /home/airflow/.local/lib/python3.7/site-packages/airflow/example_dags/tutorial_taskflow_api_etl.py
[2023-11-25 17:32:40,153] {processor.py:641} INFO - Processing file /home/airflow/.local/lib/python3.7/site-packages/airflow/example_dags/tutorial_taskflow_api_etl.py for tasks to queue
[2023-11-25 17:32:40,153] {logging_mixin.py:115} INFO - [2023-11-25 17:32:40,153] {dagbag.py:508} INFO - Filling up the DagBag from /home/airflow/.local/lib/python3.7/site-packages/airflow/example_dags/tutorial_taskflow_api_etl.py
[2023-11-25 17:32:40,173] {processor.py:651} INFO - DAG(s) dict_keys(['tutorial_taskflow_api_etl']) retrieved from /home/airflow/.local/lib/python3.7/site-packages/airflow/example_dags/tutorial_taskflow_api_etl.py
[2023-11-25 17:32:40,265] {logging_mixin.py:115} INFO - [2023-11-25 17:32:40,265] {dag.py:2420} INFO - Sync 1 DAGs
[2023-11-25 17:32:40,294] {logging_mixin.py:115} INFO - [2023-11-25 17:32:40,294] {dag.py:2972} INFO - Setting next_dagrun for tutorial_taskflow_api_etl to None, run_after=None
[2023-11-25 17:32:40,309] {processor.py:161} INFO - Processing /home/airflow/.local/lib/python3.7/site-packages/airflow/example_dags/tutorial_taskflow_api_etl.py took 0.162 seconds
[2023-11-25 17:33:10,623] {processor.py:153} INFO - Started process (PID=609) to work on /home/airflow/.local/lib/python3.7/site-packages/airflow/example_dags/tutorial_taskflow_api_etl.py
[2023-11-25 17:33:10,623] {processor.py:641} INFO - Processing file /home/airflow/.local/lib/python3.7/site-packages/airflow/example_dags/tutorial_taskflow_api_etl.py for tasks to queue
[2023-11-25 17:33:10,624] {logging_mixin.py:115} INFO - [2023-11-25 17:33:10,624] {dagbag.py:508} INFO - Filling up the DagBag from /home/airflow/.local/lib/python3.7/site-packages/airflow/example_dags/tutorial_taskflow_api_etl.py
[2023-11-25 17:33:10,645] {processor.py:651} INFO - DAG(s) dict_keys(['tutorial_taskflow_api_etl']) retrieved from /home/airflow/.local/lib/python3.7/site-packages/airflow/example_dags/tutorial_taskflow_api_etl.py
[2023-11-25 17:33:10,693] {logging_mixin.py:115} INFO - [2023-11-25 17:33:10,693] {dag.py:2420} INFO - Sync 1 DAGs
[2023-11-25 17:33:10,730] {logging_mixin.py:115} INFO - [2023-11-25 17:33:10,729] {dag.py:2972} INFO - Setting next_dagrun for tutorial_taskflow_api_etl to None, run_after=None
[2023-11-25 17:33:10,746] {processor.py:161} INFO - Processing /home/airflow/.local/lib/python3.7/site-packages/airflow/example_dags/tutorial_taskflow_api_etl.py took 0.128 seconds
[2023-11-25 17:33:40,932] {processor.py:153} INFO - Started process (PID=668) to work on /home/airflow/.local/lib/python3.7/site-packages/airflow/example_dags/tutorial_taskflow_api_etl.py
[2023-11-25 17:33:40,933] {processor.py:641} INFO - Processing file /home/airflow/.local/lib/python3.7/site-packages/airflow/example_dags/tutorial_taskflow_api_etl.py for tasks to queue
[2023-11-25 17:33:40,935] {logging_mixin.py:115} INFO - [2023-11-25 17:33:40,934] {dagbag.py:508} INFO - Filling up the DagBag from /home/airflow/.local/lib/python3.7/site-packages/airflow/example_dags/tutorial_taskflow_api_etl.py
[2023-11-25 17:33:40,976] {processor.py:651} INFO - DAG(s) dict_keys(['tutorial_taskflow_api_etl']) retrieved from /home/airflow/.local/lib/python3.7/site-packages/airflow/example_dags/tutorial_taskflow_api_etl.py
[2023-11-25 17:33:41,154] {logging_mixin.py:115} INFO - [2023-11-25 17:33:41,154] {dag.py:2420} INFO - Sync 1 DAGs
[2023-11-25 17:33:41,216] {logging_mixin.py:115} INFO - [2023-11-25 17:33:41,216] {dag.py:2972} INFO - Setting next_dagrun for tutorial_taskflow_api_etl to None, run_after=None
[2023-11-25 17:33:41,237] {processor.py:161} INFO - Processing /home/airflow/.local/lib/python3.7/site-packages/airflow/example_dags/tutorial_taskflow_api_etl.py took 0.314 seconds
[2023-11-25 17:34:11,708] {processor.py:153} INFO - Started process (PID=722) to work on /home/airflow/.local/lib/python3.7/site-packages/airflow/example_dags/tutorial_taskflow_api_etl.py
[2023-11-25 17:34:11,709] {processor.py:641} INFO - Processing file /home/airflow/.local/lib/python3.7/site-packages/airflow/example_dags/tutorial_taskflow_api_etl.py for tasks to queue
[2023-11-25 17:34:11,709] {logging_mixin.py:115} INFO - [2023-11-25 17:34:11,709] {dagbag.py:508} INFO - Filling up the DagBag from /home/airflow/.local/lib/python3.7/site-packages/airflow/example_dags/tutorial_taskflow_api_etl.py
[2023-11-25 17:34:11,729] {processor.py:651} INFO - DAG(s) dict_keys(['tutorial_taskflow_api_etl']) retrieved from /home/airflow/.local/lib/python3.7/site-packages/airflow/example_dags/tutorial_taskflow_api_etl.py
[2023-11-25 17:34:11,814] {logging_mixin.py:115} INFO - [2023-11-25 17:34:11,814] {dag.py:2420} INFO - Sync 1 DAGs
[2023-11-25 17:34:11,846] {logging_mixin.py:115} INFO - [2023-11-25 17:34:11,846] {dag.py:2972} INFO - Setting next_dagrun for tutorial_taskflow_api_etl to None, run_after=None
[2023-11-25 17:34:11,861] {processor.py:161} INFO - Processing /home/airflow/.local/lib/python3.7/site-packages/airflow/example_dags/tutorial_taskflow_api_etl.py took 0.158 seconds
[2023-11-25 17:34:42,337] {processor.py:153} INFO - Started process (PID=783) to work on /home/airflow/.local/lib/python3.7/site-packages/airflow/example_dags/tutorial_taskflow_api_etl.py
[2023-11-25 17:34:42,338] {processor.py:641} INFO - Processing file /home/airflow/.local/lib/python3.7/site-packages/airflow/example_dags/tutorial_taskflow_api_etl.py for tasks to queue
[2023-11-25 17:34:42,339] {logging_mixin.py:115} INFO - [2023-11-25 17:34:42,338] {dagbag.py:508} INFO - Filling up the DagBag from /home/airflow/.local/lib/python3.7/site-packages/airflow/example_dags/tutorial_taskflow_api_etl.py
[2023-11-25 17:34:42,359] {processor.py:651} INFO - DAG(s) dict_keys(['tutorial_taskflow_api_etl']) retrieved from /home/airflow/.local/lib/python3.7/site-packages/airflow/example_dags/tutorial_taskflow_api_etl.py
[2023-11-25 17:34:42,406] {logging_mixin.py:115} INFO - [2023-11-25 17:34:42,406] {dag.py:2420} INFO - Sync 1 DAGs
[2023-11-25 17:34:42,433] {logging_mixin.py:115} INFO - [2023-11-25 17:34:42,433] {dag.py:2972} INFO - Setting next_dagrun for tutorial_taskflow_api_etl to None, run_after=None
[2023-11-25 17:34:42,447] {processor.py:161} INFO - Processing /home/airflow/.local/lib/python3.7/site-packages/airflow/example_dags/tutorial_taskflow_api_etl.py took 0.115 seconds
[2023-11-25 17:35:12,620] {processor.py:153} INFO - Started process (PID=835) to work on /home/airflow/.local/lib/python3.7/site-packages/airflow/example_dags/tutorial_taskflow_api_etl.py
[2023-11-25 17:35:12,621] {processor.py:641} INFO - Processing file /home/airflow/.local/lib/python3.7/site-packages/airflow/example_dags/tutorial_taskflow_api_etl.py for tasks to queue
[2023-11-25 17:35:12,622] {logging_mixin.py:115} INFO - [2023-11-25 17:35:12,622] {dagbag.py:508} INFO - Filling up the DagBag from /home/airflow/.local/lib/python3.7/site-packages/airflow/example_dags/tutorial_taskflow_api_etl.py
[2023-11-25 17:35:12,648] {processor.py:651} INFO - DAG(s) dict_keys(['tutorial_taskflow_api_etl']) retrieved from /home/airflow/.local/lib/python3.7/site-packages/airflow/example_dags/tutorial_taskflow_api_etl.py
[2023-11-25 17:35:12,738] {logging_mixin.py:115} INFO - [2023-11-25 17:35:12,737] {dag.py:2420} INFO - Sync 1 DAGs
[2023-11-25 17:35:12,768] {logging_mixin.py:115} INFO - [2023-11-25 17:35:12,768] {dag.py:2972} INFO - Setting next_dagrun for tutorial_taskflow_api_etl to None, run_after=None
[2023-11-25 17:35:12,785] {processor.py:161} INFO - Processing /home/airflow/.local/lib/python3.7/site-packages/airflow/example_dags/tutorial_taskflow_api_etl.py took 0.170 seconds
[2023-11-25 17:35:43,366] {processor.py:153} INFO - Started process (PID=897) to work on /home/airflow/.local/lib/python3.7/site-packages/airflow/example_dags/tutorial_taskflow_api_etl.py
[2023-11-25 17:35:43,367] {processor.py:641} INFO - Processing file /home/airflow/.local/lib/python3.7/site-packages/airflow/example_dags/tutorial_taskflow_api_etl.py for tasks to queue
[2023-11-25 17:35:43,367] {logging_mixin.py:115} INFO - [2023-11-25 17:35:43,367] {dagbag.py:508} INFO - Filling up the DagBag from /home/airflow/.local/lib/python3.7/site-packages/airflow/example_dags/tutorial_taskflow_api_etl.py
[2023-11-25 17:35:43,389] {processor.py:651} INFO - DAG(s) dict_keys(['tutorial_taskflow_api_etl']) retrieved from /home/airflow/.local/lib/python3.7/site-packages/airflow/example_dags/tutorial_taskflow_api_etl.py
[2023-11-25 17:35:43,476] {logging_mixin.py:115} INFO - [2023-11-25 17:35:43,476] {dag.py:2420} INFO - Sync 1 DAGs
[2023-11-25 17:35:43,504] {logging_mixin.py:115} INFO - [2023-11-25 17:35:43,504] {dag.py:2972} INFO - Setting next_dagrun for tutorial_taskflow_api_etl to None, run_after=None
[2023-11-25 17:35:43,520] {processor.py:161} INFO - Processing /home/airflow/.local/lib/python3.7/site-packages/airflow/example_dags/tutorial_taskflow_api_etl.py took 0.159 seconds
[2023-11-25 17:36:13,900] {processor.py:153} INFO - Started process (PID=958) to work on /home/airflow/.local/lib/python3.7/site-packages/airflow/example_dags/tutorial_taskflow_api_etl.py
[2023-11-25 17:36:13,901] {processor.py:641} INFO - Processing file /home/airflow/.local/lib/python3.7/site-packages/airflow/example_dags/tutorial_taskflow_api_etl.py for tasks to queue
[2023-11-25 17:36:13,902] {logging_mixin.py:115} INFO - [2023-11-25 17:36:13,901] {dagbag.py:508} INFO - Filling up the DagBag from /home/airflow/.local/lib/python3.7/site-packages/airflow/example_dags/tutorial_taskflow_api_etl.py
[2023-11-25 17:36:13,938] {processor.py:651} INFO - DAG(s) dict_keys(['tutorial_taskflow_api_etl']) retrieved from /home/airflow/.local/lib/python3.7/site-packages/airflow/example_dags/tutorial_taskflow_api_etl.py
[2023-11-25 17:36:14,092] {logging_mixin.py:115} INFO - [2023-11-25 17:36:14,092] {dag.py:2420} INFO - Sync 1 DAGs
[2023-11-25 17:36:14,125] {logging_mixin.py:115} INFO - [2023-11-25 17:36:14,125] {dag.py:2972} INFO - Setting next_dagrun for tutorial_taskflow_api_etl to None, run_after=None
[2023-11-25 17:36:14,143] {processor.py:161} INFO - Processing /home/airflow/.local/lib/python3.7/site-packages/airflow/example_dags/tutorial_taskflow_api_etl.py took 0.248 seconds
[2023-11-25 17:36:44,444] {processor.py:153} INFO - Started process (PID=1010) to work on /home/airflow/.local/lib/python3.7/site-packages/airflow/example_dags/tutorial_taskflow_api_etl.py
[2023-11-25 17:36:44,444] {processor.py:641} INFO - Processing file /home/airflow/.local/lib/python3.7/site-packages/airflow/example_dags/tutorial_taskflow_api_etl.py for tasks to queue
[2023-11-25 17:36:44,445] {logging_mixin.py:115} INFO - [2023-11-25 17:36:44,445] {dagbag.py:508} INFO - Filling up the DagBag from /home/airflow/.local/lib/python3.7/site-packages/airflow/example_dags/tutorial_taskflow_api_etl.py
[2023-11-25 17:36:44,473] {processor.py:651} INFO - DAG(s) dict_keys(['tutorial_taskflow_api_etl']) retrieved from /home/airflow/.local/lib/python3.7/site-packages/airflow/example_dags/tutorial_taskflow_api_etl.py
[2023-11-25 17:36:44,570] {logging_mixin.py:115} INFO - [2023-11-25 17:36:44,570] {dag.py:2420} INFO - Sync 1 DAGs
[2023-11-25 17:36:44,596] {logging_mixin.py:115} INFO - [2023-11-25 17:36:44,596] {dag.py:2972} INFO - Setting next_dagrun for tutorial_taskflow_api_etl to None, run_after=None
[2023-11-25 17:36:44,611] {processor.py:161} INFO - Processing /home/airflow/.local/lib/python3.7/site-packages/airflow/example_dags/tutorial_taskflow_api_etl.py took 0.172 seconds
[2023-11-25 17:37:14,785] {processor.py:153} INFO - Started process (PID=1071) to work on /home/airflow/.local/lib/python3.7/site-packages/airflow/example_dags/tutorial_taskflow_api_etl.py
[2023-11-25 17:37:14,786] {processor.py:641} INFO - Processing file /home/airflow/.local/lib/python3.7/site-packages/airflow/example_dags/tutorial_taskflow_api_etl.py for tasks to queue
[2023-11-25 17:37:14,787] {logging_mixin.py:115} INFO - [2023-11-25 17:37:14,786] {dagbag.py:508} INFO - Filling up the DagBag from /home/airflow/.local/lib/python3.7/site-packages/airflow/example_dags/tutorial_taskflow_api_etl.py
[2023-11-25 17:37:14,816] {processor.py:651} INFO - DAG(s) dict_keys(['tutorial_taskflow_api_etl']) retrieved from /home/airflow/.local/lib/python3.7/site-packages/airflow/example_dags/tutorial_taskflow_api_etl.py
[2023-11-25 17:37:14,950] {logging_mixin.py:115} INFO - [2023-11-25 17:37:14,950] {dag.py:2420} INFO - Sync 1 DAGs
[2023-11-25 17:37:15,013] {logging_mixin.py:115} INFO - [2023-11-25 17:37:15,013] {dag.py:2972} INFO - Setting next_dagrun for tutorial_taskflow_api_etl to None, run_after=None
[2023-11-25 17:37:15,054] {processor.py:161} INFO - Processing /home/airflow/.local/lib/python3.7/site-packages/airflow/example_dags/tutorial_taskflow_api_etl.py took 0.274 seconds
[2023-11-25 17:37:45,437] {processor.py:153} INFO - Started process (PID=1123) to work on /home/airflow/.local/lib/python3.7/site-packages/airflow/example_dags/tutorial_taskflow_api_etl.py
[2023-11-25 17:37:45,438] {processor.py:641} INFO - Processing file /home/airflow/.local/lib/python3.7/site-packages/airflow/example_dags/tutorial_taskflow_api_etl.py for tasks to queue
[2023-11-25 17:37:45,439] {logging_mixin.py:115} INFO - [2023-11-25 17:37:45,439] {dagbag.py:508} INFO - Filling up the DagBag from /home/airflow/.local/lib/python3.7/site-packages/airflow/example_dags/tutorial_taskflow_api_etl.py
[2023-11-25 17:37:45,480] {processor.py:651} INFO - DAG(s) dict_keys(['tutorial_taskflow_api_etl']) retrieved from /home/airflow/.local/lib/python3.7/site-packages/airflow/example_dags/tutorial_taskflow_api_etl.py
[2023-11-25 17:37:45,554] {logging_mixin.py:115} INFO - [2023-11-25 17:37:45,554] {dag.py:2420} INFO - Sync 1 DAGs
[2023-11-25 17:37:45,615] {logging_mixin.py:115} INFO - [2023-11-25 17:37:45,615] {dag.py:2972} INFO - Setting next_dagrun for tutorial_taskflow_api_etl to None, run_after=None
[2023-11-25 17:37:45,650] {processor.py:161} INFO - Processing /home/airflow/.local/lib/python3.7/site-packages/airflow/example_dags/tutorial_taskflow_api_etl.py took 0.219 seconds
[2023-11-25 17:38:16,087] {processor.py:153} INFO - Started process (PID=1183) to work on /home/airflow/.local/lib/python3.7/site-packages/airflow/example_dags/tutorial_taskflow_api_etl.py
[2023-11-25 17:38:16,088] {processor.py:641} INFO - Processing file /home/airflow/.local/lib/python3.7/site-packages/airflow/example_dags/tutorial_taskflow_api_etl.py for tasks to queue
[2023-11-25 17:38:16,089] {logging_mixin.py:115} INFO - [2023-11-25 17:38:16,089] {dagbag.py:508} INFO - Filling up the DagBag from /home/airflow/.local/lib/python3.7/site-packages/airflow/example_dags/tutorial_taskflow_api_etl.py
[2023-11-25 17:38:16,109] {processor.py:651} INFO - DAG(s) dict_keys(['tutorial_taskflow_api_etl']) retrieved from /home/airflow/.local/lib/python3.7/site-packages/airflow/example_dags/tutorial_taskflow_api_etl.py
[2023-11-25 17:38:16,202] {logging_mixin.py:115} INFO - [2023-11-25 17:38:16,202] {dag.py:2420} INFO - Sync 1 DAGs
[2023-11-25 17:38:16,238] {logging_mixin.py:115} INFO - [2023-11-25 17:38:16,238] {dag.py:2972} INFO - Setting next_dagrun for tutorial_taskflow_api_etl to None, run_after=None
[2023-11-25 17:38:16,253] {processor.py:161} INFO - Processing /home/airflow/.local/lib/python3.7/site-packages/airflow/example_dags/tutorial_taskflow_api_etl.py took 0.171 seconds
[2023-11-25 17:38:46,375] {processor.py:153} INFO - Started process (PID=1246) to work on /home/airflow/.local/lib/python3.7/site-packages/airflow/example_dags/tutorial_taskflow_api_etl.py
[2023-11-25 17:38:46,376] {processor.py:641} INFO - Processing file /home/airflow/.local/lib/python3.7/site-packages/airflow/example_dags/tutorial_taskflow_api_etl.py for tasks to queue
[2023-11-25 17:38:46,377] {logging_mixin.py:115} INFO - [2023-11-25 17:38:46,377] {dagbag.py:508} INFO - Filling up the DagBag from /home/airflow/.local/lib/python3.7/site-packages/airflow/example_dags/tutorial_taskflow_api_etl.py
[2023-11-25 17:38:46,398] {processor.py:651} INFO - DAG(s) dict_keys(['tutorial_taskflow_api_etl']) retrieved from /home/airflow/.local/lib/python3.7/site-packages/airflow/example_dags/tutorial_taskflow_api_etl.py
[2023-11-25 17:38:46,536] {logging_mixin.py:115} INFO - [2023-11-25 17:38:46,536] {dag.py:2420} INFO - Sync 1 DAGs
[2023-11-25 17:38:46,562] {logging_mixin.py:115} INFO - [2023-11-25 17:38:46,561] {dag.py:2972} INFO - Setting next_dagrun for tutorial_taskflow_api_etl to None, run_after=None
[2023-11-25 17:38:46,577] {processor.py:161} INFO - Processing /home/airflow/.local/lib/python3.7/site-packages/airflow/example_dags/tutorial_taskflow_api_etl.py took 0.207 seconds
[2023-11-25 17:39:17,063] {processor.py:153} INFO - Started process (PID=1300) to work on /home/airflow/.local/lib/python3.7/site-packages/airflow/example_dags/tutorial_taskflow_api_etl.py
[2023-11-25 17:39:17,064] {processor.py:641} INFO - Processing file /home/airflow/.local/lib/python3.7/site-packages/airflow/example_dags/tutorial_taskflow_api_etl.py for tasks to queue
[2023-11-25 17:39:17,065] {logging_mixin.py:115} INFO - [2023-11-25 17:39:17,065] {dagbag.py:508} INFO - Filling up the DagBag from /home/airflow/.local/lib/python3.7/site-packages/airflow/example_dags/tutorial_taskflow_api_etl.py
[2023-11-25 17:39:17,085] {processor.py:651} INFO - DAG(s) dict_keys(['tutorial_taskflow_api_etl']) retrieved from /home/airflow/.local/lib/python3.7/site-packages/airflow/example_dags/tutorial_taskflow_api_etl.py
[2023-11-25 17:39:17,188] {logging_mixin.py:115} INFO - [2023-11-25 17:39:17,187] {dag.py:2420} INFO - Sync 1 DAGs
[2023-11-25 17:39:17,212] {logging_mixin.py:115} INFO - [2023-11-25 17:39:17,212] {dag.py:2972} INFO - Setting next_dagrun for tutorial_taskflow_api_etl to None, run_after=None
[2023-11-25 17:39:17,227] {processor.py:161} INFO - Processing /home/airflow/.local/lib/python3.7/site-packages/airflow/example_dags/tutorial_taskflow_api_etl.py took 0.168 seconds
[2023-11-25 17:39:47,877] {processor.py:153} INFO - Started process (PID=1363) to work on /home/airflow/.local/lib/python3.7/site-packages/airflow/example_dags/tutorial_taskflow_api_etl.py
[2023-11-25 17:39:47,878] {processor.py:641} INFO - Processing file /home/airflow/.local/lib/python3.7/site-packages/airflow/example_dags/tutorial_taskflow_api_etl.py for tasks to queue
[2023-11-25 17:39:47,879] {logging_mixin.py:115} INFO - [2023-11-25 17:39:47,879] {dagbag.py:508} INFO - Filling up the DagBag from /home/airflow/.local/lib/python3.7/site-packages/airflow/example_dags/tutorial_taskflow_api_etl.py
[2023-11-25 17:39:47,899] {processor.py:651} INFO - DAG(s) dict_keys(['tutorial_taskflow_api_etl']) retrieved from /home/airflow/.local/lib/python3.7/site-packages/airflow/example_dags/tutorial_taskflow_api_etl.py
[2023-11-25 17:39:48,054] {logging_mixin.py:115} INFO - [2023-11-25 17:39:48,054] {dag.py:2420} INFO - Sync 1 DAGs
[2023-11-25 17:39:48,084] {logging_mixin.py:115} INFO - [2023-11-25 17:39:48,084] {dag.py:2972} INFO - Setting next_dagrun for tutorial_taskflow_api_etl to None, run_after=None
[2023-11-25 17:39:48,100] {processor.py:161} INFO - Processing /home/airflow/.local/lib/python3.7/site-packages/airflow/example_dags/tutorial_taskflow_api_etl.py took 0.228 seconds
[2023-11-25 17:40:18,694] {processor.py:153} INFO - Started process (PID=1425) to work on /home/airflow/.local/lib/python3.7/site-packages/airflow/example_dags/tutorial_taskflow_api_etl.py
[2023-11-25 17:40:18,695] {processor.py:641} INFO - Processing file /home/airflow/.local/lib/python3.7/site-packages/airflow/example_dags/tutorial_taskflow_api_etl.py for tasks to queue
[2023-11-25 17:40:18,696] {logging_mixin.py:115} INFO - [2023-11-25 17:40:18,696] {dagbag.py:508} INFO - Filling up the DagBag from /home/airflow/.local/lib/python3.7/site-packages/airflow/example_dags/tutorial_taskflow_api_etl.py
[2023-11-25 17:40:18,718] {processor.py:651} INFO - DAG(s) dict_keys(['tutorial_taskflow_api_etl']) retrieved from /home/airflow/.local/lib/python3.7/site-packages/airflow/example_dags/tutorial_taskflow_api_etl.py
[2023-11-25 17:40:18,768] {logging_mixin.py:115} INFO - [2023-11-25 17:40:18,768] {dag.py:2420} INFO - Sync 1 DAGs
[2023-11-25 17:40:18,798] {logging_mixin.py:115} INFO - [2023-11-25 17:40:18,798] {dag.py:2972} INFO - Setting next_dagrun for tutorial_taskflow_api_etl to None, run_after=None
[2023-11-25 17:40:18,810] {processor.py:161} INFO - Processing /home/airflow/.local/lib/python3.7/site-packages/airflow/example_dags/tutorial_taskflow_api_etl.py took 0.122 seconds
[2023-11-25 17:40:49,222] {processor.py:153} INFO - Started process (PID=1479) to work on /home/airflow/.local/lib/python3.7/site-packages/airflow/example_dags/tutorial_taskflow_api_etl.py
[2023-11-25 17:40:49,223] {processor.py:641} INFO - Processing file /home/airflow/.local/lib/python3.7/site-packages/airflow/example_dags/tutorial_taskflow_api_etl.py for tasks to queue
[2023-11-25 17:40:49,223] {logging_mixin.py:115} INFO - [2023-11-25 17:40:49,223] {dagbag.py:508} INFO - Filling up the DagBag from /home/airflow/.local/lib/python3.7/site-packages/airflow/example_dags/tutorial_taskflow_api_etl.py
[2023-11-25 17:40:49,243] {processor.py:651} INFO - DAG(s) dict_keys(['tutorial_taskflow_api_etl']) retrieved from /home/airflow/.local/lib/python3.7/site-packages/airflow/example_dags/tutorial_taskflow_api_etl.py
[2023-11-25 17:40:49,301] {logging_mixin.py:115} INFO - [2023-11-25 17:40:49,300] {dag.py:2420} INFO - Sync 1 DAGs
[2023-11-25 17:40:49,338] {logging_mixin.py:115} INFO - [2023-11-25 17:40:49,338] {dag.py:2972} INFO - Setting next_dagrun for tutorial_taskflow_api_etl to None, run_after=None
[2023-11-25 17:40:49,353] {processor.py:161} INFO - Processing /home/airflow/.local/lib/python3.7/site-packages/airflow/example_dags/tutorial_taskflow_api_etl.py took 0.136 seconds
[2023-11-25 17:41:19,712] {processor.py:153} INFO - Started process (PID=1542) to work on /home/airflow/.local/lib/python3.7/site-packages/airflow/example_dags/tutorial_taskflow_api_etl.py
[2023-11-25 17:41:19,713] {processor.py:641} INFO - Processing file /home/airflow/.local/lib/python3.7/site-packages/airflow/example_dags/tutorial_taskflow_api_etl.py for tasks to queue
[2023-11-25 17:41:19,714] {logging_mixin.py:115} INFO - [2023-11-25 17:41:19,714] {dagbag.py:508} INFO - Filling up the DagBag from /home/airflow/.local/lib/python3.7/site-packages/airflow/example_dags/tutorial_taskflow_api_etl.py
[2023-11-25 17:41:19,740] {processor.py:651} INFO - DAG(s) dict_keys(['tutorial_taskflow_api_etl']) retrieved from /home/airflow/.local/lib/python3.7/site-packages/airflow/example_dags/tutorial_taskflow_api_etl.py
[2023-11-25 17:41:19,835] {logging_mixin.py:115} INFO - [2023-11-25 17:41:19,835] {dag.py:2420} INFO - Sync 1 DAGs
[2023-11-25 17:41:19,859] {logging_mixin.py:115} INFO - [2023-11-25 17:41:19,859] {dag.py:2972} INFO - Setting next_dagrun for tutorial_taskflow_api_etl to None, run_after=None
[2023-11-25 17:41:19,874] {processor.py:161} INFO - Processing /home/airflow/.local/lib/python3.7/site-packages/airflow/example_dags/tutorial_taskflow_api_etl.py took 0.171 seconds
[2023-11-25 17:41:49,939] {processor.py:153} INFO - Started process (PID=1606) to work on /home/airflow/.local/lib/python3.7/site-packages/airflow/example_dags/tutorial_taskflow_api_etl.py
[2023-11-25 17:41:49,940] {processor.py:641} INFO - Processing file /home/airflow/.local/lib/python3.7/site-packages/airflow/example_dags/tutorial_taskflow_api_etl.py for tasks to queue
[2023-11-25 17:41:49,941] {logging_mixin.py:115} INFO - [2023-11-25 17:41:49,941] {dagbag.py:508} INFO - Filling up the DagBag from /home/airflow/.local/lib/python3.7/site-packages/airflow/example_dags/tutorial_taskflow_api_etl.py
[2023-11-25 17:41:49,961] {processor.py:651} INFO - DAG(s) dict_keys(['tutorial_taskflow_api_etl']) retrieved from /home/airflow/.local/lib/python3.7/site-packages/airflow/example_dags/tutorial_taskflow_api_etl.py
[2023-11-25 17:41:50,052] {logging_mixin.py:115} INFO - [2023-11-25 17:41:50,051] {dag.py:2420} INFO - Sync 1 DAGs
[2023-11-25 17:41:50,079] {logging_mixin.py:115} INFO - [2023-11-25 17:41:50,079] {dag.py:2972} INFO - Setting next_dagrun for tutorial_taskflow_api_etl to None, run_after=None
[2023-11-25 17:41:50,095] {processor.py:161} INFO - Processing /home/airflow/.local/lib/python3.7/site-packages/airflow/example_dags/tutorial_taskflow_api_etl.py took 0.161 seconds
[2023-11-25 17:42:20,629] {processor.py:153} INFO - Started process (PID=1659) to work on /home/airflow/.local/lib/python3.7/site-packages/airflow/example_dags/tutorial_taskflow_api_etl.py
[2023-11-25 17:42:20,630] {processor.py:641} INFO - Processing file /home/airflow/.local/lib/python3.7/site-packages/airflow/example_dags/tutorial_taskflow_api_etl.py for tasks to queue
[2023-11-25 17:42:20,631] {logging_mixin.py:115} INFO - [2023-11-25 17:42:20,631] {dagbag.py:508} INFO - Filling up the DagBag from /home/airflow/.local/lib/python3.7/site-packages/airflow/example_dags/tutorial_taskflow_api_etl.py
[2023-11-25 17:42:20,651] {processor.py:651} INFO - DAG(s) dict_keys(['tutorial_taskflow_api_etl']) retrieved from /home/airflow/.local/lib/python3.7/site-packages/airflow/example_dags/tutorial_taskflow_api_etl.py
[2023-11-25 17:42:20,687] {logging_mixin.py:115} INFO - [2023-11-25 17:42:20,687] {dag.py:2420} INFO - Sync 1 DAGs
[2023-11-25 17:42:20,715] {logging_mixin.py:115} INFO - [2023-11-25 17:42:20,715] {dag.py:2972} INFO - Setting next_dagrun for tutorial_taskflow_api_etl to None, run_after=None
[2023-11-25 17:42:20,728] {processor.py:161} INFO - Processing /home/airflow/.local/lib/python3.7/site-packages/airflow/example_dags/tutorial_taskflow_api_etl.py took 0.103 seconds
[2023-11-25 17:42:50,985] {processor.py:153} INFO - Started process (PID=1723) to work on /home/airflow/.local/lib/python3.7/site-packages/airflow/example_dags/tutorial_taskflow_api_etl.py
[2023-11-25 17:42:50,986] {processor.py:641} INFO - Processing file /home/airflow/.local/lib/python3.7/site-packages/airflow/example_dags/tutorial_taskflow_api_etl.py for tasks to queue
[2023-11-25 17:42:50,986] {logging_mixin.py:115} INFO - [2023-11-25 17:42:50,986] {dagbag.py:508} INFO - Filling up the DagBag from /home/airflow/.local/lib/python3.7/site-packages/airflow/example_dags/tutorial_taskflow_api_etl.py
[2023-11-25 17:42:51,006] {processor.py:651} INFO - DAG(s) dict_keys(['tutorial_taskflow_api_etl']) retrieved from /home/airflow/.local/lib/python3.7/site-packages/airflow/example_dags/tutorial_taskflow_api_etl.py
[2023-11-25 17:42:51,097] {logging_mixin.py:115} INFO - [2023-11-25 17:42:51,096] {dag.py:2420} INFO - Sync 1 DAGs
[2023-11-25 17:42:51,121] {logging_mixin.py:115} INFO - [2023-11-25 17:42:51,121] {dag.py:2972} INFO - Setting next_dagrun for tutorial_taskflow_api_etl to None, run_after=None
[2023-11-25 17:42:51,137] {processor.py:161} INFO - Processing /home/airflow/.local/lib/python3.7/site-packages/airflow/example_dags/tutorial_taskflow_api_etl.py took 0.157 seconds
[2023-11-25 17:43:21,710] {processor.py:153} INFO - Started process (PID=1786) to work on /home/airflow/.local/lib/python3.7/site-packages/airflow/example_dags/tutorial_taskflow_api_etl.py
[2023-11-25 17:43:21,711] {processor.py:641} INFO - Processing file /home/airflow/.local/lib/python3.7/site-packages/airflow/example_dags/tutorial_taskflow_api_etl.py for tasks to queue
[2023-11-25 17:43:21,712] {logging_mixin.py:115} INFO - [2023-11-25 17:43:21,712] {dagbag.py:508} INFO - Filling up the DagBag from /home/airflow/.local/lib/python3.7/site-packages/airflow/example_dags/tutorial_taskflow_api_etl.py
[2023-11-25 17:43:21,755] {processor.py:651} INFO - DAG(s) dict_keys(['tutorial_taskflow_api_etl']) retrieved from /home/airflow/.local/lib/python3.7/site-packages/airflow/example_dags/tutorial_taskflow_api_etl.py
[2023-11-25 17:43:21,939] {logging_mixin.py:115} INFO - [2023-11-25 17:43:21,938] {dag.py:2420} INFO - Sync 1 DAGs
[2023-11-25 17:43:21,993] {logging_mixin.py:115} INFO - [2023-11-25 17:43:21,993] {dag.py:2972} INFO - Setting next_dagrun for tutorial_taskflow_api_etl to None, run_after=None
[2023-11-25 17:43:22,035] {processor.py:161} INFO - Processing /home/airflow/.local/lib/python3.7/site-packages/airflow/example_dags/tutorial_taskflow_api_etl.py took 0.342 seconds
[2023-11-25 17:43:52,493] {processor.py:153} INFO - Started process (PID=1840) to work on /home/airflow/.local/lib/python3.7/site-packages/airflow/example_dags/tutorial_taskflow_api_etl.py
[2023-11-25 17:43:52,494] {processor.py:641} INFO - Processing file /home/airflow/.local/lib/python3.7/site-packages/airflow/example_dags/tutorial_taskflow_api_etl.py for tasks to queue
[2023-11-25 17:43:52,494] {logging_mixin.py:115} INFO - [2023-11-25 17:43:52,494] {dagbag.py:508} INFO - Filling up the DagBag from /home/airflow/.local/lib/python3.7/site-packages/airflow/example_dags/tutorial_taskflow_api_etl.py
[2023-11-25 17:43:52,520] {processor.py:651} INFO - DAG(s) dict_keys(['tutorial_taskflow_api_etl']) retrieved from /home/airflow/.local/lib/python3.7/site-packages/airflow/example_dags/tutorial_taskflow_api_etl.py
[2023-11-25 17:43:52,604] {logging_mixin.py:115} INFO - [2023-11-25 17:43:52,604] {dag.py:2420} INFO - Sync 1 DAGs
[2023-11-25 17:43:52,627] {logging_mixin.py:115} INFO - [2023-11-25 17:43:52,627] {dag.py:2972} INFO - Setting next_dagrun for tutorial_taskflow_api_etl to None, run_after=None
[2023-11-25 17:43:52,642] {processor.py:161} INFO - Processing /home/airflow/.local/lib/python3.7/site-packages/airflow/example_dags/tutorial_taskflow_api_etl.py took 0.154 seconds
[2023-11-25 17:44:23,290] {processor.py:153} INFO - Started process (PID=1905) to work on /home/airflow/.local/lib/python3.7/site-packages/airflow/example_dags/tutorial_taskflow_api_etl.py
[2023-11-25 17:44:23,291] {processor.py:641} INFO - Processing file /home/airflow/.local/lib/python3.7/site-packages/airflow/example_dags/tutorial_taskflow_api_etl.py for tasks to queue
[2023-11-25 17:44:23,292] {logging_mixin.py:115} INFO - [2023-11-25 17:44:23,292] {dagbag.py:508} INFO - Filling up the DagBag from /home/airflow/.local/lib/python3.7/site-packages/airflow/example_dags/tutorial_taskflow_api_etl.py
[2023-11-25 17:44:23,337] {processor.py:651} INFO - DAG(s) dict_keys(['tutorial_taskflow_api_etl']) retrieved from /home/airflow/.local/lib/python3.7/site-packages/airflow/example_dags/tutorial_taskflow_api_etl.py
[2023-11-25 17:44:23,497] {logging_mixin.py:115} INFO - [2023-11-25 17:44:23,496] {dag.py:2420} INFO - Sync 1 DAGs
[2023-11-25 17:44:23,555] {logging_mixin.py:115} INFO - [2023-11-25 17:44:23,554] {dag.py:2972} INFO - Setting next_dagrun for tutorial_taskflow_api_etl to None, run_after=None
[2023-11-25 17:44:23,591] {processor.py:161} INFO - Processing /home/airflow/.local/lib/python3.7/site-packages/airflow/example_dags/tutorial_taskflow_api_etl.py took 0.315 seconds
[2023-11-25 17:44:54,033] {processor.py:153} INFO - Started process (PID=1959) to work on /home/airflow/.local/lib/python3.7/site-packages/airflow/example_dags/tutorial_taskflow_api_etl.py
[2023-11-25 17:44:54,034] {processor.py:641} INFO - Processing file /home/airflow/.local/lib/python3.7/site-packages/airflow/example_dags/tutorial_taskflow_api_etl.py for tasks to queue
[2023-11-25 17:44:54,035] {logging_mixin.py:115} INFO - [2023-11-25 17:44:54,035] {dagbag.py:508} INFO - Filling up the DagBag from /home/airflow/.local/lib/python3.7/site-packages/airflow/example_dags/tutorial_taskflow_api_etl.py
[2023-11-25 17:44:54,060] {processor.py:651} INFO - DAG(s) dict_keys(['tutorial_taskflow_api_etl']) retrieved from /home/airflow/.local/lib/python3.7/site-packages/airflow/example_dags/tutorial_taskflow_api_etl.py
[2023-11-25 17:44:54,151] {logging_mixin.py:115} INFO - [2023-11-25 17:44:54,150] {dag.py:2420} INFO - Sync 1 DAGs
[2023-11-25 17:44:54,175] {logging_mixin.py:115} INFO - [2023-11-25 17:44:54,175] {dag.py:2972} INFO - Setting next_dagrun for tutorial_taskflow_api_etl to None, run_after=None
[2023-11-25 17:44:54,189] {processor.py:161} INFO - Processing /home/airflow/.local/lib/python3.7/site-packages/airflow/example_dags/tutorial_taskflow_api_etl.py took 0.161 seconds
[2023-11-25 17:45:24,718] {processor.py:153} INFO - Started process (PID=2022) to work on /home/airflow/.local/lib/python3.7/site-packages/airflow/example_dags/tutorial_taskflow_api_etl.py
[2023-11-25 17:45:24,719] {processor.py:641} INFO - Processing file /home/airflow/.local/lib/python3.7/site-packages/airflow/example_dags/tutorial_taskflow_api_etl.py for tasks to queue
[2023-11-25 17:45:24,720] {logging_mixin.py:115} INFO - [2023-11-25 17:45:24,720] {dagbag.py:508} INFO - Filling up the DagBag from /home/airflow/.local/lib/python3.7/site-packages/airflow/example_dags/tutorial_taskflow_api_etl.py
[2023-11-25 17:45:24,741] {processor.py:651} INFO - DAG(s) dict_keys(['tutorial_taskflow_api_etl']) retrieved from /home/airflow/.local/lib/python3.7/site-packages/airflow/example_dags/tutorial_taskflow_api_etl.py
[2023-11-25 17:45:24,839] {logging_mixin.py:115} INFO - [2023-11-25 17:45:24,839] {dag.py:2420} INFO - Sync 1 DAGs
[2023-11-25 17:45:24,863] {logging_mixin.py:115} INFO - [2023-11-25 17:45:24,863] {dag.py:2972} INFO - Setting next_dagrun for tutorial_taskflow_api_etl to None, run_after=None
[2023-11-25 17:45:24,877] {processor.py:161} INFO - Processing /home/airflow/.local/lib/python3.7/site-packages/airflow/example_dags/tutorial_taskflow_api_etl.py took 0.164 seconds
[2023-11-25 17:45:55,644] {processor.py:153} INFO - Started process (PID=2085) to work on /home/airflow/.local/lib/python3.7/site-packages/airflow/example_dags/tutorial_taskflow_api_etl.py
[2023-11-25 17:45:55,645] {processor.py:641} INFO - Processing file /home/airflow/.local/lib/python3.7/site-packages/airflow/example_dags/tutorial_taskflow_api_etl.py for tasks to queue
[2023-11-25 17:45:55,645] {logging_mixin.py:115} INFO - [2023-11-25 17:45:55,645] {dagbag.py:508} INFO - Filling up the DagBag from /home/airflow/.local/lib/python3.7/site-packages/airflow/example_dags/tutorial_taskflow_api_etl.py
[2023-11-25 17:45:55,666] {processor.py:651} INFO - DAG(s) dict_keys(['tutorial_taskflow_api_etl']) retrieved from /home/airflow/.local/lib/python3.7/site-packages/airflow/example_dags/tutorial_taskflow_api_etl.py
[2023-11-25 17:45:55,755] {logging_mixin.py:115} INFO - [2023-11-25 17:45:55,754] {dag.py:2420} INFO - Sync 1 DAGs
[2023-11-25 17:45:55,779] {logging_mixin.py:115} INFO - [2023-11-25 17:45:55,779] {dag.py:2972} INFO - Setting next_dagrun for tutorial_taskflow_api_etl to None, run_after=None
[2023-11-25 17:45:55,794] {processor.py:161} INFO - Processing /home/airflow/.local/lib/python3.7/site-packages/airflow/example_dags/tutorial_taskflow_api_etl.py took 0.155 seconds
[2023-11-25 17:46:26,688] {processor.py:153} INFO - Started process (PID=2139) to work on /home/airflow/.local/lib/python3.7/site-packages/airflow/example_dags/tutorial_taskflow_api_etl.py
[2023-11-25 17:46:26,689] {processor.py:641} INFO - Processing file /home/airflow/.local/lib/python3.7/site-packages/airflow/example_dags/tutorial_taskflow_api_etl.py for tasks to queue
[2023-11-25 17:46:26,689] {logging_mixin.py:115} INFO - [2023-11-25 17:46:26,689] {dagbag.py:508} INFO - Filling up the DagBag from /home/airflow/.local/lib/python3.7/site-packages/airflow/example_dags/tutorial_taskflow_api_etl.py
[2023-11-25 17:46:26,710] {processor.py:651} INFO - DAG(s) dict_keys(['tutorial_taskflow_api_etl']) retrieved from /home/airflow/.local/lib/python3.7/site-packages/airflow/example_dags/tutorial_taskflow_api_etl.py
[2023-11-25 17:46:26,753] {logging_mixin.py:115} INFO - [2023-11-25 17:46:26,752] {dag.py:2420} INFO - Sync 1 DAGs
[2023-11-25 17:46:26,782] {logging_mixin.py:115} INFO - [2023-11-25 17:46:26,782] {dag.py:2972} INFO - Setting next_dagrun for tutorial_taskflow_api_etl to None, run_after=None
[2023-11-25 17:46:26,798] {processor.py:161} INFO - Processing /home/airflow/.local/lib/python3.7/site-packages/airflow/example_dags/tutorial_taskflow_api_etl.py took 0.115 seconds
[2023-11-25 17:46:57,273] {processor.py:153} INFO - Started process (PID=2201) to work on /home/airflow/.local/lib/python3.7/site-packages/airflow/example_dags/tutorial_taskflow_api_etl.py
[2023-11-25 17:46:57,274] {processor.py:641} INFO - Processing file /home/airflow/.local/lib/python3.7/site-packages/airflow/example_dags/tutorial_taskflow_api_etl.py for tasks to queue
[2023-11-25 17:46:57,275] {logging_mixin.py:115} INFO - [2023-11-25 17:46:57,275] {dagbag.py:508} INFO - Filling up the DagBag from /home/airflow/.local/lib/python3.7/site-packages/airflow/example_dags/tutorial_taskflow_api_etl.py
[2023-11-25 17:46:57,299] {processor.py:651} INFO - DAG(s) dict_keys(['tutorial_taskflow_api_etl']) retrieved from /home/airflow/.local/lib/python3.7/site-packages/airflow/example_dags/tutorial_taskflow_api_etl.py
[2023-11-25 17:46:57,361] {logging_mixin.py:115} INFO - [2023-11-25 17:46:57,361] {dag.py:2420} INFO - Sync 1 DAGs
[2023-11-25 17:46:57,401] {logging_mixin.py:115} INFO - [2023-11-25 17:46:57,401] {dag.py:2972} INFO - Setting next_dagrun for tutorial_taskflow_api_etl to None, run_after=None
[2023-11-25 17:46:57,434] {processor.py:161} INFO - Processing /home/airflow/.local/lib/python3.7/site-packages/airflow/example_dags/tutorial_taskflow_api_etl.py took 0.165 seconds
[2023-11-25 17:47:27,691] {processor.py:153} INFO - Started process (PID=2264) to work on /home/airflow/.local/lib/python3.7/site-packages/airflow/example_dags/tutorial_taskflow_api_etl.py
[2023-11-25 17:47:27,691] {processor.py:641} INFO - Processing file /home/airflow/.local/lib/python3.7/site-packages/airflow/example_dags/tutorial_taskflow_api_etl.py for tasks to queue
[2023-11-25 17:47:27,692] {logging_mixin.py:115} INFO - [2023-11-25 17:47:27,692] {dagbag.py:508} INFO - Filling up the DagBag from /home/airflow/.local/lib/python3.7/site-packages/airflow/example_dags/tutorial_taskflow_api_etl.py
[2023-11-25 17:47:27,716] {processor.py:651} INFO - DAG(s) dict_keys(['tutorial_taskflow_api_etl']) retrieved from /home/airflow/.local/lib/python3.7/site-packages/airflow/example_dags/tutorial_taskflow_api_etl.py
[2023-11-25 17:47:27,761] {logging_mixin.py:115} INFO - [2023-11-25 17:47:27,761] {dag.py:2420} INFO - Sync 1 DAGs
[2023-11-25 17:47:27,796] {logging_mixin.py:115} INFO - [2023-11-25 17:47:27,796] {dag.py:2972} INFO - Setting next_dagrun for tutorial_taskflow_api_etl to None, run_after=None
[2023-11-25 17:47:27,810] {processor.py:161} INFO - Processing /home/airflow/.local/lib/python3.7/site-packages/airflow/example_dags/tutorial_taskflow_api_etl.py took 0.125 seconds
[2023-11-25 17:47:58,310] {processor.py:153} INFO - Started process (PID=2318) to work on /home/airflow/.local/lib/python3.7/site-packages/airflow/example_dags/tutorial_taskflow_api_etl.py
[2023-11-25 17:47:58,311] {processor.py:641} INFO - Processing file /home/airflow/.local/lib/python3.7/site-packages/airflow/example_dags/tutorial_taskflow_api_etl.py for tasks to queue
[2023-11-25 17:47:58,312] {logging_mixin.py:115} INFO - [2023-11-25 17:47:58,312] {dagbag.py:508} INFO - Filling up the DagBag from /home/airflow/.local/lib/python3.7/site-packages/airflow/example_dags/tutorial_taskflow_api_etl.py
[2023-11-25 17:47:58,341] {processor.py:651} INFO - DAG(s) dict_keys(['tutorial_taskflow_api_etl']) retrieved from /home/airflow/.local/lib/python3.7/site-packages/airflow/example_dags/tutorial_taskflow_api_etl.py
[2023-11-25 17:47:58,394] {logging_mixin.py:115} INFO - [2023-11-25 17:47:58,394] {dag.py:2420} INFO - Sync 1 DAGs
[2023-11-25 17:47:58,425] {logging_mixin.py:115} INFO - [2023-11-25 17:47:58,425] {dag.py:2972} INFO - Setting next_dagrun for tutorial_taskflow_api_etl to None, run_after=None
[2023-11-25 17:47:58,438] {processor.py:161} INFO - Processing /home/airflow/.local/lib/python3.7/site-packages/airflow/example_dags/tutorial_taskflow_api_etl.py took 0.145 seconds
[2023-11-25 17:48:29,248] {processor.py:153} INFO - Started process (PID=2382) to work on /home/airflow/.local/lib/python3.7/site-packages/airflow/example_dags/tutorial_taskflow_api_etl.py
[2023-11-25 17:48:29,248] {processor.py:641} INFO - Processing file /home/airflow/.local/lib/python3.7/site-packages/airflow/example_dags/tutorial_taskflow_api_etl.py for tasks to queue
[2023-11-25 17:48:29,249] {logging_mixin.py:115} INFO - [2023-11-25 17:48:29,249] {dagbag.py:508} INFO - Filling up the DagBag from /home/airflow/.local/lib/python3.7/site-packages/airflow/example_dags/tutorial_taskflow_api_etl.py
[2023-11-25 17:48:29,269] {processor.py:651} INFO - DAG(s) dict_keys(['tutorial_taskflow_api_etl']) retrieved from /home/airflow/.local/lib/python3.7/site-packages/airflow/example_dags/tutorial_taskflow_api_etl.py
[2023-11-25 17:48:29,356] {logging_mixin.py:115} INFO - [2023-11-25 17:48:29,355] {dag.py:2420} INFO - Sync 1 DAGs
[2023-11-25 17:48:29,380] {logging_mixin.py:115} INFO - [2023-11-25 17:48:29,380] {dag.py:2972} INFO - Setting next_dagrun for tutorial_taskflow_api_etl to None, run_after=None
[2023-11-25 17:48:29,394] {processor.py:161} INFO - Processing /home/airflow/.local/lib/python3.7/site-packages/airflow/example_dags/tutorial_taskflow_api_etl.py took 0.151 seconds
[2023-11-25 17:48:59,897] {processor.py:153} INFO - Started process (PID=2448) to work on /home/airflow/.local/lib/python3.7/site-packages/airflow/example_dags/tutorial_taskflow_api_etl.py
[2023-11-25 17:48:59,898] {processor.py:641} INFO - Processing file /home/airflow/.local/lib/python3.7/site-packages/airflow/example_dags/tutorial_taskflow_api_etl.py for tasks to queue
[2023-11-25 17:48:59,899] {logging_mixin.py:115} INFO - [2023-11-25 17:48:59,899] {dagbag.py:508} INFO - Filling up the DagBag from /home/airflow/.local/lib/python3.7/site-packages/airflow/example_dags/tutorial_taskflow_api_etl.py
[2023-11-25 17:48:59,919] {processor.py:651} INFO - DAG(s) dict_keys(['tutorial_taskflow_api_etl']) retrieved from /home/airflow/.local/lib/python3.7/site-packages/airflow/example_dags/tutorial_taskflow_api_etl.py
[2023-11-25 17:48:59,970] {logging_mixin.py:115} INFO - [2023-11-25 17:48:59,970] {dag.py:2420} INFO - Sync 1 DAGs
[2023-11-25 17:48:59,997] {logging_mixin.py:115} INFO - [2023-11-25 17:48:59,997] {dag.py:2972} INFO - Setting next_dagrun for tutorial_taskflow_api_etl to None, run_after=None
[2023-11-25 17:49:00,010] {processor.py:161} INFO - Processing /home/airflow/.local/lib/python3.7/site-packages/airflow/example_dags/tutorial_taskflow_api_etl.py took 0.117 seconds
[2023-11-25 17:49:30,211] {processor.py:153} INFO - Started process (PID=2502) to work on /home/airflow/.local/lib/python3.7/site-packages/airflow/example_dags/tutorial_taskflow_api_etl.py
[2023-11-25 17:49:30,212] {processor.py:641} INFO - Processing file /home/airflow/.local/lib/python3.7/site-packages/airflow/example_dags/tutorial_taskflow_api_etl.py for tasks to queue
[2023-11-25 17:49:30,213] {logging_mixin.py:115} INFO - [2023-11-25 17:49:30,213] {dagbag.py:508} INFO - Filling up the DagBag from /home/airflow/.local/lib/python3.7/site-packages/airflow/example_dags/tutorial_taskflow_api_etl.py
[2023-11-25 17:49:30,232] {processor.py:651} INFO - DAG(s) dict_keys(['tutorial_taskflow_api_etl']) retrieved from /home/airflow/.local/lib/python3.7/site-packages/airflow/example_dags/tutorial_taskflow_api_etl.py
[2023-11-25 17:49:30,281] {logging_mixin.py:115} INFO - [2023-11-25 17:49:30,281] {dag.py:2420} INFO - Sync 1 DAGs
[2023-11-25 17:49:30,322] {logging_mixin.py:115} INFO - [2023-11-25 17:49:30,322] {dag.py:2972} INFO - Setting next_dagrun for tutorial_taskflow_api_etl to None, run_after=None
[2023-11-25 17:49:30,350] {processor.py:161} INFO - Processing /home/airflow/.local/lib/python3.7/site-packages/airflow/example_dags/tutorial_taskflow_api_etl.py took 0.144 seconds
[2023-11-25 17:50:00,562] {processor.py:153} INFO - Started process (PID=2565) to work on /home/airflow/.local/lib/python3.7/site-packages/airflow/example_dags/tutorial_taskflow_api_etl.py
[2023-11-25 17:50:00,563] {processor.py:641} INFO - Processing file /home/airflow/.local/lib/python3.7/site-packages/airflow/example_dags/tutorial_taskflow_api_etl.py for tasks to queue
[2023-11-25 17:50:00,563] {logging_mixin.py:115} INFO - [2023-11-25 17:50:00,563] {dagbag.py:508} INFO - Filling up the DagBag from /home/airflow/.local/lib/python3.7/site-packages/airflow/example_dags/tutorial_taskflow_api_etl.py
[2023-11-25 17:50:00,583] {processor.py:651} INFO - DAG(s) dict_keys(['tutorial_taskflow_api_etl']) retrieved from /home/airflow/.local/lib/python3.7/site-packages/airflow/example_dags/tutorial_taskflow_api_etl.py
[2023-11-25 17:50:00,679] {logging_mixin.py:115} INFO - [2023-11-25 17:50:00,679] {dag.py:2420} INFO - Sync 1 DAGs
[2023-11-25 17:50:00,703] {logging_mixin.py:115} INFO - [2023-11-25 17:50:00,703] {dag.py:2972} INFO - Setting next_dagrun for tutorial_taskflow_api_etl to None, run_after=None
[2023-11-25 17:50:00,717] {processor.py:161} INFO - Processing /home/airflow/.local/lib/python3.7/site-packages/airflow/example_dags/tutorial_taskflow_api_etl.py took 0.160 seconds
[2023-11-25 17:50:31,010] {processor.py:153} INFO - Started process (PID=2628) to work on /home/airflow/.local/lib/python3.7/site-packages/airflow/example_dags/tutorial_taskflow_api_etl.py
[2023-11-25 17:50:31,011] {processor.py:641} INFO - Processing file /home/airflow/.local/lib/python3.7/site-packages/airflow/example_dags/tutorial_taskflow_api_etl.py for tasks to queue
[2023-11-25 17:50:31,012] {logging_mixin.py:115} INFO - [2023-11-25 17:50:31,012] {dagbag.py:508} INFO - Filling up the DagBag from /home/airflow/.local/lib/python3.7/site-packages/airflow/example_dags/tutorial_taskflow_api_etl.py
[2023-11-25 17:50:31,040] {processor.py:651} INFO - DAG(s) dict_keys(['tutorial_taskflow_api_etl']) retrieved from /home/airflow/.local/lib/python3.7/site-packages/airflow/example_dags/tutorial_taskflow_api_etl.py
[2023-11-25 17:50:31,176] {logging_mixin.py:115} INFO - [2023-11-25 17:50:31,176] {dag.py:2420} INFO - Sync 1 DAGs
[2023-11-25 17:50:31,204] {logging_mixin.py:115} INFO - [2023-11-25 17:50:31,204] {dag.py:2972} INFO - Setting next_dagrun for tutorial_taskflow_api_etl to None, run_after=None
[2023-11-25 17:50:31,219] {processor.py:161} INFO - Processing /home/airflow/.local/lib/python3.7/site-packages/airflow/example_dags/tutorial_taskflow_api_etl.py took 0.213 seconds
[2023-11-25 17:51:01,584] {processor.py:153} INFO - Started process (PID=2681) to work on /home/airflow/.local/lib/python3.7/site-packages/airflow/example_dags/tutorial_taskflow_api_etl.py
[2023-11-25 17:51:01,585] {processor.py:641} INFO - Processing file /home/airflow/.local/lib/python3.7/site-packages/airflow/example_dags/tutorial_taskflow_api_etl.py for tasks to queue
[2023-11-25 17:51:01,585] {logging_mixin.py:115} INFO - [2023-11-25 17:51:01,585] {dagbag.py:508} INFO - Filling up the DagBag from /home/airflow/.local/lib/python3.7/site-packages/airflow/example_dags/tutorial_taskflow_api_etl.py
[2023-11-25 17:51:01,606] {processor.py:651} INFO - DAG(s) dict_keys(['tutorial_taskflow_api_etl']) retrieved from /home/airflow/.local/lib/python3.7/site-packages/airflow/example_dags/tutorial_taskflow_api_etl.py
[2023-11-25 17:51:01,703] {logging_mixin.py:115} INFO - [2023-11-25 17:51:01,702] {dag.py:2420} INFO - Sync 1 DAGs
[2023-11-25 17:51:01,727] {logging_mixin.py:115} INFO - [2023-11-25 17:51:01,727] {dag.py:2972} INFO - Setting next_dagrun for tutorial_taskflow_api_etl to None, run_after=None
[2023-11-25 17:51:01,741] {processor.py:161} INFO - Processing /home/airflow/.local/lib/python3.7/site-packages/airflow/example_dags/tutorial_taskflow_api_etl.py took 0.162 seconds
[2023-11-25 17:51:32,242] {processor.py:153} INFO - Started process (PID=2743) to work on /home/airflow/.local/lib/python3.7/site-packages/airflow/example_dags/tutorial_taskflow_api_etl.py
[2023-11-25 17:51:32,243] {processor.py:641} INFO - Processing file /home/airflow/.local/lib/python3.7/site-packages/airflow/example_dags/tutorial_taskflow_api_etl.py for tasks to queue
[2023-11-25 17:51:32,244] {logging_mixin.py:115} INFO - [2023-11-25 17:51:32,244] {dagbag.py:508} INFO - Filling up the DagBag from /home/airflow/.local/lib/python3.7/site-packages/airflow/example_dags/tutorial_taskflow_api_etl.py
[2023-11-25 17:51:32,264] {processor.py:651} INFO - DAG(s) dict_keys(['tutorial_taskflow_api_etl']) retrieved from /home/airflow/.local/lib/python3.7/site-packages/airflow/example_dags/tutorial_taskflow_api_etl.py
[2023-11-25 17:51:32,305] {logging_mixin.py:115} INFO - [2023-11-25 17:51:32,305] {dag.py:2420} INFO - Sync 1 DAGs
[2023-11-25 17:51:32,350] {logging_mixin.py:115} INFO - [2023-11-25 17:51:32,350] {dag.py:2972} INFO - Setting next_dagrun for tutorial_taskflow_api_etl to None, run_after=None
[2023-11-25 17:51:32,373] {processor.py:161} INFO - Processing /home/airflow/.local/lib/python3.7/site-packages/airflow/example_dags/tutorial_taskflow_api_etl.py took 0.136 seconds
[2023-11-25 17:52:02,453] {processor.py:153} INFO - Started process (PID=2796) to work on /home/airflow/.local/lib/python3.7/site-packages/airflow/example_dags/tutorial_taskflow_api_etl.py
[2023-11-25 17:52:02,454] {processor.py:641} INFO - Processing file /home/airflow/.local/lib/python3.7/site-packages/airflow/example_dags/tutorial_taskflow_api_etl.py for tasks to queue
[2023-11-25 17:52:02,455] {logging_mixin.py:115} INFO - [2023-11-25 17:52:02,455] {dagbag.py:508} INFO - Filling up the DagBag from /home/airflow/.local/lib/python3.7/site-packages/airflow/example_dags/tutorial_taskflow_api_etl.py
[2023-11-25 17:52:02,480] {processor.py:651} INFO - DAG(s) dict_keys(['tutorial_taskflow_api_etl']) retrieved from /home/airflow/.local/lib/python3.7/site-packages/airflow/example_dags/tutorial_taskflow_api_etl.py
[2023-11-25 17:52:02,520] {logging_mixin.py:115} INFO - [2023-11-25 17:52:02,520] {dag.py:2420} INFO - Sync 1 DAGs
[2023-11-25 17:52:02,550] {logging_mixin.py:115} INFO - [2023-11-25 17:52:02,550] {dag.py:2972} INFO - Setting next_dagrun for tutorial_taskflow_api_etl to None, run_after=None
[2023-11-25 17:52:02,564] {processor.py:161} INFO - Processing /home/airflow/.local/lib/python3.7/site-packages/airflow/example_dags/tutorial_taskflow_api_etl.py took 0.116 seconds
[2023-11-25 17:52:33,145] {processor.py:153} INFO - Started process (PID=2858) to work on /home/airflow/.local/lib/python3.7/site-packages/airflow/example_dags/tutorial_taskflow_api_etl.py
[2023-11-25 17:52:33,150] {processor.py:641} INFO - Processing file /home/airflow/.local/lib/python3.7/site-packages/airflow/example_dags/tutorial_taskflow_api_etl.py for tasks to queue
[2023-11-25 17:52:33,150] {logging_mixin.py:115} INFO - [2023-11-25 17:52:33,150] {dagbag.py:508} INFO - Filling up the DagBag from /home/airflow/.local/lib/python3.7/site-packages/airflow/example_dags/tutorial_taskflow_api_etl.py
[2023-11-25 17:52:33,170] {processor.py:651} INFO - DAG(s) dict_keys(['tutorial_taskflow_api_etl']) retrieved from /home/airflow/.local/lib/python3.7/site-packages/airflow/example_dags/tutorial_taskflow_api_etl.py
[2023-11-25 17:52:33,222] {logging_mixin.py:115} INFO - [2023-11-25 17:52:33,222] {dag.py:2420} INFO - Sync 1 DAGs
[2023-11-25 17:52:33,250] {logging_mixin.py:115} INFO - [2023-11-25 17:52:33,250] {dag.py:2972} INFO - Setting next_dagrun for tutorial_taskflow_api_etl to None, run_after=None
[2023-11-25 17:52:33,265] {processor.py:161} INFO - Processing /home/airflow/.local/lib/python3.7/site-packages/airflow/example_dags/tutorial_taskflow_api_etl.py took 0.125 seconds
[2023-11-25 17:53:03,682] {processor.py:153} INFO - Started process (PID=2917) to work on /home/airflow/.local/lib/python3.7/site-packages/airflow/example_dags/tutorial_taskflow_api_etl.py
[2023-11-25 17:53:03,683] {processor.py:641} INFO - Processing file /home/airflow/.local/lib/python3.7/site-packages/airflow/example_dags/tutorial_taskflow_api_etl.py for tasks to queue
[2023-11-25 17:53:03,683] {logging_mixin.py:115} INFO - [2023-11-25 17:53:03,683] {dagbag.py:508} INFO - Filling up the DagBag from /home/airflow/.local/lib/python3.7/site-packages/airflow/example_dags/tutorial_taskflow_api_etl.py
[2023-11-25 17:53:03,713] {processor.py:651} INFO - DAG(s) dict_keys(['tutorial_taskflow_api_etl']) retrieved from /home/airflow/.local/lib/python3.7/site-packages/airflow/example_dags/tutorial_taskflow_api_etl.py
[2023-11-25 17:53:03,774] {logging_mixin.py:115} INFO - [2023-11-25 17:53:03,774] {dag.py:2420} INFO - Sync 1 DAGs
[2023-11-25 17:53:03,830] {logging_mixin.py:115} INFO - [2023-11-25 17:53:03,830] {dag.py:2972} INFO - Setting next_dagrun for tutorial_taskflow_api_etl to None, run_after=None
[2023-11-25 17:53:03,850] {processor.py:161} INFO - Processing /home/airflow/.local/lib/python3.7/site-packages/airflow/example_dags/tutorial_taskflow_api_etl.py took 0.174 seconds
[2023-11-25 17:53:34,501] {processor.py:153} INFO - Started process (PID=2973) to work on /home/airflow/.local/lib/python3.7/site-packages/airflow/example_dags/tutorial_taskflow_api_etl.py
[2023-11-25 17:53:34,502] {processor.py:641} INFO - Processing file /home/airflow/.local/lib/python3.7/site-packages/airflow/example_dags/tutorial_taskflow_api_etl.py for tasks to queue
[2023-11-25 17:53:34,503] {logging_mixin.py:115} INFO - [2023-11-25 17:53:34,502] {dagbag.py:508} INFO - Filling up the DagBag from /home/airflow/.local/lib/python3.7/site-packages/airflow/example_dags/tutorial_taskflow_api_etl.py
[2023-11-25 17:53:34,524] {processor.py:651} INFO - DAG(s) dict_keys(['tutorial_taskflow_api_etl']) retrieved from /home/airflow/.local/lib/python3.7/site-packages/airflow/example_dags/tutorial_taskflow_api_etl.py
[2023-11-25 17:53:34,613] {logging_mixin.py:115} INFO - [2023-11-25 17:53:34,613] {dag.py:2420} INFO - Sync 1 DAGs
[2023-11-25 17:53:34,641] {logging_mixin.py:115} INFO - [2023-11-25 17:53:34,641] {dag.py:2972} INFO - Setting next_dagrun for tutorial_taskflow_api_etl to None, run_after=None
[2023-11-25 17:53:34,657] {processor.py:161} INFO - Processing /home/airflow/.local/lib/python3.7/site-packages/airflow/example_dags/tutorial_taskflow_api_etl.py took 0.162 seconds
[2023-11-25 17:54:04,949] {processor.py:153} INFO - Started process (PID=3036) to work on /home/airflow/.local/lib/python3.7/site-packages/airflow/example_dags/tutorial_taskflow_api_etl.py
[2023-11-25 17:54:04,950] {processor.py:641} INFO - Processing file /home/airflow/.local/lib/python3.7/site-packages/airflow/example_dags/tutorial_taskflow_api_etl.py for tasks to queue
[2023-11-25 17:54:04,951] {logging_mixin.py:115} INFO - [2023-11-25 17:54:04,951] {dagbag.py:508} INFO - Filling up the DagBag from /home/airflow/.local/lib/python3.7/site-packages/airflow/example_dags/tutorial_taskflow_api_etl.py
[2023-11-25 17:54:04,973] {processor.py:651} INFO - DAG(s) dict_keys(['tutorial_taskflow_api_etl']) retrieved from /home/airflow/.local/lib/python3.7/site-packages/airflow/example_dags/tutorial_taskflow_api_etl.py
[2023-11-25 17:54:05,072] {logging_mixin.py:115} INFO - [2023-11-25 17:54:05,072] {dag.py:2420} INFO - Sync 1 DAGs
[2023-11-25 17:54:05,102] {logging_mixin.py:115} INFO - [2023-11-25 17:54:05,102] {dag.py:2972} INFO - Setting next_dagrun for tutorial_taskflow_api_etl to None, run_after=None
[2023-11-25 17:54:05,119] {processor.py:161} INFO - Processing /home/airflow/.local/lib/python3.7/site-packages/airflow/example_dags/tutorial_taskflow_api_etl.py took 0.175 seconds
