[2023-11-25 17:53:35,367] {taskinstance.py:1179} INFO - Dependencies all met for <TaskInstance: ETL_toll_data.unzip_data manual__2023-11-25T17:53:34.346271+00:00 [queued]>
[2023-11-25 17:53:35,377] {taskinstance.py:1179} INFO - Dependencies all met for <TaskInstance: ETL_toll_data.unzip_data manual__2023-11-25T17:53:34.346271+00:00 [queued]>
[2023-11-25 17:53:35,377] {taskinstance.py:1376} INFO - 
--------------------------------------------------------------------------------
[2023-11-25 17:53:35,377] {taskinstance.py:1377} INFO - Starting attempt 1 of 2
[2023-11-25 17:53:35,377] {taskinstance.py:1378} INFO - 
--------------------------------------------------------------------------------
[2023-11-25 17:53:35,394] {taskinstance.py:1397} INFO - Executing <Task(BashOperator): unzip_data> on 2023-11-25 17:53:34.346271+00:00
[2023-11-25 17:53:35,405] {standard_task_runner.py:52} INFO - Started process 1330 to run task
[2023-11-25 17:53:35,410] {standard_task_runner.py:79} INFO - Running: ['***', 'tasks', 'run', 'ETL_toll_data', 'unzip_data', 'manual__2023-11-25T17:53:34.346271+00:00', '--job-id', '20', '--raw', '--subdir', 'DAGS_FOLDER/finalassignment/staging/ETL_toll_data.py', '--cfg-path', '/tmp/tmplgj05_kb', '--error-file', '/tmp/tmpj2tc1bru']
[2023-11-25 17:53:35,410] {standard_task_runner.py:80} INFO - Job 20: Subtask unzip_data
[2023-11-25 17:53:35,510] {task_command.py:371} INFO - Running <TaskInstance: ETL_toll_data.unzip_data manual__2023-11-25T17:53:34.346271+00:00 [running]> on host 55fecb89de6d
[2023-11-25 17:53:35,610] {taskinstance.py:1591} INFO - Exporting the following env vars:
AIRFLOW_CTX_DAG_EMAIL=an@dummy.com
AIRFLOW_CTX_DAG_OWNER=AN
AIRFLOW_CTX_DAG_ID=ETL_toll_data
AIRFLOW_CTX_TASK_ID=unzip_data
AIRFLOW_CTX_EXECUTION_DATE=2023-11-25T17:53:34.346271+00:00
AIRFLOW_CTX_TRY_NUMBER=1
AIRFLOW_CTX_DAG_RUN_ID=manual__2023-11-25T17:53:34.346271+00:00
[2023-11-25 17:53:35,611] {subprocess.py:62} INFO - Tmp dir root location: 
 /tmp
[2023-11-25 17:53:35,612] {subprocess.py:74} INFO - Running command: ['bash', '-c', 'tar -xvzf /home/project/***/dags/finalassignment/tolldata.tgz -C /home/project/***/dags/finalassignment']
[2023-11-25 17:53:35,635] {subprocess.py:85} INFO - Output:
[2023-11-25 17:53:35,647] {subprocess.py:92} INFO - fileformats.txt
[2023-11-25 17:53:35,648] {subprocess.py:92} INFO - payment-data.txt
[2023-11-25 17:53:35,653] {subprocess.py:92} INFO - ._tollplaza-data.tsv
[2023-11-25 17:53:35,653] {subprocess.py:92} INFO - tollplaza-data.tsv
[2023-11-25 17:53:35,657] {subprocess.py:92} INFO - ._vehicle-data.csv
[2023-11-25 17:53:35,658] {subprocess.py:92} INFO - vehicle-data.csv
[2023-11-25 17:53:35,662] {subprocess.py:96} INFO - Command exited with return code 0
[2023-11-25 17:53:35,714] {taskinstance.py:1420} INFO - Marking task as SUCCESS. dag_id=ETL_toll_data, task_id=unzip_data, execution_date=20231125T175334, start_date=20231125T175335, end_date=20231125T175335
[2023-11-25 17:53:35,741] {local_task_job.py:156} INFO - Task exited with return code 0
[2023-11-25 17:53:35,814] {local_task_job.py:273} INFO - 1 downstream tasks scheduled from follow-on schedule check
