[2023-11-25 17:53:42,906] {taskinstance.py:1179} INFO - Dependencies all met for <TaskInstance: ETL_toll_data.transform_data manual__2023-11-25T17:53:34.346271+00:00 [queued]>
[2023-11-25 17:53:42,919] {taskinstance.py:1179} INFO - Dependencies all met for <TaskInstance: ETL_toll_data.transform_data manual__2023-11-25T17:53:34.346271+00:00 [queued]>
[2023-11-25 17:53:42,920] {taskinstance.py:1376} INFO - 
--------------------------------------------------------------------------------
[2023-11-25 17:53:42,920] {taskinstance.py:1377} INFO - Starting attempt 1 of 2
[2023-11-25 17:53:42,920] {taskinstance.py:1378} INFO - 
--------------------------------------------------------------------------------
[2023-11-25 17:53:42,937] {taskinstance.py:1397} INFO - Executing <Task(BashOperator): transform_data> on 2023-11-25 17:53:34.346271+00:00
[2023-11-25 17:53:42,948] {standard_task_runner.py:52} INFO - Started process 1364 to run task
[2023-11-25 17:53:42,954] {standard_task_runner.py:79} INFO - Running: ['***', 'tasks', 'run', 'ETL_toll_data', 'transform_data', 'manual__2023-11-25T17:53:34.346271+00:00', '--job-id', '25', '--raw', '--subdir', 'DAGS_FOLDER/finalassignment/staging/ETL_toll_data.py', '--cfg-path', '/tmp/tmps12wk712', '--error-file', '/tmp/tmp61852u8b']
[2023-11-25 17:53:42,954] {standard_task_runner.py:80} INFO - Job 25: Subtask transform_data
[2023-11-25 17:53:43,078] {task_command.py:371} INFO - Running <TaskInstance: ETL_toll_data.transform_data manual__2023-11-25T17:53:34.346271+00:00 [running]> on host 55fecb89de6d
[2023-11-25 17:53:43,195] {taskinstance.py:1591} INFO - Exporting the following env vars:
AIRFLOW_CTX_DAG_EMAIL=an@dummy.com
AIRFLOW_CTX_DAG_OWNER=AN
AIRFLOW_CTX_DAG_ID=ETL_toll_data
AIRFLOW_CTX_TASK_ID=transform_data
AIRFLOW_CTX_EXECUTION_DATE=2023-11-25T17:53:34.346271+00:00
AIRFLOW_CTX_TRY_NUMBER=1
AIRFLOW_CTX_DAG_RUN_ID=manual__2023-11-25T17:53:34.346271+00:00
[2023-11-25 17:53:43,197] {subprocess.py:62} INFO - Tmp dir root location: 
 /tmp
[2023-11-25 17:53:43,198] {subprocess.py:74} INFO - Running command: ['bash', '-c', 'sed "s/[^,]*/\\U&/4" /home/project/***/dags/finalassignment/staging/extracted_data.csv > /home/project/***/dags/finalassignment/staging/transformed_data.csv']
[2023-11-25 17:53:43,223] {subprocess.py:85} INFO - Output:
[2023-11-25 17:53:43,310] {subprocess.py:96} INFO - Command exited with return code 0
[2023-11-25 17:53:43,368] {taskinstance.py:1420} INFO - Marking task as SUCCESS. dag_id=ETL_toll_data, task_id=transform_data, execution_date=20231125T175334, start_date=20231125T175342, end_date=20231125T175343
[2023-11-25 17:53:43,406] {local_task_job.py:156} INFO - Task exited with return code 0
[2023-11-25 17:53:43,463] {local_task_job.py:273} INFO - 0 downstream tasks scheduled from follow-on schedule check
