[2023-11-25 17:43:03,657] {taskinstance.py:1179} INFO - Dependencies all met for <TaskInstance: ETL_toll_data2.extract_data_from_csv manual__2023-11-25T17:43:00.459573+00:00 [queued]>
[2023-11-25 17:43:03,671] {taskinstance.py:1179} INFO - Dependencies all met for <TaskInstance: ETL_toll_data2.extract_data_from_csv manual__2023-11-25T17:43:00.459573+00:00 [queued]>
[2023-11-25 17:43:03,671] {taskinstance.py:1376} INFO - 
--------------------------------------------------------------------------------
[2023-11-25 17:43:03,671] {taskinstance.py:1377} INFO - Starting attempt 1 of 2
[2023-11-25 17:43:03,672] {taskinstance.py:1378} INFO - 
--------------------------------------------------------------------------------
[2023-11-25 17:43:03,689] {taskinstance.py:1397} INFO - Executing <Task(BashOperator): extract_data_from_csv> on 2023-11-25 17:43:00.459573+00:00
[2023-11-25 17:43:03,699] {standard_task_runner.py:52} INFO - Started process 767 to run task
[2023-11-25 17:43:03,704] {standard_task_runner.py:79} INFO - Running: ['***', 'tasks', 'run', 'ETL_toll_data2', 'extract_data_from_csv', 'manual__2023-11-25T17:43:00.459573+00:00', '--job-id', '3', '--raw', '--subdir', 'DAGS_FOLDER/finalassignment/staging/ETL_toll_data2.py', '--cfg-path', '/tmp/tmph69gdg5a', '--error-file', '/tmp/tmphms1ryzv']
[2023-11-25 17:43:03,705] {standard_task_runner.py:80} INFO - Job 3: Subtask extract_data_from_csv
[2023-11-25 17:43:03,802] {task_command.py:371} INFO - Running <TaskInstance: ETL_toll_data2.extract_data_from_csv manual__2023-11-25T17:43:00.459573+00:00 [running]> on host 55fecb89de6d
[2023-11-25 17:43:03,910] {taskinstance.py:1591} INFO - Exporting the following env vars:
AIRFLOW_CTX_DAG_EMAIL=arti6076@gmail.com
AIRFLOW_CTX_DAG_OWNER=AN
AIRFLOW_CTX_DAG_ID=ETL_toll_data2
AIRFLOW_CTX_TASK_ID=extract_data_from_csv
AIRFLOW_CTX_EXECUTION_DATE=2023-11-25T17:43:00.459573+00:00
AIRFLOW_CTX_TRY_NUMBER=1
AIRFLOW_CTX_DAG_RUN_ID=manual__2023-11-25T17:43:00.459573+00:00
[2023-11-25 17:43:03,912] {subprocess.py:62} INFO - Tmp dir root location: 
 /tmp
[2023-11-25 17:43:03,913] {subprocess.py:74} INFO - Running command: ['bash', '-c', 'cut -d"," -f1,2,3,4 /home/project/***/dags/finalassignment/vehicle-data.csv > /home/project/***/dags/finalassignment/staging/csv_data.csv']
[2023-11-25 17:43:03,938] {subprocess.py:85} INFO - Output:
[2023-11-25 17:43:03,950] {subprocess.py:96} INFO - Command exited with return code 0
[2023-11-25 17:43:04,022] {taskinstance.py:1420} INFO - Marking task as SUCCESS. dag_id=ETL_toll_data2, task_id=extract_data_from_csv, execution_date=20231125T174300, start_date=20231125T174303, end_date=20231125T174304
[2023-11-25 17:43:04,076] {local_task_job.py:156} INFO - Task exited with return code 0
[2023-11-25 17:43:04,146] {local_task_job.py:273} INFO - 1 downstream tasks scheduled from follow-on schedule check
