[2023-11-25 17:38:20,659] {processor.py:153} INFO - Started process (PID=1200) to work on /home/project/airflow/dags/finalassignment/staging/ETL_toll_data2.py
[2023-11-25 17:38:20,660] {processor.py:641} INFO - Processing file /home/project/airflow/dags/finalassignment/staging/ETL_toll_data2.py for tasks to queue
[2023-11-25 17:38:20,660] {logging_mixin.py:115} INFO - [2023-11-25 17:38:20,660] {dagbag.py:508} INFO - Filling up the DagBag from /home/project/airflow/dags/finalassignment/staging/ETL_toll_data2.py
[2023-11-25 17:38:20,681] {processor.py:651} INFO - DAG(s) dict_keys(['ETL_toll_data2']) retrieved from /home/project/airflow/dags/finalassignment/staging/ETL_toll_data2.py
[2023-11-25 17:38:20,871] {logging_mixin.py:115} INFO - [2023-11-25 17:38:20,870] {dag.py:2420} INFO - Sync 1 DAGs
[2023-11-25 17:38:20,890] {logging_mixin.py:115} INFO - [2023-11-25 17:38:20,890] {dag.py:2439} INFO - Creating ORM DAG for ETL_toll_data2
[2023-11-25 17:38:20,930] {logging_mixin.py:115} INFO - [2023-11-25 17:38:20,930] {dag.py:2972} INFO - Setting next_dagrun for ETL_toll_data2 to 2023-11-25T00:00:00+00:00, run_after=2023-11-26T00:00:00+00:00
[2023-11-25 17:38:21,116] {logging_mixin.py:115} WARNING - /home/airflow/.local/lib/python3.7/site-packages/airflow/models/dagbag.py:610 DeprecationWarning: DAG.full_filepath is deprecated in favour of fileloc
[2023-11-25 17:38:21,119] {logging_mixin.py:115} INFO - [2023-11-25 17:38:21,117] {dagbag.py:610} ERROR - Failed to write serialized DAG: /home/project/airflow/dags/finalassignment/staging/ETL_toll_data2.py
Traceback (most recent call last):
  File "/home/airflow/.local/lib/python3.7/site-packages/airflow/models/dagbag.py", line 602, in _serialize_dag_capturing_errors
    session=session,
  File "/home/airflow/.local/lib/python3.7/site-packages/airflow/utils/session.py", line 68, in wrapper
    return func(*args, **kwargs)
  File "/home/airflow/.local/lib/python3.7/site-packages/airflow/models/serialized_dag.py", line 142, in write_dag
    (timezone.utcnow() - timedelta(seconds=min_update_interval)) < cls.last_updated,
  File "/home/airflow/.local/lib/python3.7/site-packages/sqlalchemy/orm/query.py", line 2810, in first
    return self.limit(1)._iter().first()
  File "/home/airflow/.local/lib/python3.7/site-packages/sqlalchemy/orm/query.py", line 2897, in _iter
    execution_options={"_sa_orm_load_options": self.load_options},
  File "/home/airflow/.local/lib/python3.7/site-packages/sqlalchemy/orm/session.py", line 1688, in execute
    conn = self._connection_for_bind(bind)
  File "/home/airflow/.local/lib/python3.7/site-packages/sqlalchemy/orm/session.py", line 1530, in _connection_for_bind
    engine, execution_options
  File "/home/airflow/.local/lib/python3.7/site-packages/sqlalchemy/orm/session.py", line 721, in _connection_for_bind
    self._assert_active()
  File "/home/airflow/.local/lib/python3.7/site-packages/sqlalchemy/orm/session.py", line 608, in _assert_active
    code="7s2a",
sqlalchemy.exc.PendingRollbackError: This Session's transaction has been rolled back due to a previous exception during flush. To begin a new transaction with this Session, first issue Session.rollback(). Original exception was: (psycopg2.errors.UniqueViolation) duplicate key value violates unique constraint "dag_pkey"
DETAIL:  Key (dag_id)=(ETL_toll_data2) already exists.

[SQL: INSERT INTO dag (dag_id, root_dag_id, is_paused, is_subdag, is_active, last_parsed_time, last_pickled, last_expired, scheduler_lock, pickle_id, fileloc, owners, description, default_view, schedule_interval, timetable_description, max_active_tasks, max_active_runs, has_task_concurrency_limits, has_import_errors, next_dagrun, next_dagrun_data_interval_start, next_dagrun_data_interval_end, next_dagrun_create_after) VALUES (%(dag_id)s, %(root_dag_id)s, %(is_paused)s, %(is_subdag)s, %(is_active)s, %(last_parsed_time)s, %(last_pickled)s, %(last_expired)s, %(scheduler_lock)s, %(pickle_id)s, %(fileloc)s, %(owners)s, %(description)s, %(default_view)s, %(schedule_interval)s, %(timetable_description)s, %(max_active_tasks)s, %(max_active_runs)s, %(has_task_concurrency_limits)s, %(has_import_errors)s, %(next_dagrun)s, %(next_dagrun_data_interval_start)s, %(next_dagrun_data_interval_end)s, %(next_dagrun_create_after)s)]
[parameters: {'dag_id': 'ETL_toll_data2', 'root_dag_id': None, 'is_paused': True, 'is_subdag': False, 'is_active': True, 'last_parsed_time': datetime.datetime(2023, 11, 25, 17, 38, 20, 930311, tzinfo=Timezone('UTC')), 'last_pickled': None, 'last_expired': None, 'scheduler_lock': None, 'pickle_id': None, 'fileloc': '/home/project/airflow/dags/finalassignment/staging/ETL_toll_data2.py', 'owners': 'AN', 'description': 'Apache Airflow Final Assignment', 'default_view': 'grid', 'schedule_interval': '{"type": "timedelta", "attrs": {"days": 1, "seconds": 0, "microseconds": 0}}', 'timetable_description': '', 'max_active_tasks': 16, 'max_active_runs': 16, 'has_task_concurrency_limits': False, 'has_import_errors': False, 'next_dagrun': DateTime(2023, 11, 25, 0, 0, 0, tzinfo=Timezone('UTC')), 'next_dagrun_data_interval_start': DateTime(2023, 11, 25, 0, 0, 0, tzinfo=Timezone('UTC')), 'next_dagrun_data_interval_end': DateTime(2023, 11, 26, 0, 0, 0, tzinfo=Timezone('UTC')), 'next_dagrun_create_after': DateTime(2023, 11, 26, 0, 0, 0, tzinfo=Timezone('UTC'))}]
(Background on this error at: https://sqlalche.me/e/14/gkpj) (Background on this error at: https://sqlalche.me/e/14/7s2a)
[2023-11-25 17:38:21,120] {logging_mixin.py:115} INFO - [2023-11-25 17:38:21,120] {dag.py:2420} INFO - Sync 1 DAGs
[2023-11-25 17:38:21,121] {processor.py:164} ERROR - Got an exception! Propagating...
Traceback (most recent call last):
  File "/home/airflow/.local/lib/python3.7/site-packages/airflow/dag_processing/processor.py", line 158, in _run_file_processor
    callback_requests=callback_requests,
  File "/home/airflow/.local/lib/python3.7/site-packages/airflow/utils/session.py", line 71, in wrapper
    return func(*args, session=session, **kwargs)
  File "/home/airflow/.local/lib/python3.7/site-packages/airflow/dag_processing/processor.py", line 660, in process_file
    dagbag.sync_to_db()
  File "/home/airflow/.local/lib/python3.7/site-packages/airflow/utils/session.py", line 71, in wrapper
    return func(*args, session=session, **kwargs)
  File "/home/airflow/.local/lib/python3.7/site-packages/airflow/models/dagbag.py", line 616, in sync_to_db
    for attempt in run_with_db_retries(logger=self.log):
  File "/home/airflow/.local/lib/python3.7/site-packages/tenacity/__init__.py", line 382, in __iter__
    do = self.iter(retry_state=retry_state)
  File "/home/airflow/.local/lib/python3.7/site-packages/tenacity/__init__.py", line 349, in iter
    return fut.result()
  File "/usr/local/lib/python3.7/concurrent/futures/_base.py", line 428, in result
    return self.__get_result()
  File "/usr/local/lib/python3.7/concurrent/futures/_base.py", line 384, in __get_result
    raise self._exception
  File "/home/airflow/.local/lib/python3.7/site-packages/airflow/models/dagbag.py", line 630, in sync_to_db
    DAG.bulk_write_to_db(self.dags.values(), session=session)
  File "/home/airflow/.local/lib/python3.7/site-packages/airflow/utils/session.py", line 68, in wrapper
    return func(*args, **kwargs)
  File "/home/airflow/.local/lib/python3.7/site-packages/airflow/models/dag.py", line 2428, in bulk_write_to_db
    orm_dags: List[DagModel] = with_row_locks(query, of=DagModel, session=session).all()
  File "/home/airflow/.local/lib/python3.7/site-packages/sqlalchemy/orm/query.py", line 2759, in all
    return self._iter().all()
  File "/home/airflow/.local/lib/python3.7/site-packages/sqlalchemy/orm/query.py", line 2897, in _iter
    execution_options={"_sa_orm_load_options": self.load_options},
  File "/home/airflow/.local/lib/python3.7/site-packages/sqlalchemy/orm/session.py", line 1688, in execute
    conn = self._connection_for_bind(bind)
  File "/home/airflow/.local/lib/python3.7/site-packages/sqlalchemy/orm/session.py", line 1530, in _connection_for_bind
    engine, execution_options
  File "/home/airflow/.local/lib/python3.7/site-packages/sqlalchemy/orm/session.py", line 721, in _connection_for_bind
    self._assert_active()
  File "/home/airflow/.local/lib/python3.7/site-packages/sqlalchemy/orm/session.py", line 608, in _assert_active
    code="7s2a",
sqlalchemy.exc.PendingRollbackError: This Session's transaction has been rolled back due to a previous exception during flush. To begin a new transaction with this Session, first issue Session.rollback(). Original exception was: (psycopg2.errors.UniqueViolation) duplicate key value violates unique constraint "dag_pkey"
DETAIL:  Key (dag_id)=(ETL_toll_data2) already exists.

[SQL: INSERT INTO dag (dag_id, root_dag_id, is_paused, is_subdag, is_active, last_parsed_time, last_pickled, last_expired, scheduler_lock, pickle_id, fileloc, owners, description, default_view, schedule_interval, timetable_description, max_active_tasks, max_active_runs, has_task_concurrency_limits, has_import_errors, next_dagrun, next_dagrun_data_interval_start, next_dagrun_data_interval_end, next_dagrun_create_after) VALUES (%(dag_id)s, %(root_dag_id)s, %(is_paused)s, %(is_subdag)s, %(is_active)s, %(last_parsed_time)s, %(last_pickled)s, %(last_expired)s, %(scheduler_lock)s, %(pickle_id)s, %(fileloc)s, %(owners)s, %(description)s, %(default_view)s, %(schedule_interval)s, %(timetable_description)s, %(max_active_tasks)s, %(max_active_runs)s, %(has_task_concurrency_limits)s, %(has_import_errors)s, %(next_dagrun)s, %(next_dagrun_data_interval_start)s, %(next_dagrun_data_interval_end)s, %(next_dagrun_create_after)s)]
[parameters: {'dag_id': 'ETL_toll_data2', 'root_dag_id': None, 'is_paused': True, 'is_subdag': False, 'is_active': True, 'last_parsed_time': datetime.datetime(2023, 11, 25, 17, 38, 20, 930311, tzinfo=Timezone('UTC')), 'last_pickled': None, 'last_expired': None, 'scheduler_lock': None, 'pickle_id': None, 'fileloc': '/home/project/airflow/dags/finalassignment/staging/ETL_toll_data2.py', 'owners': 'AN', 'description': 'Apache Airflow Final Assignment', 'default_view': 'grid', 'schedule_interval': '{"type": "timedelta", "attrs": {"days": 1, "seconds": 0, "microseconds": 0}}', 'timetable_description': '', 'max_active_tasks': 16, 'max_active_runs': 16, 'has_task_concurrency_limits': False, 'has_import_errors': False, 'next_dagrun': DateTime(2023, 11, 25, 0, 0, 0, tzinfo=Timezone('UTC')), 'next_dagrun_data_interval_start': DateTime(2023, 11, 25, 0, 0, 0, tzinfo=Timezone('UTC')), 'next_dagrun_data_interval_end': DateTime(2023, 11, 26, 0, 0, 0, tzinfo=Timezone('UTC')), 'next_dagrun_create_after': DateTime(2023, 11, 26, 0, 0, 0, tzinfo=Timezone('UTC'))}]
(Background on this error at: https://sqlalche.me/e/14/gkpj) (Background on this error at: https://sqlalche.me/e/14/7s2a)
[2023-11-25 17:38:52,066] {processor.py:153} INFO - Started process (PID=1254) to work on /home/project/airflow/dags/finalassignment/staging/ETL_toll_data2.py
[2023-11-25 17:38:52,067] {processor.py:641} INFO - Processing file /home/project/airflow/dags/finalassignment/staging/ETL_toll_data2.py for tasks to queue
[2023-11-25 17:38:52,068] {logging_mixin.py:115} INFO - [2023-11-25 17:38:52,068] {dagbag.py:508} INFO - Filling up the DagBag from /home/project/airflow/dags/finalassignment/staging/ETL_toll_data2.py
[2023-11-25 17:38:52,079] {processor.py:651} INFO - DAG(s) dict_keys(['ETL_toll_data2']) retrieved from /home/project/airflow/dags/finalassignment/staging/ETL_toll_data2.py
[2023-11-25 17:38:52,190] {logging_mixin.py:115} INFO - [2023-11-25 17:38:52,190] {dag.py:2420} INFO - Sync 1 DAGs
[2023-11-25 17:38:52,222] {logging_mixin.py:115} INFO - [2023-11-25 17:38:52,222] {dag.py:2972} INFO - Setting next_dagrun for ETL_toll_data2 to 2023-11-25T00:00:00+00:00, run_after=2023-11-26T00:00:00+00:00
[2023-11-25 17:38:52,240] {processor.py:161} INFO - Processing /home/project/airflow/dags/finalassignment/staging/ETL_toll_data2.py took 0.179 seconds
[2023-11-25 17:39:22,635] {processor.py:153} INFO - Started process (PID=1317) to work on /home/project/airflow/dags/finalassignment/staging/ETL_toll_data2.py
[2023-11-25 17:39:22,636] {processor.py:641} INFO - Processing file /home/project/airflow/dags/finalassignment/staging/ETL_toll_data2.py for tasks to queue
[2023-11-25 17:39:22,637] {logging_mixin.py:115} INFO - [2023-11-25 17:39:22,636] {dagbag.py:508} INFO - Filling up the DagBag from /home/project/airflow/dags/finalassignment/staging/ETL_toll_data2.py
[2023-11-25 17:39:22,646] {processor.py:651} INFO - DAG(s) dict_keys(['ETL_toll_data2']) retrieved from /home/project/airflow/dags/finalassignment/staging/ETL_toll_data2.py
[2023-11-25 17:39:22,690] {logging_mixin.py:115} INFO - [2023-11-25 17:39:22,690] {dag.py:2420} INFO - Sync 1 DAGs
[2023-11-25 17:39:22,723] {logging_mixin.py:115} INFO - [2023-11-25 17:39:22,722] {dag.py:2972} INFO - Setting next_dagrun for ETL_toll_data2 to 2023-11-25T00:00:00+00:00, run_after=2023-11-26T00:00:00+00:00
[2023-11-25 17:39:22,735] {processor.py:161} INFO - Processing /home/project/airflow/dags/finalassignment/staging/ETL_toll_data2.py took 0.105 seconds
[2023-11-25 17:39:53,389] {processor.py:153} INFO - Started process (PID=1379) to work on /home/project/airflow/dags/finalassignment/staging/ETL_toll_data2.py
[2023-11-25 17:39:53,390] {processor.py:641} INFO - Processing file /home/project/airflow/dags/finalassignment/staging/ETL_toll_data2.py for tasks to queue
[2023-11-25 17:39:53,391] {logging_mixin.py:115} INFO - [2023-11-25 17:39:53,391] {dagbag.py:508} INFO - Filling up the DagBag from /home/project/airflow/dags/finalassignment/staging/ETL_toll_data2.py
[2023-11-25 17:39:53,400] {processor.py:651} INFO - DAG(s) dict_keys(['ETL_toll_data2']) retrieved from /home/project/airflow/dags/finalassignment/staging/ETL_toll_data2.py
[2023-11-25 17:39:53,452] {logging_mixin.py:115} INFO - [2023-11-25 17:39:53,451] {dag.py:2420} INFO - Sync 1 DAGs
[2023-11-25 17:39:53,492] {logging_mixin.py:115} INFO - [2023-11-25 17:39:53,492] {dag.py:2972} INFO - Setting next_dagrun for ETL_toll_data2 to 2023-11-25T00:00:00+00:00, run_after=2023-11-26T00:00:00+00:00
[2023-11-25 17:39:53,510] {processor.py:161} INFO - Processing /home/project/airflow/dags/finalassignment/staging/ETL_toll_data2.py took 0.126 seconds
[2023-11-25 17:40:24,160] {processor.py:153} INFO - Started process (PID=1433) to work on /home/project/airflow/dags/finalassignment/staging/ETL_toll_data2.py
[2023-11-25 17:40:24,161] {processor.py:641} INFO - Processing file /home/project/airflow/dags/finalassignment/staging/ETL_toll_data2.py for tasks to queue
[2023-11-25 17:40:24,162] {logging_mixin.py:115} INFO - [2023-11-25 17:40:24,162] {dagbag.py:508} INFO - Filling up the DagBag from /home/project/airflow/dags/finalassignment/staging/ETL_toll_data2.py
[2023-11-25 17:40:24,171] {processor.py:651} INFO - DAG(s) dict_keys(['ETL_toll_data2']) retrieved from /home/project/airflow/dags/finalassignment/staging/ETL_toll_data2.py
[2023-11-25 17:40:24,310] {logging_mixin.py:115} INFO - [2023-11-25 17:40:24,310] {dag.py:2420} INFO - Sync 1 DAGs
[2023-11-25 17:40:24,335] {logging_mixin.py:115} INFO - [2023-11-25 17:40:24,335] {dag.py:2972} INFO - Setting next_dagrun for ETL_toll_data2 to 2023-11-25T00:00:00+00:00, run_after=2023-11-26T00:00:00+00:00
[2023-11-25 17:40:24,350] {processor.py:161} INFO - Processing /home/project/airflow/dags/finalassignment/staging/ETL_toll_data2.py took 0.196 seconds
[2023-11-25 17:40:54,754] {processor.py:153} INFO - Started process (PID=1496) to work on /home/project/airflow/dags/finalassignment/staging/ETL_toll_data2.py
[2023-11-25 17:40:54,755] {processor.py:641} INFO - Processing file /home/project/airflow/dags/finalassignment/staging/ETL_toll_data2.py for tasks to queue
[2023-11-25 17:40:54,755] {logging_mixin.py:115} INFO - [2023-11-25 17:40:54,755] {dagbag.py:508} INFO - Filling up the DagBag from /home/project/airflow/dags/finalassignment/staging/ETL_toll_data2.py
[2023-11-25 17:40:54,764] {processor.py:651} INFO - DAG(s) dict_keys(['ETL_toll_data2']) retrieved from /home/project/airflow/dags/finalassignment/staging/ETL_toll_data2.py
[2023-11-25 17:40:54,815] {logging_mixin.py:115} INFO - [2023-11-25 17:40:54,815] {dag.py:2420} INFO - Sync 1 DAGs
[2023-11-25 17:40:54,844] {logging_mixin.py:115} INFO - [2023-11-25 17:40:54,844] {dag.py:2972} INFO - Setting next_dagrun for ETL_toll_data2 to 2023-11-25T00:00:00+00:00, run_after=2023-11-26T00:00:00+00:00
[2023-11-25 17:40:54,861] {processor.py:161} INFO - Processing /home/project/airflow/dags/finalassignment/staging/ETL_toll_data2.py took 0.112 seconds
[2023-11-25 17:41:25,412] {processor.py:153} INFO - Started process (PID=1559) to work on /home/project/airflow/dags/finalassignment/staging/ETL_toll_data2.py
[2023-11-25 17:41:25,413] {processor.py:641} INFO - Processing file /home/project/airflow/dags/finalassignment/staging/ETL_toll_data2.py for tasks to queue
[2023-11-25 17:41:25,414] {logging_mixin.py:115} INFO - [2023-11-25 17:41:25,414] {dagbag.py:508} INFO - Filling up the DagBag from /home/project/airflow/dags/finalassignment/staging/ETL_toll_data2.py
[2023-11-25 17:41:25,423] {processor.py:651} INFO - DAG(s) dict_keys(['ETL_toll_data2']) retrieved from /home/project/airflow/dags/finalassignment/staging/ETL_toll_data2.py
[2023-11-25 17:41:25,461] {logging_mixin.py:115} INFO - [2023-11-25 17:41:25,460] {dag.py:2420} INFO - Sync 1 DAGs
[2023-11-25 17:41:25,503] {logging_mixin.py:115} INFO - [2023-11-25 17:41:25,503] {dag.py:2972} INFO - Setting next_dagrun for ETL_toll_data2 to 2023-11-25T00:00:00+00:00, run_after=2023-11-26T00:00:00+00:00
[2023-11-25 17:41:25,520] {processor.py:161} INFO - Processing /home/project/airflow/dags/finalassignment/staging/ETL_toll_data2.py took 0.113 seconds
[2023-11-25 17:41:48,837] {processor.py:153} INFO - Started process (PID=1605) to work on /home/project/airflow/dags/finalassignment/staging/ETL_toll_data2.py
[2023-11-25 17:41:48,838] {processor.py:641} INFO - Processing file /home/project/airflow/dags/finalassignment/staging/ETL_toll_data2.py for tasks to queue
[2023-11-25 17:41:48,838] {logging_mixin.py:115} INFO - [2023-11-25 17:41:48,838] {dagbag.py:508} INFO - Filling up the DagBag from /home/project/airflow/dags/finalassignment/staging/ETL_toll_data2.py
[2023-11-25 17:41:48,856] {processor.py:651} INFO - DAG(s) dict_keys(['ETL_toll_data2']) retrieved from /home/project/airflow/dags/finalassignment/staging/ETL_toll_data2.py
[2023-11-25 17:41:48,894] {logging_mixin.py:115} INFO - [2023-11-25 17:41:48,894] {dag.py:2420} INFO - Sync 1 DAGs
[2023-11-25 17:41:48,936] {logging_mixin.py:115} INFO - [2023-11-25 17:41:48,936] {dag.py:2972} INFO - Setting next_dagrun for ETL_toll_data2 to 2023-11-25T00:00:00+00:00, run_after=2023-11-26T00:00:00+00:00
[2023-11-25 17:41:48,953] {processor.py:161} INFO - Processing /home/project/airflow/dags/finalassignment/staging/ETL_toll_data2.py took 0.121 seconds
[2023-11-25 17:42:19,160] {processor.py:153} INFO - Started process (PID=1653) to work on /home/project/airflow/dags/finalassignment/staging/ETL_toll_data2.py
[2023-11-25 17:42:19,161] {processor.py:641} INFO - Processing file /home/project/airflow/dags/finalassignment/staging/ETL_toll_data2.py for tasks to queue
[2023-11-25 17:42:19,161] {logging_mixin.py:115} INFO - [2023-11-25 17:42:19,161] {dagbag.py:508} INFO - Filling up the DagBag from /home/project/airflow/dags/finalassignment/staging/ETL_toll_data2.py
[2023-11-25 17:42:19,171] {processor.py:651} INFO - DAG(s) dict_keys(['ETL_toll_data2']) retrieved from /home/project/airflow/dags/finalassignment/staging/ETL_toll_data2.py
[2023-11-25 17:42:19,263] {logging_mixin.py:115} INFO - [2023-11-25 17:42:19,263] {dag.py:2420} INFO - Sync 1 DAGs
[2023-11-25 17:42:19,291] {logging_mixin.py:115} INFO - [2023-11-25 17:42:19,290] {dag.py:2972} INFO - Setting next_dagrun for ETL_toll_data2 to 2023-11-25T00:00:00+00:00, run_after=2023-11-26T00:00:00+00:00
[2023-11-25 17:42:19,304] {processor.py:161} INFO - Processing /home/project/airflow/dags/finalassignment/staging/ETL_toll_data2.py took 0.149 seconds
[2023-11-25 17:42:49,603] {processor.py:153} INFO - Started process (PID=1717) to work on /home/project/airflow/dags/finalassignment/staging/ETL_toll_data2.py
[2023-11-25 17:42:49,604] {processor.py:641} INFO - Processing file /home/project/airflow/dags/finalassignment/staging/ETL_toll_data2.py for tasks to queue
[2023-11-25 17:42:49,605] {logging_mixin.py:115} INFO - [2023-11-25 17:42:49,605] {dagbag.py:508} INFO - Filling up the DagBag from /home/project/airflow/dags/finalassignment/staging/ETL_toll_data2.py
[2023-11-25 17:42:49,614] {processor.py:651} INFO - DAG(s) dict_keys(['ETL_toll_data2']) retrieved from /home/project/airflow/dags/finalassignment/staging/ETL_toll_data2.py
[2023-11-25 17:42:49,658] {logging_mixin.py:115} INFO - [2023-11-25 17:42:49,658] {dag.py:2420} INFO - Sync 1 DAGs
[2023-11-25 17:42:49,686] {logging_mixin.py:115} INFO - [2023-11-25 17:42:49,686] {dag.py:2972} INFO - Setting next_dagrun for ETL_toll_data2 to 2023-11-25T00:00:00+00:00, run_after=2023-11-26T00:00:00+00:00
[2023-11-25 17:42:49,699] {processor.py:161} INFO - Processing /home/project/airflow/dags/finalassignment/staging/ETL_toll_data2.py took 0.100 seconds
[2023-11-25 17:43:20,210] {processor.py:153} INFO - Started process (PID=1771) to work on /home/project/airflow/dags/finalassignment/staging/ETL_toll_data2.py
[2023-11-25 17:43:20,211] {processor.py:641} INFO - Processing file /home/project/airflow/dags/finalassignment/staging/ETL_toll_data2.py for tasks to queue
[2023-11-25 17:43:20,212] {logging_mixin.py:115} INFO - [2023-11-25 17:43:20,212] {dagbag.py:508} INFO - Filling up the DagBag from /home/project/airflow/dags/finalassignment/staging/ETL_toll_data2.py
[2023-11-25 17:43:20,223] {processor.py:651} INFO - DAG(s) dict_keys(['ETL_toll_data2']) retrieved from /home/project/airflow/dags/finalassignment/staging/ETL_toll_data2.py
[2023-11-25 17:43:20,249] {logging_mixin.py:115} INFO - [2023-11-25 17:43:20,249] {dag.py:2420} INFO - Sync 1 DAGs
[2023-11-25 17:43:20,285] {logging_mixin.py:115} INFO - [2023-11-25 17:43:20,285] {dag.py:2972} INFO - Setting next_dagrun for ETL_toll_data2 to 2023-11-25T00:00:00+00:00, run_after=2023-11-26T00:00:00+00:00
[2023-11-25 17:43:20,299] {processor.py:161} INFO - Processing /home/project/airflow/dags/finalassignment/staging/ETL_toll_data2.py took 0.094 seconds
[2023-11-25 17:43:51,000] {processor.py:153} INFO - Started process (PID=1834) to work on /home/project/airflow/dags/finalassignment/staging/ETL_toll_data2.py
[2023-11-25 17:43:51,001] {processor.py:641} INFO - Processing file /home/project/airflow/dags/finalassignment/staging/ETL_toll_data2.py for tasks to queue
[2023-11-25 17:43:51,002] {logging_mixin.py:115} INFO - [2023-11-25 17:43:51,002] {dagbag.py:508} INFO - Filling up the DagBag from /home/project/airflow/dags/finalassignment/staging/ETL_toll_data2.py
[2023-11-25 17:43:51,012] {processor.py:651} INFO - DAG(s) dict_keys(['ETL_toll_data2']) retrieved from /home/project/airflow/dags/finalassignment/staging/ETL_toll_data2.py
[2023-11-25 17:43:51,114] {logging_mixin.py:115} INFO - [2023-11-25 17:43:51,114] {dag.py:2420} INFO - Sync 1 DAGs
[2023-11-25 17:43:51,172] {logging_mixin.py:115} INFO - [2023-11-25 17:43:51,172] {dag.py:2972} INFO - Setting next_dagrun for ETL_toll_data2 to 2023-11-25T00:00:00+00:00, run_after=2023-11-26T00:00:00+00:00
[2023-11-25 17:43:51,198] {processor.py:161} INFO - Processing /home/project/airflow/dags/finalassignment/staging/ETL_toll_data2.py took 0.202 seconds
[2023-11-25 17:44:07,438] {processor.py:153} INFO - Started process (PID=1862) to work on /home/project/airflow/dags/finalassignment/staging/ETL_toll_data2.py
[2023-11-25 17:44:07,439] {processor.py:641} INFO - Processing file /home/project/airflow/dags/finalassignment/staging/ETL_toll_data2.py for tasks to queue
[2023-11-25 17:44:07,439] {logging_mixin.py:115} INFO - [2023-11-25 17:44:07,439] {dagbag.py:508} INFO - Filling up the DagBag from /home/project/airflow/dags/finalassignment/staging/ETL_toll_data2.py
[2023-11-25 17:44:07,450] {processor.py:651} INFO - DAG(s) dict_keys(['ETL_toll_data2']) retrieved from /home/project/airflow/dags/finalassignment/staging/ETL_toll_data2.py
[2023-11-25 17:44:07,480] {logging_mixin.py:115} INFO - [2023-11-25 17:44:07,480] {dag.py:2420} INFO - Sync 1 DAGs
[2023-11-25 17:44:07,510] {logging_mixin.py:115} INFO - [2023-11-25 17:44:07,510] {dag.py:2972} INFO - Setting next_dagrun for ETL_toll_data2 to 2023-11-25T00:00:00+00:00, run_after=2023-11-26T00:00:00+00:00
[2023-11-25 17:44:07,525] {processor.py:161} INFO - Processing /home/project/airflow/dags/finalassignment/staging/ETL_toll_data2.py took 0.092 seconds
[2023-11-25 17:44:09,527] {processor.py:153} INFO - Started process (PID=1872) to work on /home/project/airflow/dags/finalassignment/staging/ETL_toll_data2.py
[2023-11-25 17:44:09,527] {processor.py:641} INFO - Processing file /home/project/airflow/dags/finalassignment/staging/ETL_toll_data2.py for tasks to queue
[2023-11-25 17:44:09,528] {logging_mixin.py:115} INFO - [2023-11-25 17:44:09,528] {dagbag.py:508} INFO - Filling up the DagBag from /home/project/airflow/dags/finalassignment/staging/ETL_toll_data2.py
[2023-11-25 17:44:09,539] {processor.py:651} INFO - DAG(s) dict_keys(['ETL_toll_data2']) retrieved from /home/project/airflow/dags/finalassignment/staging/ETL_toll_data2.py
[2023-11-25 17:44:09,566] {logging_mixin.py:115} INFO - [2023-11-25 17:44:09,566] {dag.py:2420} INFO - Sync 1 DAGs
[2023-11-25 17:44:09,597] {logging_mixin.py:115} INFO - [2023-11-25 17:44:09,597] {dag.py:2972} INFO - Setting next_dagrun for ETL_toll_data2 to 2023-11-25T00:00:00+00:00, run_after=2023-11-26T00:00:00+00:00
[2023-11-25 17:44:09,615] {processor.py:161} INFO - Processing /home/project/airflow/dags/finalassignment/staging/ETL_toll_data2.py took 0.093 seconds
[2023-11-25 17:44:10,561] {processor.py:153} INFO - Started process (PID=1873) to work on /home/project/airflow/dags/finalassignment/staging/ETL_toll_data2.py
[2023-11-25 17:44:10,562] {processor.py:641} INFO - Processing file /home/project/airflow/dags/finalassignment/staging/ETL_toll_data2.py for tasks to queue
[2023-11-25 17:44:10,562] {logging_mixin.py:115} INFO - [2023-11-25 17:44:10,562] {dagbag.py:508} INFO - Filling up the DagBag from /home/project/airflow/dags/finalassignment/staging/ETL_toll_data2.py
[2023-11-25 17:44:10,573] {processor.py:651} INFO - DAG(s) dict_keys(['ETL_toll_data2']) retrieved from /home/project/airflow/dags/finalassignment/staging/ETL_toll_data2.py
[2023-11-25 17:44:10,597] {logging_mixin.py:115} INFO - [2023-11-25 17:44:10,597] {dag.py:2420} INFO - Sync 1 DAGs
[2023-11-25 17:44:10,627] {logging_mixin.py:115} INFO - [2023-11-25 17:44:10,627] {dag.py:2972} INFO - Setting next_dagrun for ETL_toll_data2 to 2023-11-25T00:00:00+00:00, run_after=2023-11-26T00:00:00+00:00
[2023-11-25 17:44:10,641] {processor.py:161} INFO - Processing /home/project/airflow/dags/finalassignment/staging/ETL_toll_data2.py took 0.085 seconds
[2023-11-25 17:44:41,358] {processor.py:153} INFO - Started process (PID=1927) to work on /home/project/airflow/dags/finalassignment/staging/ETL_toll_data2.py
[2023-11-25 17:44:41,359] {processor.py:641} INFO - Processing file /home/project/airflow/dags/finalassignment/staging/ETL_toll_data2.py for tasks to queue
[2023-11-25 17:44:41,359] {logging_mixin.py:115} INFO - [2023-11-25 17:44:41,359] {dagbag.py:508} INFO - Filling up the DagBag from /home/project/airflow/dags/finalassignment/staging/ETL_toll_data2.py
[2023-11-25 17:44:41,369] {processor.py:651} INFO - DAG(s) dict_keys(['ETL_toll_data2']) retrieved from /home/project/airflow/dags/finalassignment/staging/ETL_toll_data2.py
[2023-11-25 17:44:41,453] {logging_mixin.py:115} INFO - [2023-11-25 17:44:41,453] {dag.py:2420} INFO - Sync 1 DAGs
[2023-11-25 17:44:41,477] {logging_mixin.py:115} INFO - [2023-11-25 17:44:41,477] {dag.py:2972} INFO - Setting next_dagrun for ETL_toll_data2 to 2023-11-25T00:00:00+00:00, run_after=2023-11-26T00:00:00+00:00
[2023-11-25 17:44:41,491] {processor.py:161} INFO - Processing /home/project/airflow/dags/finalassignment/staging/ETL_toll_data2.py took 0.139 seconds
[2023-11-25 17:45:12,037] {processor.py:153} INFO - Started process (PID=1990) to work on /home/project/airflow/dags/finalassignment/staging/ETL_toll_data2.py
[2023-11-25 17:45:12,038] {processor.py:641} INFO - Processing file /home/project/airflow/dags/finalassignment/staging/ETL_toll_data2.py for tasks to queue
[2023-11-25 17:45:12,038] {logging_mixin.py:115} INFO - [2023-11-25 17:45:12,038] {dagbag.py:508} INFO - Filling up the DagBag from /home/project/airflow/dags/finalassignment/staging/ETL_toll_data2.py
[2023-11-25 17:45:12,048] {processor.py:651} INFO - DAG(s) dict_keys(['ETL_toll_data2']) retrieved from /home/project/airflow/dags/finalassignment/staging/ETL_toll_data2.py
[2023-11-25 17:45:12,087] {logging_mixin.py:115} INFO - [2023-11-25 17:45:12,087] {dag.py:2420} INFO - Sync 1 DAGs
[2023-11-25 17:45:12,115] {logging_mixin.py:115} INFO - [2023-11-25 17:45:12,115] {dag.py:2972} INFO - Setting next_dagrun for ETL_toll_data2 to 2023-11-25T00:00:00+00:00, run_after=2023-11-26T00:00:00+00:00
[2023-11-25 17:45:12,128] {processor.py:161} INFO - Processing /home/project/airflow/dags/finalassignment/staging/ETL_toll_data2.py took 0.096 seconds
[2023-11-25 17:45:42,630] {processor.py:153} INFO - Started process (PID=2053) to work on /home/project/airflow/dags/finalassignment/staging/ETL_toll_data2.py
[2023-11-25 17:45:42,631] {processor.py:641} INFO - Processing file /home/project/airflow/dags/finalassignment/staging/ETL_toll_data2.py for tasks to queue
[2023-11-25 17:45:42,631] {logging_mixin.py:115} INFO - [2023-11-25 17:45:42,631] {dagbag.py:508} INFO - Filling up the DagBag from /home/project/airflow/dags/finalassignment/staging/ETL_toll_data2.py
[2023-11-25 17:45:42,641] {processor.py:651} INFO - DAG(s) dict_keys(['ETL_toll_data2']) retrieved from /home/project/airflow/dags/finalassignment/staging/ETL_toll_data2.py
[2023-11-25 17:45:42,666] {logging_mixin.py:115} INFO - [2023-11-25 17:45:42,666] {dag.py:2420} INFO - Sync 1 DAGs
[2023-11-25 17:45:42,698] {logging_mixin.py:115} INFO - [2023-11-25 17:45:42,698] {dag.py:2972} INFO - Setting next_dagrun for ETL_toll_data2 to 2023-11-25T00:00:00+00:00, run_after=2023-11-26T00:00:00+00:00
[2023-11-25 17:45:42,712] {processor.py:161} INFO - Processing /home/project/airflow/dags/finalassignment/staging/ETL_toll_data2.py took 0.087 seconds
[2023-11-25 17:46:12,800] {processor.py:153} INFO - Started process (PID=2107) to work on /home/project/airflow/dags/finalassignment/staging/ETL_toll_data2.py
[2023-11-25 17:46:12,801] {processor.py:641} INFO - Processing file /home/project/airflow/dags/finalassignment/staging/ETL_toll_data2.py for tasks to queue
[2023-11-25 17:46:12,802] {logging_mixin.py:115} INFO - [2023-11-25 17:46:12,801] {dagbag.py:508} INFO - Filling up the DagBag from /home/project/airflow/dags/finalassignment/staging/ETL_toll_data2.py
[2023-11-25 17:46:12,811] {processor.py:651} INFO - DAG(s) dict_keys(['ETL_toll_data2']) retrieved from /home/project/airflow/dags/finalassignment/staging/ETL_toll_data2.py
[2023-11-25 17:46:12,895] {logging_mixin.py:115} INFO - [2023-11-25 17:46:12,895] {dag.py:2420} INFO - Sync 1 DAGs
[2023-11-25 17:46:12,920] {logging_mixin.py:115} INFO - [2023-11-25 17:46:12,920] {dag.py:2972} INFO - Setting next_dagrun for ETL_toll_data2 to 2023-11-25T00:00:00+00:00, run_after=2023-11-26T00:00:00+00:00
[2023-11-25 17:46:12,935] {processor.py:161} INFO - Processing /home/project/airflow/dags/finalassignment/staging/ETL_toll_data2.py took 0.140 seconds
[2023-11-25 17:46:43,540] {processor.py:153} INFO - Started process (PID=2170) to work on /home/project/airflow/dags/finalassignment/staging/ETL_toll_data2.py
[2023-11-25 17:46:43,541] {processor.py:641} INFO - Processing file /home/project/airflow/dags/finalassignment/staging/ETL_toll_data2.py for tasks to queue
[2023-11-25 17:46:43,541] {logging_mixin.py:115} INFO - [2023-11-25 17:46:43,541] {dagbag.py:508} INFO - Filling up the DagBag from /home/project/airflow/dags/finalassignment/staging/ETL_toll_data2.py
[2023-11-25 17:46:43,551] {processor.py:651} INFO - DAG(s) dict_keys(['ETL_toll_data2']) retrieved from /home/project/airflow/dags/finalassignment/staging/ETL_toll_data2.py
[2023-11-25 17:46:43,589] {logging_mixin.py:115} INFO - [2023-11-25 17:46:43,589] {dag.py:2420} INFO - Sync 1 DAGs
[2023-11-25 17:46:43,620] {logging_mixin.py:115} INFO - [2023-11-25 17:46:43,620] {dag.py:2972} INFO - Setting next_dagrun for ETL_toll_data2 to 2023-11-25T00:00:00+00:00, run_after=2023-11-26T00:00:00+00:00
[2023-11-25 17:46:43,633] {processor.py:161} INFO - Processing /home/project/airflow/dags/finalassignment/staging/ETL_toll_data2.py took 0.098 seconds
[2023-11-25 17:47:14,200] {processor.py:153} INFO - Started process (PID=2230) to work on /home/project/airflow/dags/finalassignment/staging/ETL_toll_data2.py
[2023-11-25 17:47:14,201] {processor.py:641} INFO - Processing file /home/project/airflow/dags/finalassignment/staging/ETL_toll_data2.py for tasks to queue
[2023-11-25 17:47:14,202] {logging_mixin.py:115} INFO - [2023-11-25 17:47:14,202] {dagbag.py:508} INFO - Filling up the DagBag from /home/project/airflow/dags/finalassignment/staging/ETL_toll_data2.py
[2023-11-25 17:47:14,212] {processor.py:651} INFO - DAG(s) dict_keys(['ETL_toll_data2']) retrieved from /home/project/airflow/dags/finalassignment/staging/ETL_toll_data2.py
[2023-11-25 17:47:14,235] {logging_mixin.py:115} INFO - [2023-11-25 17:47:14,235] {dag.py:2420} INFO - Sync 1 DAGs
[2023-11-25 17:47:14,265] {logging_mixin.py:115} INFO - [2023-11-25 17:47:14,265] {dag.py:2972} INFO - Setting next_dagrun for ETL_toll_data2 to 2023-11-25T00:00:00+00:00, run_after=2023-11-26T00:00:00+00:00
[2023-11-25 17:47:14,279] {processor.py:161} INFO - Processing /home/project/airflow/dags/finalassignment/staging/ETL_toll_data2.py took 0.084 seconds
[2023-11-25 17:47:44,586] {processor.py:153} INFO - Started process (PID=2286) to work on /home/project/airflow/dags/finalassignment/staging/ETL_toll_data2.py
[2023-11-25 17:47:44,587] {processor.py:641} INFO - Processing file /home/project/airflow/dags/finalassignment/staging/ETL_toll_data2.py for tasks to queue
[2023-11-25 17:47:44,587] {logging_mixin.py:115} INFO - [2023-11-25 17:47:44,587] {dagbag.py:508} INFO - Filling up the DagBag from /home/project/airflow/dags/finalassignment/staging/ETL_toll_data2.py
[2023-11-25 17:47:44,597] {processor.py:651} INFO - DAG(s) dict_keys(['ETL_toll_data2']) retrieved from /home/project/airflow/dags/finalassignment/staging/ETL_toll_data2.py
[2023-11-25 17:47:44,681] {logging_mixin.py:115} INFO - [2023-11-25 17:47:44,681] {dag.py:2420} INFO - Sync 1 DAGs
[2023-11-25 17:47:44,706] {logging_mixin.py:115} INFO - [2023-11-25 17:47:44,706] {dag.py:2972} INFO - Setting next_dagrun for ETL_toll_data2 to 2023-11-25T00:00:00+00:00, run_after=2023-11-26T00:00:00+00:00
[2023-11-25 17:47:44,722] {processor.py:161} INFO - Processing /home/project/airflow/dags/finalassignment/staging/ETL_toll_data2.py took 0.140 seconds
[2023-11-25 17:48:03,844] {processor.py:153} INFO - Started process (PID=2334) to work on /home/project/airflow/dags/finalassignment/staging/ETL_toll_data2.py
[2023-11-25 17:48:03,845] {processor.py:641} INFO - Processing file /home/project/airflow/dags/finalassignment/staging/ETL_toll_data2.py for tasks to queue
[2023-11-25 17:48:03,846] {logging_mixin.py:115} INFO - [2023-11-25 17:48:03,846] {dagbag.py:508} INFO - Filling up the DagBag from /home/project/airflow/dags/finalassignment/staging/ETL_toll_data2.py
[2023-11-25 17:48:03,849] {logging_mixin.py:115} INFO - [2023-11-25 17:48:03,848] {dagbag.py:321} ERROR - Failed to import: /home/project/airflow/dags/finalassignment/staging/ETL_toll_data2.py
Traceback (most recent call last):
  File "/home/airflow/.local/lib/python3.7/site-packages/airflow/models/dagbag.py", line 318, in parse
    loader.exec_module(new_module)
  File "<frozen importlib._bootstrap_external>", line 724, in exec_module
  File "<frozen importlib._bootstrap_external>", line 860, in get_code
  File "<frozen importlib._bootstrap_external>", line 791, in source_to_code
  File "<frozen importlib._bootstrap>", line 219, in _call_with_frames_removed
  File "/home/project/airflow/dags/finalassignment/staging/ETL_toll_data2.py", line 59
    bash_command = 'cut -f5,6,7 /home/project/airflow/dags/finalassignment/tollplaza-data.tsv | tr -s "[:blank:]" "," | sed 's/\r$//' > /home/project/airflow/dags/finalassignment/staging/tsv_data.csv',
                                                                                                                             ^
SyntaxError: invalid syntax
[2023-11-25 17:48:03,849] {processor.py:653} WARNING - No viable dags retrieved from /home/project/airflow/dags/finalassignment/staging/ETL_toll_data2.py
[2023-11-25 17:48:03,892] {processor.py:161} INFO - Processing /home/project/airflow/dags/finalassignment/staging/ETL_toll_data2.py took 0.052 seconds
[2023-11-25 17:48:26,826] {processor.py:153} INFO - Started process (PID=2376) to work on /home/project/airflow/dags/finalassignment/staging/ETL_toll_data2.py
[2023-11-25 17:48:26,827] {processor.py:641} INFO - Processing file /home/project/airflow/dags/finalassignment/staging/ETL_toll_data2.py for tasks to queue
[2023-11-25 17:48:26,827] {logging_mixin.py:115} INFO - [2023-11-25 17:48:26,827] {dagbag.py:508} INFO - Filling up the DagBag from /home/project/airflow/dags/finalassignment/staging/ETL_toll_data2.py
[2023-11-25 17:48:26,838] {processor.py:651} INFO - DAG(s) dict_keys(['ETL_toll_data2']) retrieved from /home/project/airflow/dags/finalassignment/staging/ETL_toll_data2.py
[2023-11-25 17:48:26,862] {logging_mixin.py:115} INFO - [2023-11-25 17:48:26,862] {dag.py:2420} INFO - Sync 1 DAGs
[2023-11-25 17:48:26,895] {logging_mixin.py:115} INFO - [2023-11-25 17:48:26,895] {dag.py:2972} INFO - Setting next_dagrun for ETL_toll_data2 to 2023-11-25T00:00:00+00:00, run_after=2023-11-26T00:00:00+00:00
[2023-11-25 17:48:26,912] {processor.py:161} INFO - Processing /home/project/airflow/dags/finalassignment/staging/ETL_toll_data2.py took 0.091 seconds
[2023-11-25 17:48:32,632] {processor.py:153} INFO - Started process (PID=2387) to work on /home/project/airflow/dags/finalassignment/staging/ETL_toll_data2.py
[2023-11-25 17:48:32,633] {processor.py:641} INFO - Processing file /home/project/airflow/dags/finalassignment/staging/ETL_toll_data2.py for tasks to queue
[2023-11-25 17:48:32,634] {logging_mixin.py:115} INFO - [2023-11-25 17:48:32,634] {dagbag.py:508} INFO - Filling up the DagBag from /home/project/airflow/dags/finalassignment/staging/ETL_toll_data2.py
[2023-11-25 17:48:32,644] {processor.py:651} INFO - DAG(s) dict_keys(['ETL_toll_data2']) retrieved from /home/project/airflow/dags/finalassignment/staging/ETL_toll_data2.py
[2023-11-25 17:48:32,672] {logging_mixin.py:115} INFO - [2023-11-25 17:48:32,672] {dag.py:2420} INFO - Sync 1 DAGs
[2023-11-25 17:48:32,710] {logging_mixin.py:115} INFO - [2023-11-25 17:48:32,709] {dag.py:2972} INFO - Setting next_dagrun for ETL_toll_data2 to 2023-11-25T00:00:00+00:00, run_after=2023-11-26T00:00:00+00:00
[2023-11-25 17:48:32,725] {processor.py:161} INFO - Processing /home/project/airflow/dags/finalassignment/staging/ETL_toll_data2.py took 0.098 seconds
[2023-11-25 17:48:34,785] {processor.py:153} INFO - Started process (PID=2397) to work on /home/project/airflow/dags/finalassignment/staging/ETL_toll_data2.py
[2023-11-25 17:48:34,786] {processor.py:641} INFO - Processing file /home/project/airflow/dags/finalassignment/staging/ETL_toll_data2.py for tasks to queue
[2023-11-25 17:48:34,787] {logging_mixin.py:115} INFO - [2023-11-25 17:48:34,786] {dagbag.py:508} INFO - Filling up the DagBag from /home/project/airflow/dags/finalassignment/staging/ETL_toll_data2.py
[2023-11-25 17:48:34,797] {processor.py:651} INFO - DAG(s) dict_keys(['ETL_toll_data2']) retrieved from /home/project/airflow/dags/finalassignment/staging/ETL_toll_data2.py
[2023-11-25 17:48:34,837] {logging_mixin.py:115} INFO - [2023-11-25 17:48:34,837] {dag.py:2420} INFO - Sync 1 DAGs
[2023-11-25 17:48:34,880] {logging_mixin.py:115} INFO - [2023-11-25 17:48:34,880] {dag.py:2972} INFO - Setting next_dagrun for ETL_toll_data2 to 2023-11-25T00:00:00+00:00, run_after=2023-11-26T00:00:00+00:00
[2023-11-25 17:48:34,912] {processor.py:161} INFO - Processing /home/project/airflow/dags/finalassignment/staging/ETL_toll_data2.py took 0.132 seconds
[2023-11-25 17:48:37,170] {processor.py:153} INFO - Started process (PID=2405) to work on /home/project/airflow/dags/finalassignment/staging/ETL_toll_data2.py
[2023-11-25 17:48:37,171] {processor.py:641} INFO - Processing file /home/project/airflow/dags/finalassignment/staging/ETL_toll_data2.py for tasks to queue
[2023-11-25 17:48:37,172] {logging_mixin.py:115} INFO - [2023-11-25 17:48:37,172] {dagbag.py:508} INFO - Filling up the DagBag from /home/project/airflow/dags/finalassignment/staging/ETL_toll_data2.py
[2023-11-25 17:48:37,182] {processor.py:651} INFO - DAG(s) dict_keys(['ETL_toll_data2']) retrieved from /home/project/airflow/dags/finalassignment/staging/ETL_toll_data2.py
[2023-11-25 17:48:37,206] {logging_mixin.py:115} INFO - [2023-11-25 17:48:37,206] {dag.py:2420} INFO - Sync 1 DAGs
[2023-11-25 17:48:37,236] {logging_mixin.py:115} INFO - [2023-11-25 17:48:37,236] {dag.py:2972} INFO - Setting next_dagrun for ETL_toll_data2 to 2023-11-25T00:00:00+00:00, run_after=2023-11-26T00:00:00+00:00
[2023-11-25 17:48:37,250] {processor.py:161} INFO - Processing /home/project/airflow/dags/finalassignment/staging/ETL_toll_data2.py took 0.084 seconds
[2023-11-25 17:48:46,309] {processor.py:153} INFO - Started process (PID=2414) to work on /home/project/airflow/dags/finalassignment/staging/ETL_toll_data2.py
[2023-11-25 17:48:46,310] {processor.py:641} INFO - Processing file /home/project/airflow/dags/finalassignment/staging/ETL_toll_data2.py for tasks to queue
[2023-11-25 17:48:46,311] {logging_mixin.py:115} INFO - [2023-11-25 17:48:46,310] {dagbag.py:508} INFO - Filling up the DagBag from /home/project/airflow/dags/finalassignment/staging/ETL_toll_data2.py
[2023-11-25 17:48:46,320] {processor.py:651} INFO - DAG(s) dict_keys(['ETL_toll_data2']) retrieved from /home/project/airflow/dags/finalassignment/staging/ETL_toll_data2.py
[2023-11-25 17:48:46,346] {logging_mixin.py:115} INFO - [2023-11-25 17:48:46,345] {dag.py:2420} INFO - Sync 1 DAGs
[2023-11-25 17:48:46,375] {logging_mixin.py:115} INFO - [2023-11-25 17:48:46,375] {dag.py:2972} INFO - Setting next_dagrun for ETL_toll_data2 to 2023-11-25T00:00:00+00:00, run_after=2023-11-26T00:00:00+00:00
[2023-11-25 17:48:46,390] {processor.py:161} INFO - Processing /home/project/airflow/dags/finalassignment/staging/ETL_toll_data2.py took 0.087 seconds
[2023-11-25 17:49:16,705] {processor.py:153} INFO - Started process (PID=2470) to work on /home/project/airflow/dags/finalassignment/staging/ETL_toll_data2.py
[2023-11-25 17:49:16,706] {processor.py:641} INFO - Processing file /home/project/airflow/dags/finalassignment/staging/ETL_toll_data2.py for tasks to queue
[2023-11-25 17:49:16,707] {logging_mixin.py:115} INFO - [2023-11-25 17:49:16,707] {dagbag.py:508} INFO - Filling up the DagBag from /home/project/airflow/dags/finalassignment/staging/ETL_toll_data2.py
[2023-11-25 17:49:16,716] {processor.py:651} INFO - DAG(s) dict_keys(['ETL_toll_data2']) retrieved from /home/project/airflow/dags/finalassignment/staging/ETL_toll_data2.py
[2023-11-25 17:49:16,807] {logging_mixin.py:115} INFO - [2023-11-25 17:49:16,807] {dag.py:2420} INFO - Sync 1 DAGs
[2023-11-25 17:49:16,834] {logging_mixin.py:115} INFO - [2023-11-25 17:49:16,834] {dag.py:2972} INFO - Setting next_dagrun for ETL_toll_data2 to 2023-11-25T00:00:00+00:00, run_after=2023-11-26T00:00:00+00:00
[2023-11-25 17:49:16,851] {processor.py:161} INFO - Processing /home/project/airflow/dags/finalassignment/staging/ETL_toll_data2.py took 0.151 seconds
[2023-11-25 17:49:47,028] {processor.py:153} INFO - Started process (PID=2533) to work on /home/project/airflow/dags/finalassignment/staging/ETL_toll_data2.py
[2023-11-25 17:49:47,028] {processor.py:641} INFO - Processing file /home/project/airflow/dags/finalassignment/staging/ETL_toll_data2.py for tasks to queue
[2023-11-25 17:49:47,029] {logging_mixin.py:115} INFO - [2023-11-25 17:49:47,029] {dagbag.py:508} INFO - Filling up the DagBag from /home/project/airflow/dags/finalassignment/staging/ETL_toll_data2.py
[2023-11-25 17:49:47,039] {processor.py:651} INFO - DAG(s) dict_keys(['ETL_toll_data2']) retrieved from /home/project/airflow/dags/finalassignment/staging/ETL_toll_data2.py
[2023-11-25 17:49:47,085] {logging_mixin.py:115} INFO - [2023-11-25 17:49:47,085] {dag.py:2420} INFO - Sync 1 DAGs
[2023-11-25 17:49:47,118] {logging_mixin.py:115} INFO - [2023-11-25 17:49:47,118] {dag.py:2972} INFO - Setting next_dagrun for ETL_toll_data2 to 2023-11-25T00:00:00+00:00, run_after=2023-11-26T00:00:00+00:00
[2023-11-25 17:49:47,139] {processor.py:161} INFO - Processing /home/project/airflow/dags/finalassignment/staging/ETL_toll_data2.py took 0.117 seconds
[2023-11-25 17:50:02,714] {processor.py:153} INFO - Started process (PID=2567) to work on /home/project/airflow/dags/finalassignment/staging/ETL_toll_data2.py
[2023-11-25 17:50:02,715] {processor.py:641} INFO - Processing file /home/project/airflow/dags/finalassignment/staging/ETL_toll_data2.py for tasks to queue
[2023-11-25 17:50:02,716] {logging_mixin.py:115} INFO - [2023-11-25 17:50:02,716] {dagbag.py:508} INFO - Filling up the DagBag from /home/project/airflow/dags/finalassignment/staging/ETL_toll_data2.py
[2023-11-25 17:50:02,726] {processor.py:651} INFO - DAG(s) dict_keys(['ETL_toll_data']) retrieved from /home/project/airflow/dags/finalassignment/staging/ETL_toll_data2.py
[2023-11-25 17:50:02,831] {logging_mixin.py:115} INFO - [2023-11-25 17:50:02,831] {manager.py:508} INFO - Created Permission View: can delete on DAG:ETL_toll_data
[2023-11-25 17:50:02,840] {logging_mixin.py:115} INFO - [2023-11-25 17:50:02,840] {manager.py:508} INFO - Created Permission View: can edit on DAG:ETL_toll_data
[2023-11-25 17:50:02,851] {logging_mixin.py:115} INFO - [2023-11-25 17:50:02,850] {manager.py:508} INFO - Created Permission View: can read on DAG:ETL_toll_data
[2023-11-25 17:50:02,851] {logging_mixin.py:115} INFO - [2023-11-25 17:50:02,851] {dag.py:2420} INFO - Sync 1 DAGs
[2023-11-25 17:50:02,861] {logging_mixin.py:115} INFO - [2023-11-25 17:50:02,861] {dag.py:2439} INFO - Creating ORM DAG for ETL_toll_data
[2023-11-25 17:50:02,877] {logging_mixin.py:115} INFO - [2023-11-25 17:50:02,877] {dag.py:2972} INFO - Setting next_dagrun for ETL_toll_data to 2023-11-25T00:00:00+00:00, run_after=2023-11-26T00:00:00+00:00
[2023-11-25 17:50:02,891] {processor.py:161} INFO - Processing /home/project/airflow/dags/finalassignment/staging/ETL_toll_data2.py took 0.181 seconds
