[2023-11-25 17:48:55,684] {taskinstance.py:1179} INFO - Dependencies all met for <TaskInstance: ETL_toll_data2.consolidate_data manual__2023-11-25T17:48:49.188031+00:00 [queued]>
[2023-11-25 17:48:55,695] {taskinstance.py:1179} INFO - Dependencies all met for <TaskInstance: ETL_toll_data2.consolidate_data manual__2023-11-25T17:48:49.188031+00:00 [queued]>
[2023-11-25 17:48:55,695] {taskinstance.py:1376} INFO - 
--------------------------------------------------------------------------------
[2023-11-25 17:48:55,695] {taskinstance.py:1377} INFO - Starting attempt 1 of 2
[2023-11-25 17:48:55,695] {taskinstance.py:1378} INFO - 
--------------------------------------------------------------------------------
[2023-11-25 17:48:55,711] {taskinstance.py:1397} INFO - Executing <Task(BashOperator): consolidate_data> on 2023-11-25 17:48:49.188031+00:00
[2023-11-25 17:48:55,720] {standard_task_runner.py:52} INFO - Started process 1113 to run task
[2023-11-25 17:48:55,725] {standard_task_runner.py:79} INFO - Running: ['***', 'tasks', 'run', 'ETL_toll_data2', 'consolidate_data', 'manual__2023-11-25T17:48:49.188031+00:00', '--job-id', '18', '--raw', '--subdir', 'DAGS_FOLDER/finalassignment/staging/ETL_toll_data2.py', '--cfg-path', '/tmp/tmp4uv5lif1', '--error-file', '/tmp/tmppu2w78rj']
[2023-11-25 17:48:55,726] {standard_task_runner.py:80} INFO - Job 18: Subtask consolidate_data
[2023-11-25 17:48:55,832] {task_command.py:371} INFO - Running <TaskInstance: ETL_toll_data2.consolidate_data manual__2023-11-25T17:48:49.188031+00:00 [running]> on host 55fecb89de6d
[2023-11-25 17:48:55,934] {taskinstance.py:1591} INFO - Exporting the following env vars:
AIRFLOW_CTX_DAG_EMAIL=arti6076@gmail.com
AIRFLOW_CTX_DAG_OWNER=AN
AIRFLOW_CTX_DAG_ID=ETL_toll_data2
AIRFLOW_CTX_TASK_ID=consolidate_data
AIRFLOW_CTX_EXECUTION_DATE=2023-11-25T17:48:49.188031+00:00
AIRFLOW_CTX_TRY_NUMBER=1
AIRFLOW_CTX_DAG_RUN_ID=manual__2023-11-25T17:48:49.188031+00:00
[2023-11-25 17:48:55,936] {subprocess.py:62} INFO - Tmp dir root location: 
 /tmp
[2023-11-25 17:48:55,937] {subprocess.py:74} INFO - Running command: ['bash', '-c', 'paste -d "," /home/project/***/dags/finalassignment/staging/csv_data.csv /home/project/***/dags/finalassignment/staging/tsv_data.csv /home/project/***/dags/finalassignment/staging/fixed_width_data.csv > /home/project/***/dags/finalassignment/staging/extracted_data.csv']
[2023-11-25 17:48:55,961] {subprocess.py:85} INFO - Output:
[2023-11-25 17:48:55,975] {subprocess.py:96} INFO - Command exited with return code 0
[2023-11-25 17:48:56,044] {taskinstance.py:1420} INFO - Marking task as SUCCESS. dag_id=ETL_toll_data2, task_id=consolidate_data, execution_date=20231125T174849, start_date=20231125T174855, end_date=20231125T174856
[2023-11-25 17:48:56,103] {local_task_job.py:156} INFO - Task exited with return code 0
[2023-11-25 17:48:56,214] {local_task_job.py:273} INFO - 1 downstream tasks scheduled from follow-on schedule check
