[2023-11-25 17:44:16,533] {taskinstance.py:1179} INFO - Dependencies all met for <TaskInstance: ETL_toll_data2.unzip_data manual__2023-11-25T17:44:15.116676+00:00 [queued]>
[2023-11-25 17:44:16,549] {taskinstance.py:1179} INFO - Dependencies all met for <TaskInstance: ETL_toll_data2.unzip_data manual__2023-11-25T17:44:15.116676+00:00 [queued]>
[2023-11-25 17:44:16,549] {taskinstance.py:1376} INFO - 
--------------------------------------------------------------------------------
[2023-11-25 17:44:16,549] {taskinstance.py:1377} INFO - Starting attempt 1 of 2
[2023-11-25 17:44:16,549] {taskinstance.py:1378} INFO - 
--------------------------------------------------------------------------------
[2023-11-25 17:44:16,569] {taskinstance.py:1397} INFO - Executing <Task(BashOperator): unzip_data> on 2023-11-25 17:44:15.116676+00:00
[2023-11-25 17:44:16,580] {standard_task_runner.py:52} INFO - Started process 847 to run task
[2023-11-25 17:44:16,585] {standard_task_runner.py:79} INFO - Running: ['***', 'tasks', 'run', 'ETL_toll_data2', 'unzip_data', 'manual__2023-11-25T17:44:15.116676+00:00', '--job-id', '8', '--raw', '--subdir', 'DAGS_FOLDER/finalassignment/staging/ETL_toll_data2.py', '--cfg-path', '/tmp/tmpr3xhk_jv', '--error-file', '/tmp/tmpmjhq8s8s']
[2023-11-25 17:44:16,585] {standard_task_runner.py:80} INFO - Job 8: Subtask unzip_data
[2023-11-25 17:44:16,700] {task_command.py:371} INFO - Running <TaskInstance: ETL_toll_data2.unzip_data manual__2023-11-25T17:44:15.116676+00:00 [running]> on host 55fecb89de6d
[2023-11-25 17:44:16,808] {taskinstance.py:1591} INFO - Exporting the following env vars:
AIRFLOW_CTX_DAG_EMAIL=arti6076@gmail.com
AIRFLOW_CTX_DAG_OWNER=AN
AIRFLOW_CTX_DAG_ID=ETL_toll_data2
AIRFLOW_CTX_TASK_ID=unzip_data
AIRFLOW_CTX_EXECUTION_DATE=2023-11-25T17:44:15.116676+00:00
AIRFLOW_CTX_TRY_NUMBER=1
AIRFLOW_CTX_DAG_RUN_ID=manual__2023-11-25T17:44:15.116676+00:00
[2023-11-25 17:44:16,809] {subprocess.py:62} INFO - Tmp dir root location: 
 /tmp
[2023-11-25 17:44:16,810] {subprocess.py:74} INFO - Running command: ['bash', '-c', 'tar -xvzf /home/project/***/dags/finalassignment/tolldata.tgz -C /home/project/***/dags/finalassignment']
[2023-11-25 17:44:16,832] {subprocess.py:85} INFO - Output:
[2023-11-25 17:44:16,843] {subprocess.py:92} INFO - fileformats.txt
[2023-11-25 17:44:16,844] {subprocess.py:92} INFO - payment-data.txt
[2023-11-25 17:44:16,851] {subprocess.py:92} INFO - ._tollplaza-data.tsv
[2023-11-25 17:44:16,851] {subprocess.py:92} INFO - tollplaza-data.tsv
[2023-11-25 17:44:16,856] {subprocess.py:92} INFO - ._vehicle-data.csv
[2023-11-25 17:44:16,856] {subprocess.py:92} INFO - vehicle-data.csv
[2023-11-25 17:44:16,860] {subprocess.py:96} INFO - Command exited with return code 0
[2023-11-25 17:44:16,915] {taskinstance.py:1420} INFO - Marking task as SUCCESS. dag_id=ETL_toll_data2, task_id=unzip_data, execution_date=20231125T174415, start_date=20231125T174416, end_date=20231125T174416
[2023-11-25 17:44:16,956] {local_task_job.py:156} INFO - Task exited with return code 0
[2023-11-25 17:44:17,025] {local_task_job.py:273} INFO - 1 downstream tasks scheduled from follow-on schedule check
