[2023-11-25 17:44:23,237] {taskinstance.py:1179} INFO - Dependencies all met for <TaskInstance: ETL_toll_data2.consolidate_data manual__2023-11-25T17:44:15.116676+00:00 [queued]>
[2023-11-25 17:44:23,249] {taskinstance.py:1179} INFO - Dependencies all met for <TaskInstance: ETL_toll_data2.consolidate_data manual__2023-11-25T17:44:15.116676+00:00 [queued]>
[2023-11-25 17:44:23,249] {taskinstance.py:1376} INFO - 
--------------------------------------------------------------------------------
[2023-11-25 17:44:23,250] {taskinstance.py:1377} INFO - Starting attempt 1 of 2
[2023-11-25 17:44:23,250] {taskinstance.py:1378} INFO - 
--------------------------------------------------------------------------------
[2023-11-25 17:44:23,264] {taskinstance.py:1397} INFO - Executing <Task(BashOperator): consolidate_data> on 2023-11-25 17:44:15.116676+00:00
[2023-11-25 17:44:23,274] {standard_task_runner.py:52} INFO - Started process 877 to run task
[2023-11-25 17:44:23,291] {standard_task_runner.py:79} INFO - Running: ['***', 'tasks', 'run', 'ETL_toll_data2', 'consolidate_data', 'manual__2023-11-25T17:44:15.116676+00:00', '--job-id', '12', '--raw', '--subdir', 'DAGS_FOLDER/ETL_toll_data2.py', '--cfg-path', '/tmp/tmpue27sdrv', '--error-file', '/tmp/tmptyjxr8a9']
[2023-11-25 17:44:23,292] {standard_task_runner.py:80} INFO - Job 12: Subtask consolidate_data
[2023-11-25 17:44:23,535] {task_command.py:371} INFO - Running <TaskInstance: ETL_toll_data2.consolidate_data manual__2023-11-25T17:44:15.116676+00:00 [running]> on host 55fecb89de6d
[2023-11-25 17:44:23,684] {taskinstance.py:1591} INFO - Exporting the following env vars:
AIRFLOW_CTX_DAG_EMAIL=arti6076@gmail.com
AIRFLOW_CTX_DAG_OWNER=AN
AIRFLOW_CTX_DAG_ID=ETL_toll_data2
AIRFLOW_CTX_TASK_ID=consolidate_data
AIRFLOW_CTX_EXECUTION_DATE=2023-11-25T17:44:15.116676+00:00
AIRFLOW_CTX_TRY_NUMBER=1
AIRFLOW_CTX_DAG_RUN_ID=manual__2023-11-25T17:44:15.116676+00:00
[2023-11-25 17:44:23,686] {subprocess.py:62} INFO - Tmp dir root location: 
 /tmp
[2023-11-25 17:44:23,687] {subprocess.py:74} INFO - Running command: ['bash', '-c', 'paste -d "," /home/project/***/dags/finalassignment/staging/csv_data.csv /home/project/***/dags/finalassignment/staging/tsv_data.csv /home/project/***/dags/finalassignment/staging/fixed_width_data.csv > /home/project/***/dags/finalassignment/staging/extracted_data.csv']
[2023-11-25 17:44:23,710] {subprocess.py:85} INFO - Output:
[2023-11-25 17:44:23,722] {subprocess.py:96} INFO - Command exited with return code 0
[2023-11-25 17:44:23,773] {taskinstance.py:1420} INFO - Marking task as SUCCESS. dag_id=ETL_toll_data2, task_id=consolidate_data, execution_date=20231125T174415, start_date=20231125T174423, end_date=20231125T174423
[2023-11-25 17:44:23,811] {local_task_job.py:156} INFO - Task exited with return code 0
[2023-11-25 17:44:23,868] {local_task_job.py:273} INFO - 1 downstream tasks scheduled from follow-on schedule check
