[2023-11-25 17:53:36,577] {taskinstance.py:1179} INFO - Dependencies all met for <TaskInstance: ETL_toll_data.extract_data_from_csv manual__2023-11-25T17:53:34.346271+00:00 [queued]>
[2023-11-25 17:53:36,590] {taskinstance.py:1179} INFO - Dependencies all met for <TaskInstance: ETL_toll_data.extract_data_from_csv manual__2023-11-25T17:53:34.346271+00:00 [queued]>
[2023-11-25 17:53:36,590] {taskinstance.py:1376} INFO - 
--------------------------------------------------------------------------------
[2023-11-25 17:53:36,590] {taskinstance.py:1377} INFO - Starting attempt 1 of 2
[2023-11-25 17:53:36,590] {taskinstance.py:1378} INFO - 
--------------------------------------------------------------------------------
[2023-11-25 17:53:36,605] {taskinstance.py:1397} INFO - Executing <Task(BashOperator): extract_data_from_csv> on 2023-11-25 17:53:34.346271+00:00
[2023-11-25 17:53:36,615] {standard_task_runner.py:52} INFO - Started process 1334 to run task
[2023-11-25 17:53:36,620] {standard_task_runner.py:79} INFO - Running: ['***', 'tasks', 'run', 'ETL_toll_data', 'extract_data_from_csv', 'manual__2023-11-25T17:53:34.346271+00:00', '--job-id', '21', '--raw', '--subdir', 'DAGS_FOLDER/finalassignment/staging/ETL_toll_data.py', '--cfg-path', '/tmp/tmppydfzbxe', '--error-file', '/tmp/tmpe_dta_u6']
[2023-11-25 17:53:36,621] {standard_task_runner.py:80} INFO - Job 21: Subtask extract_data_from_csv
[2023-11-25 17:53:36,762] {task_command.py:371} INFO - Running <TaskInstance: ETL_toll_data.extract_data_from_csv manual__2023-11-25T17:53:34.346271+00:00 [running]> on host 55fecb89de6d
[2023-11-25 17:53:36,953] {taskinstance.py:1591} INFO - Exporting the following env vars:
AIRFLOW_CTX_DAG_EMAIL=an@dummy.com
AIRFLOW_CTX_DAG_OWNER=AN
AIRFLOW_CTX_DAG_ID=ETL_toll_data
AIRFLOW_CTX_TASK_ID=extract_data_from_csv
AIRFLOW_CTX_EXECUTION_DATE=2023-11-25T17:53:34.346271+00:00
AIRFLOW_CTX_TRY_NUMBER=1
AIRFLOW_CTX_DAG_RUN_ID=manual__2023-11-25T17:53:34.346271+00:00
[2023-11-25 17:53:36,954] {subprocess.py:62} INFO - Tmp dir root location: 
 /tmp
[2023-11-25 17:53:36,955] {subprocess.py:74} INFO - Running command: ['bash', '-c', 'cut -d"," -f1,2,3,4 /home/project/***/dags/finalassignment/vehicle-data.csv > /home/project/***/dags/finalassignment/staging/csv_data.csv']
[2023-11-25 17:53:36,979] {subprocess.py:85} INFO - Output:
[2023-11-25 17:53:36,990] {subprocess.py:96} INFO - Command exited with return code 0
[2023-11-25 17:53:37,048] {taskinstance.py:1420} INFO - Marking task as SUCCESS. dag_id=ETL_toll_data, task_id=extract_data_from_csv, execution_date=20231125T175334, start_date=20231125T175336, end_date=20231125T175337
[2023-11-25 17:53:37,112] {local_task_job.py:156} INFO - Task exited with return code 0
[2023-11-25 17:53:37,183] {local_task_job.py:273} INFO - 1 downstream tasks scheduled from follow-on schedule check
