[2023-11-25 17:44:21,250] {taskinstance.py:1179} INFO - Dependencies all met for <TaskInstance: ETL_toll_data2.extract_data_from_fixed_width manual__2023-11-25T17:44:15.116676+00:00 [queued]>
[2023-11-25 17:44:21,273] {taskinstance.py:1179} INFO - Dependencies all met for <TaskInstance: ETL_toll_data2.extract_data_from_fixed_width manual__2023-11-25T17:44:15.116676+00:00 [queued]>
[2023-11-25 17:44:21,273] {taskinstance.py:1376} INFO - 
--------------------------------------------------------------------------------
[2023-11-25 17:44:21,273] {taskinstance.py:1377} INFO - Starting attempt 1 of 2
[2023-11-25 17:44:21,273] {taskinstance.py:1378} INFO - 
--------------------------------------------------------------------------------
[2023-11-25 17:44:21,314] {taskinstance.py:1397} INFO - Executing <Task(BashOperator): extract_data_from_fixed_width> on 2023-11-25 17:44:15.116676+00:00
[2023-11-25 17:44:21,338] {standard_task_runner.py:52} INFO - Started process 868 to run task
[2023-11-25 17:44:21,352] {standard_task_runner.py:79} INFO - Running: ['***', 'tasks', 'run', 'ETL_toll_data2', 'extract_data_from_fixed_width', 'manual__2023-11-25T17:44:15.116676+00:00', '--job-id', '11', '--raw', '--subdir', 'DAGS_FOLDER/ETL_toll_data2.py', '--cfg-path', '/tmp/tmpacri3jyq', '--error-file', '/tmp/tmpi9x2cafu']
[2023-11-25 17:44:21,352] {standard_task_runner.py:80} INFO - Job 11: Subtask extract_data_from_fixed_width
[2023-11-25 17:44:21,734] {task_command.py:371} INFO - Running <TaskInstance: ETL_toll_data2.extract_data_from_fixed_width manual__2023-11-25T17:44:15.116676+00:00 [running]> on host 55fecb89de6d
[2023-11-25 17:44:22,054] {taskinstance.py:1591} INFO - Exporting the following env vars:
AIRFLOW_CTX_DAG_EMAIL=arti6076@gmail.com
AIRFLOW_CTX_DAG_OWNER=AN
AIRFLOW_CTX_DAG_ID=ETL_toll_data2
AIRFLOW_CTX_TASK_ID=extract_data_from_fixed_width
AIRFLOW_CTX_EXECUTION_DATE=2023-11-25T17:44:15.116676+00:00
AIRFLOW_CTX_TRY_NUMBER=1
AIRFLOW_CTX_DAG_RUN_ID=manual__2023-11-25T17:44:15.116676+00:00
[2023-11-25 17:44:22,056] {subprocess.py:62} INFO - Tmp dir root location: 
 /tmp
[2023-11-25 17:44:22,057] {subprocess.py:74} INFO - Running command: ['bash', '-c', 'cat /home/project/***/dags/finalassignment/payment-data.txt | tr -s "[:space:]" | cut -d " " -f11,12 | tr -s "[:blank:]" "," > /home/project/***/dags/finalassignment/staging/fixed_width_data.csv']
[2023-11-25 17:44:22,099] {subprocess.py:85} INFO - Output:
[2023-11-25 17:44:22,156] {subprocess.py:96} INFO - Command exited with return code 0
[2023-11-25 17:44:22,310] {taskinstance.py:1420} INFO - Marking task as SUCCESS. dag_id=ETL_toll_data2, task_id=extract_data_from_fixed_width, execution_date=20231125T174415, start_date=20231125T174421, end_date=20231125T174422
[2023-11-25 17:44:22,372] {local_task_job.py:156} INFO - Task exited with return code 0
[2023-11-25 17:44:22,431] {local_task_job.py:273} INFO - 1 downstream tasks scheduled from follow-on schedule check
