[2023-11-25 17:38:20,643] {processor.py:153} INFO - Started process (PID=1199) to work on /home/project/airflow/dags/ETL_toll_data2.py
[2023-11-25 17:38:20,644] {processor.py:641} INFO - Processing file /home/project/airflow/dags/ETL_toll_data2.py for tasks to queue
[2023-11-25 17:38:20,644] {logging_mixin.py:115} INFO - [2023-11-25 17:38:20,644] {dagbag.py:508} INFO - Filling up the DagBag from /home/project/airflow/dags/ETL_toll_data2.py
[2023-11-25 17:38:20,655] {processor.py:651} INFO - DAG(s) dict_keys(['ETL_toll_data2']) retrieved from /home/project/airflow/dags/ETL_toll_data2.py
[2023-11-25 17:38:20,815] {logging_mixin.py:115} INFO - [2023-11-25 17:38:20,815] {manager.py:508} INFO - Created Permission View: can delete on DAG:ETL_toll_data2
[2023-11-25 17:38:20,834] {logging_mixin.py:115} INFO - [2023-11-25 17:38:20,834] {manager.py:508} INFO - Created Permission View: can edit on DAG:ETL_toll_data2
[2023-11-25 17:38:20,842] {logging_mixin.py:115} INFO - [2023-11-25 17:38:20,842] {manager.py:508} INFO - Created Permission View: can read on DAG:ETL_toll_data2
[2023-11-25 17:38:20,842] {logging_mixin.py:115} INFO - [2023-11-25 17:38:20,842] {dag.py:2420} INFO - Sync 1 DAGs
[2023-11-25 17:38:20,859] {logging_mixin.py:115} INFO - [2023-11-25 17:38:20,859] {dag.py:2439} INFO - Creating ORM DAG for ETL_toll_data2
[2023-11-25 17:38:20,882] {logging_mixin.py:115} INFO - [2023-11-25 17:38:20,882] {dag.py:2972} INFO - Setting next_dagrun for ETL_toll_data2 to 2023-11-25T00:00:00+00:00, run_after=2023-11-26T00:00:00+00:00
[2023-11-25 17:38:20,911] {processor.py:161} INFO - Processing /home/project/airflow/dags/ETL_toll_data2.py took 0.273 seconds
[2023-11-25 17:38:51,033] {processor.py:153} INFO - Started process (PID=1253) to work on /home/project/airflow/dags/ETL_toll_data2.py
[2023-11-25 17:38:51,034] {processor.py:641} INFO - Processing file /home/project/airflow/dags/ETL_toll_data2.py for tasks to queue
[2023-11-25 17:38:51,035] {logging_mixin.py:115} INFO - [2023-11-25 17:38:51,035] {dagbag.py:508} INFO - Filling up the DagBag from /home/project/airflow/dags/ETL_toll_data2.py
[2023-11-25 17:38:51,045] {processor.py:651} INFO - DAG(s) dict_keys(['ETL_toll_data2']) retrieved from /home/project/airflow/dags/ETL_toll_data2.py
[2023-11-25 17:38:51,087] {logging_mixin.py:115} INFO - [2023-11-25 17:38:51,087] {dag.py:2420} INFO - Sync 1 DAGs
[2023-11-25 17:38:51,117] {logging_mixin.py:115} INFO - [2023-11-25 17:38:51,117] {dag.py:2972} INFO - Setting next_dagrun for ETL_toll_data2 to 2023-11-25T00:00:00+00:00, run_after=2023-11-26T00:00:00+00:00
[2023-11-25 17:38:51,129] {processor.py:161} INFO - Processing /home/project/airflow/dags/ETL_toll_data2.py took 0.101 seconds
[2023-11-25 17:39:21,619] {processor.py:153} INFO - Started process (PID=1316) to work on /home/project/airflow/dags/ETL_toll_data2.py
[2023-11-25 17:39:21,620] {processor.py:641} INFO - Processing file /home/project/airflow/dags/ETL_toll_data2.py for tasks to queue
[2023-11-25 17:39:21,620] {logging_mixin.py:115} INFO - [2023-11-25 17:39:21,620] {dagbag.py:508} INFO - Filling up the DagBag from /home/project/airflow/dags/ETL_toll_data2.py
[2023-11-25 17:39:21,628] {processor.py:651} INFO - DAG(s) dict_keys(['ETL_toll_data2']) retrieved from /home/project/airflow/dags/ETL_toll_data2.py
[2023-11-25 17:39:21,652] {logging_mixin.py:115} INFO - [2023-11-25 17:39:21,652] {dag.py:2420} INFO - Sync 1 DAGs
[2023-11-25 17:39:21,681] {logging_mixin.py:115} INFO - [2023-11-25 17:39:21,681] {dag.py:2972} INFO - Setting next_dagrun for ETL_toll_data2 to 2023-11-25T00:00:00+00:00, run_after=2023-11-26T00:00:00+00:00
[2023-11-25 17:39:21,694] {processor.py:161} INFO - Processing /home/project/airflow/dags/ETL_toll_data2.py took 0.079 seconds
[2023-11-25 17:39:52,372] {processor.py:153} INFO - Started process (PID=1370) to work on /home/project/airflow/dags/ETL_toll_data2.py
[2023-11-25 17:39:52,373] {processor.py:641} INFO - Processing file /home/project/airflow/dags/ETL_toll_data2.py for tasks to queue
[2023-11-25 17:39:52,373] {logging_mixin.py:115} INFO - [2023-11-25 17:39:52,373] {dagbag.py:508} INFO - Filling up the DagBag from /home/project/airflow/dags/ETL_toll_data2.py
[2023-11-25 17:39:52,382] {processor.py:651} INFO - DAG(s) dict_keys(['ETL_toll_data2']) retrieved from /home/project/airflow/dags/ETL_toll_data2.py
[2023-11-25 17:39:52,488] {logging_mixin.py:115} INFO - [2023-11-25 17:39:52,488] {dag.py:2420} INFO - Sync 1 DAGs
[2023-11-25 17:39:52,515] {logging_mixin.py:115} INFO - [2023-11-25 17:39:52,514] {dag.py:2972} INFO - Setting next_dagrun for ETL_toll_data2 to 2023-11-25T00:00:00+00:00, run_after=2023-11-26T00:00:00+00:00
[2023-11-25 17:39:52,529] {processor.py:161} INFO - Processing /home/project/airflow/dags/ETL_toll_data2.py took 0.161 seconds
[2023-11-25 17:40:23,144] {processor.py:153} INFO - Started process (PID=1432) to work on /home/project/airflow/dags/ETL_toll_data2.py
[2023-11-25 17:40:23,145] {processor.py:641} INFO - Processing file /home/project/airflow/dags/ETL_toll_data2.py for tasks to queue
[2023-11-25 17:40:23,145] {logging_mixin.py:115} INFO - [2023-11-25 17:40:23,145] {dagbag.py:508} INFO - Filling up the DagBag from /home/project/airflow/dags/ETL_toll_data2.py
[2023-11-25 17:40:23,157] {processor.py:651} INFO - DAG(s) dict_keys(['ETL_toll_data2']) retrieved from /home/project/airflow/dags/ETL_toll_data2.py
[2023-11-25 17:40:23,203] {logging_mixin.py:115} INFO - [2023-11-25 17:40:23,203] {dag.py:2420} INFO - Sync 1 DAGs
[2023-11-25 17:40:23,236] {logging_mixin.py:115} INFO - [2023-11-25 17:40:23,236] {dag.py:2972} INFO - Setting next_dagrun for ETL_toll_data2 to 2023-11-25T00:00:00+00:00, run_after=2023-11-26T00:00:00+00:00
[2023-11-25 17:40:23,249] {processor.py:161} INFO - Processing /home/project/airflow/dags/ETL_toll_data2.py took 0.111 seconds
[2023-11-25 17:40:53,737] {processor.py:153} INFO - Started process (PID=1495) to work on /home/project/airflow/dags/ETL_toll_data2.py
[2023-11-25 17:40:53,737] {processor.py:641} INFO - Processing file /home/project/airflow/dags/ETL_toll_data2.py for tasks to queue
[2023-11-25 17:40:53,738] {logging_mixin.py:115} INFO - [2023-11-25 17:40:53,738] {dagbag.py:508} INFO - Filling up the DagBag from /home/project/airflow/dags/ETL_toll_data2.py
[2023-11-25 17:40:53,748] {processor.py:651} INFO - DAG(s) dict_keys(['ETL_toll_data2']) retrieved from /home/project/airflow/dags/ETL_toll_data2.py
[2023-11-25 17:40:53,774] {logging_mixin.py:115} INFO - [2023-11-25 17:40:53,774] {dag.py:2420} INFO - Sync 1 DAGs
[2023-11-25 17:40:53,804] {logging_mixin.py:115} INFO - [2023-11-25 17:40:53,804] {dag.py:2972} INFO - Setting next_dagrun for ETL_toll_data2 to 2023-11-25T00:00:00+00:00, run_after=2023-11-26T00:00:00+00:00
[2023-11-25 17:40:53,817] {processor.py:161} INFO - Processing /home/project/airflow/dags/ETL_toll_data2.py took 0.085 seconds
[2023-11-25 17:41:24,392] {processor.py:153} INFO - Started process (PID=1549) to work on /home/project/airflow/dags/ETL_toll_data2.py
[2023-11-25 17:41:24,392] {processor.py:641} INFO - Processing file /home/project/airflow/dags/ETL_toll_data2.py for tasks to queue
[2023-11-25 17:41:24,393] {logging_mixin.py:115} INFO - [2023-11-25 17:41:24,393] {dagbag.py:508} INFO - Filling up the DagBag from /home/project/airflow/dags/ETL_toll_data2.py
[2023-11-25 17:41:24,402] {processor.py:651} INFO - DAG(s) dict_keys(['ETL_toll_data2']) retrieved from /home/project/airflow/dags/ETL_toll_data2.py
[2023-11-25 17:41:24,485] {logging_mixin.py:115} INFO - [2023-11-25 17:41:24,485] {dag.py:2420} INFO - Sync 1 DAGs
[2023-11-25 17:41:24,513] {logging_mixin.py:115} INFO - [2023-11-25 17:41:24,513] {dag.py:2972} INFO - Setting next_dagrun for ETL_toll_data2 to 2023-11-25T00:00:00+00:00, run_after=2023-11-26T00:00:00+00:00
[2023-11-25 17:41:24,528] {processor.py:161} INFO - Processing /home/project/airflow/dags/ETL_toll_data2.py took 0.141 seconds
[2023-11-25 17:41:55,384] {processor.py:153} INFO - Started process (PID=1613) to work on /home/project/airflow/dags/ETL_toll_data2.py
[2023-11-25 17:41:55,385] {processor.py:641} INFO - Processing file /home/project/airflow/dags/ETL_toll_data2.py for tasks to queue
[2023-11-25 17:41:55,385] {logging_mixin.py:115} INFO - [2023-11-25 17:41:55,385] {dagbag.py:508} INFO - Filling up the DagBag from /home/project/airflow/dags/ETL_toll_data2.py
[2023-11-25 17:41:55,394] {processor.py:651} INFO - DAG(s) dict_keys(['ETL_toll_data2']) retrieved from /home/project/airflow/dags/ETL_toll_data2.py
[2023-11-25 17:41:55,433] {logging_mixin.py:115} INFO - [2023-11-25 17:41:55,433] {dag.py:2420} INFO - Sync 1 DAGs
[2023-11-25 17:41:55,461] {logging_mixin.py:115} INFO - [2023-11-25 17:41:55,460] {dag.py:2972} INFO - Setting next_dagrun for ETL_toll_data2 to 2023-11-25T00:00:00+00:00, run_after=2023-11-26T00:00:00+00:00
[2023-11-25 17:41:55,473] {processor.py:161} INFO - Processing /home/project/airflow/dags/ETL_toll_data2.py took 0.094 seconds
[2023-11-25 17:42:26,139] {processor.py:153} INFO - Started process (PID=1675) to work on /home/project/airflow/dags/ETL_toll_data2.py
[2023-11-25 17:42:26,140] {processor.py:641} INFO - Processing file /home/project/airflow/dags/ETL_toll_data2.py for tasks to queue
[2023-11-25 17:42:26,140] {logging_mixin.py:115} INFO - [2023-11-25 17:42:26,140] {dagbag.py:508} INFO - Filling up the DagBag from /home/project/airflow/dags/ETL_toll_data2.py
[2023-11-25 17:42:26,149] {processor.py:651} INFO - DAG(s) dict_keys(['ETL_toll_data2']) retrieved from /home/project/airflow/dags/ETL_toll_data2.py
[2023-11-25 17:42:26,173] {logging_mixin.py:115} INFO - [2023-11-25 17:42:26,173] {dag.py:2420} INFO - Sync 1 DAGs
[2023-11-25 17:42:26,203] {logging_mixin.py:115} INFO - [2023-11-25 17:42:26,203] {dag.py:2972} INFO - Setting next_dagrun for ETL_toll_data2 to 2023-11-25T00:00:00+00:00, run_after=2023-11-26T00:00:00+00:00
[2023-11-25 17:42:26,215] {processor.py:161} INFO - Processing /home/project/airflow/dags/ETL_toll_data2.py took 0.081 seconds
[2023-11-25 17:42:47,392] {processor.py:153} INFO - Started process (PID=1713) to work on /home/project/airflow/dags/ETL_toll_data2.py
[2023-11-25 17:42:47,393] {processor.py:641} INFO - Processing file /home/project/airflow/dags/ETL_toll_data2.py for tasks to queue
[2023-11-25 17:42:47,394] {logging_mixin.py:115} INFO - [2023-11-25 17:42:47,394] {dagbag.py:508} INFO - Filling up the DagBag from /home/project/airflow/dags/ETL_toll_data2.py
[2023-11-25 17:42:47,403] {processor.py:651} INFO - DAG(s) dict_keys(['ETL_toll_data2']) retrieved from /home/project/airflow/dags/ETL_toll_data2.py
[2023-11-25 17:42:47,427] {logging_mixin.py:115} INFO - [2023-11-25 17:42:47,427] {dag.py:2420} INFO - Sync 1 DAGs
[2023-11-25 17:42:47,457] {logging_mixin.py:115} INFO - [2023-11-25 17:42:47,457] {dag.py:2972} INFO - Setting next_dagrun for ETL_toll_data2 to 2023-11-25T00:00:00+00:00, run_after=2023-11-26T00:00:00+00:00
[2023-11-25 17:42:47,472] {processor.py:161} INFO - Processing /home/project/airflow/dags/ETL_toll_data2.py took 0.085 seconds
[2023-11-25 17:43:18,029] {processor.py:153} INFO - Started process (PID=1767) to work on /home/project/airflow/dags/ETL_toll_data2.py
[2023-11-25 17:43:18,030] {processor.py:641} INFO - Processing file /home/project/airflow/dags/ETL_toll_data2.py for tasks to queue
[2023-11-25 17:43:18,031] {logging_mixin.py:115} INFO - [2023-11-25 17:43:18,031] {dagbag.py:508} INFO - Filling up the DagBag from /home/project/airflow/dags/ETL_toll_data2.py
[2023-11-25 17:43:18,041] {processor.py:651} INFO - DAG(s) dict_keys(['ETL_toll_data2']) retrieved from /home/project/airflow/dags/ETL_toll_data2.py
[2023-11-25 17:43:18,137] {logging_mixin.py:115} INFO - [2023-11-25 17:43:18,137] {dag.py:2420} INFO - Sync 1 DAGs
[2023-11-25 17:43:18,164] {logging_mixin.py:115} INFO - [2023-11-25 17:43:18,164] {dag.py:2972} INFO - Setting next_dagrun for ETL_toll_data2 to 2023-11-25T00:00:00+00:00, run_after=2023-11-26T00:00:00+00:00
[2023-11-25 17:43:18,180] {processor.py:161} INFO - Processing /home/project/airflow/dags/ETL_toll_data2.py took 0.156 seconds
[2023-11-25 17:43:48,771] {processor.py:153} INFO - Started process (PID=1830) to work on /home/project/airflow/dags/ETL_toll_data2.py
[2023-11-25 17:43:48,772] {processor.py:641} INFO - Processing file /home/project/airflow/dags/ETL_toll_data2.py for tasks to queue
[2023-11-25 17:43:48,773] {logging_mixin.py:115} INFO - [2023-11-25 17:43:48,773] {dagbag.py:508} INFO - Filling up the DagBag from /home/project/airflow/dags/ETL_toll_data2.py
[2023-11-25 17:43:48,783] {processor.py:651} INFO - DAG(s) dict_keys(['ETL_toll_data2']) retrieved from /home/project/airflow/dags/ETL_toll_data2.py
[2023-11-25 17:43:48,825] {logging_mixin.py:115} INFO - [2023-11-25 17:43:48,825] {dag.py:2420} INFO - Sync 1 DAGs
[2023-11-25 17:43:48,856] {logging_mixin.py:115} INFO - [2023-11-25 17:43:48,856] {dag.py:2972} INFO - Setting next_dagrun for ETL_toll_data2 to 2023-11-25T00:00:00+00:00, run_after=2023-11-26T00:00:00+00:00
[2023-11-25 17:43:48,868] {processor.py:161} INFO - Processing /home/project/airflow/dags/ETL_toll_data2.py took 0.102 seconds
[2023-11-25 17:44:19,501] {processor.py:153} INFO - Started process (PID=1894) to work on /home/project/airflow/dags/ETL_toll_data2.py
[2023-11-25 17:44:19,510] {processor.py:641} INFO - Processing file /home/project/airflow/dags/ETL_toll_data2.py for tasks to queue
[2023-11-25 17:44:19,511] {logging_mixin.py:115} INFO - [2023-11-25 17:44:19,511] {dagbag.py:508} INFO - Filling up the DagBag from /home/project/airflow/dags/ETL_toll_data2.py
[2023-11-25 17:44:19,520] {processor.py:651} INFO - DAG(s) dict_keys(['ETL_toll_data2']) retrieved from /home/project/airflow/dags/ETL_toll_data2.py
[2023-11-25 17:44:19,571] {logging_mixin.py:115} INFO - [2023-11-25 17:44:19,570] {dag.py:2420} INFO - Sync 1 DAGs
[2023-11-25 17:44:19,612] {logging_mixin.py:115} INFO - [2023-11-25 17:44:19,612] {dag.py:2972} INFO - Setting next_dagrun for ETL_toll_data2 to 2023-11-25T00:00:00+00:00, run_after=2023-11-26T00:00:00+00:00
[2023-11-25 17:44:19,634] {processor.py:161} INFO - Processing /home/project/airflow/dags/ETL_toll_data2.py took 0.138 seconds
[2023-11-25 17:44:50,431] {processor.py:153} INFO - Started process (PID=1950) to work on /home/project/airflow/dags/ETL_toll_data2.py
[2023-11-25 17:44:50,432] {processor.py:641} INFO - Processing file /home/project/airflow/dags/ETL_toll_data2.py for tasks to queue
[2023-11-25 17:44:50,432] {logging_mixin.py:115} INFO - [2023-11-25 17:44:50,432] {dagbag.py:508} INFO - Filling up the DagBag from /home/project/airflow/dags/ETL_toll_data2.py
[2023-11-25 17:44:50,444] {processor.py:651} INFO - DAG(s) dict_keys(['ETL_toll_data2']) retrieved from /home/project/airflow/dags/ETL_toll_data2.py
[2023-11-25 17:44:50,469] {logging_mixin.py:115} INFO - [2023-11-25 17:44:50,469] {dag.py:2420} INFO - Sync 1 DAGs
[2023-11-25 17:44:50,500] {logging_mixin.py:115} INFO - [2023-11-25 17:44:50,500] {dag.py:2972} INFO - Setting next_dagrun for ETL_toll_data2 to 2023-11-25T00:00:00+00:00, run_after=2023-11-26T00:00:00+00:00
[2023-11-25 17:44:50,513] {processor.py:161} INFO - Processing /home/project/airflow/dags/ETL_toll_data2.py took 0.088 seconds
[2023-11-25 17:45:21,060] {processor.py:153} INFO - Started process (PID=2013) to work on /home/project/airflow/dags/ETL_toll_data2.py
[2023-11-25 17:45:21,061] {processor.py:641} INFO - Processing file /home/project/airflow/dags/ETL_toll_data2.py for tasks to queue
[2023-11-25 17:45:21,062] {logging_mixin.py:115} INFO - [2023-11-25 17:45:21,062] {dagbag.py:508} INFO - Filling up the DagBag from /home/project/airflow/dags/ETL_toll_data2.py
[2023-11-25 17:45:21,077] {processor.py:651} INFO - DAG(s) dict_keys(['ETL_toll_data2']) retrieved from /home/project/airflow/dags/ETL_toll_data2.py
[2023-11-25 17:45:21,164] {logging_mixin.py:115} INFO - [2023-11-25 17:45:21,164] {dag.py:2420} INFO - Sync 1 DAGs
[2023-11-25 17:45:21,196] {logging_mixin.py:115} INFO - [2023-11-25 17:45:21,196] {dag.py:2972} INFO - Setting next_dagrun for ETL_toll_data2 to 2023-11-25T00:00:00+00:00, run_after=2023-11-26T00:00:00+00:00
[2023-11-25 17:45:21,215] {processor.py:161} INFO - Processing /home/project/airflow/dags/ETL_toll_data2.py took 0.160 seconds
[2023-11-25 17:45:51,863] {processor.py:153} INFO - Started process (PID=2067) to work on /home/project/airflow/dags/ETL_toll_data2.py
[2023-11-25 17:45:51,864] {processor.py:641} INFO - Processing file /home/project/airflow/dags/ETL_toll_data2.py for tasks to queue
[2023-11-25 17:45:51,865] {logging_mixin.py:115} INFO - [2023-11-25 17:45:51,865] {dagbag.py:508} INFO - Filling up the DagBag from /home/project/airflow/dags/ETL_toll_data2.py
[2023-11-25 17:45:51,875] {processor.py:651} INFO - DAG(s) dict_keys(['ETL_toll_data2']) retrieved from /home/project/airflow/dags/ETL_toll_data2.py
[2023-11-25 17:45:51,915] {logging_mixin.py:115} INFO - [2023-11-25 17:45:51,915] {dag.py:2420} INFO - Sync 1 DAGs
[2023-11-25 17:45:51,945] {logging_mixin.py:115} INFO - [2023-11-25 17:45:51,945] {dag.py:2972} INFO - Setting next_dagrun for ETL_toll_data2 to 2023-11-25T00:00:00+00:00, run_after=2023-11-26T00:00:00+00:00
[2023-11-25 17:45:51,959] {processor.py:161} INFO - Processing /home/project/airflow/dags/ETL_toll_data2.py took 0.101 seconds
[2023-11-25 17:46:22,075] {processor.py:153} INFO - Started process (PID=2130) to work on /home/project/airflow/dags/ETL_toll_data2.py
[2023-11-25 17:46:22,076] {processor.py:641} INFO - Processing file /home/project/airflow/dags/ETL_toll_data2.py for tasks to queue
[2023-11-25 17:46:22,076] {logging_mixin.py:115} INFO - [2023-11-25 17:46:22,076] {dagbag.py:508} INFO - Filling up the DagBag from /home/project/airflow/dags/ETL_toll_data2.py
[2023-11-25 17:46:22,086] {processor.py:651} INFO - DAG(s) dict_keys(['ETL_toll_data2']) retrieved from /home/project/airflow/dags/ETL_toll_data2.py
[2023-11-25 17:46:22,111] {logging_mixin.py:115} INFO - [2023-11-25 17:46:22,111] {dag.py:2420} INFO - Sync 1 DAGs
[2023-11-25 17:46:22,140] {logging_mixin.py:115} INFO - [2023-11-25 17:46:22,140] {dag.py:2972} INFO - Setting next_dagrun for ETL_toll_data2 to 2023-11-25T00:00:00+00:00, run_after=2023-11-26T00:00:00+00:00
[2023-11-25 17:46:22,153] {processor.py:161} INFO - Processing /home/project/airflow/dags/ETL_toll_data2.py took 0.084 seconds
[2023-11-25 17:46:52,652] {processor.py:153} INFO - Started process (PID=2192) to work on /home/project/airflow/dags/ETL_toll_data2.py
[2023-11-25 17:46:52,653] {processor.py:641} INFO - Processing file /home/project/airflow/dags/ETL_toll_data2.py for tasks to queue
[2023-11-25 17:46:52,654] {logging_mixin.py:115} INFO - [2023-11-25 17:46:52,653] {dagbag.py:508} INFO - Filling up the DagBag from /home/project/airflow/dags/ETL_toll_data2.py
[2023-11-25 17:46:52,664] {processor.py:651} INFO - DAG(s) dict_keys(['ETL_toll_data2']) retrieved from /home/project/airflow/dags/ETL_toll_data2.py
[2023-11-25 17:46:52,750] {logging_mixin.py:115} INFO - [2023-11-25 17:46:52,750] {dag.py:2420} INFO - Sync 1 DAGs
[2023-11-25 17:46:52,779] {logging_mixin.py:115} INFO - [2023-11-25 17:46:52,779] {dag.py:2972} INFO - Setting next_dagrun for ETL_toll_data2 to 2023-11-25T00:00:00+00:00, run_after=2023-11-26T00:00:00+00:00
[2023-11-25 17:46:52,793] {processor.py:161} INFO - Processing /home/project/airflow/dags/ETL_toll_data2.py took 0.146 seconds
[2023-11-25 17:47:23,164] {processor.py:153} INFO - Started process (PID=2246) to work on /home/project/airflow/dags/ETL_toll_data2.py
[2023-11-25 17:47:23,165] {processor.py:641} INFO - Processing file /home/project/airflow/dags/ETL_toll_data2.py for tasks to queue
[2023-11-25 17:47:23,166] {logging_mixin.py:115} INFO - [2023-11-25 17:47:23,165] {dagbag.py:508} INFO - Filling up the DagBag from /home/project/airflow/dags/ETL_toll_data2.py
[2023-11-25 17:47:23,175] {processor.py:651} INFO - DAG(s) dict_keys(['ETL_toll_data2']) retrieved from /home/project/airflow/dags/ETL_toll_data2.py
[2023-11-25 17:47:23,215] {logging_mixin.py:115} INFO - [2023-11-25 17:47:23,215] {dag.py:2420} INFO - Sync 1 DAGs
[2023-11-25 17:47:23,243] {logging_mixin.py:115} INFO - [2023-11-25 17:47:23,243] {dag.py:2972} INFO - Setting next_dagrun for ETL_toll_data2 to 2023-11-25T00:00:00+00:00, run_after=2023-11-26T00:00:00+00:00
[2023-11-25 17:47:23,256] {processor.py:161} INFO - Processing /home/project/airflow/dags/ETL_toll_data2.py took 0.096 seconds
[2023-11-25 17:47:53,595] {processor.py:153} INFO - Started process (PID=2309) to work on /home/project/airflow/dags/ETL_toll_data2.py
[2023-11-25 17:47:53,596] {processor.py:641} INFO - Processing file /home/project/airflow/dags/ETL_toll_data2.py for tasks to queue
[2023-11-25 17:47:53,597] {logging_mixin.py:115} INFO - [2023-11-25 17:47:53,597] {dagbag.py:508} INFO - Filling up the DagBag from /home/project/airflow/dags/ETL_toll_data2.py
[2023-11-25 17:47:53,607] {processor.py:651} INFO - DAG(s) dict_keys(['ETL_toll_data2']) retrieved from /home/project/airflow/dags/ETL_toll_data2.py
[2023-11-25 17:47:53,630] {logging_mixin.py:115} INFO - [2023-11-25 17:47:53,630] {dag.py:2420} INFO - Sync 1 DAGs
[2023-11-25 17:47:53,660] {logging_mixin.py:115} INFO - [2023-11-25 17:47:53,659] {dag.py:2972} INFO - Setting next_dagrun for ETL_toll_data2 to 2023-11-25T00:00:00+00:00, run_after=2023-11-26T00:00:00+00:00
[2023-11-25 17:47:53,673] {processor.py:161} INFO - Processing /home/project/airflow/dags/ETL_toll_data2.py took 0.082 seconds
[2023-11-25 17:48:24,592] {processor.py:153} INFO - Started process (PID=2372) to work on /home/project/airflow/dags/ETL_toll_data2.py
[2023-11-25 17:48:24,593] {processor.py:641} INFO - Processing file /home/project/airflow/dags/ETL_toll_data2.py for tasks to queue
[2023-11-25 17:48:24,594] {logging_mixin.py:115} INFO - [2023-11-25 17:48:24,594] {dagbag.py:508} INFO - Filling up the DagBag from /home/project/airflow/dags/ETL_toll_data2.py
[2023-11-25 17:48:24,607] {processor.py:651} INFO - DAG(s) dict_keys(['ETL_toll_data2']) retrieved from /home/project/airflow/dags/ETL_toll_data2.py
[2023-11-25 17:48:24,698] {logging_mixin.py:115} INFO - [2023-11-25 17:48:24,698] {dag.py:2420} INFO - Sync 1 DAGs
[2023-11-25 17:48:24,722] {logging_mixin.py:115} INFO - [2023-11-25 17:48:24,722] {dag.py:2972} INFO - Setting next_dagrun for ETL_toll_data2 to 2023-11-25T00:00:00+00:00, run_after=2023-11-26T00:00:00+00:00
[2023-11-25 17:48:24,736] {processor.py:161} INFO - Processing /home/project/airflow/dags/ETL_toll_data2.py took 0.150 seconds
[2023-11-25 17:48:54,941] {processor.py:153} INFO - Started process (PID=2430) to work on /home/project/airflow/dags/ETL_toll_data2.py
[2023-11-25 17:48:54,950] {processor.py:641} INFO - Processing file /home/project/airflow/dags/ETL_toll_data2.py for tasks to queue
[2023-11-25 17:48:54,951] {logging_mixin.py:115} INFO - [2023-11-25 17:48:54,951] {dagbag.py:508} INFO - Filling up the DagBag from /home/project/airflow/dags/ETL_toll_data2.py
[2023-11-25 17:48:54,960] {processor.py:651} INFO - DAG(s) dict_keys(['ETL_toll_data2']) retrieved from /home/project/airflow/dags/ETL_toll_data2.py
[2023-11-25 17:48:55,053] {logging_mixin.py:115} INFO - [2023-11-25 17:48:55,053] {dag.py:2420} INFO - Sync 1 DAGs
[2023-11-25 17:48:55,133] {logging_mixin.py:115} INFO - [2023-11-25 17:48:55,133] {dag.py:2972} INFO - Setting next_dagrun for ETL_toll_data2 to 2023-11-25T00:00:00+00:00, run_after=2023-11-26T00:00:00+00:00
[2023-11-25 17:48:55,190] {processor.py:161} INFO - Processing /home/project/airflow/dags/ETL_toll_data2.py took 0.254 seconds
[2023-11-25 17:49:25,687] {processor.py:153} INFO - Started process (PID=2493) to work on /home/project/airflow/dags/ETL_toll_data2.py
[2023-11-25 17:49:25,688] {processor.py:641} INFO - Processing file /home/project/airflow/dags/ETL_toll_data2.py for tasks to queue
[2023-11-25 17:49:25,689] {logging_mixin.py:115} INFO - [2023-11-25 17:49:25,689] {dagbag.py:508} INFO - Filling up the DagBag from /home/project/airflow/dags/ETL_toll_data2.py
[2023-11-25 17:49:25,698] {processor.py:651} INFO - DAG(s) dict_keys(['ETL_toll_data2']) retrieved from /home/project/airflow/dags/ETL_toll_data2.py
[2023-11-25 17:49:25,722] {logging_mixin.py:115} INFO - [2023-11-25 17:49:25,722] {dag.py:2420} INFO - Sync 1 DAGs
[2023-11-25 17:49:25,751] {logging_mixin.py:115} INFO - [2023-11-25 17:49:25,751] {dag.py:2972} INFO - Setting next_dagrun for ETL_toll_data2 to 2023-11-25T00:00:00+00:00, run_after=2023-11-26T00:00:00+00:00
[2023-11-25 17:49:25,765] {processor.py:161} INFO - Processing /home/project/airflow/dags/ETL_toll_data2.py took 0.082 seconds
[2023-11-25 17:49:56,044] {processor.py:153} INFO - Started process (PID=2556) to work on /home/project/airflow/dags/ETL_toll_data2.py
[2023-11-25 17:49:56,045] {processor.py:641} INFO - Processing file /home/project/airflow/dags/ETL_toll_data2.py for tasks to queue
[2023-11-25 17:49:56,046] {logging_mixin.py:115} INFO - [2023-11-25 17:49:56,046] {dagbag.py:508} INFO - Filling up the DagBag from /home/project/airflow/dags/ETL_toll_data2.py
[2023-11-25 17:49:56,054] {processor.py:651} INFO - DAG(s) dict_keys(['ETL_toll_data2']) retrieved from /home/project/airflow/dags/ETL_toll_data2.py
[2023-11-25 17:49:56,148] {logging_mixin.py:115} INFO - [2023-11-25 17:49:56,148] {dag.py:2420} INFO - Sync 1 DAGs
[2023-11-25 17:49:56,173] {logging_mixin.py:115} INFO - [2023-11-25 17:49:56,173] {dag.py:2972} INFO - Setting next_dagrun for ETL_toll_data2 to 2023-11-25T00:00:00+00:00, run_after=2023-11-26T00:00:00+00:00
[2023-11-25 17:49:56,196] {processor.py:161} INFO - Processing /home/project/airflow/dags/ETL_toll_data2.py took 0.157 seconds
[2023-11-25 17:50:26,377] {processor.py:153} INFO - Started process (PID=2610) to work on /home/project/airflow/dags/ETL_toll_data2.py
[2023-11-25 17:50:26,378] {processor.py:641} INFO - Processing file /home/project/airflow/dags/ETL_toll_data2.py for tasks to queue
[2023-11-25 17:50:26,378] {logging_mixin.py:115} INFO - [2023-11-25 17:50:26,378] {dagbag.py:508} INFO - Filling up the DagBag from /home/project/airflow/dags/ETL_toll_data2.py
[2023-11-25 17:50:26,387] {processor.py:651} INFO - DAG(s) dict_keys(['ETL_toll_data2']) retrieved from /home/project/airflow/dags/ETL_toll_data2.py
[2023-11-25 17:50:26,427] {logging_mixin.py:115} INFO - [2023-11-25 17:50:26,427] {dag.py:2420} INFO - Sync 1 DAGs
[2023-11-25 17:50:26,457] {logging_mixin.py:115} INFO - [2023-11-25 17:50:26,457] {dag.py:2972} INFO - Setting next_dagrun for ETL_toll_data2 to 2023-11-25T00:00:00+00:00, run_after=2023-11-26T00:00:00+00:00
[2023-11-25 17:50:26,470] {processor.py:161} INFO - Processing /home/project/airflow/dags/ETL_toll_data2.py took 0.098 seconds
[2023-11-25 17:50:56,991] {processor.py:153} INFO - Started process (PID=2672) to work on /home/project/airflow/dags/ETL_toll_data2.py
[2023-11-25 17:50:56,992] {processor.py:641} INFO - Processing file /home/project/airflow/dags/ETL_toll_data2.py for tasks to queue
[2023-11-25 17:50:56,993] {logging_mixin.py:115} INFO - [2023-11-25 17:50:56,993] {dagbag.py:508} INFO - Filling up the DagBag from /home/project/airflow/dags/ETL_toll_data2.py
[2023-11-25 17:50:57,001] {processor.py:651} INFO - DAG(s) dict_keys(['ETL_toll_data2']) retrieved from /home/project/airflow/dags/ETL_toll_data2.py
[2023-11-25 17:50:57,045] {logging_mixin.py:115} INFO - [2023-11-25 17:50:57,045] {dag.py:2420} INFO - Sync 1 DAGs
[2023-11-25 17:50:57,074] {logging_mixin.py:115} INFO - [2023-11-25 17:50:57,074] {dag.py:2972} INFO - Setting next_dagrun for ETL_toll_data2 to 2023-11-25T00:00:00+00:00, run_after=2023-11-26T00:00:00+00:00
[2023-11-25 17:50:57,087] {processor.py:161} INFO - Processing /home/project/airflow/dags/ETL_toll_data2.py took 0.100 seconds
[2023-11-25 17:51:27,422] {processor.py:153} INFO - Started process (PID=2725) to work on /home/project/airflow/dags/ETL_toll_data2.py
[2023-11-25 17:51:27,423] {processor.py:641} INFO - Processing file /home/project/airflow/dags/ETL_toll_data2.py for tasks to queue
[2023-11-25 17:51:27,424] {logging_mixin.py:115} INFO - [2023-11-25 17:51:27,423] {dagbag.py:508} INFO - Filling up the DagBag from /home/project/airflow/dags/ETL_toll_data2.py
[2023-11-25 17:51:27,434] {processor.py:651} INFO - DAG(s) dict_keys(['ETL_toll_data2']) retrieved from /home/project/airflow/dags/ETL_toll_data2.py
[2023-11-25 17:51:27,475] {logging_mixin.py:115} INFO - [2023-11-25 17:51:27,475] {dag.py:2420} INFO - Sync 1 DAGs
[2023-11-25 17:51:27,505] {logging_mixin.py:115} INFO - [2023-11-25 17:51:27,505] {dag.py:2972} INFO - Setting next_dagrun for ETL_toll_data2 to 2023-11-25T00:00:00+00:00, run_after=2023-11-26T00:00:00+00:00
[2023-11-25 17:51:27,521] {processor.py:161} INFO - Processing /home/project/airflow/dags/ETL_toll_data2.py took 0.104 seconds
[2023-11-25 17:51:57,890] {processor.py:153} INFO - Started process (PID=2787) to work on /home/project/airflow/dags/ETL_toll_data2.py
[2023-11-25 17:51:57,891] {processor.py:641} INFO - Processing file /home/project/airflow/dags/ETL_toll_data2.py for tasks to queue
[2023-11-25 17:51:57,891] {logging_mixin.py:115} INFO - [2023-11-25 17:51:57,891] {dagbag.py:508} INFO - Filling up the DagBag from /home/project/airflow/dags/ETL_toll_data2.py
[2023-11-25 17:51:57,901] {processor.py:651} INFO - DAG(s) dict_keys(['ETL_toll_data2']) retrieved from /home/project/airflow/dags/ETL_toll_data2.py
[2023-11-25 17:51:57,945] {logging_mixin.py:115} INFO - [2023-11-25 17:51:57,945] {dag.py:2420} INFO - Sync 1 DAGs
[2023-11-25 17:51:57,976] {logging_mixin.py:115} INFO - [2023-11-25 17:51:57,976] {dag.py:2972} INFO - Setting next_dagrun for ETL_toll_data2 to 2023-11-25T00:00:00+00:00, run_after=2023-11-26T00:00:00+00:00
[2023-11-25 17:51:57,991] {processor.py:161} INFO - Processing /home/project/airflow/dags/ETL_toll_data2.py took 0.107 seconds
[2023-11-25 17:52:28,407] {processor.py:153} INFO - Started process (PID=2840) to work on /home/project/airflow/dags/ETL_toll_data2.py
[2023-11-25 17:52:28,408] {processor.py:641} INFO - Processing file /home/project/airflow/dags/ETL_toll_data2.py for tasks to queue
[2023-11-25 17:52:28,408] {logging_mixin.py:115} INFO - [2023-11-25 17:52:28,408] {dagbag.py:508} INFO - Filling up the DagBag from /home/project/airflow/dags/ETL_toll_data2.py
[2023-11-25 17:52:28,418] {processor.py:651} INFO - DAG(s) dict_keys(['ETL_toll_data2']) retrieved from /home/project/airflow/dags/ETL_toll_data2.py
[2023-11-25 17:52:28,458] {logging_mixin.py:115} INFO - [2023-11-25 17:52:28,458] {dag.py:2420} INFO - Sync 1 DAGs
[2023-11-25 17:52:28,490] {logging_mixin.py:115} INFO - [2023-11-25 17:52:28,490] {dag.py:2972} INFO - Setting next_dagrun for ETL_toll_data2 to 2023-11-25T00:00:00+00:00, run_after=2023-11-26T00:00:00+00:00
[2023-11-25 17:52:28,504] {processor.py:161} INFO - Processing /home/project/airflow/dags/ETL_toll_data2.py took 0.102 seconds
