[2023-11-25 17:53:39,181] {taskinstance.py:1179} INFO - Dependencies all met for <TaskInstance: ETL_toll_data.extract_data_from_fixed_width manual__2023-11-25T17:53:34.346271+00:00 [queued]>
[2023-11-25 17:53:39,195] {taskinstance.py:1179} INFO - Dependencies all met for <TaskInstance: ETL_toll_data.extract_data_from_fixed_width manual__2023-11-25T17:53:34.346271+00:00 [queued]>
[2023-11-25 17:53:39,195] {taskinstance.py:1376} INFO - 
--------------------------------------------------------------------------------
[2023-11-25 17:53:39,195] {taskinstance.py:1377} INFO - Starting attempt 1 of 2
[2023-11-25 17:53:39,196] {taskinstance.py:1378} INFO - 
--------------------------------------------------------------------------------
[2023-11-25 17:53:39,216] {taskinstance.py:1397} INFO - Executing <Task(BashOperator): extract_data_from_fixed_width> on 2023-11-25 17:53:34.346271+00:00
[2023-11-25 17:53:39,271] {standard_task_runner.py:52} INFO - Started process 1344 to run task
[2023-11-25 17:53:39,276] {standard_task_runner.py:79} INFO - Running: ['***', 'tasks', 'run', 'ETL_toll_data', 'extract_data_from_fixed_width', 'manual__2023-11-25T17:53:34.346271+00:00', '--job-id', '23', '--raw', '--subdir', 'DAGS_FOLDER/finalassignment/staging/ETL_toll_data.py', '--cfg-path', '/tmp/tmp7gz06tfq', '--error-file', '/tmp/tmpj21ayii1']
[2023-11-25 17:53:39,277] {standard_task_runner.py:80} INFO - Job 23: Subtask extract_data_from_fixed_width
[2023-11-25 17:53:39,393] {task_command.py:371} INFO - Running <TaskInstance: ETL_toll_data.extract_data_from_fixed_width manual__2023-11-25T17:53:34.346271+00:00 [running]> on host 55fecb89de6d
[2023-11-25 17:53:39,497] {taskinstance.py:1591} INFO - Exporting the following env vars:
AIRFLOW_CTX_DAG_EMAIL=an@dummy.com
AIRFLOW_CTX_DAG_OWNER=AN
AIRFLOW_CTX_DAG_ID=ETL_toll_data
AIRFLOW_CTX_TASK_ID=extract_data_from_fixed_width
AIRFLOW_CTX_EXECUTION_DATE=2023-11-25T17:53:34.346271+00:00
AIRFLOW_CTX_TRY_NUMBER=1
AIRFLOW_CTX_DAG_RUN_ID=manual__2023-11-25T17:53:34.346271+00:00
[2023-11-25 17:53:39,498] {subprocess.py:62} INFO - Tmp dir root location: 
 /tmp
[2023-11-25 17:53:39,499] {subprocess.py:74} INFO - Running command: ['bash', '-c', 'cat /home/project/***/dags/finalassignment/payment-data.txt | tr -s "[:space:]" | cut -d " " -f11,12 | tr -s "[:blank:]" "," > /home/project/***/dags/finalassignment/staging/fixed_width_data.csv']
[2023-11-25 17:53:39,523] {subprocess.py:85} INFO - Output:
[2023-11-25 17:53:39,535] {subprocess.py:96} INFO - Command exited with return code 0
[2023-11-25 17:53:39,620] {taskinstance.py:1420} INFO - Marking task as SUCCESS. dag_id=ETL_toll_data, task_id=extract_data_from_fixed_width, execution_date=20231125T175334, start_date=20231125T175339, end_date=20231125T175339
[2023-11-25 17:53:39,688] {local_task_job.py:156} INFO - Task exited with return code 0
[2023-11-25 17:53:39,756] {local_task_job.py:273} INFO - 1 downstream tasks scheduled from follow-on schedule check
