[2023-11-25 17:28:26,713] {processor.py:153} INFO - Started process (PID=83) to work on /home/airflow/.local/lib/python3.7/site-packages/airflow/example_dags/example_sla_dag.py
[2023-11-25 17:28:26,730] {processor.py:641} INFO - Processing file /home/airflow/.local/lib/python3.7/site-packages/airflow/example_dags/example_sla_dag.py for tasks to queue
[2023-11-25 17:28:26,731] {logging_mixin.py:115} INFO - [2023-11-25 17:28:26,731] {dagbag.py:508} INFO - Filling up the DagBag from /home/airflow/.local/lib/python3.7/site-packages/airflow/example_dags/example_sla_dag.py
[2023-11-25 17:28:26,892] {processor.py:651} INFO - DAG(s) dict_keys(['example_sla_dag']) retrieved from /home/airflow/.local/lib/python3.7/site-packages/airflow/example_dags/example_sla_dag.py
[2023-11-25 17:28:27,830] {logging_mixin.py:115} INFO - [2023-11-25 17:28:27,830] {manager.py:508} INFO - Created Permission View: can delete on DAG:example_sla_dag
[2023-11-25 17:28:27,891] {logging_mixin.py:115} INFO - [2023-11-25 17:28:27,891] {manager.py:508} INFO - Created Permission View: can edit on DAG:example_sla_dag
[2023-11-25 17:28:27,915] {logging_mixin.py:115} INFO - [2023-11-25 17:28:27,915] {manager.py:508} INFO - Created Permission View: can read on DAG:example_sla_dag
[2023-11-25 17:28:27,915] {logging_mixin.py:115} INFO - [2023-11-25 17:28:27,915] {dag.py:2420} INFO - Sync 1 DAGs
[2023-11-25 17:28:28,011] {logging_mixin.py:115} INFO - [2023-11-25 17:28:28,011] {dag.py:2439} INFO - Creating ORM DAG for example_sla_dag
[2023-11-25 17:28:28,096] {logging_mixin.py:115} INFO - [2023-11-25 17:28:28,096] {dag.py:2972} INFO - Setting next_dagrun for example_sla_dag to 2023-11-25T17:26:00+00:00, run_after=2023-11-25T17:28:00+00:00
[2023-11-25 17:28:28,251] {processor.py:161} INFO - Processing /home/airflow/.local/lib/python3.7/site-packages/airflow/example_dags/example_sla_dag.py took 1.555 seconds
[2023-11-25 17:28:58,498] {processor.py:153} INFO - Started process (PID=126) to work on /home/airflow/.local/lib/python3.7/site-packages/airflow/example_dags/example_sla_dag.py
[2023-11-25 17:28:58,514] {processor.py:641} INFO - Processing file /home/airflow/.local/lib/python3.7/site-packages/airflow/example_dags/example_sla_dag.py for tasks to queue
[2023-11-25 17:28:58,515] {logging_mixin.py:115} INFO - [2023-11-25 17:28:58,514] {dagbag.py:508} INFO - Filling up the DagBag from /home/airflow/.local/lib/python3.7/site-packages/airflow/example_dags/example_sla_dag.py
[2023-11-25 17:28:58,560] {processor.py:651} INFO - DAG(s) dict_keys(['example_sla_dag']) retrieved from /home/airflow/.local/lib/python3.7/site-packages/airflow/example_dags/example_sla_dag.py
[2023-11-25 17:28:58,690] {logging_mixin.py:115} INFO - [2023-11-25 17:28:58,690] {dag.py:2420} INFO - Sync 1 DAGs
[2023-11-25 17:28:58,760] {logging_mixin.py:115} INFO - [2023-11-25 17:28:58,760] {dag.py:2972} INFO - Setting next_dagrun for example_sla_dag to 2023-11-25T17:26:00+00:00, run_after=2023-11-25T17:28:00+00:00
[2023-11-25 17:28:59,177] {processor.py:161} INFO - Processing /home/airflow/.local/lib/python3.7/site-packages/airflow/example_dags/example_sla_dag.py took 0.684 seconds
[2023-11-25 17:29:29,734] {processor.py:153} INFO - Started process (PID=188) to work on /home/airflow/.local/lib/python3.7/site-packages/airflow/example_dags/example_sla_dag.py
[2023-11-25 17:29:29,736] {processor.py:641} INFO - Processing file /home/airflow/.local/lib/python3.7/site-packages/airflow/example_dags/example_sla_dag.py for tasks to queue
[2023-11-25 17:29:29,736] {logging_mixin.py:115} INFO - [2023-11-25 17:29:29,736] {dagbag.py:508} INFO - Filling up the DagBag from /home/airflow/.local/lib/python3.7/site-packages/airflow/example_dags/example_sla_dag.py
[2023-11-25 17:29:29,772] {processor.py:651} INFO - DAG(s) dict_keys(['example_sla_dag']) retrieved from /home/airflow/.local/lib/python3.7/site-packages/airflow/example_dags/example_sla_dag.py
[2023-11-25 17:29:29,834] {logging_mixin.py:115} INFO - [2023-11-25 17:29:29,834] {dag.py:2420} INFO - Sync 1 DAGs
[2023-11-25 17:29:29,879] {logging_mixin.py:115} INFO - [2023-11-25 17:29:29,879] {dag.py:2972} INFO - Setting next_dagrun for example_sla_dag to 2023-11-25T17:26:00+00:00, run_after=2023-11-25T17:28:00+00:00
[2023-11-25 17:29:29,893] {processor.py:161} INFO - Processing /home/airflow/.local/lib/python3.7/site-packages/airflow/example_dags/example_sla_dag.py took 0.164 seconds
[2023-11-25 17:30:00,049] {processor.py:153} INFO - Started process (PID=240) to work on /home/airflow/.local/lib/python3.7/site-packages/airflow/example_dags/example_sla_dag.py
[2023-11-25 17:30:00,050] {processor.py:641} INFO - Processing file /home/airflow/.local/lib/python3.7/site-packages/airflow/example_dags/example_sla_dag.py for tasks to queue
[2023-11-25 17:30:00,051] {logging_mixin.py:115} INFO - [2023-11-25 17:30:00,051] {dagbag.py:508} INFO - Filling up the DagBag from /home/airflow/.local/lib/python3.7/site-packages/airflow/example_dags/example_sla_dag.py
[2023-11-25 17:30:00,077] {processor.py:651} INFO - DAG(s) dict_keys(['example_sla_dag']) retrieved from /home/airflow/.local/lib/python3.7/site-packages/airflow/example_dags/example_sla_dag.py
[2023-11-25 17:30:00,125] {logging_mixin.py:115} INFO - [2023-11-25 17:30:00,124] {dag.py:2420} INFO - Sync 1 DAGs
[2023-11-25 17:30:00,176] {logging_mixin.py:115} INFO - [2023-11-25 17:30:00,176] {dag.py:2972} INFO - Setting next_dagrun for example_sla_dag to 2023-11-25T17:28:00+00:00, run_after=2023-11-25T17:30:00+00:00
[2023-11-25 17:30:00,198] {processor.py:161} INFO - Processing /home/airflow/.local/lib/python3.7/site-packages/airflow/example_dags/example_sla_dag.py took 0.154 seconds
[2023-11-25 17:30:30,293] {processor.py:153} INFO - Started process (PID=301) to work on /home/airflow/.local/lib/python3.7/site-packages/airflow/example_dags/example_sla_dag.py
[2023-11-25 17:30:30,310] {processor.py:641} INFO - Processing file /home/airflow/.local/lib/python3.7/site-packages/airflow/example_dags/example_sla_dag.py for tasks to queue
[2023-11-25 17:30:30,311] {logging_mixin.py:115} INFO - [2023-11-25 17:30:30,311] {dagbag.py:508} INFO - Filling up the DagBag from /home/airflow/.local/lib/python3.7/site-packages/airflow/example_dags/example_sla_dag.py
[2023-11-25 17:30:30,377] {processor.py:651} INFO - DAG(s) dict_keys(['example_sla_dag']) retrieved from /home/airflow/.local/lib/python3.7/site-packages/airflow/example_dags/example_sla_dag.py
[2023-11-25 17:30:30,453] {logging_mixin.py:115} INFO - [2023-11-25 17:30:30,453] {dag.py:2420} INFO - Sync 1 DAGs
[2023-11-25 17:30:30,505] {logging_mixin.py:115} INFO - [2023-11-25 17:30:30,505] {dag.py:2972} INFO - Setting next_dagrun for example_sla_dag to 2023-11-25T17:28:00+00:00, run_after=2023-11-25T17:30:00+00:00
[2023-11-25 17:30:30,532] {processor.py:161} INFO - Processing /home/airflow/.local/lib/python3.7/site-packages/airflow/example_dags/example_sla_dag.py took 0.256 seconds
[2023-11-25 17:31:00,983] {processor.py:153} INFO - Started process (PID=362) to work on /home/airflow/.local/lib/python3.7/site-packages/airflow/example_dags/example_sla_dag.py
[2023-11-25 17:31:00,984] {processor.py:641} INFO - Processing file /home/airflow/.local/lib/python3.7/site-packages/airflow/example_dags/example_sla_dag.py for tasks to queue
[2023-11-25 17:31:00,985] {logging_mixin.py:115} INFO - [2023-11-25 17:31:00,985] {dagbag.py:508} INFO - Filling up the DagBag from /home/airflow/.local/lib/python3.7/site-packages/airflow/example_dags/example_sla_dag.py
[2023-11-25 17:31:01,008] {processor.py:651} INFO - DAG(s) dict_keys(['example_sla_dag']) retrieved from /home/airflow/.local/lib/python3.7/site-packages/airflow/example_dags/example_sla_dag.py
[2023-11-25 17:31:01,050] {logging_mixin.py:115} INFO - [2023-11-25 17:31:01,050] {dag.py:2420} INFO - Sync 1 DAGs
[2023-11-25 17:31:01,083] {logging_mixin.py:115} INFO - [2023-11-25 17:31:01,083] {dag.py:2972} INFO - Setting next_dagrun for example_sla_dag to 2023-11-25T17:28:00+00:00, run_after=2023-11-25T17:30:00+00:00
[2023-11-25 17:31:01,097] {processor.py:161} INFO - Processing /home/airflow/.local/lib/python3.7/site-packages/airflow/example_dags/example_sla_dag.py took 0.119 seconds
[2023-11-25 17:31:31,863] {processor.py:153} INFO - Started process (PID=414) to work on /home/airflow/.local/lib/python3.7/site-packages/airflow/example_dags/example_sla_dag.py
[2023-11-25 17:31:31,864] {processor.py:641} INFO - Processing file /home/airflow/.local/lib/python3.7/site-packages/airflow/example_dags/example_sla_dag.py for tasks to queue
[2023-11-25 17:31:31,864] {logging_mixin.py:115} INFO - [2023-11-25 17:31:31,864] {dagbag.py:508} INFO - Filling up the DagBag from /home/airflow/.local/lib/python3.7/site-packages/airflow/example_dags/example_sla_dag.py
[2023-11-25 17:31:31,891] {processor.py:651} INFO - DAG(s) dict_keys(['example_sla_dag']) retrieved from /home/airflow/.local/lib/python3.7/site-packages/airflow/example_dags/example_sla_dag.py
[2023-11-25 17:31:31,933] {logging_mixin.py:115} INFO - [2023-11-25 17:31:31,933] {dag.py:2420} INFO - Sync 1 DAGs
[2023-11-25 17:31:31,967] {logging_mixin.py:115} INFO - [2023-11-25 17:31:31,967] {dag.py:2972} INFO - Setting next_dagrun for example_sla_dag to 2023-11-25T17:28:00+00:00, run_after=2023-11-25T17:30:00+00:00
[2023-11-25 17:31:31,980] {processor.py:161} INFO - Processing /home/airflow/.local/lib/python3.7/site-packages/airflow/example_dags/example_sla_dag.py took 0.122 seconds
[2023-11-25 17:32:02,505] {processor.py:153} INFO - Started process (PID=475) to work on /home/airflow/.local/lib/python3.7/site-packages/airflow/example_dags/example_sla_dag.py
[2023-11-25 17:32:02,506] {processor.py:641} INFO - Processing file /home/airflow/.local/lib/python3.7/site-packages/airflow/example_dags/example_sla_dag.py for tasks to queue
[2023-11-25 17:32:02,506] {logging_mixin.py:115} INFO - [2023-11-25 17:32:02,506] {dagbag.py:508} INFO - Filling up the DagBag from /home/airflow/.local/lib/python3.7/site-packages/airflow/example_dags/example_sla_dag.py
[2023-11-25 17:32:02,530] {processor.py:651} INFO - DAG(s) dict_keys(['example_sla_dag']) retrieved from /home/airflow/.local/lib/python3.7/site-packages/airflow/example_dags/example_sla_dag.py
[2023-11-25 17:32:02,600] {logging_mixin.py:115} INFO - [2023-11-25 17:32:02,600] {dag.py:2420} INFO - Sync 1 DAGs
[2023-11-25 17:32:02,631] {logging_mixin.py:115} INFO - [2023-11-25 17:32:02,631] {dag.py:2972} INFO - Setting next_dagrun for example_sla_dag to 2023-11-25T17:30:00+00:00, run_after=2023-11-25T17:32:00+00:00
[2023-11-25 17:32:02,644] {processor.py:161} INFO - Processing /home/airflow/.local/lib/python3.7/site-packages/airflow/example_dags/example_sla_dag.py took 0.144 seconds
[2023-11-25 17:32:33,142] {processor.py:153} INFO - Started process (PID=536) to work on /home/airflow/.local/lib/python3.7/site-packages/airflow/example_dags/example_sla_dag.py
[2023-11-25 17:32:33,150] {processor.py:641} INFO - Processing file /home/airflow/.local/lib/python3.7/site-packages/airflow/example_dags/example_sla_dag.py for tasks to queue
[2023-11-25 17:32:33,151] {logging_mixin.py:115} INFO - [2023-11-25 17:32:33,151] {dagbag.py:508} INFO - Filling up the DagBag from /home/airflow/.local/lib/python3.7/site-packages/airflow/example_dags/example_sla_dag.py
[2023-11-25 17:32:33,174] {processor.py:651} INFO - DAG(s) dict_keys(['example_sla_dag']) retrieved from /home/airflow/.local/lib/python3.7/site-packages/airflow/example_dags/example_sla_dag.py
[2023-11-25 17:32:33,220] {logging_mixin.py:115} INFO - [2023-11-25 17:32:33,219] {dag.py:2420} INFO - Sync 1 DAGs
[2023-11-25 17:32:33,271] {logging_mixin.py:115} INFO - [2023-11-25 17:32:33,271] {dag.py:2972} INFO - Setting next_dagrun for example_sla_dag to 2023-11-25T17:30:00+00:00, run_after=2023-11-25T17:32:00+00:00
[2023-11-25 17:32:33,294] {processor.py:161} INFO - Processing /home/airflow/.local/lib/python3.7/site-packages/airflow/example_dags/example_sla_dag.py took 0.158 seconds
[2023-11-25 17:33:03,625] {processor.py:153} INFO - Started process (PID=588) to work on /home/airflow/.local/lib/python3.7/site-packages/airflow/example_dags/example_sla_dag.py
[2023-11-25 17:33:03,625] {processor.py:641} INFO - Processing file /home/airflow/.local/lib/python3.7/site-packages/airflow/example_dags/example_sla_dag.py for tasks to queue
[2023-11-25 17:33:03,626] {logging_mixin.py:115} INFO - [2023-11-25 17:33:03,626] {dagbag.py:508} INFO - Filling up the DagBag from /home/airflow/.local/lib/python3.7/site-packages/airflow/example_dags/example_sla_dag.py
[2023-11-25 17:33:03,649] {processor.py:651} INFO - DAG(s) dict_keys(['example_sla_dag']) retrieved from /home/airflow/.local/lib/python3.7/site-packages/airflow/example_dags/example_sla_dag.py
[2023-11-25 17:33:03,685] {logging_mixin.py:115} INFO - [2023-11-25 17:33:03,685] {dag.py:2420} INFO - Sync 1 DAGs
[2023-11-25 17:33:03,717] {logging_mixin.py:115} INFO - [2023-11-25 17:33:03,716] {dag.py:2972} INFO - Setting next_dagrun for example_sla_dag to 2023-11-25T17:30:00+00:00, run_after=2023-11-25T17:32:00+00:00
[2023-11-25 17:33:03,730] {processor.py:161} INFO - Processing /home/airflow/.local/lib/python3.7/site-packages/airflow/example_dags/example_sla_dag.py took 0.111 seconds
[2023-11-25 17:33:34,026] {processor.py:153} INFO - Started process (PID=649) to work on /home/airflow/.local/lib/python3.7/site-packages/airflow/example_dags/example_sla_dag.py
[2023-11-25 17:33:34,027] {processor.py:641} INFO - Processing file /home/airflow/.local/lib/python3.7/site-packages/airflow/example_dags/example_sla_dag.py for tasks to queue
[2023-11-25 17:33:34,028] {logging_mixin.py:115} INFO - [2023-11-25 17:33:34,028] {dagbag.py:508} INFO - Filling up the DagBag from /home/airflow/.local/lib/python3.7/site-packages/airflow/example_dags/example_sla_dag.py
[2023-11-25 17:33:34,051] {processor.py:651} INFO - DAG(s) dict_keys(['example_sla_dag']) retrieved from /home/airflow/.local/lib/python3.7/site-packages/airflow/example_dags/example_sla_dag.py
[2023-11-25 17:33:34,094] {logging_mixin.py:115} INFO - [2023-11-25 17:33:34,094] {dag.py:2420} INFO - Sync 1 DAGs
[2023-11-25 17:33:34,130] {logging_mixin.py:115} INFO - [2023-11-25 17:33:34,125] {dag.py:2972} INFO - Setting next_dagrun for example_sla_dag to 2023-11-25T17:30:00+00:00, run_after=2023-11-25T17:32:00+00:00
[2023-11-25 17:33:34,142] {processor.py:161} INFO - Processing /home/airflow/.local/lib/python3.7/site-packages/airflow/example_dags/example_sla_dag.py took 0.121 seconds
[2023-11-25 17:34:04,511] {processor.py:153} INFO - Started process (PID=710) to work on /home/airflow/.local/lib/python3.7/site-packages/airflow/example_dags/example_sla_dag.py
[2023-11-25 17:34:04,512] {processor.py:641} INFO - Processing file /home/airflow/.local/lib/python3.7/site-packages/airflow/example_dags/example_sla_dag.py for tasks to queue
[2023-11-25 17:34:04,512] {logging_mixin.py:115} INFO - [2023-11-25 17:34:04,512] {dagbag.py:508} INFO - Filling up the DagBag from /home/airflow/.local/lib/python3.7/site-packages/airflow/example_dags/example_sla_dag.py
[2023-11-25 17:34:04,552] {processor.py:651} INFO - DAG(s) dict_keys(['example_sla_dag']) retrieved from /home/airflow/.local/lib/python3.7/site-packages/airflow/example_dags/example_sla_dag.py
[2023-11-25 17:34:04,652] {logging_mixin.py:115} INFO - [2023-11-25 17:34:04,651] {dag.py:2420} INFO - Sync 1 DAGs
[2023-11-25 17:34:04,736] {logging_mixin.py:115} INFO - [2023-11-25 17:34:04,735] {dag.py:2972} INFO - Setting next_dagrun for example_sla_dag to 2023-11-25T17:32:00+00:00, run_after=2023-11-25T17:34:00+00:00
[2023-11-25 17:34:04,774] {processor.py:161} INFO - Processing /home/airflow/.local/lib/python3.7/site-packages/airflow/example_dags/example_sla_dag.py took 0.301 seconds
[2023-11-25 17:34:35,274] {processor.py:153} INFO - Started process (PID=762) to work on /home/airflow/.local/lib/python3.7/site-packages/airflow/example_dags/example_sla_dag.py
[2023-11-25 17:34:35,275] {processor.py:641} INFO - Processing file /home/airflow/.local/lib/python3.7/site-packages/airflow/example_dags/example_sla_dag.py for tasks to queue
[2023-11-25 17:34:35,275] {logging_mixin.py:115} INFO - [2023-11-25 17:34:35,275] {dagbag.py:508} INFO - Filling up the DagBag from /home/airflow/.local/lib/python3.7/site-packages/airflow/example_dags/example_sla_dag.py
[2023-11-25 17:34:35,299] {processor.py:651} INFO - DAG(s) dict_keys(['example_sla_dag']) retrieved from /home/airflow/.local/lib/python3.7/site-packages/airflow/example_dags/example_sla_dag.py
[2023-11-25 17:34:35,339] {logging_mixin.py:115} INFO - [2023-11-25 17:34:35,339] {dag.py:2420} INFO - Sync 1 DAGs
[2023-11-25 17:34:35,371] {logging_mixin.py:115} INFO - [2023-11-25 17:34:35,371] {dag.py:2972} INFO - Setting next_dagrun for example_sla_dag to 2023-11-25T17:32:00+00:00, run_after=2023-11-25T17:34:00+00:00
[2023-11-25 17:34:35,383] {processor.py:161} INFO - Processing /home/airflow/.local/lib/python3.7/site-packages/airflow/example_dags/example_sla_dag.py took 0.115 seconds
[2023-11-25 17:35:05,632] {processor.py:153} INFO - Started process (PID=823) to work on /home/airflow/.local/lib/python3.7/site-packages/airflow/example_dags/example_sla_dag.py
[2023-11-25 17:35:05,632] {processor.py:641} INFO - Processing file /home/airflow/.local/lib/python3.7/site-packages/airflow/example_dags/example_sla_dag.py for tasks to queue
[2023-11-25 17:35:05,633] {logging_mixin.py:115} INFO - [2023-11-25 17:35:05,633] {dagbag.py:508} INFO - Filling up the DagBag from /home/airflow/.local/lib/python3.7/site-packages/airflow/example_dags/example_sla_dag.py
[2023-11-25 17:35:05,656] {processor.py:651} INFO - DAG(s) dict_keys(['example_sla_dag']) retrieved from /home/airflow/.local/lib/python3.7/site-packages/airflow/example_dags/example_sla_dag.py
[2023-11-25 17:35:05,715] {logging_mixin.py:115} INFO - [2023-11-25 17:35:05,715] {dag.py:2420} INFO - Sync 1 DAGs
[2023-11-25 17:35:05,779] {logging_mixin.py:115} INFO - [2023-11-25 17:35:05,779] {dag.py:2972} INFO - Setting next_dagrun for example_sla_dag to 2023-11-25T17:32:00+00:00, run_after=2023-11-25T17:34:00+00:00
[2023-11-25 17:35:05,793] {processor.py:161} INFO - Processing /home/airflow/.local/lib/python3.7/site-packages/airflow/example_dags/example_sla_dag.py took 0.167 seconds
[2023-11-25 17:35:36,091] {processor.py:153} INFO - Started process (PID=875) to work on /home/airflow/.local/lib/python3.7/site-packages/airflow/example_dags/example_sla_dag.py
[2023-11-25 17:35:36,091] {processor.py:641} INFO - Processing file /home/airflow/.local/lib/python3.7/site-packages/airflow/example_dags/example_sla_dag.py for tasks to queue
[2023-11-25 17:35:36,092] {logging_mixin.py:115} INFO - [2023-11-25 17:35:36,092] {dagbag.py:508} INFO - Filling up the DagBag from /home/airflow/.local/lib/python3.7/site-packages/airflow/example_dags/example_sla_dag.py
[2023-11-25 17:35:36,114] {processor.py:651} INFO - DAG(s) dict_keys(['example_sla_dag']) retrieved from /home/airflow/.local/lib/python3.7/site-packages/airflow/example_dags/example_sla_dag.py
[2023-11-25 17:35:36,154] {logging_mixin.py:115} INFO - [2023-11-25 17:35:36,154] {dag.py:2420} INFO - Sync 1 DAGs
[2023-11-25 17:35:36,186] {logging_mixin.py:115} INFO - [2023-11-25 17:35:36,185] {dag.py:2972} INFO - Setting next_dagrun for example_sla_dag to 2023-11-25T17:32:00+00:00, run_after=2023-11-25T17:34:00+00:00
[2023-11-25 17:35:36,199] {processor.py:161} INFO - Processing /home/airflow/.local/lib/python3.7/site-packages/airflow/example_dags/example_sla_dag.py took 0.114 seconds
[2023-11-25 17:36:06,918] {processor.py:153} INFO - Started process (PID=937) to work on /home/airflow/.local/lib/python3.7/site-packages/airflow/example_dags/example_sla_dag.py
[2023-11-25 17:36:06,919] {processor.py:641} INFO - Processing file /home/airflow/.local/lib/python3.7/site-packages/airflow/example_dags/example_sla_dag.py for tasks to queue
[2023-11-25 17:36:06,920] {logging_mixin.py:115} INFO - [2023-11-25 17:36:06,920] {dagbag.py:508} INFO - Filling up the DagBag from /home/airflow/.local/lib/python3.7/site-packages/airflow/example_dags/example_sla_dag.py
[2023-11-25 17:36:06,945] {processor.py:651} INFO - DAG(s) dict_keys(['example_sla_dag']) retrieved from /home/airflow/.local/lib/python3.7/site-packages/airflow/example_dags/example_sla_dag.py
[2023-11-25 17:36:06,989] {logging_mixin.py:115} INFO - [2023-11-25 17:36:06,988] {dag.py:2420} INFO - Sync 1 DAGs
[2023-11-25 17:36:07,022] {logging_mixin.py:115} INFO - [2023-11-25 17:36:07,022] {dag.py:2972} INFO - Setting next_dagrun for example_sla_dag to 2023-11-25T17:34:00+00:00, run_after=2023-11-25T17:36:00+00:00
[2023-11-25 17:36:07,045] {processor.py:161} INFO - Processing /home/airflow/.local/lib/python3.7/site-packages/airflow/example_dags/example_sla_dag.py took 0.131 seconds
[2023-11-25 17:36:37,471] {processor.py:153} INFO - Started process (PID=998) to work on /home/airflow/.local/lib/python3.7/site-packages/airflow/example_dags/example_sla_dag.py
[2023-11-25 17:36:37,472] {processor.py:641} INFO - Processing file /home/airflow/.local/lib/python3.7/site-packages/airflow/example_dags/example_sla_dag.py for tasks to queue
[2023-11-25 17:36:37,473] {logging_mixin.py:115} INFO - [2023-11-25 17:36:37,473] {dagbag.py:508} INFO - Filling up the DagBag from /home/airflow/.local/lib/python3.7/site-packages/airflow/example_dags/example_sla_dag.py
[2023-11-25 17:36:37,515] {processor.py:651} INFO - DAG(s) dict_keys(['example_sla_dag']) retrieved from /home/airflow/.local/lib/python3.7/site-packages/airflow/example_dags/example_sla_dag.py
[2023-11-25 17:36:37,606] {logging_mixin.py:115} INFO - [2023-11-25 17:36:37,606] {dag.py:2420} INFO - Sync 1 DAGs
[2023-11-25 17:36:37,659] {logging_mixin.py:115} INFO - [2023-11-25 17:36:37,659] {dag.py:2972} INFO - Setting next_dagrun for example_sla_dag to 2023-11-25T17:34:00+00:00, run_after=2023-11-25T17:36:00+00:00
[2023-11-25 17:36:37,674] {processor.py:161} INFO - Processing /home/airflow/.local/lib/python3.7/site-packages/airflow/example_dags/example_sla_dag.py took 0.216 seconds
[2023-11-25 17:37:07,872] {processor.py:153} INFO - Started process (PID=1050) to work on /home/airflow/.local/lib/python3.7/site-packages/airflow/example_dags/example_sla_dag.py
[2023-11-25 17:37:07,873] {processor.py:641} INFO - Processing file /home/airflow/.local/lib/python3.7/site-packages/airflow/example_dags/example_sla_dag.py for tasks to queue
[2023-11-25 17:37:07,874] {logging_mixin.py:115} INFO - [2023-11-25 17:37:07,874] {dagbag.py:508} INFO - Filling up the DagBag from /home/airflow/.local/lib/python3.7/site-packages/airflow/example_dags/example_sla_dag.py
[2023-11-25 17:37:07,896] {processor.py:651} INFO - DAG(s) dict_keys(['example_sla_dag']) retrieved from /home/airflow/.local/lib/python3.7/site-packages/airflow/example_dags/example_sla_dag.py
[2023-11-25 17:37:07,932] {logging_mixin.py:115} INFO - [2023-11-25 17:37:07,932] {dag.py:2420} INFO - Sync 1 DAGs
[2023-11-25 17:37:07,962] {logging_mixin.py:115} INFO - [2023-11-25 17:37:07,962] {dag.py:2972} INFO - Setting next_dagrun for example_sla_dag to 2023-11-25T17:34:00+00:00, run_after=2023-11-25T17:36:00+00:00
[2023-11-25 17:37:07,974] {processor.py:161} INFO - Processing /home/airflow/.local/lib/python3.7/site-packages/airflow/example_dags/example_sla_dag.py took 0.108 seconds
[2023-11-25 17:37:38,441] {processor.py:153} INFO - Started process (PID=1111) to work on /home/airflow/.local/lib/python3.7/site-packages/airflow/example_dags/example_sla_dag.py
[2023-11-25 17:37:38,442] {processor.py:641} INFO - Processing file /home/airflow/.local/lib/python3.7/site-packages/airflow/example_dags/example_sla_dag.py for tasks to queue
[2023-11-25 17:37:38,443] {logging_mixin.py:115} INFO - [2023-11-25 17:37:38,443] {dagbag.py:508} INFO - Filling up the DagBag from /home/airflow/.local/lib/python3.7/site-packages/airflow/example_dags/example_sla_dag.py
[2023-11-25 17:37:38,477] {processor.py:651} INFO - DAG(s) dict_keys(['example_sla_dag']) retrieved from /home/airflow/.local/lib/python3.7/site-packages/airflow/example_dags/example_sla_dag.py
[2023-11-25 17:37:38,522] {logging_mixin.py:115} INFO - [2023-11-25 17:37:38,521] {dag.py:2420} INFO - Sync 1 DAGs
[2023-11-25 17:37:38,574] {logging_mixin.py:115} INFO - [2023-11-25 17:37:38,574] {dag.py:2972} INFO - Setting next_dagrun for example_sla_dag to 2023-11-25T17:34:00+00:00, run_after=2023-11-25T17:36:00+00:00
[2023-11-25 17:37:38,594] {processor.py:161} INFO - Processing /home/airflow/.local/lib/python3.7/site-packages/airflow/example_dags/example_sla_dag.py took 0.158 seconds
[2023-11-25 17:38:08,972] {processor.py:153} INFO - Started process (PID=1171) to work on /home/airflow/.local/lib/python3.7/site-packages/airflow/example_dags/example_sla_dag.py
[2023-11-25 17:38:08,973] {processor.py:641} INFO - Processing file /home/airflow/.local/lib/python3.7/site-packages/airflow/example_dags/example_sla_dag.py for tasks to queue
[2023-11-25 17:38:08,974] {logging_mixin.py:115} INFO - [2023-11-25 17:38:08,974] {dagbag.py:508} INFO - Filling up the DagBag from /home/airflow/.local/lib/python3.7/site-packages/airflow/example_dags/example_sla_dag.py
[2023-11-25 17:38:09,001] {processor.py:651} INFO - DAG(s) dict_keys(['example_sla_dag']) retrieved from /home/airflow/.local/lib/python3.7/site-packages/airflow/example_dags/example_sla_dag.py
[2023-11-25 17:38:09,079] {logging_mixin.py:115} INFO - [2023-11-25 17:38:09,079] {dag.py:2420} INFO - Sync 1 DAGs
[2023-11-25 17:38:09,137] {logging_mixin.py:115} INFO - [2023-11-25 17:38:09,137] {dag.py:2972} INFO - Setting next_dagrun for example_sla_dag to 2023-11-25T17:36:00+00:00, run_after=2023-11-25T17:38:00+00:00
[2023-11-25 17:38:09,159] {processor.py:161} INFO - Processing /home/airflow/.local/lib/python3.7/site-packages/airflow/example_dags/example_sla_dag.py took 0.192 seconds
[2023-11-25 17:38:39,310] {processor.py:153} INFO - Started process (PID=1225) to work on /home/airflow/.local/lib/python3.7/site-packages/airflow/example_dags/example_sla_dag.py
[2023-11-25 17:38:39,311] {processor.py:641} INFO - Processing file /home/airflow/.local/lib/python3.7/site-packages/airflow/example_dags/example_sla_dag.py for tasks to queue
[2023-11-25 17:38:39,312] {logging_mixin.py:115} INFO - [2023-11-25 17:38:39,312] {dagbag.py:508} INFO - Filling up the DagBag from /home/airflow/.local/lib/python3.7/site-packages/airflow/example_dags/example_sla_dag.py
[2023-11-25 17:38:39,333] {processor.py:651} INFO - DAG(s) dict_keys(['example_sla_dag']) retrieved from /home/airflow/.local/lib/python3.7/site-packages/airflow/example_dags/example_sla_dag.py
[2023-11-25 17:38:39,370] {logging_mixin.py:115} INFO - [2023-11-25 17:38:39,370] {dag.py:2420} INFO - Sync 1 DAGs
[2023-11-25 17:38:39,401] {logging_mixin.py:115} INFO - [2023-11-25 17:38:39,401] {dag.py:2972} INFO - Setting next_dagrun for example_sla_dag to 2023-11-25T17:36:00+00:00, run_after=2023-11-25T17:38:00+00:00
[2023-11-25 17:38:39,413] {processor.py:161} INFO - Processing /home/airflow/.local/lib/python3.7/site-packages/airflow/example_dags/example_sla_dag.py took 0.107 seconds
[2023-11-25 17:39:10,182] {processor.py:153} INFO - Started process (PID=1288) to work on /home/airflow/.local/lib/python3.7/site-packages/airflow/example_dags/example_sla_dag.py
[2023-11-25 17:39:10,183] {processor.py:641} INFO - Processing file /home/airflow/.local/lib/python3.7/site-packages/airflow/example_dags/example_sla_dag.py for tasks to queue
[2023-11-25 17:39:10,183] {logging_mixin.py:115} INFO - [2023-11-25 17:39:10,183] {dagbag.py:508} INFO - Filling up the DagBag from /home/airflow/.local/lib/python3.7/site-packages/airflow/example_dags/example_sla_dag.py
[2023-11-25 17:39:10,205] {processor.py:651} INFO - DAG(s) dict_keys(['example_sla_dag']) retrieved from /home/airflow/.local/lib/python3.7/site-packages/airflow/example_dags/example_sla_dag.py
[2023-11-25 17:39:10,243] {logging_mixin.py:115} INFO - [2023-11-25 17:39:10,242] {dag.py:2420} INFO - Sync 1 DAGs
[2023-11-25 17:39:10,278] {logging_mixin.py:115} INFO - [2023-11-25 17:39:10,278] {dag.py:2972} INFO - Setting next_dagrun for example_sla_dag to 2023-11-25T17:36:00+00:00, run_after=2023-11-25T17:38:00+00:00
[2023-11-25 17:39:10,293] {processor.py:161} INFO - Processing /home/airflow/.local/lib/python3.7/site-packages/airflow/example_dags/example_sla_dag.py took 0.116 seconds
[2023-11-25 17:39:40,807] {processor.py:153} INFO - Started process (PID=1342) to work on /home/airflow/.local/lib/python3.7/site-packages/airflow/example_dags/example_sla_dag.py
[2023-11-25 17:39:40,810] {processor.py:641} INFO - Processing file /home/airflow/.local/lib/python3.7/site-packages/airflow/example_dags/example_sla_dag.py for tasks to queue
[2023-11-25 17:39:40,811] {logging_mixin.py:115} INFO - [2023-11-25 17:39:40,811] {dagbag.py:508} INFO - Filling up the DagBag from /home/airflow/.local/lib/python3.7/site-packages/airflow/example_dags/example_sla_dag.py
[2023-11-25 17:39:40,837] {processor.py:651} INFO - DAG(s) dict_keys(['example_sla_dag']) retrieved from /home/airflow/.local/lib/python3.7/site-packages/airflow/example_dags/example_sla_dag.py
[2023-11-25 17:39:40,873] {logging_mixin.py:115} INFO - [2023-11-25 17:39:40,873] {dag.py:2420} INFO - Sync 1 DAGs
[2023-11-25 17:39:40,907] {logging_mixin.py:115} INFO - [2023-11-25 17:39:40,906] {dag.py:2972} INFO - Setting next_dagrun for example_sla_dag to 2023-11-25T17:36:00+00:00, run_after=2023-11-25T17:38:00+00:00
[2023-11-25 17:39:40,920] {processor.py:161} INFO - Processing /home/airflow/.local/lib/python3.7/site-packages/airflow/example_dags/example_sla_dag.py took 0.118 seconds
[2023-11-25 17:40:11,537] {processor.py:153} INFO - Started process (PID=1404) to work on /home/airflow/.local/lib/python3.7/site-packages/airflow/example_dags/example_sla_dag.py
[2023-11-25 17:40:11,538] {processor.py:641} INFO - Processing file /home/airflow/.local/lib/python3.7/site-packages/airflow/example_dags/example_sla_dag.py for tasks to queue
[2023-11-25 17:40:11,539] {logging_mixin.py:115} INFO - [2023-11-25 17:40:11,539] {dagbag.py:508} INFO - Filling up the DagBag from /home/airflow/.local/lib/python3.7/site-packages/airflow/example_dags/example_sla_dag.py
[2023-11-25 17:40:11,577] {processor.py:651} INFO - DAG(s) dict_keys(['example_sla_dag']) retrieved from /home/airflow/.local/lib/python3.7/site-packages/airflow/example_dags/example_sla_dag.py
[2023-11-25 17:40:11,639] {logging_mixin.py:115} INFO - [2023-11-25 17:40:11,639] {dag.py:2420} INFO - Sync 1 DAGs
[2023-11-25 17:40:11,691] {logging_mixin.py:115} INFO - [2023-11-25 17:40:11,690] {dag.py:2972} INFO - Setting next_dagrun for example_sla_dag to 2023-11-25T17:38:00+00:00, run_after=2023-11-25T17:40:00+00:00
[2023-11-25 17:40:11,713] {processor.py:161} INFO - Processing /home/airflow/.local/lib/python3.7/site-packages/airflow/example_dags/example_sla_dag.py took 0.180 seconds
[2023-11-25 17:40:42,200] {processor.py:153} INFO - Started process (PID=1467) to work on /home/airflow/.local/lib/python3.7/site-packages/airflow/example_dags/example_sla_dag.py
[2023-11-25 17:40:42,201] {processor.py:641} INFO - Processing file /home/airflow/.local/lib/python3.7/site-packages/airflow/example_dags/example_sla_dag.py for tasks to queue
[2023-11-25 17:40:42,202] {logging_mixin.py:115} INFO - [2023-11-25 17:40:42,202] {dagbag.py:508} INFO - Filling up the DagBag from /home/airflow/.local/lib/python3.7/site-packages/airflow/example_dags/example_sla_dag.py
[2023-11-25 17:40:42,223] {processor.py:651} INFO - DAG(s) dict_keys(['example_sla_dag']) retrieved from /home/airflow/.local/lib/python3.7/site-packages/airflow/example_dags/example_sla_dag.py
[2023-11-25 17:40:42,261] {logging_mixin.py:115} INFO - [2023-11-25 17:40:42,261] {dag.py:2420} INFO - Sync 1 DAGs
[2023-11-25 17:40:42,292] {logging_mixin.py:115} INFO - [2023-11-25 17:40:42,292] {dag.py:2972} INFO - Setting next_dagrun for example_sla_dag to 2023-11-25T17:38:00+00:00, run_after=2023-11-25T17:40:00+00:00
[2023-11-25 17:40:42,304] {processor.py:161} INFO - Processing /home/airflow/.local/lib/python3.7/site-packages/airflow/example_dags/example_sla_dag.py took 0.109 seconds
[2023-11-25 17:41:12,761] {processor.py:153} INFO - Started process (PID=1521) to work on /home/airflow/.local/lib/python3.7/site-packages/airflow/example_dags/example_sla_dag.py
[2023-11-25 17:41:12,762] {processor.py:641} INFO - Processing file /home/airflow/.local/lib/python3.7/site-packages/airflow/example_dags/example_sla_dag.py for tasks to queue
[2023-11-25 17:41:12,763] {logging_mixin.py:115} INFO - [2023-11-25 17:41:12,763] {dagbag.py:508} INFO - Filling up the DagBag from /home/airflow/.local/lib/python3.7/site-packages/airflow/example_dags/example_sla_dag.py
[2023-11-25 17:41:12,787] {processor.py:651} INFO - DAG(s) dict_keys(['example_sla_dag']) retrieved from /home/airflow/.local/lib/python3.7/site-packages/airflow/example_dags/example_sla_dag.py
[2023-11-25 17:41:12,832] {logging_mixin.py:115} INFO - [2023-11-25 17:41:12,832] {dag.py:2420} INFO - Sync 1 DAGs
[2023-11-25 17:41:12,864] {logging_mixin.py:115} INFO - [2023-11-25 17:41:12,864] {dag.py:2972} INFO - Setting next_dagrun for example_sla_dag to 2023-11-25T17:38:00+00:00, run_after=2023-11-25T17:40:00+00:00
[2023-11-25 17:41:12,877] {processor.py:161} INFO - Processing /home/airflow/.local/lib/python3.7/site-packages/airflow/example_dags/example_sla_dag.py took 0.122 seconds
[2023-11-25 17:41:43,610] {processor.py:153} INFO - Started process (PID=1584) to work on /home/airflow/.local/lib/python3.7/site-packages/airflow/example_dags/example_sla_dag.py
[2023-11-25 17:41:43,611] {processor.py:641} INFO - Processing file /home/airflow/.local/lib/python3.7/site-packages/airflow/example_dags/example_sla_dag.py for tasks to queue
[2023-11-25 17:41:43,612] {logging_mixin.py:115} INFO - [2023-11-25 17:41:43,612] {dagbag.py:508} INFO - Filling up the DagBag from /home/airflow/.local/lib/python3.7/site-packages/airflow/example_dags/example_sla_dag.py
[2023-11-25 17:41:43,661] {processor.py:651} INFO - DAG(s) dict_keys(['example_sla_dag']) retrieved from /home/airflow/.local/lib/python3.7/site-packages/airflow/example_dags/example_sla_dag.py
[2023-11-25 17:41:43,719] {logging_mixin.py:115} INFO - [2023-11-25 17:41:43,719] {dag.py:2420} INFO - Sync 1 DAGs
[2023-11-25 17:41:43,778] {logging_mixin.py:115} INFO - [2023-11-25 17:41:43,778] {dag.py:2972} INFO - Setting next_dagrun for example_sla_dag to 2023-11-25T17:38:00+00:00, run_after=2023-11-25T17:40:00+00:00
[2023-11-25 17:41:43,797] {processor.py:161} INFO - Processing /home/airflow/.local/lib/python3.7/site-packages/airflow/example_dags/example_sla_dag.py took 0.200 seconds
[2023-11-25 17:42:14,629] {processor.py:153} INFO - Started process (PID=1646) to work on /home/airflow/.local/lib/python3.7/site-packages/airflow/example_dags/example_sla_dag.py
[2023-11-25 17:42:14,630] {processor.py:641} INFO - Processing file /home/airflow/.local/lib/python3.7/site-packages/airflow/example_dags/example_sla_dag.py for tasks to queue
[2023-11-25 17:42:14,631] {logging_mixin.py:115} INFO - [2023-11-25 17:42:14,631] {dagbag.py:508} INFO - Filling up the DagBag from /home/airflow/.local/lib/python3.7/site-packages/airflow/example_dags/example_sla_dag.py
[2023-11-25 17:42:14,654] {processor.py:651} INFO - DAG(s) dict_keys(['example_sla_dag']) retrieved from /home/airflow/.local/lib/python3.7/site-packages/airflow/example_dags/example_sla_dag.py
[2023-11-25 17:42:14,700] {logging_mixin.py:115} INFO - [2023-11-25 17:42:14,700] {dag.py:2420} INFO - Sync 1 DAGs
[2023-11-25 17:42:14,736] {logging_mixin.py:115} INFO - [2023-11-25 17:42:14,736] {dag.py:2972} INFO - Setting next_dagrun for example_sla_dag to 2023-11-25T17:40:00+00:00, run_after=2023-11-25T17:42:00+00:00
[2023-11-25 17:42:14,754] {processor.py:161} INFO - Processing /home/airflow/.local/lib/python3.7/site-packages/airflow/example_dags/example_sla_dag.py took 0.131 seconds
[2023-11-25 17:42:44,953] {processor.py:153} INFO - Started process (PID=1700) to work on /home/airflow/.local/lib/python3.7/site-packages/airflow/example_dags/example_sla_dag.py
[2023-11-25 17:42:44,954] {processor.py:641} INFO - Processing file /home/airflow/.local/lib/python3.7/site-packages/airflow/example_dags/example_sla_dag.py for tasks to queue
[2023-11-25 17:42:44,955] {logging_mixin.py:115} INFO - [2023-11-25 17:42:44,954] {dagbag.py:508} INFO - Filling up the DagBag from /home/airflow/.local/lib/python3.7/site-packages/airflow/example_dags/example_sla_dag.py
[2023-11-25 17:42:44,981] {processor.py:651} INFO - DAG(s) dict_keys(['example_sla_dag']) retrieved from /home/airflow/.local/lib/python3.7/site-packages/airflow/example_dags/example_sla_dag.py
[2023-11-25 17:42:45,071] {logging_mixin.py:115} INFO - [2023-11-25 17:42:45,071] {dag.py:2420} INFO - Sync 1 DAGs
[2023-11-25 17:42:45,136] {logging_mixin.py:115} INFO - [2023-11-25 17:42:45,136] {dag.py:2972} INFO - Setting next_dagrun for example_sla_dag to 2023-11-25T17:40:00+00:00, run_after=2023-11-25T17:42:00+00:00
[2023-11-25 17:42:45,158] {processor.py:161} INFO - Processing /home/airflow/.local/lib/python3.7/site-packages/airflow/example_dags/example_sla_dag.py took 0.210 seconds
[2023-11-25 17:43:15,732] {processor.py:153} INFO - Started process (PID=1763) to work on /home/airflow/.local/lib/python3.7/site-packages/airflow/example_dags/example_sla_dag.py
[2023-11-25 17:43:15,733] {processor.py:641} INFO - Processing file /home/airflow/.local/lib/python3.7/site-packages/airflow/example_dags/example_sla_dag.py for tasks to queue
[2023-11-25 17:43:15,734] {logging_mixin.py:115} INFO - [2023-11-25 17:43:15,734] {dagbag.py:508} INFO - Filling up the DagBag from /home/airflow/.local/lib/python3.7/site-packages/airflow/example_dags/example_sla_dag.py
[2023-11-25 17:43:15,761] {processor.py:651} INFO - DAG(s) dict_keys(['example_sla_dag']) retrieved from /home/airflow/.local/lib/python3.7/site-packages/airflow/example_dags/example_sla_dag.py
[2023-11-25 17:43:15,803] {logging_mixin.py:115} INFO - [2023-11-25 17:43:15,803] {dag.py:2420} INFO - Sync 1 DAGs
[2023-11-25 17:43:15,837] {logging_mixin.py:115} INFO - [2023-11-25 17:43:15,837] {dag.py:2972} INFO - Setting next_dagrun for example_sla_dag to 2023-11-25T17:40:00+00:00, run_after=2023-11-25T17:42:00+00:00
[2023-11-25 17:43:15,850] {processor.py:161} INFO - Processing /home/airflow/.local/lib/python3.7/site-packages/airflow/example_dags/example_sla_dag.py took 0.123 seconds
[2023-11-25 17:43:46,381] {processor.py:153} INFO - Started process (PID=1826) to work on /home/airflow/.local/lib/python3.7/site-packages/airflow/example_dags/example_sla_dag.py
[2023-11-25 17:43:46,390] {processor.py:641} INFO - Processing file /home/airflow/.local/lib/python3.7/site-packages/airflow/example_dags/example_sla_dag.py for tasks to queue
[2023-11-25 17:43:46,391] {logging_mixin.py:115} INFO - [2023-11-25 17:43:46,391] {dagbag.py:508} INFO - Filling up the DagBag from /home/airflow/.local/lib/python3.7/site-packages/airflow/example_dags/example_sla_dag.py
[2023-11-25 17:43:46,421] {processor.py:651} INFO - DAG(s) dict_keys(['example_sla_dag']) retrieved from /home/airflow/.local/lib/python3.7/site-packages/airflow/example_dags/example_sla_dag.py
[2023-11-25 17:43:46,490] {logging_mixin.py:115} INFO - [2023-11-25 17:43:46,490] {dag.py:2420} INFO - Sync 1 DAGs
[2023-11-25 17:43:46,536] {logging_mixin.py:115} INFO - [2023-11-25 17:43:46,535] {dag.py:2972} INFO - Setting next_dagrun for example_sla_dag to 2023-11-25T17:40:00+00:00, run_after=2023-11-25T17:42:00+00:00
[2023-11-25 17:43:46,558] {processor.py:161} INFO - Processing /home/airflow/.local/lib/python3.7/site-packages/airflow/example_dags/example_sla_dag.py took 0.182 seconds
[2023-11-25 17:44:17,139] {processor.py:153} INFO - Started process (PID=1883) to work on /home/airflow/.local/lib/python3.7/site-packages/airflow/example_dags/example_sla_dag.py
[2023-11-25 17:44:17,140] {processor.py:641} INFO - Processing file /home/airflow/.local/lib/python3.7/site-packages/airflow/example_dags/example_sla_dag.py for tasks to queue
[2023-11-25 17:44:17,141] {logging_mixin.py:115} INFO - [2023-11-25 17:44:17,141] {dagbag.py:508} INFO - Filling up the DagBag from /home/airflow/.local/lib/python3.7/site-packages/airflow/example_dags/example_sla_dag.py
[2023-11-25 17:44:17,165] {processor.py:651} INFO - DAG(s) dict_keys(['example_sla_dag']) retrieved from /home/airflow/.local/lib/python3.7/site-packages/airflow/example_dags/example_sla_dag.py
[2023-11-25 17:44:17,202] {logging_mixin.py:115} INFO - [2023-11-25 17:44:17,202] {dag.py:2420} INFO - Sync 1 DAGs
[2023-11-25 17:44:17,237] {logging_mixin.py:115} INFO - [2023-11-25 17:44:17,237] {dag.py:2972} INFO - Setting next_dagrun for example_sla_dag to 2023-11-25T17:42:00+00:00, run_after=2023-11-25T17:44:00+00:00
[2023-11-25 17:44:17,253] {processor.py:161} INFO - Processing /home/airflow/.local/lib/python3.7/site-packages/airflow/example_dags/example_sla_dag.py took 0.118 seconds
[2023-11-25 17:44:48,120] {processor.py:153} INFO - Started process (PID=1946) to work on /home/airflow/.local/lib/python3.7/site-packages/airflow/example_dags/example_sla_dag.py
[2023-11-25 17:44:48,121] {processor.py:641} INFO - Processing file /home/airflow/.local/lib/python3.7/site-packages/airflow/example_dags/example_sla_dag.py for tasks to queue
[2023-11-25 17:44:48,122] {logging_mixin.py:115} INFO - [2023-11-25 17:44:48,122] {dagbag.py:508} INFO - Filling up the DagBag from /home/airflow/.local/lib/python3.7/site-packages/airflow/example_dags/example_sla_dag.py
[2023-11-25 17:44:48,152] {processor.py:651} INFO - DAG(s) dict_keys(['example_sla_dag']) retrieved from /home/airflow/.local/lib/python3.7/site-packages/airflow/example_dags/example_sla_dag.py
[2023-11-25 17:44:48,190] {logging_mixin.py:115} INFO - [2023-11-25 17:44:48,190] {dag.py:2420} INFO - Sync 1 DAGs
[2023-11-25 17:44:48,225] {logging_mixin.py:115} INFO - [2023-11-25 17:44:48,225] {dag.py:2972} INFO - Setting next_dagrun for example_sla_dag to 2023-11-25T17:42:00+00:00, run_after=2023-11-25T17:44:00+00:00
[2023-11-25 17:44:48,241] {processor.py:161} INFO - Processing /home/airflow/.local/lib/python3.7/site-packages/airflow/example_dags/example_sla_dag.py took 0.126 seconds
[2023-11-25 17:45:18,671] {processor.py:153} INFO - Started process (PID=2007) to work on /home/airflow/.local/lib/python3.7/site-packages/airflow/example_dags/example_sla_dag.py
[2023-11-25 17:45:18,671] {processor.py:641} INFO - Processing file /home/airflow/.local/lib/python3.7/site-packages/airflow/example_dags/example_sla_dag.py for tasks to queue
[2023-11-25 17:45:18,672] {logging_mixin.py:115} INFO - [2023-11-25 17:45:18,672] {dagbag.py:508} INFO - Filling up the DagBag from /home/airflow/.local/lib/python3.7/site-packages/airflow/example_dags/example_sla_dag.py
[2023-11-25 17:45:18,702] {processor.py:651} INFO - DAG(s) dict_keys(['example_sla_dag']) retrieved from /home/airflow/.local/lib/python3.7/site-packages/airflow/example_dags/example_sla_dag.py
[2023-11-25 17:45:18,760] {logging_mixin.py:115} INFO - [2023-11-25 17:45:18,760] {dag.py:2420} INFO - Sync 1 DAGs
[2023-11-25 17:45:18,812] {logging_mixin.py:115} INFO - [2023-11-25 17:45:18,812] {dag.py:2972} INFO - Setting next_dagrun for example_sla_dag to 2023-11-25T17:42:00+00:00, run_after=2023-11-25T17:44:00+00:00
[2023-11-25 17:45:18,833] {processor.py:161} INFO - Processing /home/airflow/.local/lib/python3.7/site-packages/airflow/example_dags/example_sla_dag.py took 0.167 seconds
[2023-11-25 17:45:49,579] {processor.py:153} INFO - Started process (PID=2063) to work on /home/airflow/.local/lib/python3.7/site-packages/airflow/example_dags/example_sla_dag.py
[2023-11-25 17:45:49,579] {processor.py:641} INFO - Processing file /home/airflow/.local/lib/python3.7/site-packages/airflow/example_dags/example_sla_dag.py for tasks to queue
[2023-11-25 17:45:49,580] {logging_mixin.py:115} INFO - [2023-11-25 17:45:49,580] {dagbag.py:508} INFO - Filling up the DagBag from /home/airflow/.local/lib/python3.7/site-packages/airflow/example_dags/example_sla_dag.py
[2023-11-25 17:45:49,603] {processor.py:651} INFO - DAG(s) dict_keys(['example_sla_dag']) retrieved from /home/airflow/.local/lib/python3.7/site-packages/airflow/example_dags/example_sla_dag.py
[2023-11-25 17:45:49,639] {logging_mixin.py:115} INFO - [2023-11-25 17:45:49,639] {dag.py:2420} INFO - Sync 1 DAGs
[2023-11-25 17:45:49,672] {logging_mixin.py:115} INFO - [2023-11-25 17:45:49,671] {dag.py:2972} INFO - Setting next_dagrun for example_sla_dag to 2023-11-25T17:42:00+00:00, run_after=2023-11-25T17:44:00+00:00
[2023-11-25 17:45:49,684] {processor.py:161} INFO - Processing /home/airflow/.local/lib/python3.7/site-packages/airflow/example_dags/example_sla_dag.py took 0.110 seconds
[2023-11-25 17:46:19,745] {processor.py:153} INFO - Started process (PID=2126) to work on /home/airflow/.local/lib/python3.7/site-packages/airflow/example_dags/example_sla_dag.py
[2023-11-25 17:46:19,746] {processor.py:641} INFO - Processing file /home/airflow/.local/lib/python3.7/site-packages/airflow/example_dags/example_sla_dag.py for tasks to queue
[2023-11-25 17:46:19,746] {logging_mixin.py:115} INFO - [2023-11-25 17:46:19,746] {dagbag.py:508} INFO - Filling up the DagBag from /home/airflow/.local/lib/python3.7/site-packages/airflow/example_dags/example_sla_dag.py
[2023-11-25 17:46:19,770] {processor.py:651} INFO - DAG(s) dict_keys(['example_sla_dag']) retrieved from /home/airflow/.local/lib/python3.7/site-packages/airflow/example_dags/example_sla_dag.py
[2023-11-25 17:46:19,808] {logging_mixin.py:115} INFO - [2023-11-25 17:46:19,808] {dag.py:2420} INFO - Sync 1 DAGs
[2023-11-25 17:46:19,839] {logging_mixin.py:115} INFO - [2023-11-25 17:46:19,839] {dag.py:2972} INFO - Setting next_dagrun for example_sla_dag to 2023-11-25T17:44:00+00:00, run_after=2023-11-25T17:46:00+00:00
[2023-11-25 17:46:19,852] {processor.py:161} INFO - Processing /home/airflow/.local/lib/python3.7/site-packages/airflow/example_dags/example_sla_dag.py took 0.112 seconds
[2023-11-25 17:46:50,301] {processor.py:153} INFO - Started process (PID=2180) to work on /home/airflow/.local/lib/python3.7/site-packages/airflow/example_dags/example_sla_dag.py
[2023-11-25 17:46:50,302] {processor.py:641} INFO - Processing file /home/airflow/.local/lib/python3.7/site-packages/airflow/example_dags/example_sla_dag.py for tasks to queue
[2023-11-25 17:46:50,303] {logging_mixin.py:115} INFO - [2023-11-25 17:46:50,303] {dagbag.py:508} INFO - Filling up the DagBag from /home/airflow/.local/lib/python3.7/site-packages/airflow/example_dags/example_sla_dag.py
[2023-11-25 17:46:50,324] {processor.py:651} INFO - DAG(s) dict_keys(['example_sla_dag']) retrieved from /home/airflow/.local/lib/python3.7/site-packages/airflow/example_dags/example_sla_dag.py
[2023-11-25 17:46:50,363] {logging_mixin.py:115} INFO - [2023-11-25 17:46:50,363] {dag.py:2420} INFO - Sync 1 DAGs
[2023-11-25 17:46:50,395] {logging_mixin.py:115} INFO - [2023-11-25 17:46:50,394] {dag.py:2972} INFO - Setting next_dagrun for example_sla_dag to 2023-11-25T17:44:00+00:00, run_after=2023-11-25T17:46:00+00:00
[2023-11-25 17:46:50,411] {processor.py:161} INFO - Processing /home/airflow/.local/lib/python3.7/site-packages/airflow/example_dags/example_sla_dag.py took 0.115 seconds
[2023-11-25 17:47:20,872] {processor.py:153} INFO - Started process (PID=2242) to work on /home/airflow/.local/lib/python3.7/site-packages/airflow/example_dags/example_sla_dag.py
[2023-11-25 17:47:20,872] {processor.py:641} INFO - Processing file /home/airflow/.local/lib/python3.7/site-packages/airflow/example_dags/example_sla_dag.py for tasks to queue
[2023-11-25 17:47:20,873] {logging_mixin.py:115} INFO - [2023-11-25 17:47:20,873] {dagbag.py:508} INFO - Filling up the DagBag from /home/airflow/.local/lib/python3.7/site-packages/airflow/example_dags/example_sla_dag.py
[2023-11-25 17:47:20,896] {processor.py:651} INFO - DAG(s) dict_keys(['example_sla_dag']) retrieved from /home/airflow/.local/lib/python3.7/site-packages/airflow/example_dags/example_sla_dag.py
[2023-11-25 17:47:20,934] {logging_mixin.py:115} INFO - [2023-11-25 17:47:20,934] {dag.py:2420} INFO - Sync 1 DAGs
[2023-11-25 17:47:20,970] {logging_mixin.py:115} INFO - [2023-11-25 17:47:20,970] {dag.py:2972} INFO - Setting next_dagrun for example_sla_dag to 2023-11-25T17:44:00+00:00, run_after=2023-11-25T17:46:00+00:00
[2023-11-25 17:47:20,984] {processor.py:161} INFO - Processing /home/airflow/.local/lib/python3.7/site-packages/airflow/example_dags/example_sla_dag.py took 0.118 seconds
[2023-11-25 17:47:51,302] {processor.py:153} INFO - Started process (PID=2305) to work on /home/airflow/.local/lib/python3.7/site-packages/airflow/example_dags/example_sla_dag.py
[2023-11-25 17:47:51,303] {processor.py:641} INFO - Processing file /home/airflow/.local/lib/python3.7/site-packages/airflow/example_dags/example_sla_dag.py for tasks to queue
[2023-11-25 17:47:51,304] {logging_mixin.py:115} INFO - [2023-11-25 17:47:51,304] {dagbag.py:508} INFO - Filling up the DagBag from /home/airflow/.local/lib/python3.7/site-packages/airflow/example_dags/example_sla_dag.py
[2023-11-25 17:47:51,326] {processor.py:651} INFO - DAG(s) dict_keys(['example_sla_dag']) retrieved from /home/airflow/.local/lib/python3.7/site-packages/airflow/example_dags/example_sla_dag.py
[2023-11-25 17:47:51,366] {logging_mixin.py:115} INFO - [2023-11-25 17:47:51,366] {dag.py:2420} INFO - Sync 1 DAGs
[2023-11-25 17:47:51,397] {logging_mixin.py:115} INFO - [2023-11-25 17:47:51,396] {dag.py:2972} INFO - Setting next_dagrun for example_sla_dag to 2023-11-25T17:44:00+00:00, run_after=2023-11-25T17:46:00+00:00
[2023-11-25 17:47:51,412] {processor.py:161} INFO - Processing /home/airflow/.local/lib/python3.7/site-packages/airflow/example_dags/example_sla_dag.py took 0.115 seconds
[2023-11-25 17:48:22,117] {processor.py:153} INFO - Started process (PID=2359) to work on /home/airflow/.local/lib/python3.7/site-packages/airflow/example_dags/example_sla_dag.py
[2023-11-25 17:48:22,118] {processor.py:641} INFO - Processing file /home/airflow/.local/lib/python3.7/site-packages/airflow/example_dags/example_sla_dag.py for tasks to queue
[2023-11-25 17:48:22,119] {logging_mixin.py:115} INFO - [2023-11-25 17:48:22,119] {dagbag.py:508} INFO - Filling up the DagBag from /home/airflow/.local/lib/python3.7/site-packages/airflow/example_dags/example_sla_dag.py
[2023-11-25 17:48:22,140] {processor.py:651} INFO - DAG(s) dict_keys(['example_sla_dag']) retrieved from /home/airflow/.local/lib/python3.7/site-packages/airflow/example_dags/example_sla_dag.py
[2023-11-25 17:48:22,183] {logging_mixin.py:115} INFO - [2023-11-25 17:48:22,183] {dag.py:2420} INFO - Sync 1 DAGs
[2023-11-25 17:48:22,223] {logging_mixin.py:115} INFO - [2023-11-25 17:48:22,223] {dag.py:2972} INFO - Setting next_dagrun for example_sla_dag to 2023-11-25T17:46:00+00:00, run_after=2023-11-25T17:48:00+00:00
[2023-11-25 17:48:22,237] {processor.py:161} INFO - Processing /home/airflow/.local/lib/python3.7/site-packages/airflow/example_dags/example_sla_dag.py took 0.125 seconds
[2023-11-25 17:48:52,476] {processor.py:153} INFO - Started process (PID=2426) to work on /home/airflow/.local/lib/python3.7/site-packages/airflow/example_dags/example_sla_dag.py
[2023-11-25 17:48:52,477] {processor.py:641} INFO - Processing file /home/airflow/.local/lib/python3.7/site-packages/airflow/example_dags/example_sla_dag.py for tasks to queue
[2023-11-25 17:48:52,478] {logging_mixin.py:115} INFO - [2023-11-25 17:48:52,478] {dagbag.py:508} INFO - Filling up the DagBag from /home/airflow/.local/lib/python3.7/site-packages/airflow/example_dags/example_sla_dag.py
[2023-11-25 17:48:52,512] {processor.py:651} INFO - DAG(s) dict_keys(['example_sla_dag']) retrieved from /home/airflow/.local/lib/python3.7/site-packages/airflow/example_dags/example_sla_dag.py
[2023-11-25 17:48:52,572] {logging_mixin.py:115} INFO - [2023-11-25 17:48:52,572] {dag.py:2420} INFO - Sync 1 DAGs
[2023-11-25 17:48:52,615] {logging_mixin.py:115} INFO - [2023-11-25 17:48:52,615] {dag.py:2972} INFO - Setting next_dagrun for example_sla_dag to 2023-11-25T17:46:00+00:00, run_after=2023-11-25T17:48:00+00:00
[2023-11-25 17:48:52,632] {processor.py:161} INFO - Processing /home/airflow/.local/lib/python3.7/site-packages/airflow/example_dags/example_sla_dag.py took 0.161 seconds
[2023-11-25 17:49:23,403] {processor.py:153} INFO - Started process (PID=2489) to work on /home/airflow/.local/lib/python3.7/site-packages/airflow/example_dags/example_sla_dag.py
[2023-11-25 17:49:23,404] {processor.py:641} INFO - Processing file /home/airflow/.local/lib/python3.7/site-packages/airflow/example_dags/example_sla_dag.py for tasks to queue
[2023-11-25 17:49:23,405] {logging_mixin.py:115} INFO - [2023-11-25 17:49:23,405] {dagbag.py:508} INFO - Filling up the DagBag from /home/airflow/.local/lib/python3.7/site-packages/airflow/example_dags/example_sla_dag.py
[2023-11-25 17:49:23,426] {processor.py:651} INFO - DAG(s) dict_keys(['example_sla_dag']) retrieved from /home/airflow/.local/lib/python3.7/site-packages/airflow/example_dags/example_sla_dag.py
[2023-11-25 17:49:23,463] {logging_mixin.py:115} INFO - [2023-11-25 17:49:23,463] {dag.py:2420} INFO - Sync 1 DAGs
[2023-11-25 17:49:23,497] {logging_mixin.py:115} INFO - [2023-11-25 17:49:23,497] {dag.py:2972} INFO - Setting next_dagrun for example_sla_dag to 2023-11-25T17:46:00+00:00, run_after=2023-11-25T17:48:00+00:00
[2023-11-25 17:49:23,509] {processor.py:161} INFO - Processing /home/airflow/.local/lib/python3.7/site-packages/airflow/example_dags/example_sla_dag.py took 0.111 seconds
[2023-11-25 17:49:53,637] {processor.py:153} INFO - Started process (PID=2543) to work on /home/airflow/.local/lib/python3.7/site-packages/airflow/example_dags/example_sla_dag.py
[2023-11-25 17:49:53,638] {processor.py:641} INFO - Processing file /home/airflow/.local/lib/python3.7/site-packages/airflow/example_dags/example_sla_dag.py for tasks to queue
[2023-11-25 17:49:53,638] {logging_mixin.py:115} INFO - [2023-11-25 17:49:53,638] {dagbag.py:508} INFO - Filling up the DagBag from /home/airflow/.local/lib/python3.7/site-packages/airflow/example_dags/example_sla_dag.py
[2023-11-25 17:49:53,678] {processor.py:651} INFO - DAG(s) dict_keys(['example_sla_dag']) retrieved from /home/airflow/.local/lib/python3.7/site-packages/airflow/example_dags/example_sla_dag.py
[2023-11-25 17:49:53,752] {logging_mixin.py:115} INFO - [2023-11-25 17:49:53,752] {dag.py:2420} INFO - Sync 1 DAGs
[2023-11-25 17:49:53,803] {logging_mixin.py:115} INFO - [2023-11-25 17:49:53,802] {dag.py:2972} INFO - Setting next_dagrun for example_sla_dag to 2023-11-25T17:46:00+00:00, run_after=2023-11-25T17:48:00+00:00
[2023-11-25 17:49:53,821] {processor.py:161} INFO - Processing /home/airflow/.local/lib/python3.7/site-packages/airflow/example_dags/example_sla_dag.py took 0.189 seconds
[2023-11-25 17:50:24,074] {processor.py:153} INFO - Started process (PID=2606) to work on /home/airflow/.local/lib/python3.7/site-packages/airflow/example_dags/example_sla_dag.py
[2023-11-25 17:50:24,075] {processor.py:641} INFO - Processing file /home/airflow/.local/lib/python3.7/site-packages/airflow/example_dags/example_sla_dag.py for tasks to queue
[2023-11-25 17:50:24,076] {logging_mixin.py:115} INFO - [2023-11-25 17:50:24,076] {dagbag.py:508} INFO - Filling up the DagBag from /home/airflow/.local/lib/python3.7/site-packages/airflow/example_dags/example_sla_dag.py
[2023-11-25 17:50:24,097] {processor.py:651} INFO - DAG(s) dict_keys(['example_sla_dag']) retrieved from /home/airflow/.local/lib/python3.7/site-packages/airflow/example_dags/example_sla_dag.py
[2023-11-25 17:50:24,138] {logging_mixin.py:115} INFO - [2023-11-25 17:50:24,138] {dag.py:2420} INFO - Sync 1 DAGs
[2023-11-25 17:50:24,169] {logging_mixin.py:115} INFO - [2023-11-25 17:50:24,169] {dag.py:2972} INFO - Setting next_dagrun for example_sla_dag to 2023-11-25T17:48:00+00:00, run_after=2023-11-25T17:50:00+00:00
[2023-11-25 17:50:24,182] {processor.py:161} INFO - Processing /home/airflow/.local/lib/python3.7/site-packages/airflow/example_dags/example_sla_dag.py took 0.113 seconds
[2023-11-25 17:50:54,557] {processor.py:153} INFO - Started process (PID=2668) to work on /home/airflow/.local/lib/python3.7/site-packages/airflow/example_dags/example_sla_dag.py
[2023-11-25 17:50:54,558] {processor.py:641} INFO - Processing file /home/airflow/.local/lib/python3.7/site-packages/airflow/example_dags/example_sla_dag.py for tasks to queue
[2023-11-25 17:50:54,559] {logging_mixin.py:115} INFO - [2023-11-25 17:50:54,559] {dagbag.py:508} INFO - Filling up the DagBag from /home/airflow/.local/lib/python3.7/site-packages/airflow/example_dags/example_sla_dag.py
[2023-11-25 17:50:54,592] {processor.py:651} INFO - DAG(s) dict_keys(['example_sla_dag']) retrieved from /home/airflow/.local/lib/python3.7/site-packages/airflow/example_dags/example_sla_dag.py
[2023-11-25 17:50:54,679] {logging_mixin.py:115} INFO - [2023-11-25 17:50:54,679] {dag.py:2420} INFO - Sync 1 DAGs
[2023-11-25 17:50:54,759] {logging_mixin.py:115} INFO - [2023-11-25 17:50:54,759] {dag.py:2972} INFO - Setting next_dagrun for example_sla_dag to 2023-11-25T17:48:00+00:00, run_after=2023-11-25T17:50:00+00:00
[2023-11-25 17:50:54,793] {processor.py:161} INFO - Processing /home/airflow/.local/lib/python3.7/site-packages/airflow/example_dags/example_sla_dag.py took 0.242 seconds
[2023-11-25 17:51:25,103] {processor.py:153} INFO - Started process (PID=2721) to work on /home/airflow/.local/lib/python3.7/site-packages/airflow/example_dags/example_sla_dag.py
[2023-11-25 17:51:25,103] {processor.py:641} INFO - Processing file /home/airflow/.local/lib/python3.7/site-packages/airflow/example_dags/example_sla_dag.py for tasks to queue
[2023-11-25 17:51:25,104] {logging_mixin.py:115} INFO - [2023-11-25 17:51:25,104] {dagbag.py:508} INFO - Filling up the DagBag from /home/airflow/.local/lib/python3.7/site-packages/airflow/example_dags/example_sla_dag.py
[2023-11-25 17:51:25,139] {processor.py:651} INFO - DAG(s) dict_keys(['example_sla_dag']) retrieved from /home/airflow/.local/lib/python3.7/site-packages/airflow/example_dags/example_sla_dag.py
[2023-11-25 17:51:25,177] {logging_mixin.py:115} INFO - [2023-11-25 17:51:25,177] {dag.py:2420} INFO - Sync 1 DAGs
[2023-11-25 17:51:25,209] {logging_mixin.py:115} INFO - [2023-11-25 17:51:25,209] {dag.py:2972} INFO - Setting next_dagrun for example_sla_dag to 2023-11-25T17:48:00+00:00, run_after=2023-11-25T17:50:00+00:00
[2023-11-25 17:51:25,232] {processor.py:161} INFO - Processing /home/airflow/.local/lib/python3.7/site-packages/airflow/example_dags/example_sla_dag.py took 0.134 seconds
[2023-11-25 17:51:55,385] {processor.py:153} INFO - Started process (PID=2783) to work on /home/airflow/.local/lib/python3.7/site-packages/airflow/example_dags/example_sla_dag.py
[2023-11-25 17:51:55,390] {processor.py:641} INFO - Processing file /home/airflow/.local/lib/python3.7/site-packages/airflow/example_dags/example_sla_dag.py for tasks to queue
[2023-11-25 17:51:55,391] {logging_mixin.py:115} INFO - [2023-11-25 17:51:55,391] {dagbag.py:508} INFO - Filling up the DagBag from /home/airflow/.local/lib/python3.7/site-packages/airflow/example_dags/example_sla_dag.py
[2023-11-25 17:51:55,431] {processor.py:651} INFO - DAG(s) dict_keys(['example_sla_dag']) retrieved from /home/airflow/.local/lib/python3.7/site-packages/airflow/example_dags/example_sla_dag.py
[2023-11-25 17:51:55,515] {logging_mixin.py:115} INFO - [2023-11-25 17:51:55,515] {dag.py:2420} INFO - Sync 1 DAGs
[2023-11-25 17:51:55,634] {logging_mixin.py:115} INFO - [2023-11-25 17:51:55,633] {dag.py:2972} INFO - Setting next_dagrun for example_sla_dag to 2023-11-25T17:48:00+00:00, run_after=2023-11-25T17:50:00+00:00
[2023-11-25 17:51:55,677] {processor.py:161} INFO - Processing /home/airflow/.local/lib/python3.7/site-packages/airflow/example_dags/example_sla_dag.py took 0.297 seconds
[2023-11-25 17:52:26,092] {processor.py:153} INFO - Started process (PID=2836) to work on /home/airflow/.local/lib/python3.7/site-packages/airflow/example_dags/example_sla_dag.py
[2023-11-25 17:52:26,093] {processor.py:641} INFO - Processing file /home/airflow/.local/lib/python3.7/site-packages/airflow/example_dags/example_sla_dag.py for tasks to queue
[2023-11-25 17:52:26,094] {logging_mixin.py:115} INFO - [2023-11-25 17:52:26,093] {dagbag.py:508} INFO - Filling up the DagBag from /home/airflow/.local/lib/python3.7/site-packages/airflow/example_dags/example_sla_dag.py
[2023-11-25 17:52:26,119] {processor.py:651} INFO - DAG(s) dict_keys(['example_sla_dag']) retrieved from /home/airflow/.local/lib/python3.7/site-packages/airflow/example_dags/example_sla_dag.py
[2023-11-25 17:52:26,165] {logging_mixin.py:115} INFO - [2023-11-25 17:52:26,165] {dag.py:2420} INFO - Sync 1 DAGs
[2023-11-25 17:52:26,201] {logging_mixin.py:115} INFO - [2023-11-25 17:52:26,201] {dag.py:2972} INFO - Setting next_dagrun for example_sla_dag to 2023-11-25T17:50:00+00:00, run_after=2023-11-25T17:52:00+00:00
[2023-11-25 17:52:26,220] {processor.py:161} INFO - Processing /home/airflow/.local/lib/python3.7/site-packages/airflow/example_dags/example_sla_dag.py took 0.134 seconds
[2023-11-25 17:52:56,826] {processor.py:153} INFO - Started process (PID=2898) to work on /home/airflow/.local/lib/python3.7/site-packages/airflow/example_dags/example_sla_dag.py
[2023-11-25 17:52:56,827] {processor.py:641} INFO - Processing file /home/airflow/.local/lib/python3.7/site-packages/airflow/example_dags/example_sla_dag.py for tasks to queue
[2023-11-25 17:52:56,827] {logging_mixin.py:115} INFO - [2023-11-25 17:52:56,827] {dagbag.py:508} INFO - Filling up the DagBag from /home/airflow/.local/lib/python3.7/site-packages/airflow/example_dags/example_sla_dag.py
[2023-11-25 17:52:56,858] {processor.py:651} INFO - DAG(s) dict_keys(['example_sla_dag']) retrieved from /home/airflow/.local/lib/python3.7/site-packages/airflow/example_dags/example_sla_dag.py
[2023-11-25 17:52:56,930] {logging_mixin.py:115} INFO - [2023-11-25 17:52:56,930] {dag.py:2420} INFO - Sync 1 DAGs
[2023-11-25 17:52:56,961] {logging_mixin.py:115} INFO - [2023-11-25 17:52:56,961] {dag.py:2972} INFO - Setting next_dagrun for example_sla_dag to 2023-11-25T17:50:00+00:00, run_after=2023-11-25T17:52:00+00:00
[2023-11-25 17:52:56,975] {processor.py:161} INFO - Processing /home/airflow/.local/lib/python3.7/site-packages/airflow/example_dags/example_sla_dag.py took 0.154 seconds
[2023-11-25 17:53:27,439] {processor.py:153} INFO - Started process (PID=2961) to work on /home/airflow/.local/lib/python3.7/site-packages/airflow/example_dags/example_sla_dag.py
[2023-11-25 17:53:27,440] {processor.py:641} INFO - Processing file /home/airflow/.local/lib/python3.7/site-packages/airflow/example_dags/example_sla_dag.py for tasks to queue
[2023-11-25 17:53:27,440] {logging_mixin.py:115} INFO - [2023-11-25 17:53:27,440] {dagbag.py:508} INFO - Filling up the DagBag from /home/airflow/.local/lib/python3.7/site-packages/airflow/example_dags/example_sla_dag.py
[2023-11-25 17:53:27,477] {processor.py:651} INFO - DAG(s) dict_keys(['example_sla_dag']) retrieved from /home/airflow/.local/lib/python3.7/site-packages/airflow/example_dags/example_sla_dag.py
[2023-11-25 17:53:27,535] {logging_mixin.py:115} INFO - [2023-11-25 17:53:27,535] {dag.py:2420} INFO - Sync 1 DAGs
[2023-11-25 17:53:27,590] {logging_mixin.py:115} INFO - [2023-11-25 17:53:27,589] {dag.py:2972} INFO - Setting next_dagrun for example_sla_dag to 2023-11-25T17:50:00+00:00, run_after=2023-11-25T17:52:00+00:00
[2023-11-25 17:53:27,612] {processor.py:161} INFO - Processing /home/airflow/.local/lib/python3.7/site-packages/airflow/example_dags/example_sla_dag.py took 0.179 seconds
[2023-11-25 17:53:57,731] {processor.py:153} INFO - Started process (PID=3015) to work on /home/airflow/.local/lib/python3.7/site-packages/airflow/example_dags/example_sla_dag.py
[2023-11-25 17:53:57,732] {processor.py:641} INFO - Processing file /home/airflow/.local/lib/python3.7/site-packages/airflow/example_dags/example_sla_dag.py for tasks to queue
[2023-11-25 17:53:57,732] {logging_mixin.py:115} INFO - [2023-11-25 17:53:57,732] {dagbag.py:508} INFO - Filling up the DagBag from /home/airflow/.local/lib/python3.7/site-packages/airflow/example_dags/example_sla_dag.py
[2023-11-25 17:53:57,773] {processor.py:651} INFO - DAG(s) dict_keys(['example_sla_dag']) retrieved from /home/airflow/.local/lib/python3.7/site-packages/airflow/example_dags/example_sla_dag.py
[2023-11-25 17:53:57,834] {logging_mixin.py:115} INFO - [2023-11-25 17:53:57,834] {dag.py:2420} INFO - Sync 1 DAGs
[2023-11-25 17:53:57,865] {logging_mixin.py:115} INFO - [2023-11-25 17:53:57,865] {dag.py:2972} INFO - Setting next_dagrun for example_sla_dag to 2023-11-25T17:50:00+00:00, run_after=2023-11-25T17:52:00+00:00
[2023-11-25 17:53:57,876] {processor.py:161} INFO - Processing /home/airflow/.local/lib/python3.7/site-packages/airflow/example_dags/example_sla_dag.py took 0.151 seconds
