[2023-11-25 17:28:23,893] {processor.py:153} INFO - Started process (PID=79) to work on /home/airflow/.local/lib/python3.7/site-packages/airflow/example_dags/example_branch_operator_decorator.py
[2023-11-25 17:28:23,910] {processor.py:641} INFO - Processing file /home/airflow/.local/lib/python3.7/site-packages/airflow/example_dags/example_branch_operator_decorator.py for tasks to queue
[2023-11-25 17:28:23,911] {logging_mixin.py:115} INFO - [2023-11-25 17:28:23,911] {dagbag.py:508} INFO - Filling up the DagBag from /home/airflow/.local/lib/python3.7/site-packages/airflow/example_dags/example_branch_operator_decorator.py
[2023-11-25 17:28:24,092] {processor.py:651} INFO - DAG(s) dict_keys(['example_branch_python_operator_decorator']) retrieved from /home/airflow/.local/lib/python3.7/site-packages/airflow/example_dags/example_branch_operator_decorator.py
[2023-11-25 17:28:24,770] {logging_mixin.py:115} INFO - [2023-11-25 17:28:24,770] {manager.py:508} INFO - Created Permission View: can delete on DAG:example_branch_python_operator_decorator
[2023-11-25 17:28:24,851] {logging_mixin.py:115} INFO - [2023-11-25 17:28:24,851] {manager.py:508} INFO - Created Permission View: can edit on DAG:example_branch_python_operator_decorator
[2023-11-25 17:28:24,871] {logging_mixin.py:115} INFO - [2023-11-25 17:28:24,871] {manager.py:508} INFO - Created Permission View: can read on DAG:example_branch_python_operator_decorator
[2023-11-25 17:28:24,871] {logging_mixin.py:115} INFO - [2023-11-25 17:28:24,871] {dag.py:2420} INFO - Sync 1 DAGs
[2023-11-25 17:28:24,933] {logging_mixin.py:115} INFO - [2023-11-25 17:28:24,933] {dag.py:2439} INFO - Creating ORM DAG for example_branch_python_operator_decorator
[2023-11-25 17:28:25,031] {logging_mixin.py:115} INFO - [2023-11-25 17:28:25,031] {dag.py:2972} INFO - Setting next_dagrun for example_branch_python_operator_decorator to 2023-11-24T00:00:00+00:00, run_after=2023-11-25T00:00:00+00:00
[2023-11-25 17:28:25,171] {processor.py:161} INFO - Processing /home/airflow/.local/lib/python3.7/site-packages/airflow/example_dags/example_branch_operator_decorator.py took 1.300 seconds
[2023-11-25 17:28:55,791] {processor.py:153} INFO - Started process (PID=122) to work on /home/airflow/.local/lib/python3.7/site-packages/airflow/example_dags/example_branch_operator_decorator.py
[2023-11-25 17:28:55,792] {processor.py:641} INFO - Processing file /home/airflow/.local/lib/python3.7/site-packages/airflow/example_dags/example_branch_operator_decorator.py for tasks to queue
[2023-11-25 17:28:55,793] {logging_mixin.py:115} INFO - [2023-11-25 17:28:55,793] {dagbag.py:508} INFO - Filling up the DagBag from /home/airflow/.local/lib/python3.7/site-packages/airflow/example_dags/example_branch_operator_decorator.py
[2023-11-25 17:28:55,855] {processor.py:651} INFO - DAG(s) dict_keys(['example_branch_python_operator_decorator']) retrieved from /home/airflow/.local/lib/python3.7/site-packages/airflow/example_dags/example_branch_operator_decorator.py
[2023-11-25 17:28:55,977] {logging_mixin.py:115} INFO - [2023-11-25 17:28:55,977] {dag.py:2420} INFO - Sync 1 DAGs
[2023-11-25 17:28:56,055] {logging_mixin.py:115} INFO - [2023-11-25 17:28:56,055] {dag.py:2972} INFO - Setting next_dagrun for example_branch_python_operator_decorator to 2023-11-24T00:00:00+00:00, run_after=2023-11-25T00:00:00+00:00
[2023-11-25 17:28:56,094] {processor.py:161} INFO - Processing /home/airflow/.local/lib/python3.7/site-packages/airflow/example_dags/example_branch_operator_decorator.py took 0.321 seconds
[2023-11-25 17:29:26,147] {processor.py:153} INFO - Started process (PID=181) to work on /home/airflow/.local/lib/python3.7/site-packages/airflow/example_dags/example_branch_operator_decorator.py
[2023-11-25 17:29:26,148] {processor.py:641} INFO - Processing file /home/airflow/.local/lib/python3.7/site-packages/airflow/example_dags/example_branch_operator_decorator.py for tasks to queue
[2023-11-25 17:29:26,148] {logging_mixin.py:115} INFO - [2023-11-25 17:29:26,148] {dagbag.py:508} INFO - Filling up the DagBag from /home/airflow/.local/lib/python3.7/site-packages/airflow/example_dags/example_branch_operator_decorator.py
[2023-11-25 17:29:26,171] {processor.py:651} INFO - DAG(s) dict_keys(['example_branch_python_operator_decorator']) retrieved from /home/airflow/.local/lib/python3.7/site-packages/airflow/example_dags/example_branch_operator_decorator.py
[2023-11-25 17:29:26,218] {logging_mixin.py:115} INFO - [2023-11-25 17:29:26,218] {dag.py:2420} INFO - Sync 1 DAGs
[2023-11-25 17:29:26,254] {logging_mixin.py:115} INFO - [2023-11-25 17:29:26,254] {dag.py:2972} INFO - Setting next_dagrun for example_branch_python_operator_decorator to 2023-11-24T00:00:00+00:00, run_after=2023-11-25T00:00:00+00:00
[2023-11-25 17:29:26,273] {processor.py:161} INFO - Processing /home/airflow/.local/lib/python3.7/site-packages/airflow/example_dags/example_branch_operator_decorator.py took 0.131 seconds
[2023-11-25 17:29:56,423] {processor.py:153} INFO - Started process (PID=235) to work on /home/airflow/.local/lib/python3.7/site-packages/airflow/example_dags/example_branch_operator_decorator.py
[2023-11-25 17:29:56,423] {processor.py:641} INFO - Processing file /home/airflow/.local/lib/python3.7/site-packages/airflow/example_dags/example_branch_operator_decorator.py for tasks to queue
[2023-11-25 17:29:56,424] {logging_mixin.py:115} INFO - [2023-11-25 17:29:56,424] {dagbag.py:508} INFO - Filling up the DagBag from /home/airflow/.local/lib/python3.7/site-packages/airflow/example_dags/example_branch_operator_decorator.py
[2023-11-25 17:29:56,448] {processor.py:651} INFO - DAG(s) dict_keys(['example_branch_python_operator_decorator']) retrieved from /home/airflow/.local/lib/python3.7/site-packages/airflow/example_dags/example_branch_operator_decorator.py
[2023-11-25 17:29:56,488] {logging_mixin.py:115} INFO - [2023-11-25 17:29:56,487] {dag.py:2420} INFO - Sync 1 DAGs
[2023-11-25 17:29:56,521] {logging_mixin.py:115} INFO - [2023-11-25 17:29:56,520] {dag.py:2972} INFO - Setting next_dagrun for example_branch_python_operator_decorator to 2023-11-24T00:00:00+00:00, run_after=2023-11-25T00:00:00+00:00
[2023-11-25 17:29:56,535] {processor.py:161} INFO - Processing /home/airflow/.local/lib/python3.7/site-packages/airflow/example_dags/example_branch_operator_decorator.py took 0.118 seconds
[2023-11-25 17:30:26,765] {processor.py:153} INFO - Started process (PID=297) to work on /home/airflow/.local/lib/python3.7/site-packages/airflow/example_dags/example_branch_operator_decorator.py
[2023-11-25 17:30:26,766] {processor.py:641} INFO - Processing file /home/airflow/.local/lib/python3.7/site-packages/airflow/example_dags/example_branch_operator_decorator.py for tasks to queue
[2023-11-25 17:30:26,767] {logging_mixin.py:115} INFO - [2023-11-25 17:30:26,767] {dagbag.py:508} INFO - Filling up the DagBag from /home/airflow/.local/lib/python3.7/site-packages/airflow/example_dags/example_branch_operator_decorator.py
[2023-11-25 17:30:26,792] {processor.py:651} INFO - DAG(s) dict_keys(['example_branch_python_operator_decorator']) retrieved from /home/airflow/.local/lib/python3.7/site-packages/airflow/example_dags/example_branch_operator_decorator.py
[2023-11-25 17:30:26,836] {logging_mixin.py:115} INFO - [2023-11-25 17:30:26,835] {dag.py:2420} INFO - Sync 1 DAGs
[2023-11-25 17:30:26,864] {logging_mixin.py:115} INFO - [2023-11-25 17:30:26,864] {dag.py:2972} INFO - Setting next_dagrun for example_branch_python_operator_decorator to 2023-11-24T00:00:00+00:00, run_after=2023-11-25T00:00:00+00:00
[2023-11-25 17:30:26,877] {processor.py:161} INFO - Processing /home/airflow/.local/lib/python3.7/site-packages/airflow/example_dags/example_branch_operator_decorator.py took 0.117 seconds
[2023-11-25 17:30:57,680] {processor.py:153} INFO - Started process (PID=349) to work on /home/airflow/.local/lib/python3.7/site-packages/airflow/example_dags/example_branch_operator_decorator.py
[2023-11-25 17:30:57,681] {processor.py:641} INFO - Processing file /home/airflow/.local/lib/python3.7/site-packages/airflow/example_dags/example_branch_operator_decorator.py for tasks to queue
[2023-11-25 17:30:57,682] {logging_mixin.py:115} INFO - [2023-11-25 17:30:57,682] {dagbag.py:508} INFO - Filling up the DagBag from /home/airflow/.local/lib/python3.7/site-packages/airflow/example_dags/example_branch_operator_decorator.py
[2023-11-25 17:30:57,705] {processor.py:651} INFO - DAG(s) dict_keys(['example_branch_python_operator_decorator']) retrieved from /home/airflow/.local/lib/python3.7/site-packages/airflow/example_dags/example_branch_operator_decorator.py
[2023-11-25 17:30:57,750] {logging_mixin.py:115} INFO - [2023-11-25 17:30:57,750] {dag.py:2420} INFO - Sync 1 DAGs
[2023-11-25 17:30:57,782] {logging_mixin.py:115} INFO - [2023-11-25 17:30:57,782] {dag.py:2972} INFO - Setting next_dagrun for example_branch_python_operator_decorator to 2023-11-24T00:00:00+00:00, run_after=2023-11-25T00:00:00+00:00
[2023-11-25 17:30:57,800] {processor.py:161} INFO - Processing /home/airflow/.local/lib/python3.7/site-packages/airflow/example_dags/example_branch_operator_decorator.py took 0.125 seconds
[2023-11-25 17:31:28,553] {processor.py:153} INFO - Started process (PID=410) to work on /home/airflow/.local/lib/python3.7/site-packages/airflow/example_dags/example_branch_operator_decorator.py
[2023-11-25 17:31:28,554] {processor.py:641} INFO - Processing file /home/airflow/.local/lib/python3.7/site-packages/airflow/example_dags/example_branch_operator_decorator.py for tasks to queue
[2023-11-25 17:31:28,555] {logging_mixin.py:115} INFO - [2023-11-25 17:31:28,554] {dagbag.py:508} INFO - Filling up the DagBag from /home/airflow/.local/lib/python3.7/site-packages/airflow/example_dags/example_branch_operator_decorator.py
[2023-11-25 17:31:28,577] {processor.py:651} INFO - DAG(s) dict_keys(['example_branch_python_operator_decorator']) retrieved from /home/airflow/.local/lib/python3.7/site-packages/airflow/example_dags/example_branch_operator_decorator.py
[2023-11-25 17:31:28,618] {logging_mixin.py:115} INFO - [2023-11-25 17:31:28,618] {dag.py:2420} INFO - Sync 1 DAGs
[2023-11-25 17:31:28,672] {logging_mixin.py:115} INFO - [2023-11-25 17:31:28,672] {dag.py:2972} INFO - Setting next_dagrun for example_branch_python_operator_decorator to 2023-11-24T00:00:00+00:00, run_after=2023-11-25T00:00:00+00:00
[2023-11-25 17:31:28,690] {processor.py:161} INFO - Processing /home/airflow/.local/lib/python3.7/site-packages/airflow/example_dags/example_branch_operator_decorator.py took 0.142 seconds
[2023-11-25 17:31:59,221] {processor.py:153} INFO - Started process (PID=471) to work on /home/airflow/.local/lib/python3.7/site-packages/airflow/example_dags/example_branch_operator_decorator.py
[2023-11-25 17:31:59,222] {processor.py:641} INFO - Processing file /home/airflow/.local/lib/python3.7/site-packages/airflow/example_dags/example_branch_operator_decorator.py for tasks to queue
[2023-11-25 17:31:59,222] {logging_mixin.py:115} INFO - [2023-11-25 17:31:59,222] {dagbag.py:508} INFO - Filling up the DagBag from /home/airflow/.local/lib/python3.7/site-packages/airflow/example_dags/example_branch_operator_decorator.py
[2023-11-25 17:31:59,245] {processor.py:651} INFO - DAG(s) dict_keys(['example_branch_python_operator_decorator']) retrieved from /home/airflow/.local/lib/python3.7/site-packages/airflow/example_dags/example_branch_operator_decorator.py
[2023-11-25 17:31:59,295] {logging_mixin.py:115} INFO - [2023-11-25 17:31:59,294] {dag.py:2420} INFO - Sync 1 DAGs
[2023-11-25 17:31:59,323] {logging_mixin.py:115} INFO - [2023-11-25 17:31:59,323] {dag.py:2972} INFO - Setting next_dagrun for example_branch_python_operator_decorator to 2023-11-24T00:00:00+00:00, run_after=2023-11-25T00:00:00+00:00
[2023-11-25 17:31:59,335] {processor.py:161} INFO - Processing /home/airflow/.local/lib/python3.7/site-packages/airflow/example_dags/example_branch_operator_decorator.py took 0.120 seconds
[2023-11-25 17:32:29,758] {processor.py:153} INFO - Started process (PID=523) to work on /home/airflow/.local/lib/python3.7/site-packages/airflow/example_dags/example_branch_operator_decorator.py
[2023-11-25 17:32:29,759] {processor.py:641} INFO - Processing file /home/airflow/.local/lib/python3.7/site-packages/airflow/example_dags/example_branch_operator_decorator.py for tasks to queue
[2023-11-25 17:32:29,760] {logging_mixin.py:115} INFO - [2023-11-25 17:32:29,760] {dagbag.py:508} INFO - Filling up the DagBag from /home/airflow/.local/lib/python3.7/site-packages/airflow/example_dags/example_branch_operator_decorator.py
[2023-11-25 17:32:29,792] {processor.py:651} INFO - DAG(s) dict_keys(['example_branch_python_operator_decorator']) retrieved from /home/airflow/.local/lib/python3.7/site-packages/airflow/example_dags/example_branch_operator_decorator.py
[2023-11-25 17:32:29,852] {logging_mixin.py:115} INFO - [2023-11-25 17:32:29,852] {dag.py:2420} INFO - Sync 1 DAGs
[2023-11-25 17:32:29,911] {logging_mixin.py:115} INFO - [2023-11-25 17:32:29,911] {dag.py:2972} INFO - Setting next_dagrun for example_branch_python_operator_decorator to 2023-11-24T00:00:00+00:00, run_after=2023-11-25T00:00:00+00:00
[2023-11-25 17:32:29,933] {processor.py:161} INFO - Processing /home/airflow/.local/lib/python3.7/site-packages/airflow/example_dags/example_branch_operator_decorator.py took 0.180 seconds
[2023-11-25 17:33:00,331] {processor.py:153} INFO - Started process (PID=584) to work on /home/airflow/.local/lib/python3.7/site-packages/airflow/example_dags/example_branch_operator_decorator.py
[2023-11-25 17:33:00,332] {processor.py:641} INFO - Processing file /home/airflow/.local/lib/python3.7/site-packages/airflow/example_dags/example_branch_operator_decorator.py for tasks to queue
[2023-11-25 17:33:00,333] {logging_mixin.py:115} INFO - [2023-11-25 17:33:00,333] {dagbag.py:508} INFO - Filling up the DagBag from /home/airflow/.local/lib/python3.7/site-packages/airflow/example_dags/example_branch_operator_decorator.py
[2023-11-25 17:33:00,357] {processor.py:651} INFO - DAG(s) dict_keys(['example_branch_python_operator_decorator']) retrieved from /home/airflow/.local/lib/python3.7/site-packages/airflow/example_dags/example_branch_operator_decorator.py
[2023-11-25 17:33:00,419] {logging_mixin.py:115} INFO - [2023-11-25 17:33:00,419] {dag.py:2420} INFO - Sync 1 DAGs
[2023-11-25 17:33:00,452] {logging_mixin.py:115} INFO - [2023-11-25 17:33:00,452] {dag.py:2972} INFO - Setting next_dagrun for example_branch_python_operator_decorator to 2023-11-24T00:00:00+00:00, run_after=2023-11-25T00:00:00+00:00
[2023-11-25 17:33:00,465] {processor.py:161} INFO - Processing /home/airflow/.local/lib/python3.7/site-packages/airflow/example_dags/example_branch_operator_decorator.py took 0.138 seconds
[2023-11-25 17:33:30,733] {processor.py:153} INFO - Started process (PID=645) to work on /home/airflow/.local/lib/python3.7/site-packages/airflow/example_dags/example_branch_operator_decorator.py
[2023-11-25 17:33:30,734] {processor.py:641} INFO - Processing file /home/airflow/.local/lib/python3.7/site-packages/airflow/example_dags/example_branch_operator_decorator.py for tasks to queue
[2023-11-25 17:33:30,734] {logging_mixin.py:115} INFO - [2023-11-25 17:33:30,734] {dagbag.py:508} INFO - Filling up the DagBag from /home/airflow/.local/lib/python3.7/site-packages/airflow/example_dags/example_branch_operator_decorator.py
[2023-11-25 17:33:30,761] {processor.py:651} INFO - DAG(s) dict_keys(['example_branch_python_operator_decorator']) retrieved from /home/airflow/.local/lib/python3.7/site-packages/airflow/example_dags/example_branch_operator_decorator.py
[2023-11-25 17:33:30,801] {logging_mixin.py:115} INFO - [2023-11-25 17:33:30,801] {dag.py:2420} INFO - Sync 1 DAGs
[2023-11-25 17:33:30,830] {logging_mixin.py:115} INFO - [2023-11-25 17:33:30,830] {dag.py:2972} INFO - Setting next_dagrun for example_branch_python_operator_decorator to 2023-11-24T00:00:00+00:00, run_after=2023-11-25T00:00:00+00:00
[2023-11-25 17:33:30,843] {processor.py:161} INFO - Processing /home/airflow/.local/lib/python3.7/site-packages/airflow/example_dags/example_branch_operator_decorator.py took 0.116 seconds
[2023-11-25 17:34:01,171] {processor.py:153} INFO - Started process (PID=697) to work on /home/airflow/.local/lib/python3.7/site-packages/airflow/example_dags/example_branch_operator_decorator.py
[2023-11-25 17:34:01,172] {processor.py:641} INFO - Processing file /home/airflow/.local/lib/python3.7/site-packages/airflow/example_dags/example_branch_operator_decorator.py for tasks to queue
[2023-11-25 17:34:01,173] {logging_mixin.py:115} INFO - [2023-11-25 17:34:01,173] {dagbag.py:508} INFO - Filling up the DagBag from /home/airflow/.local/lib/python3.7/site-packages/airflow/example_dags/example_branch_operator_decorator.py
[2023-11-25 17:34:01,204] {processor.py:651} INFO - DAG(s) dict_keys(['example_branch_python_operator_decorator']) retrieved from /home/airflow/.local/lib/python3.7/site-packages/airflow/example_dags/example_branch_operator_decorator.py
[2023-11-25 17:34:01,251] {logging_mixin.py:115} INFO - [2023-11-25 17:34:01,251] {dag.py:2420} INFO - Sync 1 DAGs
[2023-11-25 17:34:01,288] {logging_mixin.py:115} INFO - [2023-11-25 17:34:01,288] {dag.py:2972} INFO - Setting next_dagrun for example_branch_python_operator_decorator to 2023-11-24T00:00:00+00:00, run_after=2023-11-25T00:00:00+00:00
[2023-11-25 17:34:01,301] {processor.py:161} INFO - Processing /home/airflow/.local/lib/python3.7/site-packages/airflow/example_dags/example_branch_operator_decorator.py took 0.143 seconds
[2023-11-25 17:34:31,993] {processor.py:153} INFO - Started process (PID=758) to work on /home/airflow/.local/lib/python3.7/site-packages/airflow/example_dags/example_branch_operator_decorator.py
[2023-11-25 17:34:31,994] {processor.py:641} INFO - Processing file /home/airflow/.local/lib/python3.7/site-packages/airflow/example_dags/example_branch_operator_decorator.py for tasks to queue
[2023-11-25 17:34:31,994] {logging_mixin.py:115} INFO - [2023-11-25 17:34:31,994] {dagbag.py:508} INFO - Filling up the DagBag from /home/airflow/.local/lib/python3.7/site-packages/airflow/example_dags/example_branch_operator_decorator.py
[2023-11-25 17:34:32,018] {processor.py:651} INFO - DAG(s) dict_keys(['example_branch_python_operator_decorator']) retrieved from /home/airflow/.local/lib/python3.7/site-packages/airflow/example_dags/example_branch_operator_decorator.py
[2023-11-25 17:34:32,062] {logging_mixin.py:115} INFO - [2023-11-25 17:34:32,062] {dag.py:2420} INFO - Sync 1 DAGs
[2023-11-25 17:34:32,092] {logging_mixin.py:115} INFO - [2023-11-25 17:34:32,092] {dag.py:2972} INFO - Setting next_dagrun for example_branch_python_operator_decorator to 2023-11-24T00:00:00+00:00, run_after=2023-11-25T00:00:00+00:00
[2023-11-25 17:34:32,105] {processor.py:161} INFO - Processing /home/airflow/.local/lib/python3.7/site-packages/airflow/example_dags/example_branch_operator_decorator.py took 0.117 seconds
[2023-11-25 17:35:02,353] {processor.py:153} INFO - Started process (PID=810) to work on /home/airflow/.local/lib/python3.7/site-packages/airflow/example_dags/example_branch_operator_decorator.py
[2023-11-25 17:35:02,354] {processor.py:641} INFO - Processing file /home/airflow/.local/lib/python3.7/site-packages/airflow/example_dags/example_branch_operator_decorator.py for tasks to queue
[2023-11-25 17:35:02,354] {logging_mixin.py:115} INFO - [2023-11-25 17:35:02,354] {dagbag.py:508} INFO - Filling up the DagBag from /home/airflow/.local/lib/python3.7/site-packages/airflow/example_dags/example_branch_operator_decorator.py
[2023-11-25 17:35:02,378] {processor.py:651} INFO - DAG(s) dict_keys(['example_branch_python_operator_decorator']) retrieved from /home/airflow/.local/lib/python3.7/site-packages/airflow/example_dags/example_branch_operator_decorator.py
[2023-11-25 17:35:02,416] {logging_mixin.py:115} INFO - [2023-11-25 17:35:02,416] {dag.py:2420} INFO - Sync 1 DAGs
[2023-11-25 17:35:02,444] {logging_mixin.py:115} INFO - [2023-11-25 17:35:02,444] {dag.py:2972} INFO - Setting next_dagrun for example_branch_python_operator_decorator to 2023-11-24T00:00:00+00:00, run_after=2023-11-25T00:00:00+00:00
[2023-11-25 17:35:02,456] {processor.py:161} INFO - Processing /home/airflow/.local/lib/python3.7/site-packages/airflow/example_dags/example_branch_operator_decorator.py took 0.109 seconds
[2023-11-25 17:35:32,813] {processor.py:153} INFO - Started process (PID=871) to work on /home/airflow/.local/lib/python3.7/site-packages/airflow/example_dags/example_branch_operator_decorator.py
[2023-11-25 17:35:32,813] {processor.py:641} INFO - Processing file /home/airflow/.local/lib/python3.7/site-packages/airflow/example_dags/example_branch_operator_decorator.py for tasks to queue
[2023-11-25 17:35:32,814] {logging_mixin.py:115} INFO - [2023-11-25 17:35:32,814] {dagbag.py:508} INFO - Filling up the DagBag from /home/airflow/.local/lib/python3.7/site-packages/airflow/example_dags/example_branch_operator_decorator.py
[2023-11-25 17:35:32,838] {processor.py:651} INFO - DAG(s) dict_keys(['example_branch_python_operator_decorator']) retrieved from /home/airflow/.local/lib/python3.7/site-packages/airflow/example_dags/example_branch_operator_decorator.py
[2023-11-25 17:35:32,876] {logging_mixin.py:115} INFO - [2023-11-25 17:35:32,876] {dag.py:2420} INFO - Sync 1 DAGs
[2023-11-25 17:35:32,905] {logging_mixin.py:115} INFO - [2023-11-25 17:35:32,905] {dag.py:2972} INFO - Setting next_dagrun for example_branch_python_operator_decorator to 2023-11-24T00:00:00+00:00, run_after=2023-11-25T00:00:00+00:00
[2023-11-25 17:35:32,918] {processor.py:161} INFO - Processing /home/airflow/.local/lib/python3.7/site-packages/airflow/example_dags/example_branch_operator_decorator.py took 0.110 seconds
[2023-11-25 17:36:03,559] {processor.py:153} INFO - Started process (PID=933) to work on /home/airflow/.local/lib/python3.7/site-packages/airflow/example_dags/example_branch_operator_decorator.py
[2023-11-25 17:36:03,560] {processor.py:641} INFO - Processing file /home/airflow/.local/lib/python3.7/site-packages/airflow/example_dags/example_branch_operator_decorator.py for tasks to queue
[2023-11-25 17:36:03,561] {logging_mixin.py:115} INFO - [2023-11-25 17:36:03,561] {dagbag.py:508} INFO - Filling up the DagBag from /home/airflow/.local/lib/python3.7/site-packages/airflow/example_dags/example_branch_operator_decorator.py
[2023-11-25 17:36:03,613] {processor.py:651} INFO - DAG(s) dict_keys(['example_branch_python_operator_decorator']) retrieved from /home/airflow/.local/lib/python3.7/site-packages/airflow/example_dags/example_branch_operator_decorator.py
[2023-11-25 17:36:03,673] {logging_mixin.py:115} INFO - [2023-11-25 17:36:03,672] {dag.py:2420} INFO - Sync 1 DAGs
[2023-11-25 17:36:03,719] {logging_mixin.py:115} INFO - [2023-11-25 17:36:03,719] {dag.py:2972} INFO - Setting next_dagrun for example_branch_python_operator_decorator to 2023-11-24T00:00:00+00:00, run_after=2023-11-25T00:00:00+00:00
[2023-11-25 17:36:03,737] {processor.py:161} INFO - Processing /home/airflow/.local/lib/python3.7/site-packages/airflow/example_dags/example_branch_operator_decorator.py took 0.183 seconds
[2023-11-25 17:36:34,174] {processor.py:153} INFO - Started process (PID=985) to work on /home/airflow/.local/lib/python3.7/site-packages/airflow/example_dags/example_branch_operator_decorator.py
[2023-11-25 17:36:34,175] {processor.py:641} INFO - Processing file /home/airflow/.local/lib/python3.7/site-packages/airflow/example_dags/example_branch_operator_decorator.py for tasks to queue
[2023-11-25 17:36:34,176] {logging_mixin.py:115} INFO - [2023-11-25 17:36:34,175] {dagbag.py:508} INFO - Filling up the DagBag from /home/airflow/.local/lib/python3.7/site-packages/airflow/example_dags/example_branch_operator_decorator.py
[2023-11-25 17:36:34,199] {processor.py:651} INFO - DAG(s) dict_keys(['example_branch_python_operator_decorator']) retrieved from /home/airflow/.local/lib/python3.7/site-packages/airflow/example_dags/example_branch_operator_decorator.py
[2023-11-25 17:36:34,246] {logging_mixin.py:115} INFO - [2023-11-25 17:36:34,246] {dag.py:2420} INFO - Sync 1 DAGs
[2023-11-25 17:36:34,280] {logging_mixin.py:115} INFO - [2023-11-25 17:36:34,280] {dag.py:2972} INFO - Setting next_dagrun for example_branch_python_operator_decorator to 2023-11-24T00:00:00+00:00, run_after=2023-11-25T00:00:00+00:00
[2023-11-25 17:36:34,298] {processor.py:161} INFO - Processing /home/airflow/.local/lib/python3.7/site-packages/airflow/example_dags/example_branch_operator_decorator.py took 0.129 seconds
[2023-11-25 17:37:04,575] {processor.py:153} INFO - Started process (PID=1046) to work on /home/airflow/.local/lib/python3.7/site-packages/airflow/example_dags/example_branch_operator_decorator.py
[2023-11-25 17:37:04,576] {processor.py:641} INFO - Processing file /home/airflow/.local/lib/python3.7/site-packages/airflow/example_dags/example_branch_operator_decorator.py for tasks to queue
[2023-11-25 17:37:04,577] {logging_mixin.py:115} INFO - [2023-11-25 17:37:04,577] {dagbag.py:508} INFO - Filling up the DagBag from /home/airflow/.local/lib/python3.7/site-packages/airflow/example_dags/example_branch_operator_decorator.py
[2023-11-25 17:37:04,601] {processor.py:651} INFO - DAG(s) dict_keys(['example_branch_python_operator_decorator']) retrieved from /home/airflow/.local/lib/python3.7/site-packages/airflow/example_dags/example_branch_operator_decorator.py
[2023-11-25 17:37:04,642] {logging_mixin.py:115} INFO - [2023-11-25 17:37:04,642] {dag.py:2420} INFO - Sync 1 DAGs
[2023-11-25 17:37:04,671] {logging_mixin.py:115} INFO - [2023-11-25 17:37:04,671] {dag.py:2972} INFO - Setting next_dagrun for example_branch_python_operator_decorator to 2023-11-24T00:00:00+00:00, run_after=2023-11-25T00:00:00+00:00
[2023-11-25 17:37:04,684] {processor.py:161} INFO - Processing /home/airflow/.local/lib/python3.7/site-packages/airflow/example_dags/example_branch_operator_decorator.py took 0.114 seconds
[2023-11-25 17:37:35,045] {processor.py:153} INFO - Started process (PID=1107) to work on /home/airflow/.local/lib/python3.7/site-packages/airflow/example_dags/example_branch_operator_decorator.py
[2023-11-25 17:37:35,050] {processor.py:641} INFO - Processing file /home/airflow/.local/lib/python3.7/site-packages/airflow/example_dags/example_branch_operator_decorator.py for tasks to queue
[2023-11-25 17:37:35,051] {logging_mixin.py:115} INFO - [2023-11-25 17:37:35,051] {dagbag.py:508} INFO - Filling up the DagBag from /home/airflow/.local/lib/python3.7/site-packages/airflow/example_dags/example_branch_operator_decorator.py
[2023-11-25 17:37:35,080] {processor.py:651} INFO - DAG(s) dict_keys(['example_branch_python_operator_decorator']) retrieved from /home/airflow/.local/lib/python3.7/site-packages/airflow/example_dags/example_branch_operator_decorator.py
[2023-11-25 17:37:35,152] {logging_mixin.py:115} INFO - [2023-11-25 17:37:35,151] {dag.py:2420} INFO - Sync 1 DAGs
[2023-11-25 17:37:35,199] {logging_mixin.py:115} INFO - [2023-11-25 17:37:35,199] {dag.py:2972} INFO - Setting next_dagrun for example_branch_python_operator_decorator to 2023-11-24T00:00:00+00:00, run_after=2023-11-25T00:00:00+00:00
[2023-11-25 17:37:35,217] {processor.py:161} INFO - Processing /home/airflow/.local/lib/python3.7/site-packages/airflow/example_dags/example_branch_operator_decorator.py took 0.177 seconds
[2023-11-25 17:38:05,634] {processor.py:153} INFO - Started process (PID=1158) to work on /home/airflow/.local/lib/python3.7/site-packages/airflow/example_dags/example_branch_operator_decorator.py
[2023-11-25 17:38:05,635] {processor.py:641} INFO - Processing file /home/airflow/.local/lib/python3.7/site-packages/airflow/example_dags/example_branch_operator_decorator.py for tasks to queue
[2023-11-25 17:38:05,635] {logging_mixin.py:115} INFO - [2023-11-25 17:38:05,635] {dagbag.py:508} INFO - Filling up the DagBag from /home/airflow/.local/lib/python3.7/site-packages/airflow/example_dags/example_branch_operator_decorator.py
[2023-11-25 17:38:05,659] {processor.py:651} INFO - DAG(s) dict_keys(['example_branch_python_operator_decorator']) retrieved from /home/airflow/.local/lib/python3.7/site-packages/airflow/example_dags/example_branch_operator_decorator.py
[2023-11-25 17:38:05,702] {logging_mixin.py:115} INFO - [2023-11-25 17:38:05,702] {dag.py:2420} INFO - Sync 1 DAGs
[2023-11-25 17:38:05,734] {logging_mixin.py:115} INFO - [2023-11-25 17:38:05,734] {dag.py:2972} INFO - Setting next_dagrun for example_branch_python_operator_decorator to 2023-11-24T00:00:00+00:00, run_after=2023-11-25T00:00:00+00:00
[2023-11-25 17:38:05,747] {processor.py:161} INFO - Processing /home/airflow/.local/lib/python3.7/site-packages/airflow/example_dags/example_branch_operator_decorator.py took 0.118 seconds
[2023-11-25 17:38:35,822] {processor.py:153} INFO - Started process (PID=1221) to work on /home/airflow/.local/lib/python3.7/site-packages/airflow/example_dags/example_branch_operator_decorator.py
[2023-11-25 17:38:35,823] {processor.py:641} INFO - Processing file /home/airflow/.local/lib/python3.7/site-packages/airflow/example_dags/example_branch_operator_decorator.py for tasks to queue
[2023-11-25 17:38:35,824] {logging_mixin.py:115} INFO - [2023-11-25 17:38:35,824] {dagbag.py:508} INFO - Filling up the DagBag from /home/airflow/.local/lib/python3.7/site-packages/airflow/example_dags/example_branch_operator_decorator.py
[2023-11-25 17:38:35,852] {processor.py:651} INFO - DAG(s) dict_keys(['example_branch_python_operator_decorator']) retrieved from /home/airflow/.local/lib/python3.7/site-packages/airflow/example_dags/example_branch_operator_decorator.py
[2023-11-25 17:38:35,895] {logging_mixin.py:115} INFO - [2023-11-25 17:38:35,894] {dag.py:2420} INFO - Sync 1 DAGs
[2023-11-25 17:38:35,930] {logging_mixin.py:115} INFO - [2023-11-25 17:38:35,930] {dag.py:2972} INFO - Setting next_dagrun for example_branch_python_operator_decorator to 2023-11-24T00:00:00+00:00, run_after=2023-11-25T00:00:00+00:00
[2023-11-25 17:38:35,943] {processor.py:161} INFO - Processing /home/airflow/.local/lib/python3.7/site-packages/airflow/example_dags/example_branch_operator_decorator.py took 0.126 seconds
[2023-11-25 17:39:06,812] {processor.py:153} INFO - Started process (PID=1284) to work on /home/airflow/.local/lib/python3.7/site-packages/airflow/example_dags/example_branch_operator_decorator.py
[2023-11-25 17:39:06,813] {processor.py:641} INFO - Processing file /home/airflow/.local/lib/python3.7/site-packages/airflow/example_dags/example_branch_operator_decorator.py for tasks to queue
[2023-11-25 17:39:06,814] {logging_mixin.py:115} INFO - [2023-11-25 17:39:06,814] {dagbag.py:508} INFO - Filling up the DagBag from /home/airflow/.local/lib/python3.7/site-packages/airflow/example_dags/example_branch_operator_decorator.py
[2023-11-25 17:39:06,841] {processor.py:651} INFO - DAG(s) dict_keys(['example_branch_python_operator_decorator']) retrieved from /home/airflow/.local/lib/python3.7/site-packages/airflow/example_dags/example_branch_operator_decorator.py
[2023-11-25 17:39:06,896] {logging_mixin.py:115} INFO - [2023-11-25 17:39:06,896] {dag.py:2420} INFO - Sync 1 DAGs
[2023-11-25 17:39:06,935] {logging_mixin.py:115} INFO - [2023-11-25 17:39:06,935] {dag.py:2972} INFO - Setting next_dagrun for example_branch_python_operator_decorator to 2023-11-24T00:00:00+00:00, run_after=2023-11-25T00:00:00+00:00
[2023-11-25 17:39:06,954] {processor.py:161} INFO - Processing /home/airflow/.local/lib/python3.7/site-packages/airflow/example_dags/example_branch_operator_decorator.py took 0.155 seconds
[2023-11-25 17:39:37,520] {processor.py:153} INFO - Started process (PID=1338) to work on /home/airflow/.local/lib/python3.7/site-packages/airflow/example_dags/example_branch_operator_decorator.py
[2023-11-25 17:39:37,521] {processor.py:641} INFO - Processing file /home/airflow/.local/lib/python3.7/site-packages/airflow/example_dags/example_branch_operator_decorator.py for tasks to queue
[2023-11-25 17:39:37,521] {logging_mixin.py:115} INFO - [2023-11-25 17:39:37,521] {dagbag.py:508} INFO - Filling up the DagBag from /home/airflow/.local/lib/python3.7/site-packages/airflow/example_dags/example_branch_operator_decorator.py
[2023-11-25 17:39:37,545] {processor.py:651} INFO - DAG(s) dict_keys(['example_branch_python_operator_decorator']) retrieved from /home/airflow/.local/lib/python3.7/site-packages/airflow/example_dags/example_branch_operator_decorator.py
[2023-11-25 17:39:37,584] {logging_mixin.py:115} INFO - [2023-11-25 17:39:37,584] {dag.py:2420} INFO - Sync 1 DAGs
[2023-11-25 17:39:37,616] {logging_mixin.py:115} INFO - [2023-11-25 17:39:37,616] {dag.py:2972} INFO - Setting next_dagrun for example_branch_python_operator_decorator to 2023-11-24T00:00:00+00:00, run_after=2023-11-25T00:00:00+00:00
[2023-11-25 17:39:37,629] {processor.py:161} INFO - Processing /home/airflow/.local/lib/python3.7/site-packages/airflow/example_dags/example_branch_operator_decorator.py took 0.114 seconds
[2023-11-25 17:40:08,236] {processor.py:153} INFO - Started process (PID=1400) to work on /home/airflow/.local/lib/python3.7/site-packages/airflow/example_dags/example_branch_operator_decorator.py
[2023-11-25 17:40:08,237] {processor.py:641} INFO - Processing file /home/airflow/.local/lib/python3.7/site-packages/airflow/example_dags/example_branch_operator_decorator.py for tasks to queue
[2023-11-25 17:40:08,238] {logging_mixin.py:115} INFO - [2023-11-25 17:40:08,238] {dagbag.py:508} INFO - Filling up the DagBag from /home/airflow/.local/lib/python3.7/site-packages/airflow/example_dags/example_branch_operator_decorator.py
[2023-11-25 17:40:08,265] {processor.py:651} INFO - DAG(s) dict_keys(['example_branch_python_operator_decorator']) retrieved from /home/airflow/.local/lib/python3.7/site-packages/airflow/example_dags/example_branch_operator_decorator.py
[2023-11-25 17:40:08,312] {logging_mixin.py:115} INFO - [2023-11-25 17:40:08,312] {dag.py:2420} INFO - Sync 1 DAGs
[2023-11-25 17:40:08,344] {logging_mixin.py:115} INFO - [2023-11-25 17:40:08,344] {dag.py:2972} INFO - Setting next_dagrun for example_branch_python_operator_decorator to 2023-11-24T00:00:00+00:00, run_after=2023-11-25T00:00:00+00:00
[2023-11-25 17:40:08,361] {processor.py:161} INFO - Processing /home/airflow/.local/lib/python3.7/site-packages/airflow/example_dags/example_branch_operator_decorator.py took 0.131 seconds
[2023-11-25 17:40:38,955] {processor.py:153} INFO - Started process (PID=1454) to work on /home/airflow/.local/lib/python3.7/site-packages/airflow/example_dags/example_branch_operator_decorator.py
[2023-11-25 17:40:38,956] {processor.py:641} INFO - Processing file /home/airflow/.local/lib/python3.7/site-packages/airflow/example_dags/example_branch_operator_decorator.py for tasks to queue
[2023-11-25 17:40:38,957] {logging_mixin.py:115} INFO - [2023-11-25 17:40:38,957] {dagbag.py:508} INFO - Filling up the DagBag from /home/airflow/.local/lib/python3.7/site-packages/airflow/example_dags/example_branch_operator_decorator.py
[2023-11-25 17:40:38,996] {processor.py:651} INFO - DAG(s) dict_keys(['example_branch_python_operator_decorator']) retrieved from /home/airflow/.local/lib/python3.7/site-packages/airflow/example_dags/example_branch_operator_decorator.py
[2023-11-25 17:40:39,056] {logging_mixin.py:115} INFO - [2023-11-25 17:40:39,056] {dag.py:2420} INFO - Sync 1 DAGs
[2023-11-25 17:40:39,099] {logging_mixin.py:115} INFO - [2023-11-25 17:40:39,099] {dag.py:2972} INFO - Setting next_dagrun for example_branch_python_operator_decorator to 2023-11-24T00:00:00+00:00, run_after=2023-11-25T00:00:00+00:00
[2023-11-25 17:40:39,121] {processor.py:161} INFO - Processing /home/airflow/.local/lib/python3.7/site-packages/airflow/example_dags/example_branch_operator_decorator.py took 0.172 seconds
[2023-11-25 17:41:09,521] {processor.py:153} INFO - Started process (PID=1517) to work on /home/airflow/.local/lib/python3.7/site-packages/airflow/example_dags/example_branch_operator_decorator.py
[2023-11-25 17:41:09,522] {processor.py:641} INFO - Processing file /home/airflow/.local/lib/python3.7/site-packages/airflow/example_dags/example_branch_operator_decorator.py for tasks to queue
[2023-11-25 17:41:09,523] {logging_mixin.py:115} INFO - [2023-11-25 17:41:09,523] {dagbag.py:508} INFO - Filling up the DagBag from /home/airflow/.local/lib/python3.7/site-packages/airflow/example_dags/example_branch_operator_decorator.py
[2023-11-25 17:41:09,578] {processor.py:651} INFO - DAG(s) dict_keys(['example_branch_python_operator_decorator']) retrieved from /home/airflow/.local/lib/python3.7/site-packages/airflow/example_dags/example_branch_operator_decorator.py
[2023-11-25 17:41:09,652] {logging_mixin.py:115} INFO - [2023-11-25 17:41:09,652] {dag.py:2420} INFO - Sync 1 DAGs
[2023-11-25 17:41:09,686] {logging_mixin.py:115} INFO - [2023-11-25 17:41:09,685] {dag.py:2972} INFO - Setting next_dagrun for example_branch_python_operator_decorator to 2023-11-24T00:00:00+00:00, run_after=2023-11-25T00:00:00+00:00
[2023-11-25 17:41:09,698] {processor.py:161} INFO - Processing /home/airflow/.local/lib/python3.7/site-packages/airflow/example_dags/example_branch_operator_decorator.py took 0.182 seconds
[2023-11-25 17:41:40,247] {processor.py:153} INFO - Started process (PID=1580) to work on /home/airflow/.local/lib/python3.7/site-packages/airflow/example_dags/example_branch_operator_decorator.py
[2023-11-25 17:41:40,248] {processor.py:641} INFO - Processing file /home/airflow/.local/lib/python3.7/site-packages/airflow/example_dags/example_branch_operator_decorator.py for tasks to queue
[2023-11-25 17:41:40,249] {logging_mixin.py:115} INFO - [2023-11-25 17:41:40,249] {dagbag.py:508} INFO - Filling up the DagBag from /home/airflow/.local/lib/python3.7/site-packages/airflow/example_dags/example_branch_operator_decorator.py
[2023-11-25 17:41:40,275] {processor.py:651} INFO - DAG(s) dict_keys(['example_branch_python_operator_decorator']) retrieved from /home/airflow/.local/lib/python3.7/site-packages/airflow/example_dags/example_branch_operator_decorator.py
[2023-11-25 17:41:40,322] {logging_mixin.py:115} INFO - [2023-11-25 17:41:40,322] {dag.py:2420} INFO - Sync 1 DAGs
[2023-11-25 17:41:40,360] {logging_mixin.py:115} INFO - [2023-11-25 17:41:40,360] {dag.py:2972} INFO - Setting next_dagrun for example_branch_python_operator_decorator to 2023-11-24T00:00:00+00:00, run_after=2023-11-25T00:00:00+00:00
[2023-11-25 17:41:40,374] {processor.py:161} INFO - Processing /home/airflow/.local/lib/python3.7/site-packages/airflow/example_dags/example_branch_operator_decorator.py took 0.133 seconds
[2023-11-25 17:42:11,279] {processor.py:153} INFO - Started process (PID=1633) to work on /home/airflow/.local/lib/python3.7/site-packages/airflow/example_dags/example_branch_operator_decorator.py
[2023-11-25 17:42:11,280] {processor.py:641} INFO - Processing file /home/airflow/.local/lib/python3.7/site-packages/airflow/example_dags/example_branch_operator_decorator.py for tasks to queue
[2023-11-25 17:42:11,281] {logging_mixin.py:115} INFO - [2023-11-25 17:42:11,281] {dagbag.py:508} INFO - Filling up the DagBag from /home/airflow/.local/lib/python3.7/site-packages/airflow/example_dags/example_branch_operator_decorator.py
[2023-11-25 17:42:11,304] {processor.py:651} INFO - DAG(s) dict_keys(['example_branch_python_operator_decorator']) retrieved from /home/airflow/.local/lib/python3.7/site-packages/airflow/example_dags/example_branch_operator_decorator.py
[2023-11-25 17:42:11,371] {logging_mixin.py:115} INFO - [2023-11-25 17:42:11,371] {dag.py:2420} INFO - Sync 1 DAGs
[2023-11-25 17:42:11,415] {logging_mixin.py:115} INFO - [2023-11-25 17:42:11,415] {dag.py:2972} INFO - Setting next_dagrun for example_branch_python_operator_decorator to 2023-11-24T00:00:00+00:00, run_after=2023-11-25T00:00:00+00:00
[2023-11-25 17:42:11,434] {processor.py:161} INFO - Processing /home/airflow/.local/lib/python3.7/site-packages/airflow/example_dags/example_branch_operator_decorator.py took 0.160 seconds
[2023-11-25 17:42:41,674] {processor.py:153} INFO - Started process (PID=1696) to work on /home/airflow/.local/lib/python3.7/site-packages/airflow/example_dags/example_branch_operator_decorator.py
[2023-11-25 17:42:41,675] {processor.py:641} INFO - Processing file /home/airflow/.local/lib/python3.7/site-packages/airflow/example_dags/example_branch_operator_decorator.py for tasks to queue
[2023-11-25 17:42:41,675] {logging_mixin.py:115} INFO - [2023-11-25 17:42:41,675] {dagbag.py:508} INFO - Filling up the DagBag from /home/airflow/.local/lib/python3.7/site-packages/airflow/example_dags/example_branch_operator_decorator.py
[2023-11-25 17:42:41,699] {processor.py:651} INFO - DAG(s) dict_keys(['example_branch_python_operator_decorator']) retrieved from /home/airflow/.local/lib/python3.7/site-packages/airflow/example_dags/example_branch_operator_decorator.py
[2023-11-25 17:42:41,741] {logging_mixin.py:115} INFO - [2023-11-25 17:42:41,741] {dag.py:2420} INFO - Sync 1 DAGs
[2023-11-25 17:42:41,770] {logging_mixin.py:115} INFO - [2023-11-25 17:42:41,770] {dag.py:2972} INFO - Setting next_dagrun for example_branch_python_operator_decorator to 2023-11-24T00:00:00+00:00, run_after=2023-11-25T00:00:00+00:00
[2023-11-25 17:42:41,783] {processor.py:161} INFO - Processing /home/airflow/.local/lib/python3.7/site-packages/airflow/example_dags/example_branch_operator_decorator.py took 0.114 seconds
[2023-11-25 17:43:12,425] {processor.py:153} INFO - Started process (PID=1759) to work on /home/airflow/.local/lib/python3.7/site-packages/airflow/example_dags/example_branch_operator_decorator.py
[2023-11-25 17:43:12,426] {processor.py:641} INFO - Processing file /home/airflow/.local/lib/python3.7/site-packages/airflow/example_dags/example_branch_operator_decorator.py for tasks to queue
[2023-11-25 17:43:12,426] {logging_mixin.py:115} INFO - [2023-11-25 17:43:12,426] {dagbag.py:508} INFO - Filling up the DagBag from /home/airflow/.local/lib/python3.7/site-packages/airflow/example_dags/example_branch_operator_decorator.py
[2023-11-25 17:43:12,455] {processor.py:651} INFO - DAG(s) dict_keys(['example_branch_python_operator_decorator']) retrieved from /home/airflow/.local/lib/python3.7/site-packages/airflow/example_dags/example_branch_operator_decorator.py
[2023-11-25 17:43:12,496] {logging_mixin.py:115} INFO - [2023-11-25 17:43:12,496] {dag.py:2420} INFO - Sync 1 DAGs
[2023-11-25 17:43:12,528] {logging_mixin.py:115} INFO - [2023-11-25 17:43:12,528] {dag.py:2972} INFO - Setting next_dagrun for example_branch_python_operator_decorator to 2023-11-24T00:00:00+00:00, run_after=2023-11-25T00:00:00+00:00
[2023-11-25 17:43:12,541] {processor.py:161} INFO - Processing /home/airflow/.local/lib/python3.7/site-packages/airflow/example_dags/example_branch_operator_decorator.py took 0.122 seconds
[2023-11-25 17:43:43,057] {processor.py:153} INFO - Started process (PID=1813) to work on /home/airflow/.local/lib/python3.7/site-packages/airflow/example_dags/example_branch_operator_decorator.py
[2023-11-25 17:43:43,058] {processor.py:641} INFO - Processing file /home/airflow/.local/lib/python3.7/site-packages/airflow/example_dags/example_branch_operator_decorator.py for tasks to queue
[2023-11-25 17:43:43,059] {logging_mixin.py:115} INFO - [2023-11-25 17:43:43,059] {dagbag.py:508} INFO - Filling up the DagBag from /home/airflow/.local/lib/python3.7/site-packages/airflow/example_dags/example_branch_operator_decorator.py
[2023-11-25 17:43:43,083] {processor.py:651} INFO - DAG(s) dict_keys(['example_branch_python_operator_decorator']) retrieved from /home/airflow/.local/lib/python3.7/site-packages/airflow/example_dags/example_branch_operator_decorator.py
[2023-11-25 17:43:43,126] {logging_mixin.py:115} INFO - [2023-11-25 17:43:43,126] {dag.py:2420} INFO - Sync 1 DAGs
[2023-11-25 17:43:43,159] {logging_mixin.py:115} INFO - [2023-11-25 17:43:43,159] {dag.py:2972} INFO - Setting next_dagrun for example_branch_python_operator_decorator to 2023-11-24T00:00:00+00:00, run_after=2023-11-25T00:00:00+00:00
[2023-11-25 17:43:43,178] {processor.py:161} INFO - Processing /home/airflow/.local/lib/python3.7/site-packages/airflow/example_dags/example_branch_operator_decorator.py took 0.126 seconds
[2023-11-25 17:44:13,826] {processor.py:153} INFO - Started process (PID=1879) to work on /home/airflow/.local/lib/python3.7/site-packages/airflow/example_dags/example_branch_operator_decorator.py
[2023-11-25 17:44:13,827] {processor.py:641} INFO - Processing file /home/airflow/.local/lib/python3.7/site-packages/airflow/example_dags/example_branch_operator_decorator.py for tasks to queue
[2023-11-25 17:44:13,827] {logging_mixin.py:115} INFO - [2023-11-25 17:44:13,827] {dagbag.py:508} INFO - Filling up the DagBag from /home/airflow/.local/lib/python3.7/site-packages/airflow/example_dags/example_branch_operator_decorator.py
[2023-11-25 17:44:13,852] {processor.py:651} INFO - DAG(s) dict_keys(['example_branch_python_operator_decorator']) retrieved from /home/airflow/.local/lib/python3.7/site-packages/airflow/example_dags/example_branch_operator_decorator.py
[2023-11-25 17:44:13,893] {logging_mixin.py:115} INFO - [2023-11-25 17:44:13,893] {dag.py:2420} INFO - Sync 1 DAGs
[2023-11-25 17:44:13,938] {logging_mixin.py:115} INFO - [2023-11-25 17:44:13,938] {dag.py:2972} INFO - Setting next_dagrun for example_branch_python_operator_decorator to 2023-11-24T00:00:00+00:00, run_after=2023-11-25T00:00:00+00:00
[2023-11-25 17:44:13,959] {processor.py:161} INFO - Processing /home/airflow/.local/lib/python3.7/site-packages/airflow/example_dags/example_branch_operator_decorator.py took 0.138 seconds
[2023-11-25 17:44:44,697] {processor.py:153} INFO - Started process (PID=1942) to work on /home/airflow/.local/lib/python3.7/site-packages/airflow/example_dags/example_branch_operator_decorator.py
[2023-11-25 17:44:44,698] {processor.py:641} INFO - Processing file /home/airflow/.local/lib/python3.7/site-packages/airflow/example_dags/example_branch_operator_decorator.py for tasks to queue
[2023-11-25 17:44:44,698] {logging_mixin.py:115} INFO - [2023-11-25 17:44:44,698] {dagbag.py:508} INFO - Filling up the DagBag from /home/airflow/.local/lib/python3.7/site-packages/airflow/example_dags/example_branch_operator_decorator.py
[2023-11-25 17:44:44,740] {processor.py:651} INFO - DAG(s) dict_keys(['example_branch_python_operator_decorator']) retrieved from /home/airflow/.local/lib/python3.7/site-packages/airflow/example_dags/example_branch_operator_decorator.py
[2023-11-25 17:44:44,798] {logging_mixin.py:115} INFO - [2023-11-25 17:44:44,798] {dag.py:2420} INFO - Sync 1 DAGs
[2023-11-25 17:44:44,858] {logging_mixin.py:115} INFO - [2023-11-25 17:44:44,858] {dag.py:2972} INFO - Setting next_dagrun for example_branch_python_operator_decorator to 2023-11-24T00:00:00+00:00, run_after=2023-11-25T00:00:00+00:00
[2023-11-25 17:44:44,879] {processor.py:161} INFO - Processing /home/airflow/.local/lib/python3.7/site-packages/airflow/example_dags/example_branch_operator_decorator.py took 0.187 seconds
[2023-11-25 17:45:15,395] {processor.py:153} INFO - Started process (PID=1996) to work on /home/airflow/.local/lib/python3.7/site-packages/airflow/example_dags/example_branch_operator_decorator.py
[2023-11-25 17:45:15,396] {processor.py:641} INFO - Processing file /home/airflow/.local/lib/python3.7/site-packages/airflow/example_dags/example_branch_operator_decorator.py for tasks to queue
[2023-11-25 17:45:15,397] {logging_mixin.py:115} INFO - [2023-11-25 17:45:15,397] {dagbag.py:508} INFO - Filling up the DagBag from /home/airflow/.local/lib/python3.7/site-packages/airflow/example_dags/example_branch_operator_decorator.py
[2023-11-25 17:45:15,420] {processor.py:651} INFO - DAG(s) dict_keys(['example_branch_python_operator_decorator']) retrieved from /home/airflow/.local/lib/python3.7/site-packages/airflow/example_dags/example_branch_operator_decorator.py
[2023-11-25 17:45:15,460] {logging_mixin.py:115} INFO - [2023-11-25 17:45:15,460] {dag.py:2420} INFO - Sync 1 DAGs
[2023-11-25 17:45:15,489] {logging_mixin.py:115} INFO - [2023-11-25 17:45:15,489] {dag.py:2972} INFO - Setting next_dagrun for example_branch_python_operator_decorator to 2023-11-24T00:00:00+00:00, run_after=2023-11-25T00:00:00+00:00
[2023-11-25 17:45:15,502] {processor.py:161} INFO - Processing /home/airflow/.local/lib/python3.7/site-packages/airflow/example_dags/example_branch_operator_decorator.py took 0.112 seconds
[2023-11-25 17:45:46,135] {processor.py:153} INFO - Started process (PID=2059) to work on /home/airflow/.local/lib/python3.7/site-packages/airflow/example_dags/example_branch_operator_decorator.py
[2023-11-25 17:45:46,136] {processor.py:641} INFO - Processing file /home/airflow/.local/lib/python3.7/site-packages/airflow/example_dags/example_branch_operator_decorator.py for tasks to queue
[2023-11-25 17:45:46,137] {logging_mixin.py:115} INFO - [2023-11-25 17:45:46,136] {dagbag.py:508} INFO - Filling up the DagBag from /home/airflow/.local/lib/python3.7/site-packages/airflow/example_dags/example_branch_operator_decorator.py
[2023-11-25 17:45:46,170] {processor.py:651} INFO - DAG(s) dict_keys(['example_branch_python_operator_decorator']) retrieved from /home/airflow/.local/lib/python3.7/site-packages/airflow/example_dags/example_branch_operator_decorator.py
[2023-11-25 17:45:46,231] {logging_mixin.py:115} INFO - [2023-11-25 17:45:46,231] {dag.py:2420} INFO - Sync 1 DAGs
[2023-11-25 17:45:46,273] {logging_mixin.py:115} INFO - [2023-11-25 17:45:46,273] {dag.py:2972} INFO - Setting next_dagrun for example_branch_python_operator_decorator to 2023-11-24T00:00:00+00:00, run_after=2023-11-25T00:00:00+00:00
[2023-11-25 17:45:46,293] {processor.py:161} INFO - Processing /home/airflow/.local/lib/python3.7/site-packages/airflow/example_dags/example_branch_operator_decorator.py took 0.163 seconds
[2023-11-25 17:46:17,219] {processor.py:153} INFO - Started process (PID=2122) to work on /home/airflow/.local/lib/python3.7/site-packages/airflow/example_dags/example_branch_operator_decorator.py
[2023-11-25 17:46:17,220] {processor.py:641} INFO - Processing file /home/airflow/.local/lib/python3.7/site-packages/airflow/example_dags/example_branch_operator_decorator.py for tasks to queue
[2023-11-25 17:46:17,220] {logging_mixin.py:115} INFO - [2023-11-25 17:46:17,220] {dagbag.py:508} INFO - Filling up the DagBag from /home/airflow/.local/lib/python3.7/site-packages/airflow/example_dags/example_branch_operator_decorator.py
[2023-11-25 17:46:17,261] {processor.py:651} INFO - DAG(s) dict_keys(['example_branch_python_operator_decorator']) retrieved from /home/airflow/.local/lib/python3.7/site-packages/airflow/example_dags/example_branch_operator_decorator.py
[2023-11-25 17:46:17,332] {logging_mixin.py:115} INFO - [2023-11-25 17:46:17,332] {dag.py:2420} INFO - Sync 1 DAGs
[2023-11-25 17:46:17,370] {logging_mixin.py:115} INFO - [2023-11-25 17:46:17,365] {dag.py:2972} INFO - Setting next_dagrun for example_branch_python_operator_decorator to 2023-11-24T00:00:00+00:00, run_after=2023-11-25T00:00:00+00:00
[2023-11-25 17:46:17,390] {processor.py:161} INFO - Processing /home/airflow/.local/lib/python3.7/site-packages/airflow/example_dags/example_branch_operator_decorator.py took 0.177 seconds
[2023-11-25 17:46:47,998] {processor.py:153} INFO - Started process (PID=2176) to work on /home/airflow/.local/lib/python3.7/site-packages/airflow/example_dags/example_branch_operator_decorator.py
[2023-11-25 17:46:47,999] {processor.py:641} INFO - Processing file /home/airflow/.local/lib/python3.7/site-packages/airflow/example_dags/example_branch_operator_decorator.py for tasks to queue
[2023-11-25 17:46:48,000] {logging_mixin.py:115} INFO - [2023-11-25 17:46:48,000] {dagbag.py:508} INFO - Filling up the DagBag from /home/airflow/.local/lib/python3.7/site-packages/airflow/example_dags/example_branch_operator_decorator.py
[2023-11-25 17:46:48,032] {processor.py:651} INFO - DAG(s) dict_keys(['example_branch_python_operator_decorator']) retrieved from /home/airflow/.local/lib/python3.7/site-packages/airflow/example_dags/example_branch_operator_decorator.py
[2023-11-25 17:46:48,076] {logging_mixin.py:115} INFO - [2023-11-25 17:46:48,076] {dag.py:2420} INFO - Sync 1 DAGs
[2023-11-25 17:46:48,107] {logging_mixin.py:115} INFO - [2023-11-25 17:46:48,107] {dag.py:2972} INFO - Setting next_dagrun for example_branch_python_operator_decorator to 2023-11-24T00:00:00+00:00, run_after=2023-11-25T00:00:00+00:00
[2023-11-25 17:46:48,122] {processor.py:161} INFO - Processing /home/airflow/.local/lib/python3.7/site-packages/airflow/example_dags/example_branch_operator_decorator.py took 0.129 seconds
[2023-11-25 17:47:18,580] {processor.py:153} INFO - Started process (PID=2238) to work on /home/airflow/.local/lib/python3.7/site-packages/airflow/example_dags/example_branch_operator_decorator.py
[2023-11-25 17:47:18,584] {processor.py:641} INFO - Processing file /home/airflow/.local/lib/python3.7/site-packages/airflow/example_dags/example_branch_operator_decorator.py for tasks to queue
[2023-11-25 17:47:18,585] {logging_mixin.py:115} INFO - [2023-11-25 17:47:18,585] {dagbag.py:508} INFO - Filling up the DagBag from /home/airflow/.local/lib/python3.7/site-packages/airflow/example_dags/example_branch_operator_decorator.py
[2023-11-25 17:47:18,610] {processor.py:651} INFO - DAG(s) dict_keys(['example_branch_python_operator_decorator']) retrieved from /home/airflow/.local/lib/python3.7/site-packages/airflow/example_dags/example_branch_operator_decorator.py
[2023-11-25 17:47:18,651] {logging_mixin.py:115} INFO - [2023-11-25 17:47:18,651] {dag.py:2420} INFO - Sync 1 DAGs
[2023-11-25 17:47:18,681] {logging_mixin.py:115} INFO - [2023-11-25 17:47:18,681] {dag.py:2972} INFO - Setting next_dagrun for example_branch_python_operator_decorator to 2023-11-24T00:00:00+00:00, run_after=2023-11-25T00:00:00+00:00
[2023-11-25 17:47:18,702] {processor.py:161} INFO - Processing /home/airflow/.local/lib/python3.7/site-packages/airflow/example_dags/example_branch_operator_decorator.py took 0.127 seconds
[2023-11-25 17:47:48,924] {processor.py:153} INFO - Started process (PID=2301) to work on /home/airflow/.local/lib/python3.7/site-packages/airflow/example_dags/example_branch_operator_decorator.py
[2023-11-25 17:47:48,930] {processor.py:641} INFO - Processing file /home/airflow/.local/lib/python3.7/site-packages/airflow/example_dags/example_branch_operator_decorator.py for tasks to queue
[2023-11-25 17:47:48,931] {logging_mixin.py:115} INFO - [2023-11-25 17:47:48,930] {dagbag.py:508} INFO - Filling up the DagBag from /home/airflow/.local/lib/python3.7/site-packages/airflow/example_dags/example_branch_operator_decorator.py
[2023-11-25 17:47:48,970] {processor.py:651} INFO - DAG(s) dict_keys(['example_branch_python_operator_decorator']) retrieved from /home/airflow/.local/lib/python3.7/site-packages/airflow/example_dags/example_branch_operator_decorator.py
[2023-11-25 17:47:49,030] {logging_mixin.py:115} INFO - [2023-11-25 17:47:49,030] {dag.py:2420} INFO - Sync 1 DAGs
[2023-11-25 17:47:49,073] {logging_mixin.py:115} INFO - [2023-11-25 17:47:49,073] {dag.py:2972} INFO - Setting next_dagrun for example_branch_python_operator_decorator to 2023-11-24T00:00:00+00:00, run_after=2023-11-25T00:00:00+00:00
[2023-11-25 17:47:49,094] {processor.py:161} INFO - Processing /home/airflow/.local/lib/python3.7/site-packages/airflow/example_dags/example_branch_operator_decorator.py took 0.175 seconds
[2023-11-25 17:48:19,670] {processor.py:153} INFO - Started process (PID=2355) to work on /home/airflow/.local/lib/python3.7/site-packages/airflow/example_dags/example_branch_operator_decorator.py
[2023-11-25 17:48:19,671] {processor.py:641} INFO - Processing file /home/airflow/.local/lib/python3.7/site-packages/airflow/example_dags/example_branch_operator_decorator.py for tasks to queue
[2023-11-25 17:48:19,672] {logging_mixin.py:115} INFO - [2023-11-25 17:48:19,672] {dagbag.py:508} INFO - Filling up the DagBag from /home/airflow/.local/lib/python3.7/site-packages/airflow/example_dags/example_branch_operator_decorator.py
[2023-11-25 17:48:19,715] {processor.py:651} INFO - DAG(s) dict_keys(['example_branch_python_operator_decorator']) retrieved from /home/airflow/.local/lib/python3.7/site-packages/airflow/example_dags/example_branch_operator_decorator.py
[2023-11-25 17:48:19,790] {logging_mixin.py:115} INFO - [2023-11-25 17:48:19,790] {dag.py:2420} INFO - Sync 1 DAGs
[2023-11-25 17:48:19,832] {logging_mixin.py:115} INFO - [2023-11-25 17:48:19,831] {dag.py:2972} INFO - Setting next_dagrun for example_branch_python_operator_decorator to 2023-11-24T00:00:00+00:00, run_after=2023-11-25T00:00:00+00:00
[2023-11-25 17:48:19,854] {processor.py:161} INFO - Processing /home/airflow/.local/lib/python3.7/site-packages/airflow/example_dags/example_branch_operator_decorator.py took 0.201 seconds
[2023-11-25 17:48:49,916] {processor.py:153} INFO - Started process (PID=2422) to work on /home/airflow/.local/lib/python3.7/site-packages/airflow/example_dags/example_branch_operator_decorator.py
[2023-11-25 17:48:49,917] {processor.py:641} INFO - Processing file /home/airflow/.local/lib/python3.7/site-packages/airflow/example_dags/example_branch_operator_decorator.py for tasks to queue
[2023-11-25 17:48:49,918] {logging_mixin.py:115} INFO - [2023-11-25 17:48:49,918] {dagbag.py:508} INFO - Filling up the DagBag from /home/airflow/.local/lib/python3.7/site-packages/airflow/example_dags/example_branch_operator_decorator.py
[2023-11-25 17:48:49,959] {processor.py:651} INFO - DAG(s) dict_keys(['example_branch_python_operator_decorator']) retrieved from /home/airflow/.local/lib/python3.7/site-packages/airflow/example_dags/example_branch_operator_decorator.py
[2023-11-25 17:48:50,054] {logging_mixin.py:115} INFO - [2023-11-25 17:48:50,053] {dag.py:2420} INFO - Sync 1 DAGs
[2023-11-25 17:48:50,100] {logging_mixin.py:115} INFO - [2023-11-25 17:48:50,100] {dag.py:2972} INFO - Setting next_dagrun for example_branch_python_operator_decorator to 2023-11-24T00:00:00+00:00, run_after=2023-11-25T00:00:00+00:00
[2023-11-25 17:48:50,173] {processor.py:161} INFO - Processing /home/airflow/.local/lib/python3.7/site-packages/airflow/example_dags/example_branch_operator_decorator.py took 0.262 seconds
[2023-11-25 17:49:21,037] {processor.py:153} INFO - Started process (PID=2483) to work on /home/airflow/.local/lib/python3.7/site-packages/airflow/example_dags/example_branch_operator_decorator.py
[2023-11-25 17:49:21,038] {processor.py:641} INFO - Processing file /home/airflow/.local/lib/python3.7/site-packages/airflow/example_dags/example_branch_operator_decorator.py for tasks to queue
[2023-11-25 17:49:21,039] {logging_mixin.py:115} INFO - [2023-11-25 17:49:21,039] {dagbag.py:508} INFO - Filling up the DagBag from /home/airflow/.local/lib/python3.7/site-packages/airflow/example_dags/example_branch_operator_decorator.py
[2023-11-25 17:49:21,091] {processor.py:651} INFO - DAG(s) dict_keys(['example_branch_python_operator_decorator']) retrieved from /home/airflow/.local/lib/python3.7/site-packages/airflow/example_dags/example_branch_operator_decorator.py
[2023-11-25 17:49:21,159] {logging_mixin.py:115} INFO - [2023-11-25 17:49:21,158] {dag.py:2420} INFO - Sync 1 DAGs
[2023-11-25 17:49:21,208] {logging_mixin.py:115} INFO - [2023-11-25 17:49:21,208] {dag.py:2972} INFO - Setting next_dagrun for example_branch_python_operator_decorator to 2023-11-24T00:00:00+00:00, run_after=2023-11-25T00:00:00+00:00
[2023-11-25 17:49:21,222] {processor.py:161} INFO - Processing /home/airflow/.local/lib/python3.7/site-packages/airflow/example_dags/example_branch_operator_decorator.py took 0.190 seconds
[2023-11-25 17:49:51,355] {processor.py:153} INFO - Started process (PID=2539) to work on /home/airflow/.local/lib/python3.7/site-packages/airflow/example_dags/example_branch_operator_decorator.py
[2023-11-25 17:49:51,356] {processor.py:641} INFO - Processing file /home/airflow/.local/lib/python3.7/site-packages/airflow/example_dags/example_branch_operator_decorator.py for tasks to queue
[2023-11-25 17:49:51,356] {logging_mixin.py:115} INFO - [2023-11-25 17:49:51,356] {dagbag.py:508} INFO - Filling up the DagBag from /home/airflow/.local/lib/python3.7/site-packages/airflow/example_dags/example_branch_operator_decorator.py
[2023-11-25 17:49:51,380] {processor.py:651} INFO - DAG(s) dict_keys(['example_branch_python_operator_decorator']) retrieved from /home/airflow/.local/lib/python3.7/site-packages/airflow/example_dags/example_branch_operator_decorator.py
[2023-11-25 17:49:51,418] {logging_mixin.py:115} INFO - [2023-11-25 17:49:51,418] {dag.py:2420} INFO - Sync 1 DAGs
[2023-11-25 17:49:51,447] {logging_mixin.py:115} INFO - [2023-11-25 17:49:51,447] {dag.py:2972} INFO - Setting next_dagrun for example_branch_python_operator_decorator to 2023-11-24T00:00:00+00:00, run_after=2023-11-25T00:00:00+00:00
[2023-11-25 17:49:51,460] {processor.py:161} INFO - Processing /home/airflow/.local/lib/python3.7/site-packages/airflow/example_dags/example_branch_operator_decorator.py took 0.110 seconds
[2023-11-25 17:50:21,780] {processor.py:153} INFO - Started process (PID=2602) to work on /home/airflow/.local/lib/python3.7/site-packages/airflow/example_dags/example_branch_operator_decorator.py
[2023-11-25 17:50:21,781] {processor.py:641} INFO - Processing file /home/airflow/.local/lib/python3.7/site-packages/airflow/example_dags/example_branch_operator_decorator.py for tasks to queue
[2023-11-25 17:50:21,782] {logging_mixin.py:115} INFO - [2023-11-25 17:50:21,782] {dagbag.py:508} INFO - Filling up the DagBag from /home/airflow/.local/lib/python3.7/site-packages/airflow/example_dags/example_branch_operator_decorator.py
[2023-11-25 17:50:21,803] {processor.py:651} INFO - DAG(s) dict_keys(['example_branch_python_operator_decorator']) retrieved from /home/airflow/.local/lib/python3.7/site-packages/airflow/example_dags/example_branch_operator_decorator.py
[2023-11-25 17:50:21,848] {logging_mixin.py:115} INFO - [2023-11-25 17:50:21,848] {dag.py:2420} INFO - Sync 1 DAGs
[2023-11-25 17:50:21,878] {logging_mixin.py:115} INFO - [2023-11-25 17:50:21,877] {dag.py:2972} INFO - Setting next_dagrun for example_branch_python_operator_decorator to 2023-11-24T00:00:00+00:00, run_after=2023-11-25T00:00:00+00:00
[2023-11-25 17:50:21,893] {processor.py:161} INFO - Processing /home/airflow/.local/lib/python3.7/site-packages/airflow/example_dags/example_branch_operator_decorator.py took 0.118 seconds
[2023-11-25 17:50:52,281] {processor.py:153} INFO - Started process (PID=2655) to work on /home/airflow/.local/lib/python3.7/site-packages/airflow/example_dags/example_branch_operator_decorator.py
[2023-11-25 17:50:52,281] {processor.py:641} INFO - Processing file /home/airflow/.local/lib/python3.7/site-packages/airflow/example_dags/example_branch_operator_decorator.py for tasks to queue
[2023-11-25 17:50:52,282] {logging_mixin.py:115} INFO - [2023-11-25 17:50:52,282] {dagbag.py:508} INFO - Filling up the DagBag from /home/airflow/.local/lib/python3.7/site-packages/airflow/example_dags/example_branch_operator_decorator.py
[2023-11-25 17:50:52,305] {processor.py:651} INFO - DAG(s) dict_keys(['example_branch_python_operator_decorator']) retrieved from /home/airflow/.local/lib/python3.7/site-packages/airflow/example_dags/example_branch_operator_decorator.py
[2023-11-25 17:50:52,350] {logging_mixin.py:115} INFO - [2023-11-25 17:50:52,350] {dag.py:2420} INFO - Sync 1 DAGs
[2023-11-25 17:50:52,379] {logging_mixin.py:115} INFO - [2023-11-25 17:50:52,379] {dag.py:2972} INFO - Setting next_dagrun for example_branch_python_operator_decorator to 2023-11-24T00:00:00+00:00, run_after=2023-11-25T00:00:00+00:00
[2023-11-25 17:50:52,392] {processor.py:161} INFO - Processing /home/airflow/.local/lib/python3.7/site-packages/airflow/example_dags/example_branch_operator_decorator.py took 0.116 seconds
[2023-11-25 17:51:22,796] {processor.py:153} INFO - Started process (PID=2717) to work on /home/airflow/.local/lib/python3.7/site-packages/airflow/example_dags/example_branch_operator_decorator.py
[2023-11-25 17:51:22,797] {processor.py:641} INFO - Processing file /home/airflow/.local/lib/python3.7/site-packages/airflow/example_dags/example_branch_operator_decorator.py for tasks to queue
[2023-11-25 17:51:22,798] {logging_mixin.py:115} INFO - [2023-11-25 17:51:22,798] {dagbag.py:508} INFO - Filling up the DagBag from /home/airflow/.local/lib/python3.7/site-packages/airflow/example_dags/example_branch_operator_decorator.py
[2023-11-25 17:51:22,822] {processor.py:651} INFO - DAG(s) dict_keys(['example_branch_python_operator_decorator']) retrieved from /home/airflow/.local/lib/python3.7/site-packages/airflow/example_dags/example_branch_operator_decorator.py
[2023-11-25 17:51:22,865] {logging_mixin.py:115} INFO - [2023-11-25 17:51:22,865] {dag.py:2420} INFO - Sync 1 DAGs
[2023-11-25 17:51:22,895] {logging_mixin.py:115} INFO - [2023-11-25 17:51:22,895] {dag.py:2972} INFO - Setting next_dagrun for example_branch_python_operator_decorator to 2023-11-24T00:00:00+00:00, run_after=2023-11-25T00:00:00+00:00
[2023-11-25 17:51:22,910] {processor.py:161} INFO - Processing /home/airflow/.local/lib/python3.7/site-packages/airflow/example_dags/example_branch_operator_decorator.py took 0.119 seconds
[2023-11-25 17:51:53,530] {processor.py:153} INFO - Started process (PID=2779) to work on /home/airflow/.local/lib/python3.7/site-packages/airflow/example_dags/example_branch_operator_decorator.py
[2023-11-25 17:51:53,531] {processor.py:641} INFO - Processing file /home/airflow/.local/lib/python3.7/site-packages/airflow/example_dags/example_branch_operator_decorator.py for tasks to queue
[2023-11-25 17:51:53,532] {logging_mixin.py:115} INFO - [2023-11-25 17:51:53,532] {dagbag.py:508} INFO - Filling up the DagBag from /home/airflow/.local/lib/python3.7/site-packages/airflow/example_dags/example_branch_operator_decorator.py
[2023-11-25 17:51:53,597] {processor.py:651} INFO - DAG(s) dict_keys(['example_branch_python_operator_decorator']) retrieved from /home/airflow/.local/lib/python3.7/site-packages/airflow/example_dags/example_branch_operator_decorator.py
[2023-11-25 17:51:53,736] {logging_mixin.py:115} INFO - [2023-11-25 17:51:53,736] {dag.py:2420} INFO - Sync 1 DAGs
[2023-11-25 17:51:53,830] {logging_mixin.py:115} INFO - [2023-11-25 17:51:53,830] {dag.py:2972} INFO - Setting next_dagrun for example_branch_python_operator_decorator to 2023-11-24T00:00:00+00:00, run_after=2023-11-25T00:00:00+00:00
[2023-11-25 17:51:53,876] {processor.py:161} INFO - Processing /home/airflow/.local/lib/python3.7/site-packages/airflow/example_dags/example_branch_operator_decorator.py took 0.360 seconds
[2023-11-25 17:52:24,803] {processor.py:153} INFO - Started process (PID=2832) to work on /home/airflow/.local/lib/python3.7/site-packages/airflow/example_dags/example_branch_operator_decorator.py
[2023-11-25 17:52:24,804] {processor.py:641} INFO - Processing file /home/airflow/.local/lib/python3.7/site-packages/airflow/example_dags/example_branch_operator_decorator.py for tasks to queue
[2023-11-25 17:52:24,804] {logging_mixin.py:115} INFO - [2023-11-25 17:52:24,804] {dagbag.py:508} INFO - Filling up the DagBag from /home/airflow/.local/lib/python3.7/site-packages/airflow/example_dags/example_branch_operator_decorator.py
[2023-11-25 17:52:24,827] {processor.py:651} INFO - DAG(s) dict_keys(['example_branch_python_operator_decorator']) retrieved from /home/airflow/.local/lib/python3.7/site-packages/airflow/example_dags/example_branch_operator_decorator.py
[2023-11-25 17:52:24,868] {logging_mixin.py:115} INFO - [2023-11-25 17:52:24,868] {dag.py:2420} INFO - Sync 1 DAGs
[2023-11-25 17:52:24,898] {logging_mixin.py:115} INFO - [2023-11-25 17:52:24,898] {dag.py:2972} INFO - Setting next_dagrun for example_branch_python_operator_decorator to 2023-11-24T00:00:00+00:00, run_after=2023-11-25T00:00:00+00:00
[2023-11-25 17:52:24,912] {processor.py:161} INFO - Processing /home/airflow/.local/lib/python3.7/site-packages/airflow/example_dags/example_branch_operator_decorator.py took 0.113 seconds
[2023-11-25 17:52:55,450] {processor.py:153} INFO - Started process (PID=2894) to work on /home/airflow/.local/lib/python3.7/site-packages/airflow/example_dags/example_branch_operator_decorator.py
[2023-11-25 17:52:55,451] {processor.py:641} INFO - Processing file /home/airflow/.local/lib/python3.7/site-packages/airflow/example_dags/example_branch_operator_decorator.py for tasks to queue
[2023-11-25 17:52:55,451] {logging_mixin.py:115} INFO - [2023-11-25 17:52:55,451] {dagbag.py:508} INFO - Filling up the DagBag from /home/airflow/.local/lib/python3.7/site-packages/airflow/example_dags/example_branch_operator_decorator.py
[2023-11-25 17:52:55,491] {processor.py:651} INFO - DAG(s) dict_keys(['example_branch_python_operator_decorator']) retrieved from /home/airflow/.local/lib/python3.7/site-packages/airflow/example_dags/example_branch_operator_decorator.py
[2023-11-25 17:52:55,570] {logging_mixin.py:115} INFO - [2023-11-25 17:52:55,570] {dag.py:2420} INFO - Sync 1 DAGs
[2023-11-25 17:52:55,613] {logging_mixin.py:115} INFO - [2023-11-25 17:52:55,613] {dag.py:2972} INFO - Setting next_dagrun for example_branch_python_operator_decorator to 2023-11-24T00:00:00+00:00, run_after=2023-11-25T00:00:00+00:00
[2023-11-25 17:52:55,633] {processor.py:161} INFO - Processing /home/airflow/.local/lib/python3.7/site-packages/airflow/example_dags/example_branch_operator_decorator.py took 0.192 seconds
[2023-11-25 17:53:26,065] {processor.py:153} INFO - Started process (PID=2948) to work on /home/airflow/.local/lib/python3.7/site-packages/airflow/example_dags/example_branch_operator_decorator.py
[2023-11-25 17:53:26,066] {processor.py:641} INFO - Processing file /home/airflow/.local/lib/python3.7/site-packages/airflow/example_dags/example_branch_operator_decorator.py for tasks to queue
[2023-11-25 17:53:26,067] {logging_mixin.py:115} INFO - [2023-11-25 17:53:26,066] {dagbag.py:508} INFO - Filling up the DagBag from /home/airflow/.local/lib/python3.7/site-packages/airflow/example_dags/example_branch_operator_decorator.py
[2023-11-25 17:53:26,096] {processor.py:651} INFO - DAG(s) dict_keys(['example_branch_python_operator_decorator']) retrieved from /home/airflow/.local/lib/python3.7/site-packages/airflow/example_dags/example_branch_operator_decorator.py
[2023-11-25 17:53:26,151] {logging_mixin.py:115} INFO - [2023-11-25 17:53:26,150] {dag.py:2420} INFO - Sync 1 DAGs
[2023-11-25 17:53:26,191] {logging_mixin.py:115} INFO - [2023-11-25 17:53:26,190] {dag.py:2972} INFO - Setting next_dagrun for example_branch_python_operator_decorator to 2023-11-24T00:00:00+00:00, run_after=2023-11-25T00:00:00+00:00
[2023-11-25 17:53:26,216] {processor.py:161} INFO - Processing /home/airflow/.local/lib/python3.7/site-packages/airflow/example_dags/example_branch_operator_decorator.py took 0.157 seconds
[2023-11-25 17:53:56,347] {processor.py:153} INFO - Started process (PID=3011) to work on /home/airflow/.local/lib/python3.7/site-packages/airflow/example_dags/example_branch_operator_decorator.py
[2023-11-25 17:53:56,348] {processor.py:641} INFO - Processing file /home/airflow/.local/lib/python3.7/site-packages/airflow/example_dags/example_branch_operator_decorator.py for tasks to queue
[2023-11-25 17:53:56,348] {logging_mixin.py:115} INFO - [2023-11-25 17:53:56,348] {dagbag.py:508} INFO - Filling up the DagBag from /home/airflow/.local/lib/python3.7/site-packages/airflow/example_dags/example_branch_operator_decorator.py
[2023-11-25 17:53:56,373] {processor.py:651} INFO - DAG(s) dict_keys(['example_branch_python_operator_decorator']) retrieved from /home/airflow/.local/lib/python3.7/site-packages/airflow/example_dags/example_branch_operator_decorator.py
[2023-11-25 17:53:56,420] {logging_mixin.py:115} INFO - [2023-11-25 17:53:56,419] {dag.py:2420} INFO - Sync 1 DAGs
[2023-11-25 17:53:56,453] {logging_mixin.py:115} INFO - [2023-11-25 17:53:56,453] {dag.py:2972} INFO - Setting next_dagrun for example_branch_python_operator_decorator to 2023-11-24T00:00:00+00:00, run_after=2023-11-25T00:00:00+00:00
[2023-11-25 17:53:56,490] {processor.py:161} INFO - Processing /home/airflow/.local/lib/python3.7/site-packages/airflow/example_dags/example_branch_operator_decorator.py took 0.149 seconds
