[2023-11-25 17:28:31,875] {processor.py:153} INFO - Started process (PID=91) to work on /home/airflow/.local/lib/python3.7/site-packages/airflow/example_dags/example_task_group.py
[2023-11-25 17:28:31,875] {processor.py:641} INFO - Processing file /home/airflow/.local/lib/python3.7/site-packages/airflow/example_dags/example_task_group.py for tasks to queue
[2023-11-25 17:28:31,876] {logging_mixin.py:115} INFO - [2023-11-25 17:28:31,876] {dagbag.py:508} INFO - Filling up the DagBag from /home/airflow/.local/lib/python3.7/site-packages/airflow/example_dags/example_task_group.py
[2023-11-25 17:28:31,913] {processor.py:651} INFO - DAG(s) dict_keys(['example_task_group']) retrieved from /home/airflow/.local/lib/python3.7/site-packages/airflow/example_dags/example_task_group.py
[2023-11-25 17:28:32,333] {logging_mixin.py:115} INFO - [2023-11-25 17:28:32,333] {manager.py:508} INFO - Created Permission View: can delete on DAG:example_task_group
[2023-11-25 17:28:32,393] {logging_mixin.py:115} INFO - [2023-11-25 17:28:32,393] {manager.py:508} INFO - Created Permission View: can edit on DAG:example_task_group
[2023-11-25 17:28:32,432] {logging_mixin.py:115} INFO - [2023-11-25 17:28:32,432] {manager.py:508} INFO - Created Permission View: can read on DAG:example_task_group
[2023-11-25 17:28:32,432] {logging_mixin.py:115} INFO - [2023-11-25 17:28:32,432] {dag.py:2420} INFO - Sync 1 DAGs
[2023-11-25 17:28:32,476] {logging_mixin.py:115} INFO - [2023-11-25 17:28:32,476] {dag.py:2439} INFO - Creating ORM DAG for example_task_group
[2023-11-25 17:28:32,532] {logging_mixin.py:115} INFO - [2023-11-25 17:28:32,531] {dag.py:2972} INFO - Setting next_dagrun for example_task_group to 2023-11-24T17:28:32.531667+00:00, run_after=2023-11-25T17:28:32.531667+00:00
[2023-11-25 17:28:32,571] {processor.py:161} INFO - Processing /home/airflow/.local/lib/python3.7/site-packages/airflow/example_dags/example_task_group.py took 0.701 seconds
[2023-11-25 17:29:03,091] {processor.py:153} INFO - Started process (PID=144) to work on /home/airflow/.local/lib/python3.7/site-packages/airflow/example_dags/example_task_group.py
[2023-11-25 17:29:03,101] {processor.py:641} INFO - Processing file /home/airflow/.local/lib/python3.7/site-packages/airflow/example_dags/example_task_group.py for tasks to queue
[2023-11-25 17:29:03,102] {logging_mixin.py:115} INFO - [2023-11-25 17:29:03,102] {dagbag.py:508} INFO - Filling up the DagBag from /home/airflow/.local/lib/python3.7/site-packages/airflow/example_dags/example_task_group.py
[2023-11-25 17:29:03,117] {processor.py:651} INFO - DAG(s) dict_keys(['example_task_group']) retrieved from /home/airflow/.local/lib/python3.7/site-packages/airflow/example_dags/example_task_group.py
[2023-11-25 17:29:03,170] {logging_mixin.py:115} INFO - [2023-11-25 17:29:03,170] {dag.py:2420} INFO - Sync 1 DAGs
[2023-11-25 17:29:03,209] {logging_mixin.py:115} INFO - [2023-11-25 17:29:03,209] {dag.py:2972} INFO - Setting next_dagrun for example_task_group to 2023-11-24T17:29:03.208656+00:00, run_after=2023-11-25T17:29:03.208656+00:00
[2023-11-25 17:29:03,569] {processor.py:161} INFO - Processing /home/airflow/.local/lib/python3.7/site-packages/airflow/example_dags/example_task_group.py took 0.491 seconds
[2023-11-25 17:29:34,411] {processor.py:153} INFO - Started process (PID=196) to work on /home/airflow/.local/lib/python3.7/site-packages/airflow/example_dags/example_task_group.py
[2023-11-25 17:29:34,412] {processor.py:641} INFO - Processing file /home/airflow/.local/lib/python3.7/site-packages/airflow/example_dags/example_task_group.py for tasks to queue
[2023-11-25 17:29:34,413] {logging_mixin.py:115} INFO - [2023-11-25 17:29:34,412] {dagbag.py:508} INFO - Filling up the DagBag from /home/airflow/.local/lib/python3.7/site-packages/airflow/example_dags/example_task_group.py
[2023-11-25 17:29:34,438] {processor.py:651} INFO - DAG(s) dict_keys(['example_task_group']) retrieved from /home/airflow/.local/lib/python3.7/site-packages/airflow/example_dags/example_task_group.py
[2023-11-25 17:29:34,535] {logging_mixin.py:115} INFO - [2023-11-25 17:29:34,535] {dag.py:2420} INFO - Sync 1 DAGs
[2023-11-25 17:29:34,576] {logging_mixin.py:115} INFO - [2023-11-25 17:29:34,576] {dag.py:2972} INFO - Setting next_dagrun for example_task_group to 2023-11-24T17:29:34.575688+00:00, run_after=2023-11-25T17:29:34.575688+00:00
[2023-11-25 17:29:34,600] {processor.py:161} INFO - Processing /home/airflow/.local/lib/python3.7/site-packages/airflow/example_dags/example_task_group.py took 0.206 seconds
[2023-11-25 17:30:04,649] {processor.py:153} INFO - Started process (PID=257) to work on /home/airflow/.local/lib/python3.7/site-packages/airflow/example_dags/example_task_group.py
[2023-11-25 17:30:04,650] {processor.py:641} INFO - Processing file /home/airflow/.local/lib/python3.7/site-packages/airflow/example_dags/example_task_group.py for tasks to queue
[2023-11-25 17:30:04,651] {logging_mixin.py:115} INFO - [2023-11-25 17:30:04,651] {dagbag.py:508} INFO - Filling up the DagBag from /home/airflow/.local/lib/python3.7/site-packages/airflow/example_dags/example_task_group.py
[2023-11-25 17:30:04,672] {processor.py:651} INFO - DAG(s) dict_keys(['example_task_group']) retrieved from /home/airflow/.local/lib/python3.7/site-packages/airflow/example_dags/example_task_group.py
[2023-11-25 17:30:04,750] {logging_mixin.py:115} INFO - [2023-11-25 17:30:04,750] {dag.py:2420} INFO - Sync 1 DAGs
[2023-11-25 17:30:04,797] {logging_mixin.py:115} INFO - [2023-11-25 17:30:04,796] {dag.py:2972} INFO - Setting next_dagrun for example_task_group to 2023-11-24T17:30:04.796451+00:00, run_after=2023-11-25T17:30:04.796451+00:00
[2023-11-25 17:30:04,814] {processor.py:161} INFO - Processing /home/airflow/.local/lib/python3.7/site-packages/airflow/example_dags/example_task_group.py took 0.169 seconds
[2023-11-25 17:30:35,037] {processor.py:153} INFO - Started process (PID=309) to work on /home/airflow/.local/lib/python3.7/site-packages/airflow/example_dags/example_task_group.py
[2023-11-25 17:30:35,038] {processor.py:641} INFO - Processing file /home/airflow/.local/lib/python3.7/site-packages/airflow/example_dags/example_task_group.py for tasks to queue
[2023-11-25 17:30:35,039] {logging_mixin.py:115} INFO - [2023-11-25 17:30:35,039] {dagbag.py:508} INFO - Filling up the DagBag from /home/airflow/.local/lib/python3.7/site-packages/airflow/example_dags/example_task_group.py
[2023-11-25 17:30:35,048] {processor.py:651} INFO - DAG(s) dict_keys(['example_task_group']) retrieved from /home/airflow/.local/lib/python3.7/site-packages/airflow/example_dags/example_task_group.py
[2023-11-25 17:30:35,100] {logging_mixin.py:115} INFO - [2023-11-25 17:30:35,100] {dag.py:2420} INFO - Sync 1 DAGs
[2023-11-25 17:30:35,131] {logging_mixin.py:115} INFO - [2023-11-25 17:30:35,131] {dag.py:2972} INFO - Setting next_dagrun for example_task_group to 2023-11-24T17:30:35.130898+00:00, run_after=2023-11-25T17:30:35.130898+00:00
[2023-11-25 17:30:35,147] {processor.py:161} INFO - Processing /home/airflow/.local/lib/python3.7/site-packages/airflow/example_dags/example_task_group.py took 0.115 seconds
[2023-11-25 17:31:05,512] {processor.py:153} INFO - Started process (PID=370) to work on /home/airflow/.local/lib/python3.7/site-packages/airflow/example_dags/example_task_group.py
[2023-11-25 17:31:05,513] {processor.py:641} INFO - Processing file /home/airflow/.local/lib/python3.7/site-packages/airflow/example_dags/example_task_group.py for tasks to queue
[2023-11-25 17:31:05,514] {logging_mixin.py:115} INFO - [2023-11-25 17:31:05,513] {dagbag.py:508} INFO - Filling up the DagBag from /home/airflow/.local/lib/python3.7/site-packages/airflow/example_dags/example_task_group.py
[2023-11-25 17:31:05,530] {processor.py:651} INFO - DAG(s) dict_keys(['example_task_group']) retrieved from /home/airflow/.local/lib/python3.7/site-packages/airflow/example_dags/example_task_group.py
[2023-11-25 17:31:05,582] {logging_mixin.py:115} INFO - [2023-11-25 17:31:05,582] {dag.py:2420} INFO - Sync 1 DAGs
[2023-11-25 17:31:05,651] {logging_mixin.py:115} INFO - [2023-11-25 17:31:05,650] {dag.py:2972} INFO - Setting next_dagrun for example_task_group to 2023-11-24T17:31:05.650487+00:00, run_after=2023-11-25T17:31:05.650487+00:00
[2023-11-25 17:31:05,691] {processor.py:161} INFO - Processing /home/airflow/.local/lib/python3.7/site-packages/airflow/example_dags/example_task_group.py took 0.188 seconds
[2023-11-25 17:31:36,439] {processor.py:153} INFO - Started process (PID=431) to work on /home/airflow/.local/lib/python3.7/site-packages/airflow/example_dags/example_task_group.py
[2023-11-25 17:31:36,440] {processor.py:641} INFO - Processing file /home/airflow/.local/lib/python3.7/site-packages/airflow/example_dags/example_task_group.py for tasks to queue
[2023-11-25 17:31:36,441] {logging_mixin.py:115} INFO - [2023-11-25 17:31:36,441] {dagbag.py:508} INFO - Filling up the DagBag from /home/airflow/.local/lib/python3.7/site-packages/airflow/example_dags/example_task_group.py
[2023-11-25 17:31:36,451] {processor.py:651} INFO - DAG(s) dict_keys(['example_task_group']) retrieved from /home/airflow/.local/lib/python3.7/site-packages/airflow/example_dags/example_task_group.py
[2023-11-25 17:31:36,493] {logging_mixin.py:115} INFO - [2023-11-25 17:31:36,493] {dag.py:2420} INFO - Sync 1 DAGs
[2023-11-25 17:31:36,522] {logging_mixin.py:115} INFO - [2023-11-25 17:31:36,522] {dag.py:2972} INFO - Setting next_dagrun for example_task_group to 2023-11-24T17:31:36.522468+00:00, run_after=2023-11-25T17:31:36.522468+00:00
[2023-11-25 17:31:36,537] {processor.py:161} INFO - Processing /home/airflow/.local/lib/python3.7/site-packages/airflow/example_dags/example_task_group.py took 0.103 seconds
[2023-11-25 17:32:07,141] {processor.py:153} INFO - Started process (PID=483) to work on /home/airflow/.local/lib/python3.7/site-packages/airflow/example_dags/example_task_group.py
[2023-11-25 17:32:07,142] {processor.py:641} INFO - Processing file /home/airflow/.local/lib/python3.7/site-packages/airflow/example_dags/example_task_group.py for tasks to queue
[2023-11-25 17:32:07,143] {logging_mixin.py:115} INFO - [2023-11-25 17:32:07,143] {dagbag.py:508} INFO - Filling up the DagBag from /home/airflow/.local/lib/python3.7/site-packages/airflow/example_dags/example_task_group.py
[2023-11-25 17:32:07,153] {processor.py:651} INFO - DAG(s) dict_keys(['example_task_group']) retrieved from /home/airflow/.local/lib/python3.7/site-packages/airflow/example_dags/example_task_group.py
[2023-11-25 17:32:07,194] {logging_mixin.py:115} INFO - [2023-11-25 17:32:07,194] {dag.py:2420} INFO - Sync 1 DAGs
[2023-11-25 17:32:07,225] {logging_mixin.py:115} INFO - [2023-11-25 17:32:07,225] {dag.py:2972} INFO - Setting next_dagrun for example_task_group to 2023-11-24T17:32:07.225069+00:00, run_after=2023-11-25T17:32:07.225069+00:00
[2023-11-25 17:32:07,239] {processor.py:161} INFO - Processing /home/airflow/.local/lib/python3.7/site-packages/airflow/example_dags/example_task_group.py took 0.103 seconds
[2023-11-25 17:32:37,698] {processor.py:153} INFO - Started process (PID=544) to work on /home/airflow/.local/lib/python3.7/site-packages/airflow/example_dags/example_task_group.py
[2023-11-25 17:32:37,699] {processor.py:641} INFO - Processing file /home/airflow/.local/lib/python3.7/site-packages/airflow/example_dags/example_task_group.py for tasks to queue
[2023-11-25 17:32:37,700] {logging_mixin.py:115} INFO - [2023-11-25 17:32:37,700] {dagbag.py:508} INFO - Filling up the DagBag from /home/airflow/.local/lib/python3.7/site-packages/airflow/example_dags/example_task_group.py
[2023-11-25 17:32:37,711] {processor.py:651} INFO - DAG(s) dict_keys(['example_task_group']) retrieved from /home/airflow/.local/lib/python3.7/site-packages/airflow/example_dags/example_task_group.py
[2023-11-25 17:32:37,753] {logging_mixin.py:115} INFO - [2023-11-25 17:32:37,752] {dag.py:2420} INFO - Sync 1 DAGs
[2023-11-25 17:32:37,782] {logging_mixin.py:115} INFO - [2023-11-25 17:32:37,782] {dag.py:2972} INFO - Setting next_dagrun for example_task_group to 2023-11-24T17:32:37.782352+00:00, run_after=2023-11-25T17:32:37.782352+00:00
[2023-11-25 17:32:37,796] {processor.py:161} INFO - Processing /home/airflow/.local/lib/python3.7/site-packages/airflow/example_dags/example_task_group.py took 0.102 seconds
[2023-11-25 17:33:08,222] {processor.py:153} INFO - Started process (PID=605) to work on /home/airflow/.local/lib/python3.7/site-packages/airflow/example_dags/example_task_group.py
[2023-11-25 17:33:08,223] {processor.py:641} INFO - Processing file /home/airflow/.local/lib/python3.7/site-packages/airflow/example_dags/example_task_group.py for tasks to queue
[2023-11-25 17:33:08,224] {logging_mixin.py:115} INFO - [2023-11-25 17:33:08,224] {dagbag.py:508} INFO - Filling up the DagBag from /home/airflow/.local/lib/python3.7/site-packages/airflow/example_dags/example_task_group.py
[2023-11-25 17:33:08,235] {processor.py:651} INFO - DAG(s) dict_keys(['example_task_group']) retrieved from /home/airflow/.local/lib/python3.7/site-packages/airflow/example_dags/example_task_group.py
[2023-11-25 17:33:08,284] {logging_mixin.py:115} INFO - [2023-11-25 17:33:08,283] {dag.py:2420} INFO - Sync 1 DAGs
[2023-11-25 17:33:08,315] {logging_mixin.py:115} INFO - [2023-11-25 17:33:08,315] {dag.py:2972} INFO - Setting next_dagrun for example_task_group to 2023-11-24T17:33:08.315393+00:00, run_after=2023-11-25T17:33:08.315393+00:00
[2023-11-25 17:33:08,330] {processor.py:161} INFO - Processing /home/airflow/.local/lib/python3.7/site-packages/airflow/example_dags/example_task_group.py took 0.113 seconds
[2023-11-25 17:33:38,533] {processor.py:153} INFO - Started process (PID=657) to work on /home/airflow/.local/lib/python3.7/site-packages/airflow/example_dags/example_task_group.py
[2023-11-25 17:33:38,534] {processor.py:641} INFO - Processing file /home/airflow/.local/lib/python3.7/site-packages/airflow/example_dags/example_task_group.py for tasks to queue
[2023-11-25 17:33:38,534] {logging_mixin.py:115} INFO - [2023-11-25 17:33:38,534] {dagbag.py:508} INFO - Filling up the DagBag from /home/airflow/.local/lib/python3.7/site-packages/airflow/example_dags/example_task_group.py
[2023-11-25 17:33:38,545] {processor.py:651} INFO - DAG(s) dict_keys(['example_task_group']) retrieved from /home/airflow/.local/lib/python3.7/site-packages/airflow/example_dags/example_task_group.py
[2023-11-25 17:33:38,585] {logging_mixin.py:115} INFO - [2023-11-25 17:33:38,585] {dag.py:2420} INFO - Sync 1 DAGs
[2023-11-25 17:33:38,613] {logging_mixin.py:115} INFO - [2023-11-25 17:33:38,613] {dag.py:2972} INFO - Setting next_dagrun for example_task_group to 2023-11-24T17:33:38.612986+00:00, run_after=2023-11-25T17:33:38.612986+00:00
[2023-11-25 17:33:38,631] {processor.py:161} INFO - Processing /home/airflow/.local/lib/python3.7/site-packages/airflow/example_dags/example_task_group.py took 0.103 seconds
[2023-11-25 17:34:09,319] {processor.py:153} INFO - Started process (PID=718) to work on /home/airflow/.local/lib/python3.7/site-packages/airflow/example_dags/example_task_group.py
[2023-11-25 17:34:09,320] {processor.py:641} INFO - Processing file /home/airflow/.local/lib/python3.7/site-packages/airflow/example_dags/example_task_group.py for tasks to queue
[2023-11-25 17:34:09,320] {logging_mixin.py:115} INFO - [2023-11-25 17:34:09,320] {dagbag.py:508} INFO - Filling up the DagBag from /home/airflow/.local/lib/python3.7/site-packages/airflow/example_dags/example_task_group.py
[2023-11-25 17:34:09,331] {processor.py:651} INFO - DAG(s) dict_keys(['example_task_group']) retrieved from /home/airflow/.local/lib/python3.7/site-packages/airflow/example_dags/example_task_group.py
[2023-11-25 17:34:09,375] {logging_mixin.py:115} INFO - [2023-11-25 17:34:09,375] {dag.py:2420} INFO - Sync 1 DAGs
[2023-11-25 17:34:09,404] {logging_mixin.py:115} INFO - [2023-11-25 17:34:09,404] {dag.py:2972} INFO - Setting next_dagrun for example_task_group to 2023-11-24T17:34:09.403971+00:00, run_after=2023-11-25T17:34:09.403971+00:00
[2023-11-25 17:34:09,422] {processor.py:161} INFO - Processing /home/airflow/.local/lib/python3.7/site-packages/airflow/example_dags/example_task_group.py took 0.108 seconds
[2023-11-25 17:34:39,805] {processor.py:153} INFO - Started process (PID=770) to work on /home/airflow/.local/lib/python3.7/site-packages/airflow/example_dags/example_task_group.py
[2023-11-25 17:34:39,806] {processor.py:641} INFO - Processing file /home/airflow/.local/lib/python3.7/site-packages/airflow/example_dags/example_task_group.py for tasks to queue
[2023-11-25 17:34:39,807] {logging_mixin.py:115} INFO - [2023-11-25 17:34:39,807] {dagbag.py:508} INFO - Filling up the DagBag from /home/airflow/.local/lib/python3.7/site-packages/airflow/example_dags/example_task_group.py
[2023-11-25 17:34:39,817] {processor.py:651} INFO - DAG(s) dict_keys(['example_task_group']) retrieved from /home/airflow/.local/lib/python3.7/site-packages/airflow/example_dags/example_task_group.py
[2023-11-25 17:34:39,864] {logging_mixin.py:115} INFO - [2023-11-25 17:34:39,864] {dag.py:2420} INFO - Sync 1 DAGs
[2023-11-25 17:34:39,892] {logging_mixin.py:115} INFO - [2023-11-25 17:34:39,892] {dag.py:2972} INFO - Setting next_dagrun for example_task_group to 2023-11-24T17:34:39.892558+00:00, run_after=2023-11-25T17:34:39.892558+00:00
[2023-11-25 17:34:39,906] {processor.py:161} INFO - Processing /home/airflow/.local/lib/python3.7/site-packages/airflow/example_dags/example_task_group.py took 0.106 seconds
[2023-11-25 17:35:10,218] {processor.py:153} INFO - Started process (PID=831) to work on /home/airflow/.local/lib/python3.7/site-packages/airflow/example_dags/example_task_group.py
[2023-11-25 17:35:10,219] {processor.py:641} INFO - Processing file /home/airflow/.local/lib/python3.7/site-packages/airflow/example_dags/example_task_group.py for tasks to queue
[2023-11-25 17:35:10,220] {logging_mixin.py:115} INFO - [2023-11-25 17:35:10,220] {dagbag.py:508} INFO - Filling up the DagBag from /home/airflow/.local/lib/python3.7/site-packages/airflow/example_dags/example_task_group.py
[2023-11-25 17:35:10,229] {processor.py:651} INFO - DAG(s) dict_keys(['example_task_group']) retrieved from /home/airflow/.local/lib/python3.7/site-packages/airflow/example_dags/example_task_group.py
[2023-11-25 17:35:10,269] {logging_mixin.py:115} INFO - [2023-11-25 17:35:10,269] {dag.py:2420} INFO - Sync 1 DAGs
[2023-11-25 17:35:10,298] {logging_mixin.py:115} INFO - [2023-11-25 17:35:10,298] {dag.py:2972} INFO - Setting next_dagrun for example_task_group to 2023-11-24T17:35:10.297835+00:00, run_after=2023-11-25T17:35:10.297835+00:00
[2023-11-25 17:35:10,311] {processor.py:161} INFO - Processing /home/airflow/.local/lib/python3.7/site-packages/airflow/example_dags/example_task_group.py took 0.097 seconds
[2023-11-25 17:35:40,870] {processor.py:153} INFO - Started process (PID=893) to work on /home/airflow/.local/lib/python3.7/site-packages/airflow/example_dags/example_task_group.py
[2023-11-25 17:35:40,871] {processor.py:641} INFO - Processing file /home/airflow/.local/lib/python3.7/site-packages/airflow/example_dags/example_task_group.py for tasks to queue
[2023-11-25 17:35:40,872] {logging_mixin.py:115} INFO - [2023-11-25 17:35:40,872] {dagbag.py:508} INFO - Filling up the DagBag from /home/airflow/.local/lib/python3.7/site-packages/airflow/example_dags/example_task_group.py
[2023-11-25 17:35:40,890] {processor.py:651} INFO - DAG(s) dict_keys(['example_task_group']) retrieved from /home/airflow/.local/lib/python3.7/site-packages/airflow/example_dags/example_task_group.py
[2023-11-25 17:35:40,941] {logging_mixin.py:115} INFO - [2023-11-25 17:35:40,941] {dag.py:2420} INFO - Sync 1 DAGs
[2023-11-25 17:35:40,992] {logging_mixin.py:115} INFO - [2023-11-25 17:35:40,992] {dag.py:2972} INFO - Setting next_dagrun for example_task_group to 2023-11-24T17:35:40.991921+00:00, run_after=2023-11-25T17:35:40.991921+00:00
[2023-11-25 17:35:41,030] {processor.py:161} INFO - Processing /home/airflow/.local/lib/python3.7/site-packages/airflow/example_dags/example_task_group.py took 0.169 seconds
[2023-11-25 17:36:11,490] {processor.py:153} INFO - Started process (PID=945) to work on /home/airflow/.local/lib/python3.7/site-packages/airflow/example_dags/example_task_group.py
[2023-11-25 17:36:11,491] {processor.py:641} INFO - Processing file /home/airflow/.local/lib/python3.7/site-packages/airflow/example_dags/example_task_group.py for tasks to queue
[2023-11-25 17:36:11,492] {logging_mixin.py:115} INFO - [2023-11-25 17:36:11,492] {dagbag.py:508} INFO - Filling up the DagBag from /home/airflow/.local/lib/python3.7/site-packages/airflow/example_dags/example_task_group.py
[2023-11-25 17:36:11,511] {processor.py:651} INFO - DAG(s) dict_keys(['example_task_group']) retrieved from /home/airflow/.local/lib/python3.7/site-packages/airflow/example_dags/example_task_group.py
[2023-11-25 17:36:11,559] {logging_mixin.py:115} INFO - [2023-11-25 17:36:11,559] {dag.py:2420} INFO - Sync 1 DAGs
[2023-11-25 17:36:11,588] {logging_mixin.py:115} INFO - [2023-11-25 17:36:11,588] {dag.py:2972} INFO - Setting next_dagrun for example_task_group to 2023-11-24T17:36:11.587843+00:00, run_after=2023-11-25T17:36:11.587843+00:00
[2023-11-25 17:36:11,601] {processor.py:161} INFO - Processing /home/airflow/.local/lib/python3.7/site-packages/airflow/example_dags/example_task_group.py took 0.121 seconds
[2023-11-25 17:36:42,125] {processor.py:153} INFO - Started process (PID=1006) to work on /home/airflow/.local/lib/python3.7/site-packages/airflow/example_dags/example_task_group.py
[2023-11-25 17:36:42,126] {processor.py:641} INFO - Processing file /home/airflow/.local/lib/python3.7/site-packages/airflow/example_dags/example_task_group.py for tasks to queue
[2023-11-25 17:36:42,126] {logging_mixin.py:115} INFO - [2023-11-25 17:36:42,126] {dagbag.py:508} INFO - Filling up the DagBag from /home/airflow/.local/lib/python3.7/site-packages/airflow/example_dags/example_task_group.py
[2023-11-25 17:36:42,136] {processor.py:651} INFO - DAG(s) dict_keys(['example_task_group']) retrieved from /home/airflow/.local/lib/python3.7/site-packages/airflow/example_dags/example_task_group.py
[2023-11-25 17:36:42,183] {logging_mixin.py:115} INFO - [2023-11-25 17:36:42,182] {dag.py:2420} INFO - Sync 1 DAGs
[2023-11-25 17:36:42,212] {logging_mixin.py:115} INFO - [2023-11-25 17:36:42,212] {dag.py:2972} INFO - Setting next_dagrun for example_task_group to 2023-11-24T17:36:42.212445+00:00, run_after=2023-11-25T17:36:42.212445+00:00
[2023-11-25 17:36:42,226] {processor.py:161} INFO - Processing /home/airflow/.local/lib/python3.7/site-packages/airflow/example_dags/example_task_group.py took 0.107 seconds
[2023-11-25 17:37:12,393] {processor.py:153} INFO - Started process (PID=1067) to work on /home/airflow/.local/lib/python3.7/site-packages/airflow/example_dags/example_task_group.py
[2023-11-25 17:37:12,394] {processor.py:641} INFO - Processing file /home/airflow/.local/lib/python3.7/site-packages/airflow/example_dags/example_task_group.py for tasks to queue
[2023-11-25 17:37:12,395] {logging_mixin.py:115} INFO - [2023-11-25 17:37:12,394] {dagbag.py:508} INFO - Filling up the DagBag from /home/airflow/.local/lib/python3.7/site-packages/airflow/example_dags/example_task_group.py
[2023-11-25 17:37:12,405] {processor.py:651} INFO - DAG(s) dict_keys(['example_task_group']) retrieved from /home/airflow/.local/lib/python3.7/site-packages/airflow/example_dags/example_task_group.py
[2023-11-25 17:37:12,445] {logging_mixin.py:115} INFO - [2023-11-25 17:37:12,445] {dag.py:2420} INFO - Sync 1 DAGs
[2023-11-25 17:37:12,477] {logging_mixin.py:115} INFO - [2023-11-25 17:37:12,477] {dag.py:2972} INFO - Setting next_dagrun for example_task_group to 2023-11-24T17:37:12.476866+00:00, run_after=2023-11-25T17:37:12.476866+00:00
[2023-11-25 17:37:12,490] {processor.py:161} INFO - Processing /home/airflow/.local/lib/python3.7/site-packages/airflow/example_dags/example_task_group.py took 0.102 seconds
[2023-11-25 17:37:42,984] {processor.py:153} INFO - Started process (PID=1119) to work on /home/airflow/.local/lib/python3.7/site-packages/airflow/example_dags/example_task_group.py
[2023-11-25 17:37:42,985] {processor.py:641} INFO - Processing file /home/airflow/.local/lib/python3.7/site-packages/airflow/example_dags/example_task_group.py for tasks to queue
[2023-11-25 17:37:42,986] {logging_mixin.py:115} INFO - [2023-11-25 17:37:42,986] {dagbag.py:508} INFO - Filling up the DagBag from /home/airflow/.local/lib/python3.7/site-packages/airflow/example_dags/example_task_group.py
[2023-11-25 17:37:42,996] {processor.py:651} INFO - DAG(s) dict_keys(['example_task_group']) retrieved from /home/airflow/.local/lib/python3.7/site-packages/airflow/example_dags/example_task_group.py
[2023-11-25 17:37:43,037] {logging_mixin.py:115} INFO - [2023-11-25 17:37:43,037] {dag.py:2420} INFO - Sync 1 DAGs
[2023-11-25 17:37:43,068] {logging_mixin.py:115} INFO - [2023-11-25 17:37:43,067] {dag.py:2972} INFO - Setting next_dagrun for example_task_group to 2023-11-24T17:37:43.067564+00:00, run_after=2023-11-25T17:37:43.067564+00:00
[2023-11-25 17:37:43,082] {processor.py:161} INFO - Processing /home/airflow/.local/lib/python3.7/site-packages/airflow/example_dags/example_task_group.py took 0.103 seconds
[2023-11-25 17:38:13,558] {processor.py:153} INFO - Started process (PID=1179) to work on /home/airflow/.local/lib/python3.7/site-packages/airflow/example_dags/example_task_group.py
[2023-11-25 17:38:13,559] {processor.py:641} INFO - Processing file /home/airflow/.local/lib/python3.7/site-packages/airflow/example_dags/example_task_group.py for tasks to queue
[2023-11-25 17:38:13,560] {logging_mixin.py:115} INFO - [2023-11-25 17:38:13,560] {dagbag.py:508} INFO - Filling up the DagBag from /home/airflow/.local/lib/python3.7/site-packages/airflow/example_dags/example_task_group.py
[2023-11-25 17:38:13,579] {processor.py:651} INFO - DAG(s) dict_keys(['example_task_group']) retrieved from /home/airflow/.local/lib/python3.7/site-packages/airflow/example_dags/example_task_group.py
[2023-11-25 17:38:13,660] {logging_mixin.py:115} INFO - [2023-11-25 17:38:13,660] {dag.py:2420} INFO - Sync 1 DAGs
[2023-11-25 17:38:13,711] {logging_mixin.py:115} INFO - [2023-11-25 17:38:13,710] {dag.py:2972} INFO - Setting next_dagrun for example_task_group to 2023-11-24T17:38:13.710500+00:00, run_after=2023-11-25T17:38:13.710500+00:00
[2023-11-25 17:38:13,732] {processor.py:161} INFO - Processing /home/airflow/.local/lib/python3.7/site-packages/airflow/example_dags/example_task_group.py took 0.179 seconds
[2023-11-25 17:38:43,795] {processor.py:153} INFO - Started process (PID=1242) to work on /home/airflow/.local/lib/python3.7/site-packages/airflow/example_dags/example_task_group.py
[2023-11-25 17:38:43,795] {processor.py:641} INFO - Processing file /home/airflow/.local/lib/python3.7/site-packages/airflow/example_dags/example_task_group.py for tasks to queue
[2023-11-25 17:38:43,796] {logging_mixin.py:115} INFO - [2023-11-25 17:38:43,796] {dagbag.py:508} INFO - Filling up the DagBag from /home/airflow/.local/lib/python3.7/site-packages/airflow/example_dags/example_task_group.py
[2023-11-25 17:38:43,810] {processor.py:651} INFO - DAG(s) dict_keys(['example_task_group']) retrieved from /home/airflow/.local/lib/python3.7/site-packages/airflow/example_dags/example_task_group.py
[2023-11-25 17:38:43,870] {logging_mixin.py:115} INFO - [2023-11-25 17:38:43,870] {dag.py:2420} INFO - Sync 1 DAGs
[2023-11-25 17:38:43,916] {logging_mixin.py:115} INFO - [2023-11-25 17:38:43,916] {dag.py:2972} INFO - Setting next_dagrun for example_task_group to 2023-11-24T17:38:43.915924+00:00, run_after=2023-11-25T17:38:43.915924+00:00
[2023-11-25 17:38:43,937] {processor.py:161} INFO - Processing /home/airflow/.local/lib/python3.7/site-packages/airflow/example_dags/example_task_group.py took 0.148 seconds
[2023-11-25 17:39:14,649] {processor.py:153} INFO - Started process (PID=1296) to work on /home/airflow/.local/lib/python3.7/site-packages/airflow/example_dags/example_task_group.py
[2023-11-25 17:39:14,650] {processor.py:641} INFO - Processing file /home/airflow/.local/lib/python3.7/site-packages/airflow/example_dags/example_task_group.py for tasks to queue
[2023-11-25 17:39:14,651] {logging_mixin.py:115} INFO - [2023-11-25 17:39:14,651] {dagbag.py:508} INFO - Filling up the DagBag from /home/airflow/.local/lib/python3.7/site-packages/airflow/example_dags/example_task_group.py
[2023-11-25 17:39:14,661] {processor.py:651} INFO - DAG(s) dict_keys(['example_task_group']) retrieved from /home/airflow/.local/lib/python3.7/site-packages/airflow/example_dags/example_task_group.py
[2023-11-25 17:39:14,704] {logging_mixin.py:115} INFO - [2023-11-25 17:39:14,704] {dag.py:2420} INFO - Sync 1 DAGs
[2023-11-25 17:39:14,732] {logging_mixin.py:115} INFO - [2023-11-25 17:39:14,732] {dag.py:2972} INFO - Setting next_dagrun for example_task_group to 2023-11-24T17:39:14.731879+00:00, run_after=2023-11-25T17:39:14.731879+00:00
[2023-11-25 17:39:14,745] {processor.py:161} INFO - Processing /home/airflow/.local/lib/python3.7/site-packages/airflow/example_dags/example_task_group.py took 0.102 seconds
[2023-11-25 17:39:45,459] {processor.py:153} INFO - Started process (PID=1359) to work on /home/airflow/.local/lib/python3.7/site-packages/airflow/example_dags/example_task_group.py
[2023-11-25 17:39:45,460] {processor.py:641} INFO - Processing file /home/airflow/.local/lib/python3.7/site-packages/airflow/example_dags/example_task_group.py for tasks to queue
[2023-11-25 17:39:45,461] {logging_mixin.py:115} INFO - [2023-11-25 17:39:45,461] {dagbag.py:508} INFO - Filling up the DagBag from /home/airflow/.local/lib/python3.7/site-packages/airflow/example_dags/example_task_group.py
[2023-11-25 17:39:45,471] {processor.py:651} INFO - DAG(s) dict_keys(['example_task_group']) retrieved from /home/airflow/.local/lib/python3.7/site-packages/airflow/example_dags/example_task_group.py
[2023-11-25 17:39:45,510] {logging_mixin.py:115} INFO - [2023-11-25 17:39:45,510] {dag.py:2420} INFO - Sync 1 DAGs
[2023-11-25 17:39:45,542] {logging_mixin.py:115} INFO - [2023-11-25 17:39:45,542] {dag.py:2972} INFO - Setting next_dagrun for example_task_group to 2023-11-24T17:39:45.542562+00:00, run_after=2023-11-25T17:39:45.542562+00:00
[2023-11-25 17:39:45,556] {processor.py:161} INFO - Processing /home/airflow/.local/lib/python3.7/site-packages/airflow/example_dags/example_task_group.py took 0.102 seconds
[2023-11-25 17:40:16,150] {processor.py:153} INFO - Started process (PID=1421) to work on /home/airflow/.local/lib/python3.7/site-packages/airflow/example_dags/example_task_group.py
[2023-11-25 17:40:16,151] {processor.py:641} INFO - Processing file /home/airflow/.local/lib/python3.7/site-packages/airflow/example_dags/example_task_group.py for tasks to queue
[2023-11-25 17:40:16,152] {logging_mixin.py:115} INFO - [2023-11-25 17:40:16,151] {dagbag.py:508} INFO - Filling up the DagBag from /home/airflow/.local/lib/python3.7/site-packages/airflow/example_dags/example_task_group.py
[2023-11-25 17:40:16,170] {processor.py:651} INFO - DAG(s) dict_keys(['example_task_group']) retrieved from /home/airflow/.local/lib/python3.7/site-packages/airflow/example_dags/example_task_group.py
[2023-11-25 17:40:16,232] {logging_mixin.py:115} INFO - [2023-11-25 17:40:16,232] {dag.py:2420} INFO - Sync 1 DAGs
[2023-11-25 17:40:16,279] {logging_mixin.py:115} INFO - [2023-11-25 17:40:16,278] {dag.py:2972} INFO - Setting next_dagrun for example_task_group to 2023-11-24T17:40:16.278447+00:00, run_after=2023-11-25T17:40:16.278447+00:00
[2023-11-25 17:40:16,297] {processor.py:161} INFO - Processing /home/airflow/.local/lib/python3.7/site-packages/airflow/example_dags/example_task_group.py took 0.161 seconds
[2023-11-25 17:40:46,664] {processor.py:153} INFO - Started process (PID=1475) to work on /home/airflow/.local/lib/python3.7/site-packages/airflow/example_dags/example_task_group.py
[2023-11-25 17:40:46,670] {processor.py:641} INFO - Processing file /home/airflow/.local/lib/python3.7/site-packages/airflow/example_dags/example_task_group.py for tasks to queue
[2023-11-25 17:40:46,671] {logging_mixin.py:115} INFO - [2023-11-25 17:40:46,670] {dagbag.py:508} INFO - Filling up the DagBag from /home/airflow/.local/lib/python3.7/site-packages/airflow/example_dags/example_task_group.py
[2023-11-25 17:40:46,681] {processor.py:651} INFO - DAG(s) dict_keys(['example_task_group']) retrieved from /home/airflow/.local/lib/python3.7/site-packages/airflow/example_dags/example_task_group.py
[2023-11-25 17:40:46,739] {logging_mixin.py:115} INFO - [2023-11-25 17:40:46,739] {dag.py:2420} INFO - Sync 1 DAGs
[2023-11-25 17:40:46,794] {logging_mixin.py:115} INFO - [2023-11-25 17:40:46,793] {dag.py:2972} INFO - Setting next_dagrun for example_task_group to 2023-11-24T17:40:46.793605+00:00, run_after=2023-11-25T17:40:46.793605+00:00
[2023-11-25 17:40:46,814] {processor.py:161} INFO - Processing /home/airflow/.local/lib/python3.7/site-packages/airflow/example_dags/example_task_group.py took 0.156 seconds
[2023-11-25 17:41:17,324] {processor.py:153} INFO - Started process (PID=1538) to work on /home/airflow/.local/lib/python3.7/site-packages/airflow/example_dags/example_task_group.py
[2023-11-25 17:41:17,325] {processor.py:641} INFO - Processing file /home/airflow/.local/lib/python3.7/site-packages/airflow/example_dags/example_task_group.py for tasks to queue
[2023-11-25 17:41:17,325] {logging_mixin.py:115} INFO - [2023-11-25 17:41:17,325] {dagbag.py:508} INFO - Filling up the DagBag from /home/airflow/.local/lib/python3.7/site-packages/airflow/example_dags/example_task_group.py
[2023-11-25 17:41:17,336] {processor.py:651} INFO - DAG(s) dict_keys(['example_task_group']) retrieved from /home/airflow/.local/lib/python3.7/site-packages/airflow/example_dags/example_task_group.py
[2023-11-25 17:41:17,380] {logging_mixin.py:115} INFO - [2023-11-25 17:41:17,380] {dag.py:2420} INFO - Sync 1 DAGs
[2023-11-25 17:41:17,408] {logging_mixin.py:115} INFO - [2023-11-25 17:41:17,408] {dag.py:2972} INFO - Setting next_dagrun for example_task_group to 2023-11-24T17:41:17.408092+00:00, run_after=2023-11-25T17:41:17.408092+00:00
[2023-11-25 17:41:17,421] {processor.py:161} INFO - Processing /home/airflow/.local/lib/python3.7/site-packages/airflow/example_dags/example_task_group.py took 0.102 seconds
[2023-11-25 17:41:48,201] {processor.py:153} INFO - Started process (PID=1599) to work on /home/airflow/.local/lib/python3.7/site-packages/airflow/example_dags/example_task_group.py
[2023-11-25 17:41:48,202] {processor.py:641} INFO - Processing file /home/airflow/.local/lib/python3.7/site-packages/airflow/example_dags/example_task_group.py for tasks to queue
[2023-11-25 17:41:48,202] {logging_mixin.py:115} INFO - [2023-11-25 17:41:48,202] {dagbag.py:508} INFO - Filling up the DagBag from /home/airflow/.local/lib/python3.7/site-packages/airflow/example_dags/example_task_group.py
[2023-11-25 17:41:48,217] {processor.py:651} INFO - DAG(s) dict_keys(['example_task_group']) retrieved from /home/airflow/.local/lib/python3.7/site-packages/airflow/example_dags/example_task_group.py
[2023-11-25 17:41:48,274] {logging_mixin.py:115} INFO - [2023-11-25 17:41:48,274] {dag.py:2420} INFO - Sync 1 DAGs
[2023-11-25 17:41:48,313] {logging_mixin.py:115} INFO - [2023-11-25 17:41:48,313] {dag.py:2972} INFO - Setting next_dagrun for example_task_group to 2023-11-24T17:41:48.313195+00:00, run_after=2023-11-25T17:41:48.313195+00:00
[2023-11-25 17:41:48,333] {processor.py:161} INFO - Processing /home/airflow/.local/lib/python3.7/site-packages/airflow/example_dags/example_task_group.py took 0.137 seconds
[2023-11-25 17:42:19,301] {processor.py:153} INFO - Started process (PID=1655) to work on /home/airflow/.local/lib/python3.7/site-packages/airflow/example_dags/example_task_group.py
[2023-11-25 17:42:19,302] {processor.py:641} INFO - Processing file /home/airflow/.local/lib/python3.7/site-packages/airflow/example_dags/example_task_group.py for tasks to queue
[2023-11-25 17:42:19,302] {logging_mixin.py:115} INFO - [2023-11-25 17:42:19,302] {dagbag.py:508} INFO - Filling up the DagBag from /home/airflow/.local/lib/python3.7/site-packages/airflow/example_dags/example_task_group.py
[2023-11-25 17:42:19,316] {processor.py:651} INFO - DAG(s) dict_keys(['example_task_group']) retrieved from /home/airflow/.local/lib/python3.7/site-packages/airflow/example_dags/example_task_group.py
[2023-11-25 17:42:19,358] {logging_mixin.py:115} INFO - [2023-11-25 17:42:19,358] {dag.py:2420} INFO - Sync 1 DAGs
[2023-11-25 17:42:19,385] {logging_mixin.py:115} INFO - [2023-11-25 17:42:19,385] {dag.py:2972} INFO - Setting next_dagrun for example_task_group to 2023-11-24T17:42:19.385459+00:00, run_after=2023-11-25T17:42:19.385459+00:00
[2023-11-25 17:42:19,398] {processor.py:161} INFO - Processing /home/airflow/.local/lib/python3.7/site-packages/airflow/example_dags/example_task_group.py took 0.102 seconds
[2023-11-25 17:42:49,722] {processor.py:153} INFO - Started process (PID=1719) to work on /home/airflow/.local/lib/python3.7/site-packages/airflow/example_dags/example_task_group.py
[2023-11-25 17:42:49,723] {processor.py:641} INFO - Processing file /home/airflow/.local/lib/python3.7/site-packages/airflow/example_dags/example_task_group.py for tasks to queue
[2023-11-25 17:42:49,724] {logging_mixin.py:115} INFO - [2023-11-25 17:42:49,724] {dagbag.py:508} INFO - Filling up the DagBag from /home/airflow/.local/lib/python3.7/site-packages/airflow/example_dags/example_task_group.py
[2023-11-25 17:42:49,737] {processor.py:651} INFO - DAG(s) dict_keys(['example_task_group']) retrieved from /home/airflow/.local/lib/python3.7/site-packages/airflow/example_dags/example_task_group.py
[2023-11-25 17:42:49,778] {logging_mixin.py:115} INFO - [2023-11-25 17:42:49,778] {dag.py:2420} INFO - Sync 1 DAGs
[2023-11-25 17:42:49,807] {logging_mixin.py:115} INFO - [2023-11-25 17:42:49,806] {dag.py:2972} INFO - Setting next_dagrun for example_task_group to 2023-11-24T17:42:49.806621+00:00, run_after=2023-11-25T17:42:49.806621+00:00
[2023-11-25 17:42:49,820] {processor.py:161} INFO - Processing /home/airflow/.local/lib/python3.7/site-packages/airflow/example_dags/example_task_group.py took 0.102 seconds
[2023-11-25 17:43:20,330] {processor.py:153} INFO - Started process (PID=1773) to work on /home/airflow/.local/lib/python3.7/site-packages/airflow/example_dags/example_task_group.py
[2023-11-25 17:43:20,331] {processor.py:641} INFO - Processing file /home/airflow/.local/lib/python3.7/site-packages/airflow/example_dags/example_task_group.py for tasks to queue
[2023-11-25 17:43:20,332] {logging_mixin.py:115} INFO - [2023-11-25 17:43:20,331] {dagbag.py:508} INFO - Filling up the DagBag from /home/airflow/.local/lib/python3.7/site-packages/airflow/example_dags/example_task_group.py
[2023-11-25 17:43:20,351] {processor.py:651} INFO - DAG(s) dict_keys(['example_task_group']) retrieved from /home/airflow/.local/lib/python3.7/site-packages/airflow/example_dags/example_task_group.py
[2023-11-25 17:43:20,404] {logging_mixin.py:115} INFO - [2023-11-25 17:43:20,404] {dag.py:2420} INFO - Sync 1 DAGs
[2023-11-25 17:43:20,433] {logging_mixin.py:115} INFO - [2023-11-25 17:43:20,433] {dag.py:2972} INFO - Setting next_dagrun for example_task_group to 2023-11-24T17:43:20.433238+00:00, run_after=2023-11-25T17:43:20.433238+00:00
[2023-11-25 17:43:20,447] {processor.py:161} INFO - Processing /home/airflow/.local/lib/python3.7/site-packages/airflow/example_dags/example_task_group.py took 0.122 seconds
[2023-11-25 17:43:51,198] {processor.py:153} INFO - Started process (PID=1836) to work on /home/airflow/.local/lib/python3.7/site-packages/airflow/example_dags/example_task_group.py
[2023-11-25 17:43:51,198] {processor.py:641} INFO - Processing file /home/airflow/.local/lib/python3.7/site-packages/airflow/example_dags/example_task_group.py for tasks to queue
[2023-11-25 17:43:51,199] {logging_mixin.py:115} INFO - [2023-11-25 17:43:51,199] {dagbag.py:508} INFO - Filling up the DagBag from /home/airflow/.local/lib/python3.7/site-packages/airflow/example_dags/example_task_group.py
[2023-11-25 17:43:51,219] {processor.py:651} INFO - DAG(s) dict_keys(['example_task_group']) retrieved from /home/airflow/.local/lib/python3.7/site-packages/airflow/example_dags/example_task_group.py
[2023-11-25 17:43:51,270] {logging_mixin.py:115} INFO - [2023-11-25 17:43:51,270] {dag.py:2420} INFO - Sync 1 DAGs
[2023-11-25 17:43:51,301] {logging_mixin.py:115} INFO - [2023-11-25 17:43:51,301] {dag.py:2972} INFO - Setting next_dagrun for example_task_group to 2023-11-24T17:43:51.301019+00:00, run_after=2023-11-25T17:43:51.301019+00:00
[2023-11-25 17:43:51,314] {processor.py:161} INFO - Processing /home/airflow/.local/lib/python3.7/site-packages/airflow/example_dags/example_task_group.py took 0.122 seconds
[2023-11-25 17:44:21,397] {processor.py:153} INFO - Started process (PID=1901) to work on /home/airflow/.local/lib/python3.7/site-packages/airflow/example_dags/example_task_group.py
[2023-11-25 17:44:21,410] {processor.py:641} INFO - Processing file /home/airflow/.local/lib/python3.7/site-packages/airflow/example_dags/example_task_group.py for tasks to queue
[2023-11-25 17:44:21,411] {logging_mixin.py:115} INFO - [2023-11-25 17:44:21,411] {dagbag.py:508} INFO - Filling up the DagBag from /home/airflow/.local/lib/python3.7/site-packages/airflow/example_dags/example_task_group.py
[2023-11-25 17:44:21,435] {processor.py:651} INFO - DAG(s) dict_keys(['example_task_group']) retrieved from /home/airflow/.local/lib/python3.7/site-packages/airflow/example_dags/example_task_group.py
[2023-11-25 17:44:21,632] {logging_mixin.py:115} INFO - [2023-11-25 17:44:21,632] {dag.py:2420} INFO - Sync 1 DAGs
[2023-11-25 17:44:21,711] {logging_mixin.py:115} INFO - [2023-11-25 17:44:21,711] {dag.py:2972} INFO - Setting next_dagrun for example_task_group to 2023-11-24T17:44:21.710790+00:00, run_after=2023-11-25T17:44:21.710790+00:00
[2023-11-25 17:44:21,751] {processor.py:161} INFO - Processing /home/airflow/.local/lib/python3.7/site-packages/airflow/example_dags/example_task_group.py took 0.359 seconds
[2023-11-25 17:44:52,653] {processor.py:153} INFO - Started process (PID=1955) to work on /home/airflow/.local/lib/python3.7/site-packages/airflow/example_dags/example_task_group.py
[2023-11-25 17:44:52,654] {processor.py:641} INFO - Processing file /home/airflow/.local/lib/python3.7/site-packages/airflow/example_dags/example_task_group.py for tasks to queue
[2023-11-25 17:44:52,654] {logging_mixin.py:115} INFO - [2023-11-25 17:44:52,654] {dagbag.py:508} INFO - Filling up the DagBag from /home/airflow/.local/lib/python3.7/site-packages/airflow/example_dags/example_task_group.py
[2023-11-25 17:44:52,665] {processor.py:651} INFO - DAG(s) dict_keys(['example_task_group']) retrieved from /home/airflow/.local/lib/python3.7/site-packages/airflow/example_dags/example_task_group.py
[2023-11-25 17:44:52,704] {logging_mixin.py:115} INFO - [2023-11-25 17:44:52,703] {dag.py:2420} INFO - Sync 1 DAGs
[2023-11-25 17:44:52,731] {logging_mixin.py:115} INFO - [2023-11-25 17:44:52,730] {dag.py:2972} INFO - Setting next_dagrun for example_task_group to 2023-11-24T17:44:52.730604+00:00, run_after=2023-11-25T17:44:52.730604+00:00
[2023-11-25 17:44:52,743] {processor.py:161} INFO - Processing /home/airflow/.local/lib/python3.7/site-packages/airflow/example_dags/example_task_group.py took 0.095 seconds
[2023-11-25 17:45:23,320] {processor.py:153} INFO - Started process (PID=2018) to work on /home/airflow/.local/lib/python3.7/site-packages/airflow/example_dags/example_task_group.py
[2023-11-25 17:45:23,321] {processor.py:641} INFO - Processing file /home/airflow/.local/lib/python3.7/site-packages/airflow/example_dags/example_task_group.py for tasks to queue
[2023-11-25 17:45:23,322] {logging_mixin.py:115} INFO - [2023-11-25 17:45:23,322] {dagbag.py:508} INFO - Filling up the DagBag from /home/airflow/.local/lib/python3.7/site-packages/airflow/example_dags/example_task_group.py
[2023-11-25 17:45:23,332] {processor.py:651} INFO - DAG(s) dict_keys(['example_task_group']) retrieved from /home/airflow/.local/lib/python3.7/site-packages/airflow/example_dags/example_task_group.py
[2023-11-25 17:45:23,376] {logging_mixin.py:115} INFO - [2023-11-25 17:45:23,376] {dag.py:2420} INFO - Sync 1 DAGs
[2023-11-25 17:45:23,405] {logging_mixin.py:115} INFO - [2023-11-25 17:45:23,405] {dag.py:2972} INFO - Setting next_dagrun for example_task_group to 2023-11-24T17:45:23.404916+00:00, run_after=2023-11-25T17:45:23.404916+00:00
[2023-11-25 17:45:23,419] {processor.py:161} INFO - Processing /home/airflow/.local/lib/python3.7/site-packages/airflow/example_dags/example_task_group.py took 0.103 seconds
[2023-11-25 17:45:54,132] {processor.py:153} INFO - Started process (PID=2081) to work on /home/airflow/.local/lib/python3.7/site-packages/airflow/example_dags/example_task_group.py
[2023-11-25 17:45:54,133] {processor.py:641} INFO - Processing file /home/airflow/.local/lib/python3.7/site-packages/airflow/example_dags/example_task_group.py for tasks to queue
[2023-11-25 17:45:54,134] {logging_mixin.py:115} INFO - [2023-11-25 17:45:54,133] {dagbag.py:508} INFO - Filling up the DagBag from /home/airflow/.local/lib/python3.7/site-packages/airflow/example_dags/example_task_group.py
[2023-11-25 17:45:54,144] {processor.py:651} INFO - DAG(s) dict_keys(['example_task_group']) retrieved from /home/airflow/.local/lib/python3.7/site-packages/airflow/example_dags/example_task_group.py
[2023-11-25 17:45:54,198] {logging_mixin.py:115} INFO - [2023-11-25 17:45:54,197] {dag.py:2420} INFO - Sync 1 DAGs
[2023-11-25 17:45:54,238] {logging_mixin.py:115} INFO - [2023-11-25 17:45:54,238] {dag.py:2972} INFO - Setting next_dagrun for example_task_group to 2023-11-24T17:45:54.237977+00:00, run_after=2023-11-25T17:45:54.237977+00:00
[2023-11-25 17:45:54,260] {processor.py:161} INFO - Processing /home/airflow/.local/lib/python3.7/site-packages/airflow/example_dags/example_task_group.py took 0.145 seconds
[2023-11-25 17:46:24,366] {processor.py:153} INFO - Started process (PID=2135) to work on /home/airflow/.local/lib/python3.7/site-packages/airflow/example_dags/example_task_group.py
[2023-11-25 17:46:24,367] {processor.py:641} INFO - Processing file /home/airflow/.local/lib/python3.7/site-packages/airflow/example_dags/example_task_group.py for tasks to queue
[2023-11-25 17:46:24,367] {logging_mixin.py:115} INFO - [2023-11-25 17:46:24,367] {dagbag.py:508} INFO - Filling up the DagBag from /home/airflow/.local/lib/python3.7/site-packages/airflow/example_dags/example_task_group.py
[2023-11-25 17:46:24,377] {processor.py:651} INFO - DAG(s) dict_keys(['example_task_group']) retrieved from /home/airflow/.local/lib/python3.7/site-packages/airflow/example_dags/example_task_group.py
[2023-11-25 17:46:24,421] {logging_mixin.py:115} INFO - [2023-11-25 17:46:24,421] {dag.py:2420} INFO - Sync 1 DAGs
[2023-11-25 17:46:24,448] {logging_mixin.py:115} INFO - [2023-11-25 17:46:24,448] {dag.py:2972} INFO - Setting next_dagrun for example_task_group to 2023-11-24T17:46:24.447910+00:00, run_after=2023-11-25T17:46:24.447910+00:00
[2023-11-25 17:46:24,470] {processor.py:161} INFO - Processing /home/airflow/.local/lib/python3.7/site-packages/airflow/example_dags/example_task_group.py took 0.110 seconds
[2023-11-25 17:46:54,883] {processor.py:153} INFO - Started process (PID=2197) to work on /home/airflow/.local/lib/python3.7/site-packages/airflow/example_dags/example_task_group.py
[2023-11-25 17:46:54,884] {processor.py:641} INFO - Processing file /home/airflow/.local/lib/python3.7/site-packages/airflow/example_dags/example_task_group.py for tasks to queue
[2023-11-25 17:46:54,884] {logging_mixin.py:115} INFO - [2023-11-25 17:46:54,884] {dagbag.py:508} INFO - Filling up the DagBag from /home/airflow/.local/lib/python3.7/site-packages/airflow/example_dags/example_task_group.py
[2023-11-25 17:46:54,896] {processor.py:651} INFO - DAG(s) dict_keys(['example_task_group']) retrieved from /home/airflow/.local/lib/python3.7/site-packages/airflow/example_dags/example_task_group.py
[2023-11-25 17:46:54,938] {logging_mixin.py:115} INFO - [2023-11-25 17:46:54,938] {dag.py:2420} INFO - Sync 1 DAGs
[2023-11-25 17:46:54,967] {logging_mixin.py:115} INFO - [2023-11-25 17:46:54,967] {dag.py:2972} INFO - Setting next_dagrun for example_task_group to 2023-11-24T17:46:54.966709+00:00, run_after=2023-11-25T17:46:54.966709+00:00
[2023-11-25 17:46:54,981] {processor.py:161} INFO - Processing /home/airflow/.local/lib/python3.7/site-packages/airflow/example_dags/example_task_group.py took 0.104 seconds
[2023-11-25 17:47:25,346] {processor.py:153} INFO - Started process (PID=2251) to work on /home/airflow/.local/lib/python3.7/site-packages/airflow/example_dags/example_task_group.py
[2023-11-25 17:47:25,347] {processor.py:641} INFO - Processing file /home/airflow/.local/lib/python3.7/site-packages/airflow/example_dags/example_task_group.py for tasks to queue
[2023-11-25 17:47:25,347] {logging_mixin.py:115} INFO - [2023-11-25 17:47:25,347] {dagbag.py:508} INFO - Filling up the DagBag from /home/airflow/.local/lib/python3.7/site-packages/airflow/example_dags/example_task_group.py
[2023-11-25 17:47:25,358] {processor.py:651} INFO - DAG(s) dict_keys(['example_task_group']) retrieved from /home/airflow/.local/lib/python3.7/site-packages/airflow/example_dags/example_task_group.py
[2023-11-25 17:47:25,404] {logging_mixin.py:115} INFO - [2023-11-25 17:47:25,404] {dag.py:2420} INFO - Sync 1 DAGs
[2023-11-25 17:47:25,435] {logging_mixin.py:115} INFO - [2023-11-25 17:47:25,435] {dag.py:2972} INFO - Setting next_dagrun for example_task_group to 2023-11-24T17:47:25.435124+00:00, run_after=2023-11-25T17:47:25.435124+00:00
[2023-11-25 17:47:25,448] {processor.py:161} INFO - Processing /home/airflow/.local/lib/python3.7/site-packages/airflow/example_dags/example_task_group.py took 0.107 seconds
[2023-11-25 17:47:55,928] {processor.py:153} INFO - Started process (PID=2314) to work on /home/airflow/.local/lib/python3.7/site-packages/airflow/example_dags/example_task_group.py
[2023-11-25 17:47:55,930] {processor.py:641} INFO - Processing file /home/airflow/.local/lib/python3.7/site-packages/airflow/example_dags/example_task_group.py for tasks to queue
[2023-11-25 17:47:55,931] {logging_mixin.py:115} INFO - [2023-11-25 17:47:55,931] {dagbag.py:508} INFO - Filling up the DagBag from /home/airflow/.local/lib/python3.7/site-packages/airflow/example_dags/example_task_group.py
[2023-11-25 17:47:55,941] {processor.py:651} INFO - DAG(s) dict_keys(['example_task_group']) retrieved from /home/airflow/.local/lib/python3.7/site-packages/airflow/example_dags/example_task_group.py
[2023-11-25 17:47:56,001] {logging_mixin.py:115} INFO - [2023-11-25 17:47:56,001] {dag.py:2420} INFO - Sync 1 DAGs
[2023-11-25 17:47:56,051] {logging_mixin.py:115} INFO - [2023-11-25 17:47:56,051] {dag.py:2972} INFO - Setting next_dagrun for example_task_group to 2023-11-24T17:47:56.050721+00:00, run_after=2023-11-25T17:47:56.050721+00:00
[2023-11-25 17:47:56,075] {processor.py:161} INFO - Processing /home/airflow/.local/lib/python3.7/site-packages/airflow/example_dags/example_task_group.py took 0.152 seconds
[2023-11-25 17:48:26,942] {processor.py:153} INFO - Started process (PID=2378) to work on /home/airflow/.local/lib/python3.7/site-packages/airflow/example_dags/example_task_group.py
[2023-11-25 17:48:26,942] {processor.py:641} INFO - Processing file /home/airflow/.local/lib/python3.7/site-packages/airflow/example_dags/example_task_group.py for tasks to queue
[2023-11-25 17:48:26,943] {logging_mixin.py:115} INFO - [2023-11-25 17:48:26,943] {dagbag.py:508} INFO - Filling up the DagBag from /home/airflow/.local/lib/python3.7/site-packages/airflow/example_dags/example_task_group.py
[2023-11-25 17:48:26,957] {processor.py:651} INFO - DAG(s) dict_keys(['example_task_group']) retrieved from /home/airflow/.local/lib/python3.7/site-packages/airflow/example_dags/example_task_group.py
[2023-11-25 17:48:27,001] {logging_mixin.py:115} INFO - [2023-11-25 17:48:27,001] {dag.py:2420} INFO - Sync 1 DAGs
[2023-11-25 17:48:27,029] {logging_mixin.py:115} INFO - [2023-11-25 17:48:27,029] {dag.py:2972} INFO - Setting next_dagrun for example_task_group to 2023-11-24T17:48:27.029244+00:00, run_after=2023-11-25T17:48:27.029244+00:00
[2023-11-25 17:48:27,043] {processor.py:161} INFO - Processing /home/airflow/.local/lib/python3.7/site-packages/airflow/example_dags/example_task_group.py took 0.107 seconds
[2023-11-25 17:48:57,470] {processor.py:153} INFO - Started process (PID=2435) to work on /home/airflow/.local/lib/python3.7/site-packages/airflow/example_dags/example_task_group.py
[2023-11-25 17:48:57,471] {processor.py:641} INFO - Processing file /home/airflow/.local/lib/python3.7/site-packages/airflow/example_dags/example_task_group.py for tasks to queue
[2023-11-25 17:48:57,472] {logging_mixin.py:115} INFO - [2023-11-25 17:48:57,472] {dagbag.py:508} INFO - Filling up the DagBag from /home/airflow/.local/lib/python3.7/site-packages/airflow/example_dags/example_task_group.py
[2023-11-25 17:48:57,481] {processor.py:651} INFO - DAG(s) dict_keys(['example_task_group']) retrieved from /home/airflow/.local/lib/python3.7/site-packages/airflow/example_dags/example_task_group.py
[2023-11-25 17:48:57,553] {logging_mixin.py:115} INFO - [2023-11-25 17:48:57,553] {dag.py:2420} INFO - Sync 1 DAGs
[2023-11-25 17:48:57,592] {logging_mixin.py:115} INFO - [2023-11-25 17:48:57,592] {dag.py:2972} INFO - Setting next_dagrun for example_task_group to 2023-11-24T17:48:57.591849+00:00, run_after=2023-11-25T17:48:57.591849+00:00
[2023-11-25 17:48:57,613] {processor.py:161} INFO - Processing /home/airflow/.local/lib/python3.7/site-packages/airflow/example_dags/example_task_group.py took 0.156 seconds
[2023-11-25 17:49:27,915] {processor.py:153} INFO - Started process (PID=2498) to work on /home/airflow/.local/lib/python3.7/site-packages/airflow/example_dags/example_task_group.py
[2023-11-25 17:49:27,916] {processor.py:641} INFO - Processing file /home/airflow/.local/lib/python3.7/site-packages/airflow/example_dags/example_task_group.py for tasks to queue
[2023-11-25 17:49:27,916] {logging_mixin.py:115} INFO - [2023-11-25 17:49:27,916] {dagbag.py:508} INFO - Filling up the DagBag from /home/airflow/.local/lib/python3.7/site-packages/airflow/example_dags/example_task_group.py
[2023-11-25 17:49:27,926] {processor.py:651} INFO - DAG(s) dict_keys(['example_task_group']) retrieved from /home/airflow/.local/lib/python3.7/site-packages/airflow/example_dags/example_task_group.py
[2023-11-25 17:49:27,967] {logging_mixin.py:115} INFO - [2023-11-25 17:49:27,967] {dag.py:2420} INFO - Sync 1 DAGs
[2023-11-25 17:49:28,000] {logging_mixin.py:115} INFO - [2023-11-25 17:49:28,000] {dag.py:2972} INFO - Setting next_dagrun for example_task_group to 2023-11-24T17:49:28.000259+00:00, run_after=2023-11-25T17:49:28.000259+00:00
[2023-11-25 17:49:28,016] {processor.py:161} INFO - Processing /home/airflow/.local/lib/python3.7/site-packages/airflow/example_dags/example_task_group.py took 0.106 seconds
[2023-11-25 17:49:58,262] {processor.py:153} INFO - Started process (PID=2561) to work on /home/airflow/.local/lib/python3.7/site-packages/airflow/example_dags/example_task_group.py
[2023-11-25 17:49:58,263] {processor.py:641} INFO - Processing file /home/airflow/.local/lib/python3.7/site-packages/airflow/example_dags/example_task_group.py for tasks to queue
[2023-11-25 17:49:58,264] {logging_mixin.py:115} INFO - [2023-11-25 17:49:58,264] {dagbag.py:508} INFO - Filling up the DagBag from /home/airflow/.local/lib/python3.7/site-packages/airflow/example_dags/example_task_group.py
[2023-11-25 17:49:58,274] {processor.py:651} INFO - DAG(s) dict_keys(['example_task_group']) retrieved from /home/airflow/.local/lib/python3.7/site-packages/airflow/example_dags/example_task_group.py
[2023-11-25 17:49:58,317] {logging_mixin.py:115} INFO - [2023-11-25 17:49:58,317] {dag.py:2420} INFO - Sync 1 DAGs
[2023-11-25 17:49:58,350] {logging_mixin.py:115} INFO - [2023-11-25 17:49:58,350] {dag.py:2972} INFO - Setting next_dagrun for example_task_group to 2023-11-24T17:49:58.349794+00:00, run_after=2023-11-25T17:49:58.349794+00:00
[2023-11-25 17:49:58,363] {processor.py:161} INFO - Processing /home/airflow/.local/lib/python3.7/site-packages/airflow/example_dags/example_task_group.py took 0.107 seconds
[2023-11-25 17:50:28,618] {processor.py:153} INFO - Started process (PID=2615) to work on /home/airflow/.local/lib/python3.7/site-packages/airflow/example_dags/example_task_group.py
[2023-11-25 17:50:28,618] {processor.py:641} INFO - Processing file /home/airflow/.local/lib/python3.7/site-packages/airflow/example_dags/example_task_group.py for tasks to queue
[2023-11-25 17:50:28,619] {logging_mixin.py:115} INFO - [2023-11-25 17:50:28,619] {dagbag.py:508} INFO - Filling up the DagBag from /home/airflow/.local/lib/python3.7/site-packages/airflow/example_dags/example_task_group.py
[2023-11-25 17:50:28,628] {processor.py:651} INFO - DAG(s) dict_keys(['example_task_group']) retrieved from /home/airflow/.local/lib/python3.7/site-packages/airflow/example_dags/example_task_group.py
[2023-11-25 17:50:28,674] {logging_mixin.py:115} INFO - [2023-11-25 17:50:28,674] {dag.py:2420} INFO - Sync 1 DAGs
[2023-11-25 17:50:28,702] {logging_mixin.py:115} INFO - [2023-11-25 17:50:28,702] {dag.py:2972} INFO - Setting next_dagrun for example_task_group to 2023-11-24T17:50:28.701963+00:00, run_after=2023-11-25T17:50:28.701963+00:00
[2023-11-25 17:50:28,715] {processor.py:161} INFO - Processing /home/airflow/.local/lib/python3.7/site-packages/airflow/example_dags/example_task_group.py took 0.103 seconds
[2023-11-25 17:50:59,177] {processor.py:153} INFO - Started process (PID=2677) to work on /home/airflow/.local/lib/python3.7/site-packages/airflow/example_dags/example_task_group.py
[2023-11-25 17:50:59,178] {processor.py:641} INFO - Processing file /home/airflow/.local/lib/python3.7/site-packages/airflow/example_dags/example_task_group.py for tasks to queue
[2023-11-25 17:50:59,178] {logging_mixin.py:115} INFO - [2023-11-25 17:50:59,178] {dagbag.py:508} INFO - Filling up the DagBag from /home/airflow/.local/lib/python3.7/site-packages/airflow/example_dags/example_task_group.py
[2023-11-25 17:50:59,196] {processor.py:651} INFO - DAG(s) dict_keys(['example_task_group']) retrieved from /home/airflow/.local/lib/python3.7/site-packages/airflow/example_dags/example_task_group.py
[2023-11-25 17:50:59,290] {logging_mixin.py:115} INFO - [2023-11-25 17:50:59,290] {dag.py:2420} INFO - Sync 1 DAGs
[2023-11-25 17:50:59,339] {logging_mixin.py:115} INFO - [2023-11-25 17:50:59,339] {dag.py:2972} INFO - Setting next_dagrun for example_task_group to 2023-11-24T17:50:59.338885+00:00, run_after=2023-11-25T17:50:59.338885+00:00
[2023-11-25 17:50:59,360] {processor.py:161} INFO - Processing /home/airflow/.local/lib/python3.7/site-packages/airflow/example_dags/example_task_group.py took 0.189 seconds
[2023-11-25 17:51:29,759] {processor.py:153} INFO - Started process (PID=2739) to work on /home/airflow/.local/lib/python3.7/site-packages/airflow/example_dags/example_task_group.py
[2023-11-25 17:51:29,770] {processor.py:641} INFO - Processing file /home/airflow/.local/lib/python3.7/site-packages/airflow/example_dags/example_task_group.py for tasks to queue
[2023-11-25 17:51:29,771] {logging_mixin.py:115} INFO - [2023-11-25 17:51:29,771] {dagbag.py:508} INFO - Filling up the DagBag from /home/airflow/.local/lib/python3.7/site-packages/airflow/example_dags/example_task_group.py
[2023-11-25 17:51:29,790] {processor.py:651} INFO - DAG(s) dict_keys(['example_task_group']) retrieved from /home/airflow/.local/lib/python3.7/site-packages/airflow/example_dags/example_task_group.py
[2023-11-25 17:51:29,870] {logging_mixin.py:115} INFO - [2023-11-25 17:51:29,870] {dag.py:2420} INFO - Sync 1 DAGs
[2023-11-25 17:51:29,939] {logging_mixin.py:115} INFO - [2023-11-25 17:51:29,939] {dag.py:2972} INFO - Setting next_dagrun for example_task_group to 2023-11-24T17:51:29.939207+00:00, run_after=2023-11-25T17:51:29.939207+00:00
[2023-11-25 17:51:29,994] {processor.py:161} INFO - Processing /home/airflow/.local/lib/python3.7/site-packages/airflow/example_dags/example_task_group.py took 0.242 seconds
[2023-11-25 17:52:00,171] {processor.py:153} INFO - Started process (PID=2792) to work on /home/airflow/.local/lib/python3.7/site-packages/airflow/example_dags/example_task_group.py
[2023-11-25 17:52:00,172] {processor.py:641} INFO - Processing file /home/airflow/.local/lib/python3.7/site-packages/airflow/example_dags/example_task_group.py for tasks to queue
[2023-11-25 17:52:00,172] {logging_mixin.py:115} INFO - [2023-11-25 17:52:00,172] {dagbag.py:508} INFO - Filling up the DagBag from /home/airflow/.local/lib/python3.7/site-packages/airflow/example_dags/example_task_group.py
[2023-11-25 17:52:00,182] {processor.py:651} INFO - DAG(s) dict_keys(['example_task_group']) retrieved from /home/airflow/.local/lib/python3.7/site-packages/airflow/example_dags/example_task_group.py
[2023-11-25 17:52:00,230] {logging_mixin.py:115} INFO - [2023-11-25 17:52:00,230] {dag.py:2420} INFO - Sync 1 DAGs
[2023-11-25 17:52:00,258] {logging_mixin.py:115} INFO - [2023-11-25 17:52:00,258] {dag.py:2972} INFO - Setting next_dagrun for example_task_group to 2023-11-24T17:52:00.258288+00:00, run_after=2023-11-25T17:52:00.258288+00:00
[2023-11-25 17:52:00,276] {processor.py:161} INFO - Processing /home/airflow/.local/lib/python3.7/site-packages/airflow/example_dags/example_task_group.py took 0.111 seconds
[2023-11-25 17:52:30,693] {processor.py:153} INFO - Started process (PID=2854) to work on /home/airflow/.local/lib/python3.7/site-packages/airflow/example_dags/example_task_group.py
[2023-11-25 17:52:30,694] {processor.py:641} INFO - Processing file /home/airflow/.local/lib/python3.7/site-packages/airflow/example_dags/example_task_group.py for tasks to queue
[2023-11-25 17:52:30,695] {logging_mixin.py:115} INFO - [2023-11-25 17:52:30,695] {dagbag.py:508} INFO - Filling up the DagBag from /home/airflow/.local/lib/python3.7/site-packages/airflow/example_dags/example_task_group.py
[2023-11-25 17:52:30,704] {processor.py:651} INFO - DAG(s) dict_keys(['example_task_group']) retrieved from /home/airflow/.local/lib/python3.7/site-packages/airflow/example_dags/example_task_group.py
[2023-11-25 17:52:30,778] {logging_mixin.py:115} INFO - [2023-11-25 17:52:30,778] {dag.py:2420} INFO - Sync 1 DAGs
[2023-11-25 17:52:30,837] {logging_mixin.py:115} INFO - [2023-11-25 17:52:30,836] {dag.py:2972} INFO - Setting next_dagrun for example_task_group to 2023-11-24T17:52:30.836356+00:00, run_after=2023-11-25T17:52:30.836356+00:00
[2023-11-25 17:52:30,875] {processor.py:161} INFO - Processing /home/airflow/.local/lib/python3.7/site-packages/airflow/example_dags/example_task_group.py took 0.195 seconds
[2023-11-25 17:53:01,355] {processor.py:153} INFO - Started process (PID=2906) to work on /home/airflow/.local/lib/python3.7/site-packages/airflow/example_dags/example_task_group.py
[2023-11-25 17:53:01,356] {processor.py:641} INFO - Processing file /home/airflow/.local/lib/python3.7/site-packages/airflow/example_dags/example_task_group.py for tasks to queue
[2023-11-25 17:53:01,357] {logging_mixin.py:115} INFO - [2023-11-25 17:53:01,357] {dagbag.py:508} INFO - Filling up the DagBag from /home/airflow/.local/lib/python3.7/site-packages/airflow/example_dags/example_task_group.py
[2023-11-25 17:53:01,367] {processor.py:651} INFO - DAG(s) dict_keys(['example_task_group']) retrieved from /home/airflow/.local/lib/python3.7/site-packages/airflow/example_dags/example_task_group.py
[2023-11-25 17:53:01,410] {logging_mixin.py:115} INFO - [2023-11-25 17:53:01,410] {dag.py:2420} INFO - Sync 1 DAGs
[2023-11-25 17:53:01,444] {logging_mixin.py:115} INFO - [2023-11-25 17:53:01,444] {dag.py:2972} INFO - Setting next_dagrun for example_task_group to 2023-11-24T17:53:01.444295+00:00, run_after=2023-11-25T17:53:01.444295+00:00
[2023-11-25 17:53:01,458] {processor.py:161} INFO - Processing /home/airflow/.local/lib/python3.7/site-packages/airflow/example_dags/example_task_group.py took 0.107 seconds
[2023-11-25 17:53:32,124] {processor.py:153} INFO - Started process (PID=2969) to work on /home/airflow/.local/lib/python3.7/site-packages/airflow/example_dags/example_task_group.py
[2023-11-25 17:53:32,125] {processor.py:641} INFO - Processing file /home/airflow/.local/lib/python3.7/site-packages/airflow/example_dags/example_task_group.py for tasks to queue
[2023-11-25 17:53:32,125] {logging_mixin.py:115} INFO - [2023-11-25 17:53:32,125] {dagbag.py:508} INFO - Filling up the DagBag from /home/airflow/.local/lib/python3.7/site-packages/airflow/example_dags/example_task_group.py
[2023-11-25 17:53:32,138] {processor.py:651} INFO - DAG(s) dict_keys(['example_task_group']) retrieved from /home/airflow/.local/lib/python3.7/site-packages/airflow/example_dags/example_task_group.py
[2023-11-25 17:53:32,191] {logging_mixin.py:115} INFO - [2023-11-25 17:53:32,191] {dag.py:2420} INFO - Sync 1 DAGs
[2023-11-25 17:53:32,232] {logging_mixin.py:115} INFO - [2023-11-25 17:53:32,232] {dag.py:2972} INFO - Setting next_dagrun for example_task_group to 2023-11-24T17:53:32.231700+00:00, run_after=2023-11-25T17:53:32.231700+00:00
[2023-11-25 17:53:32,246] {processor.py:161} INFO - Processing /home/airflow/.local/lib/python3.7/site-packages/airflow/example_dags/example_task_group.py took 0.127 seconds
[2023-11-25 17:54:02,493] {processor.py:153} INFO - Started process (PID=3032) to work on /home/airflow/.local/lib/python3.7/site-packages/airflow/example_dags/example_task_group.py
[2023-11-25 17:54:02,494] {processor.py:641} INFO - Processing file /home/airflow/.local/lib/python3.7/site-packages/airflow/example_dags/example_task_group.py for tasks to queue
[2023-11-25 17:54:02,494] {logging_mixin.py:115} INFO - [2023-11-25 17:54:02,494] {dagbag.py:508} INFO - Filling up the DagBag from /home/airflow/.local/lib/python3.7/site-packages/airflow/example_dags/example_task_group.py
[2023-11-25 17:54:02,511] {processor.py:651} INFO - DAG(s) dict_keys(['example_task_group']) retrieved from /home/airflow/.local/lib/python3.7/site-packages/airflow/example_dags/example_task_group.py
[2023-11-25 17:54:02,597] {logging_mixin.py:115} INFO - [2023-11-25 17:54:02,597] {dag.py:2420} INFO - Sync 1 DAGs
[2023-11-25 17:54:02,640] {logging_mixin.py:115} INFO - [2023-11-25 17:54:02,640] {dag.py:2972} INFO - Setting next_dagrun for example_task_group to 2023-11-24T17:54:02.640336+00:00, run_after=2023-11-25T17:54:02.640336+00:00
[2023-11-25 17:54:02,670] {processor.py:161} INFO - Processing /home/airflow/.local/lib/python3.7/site-packages/airflow/example_dags/example_task_group.py took 0.201 seconds
