[2023-11-25 17:28:29,740] {processor.py:153} INFO - Started process (PID=88) to work on /home/airflow/.local/lib/python3.7/site-packages/airflow/example_dags/example_kubernetes_executor.py
[2023-11-25 17:28:29,740] {processor.py:641} INFO - Processing file /home/airflow/.local/lib/python3.7/site-packages/airflow/example_dags/example_kubernetes_executor.py for tasks to queue
[2023-11-25 17:28:29,741] {logging_mixin.py:115} INFO - [2023-11-25 17:28:29,741] {dagbag.py:508} INFO - Filling up the DagBag from /home/airflow/.local/lib/python3.7/site-packages/airflow/example_dags/example_kubernetes_executor.py
[2023-11-25 17:28:29,890] {processor.py:651} INFO - DAG(s) dict_keys(['example_kubernetes_executor']) retrieved from /home/airflow/.local/lib/python3.7/site-packages/airflow/example_dags/example_kubernetes_executor.py
[2023-11-25 17:28:30,470] {logging_mixin.py:115} INFO - [2023-11-25 17:28:30,470] {manager.py:508} INFO - Created Permission View: can delete on DAG:example_kubernetes_executor
[2023-11-25 17:28:30,494] {logging_mixin.py:115} INFO - [2023-11-25 17:28:30,494] {manager.py:508} INFO - Created Permission View: can edit on DAG:example_kubernetes_executor
[2023-11-25 17:28:30,517] {logging_mixin.py:115} INFO - [2023-11-25 17:28:30,517] {manager.py:508} INFO - Created Permission View: can read on DAG:example_kubernetes_executor
[2023-11-25 17:28:30,517] {logging_mixin.py:115} INFO - [2023-11-25 17:28:30,517] {dag.py:2420} INFO - Sync 1 DAGs
[2023-11-25 17:28:30,590] {logging_mixin.py:115} INFO - [2023-11-25 17:28:30,590] {dag.py:2439} INFO - Creating ORM DAG for example_kubernetes_executor
[2023-11-25 17:28:30,615] {logging_mixin.py:115} INFO - [2023-11-25 17:28:30,615] {dag.py:2972} INFO - Setting next_dagrun for example_kubernetes_executor to None, run_after=None
[2023-11-25 17:28:30,694] {processor.py:161} INFO - Processing /home/airflow/.local/lib/python3.7/site-packages/airflow/example_dags/example_kubernetes_executor.py took 0.959 seconds
[2023-11-25 17:29:01,611] {processor.py:153} INFO - Started process (PID=141) to work on /home/airflow/.local/lib/python3.7/site-packages/airflow/example_dags/example_kubernetes_executor.py
[2023-11-25 17:29:01,626] {processor.py:641} INFO - Processing file /home/airflow/.local/lib/python3.7/site-packages/airflow/example_dags/example_kubernetes_executor.py for tasks to queue
[2023-11-25 17:29:01,627] {logging_mixin.py:115} INFO - [2023-11-25 17:29:01,627] {dagbag.py:508} INFO - Filling up the DagBag from /home/airflow/.local/lib/python3.7/site-packages/airflow/example_dags/example_kubernetes_executor.py
[2023-11-25 17:29:01,712] {processor.py:651} INFO - DAG(s) dict_keys(['example_kubernetes_executor']) retrieved from /home/airflow/.local/lib/python3.7/site-packages/airflow/example_dags/example_kubernetes_executor.py
[2023-11-25 17:29:01,810] {logging_mixin.py:115} INFO - [2023-11-25 17:29:01,810] {dag.py:2420} INFO - Sync 1 DAGs
[2023-11-25 17:29:01,878] {logging_mixin.py:115} INFO - [2023-11-25 17:29:01,878] {dag.py:2972} INFO - Setting next_dagrun for example_kubernetes_executor to None, run_after=None
[2023-11-25 17:29:02,394] {processor.py:161} INFO - Processing /home/airflow/.local/lib/python3.7/site-packages/airflow/example_dags/example_kubernetes_executor.py took 0.796 seconds
[2023-11-25 17:29:33,158] {processor.py:153} INFO - Started process (PID=193) to work on /home/airflow/.local/lib/python3.7/site-packages/airflow/example_dags/example_kubernetes_executor.py
[2023-11-25 17:29:33,159] {processor.py:641} INFO - Processing file /home/airflow/.local/lib/python3.7/site-packages/airflow/example_dags/example_kubernetes_executor.py for tasks to queue
[2023-11-25 17:29:33,160] {logging_mixin.py:115} INFO - [2023-11-25 17:29:33,159] {dagbag.py:508} INFO - Filling up the DagBag from /home/airflow/.local/lib/python3.7/site-packages/airflow/example_dags/example_kubernetes_executor.py
[2023-11-25 17:29:33,192] {processor.py:651} INFO - DAG(s) dict_keys(['example_kubernetes_executor']) retrieved from /home/airflow/.local/lib/python3.7/site-packages/airflow/example_dags/example_kubernetes_executor.py
[2023-11-25 17:29:33,240] {logging_mixin.py:115} INFO - [2023-11-25 17:29:33,240] {dag.py:2420} INFO - Sync 1 DAGs
[2023-11-25 17:29:33,274] {logging_mixin.py:115} INFO - [2023-11-25 17:29:33,274] {dag.py:2972} INFO - Setting next_dagrun for example_kubernetes_executor to None, run_after=None
[2023-11-25 17:29:33,293] {processor.py:161} INFO - Processing /home/airflow/.local/lib/python3.7/site-packages/airflow/example_dags/example_kubernetes_executor.py took 0.141 seconds
[2023-11-25 17:30:03,449] {processor.py:153} INFO - Started process (PID=254) to work on /home/airflow/.local/lib/python3.7/site-packages/airflow/example_dags/example_kubernetes_executor.py
[2023-11-25 17:30:03,449] {processor.py:641} INFO - Processing file /home/airflow/.local/lib/python3.7/site-packages/airflow/example_dags/example_kubernetes_executor.py for tasks to queue
[2023-11-25 17:30:03,450] {logging_mixin.py:115} INFO - [2023-11-25 17:30:03,450] {dagbag.py:508} INFO - Filling up the DagBag from /home/airflow/.local/lib/python3.7/site-packages/airflow/example_dags/example_kubernetes_executor.py
[2023-11-25 17:30:03,480] {processor.py:651} INFO - DAG(s) dict_keys(['example_kubernetes_executor']) retrieved from /home/airflow/.local/lib/python3.7/site-packages/airflow/example_dags/example_kubernetes_executor.py
[2023-11-25 17:30:03,524] {logging_mixin.py:115} INFO - [2023-11-25 17:30:03,524] {dag.py:2420} INFO - Sync 1 DAGs
[2023-11-25 17:30:03,554] {logging_mixin.py:115} INFO - [2023-11-25 17:30:03,554] {dag.py:2972} INFO - Setting next_dagrun for example_kubernetes_executor to None, run_after=None
[2023-11-25 17:30:03,570] {processor.py:161} INFO - Processing /home/airflow/.local/lib/python3.7/site-packages/airflow/example_dags/example_kubernetes_executor.py took 0.126 seconds
[2023-11-25 17:30:33,828] {processor.py:153} INFO - Started process (PID=306) to work on /home/airflow/.local/lib/python3.7/site-packages/airflow/example_dags/example_kubernetes_executor.py
[2023-11-25 17:30:33,830] {processor.py:641} INFO - Processing file /home/airflow/.local/lib/python3.7/site-packages/airflow/example_dags/example_kubernetes_executor.py for tasks to queue
[2023-11-25 17:30:33,830] {logging_mixin.py:115} INFO - [2023-11-25 17:30:33,830] {dagbag.py:508} INFO - Filling up the DagBag from /home/airflow/.local/lib/python3.7/site-packages/airflow/example_dags/example_kubernetes_executor.py
[2023-11-25 17:30:33,863] {processor.py:651} INFO - DAG(s) dict_keys(['example_kubernetes_executor']) retrieved from /home/airflow/.local/lib/python3.7/site-packages/airflow/example_dags/example_kubernetes_executor.py
[2023-11-25 17:30:33,912] {logging_mixin.py:115} INFO - [2023-11-25 17:30:33,912] {dag.py:2420} INFO - Sync 1 DAGs
[2023-11-25 17:30:33,953] {logging_mixin.py:115} INFO - [2023-11-25 17:30:33,953] {dag.py:2972} INFO - Setting next_dagrun for example_kubernetes_executor to None, run_after=None
[2023-11-25 17:30:33,975] {processor.py:161} INFO - Processing /home/airflow/.local/lib/python3.7/site-packages/airflow/example_dags/example_kubernetes_executor.py took 0.151 seconds
[2023-11-25 17:31:04,296] {processor.py:153} INFO - Started process (PID=367) to work on /home/airflow/.local/lib/python3.7/site-packages/airflow/example_dags/example_kubernetes_executor.py
[2023-11-25 17:31:04,297] {processor.py:641} INFO - Processing file /home/airflow/.local/lib/python3.7/site-packages/airflow/example_dags/example_kubernetes_executor.py for tasks to queue
[2023-11-25 17:31:04,297] {logging_mixin.py:115} INFO - [2023-11-25 17:31:04,297] {dagbag.py:508} INFO - Filling up the DagBag from /home/airflow/.local/lib/python3.7/site-packages/airflow/example_dags/example_kubernetes_executor.py
[2023-11-25 17:31:04,327] {processor.py:651} INFO - DAG(s) dict_keys(['example_kubernetes_executor']) retrieved from /home/airflow/.local/lib/python3.7/site-packages/airflow/example_dags/example_kubernetes_executor.py
[2023-11-25 17:31:04,366] {logging_mixin.py:115} INFO - [2023-11-25 17:31:04,365] {dag.py:2420} INFO - Sync 1 DAGs
[2023-11-25 17:31:04,399] {logging_mixin.py:115} INFO - [2023-11-25 17:31:04,399] {dag.py:2972} INFO - Setting next_dagrun for example_kubernetes_executor to None, run_after=None
[2023-11-25 17:31:04,417] {processor.py:161} INFO - Processing /home/airflow/.local/lib/python3.7/site-packages/airflow/example_dags/example_kubernetes_executor.py took 0.127 seconds
[2023-11-25 17:31:35,196] {processor.py:153} INFO - Started process (PID=428) to work on /home/airflow/.local/lib/python3.7/site-packages/airflow/example_dags/example_kubernetes_executor.py
[2023-11-25 17:31:35,197] {processor.py:641} INFO - Processing file /home/airflow/.local/lib/python3.7/site-packages/airflow/example_dags/example_kubernetes_executor.py for tasks to queue
[2023-11-25 17:31:35,197] {logging_mixin.py:115} INFO - [2023-11-25 17:31:35,197] {dagbag.py:508} INFO - Filling up the DagBag from /home/airflow/.local/lib/python3.7/site-packages/airflow/example_dags/example_kubernetes_executor.py
[2023-11-25 17:31:35,251] {processor.py:651} INFO - DAG(s) dict_keys(['example_kubernetes_executor']) retrieved from /home/airflow/.local/lib/python3.7/site-packages/airflow/example_dags/example_kubernetes_executor.py
[2023-11-25 17:31:35,300] {logging_mixin.py:115} INFO - [2023-11-25 17:31:35,300] {dag.py:2420} INFO - Sync 1 DAGs
[2023-11-25 17:31:35,328] {logging_mixin.py:115} INFO - [2023-11-25 17:31:35,328] {dag.py:2972} INFO - Setting next_dagrun for example_kubernetes_executor to None, run_after=None
[2023-11-25 17:31:35,341] {processor.py:161} INFO - Processing /home/airflow/.local/lib/python3.7/site-packages/airflow/example_dags/example_kubernetes_executor.py took 0.150 seconds
[2023-11-25 17:32:05,840] {processor.py:153} INFO - Started process (PID=480) to work on /home/airflow/.local/lib/python3.7/site-packages/airflow/example_dags/example_kubernetes_executor.py
[2023-11-25 17:32:05,850] {processor.py:641} INFO - Processing file /home/airflow/.local/lib/python3.7/site-packages/airflow/example_dags/example_kubernetes_executor.py for tasks to queue
[2023-11-25 17:32:05,851] {logging_mixin.py:115} INFO - [2023-11-25 17:32:05,851] {dagbag.py:508} INFO - Filling up the DagBag from /home/airflow/.local/lib/python3.7/site-packages/airflow/example_dags/example_kubernetes_executor.py
[2023-11-25 17:32:05,901] {processor.py:651} INFO - DAG(s) dict_keys(['example_kubernetes_executor']) retrieved from /home/airflow/.local/lib/python3.7/site-packages/airflow/example_dags/example_kubernetes_executor.py
[2023-11-25 17:32:05,971] {logging_mixin.py:115} INFO - [2023-11-25 17:32:05,970] {dag.py:2420} INFO - Sync 1 DAGs
[2023-11-25 17:32:06,016] {logging_mixin.py:115} INFO - [2023-11-25 17:32:06,016] {dag.py:2972} INFO - Setting next_dagrun for example_kubernetes_executor to None, run_after=None
[2023-11-25 17:32:06,039] {processor.py:161} INFO - Processing /home/airflow/.local/lib/python3.7/site-packages/airflow/example_dags/example_kubernetes_executor.py took 0.204 seconds
[2023-11-25 17:32:36,511] {processor.py:153} INFO - Started process (PID=541) to work on /home/airflow/.local/lib/python3.7/site-packages/airflow/example_dags/example_kubernetes_executor.py
[2023-11-25 17:32:36,512] {processor.py:641} INFO - Processing file /home/airflow/.local/lib/python3.7/site-packages/airflow/example_dags/example_kubernetes_executor.py for tasks to queue
[2023-11-25 17:32:36,513] {logging_mixin.py:115} INFO - [2023-11-25 17:32:36,513] {dagbag.py:508} INFO - Filling up the DagBag from /home/airflow/.local/lib/python3.7/site-packages/airflow/example_dags/example_kubernetes_executor.py
[2023-11-25 17:32:36,542] {processor.py:651} INFO - DAG(s) dict_keys(['example_kubernetes_executor']) retrieved from /home/airflow/.local/lib/python3.7/site-packages/airflow/example_dags/example_kubernetes_executor.py
[2023-11-25 17:32:36,583] {logging_mixin.py:115} INFO - [2023-11-25 17:32:36,583] {dag.py:2420} INFO - Sync 1 DAGs
[2023-11-25 17:32:36,612] {logging_mixin.py:115} INFO - [2023-11-25 17:32:36,611] {dag.py:2972} INFO - Setting next_dagrun for example_kubernetes_executor to None, run_after=None
[2023-11-25 17:32:36,626] {processor.py:161} INFO - Processing /home/airflow/.local/lib/python3.7/site-packages/airflow/example_dags/example_kubernetes_executor.py took 0.119 seconds
[2023-11-25 17:33:06,954] {processor.py:153} INFO - Started process (PID=602) to work on /home/airflow/.local/lib/python3.7/site-packages/airflow/example_dags/example_kubernetes_executor.py
[2023-11-25 17:33:06,955] {processor.py:641} INFO - Processing file /home/airflow/.local/lib/python3.7/site-packages/airflow/example_dags/example_kubernetes_executor.py for tasks to queue
[2023-11-25 17:33:06,956] {logging_mixin.py:115} INFO - [2023-11-25 17:33:06,956] {dagbag.py:508} INFO - Filling up the DagBag from /home/airflow/.local/lib/python3.7/site-packages/airflow/example_dags/example_kubernetes_executor.py
[2023-11-25 17:33:06,998] {processor.py:651} INFO - DAG(s) dict_keys(['example_kubernetes_executor']) retrieved from /home/airflow/.local/lib/python3.7/site-packages/airflow/example_dags/example_kubernetes_executor.py
[2023-11-25 17:33:07,076] {logging_mixin.py:115} INFO - [2023-11-25 17:33:07,076] {dag.py:2420} INFO - Sync 1 DAGs
[2023-11-25 17:33:07,135] {logging_mixin.py:115} INFO - [2023-11-25 17:33:07,135] {dag.py:2972} INFO - Setting next_dagrun for example_kubernetes_executor to None, run_after=None
[2023-11-25 17:33:07,170] {processor.py:161} INFO - Processing /home/airflow/.local/lib/python3.7/site-packages/airflow/example_dags/example_kubernetes_executor.py took 0.222 seconds
[2023-11-25 17:33:37,348] {processor.py:153} INFO - Started process (PID=654) to work on /home/airflow/.local/lib/python3.7/site-packages/airflow/example_dags/example_kubernetes_executor.py
[2023-11-25 17:33:37,350] {processor.py:641} INFO - Processing file /home/airflow/.local/lib/python3.7/site-packages/airflow/example_dags/example_kubernetes_executor.py for tasks to queue
[2023-11-25 17:33:37,351] {logging_mixin.py:115} INFO - [2023-11-25 17:33:37,350] {dagbag.py:508} INFO - Filling up the DagBag from /home/airflow/.local/lib/python3.7/site-packages/airflow/example_dags/example_kubernetes_executor.py
[2023-11-25 17:33:37,380] {processor.py:651} INFO - DAG(s) dict_keys(['example_kubernetes_executor']) retrieved from /home/airflow/.local/lib/python3.7/site-packages/airflow/example_dags/example_kubernetes_executor.py
[2023-11-25 17:33:37,420] {logging_mixin.py:115} INFO - [2023-11-25 17:33:37,420] {dag.py:2420} INFO - Sync 1 DAGs
[2023-11-25 17:33:37,457] {logging_mixin.py:115} INFO - [2023-11-25 17:33:37,457] {dag.py:2972} INFO - Setting next_dagrun for example_kubernetes_executor to None, run_after=None
[2023-11-25 17:33:37,474] {processor.py:161} INFO - Processing /home/airflow/.local/lib/python3.7/site-packages/airflow/example_dags/example_kubernetes_executor.py took 0.131 seconds
[2023-11-25 17:34:08,068] {processor.py:153} INFO - Started process (PID=715) to work on /home/airflow/.local/lib/python3.7/site-packages/airflow/example_dags/example_kubernetes_executor.py
[2023-11-25 17:34:08,070] {processor.py:641} INFO - Processing file /home/airflow/.local/lib/python3.7/site-packages/airflow/example_dags/example_kubernetes_executor.py for tasks to queue
[2023-11-25 17:34:08,071] {logging_mixin.py:115} INFO - [2023-11-25 17:34:08,071] {dagbag.py:508} INFO - Filling up the DagBag from /home/airflow/.local/lib/python3.7/site-packages/airflow/example_dags/example_kubernetes_executor.py
[2023-11-25 17:34:08,102] {processor.py:651} INFO - DAG(s) dict_keys(['example_kubernetes_executor']) retrieved from /home/airflow/.local/lib/python3.7/site-packages/airflow/example_dags/example_kubernetes_executor.py
[2023-11-25 17:34:08,162] {logging_mixin.py:115} INFO - [2023-11-25 17:34:08,162] {dag.py:2420} INFO - Sync 1 DAGs
[2023-11-25 17:34:08,201] {logging_mixin.py:115} INFO - [2023-11-25 17:34:08,201] {dag.py:2972} INFO - Setting next_dagrun for example_kubernetes_executor to None, run_after=None
[2023-11-25 17:34:08,232] {processor.py:161} INFO - Processing /home/airflow/.local/lib/python3.7/site-packages/airflow/example_dags/example_kubernetes_executor.py took 0.169 seconds
[2023-11-25 17:34:38,600] {processor.py:153} INFO - Started process (PID=767) to work on /home/airflow/.local/lib/python3.7/site-packages/airflow/example_dags/example_kubernetes_executor.py
[2023-11-25 17:34:38,610] {processor.py:641} INFO - Processing file /home/airflow/.local/lib/python3.7/site-packages/airflow/example_dags/example_kubernetes_executor.py for tasks to queue
[2023-11-25 17:34:38,611] {logging_mixin.py:115} INFO - [2023-11-25 17:34:38,610] {dagbag.py:508} INFO - Filling up the DagBag from /home/airflow/.local/lib/python3.7/site-packages/airflow/example_dags/example_kubernetes_executor.py
[2023-11-25 17:34:38,656] {processor.py:651} INFO - DAG(s) dict_keys(['example_kubernetes_executor']) retrieved from /home/airflow/.local/lib/python3.7/site-packages/airflow/example_dags/example_kubernetes_executor.py
[2023-11-25 17:34:38,701] {logging_mixin.py:115} INFO - [2023-11-25 17:34:38,701] {dag.py:2420} INFO - Sync 1 DAGs
[2023-11-25 17:34:38,728] {logging_mixin.py:115} INFO - [2023-11-25 17:34:38,728] {dag.py:2972} INFO - Setting next_dagrun for example_kubernetes_executor to None, run_after=None
[2023-11-25 17:34:38,742] {processor.py:161} INFO - Processing /home/airflow/.local/lib/python3.7/site-packages/airflow/example_dags/example_kubernetes_executor.py took 0.147 seconds
[2023-11-25 17:35:09,012] {processor.py:153} INFO - Started process (PID=828) to work on /home/airflow/.local/lib/python3.7/site-packages/airflow/example_dags/example_kubernetes_executor.py
[2023-11-25 17:35:09,013] {processor.py:641} INFO - Processing file /home/airflow/.local/lib/python3.7/site-packages/airflow/example_dags/example_kubernetes_executor.py for tasks to queue
[2023-11-25 17:35:09,014] {logging_mixin.py:115} INFO - [2023-11-25 17:35:09,014] {dagbag.py:508} INFO - Filling up the DagBag from /home/airflow/.local/lib/python3.7/site-packages/airflow/example_dags/example_kubernetes_executor.py
[2023-11-25 17:35:09,046] {processor.py:651} INFO - DAG(s) dict_keys(['example_kubernetes_executor']) retrieved from /home/airflow/.local/lib/python3.7/site-packages/airflow/example_dags/example_kubernetes_executor.py
[2023-11-25 17:35:09,095] {logging_mixin.py:115} INFO - [2023-11-25 17:35:09,094] {dag.py:2420} INFO - Sync 1 DAGs
[2023-11-25 17:35:09,123] {logging_mixin.py:115} INFO - [2023-11-25 17:35:09,123] {dag.py:2972} INFO - Setting next_dagrun for example_kubernetes_executor to None, run_after=None
[2023-11-25 17:35:09,138] {processor.py:161} INFO - Processing /home/airflow/.local/lib/python3.7/site-packages/airflow/example_dags/example_kubernetes_executor.py took 0.135 seconds
[2023-11-25 17:35:39,441] {processor.py:153} INFO - Started process (PID=890) to work on /home/airflow/.local/lib/python3.7/site-packages/airflow/example_dags/example_kubernetes_executor.py
[2023-11-25 17:35:39,450] {processor.py:641} INFO - Processing file /home/airflow/.local/lib/python3.7/site-packages/airflow/example_dags/example_kubernetes_executor.py for tasks to queue
[2023-11-25 17:35:39,451] {logging_mixin.py:115} INFO - [2023-11-25 17:35:39,451] {dagbag.py:508} INFO - Filling up the DagBag from /home/airflow/.local/lib/python3.7/site-packages/airflow/example_dags/example_kubernetes_executor.py
[2023-11-25 17:35:39,499] {processor.py:651} INFO - DAG(s) dict_keys(['example_kubernetes_executor']) retrieved from /home/airflow/.local/lib/python3.7/site-packages/airflow/example_dags/example_kubernetes_executor.py
[2023-11-25 17:35:39,598] {logging_mixin.py:115} INFO - [2023-11-25 17:35:39,598] {dag.py:2420} INFO - Sync 1 DAGs
[2023-11-25 17:35:39,650] {logging_mixin.py:115} INFO - [2023-11-25 17:35:39,650] {dag.py:2972} INFO - Setting next_dagrun for example_kubernetes_executor to None, run_after=None
[2023-11-25 17:35:39,690] {processor.py:161} INFO - Processing /home/airflow/.local/lib/python3.7/site-packages/airflow/example_dags/example_kubernetes_executor.py took 0.255 seconds
[2023-11-25 17:36:10,243] {processor.py:153} INFO - Started process (PID=942) to work on /home/airflow/.local/lib/python3.7/site-packages/airflow/example_dags/example_kubernetes_executor.py
[2023-11-25 17:36:10,244] {processor.py:641} INFO - Processing file /home/airflow/.local/lib/python3.7/site-packages/airflow/example_dags/example_kubernetes_executor.py for tasks to queue
[2023-11-25 17:36:10,245] {logging_mixin.py:115} INFO - [2023-11-25 17:36:10,244] {dagbag.py:508} INFO - Filling up the DagBag from /home/airflow/.local/lib/python3.7/site-packages/airflow/example_dags/example_kubernetes_executor.py
[2023-11-25 17:36:10,275] {processor.py:651} INFO - DAG(s) dict_keys(['example_kubernetes_executor']) retrieved from /home/airflow/.local/lib/python3.7/site-packages/airflow/example_dags/example_kubernetes_executor.py
[2023-11-25 17:36:10,314] {logging_mixin.py:115} INFO - [2023-11-25 17:36:10,314] {dag.py:2420} INFO - Sync 1 DAGs
[2023-11-25 17:36:10,340] {logging_mixin.py:115} INFO - [2023-11-25 17:36:10,340] {dag.py:2972} INFO - Setting next_dagrun for example_kubernetes_executor to None, run_after=None
[2023-11-25 17:36:10,354] {processor.py:161} INFO - Processing /home/airflow/.local/lib/python3.7/site-packages/airflow/example_dags/example_kubernetes_executor.py took 0.116 seconds
[2023-11-25 17:36:40,923] {processor.py:153} INFO - Started process (PID=1003) to work on /home/airflow/.local/lib/python3.7/site-packages/airflow/example_dags/example_kubernetes_executor.py
[2023-11-25 17:36:40,924] {processor.py:641} INFO - Processing file /home/airflow/.local/lib/python3.7/site-packages/airflow/example_dags/example_kubernetes_executor.py for tasks to queue
[2023-11-25 17:36:40,924] {logging_mixin.py:115} INFO - [2023-11-25 17:36:40,924] {dagbag.py:508} INFO - Filling up the DagBag from /home/airflow/.local/lib/python3.7/site-packages/airflow/example_dags/example_kubernetes_executor.py
[2023-11-25 17:36:40,954] {processor.py:651} INFO - DAG(s) dict_keys(['example_kubernetes_executor']) retrieved from /home/airflow/.local/lib/python3.7/site-packages/airflow/example_dags/example_kubernetes_executor.py
[2023-11-25 17:36:40,992] {logging_mixin.py:115} INFO - [2023-11-25 17:36:40,992] {dag.py:2420} INFO - Sync 1 DAGs
[2023-11-25 17:36:41,017] {logging_mixin.py:115} INFO - [2023-11-25 17:36:41,017] {dag.py:2972} INFO - Setting next_dagrun for example_kubernetes_executor to None, run_after=None
[2023-11-25 17:36:41,030] {processor.py:161} INFO - Processing /home/airflow/.local/lib/python3.7/site-packages/airflow/example_dags/example_kubernetes_executor.py took 0.112 seconds
[2023-11-25 17:37:11,177] {processor.py:153} INFO - Started process (PID=1064) to work on /home/airflow/.local/lib/python3.7/site-packages/airflow/example_dags/example_kubernetes_executor.py
[2023-11-25 17:37:11,178] {processor.py:641} INFO - Processing file /home/airflow/.local/lib/python3.7/site-packages/airflow/example_dags/example_kubernetes_executor.py for tasks to queue
[2023-11-25 17:37:11,179] {logging_mixin.py:115} INFO - [2023-11-25 17:37:11,179] {dagbag.py:508} INFO - Filling up the DagBag from /home/airflow/.local/lib/python3.7/site-packages/airflow/example_dags/example_kubernetes_executor.py
[2023-11-25 17:37:11,232] {processor.py:651} INFO - DAG(s) dict_keys(['example_kubernetes_executor']) retrieved from /home/airflow/.local/lib/python3.7/site-packages/airflow/example_dags/example_kubernetes_executor.py
[2023-11-25 17:37:11,294] {logging_mixin.py:115} INFO - [2023-11-25 17:37:11,293] {dag.py:2420} INFO - Sync 1 DAGs
[2023-11-25 17:37:11,333] {logging_mixin.py:115} INFO - [2023-11-25 17:37:11,333] {dag.py:2972} INFO - Setting next_dagrun for example_kubernetes_executor to None, run_after=None
[2023-11-25 17:37:11,353] {processor.py:161} INFO - Processing /home/airflow/.local/lib/python3.7/site-packages/airflow/example_dags/example_kubernetes_executor.py took 0.180 seconds
[2023-11-25 17:37:41,803] {processor.py:153} INFO - Started process (PID=1116) to work on /home/airflow/.local/lib/python3.7/site-packages/airflow/example_dags/example_kubernetes_executor.py
[2023-11-25 17:37:41,804] {processor.py:641} INFO - Processing file /home/airflow/.local/lib/python3.7/site-packages/airflow/example_dags/example_kubernetes_executor.py for tasks to queue
[2023-11-25 17:37:41,805] {logging_mixin.py:115} INFO - [2023-11-25 17:37:41,804] {dagbag.py:508} INFO - Filling up the DagBag from /home/airflow/.local/lib/python3.7/site-packages/airflow/example_dags/example_kubernetes_executor.py
[2023-11-25 17:37:41,833] {processor.py:651} INFO - DAG(s) dict_keys(['example_kubernetes_executor']) retrieved from /home/airflow/.local/lib/python3.7/site-packages/airflow/example_dags/example_kubernetes_executor.py
[2023-11-25 17:37:41,874] {logging_mixin.py:115} INFO - [2023-11-25 17:37:41,874] {dag.py:2420} INFO - Sync 1 DAGs
[2023-11-25 17:37:41,901] {logging_mixin.py:115} INFO - [2023-11-25 17:37:41,901] {dag.py:2972} INFO - Setting next_dagrun for example_kubernetes_executor to None, run_after=None
[2023-11-25 17:37:41,914] {processor.py:161} INFO - Processing /home/airflow/.local/lib/python3.7/site-packages/airflow/example_dags/example_kubernetes_executor.py took 0.116 seconds
[2023-11-25 17:38:12,373] {processor.py:153} INFO - Started process (PID=1176) to work on /home/airflow/.local/lib/python3.7/site-packages/airflow/example_dags/example_kubernetes_executor.py
[2023-11-25 17:38:12,374] {processor.py:641} INFO - Processing file /home/airflow/.local/lib/python3.7/site-packages/airflow/example_dags/example_kubernetes_executor.py for tasks to queue
[2023-11-25 17:38:12,375] {logging_mixin.py:115} INFO - [2023-11-25 17:38:12,375] {dagbag.py:508} INFO - Filling up the DagBag from /home/airflow/.local/lib/python3.7/site-packages/airflow/example_dags/example_kubernetes_executor.py
[2023-11-25 17:38:12,403] {processor.py:651} INFO - DAG(s) dict_keys(['example_kubernetes_executor']) retrieved from /home/airflow/.local/lib/python3.7/site-packages/airflow/example_dags/example_kubernetes_executor.py
[2023-11-25 17:38:12,442] {logging_mixin.py:115} INFO - [2023-11-25 17:38:12,442] {dag.py:2420} INFO - Sync 1 DAGs
[2023-11-25 17:38:12,469] {logging_mixin.py:115} INFO - [2023-11-25 17:38:12,469] {dag.py:2972} INFO - Setting next_dagrun for example_kubernetes_executor to None, run_after=None
[2023-11-25 17:38:12,482] {processor.py:161} INFO - Processing /home/airflow/.local/lib/python3.7/site-packages/airflow/example_dags/example_kubernetes_executor.py took 0.114 seconds
[2023-11-25 17:38:42,613] {processor.py:153} INFO - Started process (PID=1230) to work on /home/airflow/.local/lib/python3.7/site-packages/airflow/example_dags/example_kubernetes_executor.py
[2023-11-25 17:38:42,614] {processor.py:641} INFO - Processing file /home/airflow/.local/lib/python3.7/site-packages/airflow/example_dags/example_kubernetes_executor.py for tasks to queue
[2023-11-25 17:38:42,615] {logging_mixin.py:115} INFO - [2023-11-25 17:38:42,615] {dagbag.py:508} INFO - Filling up the DagBag from /home/airflow/.local/lib/python3.7/site-packages/airflow/example_dags/example_kubernetes_executor.py
[2023-11-25 17:38:42,645] {processor.py:651} INFO - DAG(s) dict_keys(['example_kubernetes_executor']) retrieved from /home/airflow/.local/lib/python3.7/site-packages/airflow/example_dags/example_kubernetes_executor.py
[2023-11-25 17:38:42,683] {logging_mixin.py:115} INFO - [2023-11-25 17:38:42,683] {dag.py:2420} INFO - Sync 1 DAGs
[2023-11-25 17:38:42,711] {logging_mixin.py:115} INFO - [2023-11-25 17:38:42,710] {dag.py:2972} INFO - Setting next_dagrun for example_kubernetes_executor to None, run_after=None
[2023-11-25 17:38:42,724] {processor.py:161} INFO - Processing /home/airflow/.local/lib/python3.7/site-packages/airflow/example_dags/example_kubernetes_executor.py took 0.115 seconds
[2023-11-25 17:39:13,481] {processor.py:153} INFO - Started process (PID=1293) to work on /home/airflow/.local/lib/python3.7/site-packages/airflow/example_dags/example_kubernetes_executor.py
[2023-11-25 17:39:13,482] {processor.py:641} INFO - Processing file /home/airflow/.local/lib/python3.7/site-packages/airflow/example_dags/example_kubernetes_executor.py for tasks to queue
[2023-11-25 17:39:13,483] {logging_mixin.py:115} INFO - [2023-11-25 17:39:13,482] {dagbag.py:508} INFO - Filling up the DagBag from /home/airflow/.local/lib/python3.7/site-packages/airflow/example_dags/example_kubernetes_executor.py
[2023-11-25 17:39:13,513] {processor.py:651} INFO - DAG(s) dict_keys(['example_kubernetes_executor']) retrieved from /home/airflow/.local/lib/python3.7/site-packages/airflow/example_dags/example_kubernetes_executor.py
[2023-11-25 17:39:13,559] {logging_mixin.py:115} INFO - [2023-11-25 17:39:13,559] {dag.py:2420} INFO - Sync 1 DAGs
[2023-11-25 17:39:13,591] {logging_mixin.py:115} INFO - [2023-11-25 17:39:13,591] {dag.py:2972} INFO - Setting next_dagrun for example_kubernetes_executor to None, run_after=None
[2023-11-25 17:39:13,606] {processor.py:161} INFO - Processing /home/airflow/.local/lib/python3.7/site-packages/airflow/example_dags/example_kubernetes_executor.py took 0.130 seconds
[2023-11-25 17:39:44,265] {processor.py:153} INFO - Started process (PID=1356) to work on /home/airflow/.local/lib/python3.7/site-packages/airflow/example_dags/example_kubernetes_executor.py
[2023-11-25 17:39:44,266] {processor.py:641} INFO - Processing file /home/airflow/.local/lib/python3.7/site-packages/airflow/example_dags/example_kubernetes_executor.py for tasks to queue
[2023-11-25 17:39:44,266] {logging_mixin.py:115} INFO - [2023-11-25 17:39:44,266] {dagbag.py:508} INFO - Filling up the DagBag from /home/airflow/.local/lib/python3.7/site-packages/airflow/example_dags/example_kubernetes_executor.py
[2023-11-25 17:39:44,299] {processor.py:651} INFO - DAG(s) dict_keys(['example_kubernetes_executor']) retrieved from /home/airflow/.local/lib/python3.7/site-packages/airflow/example_dags/example_kubernetes_executor.py
[2023-11-25 17:39:44,338] {logging_mixin.py:115} INFO - [2023-11-25 17:39:44,338] {dag.py:2420} INFO - Sync 1 DAGs
[2023-11-25 17:39:44,366] {logging_mixin.py:115} INFO - [2023-11-25 17:39:44,365] {dag.py:2972} INFO - Setting next_dagrun for example_kubernetes_executor to None, run_after=None
[2023-11-25 17:39:44,379] {processor.py:161} INFO - Processing /home/airflow/.local/lib/python3.7/site-packages/airflow/example_dags/example_kubernetes_executor.py took 0.119 seconds
[2023-11-25 17:40:14,936] {processor.py:153} INFO - Started process (PID=1409) to work on /home/airflow/.local/lib/python3.7/site-packages/airflow/example_dags/example_kubernetes_executor.py
[2023-11-25 17:40:14,937] {processor.py:641} INFO - Processing file /home/airflow/.local/lib/python3.7/site-packages/airflow/example_dags/example_kubernetes_executor.py for tasks to queue
[2023-11-25 17:40:14,938] {logging_mixin.py:115} INFO - [2023-11-25 17:40:14,937] {dagbag.py:508} INFO - Filling up the DagBag from /home/airflow/.local/lib/python3.7/site-packages/airflow/example_dags/example_kubernetes_executor.py
[2023-11-25 17:40:14,966] {processor.py:651} INFO - DAG(s) dict_keys(['example_kubernetes_executor']) retrieved from /home/airflow/.local/lib/python3.7/site-packages/airflow/example_dags/example_kubernetes_executor.py
[2023-11-25 17:40:15,015] {logging_mixin.py:115} INFO - [2023-11-25 17:40:15,015] {dag.py:2420} INFO - Sync 1 DAGs
[2023-11-25 17:40:15,048] {logging_mixin.py:115} INFO - [2023-11-25 17:40:15,048] {dag.py:2972} INFO - Setting next_dagrun for example_kubernetes_executor to None, run_after=None
[2023-11-25 17:40:15,065] {processor.py:161} INFO - Processing /home/airflow/.local/lib/python3.7/site-packages/airflow/example_dags/example_kubernetes_executor.py took 0.136 seconds
[2023-11-25 17:40:45,495] {processor.py:153} INFO - Started process (PID=1472) to work on /home/airflow/.local/lib/python3.7/site-packages/airflow/example_dags/example_kubernetes_executor.py
[2023-11-25 17:40:45,495] {processor.py:641} INFO - Processing file /home/airflow/.local/lib/python3.7/site-packages/airflow/example_dags/example_kubernetes_executor.py for tasks to queue
[2023-11-25 17:40:45,496] {logging_mixin.py:115} INFO - [2023-11-25 17:40:45,496] {dagbag.py:508} INFO - Filling up the DagBag from /home/airflow/.local/lib/python3.7/site-packages/airflow/example_dags/example_kubernetes_executor.py
[2023-11-25 17:40:45,537] {processor.py:651} INFO - DAG(s) dict_keys(['example_kubernetes_executor']) retrieved from /home/airflow/.local/lib/python3.7/site-packages/airflow/example_dags/example_kubernetes_executor.py
[2023-11-25 17:40:45,580] {logging_mixin.py:115} INFO - [2023-11-25 17:40:45,579] {dag.py:2420} INFO - Sync 1 DAGs
[2023-11-25 17:40:45,605] {logging_mixin.py:115} INFO - [2023-11-25 17:40:45,605] {dag.py:2972} INFO - Setting next_dagrun for example_kubernetes_executor to None, run_after=None
[2023-11-25 17:40:45,617] {processor.py:161} INFO - Processing /home/airflow/.local/lib/python3.7/site-packages/airflow/example_dags/example_kubernetes_executor.py took 0.127 seconds
[2023-11-25 17:41:16,144] {processor.py:153} INFO - Started process (PID=1535) to work on /home/airflow/.local/lib/python3.7/site-packages/airflow/example_dags/example_kubernetes_executor.py
[2023-11-25 17:41:16,145] {processor.py:641} INFO - Processing file /home/airflow/.local/lib/python3.7/site-packages/airflow/example_dags/example_kubernetes_executor.py for tasks to queue
[2023-11-25 17:41:16,146] {logging_mixin.py:115} INFO - [2023-11-25 17:41:16,146] {dagbag.py:508} INFO - Filling up the DagBag from /home/airflow/.local/lib/python3.7/site-packages/airflow/example_dags/example_kubernetes_executor.py
[2023-11-25 17:41:16,177] {processor.py:651} INFO - DAG(s) dict_keys(['example_kubernetes_executor']) retrieved from /home/airflow/.local/lib/python3.7/site-packages/airflow/example_dags/example_kubernetes_executor.py
[2023-11-25 17:41:16,215] {logging_mixin.py:115} INFO - [2023-11-25 17:41:16,215] {dag.py:2420} INFO - Sync 1 DAGs
[2023-11-25 17:41:16,242] {logging_mixin.py:115} INFO - [2023-11-25 17:41:16,242] {dag.py:2972} INFO - Setting next_dagrun for example_kubernetes_executor to None, run_after=None
[2023-11-25 17:41:16,257] {processor.py:161} INFO - Processing /home/airflow/.local/lib/python3.7/site-packages/airflow/example_dags/example_kubernetes_executor.py took 0.118 seconds
[2023-11-25 17:41:47,002] {processor.py:153} INFO - Started process (PID=1589) to work on /home/airflow/.local/lib/python3.7/site-packages/airflow/example_dags/example_kubernetes_executor.py
[2023-11-25 17:41:47,003] {processor.py:641} INFO - Processing file /home/airflow/.local/lib/python3.7/site-packages/airflow/example_dags/example_kubernetes_executor.py for tasks to queue
[2023-11-25 17:41:47,004] {logging_mixin.py:115} INFO - [2023-11-25 17:41:47,004] {dagbag.py:508} INFO - Filling up the DagBag from /home/airflow/.local/lib/python3.7/site-packages/airflow/example_dags/example_kubernetes_executor.py
[2023-11-25 17:41:47,037] {processor.py:651} INFO - DAG(s) dict_keys(['example_kubernetes_executor']) retrieved from /home/airflow/.local/lib/python3.7/site-packages/airflow/example_dags/example_kubernetes_executor.py
[2023-11-25 17:41:47,080] {logging_mixin.py:115} INFO - [2023-11-25 17:41:47,080] {dag.py:2420} INFO - Sync 1 DAGs
[2023-11-25 17:41:47,114] {logging_mixin.py:115} INFO - [2023-11-25 17:41:47,114] {dag.py:2972} INFO - Setting next_dagrun for example_kubernetes_executor to None, run_after=None
[2023-11-25 17:41:47,128] {processor.py:161} INFO - Processing /home/airflow/.local/lib/python3.7/site-packages/airflow/example_dags/example_kubernetes_executor.py took 0.131 seconds
[2023-11-25 17:42:17,958] {processor.py:153} INFO - Started process (PID=1651) to work on /home/airflow/.local/lib/python3.7/site-packages/airflow/example_dags/example_kubernetes_executor.py
[2023-11-25 17:42:17,959] {processor.py:641} INFO - Processing file /home/airflow/.local/lib/python3.7/site-packages/airflow/example_dags/example_kubernetes_executor.py for tasks to queue
[2023-11-25 17:42:17,959] {logging_mixin.py:115} INFO - [2023-11-25 17:42:17,959] {dagbag.py:508} INFO - Filling up the DagBag from /home/airflow/.local/lib/python3.7/site-packages/airflow/example_dags/example_kubernetes_executor.py
[2023-11-25 17:42:17,990] {processor.py:651} INFO - DAG(s) dict_keys(['example_kubernetes_executor']) retrieved from /home/airflow/.local/lib/python3.7/site-packages/airflow/example_dags/example_kubernetes_executor.py
[2023-11-25 17:42:18,033] {logging_mixin.py:115} INFO - [2023-11-25 17:42:18,033] {dag.py:2420} INFO - Sync 1 DAGs
[2023-11-25 17:42:18,061] {logging_mixin.py:115} INFO - [2023-11-25 17:42:18,061] {dag.py:2972} INFO - Setting next_dagrun for example_kubernetes_executor to None, run_after=None
[2023-11-25 17:42:18,077] {processor.py:161} INFO - Processing /home/airflow/.local/lib/python3.7/site-packages/airflow/example_dags/example_kubernetes_executor.py took 0.125 seconds
[2023-11-25 17:42:48,421] {processor.py:153} INFO - Started process (PID=1715) to work on /home/airflow/.local/lib/python3.7/site-packages/airflow/example_dags/example_kubernetes_executor.py
[2023-11-25 17:42:48,422] {processor.py:641} INFO - Processing file /home/airflow/.local/lib/python3.7/site-packages/airflow/example_dags/example_kubernetes_executor.py for tasks to queue
[2023-11-25 17:42:48,423] {logging_mixin.py:115} INFO - [2023-11-25 17:42:48,423] {dagbag.py:508} INFO - Filling up the DagBag from /home/airflow/.local/lib/python3.7/site-packages/airflow/example_dags/example_kubernetes_executor.py
[2023-11-25 17:42:48,451] {processor.py:651} INFO - DAG(s) dict_keys(['example_kubernetes_executor']) retrieved from /home/airflow/.local/lib/python3.7/site-packages/airflow/example_dags/example_kubernetes_executor.py
[2023-11-25 17:42:48,494] {logging_mixin.py:115} INFO - [2023-11-25 17:42:48,494] {dag.py:2420} INFO - Sync 1 DAGs
[2023-11-25 17:42:48,521] {logging_mixin.py:115} INFO - [2023-11-25 17:42:48,521] {dag.py:2972} INFO - Setting next_dagrun for example_kubernetes_executor to None, run_after=None
[2023-11-25 17:42:48,535] {processor.py:161} INFO - Processing /home/airflow/.local/lib/python3.7/site-packages/airflow/example_dags/example_kubernetes_executor.py took 0.119 seconds
[2023-11-25 17:43:19,055] {processor.py:153} INFO - Started process (PID=1769) to work on /home/airflow/.local/lib/python3.7/site-packages/airflow/example_dags/example_kubernetes_executor.py
[2023-11-25 17:43:19,056] {processor.py:641} INFO - Processing file /home/airflow/.local/lib/python3.7/site-packages/airflow/example_dags/example_kubernetes_executor.py for tasks to queue
[2023-11-25 17:43:19,057] {logging_mixin.py:115} INFO - [2023-11-25 17:43:19,057] {dagbag.py:508} INFO - Filling up the DagBag from /home/airflow/.local/lib/python3.7/site-packages/airflow/example_dags/example_kubernetes_executor.py
[2023-11-25 17:43:19,086] {processor.py:651} INFO - DAG(s) dict_keys(['example_kubernetes_executor']) retrieved from /home/airflow/.local/lib/python3.7/site-packages/airflow/example_dags/example_kubernetes_executor.py
[2023-11-25 17:43:19,126] {logging_mixin.py:115} INFO - [2023-11-25 17:43:19,126] {dag.py:2420} INFO - Sync 1 DAGs
[2023-11-25 17:43:19,157] {logging_mixin.py:115} INFO - [2023-11-25 17:43:19,157] {dag.py:2972} INFO - Setting next_dagrun for example_kubernetes_executor to None, run_after=None
[2023-11-25 17:43:19,170] {processor.py:161} INFO - Processing /home/airflow/.local/lib/python3.7/site-packages/airflow/example_dags/example_kubernetes_executor.py took 0.120 seconds
[2023-11-25 17:43:49,828] {processor.py:153} INFO - Started process (PID=1832) to work on /home/airflow/.local/lib/python3.7/site-packages/airflow/example_dags/example_kubernetes_executor.py
[2023-11-25 17:43:49,830] {processor.py:641} INFO - Processing file /home/airflow/.local/lib/python3.7/site-packages/airflow/example_dags/example_kubernetes_executor.py for tasks to queue
[2023-11-25 17:43:49,830] {logging_mixin.py:115} INFO - [2023-11-25 17:43:49,830] {dagbag.py:508} INFO - Filling up the DagBag from /home/airflow/.local/lib/python3.7/site-packages/airflow/example_dags/example_kubernetes_executor.py
[2023-11-25 17:43:49,859] {processor.py:651} INFO - DAG(s) dict_keys(['example_kubernetes_executor']) retrieved from /home/airflow/.local/lib/python3.7/site-packages/airflow/example_dags/example_kubernetes_executor.py
[2023-11-25 17:43:49,897] {logging_mixin.py:115} INFO - [2023-11-25 17:43:49,897] {dag.py:2420} INFO - Sync 1 DAGs
[2023-11-25 17:43:49,924] {logging_mixin.py:115} INFO - [2023-11-25 17:43:49,923] {dag.py:2972} INFO - Setting next_dagrun for example_kubernetes_executor to None, run_after=None
[2023-11-25 17:43:49,937] {processor.py:161} INFO - Processing /home/airflow/.local/lib/python3.7/site-packages/airflow/example_dags/example_kubernetes_executor.py took 0.113 seconds
[2023-11-25 17:44:20,652] {processor.py:153} INFO - Started process (PID=1898) to work on /home/airflow/.local/lib/python3.7/site-packages/airflow/example_dags/example_kubernetes_executor.py
[2023-11-25 17:44:20,653] {processor.py:641} INFO - Processing file /home/airflow/.local/lib/python3.7/site-packages/airflow/example_dags/example_kubernetes_executor.py for tasks to queue
[2023-11-25 17:44:20,669] {logging_mixin.py:115} INFO - [2023-11-25 17:44:20,653] {dagbag.py:508} INFO - Filling up the DagBag from /home/airflow/.local/lib/python3.7/site-packages/airflow/example_dags/example_kubernetes_executor.py
[2023-11-25 17:44:20,756] {processor.py:651} INFO - DAG(s) dict_keys(['example_kubernetes_executor']) retrieved from /home/airflow/.local/lib/python3.7/site-packages/airflow/example_dags/example_kubernetes_executor.py
[2023-11-25 17:44:20,858] {logging_mixin.py:115} INFO - [2023-11-25 17:44:20,857] {dag.py:2420} INFO - Sync 1 DAGs
[2023-11-25 17:44:20,931] {logging_mixin.py:115} INFO - [2023-11-25 17:44:20,931] {dag.py:2972} INFO - Setting next_dagrun for example_kubernetes_executor to None, run_after=None
[2023-11-25 17:44:20,990] {processor.py:161} INFO - Processing /home/airflow/.local/lib/python3.7/site-packages/airflow/example_dags/example_kubernetes_executor.py took 0.355 seconds
[2023-11-25 17:44:51,458] {processor.py:153} INFO - Started process (PID=1952) to work on /home/airflow/.local/lib/python3.7/site-packages/airflow/example_dags/example_kubernetes_executor.py
[2023-11-25 17:44:51,459] {processor.py:641} INFO - Processing file /home/airflow/.local/lib/python3.7/site-packages/airflow/example_dags/example_kubernetes_executor.py for tasks to queue
[2023-11-25 17:44:51,459] {logging_mixin.py:115} INFO - [2023-11-25 17:44:51,459] {dagbag.py:508} INFO - Filling up the DagBag from /home/airflow/.local/lib/python3.7/site-packages/airflow/example_dags/example_kubernetes_executor.py
[2023-11-25 17:44:51,501] {processor.py:651} INFO - DAG(s) dict_keys(['example_kubernetes_executor']) retrieved from /home/airflow/.local/lib/python3.7/site-packages/airflow/example_dags/example_kubernetes_executor.py
[2023-11-25 17:44:51,545] {logging_mixin.py:115} INFO - [2023-11-25 17:44:51,545] {dag.py:2420} INFO - Sync 1 DAGs
[2023-11-25 17:44:51,582] {logging_mixin.py:115} INFO - [2023-11-25 17:44:51,581] {dag.py:2972} INFO - Setting next_dagrun for example_kubernetes_executor to None, run_after=None
[2023-11-25 17:44:51,595] {processor.py:161} INFO - Processing /home/airflow/.local/lib/python3.7/site-packages/airflow/example_dags/example_kubernetes_executor.py took 0.142 seconds
[2023-11-25 17:45:22,096] {processor.py:153} INFO - Started process (PID=2015) to work on /home/airflow/.local/lib/python3.7/site-packages/airflow/example_dags/example_kubernetes_executor.py
[2023-11-25 17:45:22,097] {processor.py:641} INFO - Processing file /home/airflow/.local/lib/python3.7/site-packages/airflow/example_dags/example_kubernetes_executor.py for tasks to queue
[2023-11-25 17:45:22,098] {logging_mixin.py:115} INFO - [2023-11-25 17:45:22,098] {dagbag.py:508} INFO - Filling up the DagBag from /home/airflow/.local/lib/python3.7/site-packages/airflow/example_dags/example_kubernetes_executor.py
[2023-11-25 17:45:22,136] {processor.py:651} INFO - DAG(s) dict_keys(['example_kubernetes_executor']) retrieved from /home/airflow/.local/lib/python3.7/site-packages/airflow/example_dags/example_kubernetes_executor.py
[2023-11-25 17:45:22,201] {logging_mixin.py:115} INFO - [2023-11-25 17:45:22,201] {dag.py:2420} INFO - Sync 1 DAGs
[2023-11-25 17:45:22,252] {logging_mixin.py:115} INFO - [2023-11-25 17:45:22,252] {dag.py:2972} INFO - Setting next_dagrun for example_kubernetes_executor to None, run_after=None
[2023-11-25 17:45:22,274] {processor.py:161} INFO - Processing /home/airflow/.local/lib/python3.7/site-packages/airflow/example_dags/example_kubernetes_executor.py took 0.183 seconds
[2023-11-25 17:45:52,922] {processor.py:153} INFO - Started process (PID=2069) to work on /home/airflow/.local/lib/python3.7/site-packages/airflow/example_dags/example_kubernetes_executor.py
[2023-11-25 17:45:52,930] {processor.py:641} INFO - Processing file /home/airflow/.local/lib/python3.7/site-packages/airflow/example_dags/example_kubernetes_executor.py for tasks to queue
[2023-11-25 17:45:52,931] {logging_mixin.py:115} INFO - [2023-11-25 17:45:52,931] {dagbag.py:508} INFO - Filling up the DagBag from /home/airflow/.local/lib/python3.7/site-packages/airflow/example_dags/example_kubernetes_executor.py
[2023-11-25 17:45:52,960] {processor.py:651} INFO - DAG(s) dict_keys(['example_kubernetes_executor']) retrieved from /home/airflow/.local/lib/python3.7/site-packages/airflow/example_dags/example_kubernetes_executor.py
[2023-11-25 17:45:53,010] {logging_mixin.py:115} INFO - [2023-11-25 17:45:53,010] {dag.py:2420} INFO - Sync 1 DAGs
[2023-11-25 17:45:53,040] {logging_mixin.py:115} INFO - [2023-11-25 17:45:53,040] {dag.py:2972} INFO - Setting next_dagrun for example_kubernetes_executor to None, run_after=None
[2023-11-25 17:45:53,072] {processor.py:161} INFO - Processing /home/airflow/.local/lib/python3.7/site-packages/airflow/example_dags/example_kubernetes_executor.py took 0.155 seconds
[2023-11-25 17:46:23,183] {processor.py:153} INFO - Started process (PID=2132) to work on /home/airflow/.local/lib/python3.7/site-packages/airflow/example_dags/example_kubernetes_executor.py
[2023-11-25 17:46:23,184] {processor.py:641} INFO - Processing file /home/airflow/.local/lib/python3.7/site-packages/airflow/example_dags/example_kubernetes_executor.py for tasks to queue
[2023-11-25 17:46:23,185] {logging_mixin.py:115} INFO - [2023-11-25 17:46:23,185] {dagbag.py:508} INFO - Filling up the DagBag from /home/airflow/.local/lib/python3.7/site-packages/airflow/example_dags/example_kubernetes_executor.py
[2023-11-25 17:46:23,216] {processor.py:651} INFO - DAG(s) dict_keys(['example_kubernetes_executor']) retrieved from /home/airflow/.local/lib/python3.7/site-packages/airflow/example_dags/example_kubernetes_executor.py
[2023-11-25 17:46:23,279] {logging_mixin.py:115} INFO - [2023-11-25 17:46:23,278] {dag.py:2420} INFO - Sync 1 DAGs
[2023-11-25 17:46:23,307] {logging_mixin.py:115} INFO - [2023-11-25 17:46:23,307] {dag.py:2972} INFO - Setting next_dagrun for example_kubernetes_executor to None, run_after=None
[2023-11-25 17:46:23,320] {processor.py:161} INFO - Processing /home/airflow/.local/lib/python3.7/site-packages/airflow/example_dags/example_kubernetes_executor.py took 0.143 seconds
[2023-11-25 17:46:53,719] {processor.py:153} INFO - Started process (PID=2194) to work on /home/airflow/.local/lib/python3.7/site-packages/airflow/example_dags/example_kubernetes_executor.py
[2023-11-25 17:46:53,720] {processor.py:641} INFO - Processing file /home/airflow/.local/lib/python3.7/site-packages/airflow/example_dags/example_kubernetes_executor.py for tasks to queue
[2023-11-25 17:46:53,721] {logging_mixin.py:115} INFO - [2023-11-25 17:46:53,721] {dagbag.py:508} INFO - Filling up the DagBag from /home/airflow/.local/lib/python3.7/site-packages/airflow/example_dags/example_kubernetes_executor.py
[2023-11-25 17:46:53,752] {processor.py:651} INFO - DAG(s) dict_keys(['example_kubernetes_executor']) retrieved from /home/airflow/.local/lib/python3.7/site-packages/airflow/example_dags/example_kubernetes_executor.py
[2023-11-25 17:46:53,795] {logging_mixin.py:115} INFO - [2023-11-25 17:46:53,794] {dag.py:2420} INFO - Sync 1 DAGs
[2023-11-25 17:46:53,823] {logging_mixin.py:115} INFO - [2023-11-25 17:46:53,823] {dag.py:2972} INFO - Setting next_dagrun for example_kubernetes_executor to None, run_after=None
[2023-11-25 17:46:53,837] {processor.py:161} INFO - Processing /home/airflow/.local/lib/python3.7/site-packages/airflow/example_dags/example_kubernetes_executor.py took 0.123 seconds
[2023-11-25 17:47:24,187] {processor.py:153} INFO - Started process (PID=2248) to work on /home/airflow/.local/lib/python3.7/site-packages/airflow/example_dags/example_kubernetes_executor.py
[2023-11-25 17:47:24,188] {processor.py:641} INFO - Processing file /home/airflow/.local/lib/python3.7/site-packages/airflow/example_dags/example_kubernetes_executor.py for tasks to queue
[2023-11-25 17:47:24,188] {logging_mixin.py:115} INFO - [2023-11-25 17:47:24,188] {dagbag.py:508} INFO - Filling up the DagBag from /home/airflow/.local/lib/python3.7/site-packages/airflow/example_dags/example_kubernetes_executor.py
[2023-11-25 17:47:24,221] {processor.py:651} INFO - DAG(s) dict_keys(['example_kubernetes_executor']) retrieved from /home/airflow/.local/lib/python3.7/site-packages/airflow/example_dags/example_kubernetes_executor.py
[2023-11-25 17:47:24,258] {logging_mixin.py:115} INFO - [2023-11-25 17:47:24,258] {dag.py:2420} INFO - Sync 1 DAGs
[2023-11-25 17:47:24,285] {logging_mixin.py:115} INFO - [2023-11-25 17:47:24,285] {dag.py:2972} INFO - Setting next_dagrun for example_kubernetes_executor to None, run_after=None
[2023-11-25 17:47:24,300] {processor.py:161} INFO - Processing /home/airflow/.local/lib/python3.7/site-packages/airflow/example_dags/example_kubernetes_executor.py took 0.118 seconds
[2023-11-25 17:47:54,651] {processor.py:153} INFO - Started process (PID=2311) to work on /home/airflow/.local/lib/python3.7/site-packages/airflow/example_dags/example_kubernetes_executor.py
[2023-11-25 17:47:54,652] {processor.py:641} INFO - Processing file /home/airflow/.local/lib/python3.7/site-packages/airflow/example_dags/example_kubernetes_executor.py for tasks to queue
[2023-11-25 17:47:54,653] {logging_mixin.py:115} INFO - [2023-11-25 17:47:54,653] {dagbag.py:508} INFO - Filling up the DagBag from /home/airflow/.local/lib/python3.7/site-packages/airflow/example_dags/example_kubernetes_executor.py
[2023-11-25 17:47:54,736] {processor.py:651} INFO - DAG(s) dict_keys(['example_kubernetes_executor']) retrieved from /home/airflow/.local/lib/python3.7/site-packages/airflow/example_dags/example_kubernetes_executor.py
[2023-11-25 17:47:54,820] {logging_mixin.py:115} INFO - [2023-11-25 17:47:54,820] {dag.py:2420} INFO - Sync 1 DAGs
[2023-11-25 17:47:54,856] {logging_mixin.py:115} INFO - [2023-11-25 17:47:54,856] {dag.py:2972} INFO - Setting next_dagrun for example_kubernetes_executor to None, run_after=None
[2023-11-25 17:47:54,878] {processor.py:161} INFO - Processing /home/airflow/.local/lib/python3.7/site-packages/airflow/example_dags/example_kubernetes_executor.py took 0.245 seconds
[2023-11-25 17:48:25,646] {processor.py:153} INFO - Started process (PID=2374) to work on /home/airflow/.local/lib/python3.7/site-packages/airflow/example_dags/example_kubernetes_executor.py
[2023-11-25 17:48:25,647] {processor.py:641} INFO - Processing file /home/airflow/.local/lib/python3.7/site-packages/airflow/example_dags/example_kubernetes_executor.py for tasks to queue
[2023-11-25 17:48:25,647] {logging_mixin.py:115} INFO - [2023-11-25 17:48:25,647] {dagbag.py:508} INFO - Filling up the DagBag from /home/airflow/.local/lib/python3.7/site-packages/airflow/example_dags/example_kubernetes_executor.py
[2023-11-25 17:48:25,677] {processor.py:651} INFO - DAG(s) dict_keys(['example_kubernetes_executor']) retrieved from /home/airflow/.local/lib/python3.7/site-packages/airflow/example_dags/example_kubernetes_executor.py
[2023-11-25 17:48:25,714] {logging_mixin.py:115} INFO - [2023-11-25 17:48:25,714] {dag.py:2420} INFO - Sync 1 DAGs
[2023-11-25 17:48:25,745] {logging_mixin.py:115} INFO - [2023-11-25 17:48:25,745] {dag.py:2972} INFO - Setting next_dagrun for example_kubernetes_executor to None, run_after=None
[2023-11-25 17:48:25,759] {processor.py:161} INFO - Processing /home/airflow/.local/lib/python3.7/site-packages/airflow/example_dags/example_kubernetes_executor.py took 0.118 seconds
[2023-11-25 17:48:56,137] {processor.py:153} INFO - Started process (PID=2432) to work on /home/airflow/.local/lib/python3.7/site-packages/airflow/example_dags/example_kubernetes_executor.py
[2023-11-25 17:48:56,138] {processor.py:641} INFO - Processing file /home/airflow/.local/lib/python3.7/site-packages/airflow/example_dags/example_kubernetes_executor.py for tasks to queue
[2023-11-25 17:48:56,138] {logging_mixin.py:115} INFO - [2023-11-25 17:48:56,138] {dagbag.py:508} INFO - Filling up the DagBag from /home/airflow/.local/lib/python3.7/site-packages/airflow/example_dags/example_kubernetes_executor.py
[2023-11-25 17:48:56,192] {processor.py:651} INFO - DAG(s) dict_keys(['example_kubernetes_executor']) retrieved from /home/airflow/.local/lib/python3.7/site-packages/airflow/example_dags/example_kubernetes_executor.py
[2023-11-25 17:48:56,274] {logging_mixin.py:115} INFO - [2023-11-25 17:48:56,274] {dag.py:2420} INFO - Sync 1 DAGs
[2023-11-25 17:48:56,320] {logging_mixin.py:115} INFO - [2023-11-25 17:48:56,320] {dag.py:2972} INFO - Setting next_dagrun for example_kubernetes_executor to None, run_after=None
[2023-11-25 17:48:56,337] {processor.py:161} INFO - Processing /home/airflow/.local/lib/python3.7/site-packages/airflow/example_dags/example_kubernetes_executor.py took 0.205 seconds
[2023-11-25 17:49:26,733] {processor.py:153} INFO - Started process (PID=2495) to work on /home/airflow/.local/lib/python3.7/site-packages/airflow/example_dags/example_kubernetes_executor.py
[2023-11-25 17:49:26,734] {processor.py:641} INFO - Processing file /home/airflow/.local/lib/python3.7/site-packages/airflow/example_dags/example_kubernetes_executor.py for tasks to queue
[2023-11-25 17:49:26,734] {logging_mixin.py:115} INFO - [2023-11-25 17:49:26,734] {dagbag.py:508} INFO - Filling up the DagBag from /home/airflow/.local/lib/python3.7/site-packages/airflow/example_dags/example_kubernetes_executor.py
[2023-11-25 17:49:26,767] {processor.py:651} INFO - DAG(s) dict_keys(['example_kubernetes_executor']) retrieved from /home/airflow/.local/lib/python3.7/site-packages/airflow/example_dags/example_kubernetes_executor.py
[2023-11-25 17:49:26,812] {logging_mixin.py:115} INFO - [2023-11-25 17:49:26,812] {dag.py:2420} INFO - Sync 1 DAGs
[2023-11-25 17:49:26,844] {logging_mixin.py:115} INFO - [2023-11-25 17:49:26,844] {dag.py:2972} INFO - Setting next_dagrun for example_kubernetes_executor to None, run_after=None
[2023-11-25 17:49:26,859] {processor.py:161} INFO - Processing /home/airflow/.local/lib/python3.7/site-packages/airflow/example_dags/example_kubernetes_executor.py took 0.131 seconds
[2023-11-25 17:49:57,079] {processor.py:153} INFO - Started process (PID=2558) to work on /home/airflow/.local/lib/python3.7/site-packages/airflow/example_dags/example_kubernetes_executor.py
[2023-11-25 17:49:57,080] {processor.py:641} INFO - Processing file /home/airflow/.local/lib/python3.7/site-packages/airflow/example_dags/example_kubernetes_executor.py for tasks to queue
[2023-11-25 17:49:57,080] {logging_mixin.py:115} INFO - [2023-11-25 17:49:57,080] {dagbag.py:508} INFO - Filling up the DagBag from /home/airflow/.local/lib/python3.7/site-packages/airflow/example_dags/example_kubernetes_executor.py
[2023-11-25 17:49:57,109] {processor.py:651} INFO - DAG(s) dict_keys(['example_kubernetes_executor']) retrieved from /home/airflow/.local/lib/python3.7/site-packages/airflow/example_dags/example_kubernetes_executor.py
[2023-11-25 17:49:57,150] {logging_mixin.py:115} INFO - [2023-11-25 17:49:57,150] {dag.py:2420} INFO - Sync 1 DAGs
[2023-11-25 17:49:57,178] {logging_mixin.py:115} INFO - [2023-11-25 17:49:57,178] {dag.py:2972} INFO - Setting next_dagrun for example_kubernetes_executor to None, run_after=None
[2023-11-25 17:49:57,197] {processor.py:161} INFO - Processing /home/airflow/.local/lib/python3.7/site-packages/airflow/example_dags/example_kubernetes_executor.py took 0.123 seconds
[2023-11-25 17:50:27,401] {processor.py:153} INFO - Started process (PID=2612) to work on /home/airflow/.local/lib/python3.7/site-packages/airflow/example_dags/example_kubernetes_executor.py
[2023-11-25 17:50:27,402] {processor.py:641} INFO - Processing file /home/airflow/.local/lib/python3.7/site-packages/airflow/example_dags/example_kubernetes_executor.py for tasks to queue
[2023-11-25 17:50:27,402] {logging_mixin.py:115} INFO - [2023-11-25 17:50:27,402] {dagbag.py:508} INFO - Filling up the DagBag from /home/airflow/.local/lib/python3.7/site-packages/airflow/example_dags/example_kubernetes_executor.py
[2023-11-25 17:50:27,431] {processor.py:651} INFO - DAG(s) dict_keys(['example_kubernetes_executor']) retrieved from /home/airflow/.local/lib/python3.7/site-packages/airflow/example_dags/example_kubernetes_executor.py
[2023-11-25 17:50:27,470] {logging_mixin.py:115} INFO - [2023-11-25 17:50:27,470] {dag.py:2420} INFO - Sync 1 DAGs
[2023-11-25 17:50:27,496] {logging_mixin.py:115} INFO - [2023-11-25 17:50:27,496] {dag.py:2972} INFO - Setting next_dagrun for example_kubernetes_executor to None, run_after=None
[2023-11-25 17:50:27,510] {processor.py:161} INFO - Processing /home/airflow/.local/lib/python3.7/site-packages/airflow/example_dags/example_kubernetes_executor.py took 0.115 seconds
[2023-11-25 17:50:58,017] {processor.py:153} INFO - Started process (PID=2674) to work on /home/airflow/.local/lib/python3.7/site-packages/airflow/example_dags/example_kubernetes_executor.py
[2023-11-25 17:50:58,018] {processor.py:641} INFO - Processing file /home/airflow/.local/lib/python3.7/site-packages/airflow/example_dags/example_kubernetes_executor.py for tasks to queue
[2023-11-25 17:50:58,019] {logging_mixin.py:115} INFO - [2023-11-25 17:50:58,019] {dagbag.py:508} INFO - Filling up the DagBag from /home/airflow/.local/lib/python3.7/site-packages/airflow/example_dags/example_kubernetes_executor.py
[2023-11-25 17:50:58,048] {processor.py:651} INFO - DAG(s) dict_keys(['example_kubernetes_executor']) retrieved from /home/airflow/.local/lib/python3.7/site-packages/airflow/example_dags/example_kubernetes_executor.py
[2023-11-25 17:50:58,085] {logging_mixin.py:115} INFO - [2023-11-25 17:50:58,085] {dag.py:2420} INFO - Sync 1 DAGs
[2023-11-25 17:50:58,112] {logging_mixin.py:115} INFO - [2023-11-25 17:50:58,112] {dag.py:2972} INFO - Setting next_dagrun for example_kubernetes_executor to None, run_after=None
[2023-11-25 17:50:58,134] {processor.py:161} INFO - Processing /home/airflow/.local/lib/python3.7/site-packages/airflow/example_dags/example_kubernetes_executor.py took 0.122 seconds
[2023-11-25 17:51:28,489] {processor.py:153} INFO - Started process (PID=2727) to work on /home/airflow/.local/lib/python3.7/site-packages/airflow/example_dags/example_kubernetes_executor.py
[2023-11-25 17:51:28,490] {processor.py:641} INFO - Processing file /home/airflow/.local/lib/python3.7/site-packages/airflow/example_dags/example_kubernetes_executor.py for tasks to queue
[2023-11-25 17:51:28,491] {logging_mixin.py:115} INFO - [2023-11-25 17:51:28,490] {dagbag.py:508} INFO - Filling up the DagBag from /home/airflow/.local/lib/python3.7/site-packages/airflow/example_dags/example_kubernetes_executor.py
[2023-11-25 17:51:28,526] {processor.py:651} INFO - DAG(s) dict_keys(['example_kubernetes_executor']) retrieved from /home/airflow/.local/lib/python3.7/site-packages/airflow/example_dags/example_kubernetes_executor.py
[2023-11-25 17:51:28,575] {logging_mixin.py:115} INFO - [2023-11-25 17:51:28,575] {dag.py:2420} INFO - Sync 1 DAGs
[2023-11-25 17:51:28,630] {logging_mixin.py:115} INFO - [2023-11-25 17:51:28,630] {dag.py:2972} INFO - Setting next_dagrun for example_kubernetes_executor to None, run_after=None
[2023-11-25 17:51:28,663] {processor.py:161} INFO - Processing /home/airflow/.local/lib/python3.7/site-packages/airflow/example_dags/example_kubernetes_executor.py took 0.180 seconds
[2023-11-25 17:51:58,970] {processor.py:153} INFO - Started process (PID=2789) to work on /home/airflow/.local/lib/python3.7/site-packages/airflow/example_dags/example_kubernetes_executor.py
[2023-11-25 17:51:58,971] {processor.py:641} INFO - Processing file /home/airflow/.local/lib/python3.7/site-packages/airflow/example_dags/example_kubernetes_executor.py for tasks to queue
[2023-11-25 17:51:58,972] {logging_mixin.py:115} INFO - [2023-11-25 17:51:58,971] {dagbag.py:508} INFO - Filling up the DagBag from /home/airflow/.local/lib/python3.7/site-packages/airflow/example_dags/example_kubernetes_executor.py
[2023-11-25 17:51:59,000] {processor.py:651} INFO - DAG(s) dict_keys(['example_kubernetes_executor']) retrieved from /home/airflow/.local/lib/python3.7/site-packages/airflow/example_dags/example_kubernetes_executor.py
[2023-11-25 17:51:59,043] {logging_mixin.py:115} INFO - [2023-11-25 17:51:59,042] {dag.py:2420} INFO - Sync 1 DAGs
[2023-11-25 17:51:59,073] {logging_mixin.py:115} INFO - [2023-11-25 17:51:59,073] {dag.py:2972} INFO - Setting next_dagrun for example_kubernetes_executor to None, run_after=None
[2023-11-25 17:51:59,093] {processor.py:161} INFO - Processing /home/airflow/.local/lib/python3.7/site-packages/airflow/example_dags/example_kubernetes_executor.py took 0.132 seconds
[2023-11-25 17:52:29,429] {processor.py:153} INFO - Started process (PID=2851) to work on /home/airflow/.local/lib/python3.7/site-packages/airflow/example_dags/example_kubernetes_executor.py
[2023-11-25 17:52:29,430] {processor.py:641} INFO - Processing file /home/airflow/.local/lib/python3.7/site-packages/airflow/example_dags/example_kubernetes_executor.py for tasks to queue
[2023-11-25 17:52:29,431] {logging_mixin.py:115} INFO - [2023-11-25 17:52:29,431] {dagbag.py:508} INFO - Filling up the DagBag from /home/airflow/.local/lib/python3.7/site-packages/airflow/example_dags/example_kubernetes_executor.py
[2023-11-25 17:52:29,480] {processor.py:651} INFO - DAG(s) dict_keys(['example_kubernetes_executor']) retrieved from /home/airflow/.local/lib/python3.7/site-packages/airflow/example_dags/example_kubernetes_executor.py
[2023-11-25 17:52:29,556] {logging_mixin.py:115} INFO - [2023-11-25 17:52:29,555] {dag.py:2420} INFO - Sync 1 DAGs
[2023-11-25 17:52:29,597] {logging_mixin.py:115} INFO - [2023-11-25 17:52:29,597] {dag.py:2972} INFO - Setting next_dagrun for example_kubernetes_executor to None, run_after=None
[2023-11-25 17:52:29,630] {processor.py:161} INFO - Processing /home/airflow/.local/lib/python3.7/site-packages/airflow/example_dags/example_kubernetes_executor.py took 0.206 seconds
[2023-11-25 17:53:00,194] {processor.py:153} INFO - Started process (PID=2903) to work on /home/airflow/.local/lib/python3.7/site-packages/airflow/example_dags/example_kubernetes_executor.py
[2023-11-25 17:53:00,195] {processor.py:641} INFO - Processing file /home/airflow/.local/lib/python3.7/site-packages/airflow/example_dags/example_kubernetes_executor.py for tasks to queue
[2023-11-25 17:53:00,196] {logging_mixin.py:115} INFO - [2023-11-25 17:53:00,195] {dagbag.py:508} INFO - Filling up the DagBag from /home/airflow/.local/lib/python3.7/site-packages/airflow/example_dags/example_kubernetes_executor.py
[2023-11-25 17:53:00,230] {processor.py:651} INFO - DAG(s) dict_keys(['example_kubernetes_executor']) retrieved from /home/airflow/.local/lib/python3.7/site-packages/airflow/example_dags/example_kubernetes_executor.py
[2023-11-25 17:53:00,269] {logging_mixin.py:115} INFO - [2023-11-25 17:53:00,269] {dag.py:2420} INFO - Sync 1 DAGs
[2023-11-25 17:53:00,297] {logging_mixin.py:115} INFO - [2023-11-25 17:53:00,297] {dag.py:2972} INFO - Setting next_dagrun for example_kubernetes_executor to None, run_after=None
[2023-11-25 17:53:00,313] {processor.py:161} INFO - Processing /home/airflow/.local/lib/python3.7/site-packages/airflow/example_dags/example_kubernetes_executor.py took 0.125 seconds
[2023-11-25 17:53:30,840] {processor.py:153} INFO - Started process (PID=2966) to work on /home/airflow/.local/lib/python3.7/site-packages/airflow/example_dags/example_kubernetes_executor.py
[2023-11-25 17:53:30,841] {processor.py:641} INFO - Processing file /home/airflow/.local/lib/python3.7/site-packages/airflow/example_dags/example_kubernetes_executor.py for tasks to queue
[2023-11-25 17:53:30,841] {logging_mixin.py:115} INFO - [2023-11-25 17:53:30,841] {dagbag.py:508} INFO - Filling up the DagBag from /home/airflow/.local/lib/python3.7/site-packages/airflow/example_dags/example_kubernetes_executor.py
[2023-11-25 17:53:30,892] {processor.py:651} INFO - DAG(s) dict_keys(['example_kubernetes_executor']) retrieved from /home/airflow/.local/lib/python3.7/site-packages/airflow/example_dags/example_kubernetes_executor.py
[2023-11-25 17:53:30,954] {logging_mixin.py:115} INFO - [2023-11-25 17:53:30,954] {dag.py:2420} INFO - Sync 1 DAGs
[2023-11-25 17:53:30,991] {logging_mixin.py:115} INFO - [2023-11-25 17:53:30,991] {dag.py:2972} INFO - Setting next_dagrun for example_kubernetes_executor to None, run_after=None
[2023-11-25 17:53:31,013] {processor.py:161} INFO - Processing /home/airflow/.local/lib/python3.7/site-packages/airflow/example_dags/example_kubernetes_executor.py took 0.179 seconds
[2023-11-25 17:54:01,081] {processor.py:153} INFO - Started process (PID=3019) to work on /home/airflow/.local/lib/python3.7/site-packages/airflow/example_dags/example_kubernetes_executor.py
[2023-11-25 17:54:01,082] {processor.py:641} INFO - Processing file /home/airflow/.local/lib/python3.7/site-packages/airflow/example_dags/example_kubernetes_executor.py for tasks to queue
[2023-11-25 17:54:01,083] {logging_mixin.py:115} INFO - [2023-11-25 17:54:01,083] {dagbag.py:508} INFO - Filling up the DagBag from /home/airflow/.local/lib/python3.7/site-packages/airflow/example_dags/example_kubernetes_executor.py
[2023-11-25 17:54:01,118] {processor.py:651} INFO - DAG(s) dict_keys(['example_kubernetes_executor']) retrieved from /home/airflow/.local/lib/python3.7/site-packages/airflow/example_dags/example_kubernetes_executor.py
[2023-11-25 17:54:01,218] {logging_mixin.py:115} INFO - [2023-11-25 17:54:01,218] {dag.py:2420} INFO - Sync 1 DAGs
[2023-11-25 17:54:01,277] {logging_mixin.py:115} INFO - [2023-11-25 17:54:01,277] {dag.py:2972} INFO - Setting next_dagrun for example_kubernetes_executor to None, run_after=None
[2023-11-25 17:54:01,302] {processor.py:161} INFO - Processing /home/airflow/.local/lib/python3.7/site-packages/airflow/example_dags/example_kubernetes_executor.py took 0.226 seconds
