[2023-11-25 17:28:28,750] {processor.py:153} INFO - Started process (PID=86) to work on /home/airflow/.local/lib/python3.7/site-packages/airflow/example_dags/example_trigger_target_dag.py
[2023-11-25 17:28:28,751] {processor.py:641} INFO - Processing file /home/airflow/.local/lib/python3.7/site-packages/airflow/example_dags/example_trigger_target_dag.py for tasks to queue
[2023-11-25 17:28:28,752] {logging_mixin.py:115} INFO - [2023-11-25 17:28:28,752] {dagbag.py:508} INFO - Filling up the DagBag from /home/airflow/.local/lib/python3.7/site-packages/airflow/example_dags/example_trigger_target_dag.py
[2023-11-25 17:28:28,871] {processor.py:651} INFO - DAG(s) dict_keys(['example_trigger_target_dag']) retrieved from /home/airflow/.local/lib/python3.7/site-packages/airflow/example_dags/example_trigger_target_dag.py
[2023-11-25 17:28:29,411] {logging_mixin.py:115} INFO - [2023-11-25 17:28:29,411] {manager.py:508} INFO - Created Permission View: can delete on DAG:example_trigger_target_dag
[2023-11-25 17:28:29,434] {logging_mixin.py:115} INFO - [2023-11-25 17:28:29,434] {manager.py:508} INFO - Created Permission View: can edit on DAG:example_trigger_target_dag
[2023-11-25 17:28:29,473] {logging_mixin.py:115} INFO - [2023-11-25 17:28:29,473] {manager.py:508} INFO - Created Permission View: can read on DAG:example_trigger_target_dag
[2023-11-25 17:28:29,473] {logging_mixin.py:115} INFO - [2023-11-25 17:28:29,473] {dag.py:2420} INFO - Sync 1 DAGs
[2023-11-25 17:28:29,516] {logging_mixin.py:115} INFO - [2023-11-25 17:28:29,516] {dag.py:2439} INFO - Creating ORM DAG for example_trigger_target_dag
[2023-11-25 17:28:29,591] {logging_mixin.py:115} INFO - [2023-11-25 17:28:29,591] {dag.py:2972} INFO - Setting next_dagrun for example_trigger_target_dag to None, run_after=None
[2023-11-25 17:28:29,673] {processor.py:161} INFO - Processing /home/airflow/.local/lib/python3.7/site-packages/airflow/example_dags/example_trigger_target_dag.py took 0.961 seconds
[2023-11-25 17:28:59,874] {processor.py:153} INFO - Started process (PID=129) to work on /home/airflow/.local/lib/python3.7/site-packages/airflow/example_dags/example_trigger_target_dag.py
[2023-11-25 17:28:59,892] {processor.py:641} INFO - Processing file /home/airflow/.local/lib/python3.7/site-packages/airflow/example_dags/example_trigger_target_dag.py for tasks to queue
[2023-11-25 17:28:59,893] {logging_mixin.py:115} INFO - [2023-11-25 17:28:59,892] {dagbag.py:508} INFO - Filling up the DagBag from /home/airflow/.local/lib/python3.7/site-packages/airflow/example_dags/example_trigger_target_dag.py
[2023-11-25 17:28:59,920] {processor.py:651} INFO - DAG(s) dict_keys(['example_trigger_target_dag']) retrieved from /home/airflow/.local/lib/python3.7/site-packages/airflow/example_dags/example_trigger_target_dag.py
[2023-11-25 17:29:00,037] {logging_mixin.py:115} INFO - [2023-11-25 17:29:00,037] {dag.py:2420} INFO - Sync 1 DAGs
[2023-11-25 17:29:00,098] {logging_mixin.py:115} INFO - [2023-11-25 17:29:00,097] {dag.py:2972} INFO - Setting next_dagrun for example_trigger_target_dag to None, run_after=None
[2023-11-25 17:29:00,522] {processor.py:161} INFO - Processing /home/airflow/.local/lib/python3.7/site-packages/airflow/example_dags/example_trigger_target_dag.py took 0.669 seconds
[2023-11-25 17:29:30,933] {processor.py:153} INFO - Started process (PID=191) to work on /home/airflow/.local/lib/python3.7/site-packages/airflow/example_dags/example_trigger_target_dag.py
[2023-11-25 17:29:30,934] {processor.py:641} INFO - Processing file /home/airflow/.local/lib/python3.7/site-packages/airflow/example_dags/example_trigger_target_dag.py for tasks to queue
[2023-11-25 17:29:30,935] {logging_mixin.py:115} INFO - [2023-11-25 17:29:30,935] {dagbag.py:508} INFO - Filling up the DagBag from /home/airflow/.local/lib/python3.7/site-packages/airflow/example_dags/example_trigger_target_dag.py
[2023-11-25 17:29:30,960] {processor.py:651} INFO - DAG(s) dict_keys(['example_trigger_target_dag']) retrieved from /home/airflow/.local/lib/python3.7/site-packages/airflow/example_dags/example_trigger_target_dag.py
[2023-11-25 17:29:31,030] {logging_mixin.py:115} INFO - [2023-11-25 17:29:31,030] {dag.py:2420} INFO - Sync 1 DAGs
[2023-11-25 17:29:31,077] {logging_mixin.py:115} INFO - [2023-11-25 17:29:31,077] {dag.py:2972} INFO - Setting next_dagrun for example_trigger_target_dag to None, run_after=None
[2023-11-25 17:29:31,102] {processor.py:161} INFO - Processing /home/airflow/.local/lib/python3.7/site-packages/airflow/example_dags/example_trigger_target_dag.py took 0.174 seconds
[2023-11-25 17:30:01,248] {processor.py:153} INFO - Started process (PID=250) to work on /home/airflow/.local/lib/python3.7/site-packages/airflow/example_dags/example_trigger_target_dag.py
[2023-11-25 17:30:01,249] {processor.py:641} INFO - Processing file /home/airflow/.local/lib/python3.7/site-packages/airflow/example_dags/example_trigger_target_dag.py for tasks to queue
[2023-11-25 17:30:01,250] {logging_mixin.py:115} INFO - [2023-11-25 17:30:01,249] {dagbag.py:508} INFO - Filling up the DagBag from /home/airflow/.local/lib/python3.7/site-packages/airflow/example_dags/example_trigger_target_dag.py
[2023-11-25 17:30:01,274] {processor.py:651} INFO - DAG(s) dict_keys(['example_trigger_target_dag']) retrieved from /home/airflow/.local/lib/python3.7/site-packages/airflow/example_dags/example_trigger_target_dag.py
[2023-11-25 17:30:01,336] {logging_mixin.py:115} INFO - [2023-11-25 17:30:01,336] {dag.py:2420} INFO - Sync 1 DAGs
[2023-11-25 17:30:01,377] {logging_mixin.py:115} INFO - [2023-11-25 17:30:01,377] {dag.py:2972} INFO - Setting next_dagrun for example_trigger_target_dag to None, run_after=None
[2023-11-25 17:30:01,394] {processor.py:161} INFO - Processing /home/airflow/.local/lib/python3.7/site-packages/airflow/example_dags/example_trigger_target_dag.py took 0.151 seconds
[2023-11-25 17:30:31,551] {processor.py:153} INFO - Started process (PID=304) to work on /home/airflow/.local/lib/python3.7/site-packages/airflow/example_dags/example_trigger_target_dag.py
[2023-11-25 17:30:31,552] {processor.py:641} INFO - Processing file /home/airflow/.local/lib/python3.7/site-packages/airflow/example_dags/example_trigger_target_dag.py for tasks to queue
[2023-11-25 17:30:31,552] {logging_mixin.py:115} INFO - [2023-11-25 17:30:31,552] {dagbag.py:508} INFO - Filling up the DagBag from /home/airflow/.local/lib/python3.7/site-packages/airflow/example_dags/example_trigger_target_dag.py
[2023-11-25 17:30:31,579] {processor.py:651} INFO - DAG(s) dict_keys(['example_trigger_target_dag']) retrieved from /home/airflow/.local/lib/python3.7/site-packages/airflow/example_dags/example_trigger_target_dag.py
[2023-11-25 17:30:31,673] {logging_mixin.py:115} INFO - [2023-11-25 17:30:31,672] {dag.py:2420} INFO - Sync 1 DAGs
[2023-11-25 17:30:31,750] {logging_mixin.py:115} INFO - [2023-11-25 17:30:31,750] {dag.py:2972} INFO - Setting next_dagrun for example_trigger_target_dag to None, run_after=None
[2023-11-25 17:30:31,775] {processor.py:161} INFO - Processing /home/airflow/.local/lib/python3.7/site-packages/airflow/example_dags/example_trigger_target_dag.py took 0.233 seconds
[2023-11-25 17:31:02,149] {processor.py:153} INFO - Started process (PID=365) to work on /home/airflow/.local/lib/python3.7/site-packages/airflow/example_dags/example_trigger_target_dag.py
[2023-11-25 17:31:02,150] {processor.py:641} INFO - Processing file /home/airflow/.local/lib/python3.7/site-packages/airflow/example_dags/example_trigger_target_dag.py for tasks to queue
[2023-11-25 17:31:02,151] {logging_mixin.py:115} INFO - [2023-11-25 17:31:02,151] {dagbag.py:508} INFO - Filling up the DagBag from /home/airflow/.local/lib/python3.7/site-packages/airflow/example_dags/example_trigger_target_dag.py
[2023-11-25 17:31:02,170] {processor.py:651} INFO - DAG(s) dict_keys(['example_trigger_target_dag']) retrieved from /home/airflow/.local/lib/python3.7/site-packages/airflow/example_dags/example_trigger_target_dag.py
[2023-11-25 17:31:02,209] {logging_mixin.py:115} INFO - [2023-11-25 17:31:02,209] {dag.py:2420} INFO - Sync 1 DAGs
[2023-11-25 17:31:02,237] {logging_mixin.py:115} INFO - [2023-11-25 17:31:02,237] {dag.py:2972} INFO - Setting next_dagrun for example_trigger_target_dag to None, run_after=None
[2023-11-25 17:31:02,251] {processor.py:161} INFO - Processing /home/airflow/.local/lib/python3.7/site-packages/airflow/example_dags/example_trigger_target_dag.py took 0.107 seconds
[2023-11-25 17:31:33,021] {processor.py:153} INFO - Started process (PID=417) to work on /home/airflow/.local/lib/python3.7/site-packages/airflow/example_dags/example_trigger_target_dag.py
[2023-11-25 17:31:33,022] {processor.py:641} INFO - Processing file /home/airflow/.local/lib/python3.7/site-packages/airflow/example_dags/example_trigger_target_dag.py for tasks to queue
[2023-11-25 17:31:33,023] {logging_mixin.py:115} INFO - [2023-11-25 17:31:33,023] {dagbag.py:508} INFO - Filling up the DagBag from /home/airflow/.local/lib/python3.7/site-packages/airflow/example_dags/example_trigger_target_dag.py
[2023-11-25 17:31:33,045] {processor.py:651} INFO - DAG(s) dict_keys(['example_trigger_target_dag']) retrieved from /home/airflow/.local/lib/python3.7/site-packages/airflow/example_dags/example_trigger_target_dag.py
[2023-11-25 17:31:33,092] {logging_mixin.py:115} INFO - [2023-11-25 17:31:33,092] {dag.py:2420} INFO - Sync 1 DAGs
[2023-11-25 17:31:33,124] {logging_mixin.py:115} INFO - [2023-11-25 17:31:33,124] {dag.py:2972} INFO - Setting next_dagrun for example_trigger_target_dag to None, run_after=None
[2023-11-25 17:31:33,138] {processor.py:161} INFO - Processing /home/airflow/.local/lib/python3.7/site-packages/airflow/example_dags/example_trigger_target_dag.py took 0.121 seconds
[2023-11-25 17:32:03,684] {processor.py:153} INFO - Started process (PID=478) to work on /home/airflow/.local/lib/python3.7/site-packages/airflow/example_dags/example_trigger_target_dag.py
[2023-11-25 17:32:03,685] {processor.py:641} INFO - Processing file /home/airflow/.local/lib/python3.7/site-packages/airflow/example_dags/example_trigger_target_dag.py for tasks to queue
[2023-11-25 17:32:03,686] {logging_mixin.py:115} INFO - [2023-11-25 17:32:03,686] {dagbag.py:508} INFO - Filling up the DagBag from /home/airflow/.local/lib/python3.7/site-packages/airflow/example_dags/example_trigger_target_dag.py
[2023-11-25 17:32:03,710] {processor.py:651} INFO - DAG(s) dict_keys(['example_trigger_target_dag']) retrieved from /home/airflow/.local/lib/python3.7/site-packages/airflow/example_dags/example_trigger_target_dag.py
[2023-11-25 17:32:03,753] {logging_mixin.py:115} INFO - [2023-11-25 17:32:03,753] {dag.py:2420} INFO - Sync 1 DAGs
[2023-11-25 17:32:03,782] {logging_mixin.py:115} INFO - [2023-11-25 17:32:03,782] {dag.py:2972} INFO - Setting next_dagrun for example_trigger_target_dag to None, run_after=None
[2023-11-25 17:32:03,797] {processor.py:161} INFO - Processing /home/airflow/.local/lib/python3.7/site-packages/airflow/example_dags/example_trigger_target_dag.py took 0.119 seconds
[2023-11-25 17:32:34,351] {processor.py:153} INFO - Started process (PID=539) to work on /home/airflow/.local/lib/python3.7/site-packages/airflow/example_dags/example_trigger_target_dag.py
[2023-11-25 17:32:34,352] {processor.py:641} INFO - Processing file /home/airflow/.local/lib/python3.7/site-packages/airflow/example_dags/example_trigger_target_dag.py for tasks to queue
[2023-11-25 17:32:34,352] {logging_mixin.py:115} INFO - [2023-11-25 17:32:34,352] {dagbag.py:508} INFO - Filling up the DagBag from /home/airflow/.local/lib/python3.7/site-packages/airflow/example_dags/example_trigger_target_dag.py
[2023-11-25 17:32:34,372] {processor.py:651} INFO - DAG(s) dict_keys(['example_trigger_target_dag']) retrieved from /home/airflow/.local/lib/python3.7/site-packages/airflow/example_dags/example_trigger_target_dag.py
[2023-11-25 17:32:34,413] {logging_mixin.py:115} INFO - [2023-11-25 17:32:34,412] {dag.py:2420} INFO - Sync 1 DAGs
[2023-11-25 17:32:34,440] {logging_mixin.py:115} INFO - [2023-11-25 17:32:34,440] {dag.py:2972} INFO - Setting next_dagrun for example_trigger_target_dag to None, run_after=None
[2023-11-25 17:32:34,458] {processor.py:161} INFO - Processing /home/airflow/.local/lib/python3.7/site-packages/airflow/example_dags/example_trigger_target_dag.py took 0.112 seconds
[2023-11-25 17:33:04,771] {processor.py:153} INFO - Started process (PID=591) to work on /home/airflow/.local/lib/python3.7/site-packages/airflow/example_dags/example_trigger_target_dag.py
[2023-11-25 17:33:04,772] {processor.py:641} INFO - Processing file /home/airflow/.local/lib/python3.7/site-packages/airflow/example_dags/example_trigger_target_dag.py for tasks to queue
[2023-11-25 17:33:04,773] {logging_mixin.py:115} INFO - [2023-11-25 17:33:04,773] {dagbag.py:508} INFO - Filling up the DagBag from /home/airflow/.local/lib/python3.7/site-packages/airflow/example_dags/example_trigger_target_dag.py
[2023-11-25 17:33:04,801] {processor.py:651} INFO - DAG(s) dict_keys(['example_trigger_target_dag']) retrieved from /home/airflow/.local/lib/python3.7/site-packages/airflow/example_dags/example_trigger_target_dag.py
[2023-11-25 17:33:04,852] {logging_mixin.py:115} INFO - [2023-11-25 17:33:04,852] {dag.py:2420} INFO - Sync 1 DAGs
[2023-11-25 17:33:04,895] {logging_mixin.py:115} INFO - [2023-11-25 17:33:04,895] {dag.py:2972} INFO - Setting next_dagrun for example_trigger_target_dag to None, run_after=None
[2023-11-25 17:33:04,914] {processor.py:161} INFO - Processing /home/airflow/.local/lib/python3.7/site-packages/airflow/example_dags/example_trigger_target_dag.py took 0.149 seconds
[2023-11-25 17:33:35,187] {processor.py:153} INFO - Started process (PID=652) to work on /home/airflow/.local/lib/python3.7/site-packages/airflow/example_dags/example_trigger_target_dag.py
[2023-11-25 17:33:35,188] {processor.py:641} INFO - Processing file /home/airflow/.local/lib/python3.7/site-packages/airflow/example_dags/example_trigger_target_dag.py for tasks to queue
[2023-11-25 17:33:35,188] {logging_mixin.py:115} INFO - [2023-11-25 17:33:35,188] {dagbag.py:508} INFO - Filling up the DagBag from /home/airflow/.local/lib/python3.7/site-packages/airflow/example_dags/example_trigger_target_dag.py
[2023-11-25 17:33:35,209] {processor.py:651} INFO - DAG(s) dict_keys(['example_trigger_target_dag']) retrieved from /home/airflow/.local/lib/python3.7/site-packages/airflow/example_dags/example_trigger_target_dag.py
[2023-11-25 17:33:35,253] {logging_mixin.py:115} INFO - [2023-11-25 17:33:35,253] {dag.py:2420} INFO - Sync 1 DAGs
[2023-11-25 17:33:35,288] {logging_mixin.py:115} INFO - [2023-11-25 17:33:35,288] {dag.py:2972} INFO - Setting next_dagrun for example_trigger_target_dag to None, run_after=None
[2023-11-25 17:33:35,304] {processor.py:161} INFO - Processing /home/airflow/.local/lib/python3.7/site-packages/airflow/example_dags/example_trigger_target_dag.py took 0.123 seconds
[2023-11-25 17:34:05,832] {processor.py:153} INFO - Started process (PID=713) to work on /home/airflow/.local/lib/python3.7/site-packages/airflow/example_dags/example_trigger_target_dag.py
[2023-11-25 17:34:05,833] {processor.py:641} INFO - Processing file /home/airflow/.local/lib/python3.7/site-packages/airflow/example_dags/example_trigger_target_dag.py for tasks to queue
[2023-11-25 17:34:05,834] {logging_mixin.py:115} INFO - [2023-11-25 17:34:05,834] {dagbag.py:508} INFO - Filling up the DagBag from /home/airflow/.local/lib/python3.7/site-packages/airflow/example_dags/example_trigger_target_dag.py
[2023-11-25 17:34:05,873] {processor.py:651} INFO - DAG(s) dict_keys(['example_trigger_target_dag']) retrieved from /home/airflow/.local/lib/python3.7/site-packages/airflow/example_dags/example_trigger_target_dag.py
[2023-11-25 17:34:05,935] {logging_mixin.py:115} INFO - [2023-11-25 17:34:05,935] {dag.py:2420} INFO - Sync 1 DAGs
[2023-11-25 17:34:05,992] {logging_mixin.py:115} INFO - [2023-11-25 17:34:05,991] {dag.py:2972} INFO - Setting next_dagrun for example_trigger_target_dag to None, run_after=None
[2023-11-25 17:34:06,014] {processor.py:161} INFO - Processing /home/airflow/.local/lib/python3.7/site-packages/airflow/example_dags/example_trigger_target_dag.py took 0.188 seconds
[2023-11-25 17:34:36,434] {processor.py:153} INFO - Started process (PID=765) to work on /home/airflow/.local/lib/python3.7/site-packages/airflow/example_dags/example_trigger_target_dag.py
[2023-11-25 17:34:36,435] {processor.py:641} INFO - Processing file /home/airflow/.local/lib/python3.7/site-packages/airflow/example_dags/example_trigger_target_dag.py for tasks to queue
[2023-11-25 17:34:36,436] {logging_mixin.py:115} INFO - [2023-11-25 17:34:36,436] {dagbag.py:508} INFO - Filling up the DagBag from /home/airflow/.local/lib/python3.7/site-packages/airflow/example_dags/example_trigger_target_dag.py
[2023-11-25 17:34:36,457] {processor.py:651} INFO - DAG(s) dict_keys(['example_trigger_target_dag']) retrieved from /home/airflow/.local/lib/python3.7/site-packages/airflow/example_dags/example_trigger_target_dag.py
[2023-11-25 17:34:36,496] {logging_mixin.py:115} INFO - [2023-11-25 17:34:36,496] {dag.py:2420} INFO - Sync 1 DAGs
[2023-11-25 17:34:36,539] {logging_mixin.py:115} INFO - [2023-11-25 17:34:36,539] {dag.py:2972} INFO - Setting next_dagrun for example_trigger_target_dag to None, run_after=None
[2023-11-25 17:34:36,554] {processor.py:161} INFO - Processing /home/airflow/.local/lib/python3.7/site-packages/airflow/example_dags/example_trigger_target_dag.py took 0.125 seconds
[2023-11-25 17:35:06,838] {processor.py:153} INFO - Started process (PID=826) to work on /home/airflow/.local/lib/python3.7/site-packages/airflow/example_dags/example_trigger_target_dag.py
[2023-11-25 17:35:06,838] {processor.py:641} INFO - Processing file /home/airflow/.local/lib/python3.7/site-packages/airflow/example_dags/example_trigger_target_dag.py for tasks to queue
[2023-11-25 17:35:06,839] {logging_mixin.py:115} INFO - [2023-11-25 17:35:06,839] {dagbag.py:508} INFO - Filling up the DagBag from /home/airflow/.local/lib/python3.7/site-packages/airflow/example_dags/example_trigger_target_dag.py
[2023-11-25 17:35:06,875] {processor.py:651} INFO - DAG(s) dict_keys(['example_trigger_target_dag']) retrieved from /home/airflow/.local/lib/python3.7/site-packages/airflow/example_dags/example_trigger_target_dag.py
[2023-11-25 17:35:06,921] {logging_mixin.py:115} INFO - [2023-11-25 17:35:06,921] {dag.py:2420} INFO - Sync 1 DAGs
[2023-11-25 17:35:06,950] {logging_mixin.py:115} INFO - [2023-11-25 17:35:06,950] {dag.py:2972} INFO - Setting next_dagrun for example_trigger_target_dag to None, run_after=None
[2023-11-25 17:35:06,963] {processor.py:161} INFO - Processing /home/airflow/.local/lib/python3.7/site-packages/airflow/example_dags/example_trigger_target_dag.py took 0.131 seconds
[2023-11-25 17:35:37,240] {processor.py:153} INFO - Started process (PID=878) to work on /home/airflow/.local/lib/python3.7/site-packages/airflow/example_dags/example_trigger_target_dag.py
[2023-11-25 17:35:37,241] {processor.py:641} INFO - Processing file /home/airflow/.local/lib/python3.7/site-packages/airflow/example_dags/example_trigger_target_dag.py for tasks to queue
[2023-11-25 17:35:37,242] {logging_mixin.py:115} INFO - [2023-11-25 17:35:37,242] {dagbag.py:508} INFO - Filling up the DagBag from /home/airflow/.local/lib/python3.7/site-packages/airflow/example_dags/example_trigger_target_dag.py
[2023-11-25 17:35:37,261] {processor.py:651} INFO - DAG(s) dict_keys(['example_trigger_target_dag']) retrieved from /home/airflow/.local/lib/python3.7/site-packages/airflow/example_dags/example_trigger_target_dag.py
[2023-11-25 17:35:37,337] {logging_mixin.py:115} INFO - [2023-11-25 17:35:37,337] {dag.py:2420} INFO - Sync 1 DAGs
[2023-11-25 17:35:37,385] {logging_mixin.py:115} INFO - [2023-11-25 17:35:37,385] {dag.py:2972} INFO - Setting next_dagrun for example_trigger_target_dag to None, run_after=None
[2023-11-25 17:35:37,399] {processor.py:161} INFO - Processing /home/airflow/.local/lib/python3.7/site-packages/airflow/example_dags/example_trigger_target_dag.py took 0.165 seconds
[2023-11-25 17:36:08,088] {processor.py:153} INFO - Started process (PID=940) to work on /home/airflow/.local/lib/python3.7/site-packages/airflow/example_dags/example_trigger_target_dag.py
[2023-11-25 17:36:08,090] {processor.py:641} INFO - Processing file /home/airflow/.local/lib/python3.7/site-packages/airflow/example_dags/example_trigger_target_dag.py for tasks to queue
[2023-11-25 17:36:08,091] {logging_mixin.py:115} INFO - [2023-11-25 17:36:08,091] {dagbag.py:508} INFO - Filling up the DagBag from /home/airflow/.local/lib/python3.7/site-packages/airflow/example_dags/example_trigger_target_dag.py
[2023-11-25 17:36:08,111] {processor.py:651} INFO - DAG(s) dict_keys(['example_trigger_target_dag']) retrieved from /home/airflow/.local/lib/python3.7/site-packages/airflow/example_dags/example_trigger_target_dag.py
[2023-11-25 17:36:08,158] {logging_mixin.py:115} INFO - [2023-11-25 17:36:08,158] {dag.py:2420} INFO - Sync 1 DAGs
[2023-11-25 17:36:08,186] {logging_mixin.py:115} INFO - [2023-11-25 17:36:08,186] {dag.py:2972} INFO - Setting next_dagrun for example_trigger_target_dag to None, run_after=None
[2023-11-25 17:36:08,201] {processor.py:161} INFO - Processing /home/airflow/.local/lib/python3.7/site-packages/airflow/example_dags/example_trigger_target_dag.py took 0.118 seconds
[2023-11-25 17:36:38,719] {processor.py:153} INFO - Started process (PID=1001) to work on /home/airflow/.local/lib/python3.7/site-packages/airflow/example_dags/example_trigger_target_dag.py
[2023-11-25 17:36:38,720] {processor.py:641} INFO - Processing file /home/airflow/.local/lib/python3.7/site-packages/airflow/example_dags/example_trigger_target_dag.py for tasks to queue
[2023-11-25 17:36:38,721] {logging_mixin.py:115} INFO - [2023-11-25 17:36:38,721] {dagbag.py:508} INFO - Filling up the DagBag from /home/airflow/.local/lib/python3.7/site-packages/airflow/example_dags/example_trigger_target_dag.py
[2023-11-25 17:36:38,740] {processor.py:651} INFO - DAG(s) dict_keys(['example_trigger_target_dag']) retrieved from /home/airflow/.local/lib/python3.7/site-packages/airflow/example_dags/example_trigger_target_dag.py
[2023-11-25 17:36:38,802] {logging_mixin.py:115} INFO - [2023-11-25 17:36:38,802] {dag.py:2420} INFO - Sync 1 DAGs
[2023-11-25 17:36:38,851] {logging_mixin.py:115} INFO - [2023-11-25 17:36:38,851] {dag.py:2972} INFO - Setting next_dagrun for example_trigger_target_dag to None, run_after=None
[2023-11-25 17:36:38,871] {processor.py:161} INFO - Processing /home/airflow/.local/lib/python3.7/site-packages/airflow/example_dags/example_trigger_target_dag.py took 0.157 seconds
[2023-11-25 17:37:09,016] {processor.py:153} INFO - Started process (PID=1053) to work on /home/airflow/.local/lib/python3.7/site-packages/airflow/example_dags/example_trigger_target_dag.py
[2023-11-25 17:37:09,017] {processor.py:641} INFO - Processing file /home/airflow/.local/lib/python3.7/site-packages/airflow/example_dags/example_trigger_target_dag.py for tasks to queue
[2023-11-25 17:37:09,018] {logging_mixin.py:115} INFO - [2023-11-25 17:37:09,018] {dagbag.py:508} INFO - Filling up the DagBag from /home/airflow/.local/lib/python3.7/site-packages/airflow/example_dags/example_trigger_target_dag.py
[2023-11-25 17:37:09,039] {processor.py:651} INFO - DAG(s) dict_keys(['example_trigger_target_dag']) retrieved from /home/airflow/.local/lib/python3.7/site-packages/airflow/example_dags/example_trigger_target_dag.py
[2023-11-25 17:37:09,083] {logging_mixin.py:115} INFO - [2023-11-25 17:37:09,083] {dag.py:2420} INFO - Sync 1 DAGs
[2023-11-25 17:37:09,116] {logging_mixin.py:115} INFO - [2023-11-25 17:37:09,116] {dag.py:2972} INFO - Setting next_dagrun for example_trigger_target_dag to None, run_after=None
[2023-11-25 17:37:09,134] {processor.py:161} INFO - Processing /home/airflow/.local/lib/python3.7/site-packages/airflow/example_dags/example_trigger_target_dag.py took 0.124 seconds
[2023-11-25 17:37:39,651] {processor.py:153} INFO - Started process (PID=1114) to work on /home/airflow/.local/lib/python3.7/site-packages/airflow/example_dags/example_trigger_target_dag.py
[2023-11-25 17:37:39,652] {processor.py:641} INFO - Processing file /home/airflow/.local/lib/python3.7/site-packages/airflow/example_dags/example_trigger_target_dag.py for tasks to queue
[2023-11-25 17:37:39,653] {logging_mixin.py:115} INFO - [2023-11-25 17:37:39,653] {dagbag.py:508} INFO - Filling up the DagBag from /home/airflow/.local/lib/python3.7/site-packages/airflow/example_dags/example_trigger_target_dag.py
[2023-11-25 17:37:39,673] {processor.py:651} INFO - DAG(s) dict_keys(['example_trigger_target_dag']) retrieved from /home/airflow/.local/lib/python3.7/site-packages/airflow/example_dags/example_trigger_target_dag.py
[2023-11-25 17:37:39,719] {logging_mixin.py:115} INFO - [2023-11-25 17:37:39,719] {dag.py:2420} INFO - Sync 1 DAGs
[2023-11-25 17:37:39,746] {logging_mixin.py:115} INFO - [2023-11-25 17:37:39,746] {dag.py:2972} INFO - Setting next_dagrun for example_trigger_target_dag to None, run_after=None
[2023-11-25 17:37:39,761] {processor.py:161} INFO - Processing /home/airflow/.local/lib/python3.7/site-packages/airflow/example_dags/example_trigger_target_dag.py took 0.119 seconds
[2023-11-25 17:38:10,221] {processor.py:153} INFO - Started process (PID=1174) to work on /home/airflow/.local/lib/python3.7/site-packages/airflow/example_dags/example_trigger_target_dag.py
[2023-11-25 17:38:10,222] {processor.py:641} INFO - Processing file /home/airflow/.local/lib/python3.7/site-packages/airflow/example_dags/example_trigger_target_dag.py for tasks to queue
[2023-11-25 17:38:10,223] {logging_mixin.py:115} INFO - [2023-11-25 17:38:10,223] {dagbag.py:508} INFO - Filling up the DagBag from /home/airflow/.local/lib/python3.7/site-packages/airflow/example_dags/example_trigger_target_dag.py
[2023-11-25 17:38:10,241] {processor.py:651} INFO - DAG(s) dict_keys(['example_trigger_target_dag']) retrieved from /home/airflow/.local/lib/python3.7/site-packages/airflow/example_dags/example_trigger_target_dag.py
[2023-11-25 17:38:10,281] {logging_mixin.py:115} INFO - [2023-11-25 17:38:10,280] {dag.py:2420} INFO - Sync 1 DAGs
[2023-11-25 17:38:10,313] {logging_mixin.py:115} INFO - [2023-11-25 17:38:10,313] {dag.py:2972} INFO - Setting next_dagrun for example_trigger_target_dag to None, run_after=None
[2023-11-25 17:38:10,333] {processor.py:161} INFO - Processing /home/airflow/.local/lib/python3.7/site-packages/airflow/example_dags/example_trigger_target_dag.py took 0.117 seconds
[2023-11-25 17:38:40,462] {processor.py:153} INFO - Started process (PID=1228) to work on /home/airflow/.local/lib/python3.7/site-packages/airflow/example_dags/example_trigger_target_dag.py
[2023-11-25 17:38:40,463] {processor.py:641} INFO - Processing file /home/airflow/.local/lib/python3.7/site-packages/airflow/example_dags/example_trigger_target_dag.py for tasks to queue
[2023-11-25 17:38:40,463] {logging_mixin.py:115} INFO - [2023-11-25 17:38:40,463] {dagbag.py:508} INFO - Filling up the DagBag from /home/airflow/.local/lib/python3.7/site-packages/airflow/example_dags/example_trigger_target_dag.py
[2023-11-25 17:38:40,488] {processor.py:651} INFO - DAG(s) dict_keys(['example_trigger_target_dag']) retrieved from /home/airflow/.local/lib/python3.7/site-packages/airflow/example_dags/example_trigger_target_dag.py
[2023-11-25 17:38:40,528] {logging_mixin.py:115} INFO - [2023-11-25 17:38:40,528] {dag.py:2420} INFO - Sync 1 DAGs
[2023-11-25 17:38:40,556] {logging_mixin.py:115} INFO - [2023-11-25 17:38:40,556] {dag.py:2972} INFO - Setting next_dagrun for example_trigger_target_dag to None, run_after=None
[2023-11-25 17:38:40,570] {processor.py:161} INFO - Processing /home/airflow/.local/lib/python3.7/site-packages/airflow/example_dags/example_trigger_target_dag.py took 0.113 seconds
[2023-11-25 17:39:11,334] {processor.py:153} INFO - Started process (PID=1291) to work on /home/airflow/.local/lib/python3.7/site-packages/airflow/example_dags/example_trigger_target_dag.py
[2023-11-25 17:39:11,335] {processor.py:641} INFO - Processing file /home/airflow/.local/lib/python3.7/site-packages/airflow/example_dags/example_trigger_target_dag.py for tasks to queue
[2023-11-25 17:39:11,335] {logging_mixin.py:115} INFO - [2023-11-25 17:39:11,335] {dagbag.py:508} INFO - Filling up the DagBag from /home/airflow/.local/lib/python3.7/site-packages/airflow/example_dags/example_trigger_target_dag.py
[2023-11-25 17:39:11,357] {processor.py:651} INFO - DAG(s) dict_keys(['example_trigger_target_dag']) retrieved from /home/airflow/.local/lib/python3.7/site-packages/airflow/example_dags/example_trigger_target_dag.py
[2023-11-25 17:39:11,397] {logging_mixin.py:115} INFO - [2023-11-25 17:39:11,397] {dag.py:2420} INFO - Sync 1 DAGs
[2023-11-25 17:39:11,425] {logging_mixin.py:115} INFO - [2023-11-25 17:39:11,425] {dag.py:2972} INFO - Setting next_dagrun for example_trigger_target_dag to None, run_after=None
[2023-11-25 17:39:11,438] {processor.py:161} INFO - Processing /home/airflow/.local/lib/python3.7/site-packages/airflow/example_dags/example_trigger_target_dag.py took 0.110 seconds
[2023-11-25 17:39:41,990] {processor.py:153} INFO - Started process (PID=1354) to work on /home/airflow/.local/lib/python3.7/site-packages/airflow/example_dags/example_trigger_target_dag.py
[2023-11-25 17:39:41,990] {processor.py:641} INFO - Processing file /home/airflow/.local/lib/python3.7/site-packages/airflow/example_dags/example_trigger_target_dag.py for tasks to queue
[2023-11-25 17:39:41,991] {logging_mixin.py:115} INFO - [2023-11-25 17:39:41,991] {dagbag.py:508} INFO - Filling up the DagBag from /home/airflow/.local/lib/python3.7/site-packages/airflow/example_dags/example_trigger_target_dag.py
[2023-11-25 17:39:42,032] {processor.py:651} INFO - DAG(s) dict_keys(['example_trigger_target_dag']) retrieved from /home/airflow/.local/lib/python3.7/site-packages/airflow/example_dags/example_trigger_target_dag.py
[2023-11-25 17:39:42,116] {logging_mixin.py:115} INFO - [2023-11-25 17:39:42,116] {dag.py:2420} INFO - Sync 1 DAGs
[2023-11-25 17:39:42,199] {logging_mixin.py:115} INFO - [2023-11-25 17:39:42,199] {dag.py:2972} INFO - Setting next_dagrun for example_trigger_target_dag to None, run_after=None
[2023-11-25 17:39:42,217] {processor.py:161} INFO - Processing /home/airflow/.local/lib/python3.7/site-packages/airflow/example_dags/example_trigger_target_dag.py took 0.241 seconds
[2023-11-25 17:40:12,766] {processor.py:153} INFO - Started process (PID=1407) to work on /home/airflow/.local/lib/python3.7/site-packages/airflow/example_dags/example_trigger_target_dag.py
[2023-11-25 17:40:12,766] {processor.py:641} INFO - Processing file /home/airflow/.local/lib/python3.7/site-packages/airflow/example_dags/example_trigger_target_dag.py for tasks to queue
[2023-11-25 17:40:12,767] {logging_mixin.py:115} INFO - [2023-11-25 17:40:12,767] {dagbag.py:508} INFO - Filling up the DagBag from /home/airflow/.local/lib/python3.7/site-packages/airflow/example_dags/example_trigger_target_dag.py
[2023-11-25 17:40:12,793] {processor.py:651} INFO - DAG(s) dict_keys(['example_trigger_target_dag']) retrieved from /home/airflow/.local/lib/python3.7/site-packages/airflow/example_dags/example_trigger_target_dag.py
[2023-11-25 17:40:12,835] {logging_mixin.py:115} INFO - [2023-11-25 17:40:12,835] {dag.py:2420} INFO - Sync 1 DAGs
[2023-11-25 17:40:12,874] {logging_mixin.py:115} INFO - [2023-11-25 17:40:12,874] {dag.py:2972} INFO - Setting next_dagrun for example_trigger_target_dag to None, run_after=None
[2023-11-25 17:40:12,894] {processor.py:161} INFO - Processing /home/airflow/.local/lib/python3.7/site-packages/airflow/example_dags/example_trigger_target_dag.py took 0.133 seconds
[2023-11-25 17:40:43,348] {processor.py:153} INFO - Started process (PID=1470) to work on /home/airflow/.local/lib/python3.7/site-packages/airflow/example_dags/example_trigger_target_dag.py
[2023-11-25 17:40:43,350] {processor.py:641} INFO - Processing file /home/airflow/.local/lib/python3.7/site-packages/airflow/example_dags/example_trigger_target_dag.py for tasks to queue
[2023-11-25 17:40:43,351] {logging_mixin.py:115} INFO - [2023-11-25 17:40:43,351] {dagbag.py:508} INFO - Filling up the DagBag from /home/airflow/.local/lib/python3.7/site-packages/airflow/example_dags/example_trigger_target_dag.py
[2023-11-25 17:40:43,372] {processor.py:651} INFO - DAG(s) dict_keys(['example_trigger_target_dag']) retrieved from /home/airflow/.local/lib/python3.7/site-packages/airflow/example_dags/example_trigger_target_dag.py
[2023-11-25 17:40:43,413] {logging_mixin.py:115} INFO - [2023-11-25 17:40:43,413] {dag.py:2420} INFO - Sync 1 DAGs
[2023-11-25 17:40:43,444] {logging_mixin.py:115} INFO - [2023-11-25 17:40:43,444] {dag.py:2972} INFO - Setting next_dagrun for example_trigger_target_dag to None, run_after=None
[2023-11-25 17:40:43,457] {processor.py:161} INFO - Processing /home/airflow/.local/lib/python3.7/site-packages/airflow/example_dags/example_trigger_target_dag.py took 0.114 seconds
[2023-11-25 17:41:13,921] {processor.py:153} INFO - Started process (PID=1533) to work on /home/airflow/.local/lib/python3.7/site-packages/airflow/example_dags/example_trigger_target_dag.py
[2023-11-25 17:41:13,922] {processor.py:641} INFO - Processing file /home/airflow/.local/lib/python3.7/site-packages/airflow/example_dags/example_trigger_target_dag.py for tasks to queue
[2023-11-25 17:41:13,923] {logging_mixin.py:115} INFO - [2023-11-25 17:41:13,922] {dagbag.py:508} INFO - Filling up the DagBag from /home/airflow/.local/lib/python3.7/site-packages/airflow/example_dags/example_trigger_target_dag.py
[2023-11-25 17:41:13,954] {processor.py:651} INFO - DAG(s) dict_keys(['example_trigger_target_dag']) retrieved from /home/airflow/.local/lib/python3.7/site-packages/airflow/example_dags/example_trigger_target_dag.py
[2023-11-25 17:41:14,030] {logging_mixin.py:115} INFO - [2023-11-25 17:41:14,030] {dag.py:2420} INFO - Sync 1 DAGs
[2023-11-25 17:41:14,072] {logging_mixin.py:115} INFO - [2023-11-25 17:41:14,072] {dag.py:2972} INFO - Setting next_dagrun for example_trigger_target_dag to None, run_after=None
[2023-11-25 17:41:14,085] {processor.py:161} INFO - Processing /home/airflow/.local/lib/python3.7/site-packages/airflow/example_dags/example_trigger_target_dag.py took 0.169 seconds
[2023-11-25 17:41:44,846] {processor.py:153} INFO - Started process (PID=1587) to work on /home/airflow/.local/lib/python3.7/site-packages/airflow/example_dags/example_trigger_target_dag.py
[2023-11-25 17:41:44,847] {processor.py:641} INFO - Processing file /home/airflow/.local/lib/python3.7/site-packages/airflow/example_dags/example_trigger_target_dag.py for tasks to queue
[2023-11-25 17:41:44,848] {logging_mixin.py:115} INFO - [2023-11-25 17:41:44,848] {dagbag.py:508} INFO - Filling up the DagBag from /home/airflow/.local/lib/python3.7/site-packages/airflow/example_dags/example_trigger_target_dag.py
[2023-11-25 17:41:44,867] {processor.py:651} INFO - DAG(s) dict_keys(['example_trigger_target_dag']) retrieved from /home/airflow/.local/lib/python3.7/site-packages/airflow/example_dags/example_trigger_target_dag.py
[2023-11-25 17:41:44,911] {logging_mixin.py:115} INFO - [2023-11-25 17:41:44,911] {dag.py:2420} INFO - Sync 1 DAGs
[2023-11-25 17:41:44,946] {logging_mixin.py:115} INFO - [2023-11-25 17:41:44,946] {dag.py:2972} INFO - Setting next_dagrun for example_trigger_target_dag to None, run_after=None
[2023-11-25 17:41:44,960] {processor.py:161} INFO - Processing /home/airflow/.local/lib/python3.7/site-packages/airflow/example_dags/example_trigger_target_dag.py took 0.119 seconds
[2023-11-25 17:42:15,792] {processor.py:153} INFO - Started process (PID=1649) to work on /home/airflow/.local/lib/python3.7/site-packages/airflow/example_dags/example_trigger_target_dag.py
[2023-11-25 17:42:15,793] {processor.py:641} INFO - Processing file /home/airflow/.local/lib/python3.7/site-packages/airflow/example_dags/example_trigger_target_dag.py for tasks to queue
[2023-11-25 17:42:15,794] {logging_mixin.py:115} INFO - [2023-11-25 17:42:15,794] {dagbag.py:508} INFO - Filling up the DagBag from /home/airflow/.local/lib/python3.7/site-packages/airflow/example_dags/example_trigger_target_dag.py
[2023-11-25 17:42:15,817] {processor.py:651} INFO - DAG(s) dict_keys(['example_trigger_target_dag']) retrieved from /home/airflow/.local/lib/python3.7/site-packages/airflow/example_dags/example_trigger_target_dag.py
[2023-11-25 17:42:15,872] {logging_mixin.py:115} INFO - [2023-11-25 17:42:15,872] {dag.py:2420} INFO - Sync 1 DAGs
[2023-11-25 17:42:15,899] {logging_mixin.py:115} INFO - [2023-11-25 17:42:15,899] {dag.py:2972} INFO - Setting next_dagrun for example_trigger_target_dag to None, run_after=None
[2023-11-25 17:42:15,920] {processor.py:161} INFO - Processing /home/airflow/.local/lib/python3.7/site-packages/airflow/example_dags/example_trigger_target_dag.py took 0.132 seconds
[2023-11-25 17:42:46,216] {processor.py:153} INFO - Started process (PID=1712) to work on /home/airflow/.local/lib/python3.7/site-packages/airflow/example_dags/example_trigger_target_dag.py
[2023-11-25 17:42:46,217] {processor.py:641} INFO - Processing file /home/airflow/.local/lib/python3.7/site-packages/airflow/example_dags/example_trigger_target_dag.py for tasks to queue
[2023-11-25 17:42:46,218] {logging_mixin.py:115} INFO - [2023-11-25 17:42:46,218] {dagbag.py:508} INFO - Filling up the DagBag from /home/airflow/.local/lib/python3.7/site-packages/airflow/example_dags/example_trigger_target_dag.py
[2023-11-25 17:42:46,250] {processor.py:651} INFO - DAG(s) dict_keys(['example_trigger_target_dag']) retrieved from /home/airflow/.local/lib/python3.7/site-packages/airflow/example_dags/example_trigger_target_dag.py
[2023-11-25 17:42:46,298] {logging_mixin.py:115} INFO - [2023-11-25 17:42:46,298] {dag.py:2420} INFO - Sync 1 DAGs
[2023-11-25 17:42:46,334] {logging_mixin.py:115} INFO - [2023-11-25 17:42:46,334] {dag.py:2972} INFO - Setting next_dagrun for example_trigger_target_dag to None, run_after=None
[2023-11-25 17:42:46,353] {processor.py:161} INFO - Processing /home/airflow/.local/lib/python3.7/site-packages/airflow/example_dags/example_trigger_target_dag.py took 0.142 seconds
[2023-11-25 17:43:16,893] {processor.py:153} INFO - Started process (PID=1766) to work on /home/airflow/.local/lib/python3.7/site-packages/airflow/example_dags/example_trigger_target_dag.py
[2023-11-25 17:43:16,894] {processor.py:641} INFO - Processing file /home/airflow/.local/lib/python3.7/site-packages/airflow/example_dags/example_trigger_target_dag.py for tasks to queue
[2023-11-25 17:43:16,895] {logging_mixin.py:115} INFO - [2023-11-25 17:43:16,895] {dagbag.py:508} INFO - Filling up the DagBag from /home/airflow/.local/lib/python3.7/site-packages/airflow/example_dags/example_trigger_target_dag.py
[2023-11-25 17:43:16,914] {processor.py:651} INFO - DAG(s) dict_keys(['example_trigger_target_dag']) retrieved from /home/airflow/.local/lib/python3.7/site-packages/airflow/example_dags/example_trigger_target_dag.py
[2023-11-25 17:43:16,954] {logging_mixin.py:115} INFO - [2023-11-25 17:43:16,954] {dag.py:2420} INFO - Sync 1 DAGs
[2023-11-25 17:43:16,983] {logging_mixin.py:115} INFO - [2023-11-25 17:43:16,983] {dag.py:2972} INFO - Setting next_dagrun for example_trigger_target_dag to None, run_after=None
[2023-11-25 17:43:16,996] {processor.py:161} INFO - Processing /home/airflow/.local/lib/python3.7/site-packages/airflow/example_dags/example_trigger_target_dag.py took 0.108 seconds
[2023-11-25 17:43:47,613] {processor.py:153} INFO - Started process (PID=1829) to work on /home/airflow/.local/lib/python3.7/site-packages/airflow/example_dags/example_trigger_target_dag.py
[2023-11-25 17:43:47,614] {processor.py:641} INFO - Processing file /home/airflow/.local/lib/python3.7/site-packages/airflow/example_dags/example_trigger_target_dag.py for tasks to queue
[2023-11-25 17:43:47,615] {logging_mixin.py:115} INFO - [2023-11-25 17:43:47,615] {dagbag.py:508} INFO - Filling up the DagBag from /home/airflow/.local/lib/python3.7/site-packages/airflow/example_dags/example_trigger_target_dag.py
[2023-11-25 17:43:47,641] {processor.py:651} INFO - DAG(s) dict_keys(['example_trigger_target_dag']) retrieved from /home/airflow/.local/lib/python3.7/site-packages/airflow/example_dags/example_trigger_target_dag.py
[2023-11-25 17:43:47,694] {logging_mixin.py:115} INFO - [2023-11-25 17:43:47,694] {dag.py:2420} INFO - Sync 1 DAGs
[2023-11-25 17:43:47,726] {logging_mixin.py:115} INFO - [2023-11-25 17:43:47,726] {dag.py:2972} INFO - Setting next_dagrun for example_trigger_target_dag to None, run_after=None
[2023-11-25 17:43:47,739] {processor.py:161} INFO - Processing /home/airflow/.local/lib/python3.7/site-packages/airflow/example_dags/example_trigger_target_dag.py took 0.136 seconds
[2023-11-25 17:44:18,299] {processor.py:153} INFO - Started process (PID=1886) to work on /home/airflow/.local/lib/python3.7/site-packages/airflow/example_dags/example_trigger_target_dag.py
[2023-11-25 17:44:18,300] {processor.py:641} INFO - Processing file /home/airflow/.local/lib/python3.7/site-packages/airflow/example_dags/example_trigger_target_dag.py for tasks to queue
[2023-11-25 17:44:18,301] {logging_mixin.py:115} INFO - [2023-11-25 17:44:18,301] {dagbag.py:508} INFO - Filling up the DagBag from /home/airflow/.local/lib/python3.7/site-packages/airflow/example_dags/example_trigger_target_dag.py
[2023-11-25 17:44:18,336] {processor.py:651} INFO - DAG(s) dict_keys(['example_trigger_target_dag']) retrieved from /home/airflow/.local/lib/python3.7/site-packages/airflow/example_dags/example_trigger_target_dag.py
[2023-11-25 17:44:18,402] {logging_mixin.py:115} INFO - [2023-11-25 17:44:18,402] {dag.py:2420} INFO - Sync 1 DAGs
[2023-11-25 17:44:18,452] {logging_mixin.py:115} INFO - [2023-11-25 17:44:18,451] {dag.py:2972} INFO - Setting next_dagrun for example_trigger_target_dag to None, run_after=None
[2023-11-25 17:44:18,464] {processor.py:161} INFO - Processing /home/airflow/.local/lib/python3.7/site-packages/airflow/example_dags/example_trigger_target_dag.py took 0.171 seconds
[2023-11-25 17:44:49,282] {processor.py:153} INFO - Started process (PID=1949) to work on /home/airflow/.local/lib/python3.7/site-packages/airflow/example_dags/example_trigger_target_dag.py
[2023-11-25 17:44:49,283] {processor.py:641} INFO - Processing file /home/airflow/.local/lib/python3.7/site-packages/airflow/example_dags/example_trigger_target_dag.py for tasks to queue
[2023-11-25 17:44:49,284] {logging_mixin.py:115} INFO - [2023-11-25 17:44:49,284] {dagbag.py:508} INFO - Filling up the DagBag from /home/airflow/.local/lib/python3.7/site-packages/airflow/example_dags/example_trigger_target_dag.py
[2023-11-25 17:44:49,307] {processor.py:651} INFO - DAG(s) dict_keys(['example_trigger_target_dag']) retrieved from /home/airflow/.local/lib/python3.7/site-packages/airflow/example_dags/example_trigger_target_dag.py
[2023-11-25 17:44:49,344] {logging_mixin.py:115} INFO - [2023-11-25 17:44:49,344] {dag.py:2420} INFO - Sync 1 DAGs
[2023-11-25 17:44:49,381] {logging_mixin.py:115} INFO - [2023-11-25 17:44:49,381] {dag.py:2972} INFO - Setting next_dagrun for example_trigger_target_dag to None, run_after=None
[2023-11-25 17:44:49,398] {processor.py:161} INFO - Processing /home/airflow/.local/lib/python3.7/site-packages/airflow/example_dags/example_trigger_target_dag.py took 0.121 seconds
[2023-11-25 17:45:19,879] {processor.py:153} INFO - Started process (PID=2012) to work on /home/airflow/.local/lib/python3.7/site-packages/airflow/example_dags/example_trigger_target_dag.py
[2023-11-25 17:45:19,880] {processor.py:641} INFO - Processing file /home/airflow/.local/lib/python3.7/site-packages/airflow/example_dags/example_trigger_target_dag.py for tasks to queue
[2023-11-25 17:45:19,881] {logging_mixin.py:115} INFO - [2023-11-25 17:45:19,881] {dagbag.py:508} INFO - Filling up the DagBag from /home/airflow/.local/lib/python3.7/site-packages/airflow/example_dags/example_trigger_target_dag.py
[2023-11-25 17:45:19,902] {processor.py:651} INFO - DAG(s) dict_keys(['example_trigger_target_dag']) retrieved from /home/airflow/.local/lib/python3.7/site-packages/airflow/example_dags/example_trigger_target_dag.py
[2023-11-25 17:45:19,957] {logging_mixin.py:115} INFO - [2023-11-25 17:45:19,957] {dag.py:2420} INFO - Sync 1 DAGs
[2023-11-25 17:45:19,990] {logging_mixin.py:115} INFO - [2023-11-25 17:45:19,990] {dag.py:2972} INFO - Setting next_dagrun for example_trigger_target_dag to None, run_after=None
[2023-11-25 17:45:20,013] {processor.py:161} INFO - Processing /home/airflow/.local/lib/python3.7/site-packages/airflow/example_dags/example_trigger_target_dag.py took 0.139 seconds
[2023-11-25 17:45:50,726] {processor.py:153} INFO - Started process (PID=2066) to work on /home/airflow/.local/lib/python3.7/site-packages/airflow/example_dags/example_trigger_target_dag.py
[2023-11-25 17:45:50,727] {processor.py:641} INFO - Processing file /home/airflow/.local/lib/python3.7/site-packages/airflow/example_dags/example_trigger_target_dag.py for tasks to queue
[2023-11-25 17:45:50,727] {logging_mixin.py:115} INFO - [2023-11-25 17:45:50,727] {dagbag.py:508} INFO - Filling up the DagBag from /home/airflow/.local/lib/python3.7/site-packages/airflow/example_dags/example_trigger_target_dag.py
[2023-11-25 17:45:50,747] {processor.py:651} INFO - DAG(s) dict_keys(['example_trigger_target_dag']) retrieved from /home/airflow/.local/lib/python3.7/site-packages/airflow/example_dags/example_trigger_target_dag.py
[2023-11-25 17:45:50,789] {logging_mixin.py:115} INFO - [2023-11-25 17:45:50,789] {dag.py:2420} INFO - Sync 1 DAGs
[2023-11-25 17:45:50,817] {logging_mixin.py:115} INFO - [2023-11-25 17:45:50,817] {dag.py:2972} INFO - Setting next_dagrun for example_trigger_target_dag to None, run_after=None
[2023-11-25 17:45:50,830] {processor.py:161} INFO - Processing /home/airflow/.local/lib/python3.7/site-packages/airflow/example_dags/example_trigger_target_dag.py took 0.109 seconds
[2023-11-25 17:46:20,906] {processor.py:153} INFO - Started process (PID=2128) to work on /home/airflow/.local/lib/python3.7/site-packages/airflow/example_dags/example_trigger_target_dag.py
[2023-11-25 17:46:20,907] {processor.py:641} INFO - Processing file /home/airflow/.local/lib/python3.7/site-packages/airflow/example_dags/example_trigger_target_dag.py for tasks to queue
[2023-11-25 17:46:20,907] {logging_mixin.py:115} INFO - [2023-11-25 17:46:20,907] {dagbag.py:508} INFO - Filling up the DagBag from /home/airflow/.local/lib/python3.7/site-packages/airflow/example_dags/example_trigger_target_dag.py
[2023-11-25 17:46:20,927] {processor.py:651} INFO - DAG(s) dict_keys(['example_trigger_target_dag']) retrieved from /home/airflow/.local/lib/python3.7/site-packages/airflow/example_dags/example_trigger_target_dag.py
[2023-11-25 17:46:20,965] {logging_mixin.py:115} INFO - [2023-11-25 17:46:20,965] {dag.py:2420} INFO - Sync 1 DAGs
[2023-11-25 17:46:21,002] {logging_mixin.py:115} INFO - [2023-11-25 17:46:21,002] {dag.py:2972} INFO - Setting next_dagrun for example_trigger_target_dag to None, run_after=None
[2023-11-25 17:46:21,031] {processor.py:161} INFO - Processing /home/airflow/.local/lib/python3.7/site-packages/airflow/example_dags/example_trigger_target_dag.py took 0.130 seconds
[2023-11-25 17:46:51,456] {processor.py:153} INFO - Started process (PID=2191) to work on /home/airflow/.local/lib/python3.7/site-packages/airflow/example_dags/example_trigger_target_dag.py
[2023-11-25 17:46:51,456] {processor.py:641} INFO - Processing file /home/airflow/.local/lib/python3.7/site-packages/airflow/example_dags/example_trigger_target_dag.py for tasks to queue
[2023-11-25 17:46:51,457] {logging_mixin.py:115} INFO - [2023-11-25 17:46:51,457] {dagbag.py:508} INFO - Filling up the DagBag from /home/airflow/.local/lib/python3.7/site-packages/airflow/example_dags/example_trigger_target_dag.py
[2023-11-25 17:46:51,481] {processor.py:651} INFO - DAG(s) dict_keys(['example_trigger_target_dag']) retrieved from /home/airflow/.local/lib/python3.7/site-packages/airflow/example_dags/example_trigger_target_dag.py
[2023-11-25 17:46:51,558] {logging_mixin.py:115} INFO - [2023-11-25 17:46:51,558] {dag.py:2420} INFO - Sync 1 DAGs
[2023-11-25 17:46:51,602] {logging_mixin.py:115} INFO - [2023-11-25 17:46:51,602] {dag.py:2972} INFO - Setting next_dagrun for example_trigger_target_dag to None, run_after=None
[2023-11-25 17:46:51,617] {processor.py:161} INFO - Processing /home/airflow/.local/lib/python3.7/site-packages/airflow/example_dags/example_trigger_target_dag.py took 0.166 seconds
[2023-11-25 17:47:22,022] {processor.py:153} INFO - Started process (PID=2245) to work on /home/airflow/.local/lib/python3.7/site-packages/airflow/example_dags/example_trigger_target_dag.py
[2023-11-25 17:47:22,023] {processor.py:641} INFO - Processing file /home/airflow/.local/lib/python3.7/site-packages/airflow/example_dags/example_trigger_target_dag.py for tasks to queue
[2023-11-25 17:47:22,023] {logging_mixin.py:115} INFO - [2023-11-25 17:47:22,023] {dagbag.py:508} INFO - Filling up the DagBag from /home/airflow/.local/lib/python3.7/site-packages/airflow/example_dags/example_trigger_target_dag.py
[2023-11-25 17:47:22,046] {processor.py:651} INFO - DAG(s) dict_keys(['example_trigger_target_dag']) retrieved from /home/airflow/.local/lib/python3.7/site-packages/airflow/example_dags/example_trigger_target_dag.py
[2023-11-25 17:47:22,089] {logging_mixin.py:115} INFO - [2023-11-25 17:47:22,089] {dag.py:2420} INFO - Sync 1 DAGs
[2023-11-25 17:47:22,122] {logging_mixin.py:115} INFO - [2023-11-25 17:47:22,122] {dag.py:2972} INFO - Setting next_dagrun for example_trigger_target_dag to None, run_after=None
[2023-11-25 17:47:22,136] {processor.py:161} INFO - Processing /home/airflow/.local/lib/python3.7/site-packages/airflow/example_dags/example_trigger_target_dag.py took 0.119 seconds
[2023-11-25 17:47:52,450] {processor.py:153} INFO - Started process (PID=2308) to work on /home/airflow/.local/lib/python3.7/site-packages/airflow/example_dags/example_trigger_target_dag.py
[2023-11-25 17:47:52,450] {processor.py:641} INFO - Processing file /home/airflow/.local/lib/python3.7/site-packages/airflow/example_dags/example_trigger_target_dag.py for tasks to queue
[2023-11-25 17:47:52,451] {logging_mixin.py:115} INFO - [2023-11-25 17:47:52,451] {dagbag.py:508} INFO - Filling up the DagBag from /home/airflow/.local/lib/python3.7/site-packages/airflow/example_dags/example_trigger_target_dag.py
[2023-11-25 17:47:52,470] {processor.py:651} INFO - DAG(s) dict_keys(['example_trigger_target_dag']) retrieved from /home/airflow/.local/lib/python3.7/site-packages/airflow/example_dags/example_trigger_target_dag.py
[2023-11-25 17:47:52,512] {logging_mixin.py:115} INFO - [2023-11-25 17:47:52,512] {dag.py:2420} INFO - Sync 1 DAGs
[2023-11-25 17:47:52,540] {logging_mixin.py:115} INFO - [2023-11-25 17:47:52,540] {dag.py:2972} INFO - Setting next_dagrun for example_trigger_target_dag to None, run_after=None
[2023-11-25 17:47:52,557] {processor.py:161} INFO - Processing /home/airflow/.local/lib/python3.7/site-packages/airflow/example_dags/example_trigger_target_dag.py took 0.112 seconds
[2023-11-25 17:48:23,292] {processor.py:153} INFO - Started process (PID=2369) to work on /home/airflow/.local/lib/python3.7/site-packages/airflow/example_dags/example_trigger_target_dag.py
[2023-11-25 17:48:23,292] {processor.py:641} INFO - Processing file /home/airflow/.local/lib/python3.7/site-packages/airflow/example_dags/example_trigger_target_dag.py for tasks to queue
[2023-11-25 17:48:23,293] {logging_mixin.py:115} INFO - [2023-11-25 17:48:23,293] {dagbag.py:508} INFO - Filling up the DagBag from /home/airflow/.local/lib/python3.7/site-packages/airflow/example_dags/example_trigger_target_dag.py
[2023-11-25 17:48:23,320] {processor.py:651} INFO - DAG(s) dict_keys(['example_trigger_target_dag']) retrieved from /home/airflow/.local/lib/python3.7/site-packages/airflow/example_dags/example_trigger_target_dag.py
[2023-11-25 17:48:23,410] {logging_mixin.py:115} INFO - [2023-11-25 17:48:23,410] {dag.py:2420} INFO - Sync 1 DAGs
[2023-11-25 17:48:23,511] {logging_mixin.py:115} INFO - [2023-11-25 17:48:23,511] {dag.py:2972} INFO - Setting next_dagrun for example_trigger_target_dag to None, run_after=None
[2023-11-25 17:48:23,550] {processor.py:161} INFO - Processing /home/airflow/.local/lib/python3.7/site-packages/airflow/example_dags/example_trigger_target_dag.py took 0.268 seconds
[2023-11-25 17:48:53,672] {processor.py:153} INFO - Started process (PID=2429) to work on /home/airflow/.local/lib/python3.7/site-packages/airflow/example_dags/example_trigger_target_dag.py
[2023-11-25 17:48:53,673] {processor.py:641} INFO - Processing file /home/airflow/.local/lib/python3.7/site-packages/airflow/example_dags/example_trigger_target_dag.py for tasks to queue
[2023-11-25 17:48:53,674] {logging_mixin.py:115} INFO - [2023-11-25 17:48:53,674] {dagbag.py:508} INFO - Filling up the DagBag from /home/airflow/.local/lib/python3.7/site-packages/airflow/example_dags/example_trigger_target_dag.py
[2023-11-25 17:48:53,711] {processor.py:651} INFO - DAG(s) dict_keys(['example_trigger_target_dag']) retrieved from /home/airflow/.local/lib/python3.7/site-packages/airflow/example_dags/example_trigger_target_dag.py
[2023-11-25 17:48:53,812] {logging_mixin.py:115} INFO - [2023-11-25 17:48:53,811] {dag.py:2420} INFO - Sync 1 DAGs
[2023-11-25 17:48:53,873] {logging_mixin.py:115} INFO - [2023-11-25 17:48:53,873] {dag.py:2972} INFO - Setting next_dagrun for example_trigger_target_dag to None, run_after=None
[2023-11-25 17:48:53,898] {processor.py:161} INFO - Processing /home/airflow/.local/lib/python3.7/site-packages/airflow/example_dags/example_trigger_target_dag.py took 0.231 seconds
[2023-11-25 17:49:24,547] {processor.py:153} INFO - Started process (PID=2492) to work on /home/airflow/.local/lib/python3.7/site-packages/airflow/example_dags/example_trigger_target_dag.py
[2023-11-25 17:49:24,550] {processor.py:641} INFO - Processing file /home/airflow/.local/lib/python3.7/site-packages/airflow/example_dags/example_trigger_target_dag.py for tasks to queue
[2023-11-25 17:49:24,551] {logging_mixin.py:115} INFO - [2023-11-25 17:49:24,551] {dagbag.py:508} INFO - Filling up the DagBag from /home/airflow/.local/lib/python3.7/site-packages/airflow/example_dags/example_trigger_target_dag.py
[2023-11-25 17:49:24,570] {processor.py:651} INFO - DAG(s) dict_keys(['example_trigger_target_dag']) retrieved from /home/airflow/.local/lib/python3.7/site-packages/airflow/example_dags/example_trigger_target_dag.py
[2023-11-25 17:49:24,614] {logging_mixin.py:115} INFO - [2023-11-25 17:49:24,614] {dag.py:2420} INFO - Sync 1 DAGs
[2023-11-25 17:49:24,645] {logging_mixin.py:115} INFO - [2023-11-25 17:49:24,645] {dag.py:2972} INFO - Setting next_dagrun for example_trigger_target_dag to None, run_after=None
[2023-11-25 17:49:24,658] {processor.py:161} INFO - Processing /home/airflow/.local/lib/python3.7/site-packages/airflow/example_dags/example_trigger_target_dag.py took 0.116 seconds
[2023-11-25 17:49:54,859] {processor.py:153} INFO - Started process (PID=2546) to work on /home/airflow/.local/lib/python3.7/site-packages/airflow/example_dags/example_trigger_target_dag.py
[2023-11-25 17:49:54,860] {processor.py:641} INFO - Processing file /home/airflow/.local/lib/python3.7/site-packages/airflow/example_dags/example_trigger_target_dag.py for tasks to queue
[2023-11-25 17:49:54,860] {logging_mixin.py:115} INFO - [2023-11-25 17:49:54,860] {dagbag.py:508} INFO - Filling up the DagBag from /home/airflow/.local/lib/python3.7/site-packages/airflow/example_dags/example_trigger_target_dag.py
[2023-11-25 17:49:54,880] {processor.py:651} INFO - DAG(s) dict_keys(['example_trigger_target_dag']) retrieved from /home/airflow/.local/lib/python3.7/site-packages/airflow/example_dags/example_trigger_target_dag.py
[2023-11-25 17:49:54,950] {logging_mixin.py:115} INFO - [2023-11-25 17:49:54,950] {dag.py:2420} INFO - Sync 1 DAGs
[2023-11-25 17:49:54,995] {logging_mixin.py:115} INFO - [2023-11-25 17:49:54,995] {dag.py:2972} INFO - Setting next_dagrun for example_trigger_target_dag to None, run_after=None
[2023-11-25 17:49:55,014] {processor.py:161} INFO - Processing /home/airflow/.local/lib/python3.7/site-packages/airflow/example_dags/example_trigger_target_dag.py took 0.161 seconds
[2023-11-25 17:50:25,230] {processor.py:153} INFO - Started process (PID=2609) to work on /home/airflow/.local/lib/python3.7/site-packages/airflow/example_dags/example_trigger_target_dag.py
[2023-11-25 17:50:25,231] {processor.py:641} INFO - Processing file /home/airflow/.local/lib/python3.7/site-packages/airflow/example_dags/example_trigger_target_dag.py for tasks to queue
[2023-11-25 17:50:25,231] {logging_mixin.py:115} INFO - [2023-11-25 17:50:25,231] {dagbag.py:508} INFO - Filling up the DagBag from /home/airflow/.local/lib/python3.7/site-packages/airflow/example_dags/example_trigger_target_dag.py
[2023-11-25 17:50:25,250] {processor.py:651} INFO - DAG(s) dict_keys(['example_trigger_target_dag']) retrieved from /home/airflow/.local/lib/python3.7/site-packages/airflow/example_dags/example_trigger_target_dag.py
[2023-11-25 17:50:25,287] {logging_mixin.py:115} INFO - [2023-11-25 17:50:25,287] {dag.py:2420} INFO - Sync 1 DAGs
[2023-11-25 17:50:25,315] {logging_mixin.py:115} INFO - [2023-11-25 17:50:25,315] {dag.py:2972} INFO - Setting next_dagrun for example_trigger_target_dag to None, run_after=None
[2023-11-25 17:50:25,337] {processor.py:161} INFO - Processing /home/airflow/.local/lib/python3.7/site-packages/airflow/example_dags/example_trigger_target_dag.py took 0.116 seconds
[2023-11-25 17:50:55,860] {processor.py:153} INFO - Started process (PID=2671) to work on /home/airflow/.local/lib/python3.7/site-packages/airflow/example_dags/example_trigger_target_dag.py
[2023-11-25 17:50:55,861] {processor.py:641} INFO - Processing file /home/airflow/.local/lib/python3.7/site-packages/airflow/example_dags/example_trigger_target_dag.py for tasks to queue
[2023-11-25 17:50:55,862] {logging_mixin.py:115} INFO - [2023-11-25 17:50:55,862] {dagbag.py:508} INFO - Filling up the DagBag from /home/airflow/.local/lib/python3.7/site-packages/airflow/example_dags/example_trigger_target_dag.py
[2023-11-25 17:50:55,881] {processor.py:651} INFO - DAG(s) dict_keys(['example_trigger_target_dag']) retrieved from /home/airflow/.local/lib/python3.7/site-packages/airflow/example_dags/example_trigger_target_dag.py
[2023-11-25 17:50:55,920] {logging_mixin.py:115} INFO - [2023-11-25 17:50:55,920] {dag.py:2420} INFO - Sync 1 DAGs
[2023-11-25 17:50:55,947] {logging_mixin.py:115} INFO - [2023-11-25 17:50:55,947] {dag.py:2972} INFO - Setting next_dagrun for example_trigger_target_dag to None, run_after=None
[2023-11-25 17:50:55,960] {processor.py:161} INFO - Processing /home/airflow/.local/lib/python3.7/site-packages/airflow/example_dags/example_trigger_target_dag.py took 0.105 seconds
[2023-11-25 17:51:26,283] {processor.py:153} INFO - Started process (PID=2724) to work on /home/airflow/.local/lib/python3.7/site-packages/airflow/example_dags/example_trigger_target_dag.py
[2023-11-25 17:51:26,284] {processor.py:641} INFO - Processing file /home/airflow/.local/lib/python3.7/site-packages/airflow/example_dags/example_trigger_target_dag.py for tasks to queue
[2023-11-25 17:51:26,285] {logging_mixin.py:115} INFO - [2023-11-25 17:51:26,285] {dagbag.py:508} INFO - Filling up the DagBag from /home/airflow/.local/lib/python3.7/site-packages/airflow/example_dags/example_trigger_target_dag.py
[2023-11-25 17:51:26,304] {processor.py:651} INFO - DAG(s) dict_keys(['example_trigger_target_dag']) retrieved from /home/airflow/.local/lib/python3.7/site-packages/airflow/example_dags/example_trigger_target_dag.py
[2023-11-25 17:51:26,342] {logging_mixin.py:115} INFO - [2023-11-25 17:51:26,342] {dag.py:2420} INFO - Sync 1 DAGs
[2023-11-25 17:51:26,372] {logging_mixin.py:115} INFO - [2023-11-25 17:51:26,371] {dag.py:2972} INFO - Setting next_dagrun for example_trigger_target_dag to None, run_after=None
[2023-11-25 17:51:26,384] {processor.py:161} INFO - Processing /home/airflow/.local/lib/python3.7/site-packages/airflow/example_dags/example_trigger_target_dag.py took 0.107 seconds
[2023-11-25 17:51:56,743] {processor.py:153} INFO - Started process (PID=2786) to work on /home/airflow/.local/lib/python3.7/site-packages/airflow/example_dags/example_trigger_target_dag.py
[2023-11-25 17:51:56,744] {processor.py:641} INFO - Processing file /home/airflow/.local/lib/python3.7/site-packages/airflow/example_dags/example_trigger_target_dag.py for tasks to queue
[2023-11-25 17:51:56,745] {logging_mixin.py:115} INFO - [2023-11-25 17:51:56,744] {dagbag.py:508} INFO - Filling up the DagBag from /home/airflow/.local/lib/python3.7/site-packages/airflow/example_dags/example_trigger_target_dag.py
[2023-11-25 17:51:56,766] {processor.py:651} INFO - DAG(s) dict_keys(['example_trigger_target_dag']) retrieved from /home/airflow/.local/lib/python3.7/site-packages/airflow/example_dags/example_trigger_target_dag.py
[2023-11-25 17:51:56,808] {logging_mixin.py:115} INFO - [2023-11-25 17:51:56,807] {dag.py:2420} INFO - Sync 1 DAGs
[2023-11-25 17:51:56,837] {logging_mixin.py:115} INFO - [2023-11-25 17:51:56,837] {dag.py:2972} INFO - Setting next_dagrun for example_trigger_target_dag to None, run_after=None
[2023-11-25 17:51:56,853] {processor.py:161} INFO - Processing /home/airflow/.local/lib/python3.7/site-packages/airflow/example_dags/example_trigger_target_dag.py took 0.116 seconds
[2023-11-25 17:52:27,263] {processor.py:153} INFO - Started process (PID=2839) to work on /home/airflow/.local/lib/python3.7/site-packages/airflow/example_dags/example_trigger_target_dag.py
[2023-11-25 17:52:27,264] {processor.py:641} INFO - Processing file /home/airflow/.local/lib/python3.7/site-packages/airflow/example_dags/example_trigger_target_dag.py for tasks to queue
[2023-11-25 17:52:27,265] {logging_mixin.py:115} INFO - [2023-11-25 17:52:27,265] {dagbag.py:508} INFO - Filling up the DagBag from /home/airflow/.local/lib/python3.7/site-packages/airflow/example_dags/example_trigger_target_dag.py
[2023-11-25 17:52:27,285] {processor.py:651} INFO - DAG(s) dict_keys(['example_trigger_target_dag']) retrieved from /home/airflow/.local/lib/python3.7/site-packages/airflow/example_dags/example_trigger_target_dag.py
[2023-11-25 17:52:27,328] {logging_mixin.py:115} INFO - [2023-11-25 17:52:27,328] {dag.py:2420} INFO - Sync 1 DAGs
[2023-11-25 17:52:27,359] {logging_mixin.py:115} INFO - [2023-11-25 17:52:27,359] {dag.py:2972} INFO - Setting next_dagrun for example_trigger_target_dag to None, run_after=None
[2023-11-25 17:52:27,373] {processor.py:161} INFO - Processing /home/airflow/.local/lib/python3.7/site-packages/airflow/example_dags/example_trigger_target_dag.py took 0.116 seconds
[2023-11-25 17:52:58,020] {processor.py:153} INFO - Started process (PID=2901) to work on /home/airflow/.local/lib/python3.7/site-packages/airflow/example_dags/example_trigger_target_dag.py
[2023-11-25 17:52:58,022] {processor.py:641} INFO - Processing file /home/airflow/.local/lib/python3.7/site-packages/airflow/example_dags/example_trigger_target_dag.py for tasks to queue
[2023-11-25 17:52:58,022] {logging_mixin.py:115} INFO - [2023-11-25 17:52:58,022] {dagbag.py:508} INFO - Filling up the DagBag from /home/airflow/.local/lib/python3.7/site-packages/airflow/example_dags/example_trigger_target_dag.py
[2023-11-25 17:52:58,044] {processor.py:651} INFO - DAG(s) dict_keys(['example_trigger_target_dag']) retrieved from /home/airflow/.local/lib/python3.7/site-packages/airflow/example_dags/example_trigger_target_dag.py
[2023-11-25 17:52:58,096] {logging_mixin.py:115} INFO - [2023-11-25 17:52:58,095] {dag.py:2420} INFO - Sync 1 DAGs
[2023-11-25 17:52:58,137] {logging_mixin.py:115} INFO - [2023-11-25 17:52:58,137] {dag.py:2972} INFO - Setting next_dagrun for example_trigger_target_dag to None, run_after=None
[2023-11-25 17:52:58,155] {processor.py:161} INFO - Processing /home/airflow/.local/lib/python3.7/site-packages/airflow/example_dags/example_trigger_target_dag.py took 0.140 seconds
[2023-11-25 17:53:28,665] {processor.py:153} INFO - Started process (PID=2964) to work on /home/airflow/.local/lib/python3.7/site-packages/airflow/example_dags/example_trigger_target_dag.py
[2023-11-25 17:53:28,666] {processor.py:641} INFO - Processing file /home/airflow/.local/lib/python3.7/site-packages/airflow/example_dags/example_trigger_target_dag.py for tasks to queue
[2023-11-25 17:53:28,667] {logging_mixin.py:115} INFO - [2023-11-25 17:53:28,666] {dagbag.py:508} INFO - Filling up the DagBag from /home/airflow/.local/lib/python3.7/site-packages/airflow/example_dags/example_trigger_target_dag.py
[2023-11-25 17:53:28,687] {processor.py:651} INFO - DAG(s) dict_keys(['example_trigger_target_dag']) retrieved from /home/airflow/.local/lib/python3.7/site-packages/airflow/example_dags/example_trigger_target_dag.py
[2023-11-25 17:53:28,730] {logging_mixin.py:115} INFO - [2023-11-25 17:53:28,730] {dag.py:2420} INFO - Sync 1 DAGs
[2023-11-25 17:53:28,771] {logging_mixin.py:115} INFO - [2023-11-25 17:53:28,771] {dag.py:2972} INFO - Setting next_dagrun for example_trigger_target_dag to None, run_after=None
[2023-11-25 17:53:28,790] {processor.py:161} INFO - Processing /home/airflow/.local/lib/python3.7/site-packages/airflow/example_dags/example_trigger_target_dag.py took 0.131 seconds
[2023-11-25 17:53:58,925] {processor.py:153} INFO - Started process (PID=3018) to work on /home/airflow/.local/lib/python3.7/site-packages/airflow/example_dags/example_trigger_target_dag.py
[2023-11-25 17:53:58,926] {processor.py:641} INFO - Processing file /home/airflow/.local/lib/python3.7/site-packages/airflow/example_dags/example_trigger_target_dag.py for tasks to queue
[2023-11-25 17:53:58,926] {logging_mixin.py:115} INFO - [2023-11-25 17:53:58,926] {dagbag.py:508} INFO - Filling up the DagBag from /home/airflow/.local/lib/python3.7/site-packages/airflow/example_dags/example_trigger_target_dag.py
[2023-11-25 17:53:58,946] {processor.py:651} INFO - DAG(s) dict_keys(['example_trigger_target_dag']) retrieved from /home/airflow/.local/lib/python3.7/site-packages/airflow/example_dags/example_trigger_target_dag.py
[2023-11-25 17:53:58,993] {logging_mixin.py:115} INFO - [2023-11-25 17:53:58,992] {dag.py:2420} INFO - Sync 1 DAGs
[2023-11-25 17:53:59,032] {logging_mixin.py:115} INFO - [2023-11-25 17:53:59,032] {dag.py:2972} INFO - Setting next_dagrun for example_trigger_target_dag to None, run_after=None
[2023-11-25 17:53:59,045] {processor.py:161} INFO - Processing /home/airflow/.local/lib/python3.7/site-packages/airflow/example_dags/example_trigger_target_dag.py took 0.126 seconds
