[2023-11-25 17:28:26,170] {processor.py:153} INFO - Started process (PID=82) to work on /home/airflow/.local/lib/python3.7/site-packages/airflow/example_dags/tutorial.py
[2023-11-25 17:28:26,171] {processor.py:641} INFO - Processing file /home/airflow/.local/lib/python3.7/site-packages/airflow/example_dags/tutorial.py for tasks to queue
[2023-11-25 17:28:26,172] {logging_mixin.py:115} INFO - [2023-11-25 17:28:26,172] {dagbag.py:508} INFO - Filling up the DagBag from /home/airflow/.local/lib/python3.7/site-packages/airflow/example_dags/tutorial.py
[2023-11-25 17:28:26,232] {processor.py:651} INFO - DAG(s) dict_keys(['tutorial']) retrieved from /home/airflow/.local/lib/python3.7/site-packages/airflow/example_dags/tutorial.py
[2023-11-25 17:28:26,991] {logging_mixin.py:115} INFO - [2023-11-25 17:28:26,990] {manager.py:508} INFO - Created Permission View: can delete on DAG:tutorial
[2023-11-25 17:28:27,130] {logging_mixin.py:115} INFO - [2023-11-25 17:28:27,130] {manager.py:508} INFO - Created Permission View: can edit on DAG:tutorial
[2023-11-25 17:28:27,234] {logging_mixin.py:115} INFO - [2023-11-25 17:28:27,234] {manager.py:508} INFO - Created Permission View: can read on DAG:tutorial
[2023-11-25 17:28:27,234] {logging_mixin.py:115} INFO - [2023-11-25 17:28:27,234] {dag.py:2420} INFO - Sync 1 DAGs
[2023-11-25 17:28:27,333] {logging_mixin.py:115} INFO - [2023-11-25 17:28:27,333] {dag.py:2439} INFO - Creating ORM DAG for tutorial
[2023-11-25 17:28:27,471] {logging_mixin.py:115} INFO - [2023-11-25 17:28:27,470] {dag.py:2972} INFO - Setting next_dagrun for tutorial to 2023-11-24T17:28:27.470583+00:00, run_after=2023-11-25T17:28:27.470583+00:00
[2023-11-25 17:28:27,573] {processor.py:161} INFO - Processing /home/airflow/.local/lib/python3.7/site-packages/airflow/example_dags/tutorial.py took 1.438 seconds
[2023-11-25 17:28:58,473] {processor.py:153} INFO - Started process (PID=125) to work on /home/airflow/.local/lib/python3.7/site-packages/airflow/example_dags/tutorial.py
[2023-11-25 17:28:58,479] {processor.py:641} INFO - Processing file /home/airflow/.local/lib/python3.7/site-packages/airflow/example_dags/tutorial.py for tasks to queue
[2023-11-25 17:28:58,480] {logging_mixin.py:115} INFO - [2023-11-25 17:28:58,480] {dagbag.py:508} INFO - Filling up the DagBag from /home/airflow/.local/lib/python3.7/site-packages/airflow/example_dags/tutorial.py
[2023-11-25 17:28:58,500] {processor.py:651} INFO - DAG(s) dict_keys(['tutorial']) retrieved from /home/airflow/.local/lib/python3.7/site-packages/airflow/example_dags/tutorial.py
[2023-11-25 17:28:58,638] {logging_mixin.py:115} INFO - [2023-11-25 17:28:58,638] {dag.py:2420} INFO - Sync 1 DAGs
[2023-11-25 17:28:58,712] {logging_mixin.py:115} INFO - [2023-11-25 17:28:58,712] {dag.py:2972} INFO - Setting next_dagrun for tutorial to 2023-11-24T17:28:58.712306+00:00, run_after=2023-11-25T17:28:58.712306+00:00
[2023-11-25 17:28:59,158] {processor.py:161} INFO - Processing /home/airflow/.local/lib/python3.7/site-packages/airflow/example_dags/tutorial.py took 0.700 seconds
[2023-11-25 17:29:29,725] {processor.py:153} INFO - Started process (PID=187) to work on /home/airflow/.local/lib/python3.7/site-packages/airflow/example_dags/tutorial.py
[2023-11-25 17:29:29,726] {processor.py:641} INFO - Processing file /home/airflow/.local/lib/python3.7/site-packages/airflow/example_dags/tutorial.py for tasks to queue
[2023-11-25 17:29:29,727] {logging_mixin.py:115} INFO - [2023-11-25 17:29:29,726] {dagbag.py:508} INFO - Filling up the DagBag from /home/airflow/.local/lib/python3.7/site-packages/airflow/example_dags/tutorial.py
[2023-11-25 17:29:29,736] {processor.py:651} INFO - DAG(s) dict_keys(['tutorial']) retrieved from /home/airflow/.local/lib/python3.7/site-packages/airflow/example_dags/tutorial.py
[2023-11-25 17:29:29,812] {logging_mixin.py:115} INFO - [2023-11-25 17:29:29,812] {dag.py:2420} INFO - Sync 1 DAGs
[2023-11-25 17:29:29,855] {logging_mixin.py:115} INFO - [2023-11-25 17:29:29,855] {dag.py:2972} INFO - Setting next_dagrun for tutorial to 2023-11-24T17:29:29.854826+00:00, run_after=2023-11-25T17:29:29.854826+00:00
[2023-11-25 17:29:29,872] {processor.py:161} INFO - Processing /home/airflow/.local/lib/python3.7/site-packages/airflow/example_dags/tutorial.py took 0.152 seconds
[2023-11-25 17:29:59,918] {processor.py:153} INFO - Started process (PID=239) to work on /home/airflow/.local/lib/python3.7/site-packages/airflow/example_dags/tutorial.py
[2023-11-25 17:29:59,919] {processor.py:641} INFO - Processing file /home/airflow/.local/lib/python3.7/site-packages/airflow/example_dags/tutorial.py for tasks to queue
[2023-11-25 17:29:59,919] {logging_mixin.py:115} INFO - [2023-11-25 17:29:59,919] {dagbag.py:508} INFO - Filling up the DagBag from /home/airflow/.local/lib/python3.7/site-packages/airflow/example_dags/tutorial.py
[2023-11-25 17:29:59,928] {processor.py:651} INFO - DAG(s) dict_keys(['tutorial']) retrieved from /home/airflow/.local/lib/python3.7/site-packages/airflow/example_dags/tutorial.py
[2023-11-25 17:29:59,970] {logging_mixin.py:115} INFO - [2023-11-25 17:29:59,970] {dag.py:2420} INFO - Sync 1 DAGs
[2023-11-25 17:30:00,005] {logging_mixin.py:115} INFO - [2023-11-25 17:30:00,005] {dag.py:2972} INFO - Setting next_dagrun for tutorial to 2023-11-24T17:30:00.005111+00:00, run_after=2023-11-25T17:30:00.005111+00:00
[2023-11-25 17:30:00,022] {processor.py:161} INFO - Processing /home/airflow/.local/lib/python3.7/site-packages/airflow/example_dags/tutorial.py took 0.109 seconds
[2023-11-25 17:30:30,053] {processor.py:153} INFO - Started process (PID=300) to work on /home/airflow/.local/lib/python3.7/site-packages/airflow/example_dags/tutorial.py
[2023-11-25 17:30:30,054] {processor.py:641} INFO - Processing file /home/airflow/.local/lib/python3.7/site-packages/airflow/example_dags/tutorial.py for tasks to queue
[2023-11-25 17:30:30,055] {logging_mixin.py:115} INFO - [2023-11-25 17:30:30,055] {dagbag.py:508} INFO - Filling up the DagBag from /home/airflow/.local/lib/python3.7/site-packages/airflow/example_dags/tutorial.py
[2023-11-25 17:30:30,063] {processor.py:651} INFO - DAG(s) dict_keys(['tutorial']) retrieved from /home/airflow/.local/lib/python3.7/site-packages/airflow/example_dags/tutorial.py
[2023-11-25 17:30:30,110] {logging_mixin.py:115} INFO - [2023-11-25 17:30:30,110] {dag.py:2420} INFO - Sync 1 DAGs
[2023-11-25 17:30:30,173] {logging_mixin.py:115} INFO - [2023-11-25 17:30:30,173] {dag.py:2972} INFO - Setting next_dagrun for tutorial to 2023-11-24T17:30:30.172625+00:00, run_after=2023-11-25T17:30:30.172625+00:00
[2023-11-25 17:30:30,214] {processor.py:161} INFO - Processing /home/airflow/.local/lib/python3.7/site-packages/airflow/example_dags/tutorial.py took 0.166 seconds
[2023-11-25 17:31:00,975] {processor.py:153} INFO - Started process (PID=361) to work on /home/airflow/.local/lib/python3.7/site-packages/airflow/example_dags/tutorial.py
[2023-11-25 17:31:00,976] {processor.py:641} INFO - Processing file /home/airflow/.local/lib/python3.7/site-packages/airflow/example_dags/tutorial.py for tasks to queue
[2023-11-25 17:31:00,977] {logging_mixin.py:115} INFO - [2023-11-25 17:31:00,977] {dagbag.py:508} INFO - Filling up the DagBag from /home/airflow/.local/lib/python3.7/site-packages/airflow/example_dags/tutorial.py
[2023-11-25 17:31:00,985] {processor.py:651} INFO - DAG(s) dict_keys(['tutorial']) retrieved from /home/airflow/.local/lib/python3.7/site-packages/airflow/example_dags/tutorial.py
[2023-11-25 17:31:01,025] {logging_mixin.py:115} INFO - [2023-11-25 17:31:01,025] {dag.py:2420} INFO - Sync 1 DAGs
[2023-11-25 17:31:01,054] {logging_mixin.py:115} INFO - [2023-11-25 17:31:01,054] {dag.py:2972} INFO - Setting next_dagrun for tutorial to 2023-11-24T17:31:01.054132+00:00, run_after=2023-11-25T17:31:01.054132+00:00
[2023-11-25 17:31:01,070] {processor.py:161} INFO - Processing /home/airflow/.local/lib/python3.7/site-packages/airflow/example_dags/tutorial.py took 0.100 seconds
[2023-11-25 17:31:31,855] {processor.py:153} INFO - Started process (PID=413) to work on /home/airflow/.local/lib/python3.7/site-packages/airflow/example_dags/tutorial.py
[2023-11-25 17:31:31,856] {processor.py:641} INFO - Processing file /home/airflow/.local/lib/python3.7/site-packages/airflow/example_dags/tutorial.py for tasks to queue
[2023-11-25 17:31:31,857] {logging_mixin.py:115} INFO - [2023-11-25 17:31:31,856] {dagbag.py:508} INFO - Filling up the DagBag from /home/airflow/.local/lib/python3.7/site-packages/airflow/example_dags/tutorial.py
[2023-11-25 17:31:31,866] {processor.py:651} INFO - DAG(s) dict_keys(['tutorial']) retrieved from /home/airflow/.local/lib/python3.7/site-packages/airflow/example_dags/tutorial.py
[2023-11-25 17:31:31,906] {logging_mixin.py:115} INFO - [2023-11-25 17:31:31,906] {dag.py:2420} INFO - Sync 1 DAGs
[2023-11-25 17:31:31,936] {logging_mixin.py:115} INFO - [2023-11-25 17:31:31,935] {dag.py:2972} INFO - Setting next_dagrun for tutorial to 2023-11-24T17:31:31.935643+00:00, run_after=2023-11-25T17:31:31.935643+00:00
[2023-11-25 17:31:31,949] {processor.py:161} INFO - Processing /home/airflow/.local/lib/python3.7/site-packages/airflow/example_dags/tutorial.py took 0.099 seconds
[2023-11-25 17:32:02,497] {processor.py:153} INFO - Started process (PID=474) to work on /home/airflow/.local/lib/python3.7/site-packages/airflow/example_dags/tutorial.py
[2023-11-25 17:32:02,497] {processor.py:641} INFO - Processing file /home/airflow/.local/lib/python3.7/site-packages/airflow/example_dags/tutorial.py for tasks to queue
[2023-11-25 17:32:02,498] {logging_mixin.py:115} INFO - [2023-11-25 17:32:02,498] {dagbag.py:508} INFO - Filling up the DagBag from /home/airflow/.local/lib/python3.7/site-packages/airflow/example_dags/tutorial.py
[2023-11-25 17:32:02,507] {processor.py:651} INFO - DAG(s) dict_keys(['tutorial']) retrieved from /home/airflow/.local/lib/python3.7/site-packages/airflow/example_dags/tutorial.py
[2023-11-25 17:32:02,549] {logging_mixin.py:115} INFO - [2023-11-25 17:32:02,549] {dag.py:2420} INFO - Sync 1 DAGs
[2023-11-25 17:32:02,577] {logging_mixin.py:115} INFO - [2023-11-25 17:32:02,577] {dag.py:2972} INFO - Setting next_dagrun for tutorial to 2023-11-24T17:32:02.577040+00:00, run_after=2023-11-25T17:32:02.577040+00:00
[2023-11-25 17:32:02,591] {processor.py:161} INFO - Processing /home/airflow/.local/lib/python3.7/site-packages/airflow/example_dags/tutorial.py took 0.100 seconds
[2023-11-25 17:32:33,132] {processor.py:153} INFO - Started process (PID=535) to work on /home/airflow/.local/lib/python3.7/site-packages/airflow/example_dags/tutorial.py
[2023-11-25 17:32:33,134] {processor.py:641} INFO - Processing file /home/airflow/.local/lib/python3.7/site-packages/airflow/example_dags/tutorial.py for tasks to queue
[2023-11-25 17:32:33,134] {logging_mixin.py:115} INFO - [2023-11-25 17:32:33,134] {dagbag.py:508} INFO - Filling up the DagBag from /home/airflow/.local/lib/python3.7/site-packages/airflow/example_dags/tutorial.py
[2023-11-25 17:32:33,144] {processor.py:651} INFO - DAG(s) dict_keys(['tutorial']) retrieved from /home/airflow/.local/lib/python3.7/site-packages/airflow/example_dags/tutorial.py
[2023-11-25 17:32:33,219] {logging_mixin.py:115} INFO - [2023-11-25 17:32:33,219] {dag.py:2420} INFO - Sync 1 DAGs
[2023-11-25 17:32:33,260] {logging_mixin.py:115} INFO - [2023-11-25 17:32:33,260] {dag.py:2972} INFO - Setting next_dagrun for tutorial to 2023-11-24T17:32:33.260161+00:00, run_after=2023-11-25T17:32:33.260161+00:00
[2023-11-25 17:32:33,281] {processor.py:161} INFO - Processing /home/airflow/.local/lib/python3.7/site-packages/airflow/example_dags/tutorial.py took 0.154 seconds
[2023-11-25 17:33:03,618] {processor.py:153} INFO - Started process (PID=587) to work on /home/airflow/.local/lib/python3.7/site-packages/airflow/example_dags/tutorial.py
[2023-11-25 17:33:03,619] {processor.py:641} INFO - Processing file /home/airflow/.local/lib/python3.7/site-packages/airflow/example_dags/tutorial.py for tasks to queue
[2023-11-25 17:33:03,619] {logging_mixin.py:115} INFO - [2023-11-25 17:33:03,619] {dagbag.py:508} INFO - Filling up the DagBag from /home/airflow/.local/lib/python3.7/site-packages/airflow/example_dags/tutorial.py
[2023-11-25 17:33:03,627] {processor.py:651} INFO - DAG(s) dict_keys(['tutorial']) retrieved from /home/airflow/.local/lib/python3.7/site-packages/airflow/example_dags/tutorial.py
[2023-11-25 17:33:03,677] {logging_mixin.py:115} INFO - [2023-11-25 17:33:03,677] {dag.py:2420} INFO - Sync 1 DAGs
[2023-11-25 17:33:03,705] {logging_mixin.py:115} INFO - [2023-11-25 17:33:03,705] {dag.py:2972} INFO - Setting next_dagrun for tutorial to 2023-11-24T17:33:03.705168+00:00, run_after=2023-11-25T17:33:03.705168+00:00
[2023-11-25 17:33:03,719] {processor.py:161} INFO - Processing /home/airflow/.local/lib/python3.7/site-packages/airflow/example_dags/tutorial.py took 0.106 seconds
[2023-11-25 17:33:34,018] {processor.py:153} INFO - Started process (PID=648) to work on /home/airflow/.local/lib/python3.7/site-packages/airflow/example_dags/tutorial.py
[2023-11-25 17:33:34,019] {processor.py:641} INFO - Processing file /home/airflow/.local/lib/python3.7/site-packages/airflow/example_dags/tutorial.py for tasks to queue
[2023-11-25 17:33:34,020] {logging_mixin.py:115} INFO - [2023-11-25 17:33:34,020] {dagbag.py:508} INFO - Filling up the DagBag from /home/airflow/.local/lib/python3.7/site-packages/airflow/example_dags/tutorial.py
[2023-11-25 17:33:34,028] {processor.py:651} INFO - DAG(s) dict_keys(['tutorial']) retrieved from /home/airflow/.local/lib/python3.7/site-packages/airflow/example_dags/tutorial.py
[2023-11-25 17:33:34,071] {logging_mixin.py:115} INFO - [2023-11-25 17:33:34,071] {dag.py:2420} INFO - Sync 1 DAGs
[2023-11-25 17:33:34,101] {logging_mixin.py:115} INFO - [2023-11-25 17:33:34,101] {dag.py:2972} INFO - Setting next_dagrun for tutorial to 2023-11-24T17:33:34.101351+00:00, run_after=2023-11-25T17:33:34.101351+00:00
[2023-11-25 17:33:34,115] {processor.py:161} INFO - Processing /home/airflow/.local/lib/python3.7/site-packages/airflow/example_dags/tutorial.py took 0.102 seconds
[2023-11-25 17:34:04,461] {processor.py:153} INFO - Started process (PID=709) to work on /home/airflow/.local/lib/python3.7/site-packages/airflow/example_dags/tutorial.py
[2023-11-25 17:34:04,470] {processor.py:641} INFO - Processing file /home/airflow/.local/lib/python3.7/site-packages/airflow/example_dags/tutorial.py for tasks to queue
[2023-11-25 17:34:04,471] {logging_mixin.py:115} INFO - [2023-11-25 17:34:04,471] {dagbag.py:508} INFO - Filling up the DagBag from /home/airflow/.local/lib/python3.7/site-packages/airflow/example_dags/tutorial.py
[2023-11-25 17:34:04,480] {processor.py:651} INFO - DAG(s) dict_keys(['tutorial']) retrieved from /home/airflow/.local/lib/python3.7/site-packages/airflow/example_dags/tutorial.py
[2023-11-25 17:34:04,577] {logging_mixin.py:115} INFO - [2023-11-25 17:34:04,577] {dag.py:2420} INFO - Sync 1 DAGs
[2023-11-25 17:34:04,690] {logging_mixin.py:115} INFO - [2023-11-25 17:34:04,690] {dag.py:2972} INFO - Setting next_dagrun for tutorial to 2023-11-24T17:34:04.673769+00:00, run_after=2023-11-25T17:34:04.673769+00:00
[2023-11-25 17:34:04,717] {processor.py:161} INFO - Processing /home/airflow/.local/lib/python3.7/site-packages/airflow/example_dags/tutorial.py took 0.261 seconds
[2023-11-25 17:34:35,265] {processor.py:153} INFO - Started process (PID=761) to work on /home/airflow/.local/lib/python3.7/site-packages/airflow/example_dags/tutorial.py
[2023-11-25 17:34:35,266] {processor.py:641} INFO - Processing file /home/airflow/.local/lib/python3.7/site-packages/airflow/example_dags/tutorial.py for tasks to queue
[2023-11-25 17:34:35,266] {logging_mixin.py:115} INFO - [2023-11-25 17:34:35,266] {dagbag.py:508} INFO - Filling up the DagBag from /home/airflow/.local/lib/python3.7/site-packages/airflow/example_dags/tutorial.py
[2023-11-25 17:34:35,274] {processor.py:651} INFO - DAG(s) dict_keys(['tutorial']) retrieved from /home/airflow/.local/lib/python3.7/site-packages/airflow/example_dags/tutorial.py
[2023-11-25 17:34:35,318] {logging_mixin.py:115} INFO - [2023-11-25 17:34:35,317] {dag.py:2420} INFO - Sync 1 DAGs
[2023-11-25 17:34:35,345] {logging_mixin.py:115} INFO - [2023-11-25 17:34:35,345] {dag.py:2972} INFO - Setting next_dagrun for tutorial to 2023-11-24T17:34:35.345359+00:00, run_after=2023-11-25T17:34:35.345359+00:00
[2023-11-25 17:34:35,359] {processor.py:161} INFO - Processing /home/airflow/.local/lib/python3.7/site-packages/airflow/example_dags/tutorial.py took 0.099 seconds
[2023-11-25 17:35:05,624] {processor.py:153} INFO - Started process (PID=822) to work on /home/airflow/.local/lib/python3.7/site-packages/airflow/example_dags/tutorial.py
[2023-11-25 17:35:05,625] {processor.py:641} INFO - Processing file /home/airflow/.local/lib/python3.7/site-packages/airflow/example_dags/tutorial.py for tasks to queue
[2023-11-25 17:35:05,625] {logging_mixin.py:115} INFO - [2023-11-25 17:35:05,625] {dagbag.py:508} INFO - Filling up the DagBag from /home/airflow/.local/lib/python3.7/site-packages/airflow/example_dags/tutorial.py
[2023-11-25 17:35:05,634] {processor.py:651} INFO - DAG(s) dict_keys(['tutorial']) retrieved from /home/airflow/.local/lib/python3.7/site-packages/airflow/example_dags/tutorial.py
[2023-11-25 17:35:05,676] {logging_mixin.py:115} INFO - [2023-11-25 17:35:05,676] {dag.py:2420} INFO - Sync 1 DAGs
[2023-11-25 17:35:05,735] {logging_mixin.py:115} INFO - [2023-11-25 17:35:05,735] {dag.py:2972} INFO - Setting next_dagrun for tutorial to 2023-11-24T17:35:05.734950+00:00, run_after=2023-11-25T17:35:05.734950+00:00
[2023-11-25 17:35:05,757] {processor.py:161} INFO - Processing /home/airflow/.local/lib/python3.7/site-packages/airflow/example_dags/tutorial.py took 0.138 seconds
[2023-11-25 17:35:36,083] {processor.py:153} INFO - Started process (PID=874) to work on /home/airflow/.local/lib/python3.7/site-packages/airflow/example_dags/tutorial.py
[2023-11-25 17:35:36,084] {processor.py:641} INFO - Processing file /home/airflow/.local/lib/python3.7/site-packages/airflow/example_dags/tutorial.py for tasks to queue
[2023-11-25 17:35:36,085] {logging_mixin.py:115} INFO - [2023-11-25 17:35:36,085] {dagbag.py:508} INFO - Filling up the DagBag from /home/airflow/.local/lib/python3.7/site-packages/airflow/example_dags/tutorial.py
[2023-11-25 17:35:36,094] {processor.py:651} INFO - DAG(s) dict_keys(['tutorial']) retrieved from /home/airflow/.local/lib/python3.7/site-packages/airflow/example_dags/tutorial.py
[2023-11-25 17:35:36,136] {logging_mixin.py:115} INFO - [2023-11-25 17:35:36,136] {dag.py:2420} INFO - Sync 1 DAGs
[2023-11-25 17:35:36,164] {logging_mixin.py:115} INFO - [2023-11-25 17:35:36,164] {dag.py:2972} INFO - Setting next_dagrun for tutorial to 2023-11-24T17:35:36.164096+00:00, run_after=2023-11-25T17:35:36.164096+00:00
[2023-11-25 17:35:36,182] {processor.py:161} INFO - Processing /home/airflow/.local/lib/python3.7/site-packages/airflow/example_dags/tutorial.py took 0.103 seconds
[2023-11-25 17:36:06,912] {processor.py:153} INFO - Started process (PID=936) to work on /home/airflow/.local/lib/python3.7/site-packages/airflow/example_dags/tutorial.py
[2023-11-25 17:36:06,913] {processor.py:641} INFO - Processing file /home/airflow/.local/lib/python3.7/site-packages/airflow/example_dags/tutorial.py for tasks to queue
[2023-11-25 17:36:06,914] {logging_mixin.py:115} INFO - [2023-11-25 17:36:06,914] {dagbag.py:508} INFO - Filling up the DagBag from /home/airflow/.local/lib/python3.7/site-packages/airflow/example_dags/tutorial.py
[2023-11-25 17:36:06,922] {processor.py:651} INFO - DAG(s) dict_keys(['tutorial']) retrieved from /home/airflow/.local/lib/python3.7/site-packages/airflow/example_dags/tutorial.py
[2023-11-25 17:36:06,964] {logging_mixin.py:115} INFO - [2023-11-25 17:36:06,964] {dag.py:2420} INFO - Sync 1 DAGs
[2023-11-25 17:36:06,993] {logging_mixin.py:115} INFO - [2023-11-25 17:36:06,993] {dag.py:2972} INFO - Setting next_dagrun for tutorial to 2023-11-24T17:36:06.992883+00:00, run_after=2023-11-25T17:36:06.992883+00:00
[2023-11-25 17:36:07,007] {processor.py:161} INFO - Processing /home/airflow/.local/lib/python3.7/site-packages/airflow/example_dags/tutorial.py took 0.100 seconds
[2023-11-25 17:36:37,450] {processor.py:153} INFO - Started process (PID=997) to work on /home/airflow/.local/lib/python3.7/site-packages/airflow/example_dags/tutorial.py
[2023-11-25 17:36:37,451] {processor.py:641} INFO - Processing file /home/airflow/.local/lib/python3.7/site-packages/airflow/example_dags/tutorial.py for tasks to queue
[2023-11-25 17:36:37,451] {logging_mixin.py:115} INFO - [2023-11-25 17:36:37,451] {dagbag.py:508} INFO - Filling up the DagBag from /home/airflow/.local/lib/python3.7/site-packages/airflow/example_dags/tutorial.py
[2023-11-25 17:36:37,460] {processor.py:651} INFO - DAG(s) dict_keys(['tutorial']) retrieved from /home/airflow/.local/lib/python3.7/site-packages/airflow/example_dags/tutorial.py
[2023-11-25 17:36:37,590] {logging_mixin.py:115} INFO - [2023-11-25 17:36:37,590] {dag.py:2420} INFO - Sync 1 DAGs
[2023-11-25 17:36:37,651] {logging_mixin.py:115} INFO - [2023-11-25 17:36:37,650] {dag.py:2972} INFO - Setting next_dagrun for tutorial to 2023-11-24T17:36:37.650597+00:00, run_after=2023-11-25T17:36:37.650597+00:00
[2023-11-25 17:36:37,667] {processor.py:161} INFO - Processing /home/airflow/.local/lib/python3.7/site-packages/airflow/example_dags/tutorial.py took 0.231 seconds
[2023-11-25 17:37:07,863] {processor.py:153} INFO - Started process (PID=1049) to work on /home/airflow/.local/lib/python3.7/site-packages/airflow/example_dags/tutorial.py
[2023-11-25 17:37:07,864] {processor.py:641} INFO - Processing file /home/airflow/.local/lib/python3.7/site-packages/airflow/example_dags/tutorial.py for tasks to queue
[2023-11-25 17:37:07,864] {logging_mixin.py:115} INFO - [2023-11-25 17:37:07,864] {dagbag.py:508} INFO - Filling up the DagBag from /home/airflow/.local/lib/python3.7/site-packages/airflow/example_dags/tutorial.py
[2023-11-25 17:37:07,872] {processor.py:651} INFO - DAG(s) dict_keys(['tutorial']) retrieved from /home/airflow/.local/lib/python3.7/site-packages/airflow/example_dags/tutorial.py
[2023-11-25 17:37:07,917] {logging_mixin.py:115} INFO - [2023-11-25 17:37:07,917] {dag.py:2420} INFO - Sync 1 DAGs
[2023-11-25 17:37:07,945] {logging_mixin.py:115} INFO - [2023-11-25 17:37:07,945] {dag.py:2972} INFO - Setting next_dagrun for tutorial to 2023-11-24T17:37:07.945397+00:00, run_after=2023-11-25T17:37:07.945397+00:00
[2023-11-25 17:37:07,959] {processor.py:161} INFO - Processing /home/airflow/.local/lib/python3.7/site-packages/airflow/example_dags/tutorial.py took 0.101 seconds
[2023-11-25 17:37:38,434] {processor.py:153} INFO - Started process (PID=1110) to work on /home/airflow/.local/lib/python3.7/site-packages/airflow/example_dags/tutorial.py
[2023-11-25 17:37:38,435] {processor.py:641} INFO - Processing file /home/airflow/.local/lib/python3.7/site-packages/airflow/example_dags/tutorial.py for tasks to queue
[2023-11-25 17:37:38,435] {logging_mixin.py:115} INFO - [2023-11-25 17:37:38,435] {dagbag.py:508} INFO - Filling up the DagBag from /home/airflow/.local/lib/python3.7/site-packages/airflow/example_dags/tutorial.py
[2023-11-25 17:37:38,444] {processor.py:651} INFO - DAG(s) dict_keys(['tutorial']) retrieved from /home/airflow/.local/lib/python3.7/site-packages/airflow/example_dags/tutorial.py
[2023-11-25 17:37:38,516] {logging_mixin.py:115} INFO - [2023-11-25 17:37:38,515] {dag.py:2420} INFO - Sync 1 DAGs
[2023-11-25 17:37:38,574] {logging_mixin.py:115} INFO - [2023-11-25 17:37:38,574] {dag.py:2972} INFO - Setting next_dagrun for tutorial to 2023-11-24T17:37:38.574334+00:00, run_after=2023-11-25T17:37:38.574334+00:00
[2023-11-25 17:37:38,594] {processor.py:161} INFO - Processing /home/airflow/.local/lib/python3.7/site-packages/airflow/example_dags/tutorial.py took 0.165 seconds
[2023-11-25 17:38:08,963] {processor.py:153} INFO - Started process (PID=1168) to work on /home/airflow/.local/lib/python3.7/site-packages/airflow/example_dags/tutorial.py
[2023-11-25 17:38:08,964] {processor.py:641} INFO - Processing file /home/airflow/.local/lib/python3.7/site-packages/airflow/example_dags/tutorial.py for tasks to queue
[2023-11-25 17:38:08,965] {logging_mixin.py:115} INFO - [2023-11-25 17:38:08,965] {dagbag.py:508} INFO - Filling up the DagBag from /home/airflow/.local/lib/python3.7/site-packages/airflow/example_dags/tutorial.py
[2023-11-25 17:38:08,978] {processor.py:651} INFO - DAG(s) dict_keys(['tutorial']) retrieved from /home/airflow/.local/lib/python3.7/site-packages/airflow/example_dags/tutorial.py
[2023-11-25 17:38:09,072] {logging_mixin.py:115} INFO - [2023-11-25 17:38:09,072] {dag.py:2420} INFO - Sync 1 DAGs
[2023-11-25 17:38:09,116] {logging_mixin.py:115} INFO - [2023-11-25 17:38:09,115] {dag.py:2972} INFO - Setting next_dagrun for tutorial to 2023-11-24T17:38:09.115604+00:00, run_after=2023-11-25T17:38:09.115604+00:00
[2023-11-25 17:38:09,137] {processor.py:161} INFO - Processing /home/airflow/.local/lib/python3.7/site-packages/airflow/example_dags/tutorial.py took 0.181 seconds
[2023-11-25 17:38:39,192] {processor.py:153} INFO - Started process (PID=1224) to work on /home/airflow/.local/lib/python3.7/site-packages/airflow/example_dags/tutorial.py
[2023-11-25 17:38:39,193] {processor.py:641} INFO - Processing file /home/airflow/.local/lib/python3.7/site-packages/airflow/example_dags/tutorial.py for tasks to queue
[2023-11-25 17:38:39,194] {logging_mixin.py:115} INFO - [2023-11-25 17:38:39,194] {dagbag.py:508} INFO - Filling up the DagBag from /home/airflow/.local/lib/python3.7/site-packages/airflow/example_dags/tutorial.py
[2023-11-25 17:38:39,202] {processor.py:651} INFO - DAG(s) dict_keys(['tutorial']) retrieved from /home/airflow/.local/lib/python3.7/site-packages/airflow/example_dags/tutorial.py
[2023-11-25 17:38:39,243] {logging_mixin.py:115} INFO - [2023-11-25 17:38:39,243] {dag.py:2420} INFO - Sync 1 DAGs
[2023-11-25 17:38:39,271] {logging_mixin.py:115} INFO - [2023-11-25 17:38:39,271] {dag.py:2972} INFO - Setting next_dagrun for tutorial to 2023-11-24T17:38:39.271312+00:00, run_after=2023-11-25T17:38:39.271312+00:00
[2023-11-25 17:38:39,285] {processor.py:161} INFO - Processing /home/airflow/.local/lib/python3.7/site-packages/airflow/example_dags/tutorial.py took 0.098 seconds
[2023-11-25 17:39:10,173] {processor.py:153} INFO - Started process (PID=1287) to work on /home/airflow/.local/lib/python3.7/site-packages/airflow/example_dags/tutorial.py
[2023-11-25 17:39:10,174] {processor.py:641} INFO - Processing file /home/airflow/.local/lib/python3.7/site-packages/airflow/example_dags/tutorial.py for tasks to queue
[2023-11-25 17:39:10,174] {logging_mixin.py:115} INFO - [2023-11-25 17:39:10,174] {dagbag.py:508} INFO - Filling up the DagBag from /home/airflow/.local/lib/python3.7/site-packages/airflow/example_dags/tutorial.py
[2023-11-25 17:39:10,182] {processor.py:651} INFO - DAG(s) dict_keys(['tutorial']) retrieved from /home/airflow/.local/lib/python3.7/site-packages/airflow/example_dags/tutorial.py
[2023-11-25 17:39:10,223] {logging_mixin.py:115} INFO - [2023-11-25 17:39:10,223] {dag.py:2420} INFO - Sync 1 DAGs
[2023-11-25 17:39:10,251] {logging_mixin.py:115} INFO - [2023-11-25 17:39:10,251] {dag.py:2972} INFO - Setting next_dagrun for tutorial to 2023-11-24T17:39:10.251045+00:00, run_after=2023-11-25T17:39:10.251045+00:00
[2023-11-25 17:39:10,265] {processor.py:161} INFO - Processing /home/airflow/.local/lib/python3.7/site-packages/airflow/example_dags/tutorial.py took 0.097 seconds
[2023-11-25 17:39:40,799] {processor.py:153} INFO - Started process (PID=1341) to work on /home/airflow/.local/lib/python3.7/site-packages/airflow/example_dags/tutorial.py
[2023-11-25 17:39:40,800] {processor.py:641} INFO - Processing file /home/airflow/.local/lib/python3.7/site-packages/airflow/example_dags/tutorial.py for tasks to queue
[2023-11-25 17:39:40,801] {logging_mixin.py:115} INFO - [2023-11-25 17:39:40,800] {dagbag.py:508} INFO - Filling up the DagBag from /home/airflow/.local/lib/python3.7/site-packages/airflow/example_dags/tutorial.py
[2023-11-25 17:39:40,809] {processor.py:651} INFO - DAG(s) dict_keys(['tutorial']) retrieved from /home/airflow/.local/lib/python3.7/site-packages/airflow/example_dags/tutorial.py
[2023-11-25 17:39:40,850] {logging_mixin.py:115} INFO - [2023-11-25 17:39:40,850] {dag.py:2420} INFO - Sync 1 DAGs
[2023-11-25 17:39:40,878] {logging_mixin.py:115} INFO - [2023-11-25 17:39:40,878] {dag.py:2972} INFO - Setting next_dagrun for tutorial to 2023-11-24T17:39:40.878098+00:00, run_after=2023-11-25T17:39:40.878098+00:00
[2023-11-25 17:39:40,892] {processor.py:161} INFO - Processing /home/airflow/.local/lib/python3.7/site-packages/airflow/example_dags/tutorial.py took 0.098 seconds
[2023-11-25 17:40:11,526] {processor.py:153} INFO - Started process (PID=1403) to work on /home/airflow/.local/lib/python3.7/site-packages/airflow/example_dags/tutorial.py
[2023-11-25 17:40:11,527] {processor.py:641} INFO - Processing file /home/airflow/.local/lib/python3.7/site-packages/airflow/example_dags/tutorial.py for tasks to queue
[2023-11-25 17:40:11,528] {logging_mixin.py:115} INFO - [2023-11-25 17:40:11,528] {dagbag.py:508} INFO - Filling up the DagBag from /home/airflow/.local/lib/python3.7/site-packages/airflow/example_dags/tutorial.py
[2023-11-25 17:40:11,536] {processor.py:651} INFO - DAG(s) dict_keys(['tutorial']) retrieved from /home/airflow/.local/lib/python3.7/site-packages/airflow/example_dags/tutorial.py
[2023-11-25 17:40:11,621] {logging_mixin.py:115} INFO - [2023-11-25 17:40:11,621] {dag.py:2420} INFO - Sync 1 DAGs
[2023-11-25 17:40:11,662] {logging_mixin.py:115} INFO - [2023-11-25 17:40:11,662] {dag.py:2972} INFO - Setting next_dagrun for tutorial to 2023-11-24T17:40:11.662079+00:00, run_after=2023-11-25T17:40:11.662079+00:00
[2023-11-25 17:40:11,681] {processor.py:161} INFO - Processing /home/airflow/.local/lib/python3.7/site-packages/airflow/example_dags/tutorial.py took 0.160 seconds
[2023-11-25 17:40:42,192] {processor.py:153} INFO - Started process (PID=1466) to work on /home/airflow/.local/lib/python3.7/site-packages/airflow/example_dags/tutorial.py
[2023-11-25 17:40:42,193] {processor.py:641} INFO - Processing file /home/airflow/.local/lib/python3.7/site-packages/airflow/example_dags/tutorial.py for tasks to queue
[2023-11-25 17:40:42,194] {logging_mixin.py:115} INFO - [2023-11-25 17:40:42,194] {dagbag.py:508} INFO - Filling up the DagBag from /home/airflow/.local/lib/python3.7/site-packages/airflow/example_dags/tutorial.py
[2023-11-25 17:40:42,202] {processor.py:651} INFO - DAG(s) dict_keys(['tutorial']) retrieved from /home/airflow/.local/lib/python3.7/site-packages/airflow/example_dags/tutorial.py
[2023-11-25 17:40:42,242] {logging_mixin.py:115} INFO - [2023-11-25 17:40:42,242] {dag.py:2420} INFO - Sync 1 DAGs
[2023-11-25 17:40:42,275] {logging_mixin.py:115} INFO - [2023-11-25 17:40:42,275] {dag.py:2972} INFO - Setting next_dagrun for tutorial to 2023-11-24T17:40:42.274818+00:00, run_after=2023-11-25T17:40:42.274818+00:00
[2023-11-25 17:40:42,290] {processor.py:161} INFO - Processing /home/airflow/.local/lib/python3.7/site-packages/airflow/example_dags/tutorial.py took 0.103 seconds
[2023-11-25 17:41:12,752] {processor.py:153} INFO - Started process (PID=1520) to work on /home/airflow/.local/lib/python3.7/site-packages/airflow/example_dags/tutorial.py
[2023-11-25 17:41:12,753] {processor.py:641} INFO - Processing file /home/airflow/.local/lib/python3.7/site-packages/airflow/example_dags/tutorial.py for tasks to queue
[2023-11-25 17:41:12,753] {logging_mixin.py:115} INFO - [2023-11-25 17:41:12,753] {dagbag.py:508} INFO - Filling up the DagBag from /home/airflow/.local/lib/python3.7/site-packages/airflow/example_dags/tutorial.py
[2023-11-25 17:41:12,762] {processor.py:651} INFO - DAG(s) dict_keys(['tutorial']) retrieved from /home/airflow/.local/lib/python3.7/site-packages/airflow/example_dags/tutorial.py
[2023-11-25 17:41:12,804] {logging_mixin.py:115} INFO - [2023-11-25 17:41:12,804] {dag.py:2420} INFO - Sync 1 DAGs
[2023-11-25 17:41:12,834] {logging_mixin.py:115} INFO - [2023-11-25 17:41:12,834] {dag.py:2972} INFO - Setting next_dagrun for tutorial to 2023-11-24T17:41:12.834038+00:00, run_after=2023-11-25T17:41:12.834038+00:00
[2023-11-25 17:41:12,848] {processor.py:161} INFO - Processing /home/airflow/.local/lib/python3.7/site-packages/airflow/example_dags/tutorial.py took 0.101 seconds
[2023-11-25 17:41:43,610] {processor.py:153} INFO - Started process (PID=1583) to work on /home/airflow/.local/lib/python3.7/site-packages/airflow/example_dags/tutorial.py
[2023-11-25 17:41:43,611] {processor.py:641} INFO - Processing file /home/airflow/.local/lib/python3.7/site-packages/airflow/example_dags/tutorial.py for tasks to queue
[2023-11-25 17:41:43,611] {logging_mixin.py:115} INFO - [2023-11-25 17:41:43,611] {dagbag.py:508} INFO - Filling up the DagBag from /home/airflow/.local/lib/python3.7/site-packages/airflow/example_dags/tutorial.py
[2023-11-25 17:41:43,636] {processor.py:651} INFO - DAG(s) dict_keys(['tutorial']) retrieved from /home/airflow/.local/lib/python3.7/site-packages/airflow/example_dags/tutorial.py
[2023-11-25 17:41:43,697] {logging_mixin.py:115} INFO - [2023-11-25 17:41:43,697] {dag.py:2420} INFO - Sync 1 DAGs
[2023-11-25 17:41:43,742] {logging_mixin.py:115} INFO - [2023-11-25 17:41:43,741] {dag.py:2972} INFO - Setting next_dagrun for tutorial to 2023-11-24T17:41:43.741637+00:00, run_after=2023-11-25T17:41:43.741637+00:00
[2023-11-25 17:41:43,762] {processor.py:161} INFO - Processing /home/airflow/.local/lib/python3.7/site-packages/airflow/example_dags/tutorial.py took 0.186 seconds
[2023-11-25 17:42:14,620] {processor.py:153} INFO - Started process (PID=1645) to work on /home/airflow/.local/lib/python3.7/site-packages/airflow/example_dags/tutorial.py
[2023-11-25 17:42:14,621] {processor.py:641} INFO - Processing file /home/airflow/.local/lib/python3.7/site-packages/airflow/example_dags/tutorial.py for tasks to queue
[2023-11-25 17:42:14,622] {logging_mixin.py:115} INFO - [2023-11-25 17:42:14,621] {dagbag.py:508} INFO - Filling up the DagBag from /home/airflow/.local/lib/python3.7/site-packages/airflow/example_dags/tutorial.py
[2023-11-25 17:42:14,630] {processor.py:651} INFO - DAG(s) dict_keys(['tutorial']) retrieved from /home/airflow/.local/lib/python3.7/site-packages/airflow/example_dags/tutorial.py
[2023-11-25 17:42:14,675] {logging_mixin.py:115} INFO - [2023-11-25 17:42:14,674] {dag.py:2420} INFO - Sync 1 DAGs
[2023-11-25 17:42:14,703] {logging_mixin.py:115} INFO - [2023-11-25 17:42:14,703] {dag.py:2972} INFO - Setting next_dagrun for tutorial to 2023-11-24T17:42:14.702701+00:00, run_after=2023-11-25T17:42:14.702701+00:00
[2023-11-25 17:42:14,716] {processor.py:161} INFO - Processing /home/airflow/.local/lib/python3.7/site-packages/airflow/example_dags/tutorial.py took 0.101 seconds
[2023-11-25 17:42:44,945] {processor.py:153} INFO - Started process (PID=1699) to work on /home/airflow/.local/lib/python3.7/site-packages/airflow/example_dags/tutorial.py
[2023-11-25 17:42:44,950] {processor.py:641} INFO - Processing file /home/airflow/.local/lib/python3.7/site-packages/airflow/example_dags/tutorial.py for tasks to queue
[2023-11-25 17:42:44,951] {logging_mixin.py:115} INFO - [2023-11-25 17:42:44,951] {dagbag.py:508} INFO - Filling up the DagBag from /home/airflow/.local/lib/python3.7/site-packages/airflow/example_dags/tutorial.py
[2023-11-25 17:42:44,959] {processor.py:651} INFO - DAG(s) dict_keys(['tutorial']) retrieved from /home/airflow/.local/lib/python3.7/site-packages/airflow/example_dags/tutorial.py
[2023-11-25 17:42:45,021] {logging_mixin.py:115} INFO - [2023-11-25 17:42:45,021] {dag.py:2420} INFO - Sync 1 DAGs
[2023-11-25 17:42:45,074] {logging_mixin.py:115} INFO - [2023-11-25 17:42:45,074] {dag.py:2972} INFO - Setting next_dagrun for tutorial to 2023-11-24T17:42:45.074263+00:00, run_after=2023-11-25T17:42:45.074263+00:00
[2023-11-25 17:42:45,100] {processor.py:161} INFO - Processing /home/airflow/.local/lib/python3.7/site-packages/airflow/example_dags/tutorial.py took 0.160 seconds
[2023-11-25 17:43:15,723] {processor.py:153} INFO - Started process (PID=1762) to work on /home/airflow/.local/lib/python3.7/site-packages/airflow/example_dags/tutorial.py
[2023-11-25 17:43:15,724] {processor.py:641} INFO - Processing file /home/airflow/.local/lib/python3.7/site-packages/airflow/example_dags/tutorial.py for tasks to queue
[2023-11-25 17:43:15,725] {logging_mixin.py:115} INFO - [2023-11-25 17:43:15,725] {dagbag.py:508} INFO - Filling up the DagBag from /home/airflow/.local/lib/python3.7/site-packages/airflow/example_dags/tutorial.py
[2023-11-25 17:43:15,733] {processor.py:651} INFO - DAG(s) dict_keys(['tutorial']) retrieved from /home/airflow/.local/lib/python3.7/site-packages/airflow/example_dags/tutorial.py
[2023-11-25 17:43:15,779] {logging_mixin.py:115} INFO - [2023-11-25 17:43:15,779] {dag.py:2420} INFO - Sync 1 DAGs
[2023-11-25 17:43:15,813] {logging_mixin.py:115} INFO - [2023-11-25 17:43:15,812] {dag.py:2972} INFO - Setting next_dagrun for tutorial to 2023-11-24T17:43:15.812606+00:00, run_after=2023-11-25T17:43:15.812606+00:00
[2023-11-25 17:43:15,826] {processor.py:161} INFO - Processing /home/airflow/.local/lib/python3.7/site-packages/airflow/example_dags/tutorial.py took 0.109 seconds
[2023-11-25 17:43:46,376] {processor.py:153} INFO - Started process (PID=1825) to work on /home/airflow/.local/lib/python3.7/site-packages/airflow/example_dags/tutorial.py
[2023-11-25 17:43:46,377] {processor.py:641} INFO - Processing file /home/airflow/.local/lib/python3.7/site-packages/airflow/example_dags/tutorial.py for tasks to queue
[2023-11-25 17:43:46,377] {logging_mixin.py:115} INFO - [2023-11-25 17:43:46,377] {dagbag.py:508} INFO - Filling up the DagBag from /home/airflow/.local/lib/python3.7/site-packages/airflow/example_dags/tutorial.py
[2023-11-25 17:43:46,394] {processor.py:651} INFO - DAG(s) dict_keys(['tutorial']) retrieved from /home/airflow/.local/lib/python3.7/site-packages/airflow/example_dags/tutorial.py
[2023-11-25 17:43:46,453] {logging_mixin.py:115} INFO - [2023-11-25 17:43:46,453] {dag.py:2420} INFO - Sync 1 DAGs
[2023-11-25 17:43:46,481] {logging_mixin.py:115} INFO - [2023-11-25 17:43:46,481] {dag.py:2972} INFO - Setting next_dagrun for tutorial to 2023-11-24T17:43:46.480901+00:00, run_after=2023-11-25T17:43:46.480901+00:00
[2023-11-25 17:43:46,503] {processor.py:161} INFO - Processing /home/airflow/.local/lib/python3.7/site-packages/airflow/example_dags/tutorial.py took 0.131 seconds
[2023-11-25 17:44:17,128] {processor.py:153} INFO - Started process (PID=1882) to work on /home/airflow/.local/lib/python3.7/site-packages/airflow/example_dags/tutorial.py
[2023-11-25 17:44:17,129] {processor.py:641} INFO - Processing file /home/airflow/.local/lib/python3.7/site-packages/airflow/example_dags/tutorial.py for tasks to queue
[2023-11-25 17:44:17,130] {logging_mixin.py:115} INFO - [2023-11-25 17:44:17,130] {dagbag.py:508} INFO - Filling up the DagBag from /home/airflow/.local/lib/python3.7/site-packages/airflow/example_dags/tutorial.py
[2023-11-25 17:44:17,140] {processor.py:651} INFO - DAG(s) dict_keys(['tutorial']) retrieved from /home/airflow/.local/lib/python3.7/site-packages/airflow/example_dags/tutorial.py
[2023-11-25 17:44:17,186] {logging_mixin.py:115} INFO - [2023-11-25 17:44:17,186] {dag.py:2420} INFO - Sync 1 DAGs
[2023-11-25 17:44:17,217] {logging_mixin.py:115} INFO - [2023-11-25 17:44:17,217] {dag.py:2972} INFO - Setting next_dagrun for tutorial to 2023-11-24T17:44:17.216924+00:00, run_after=2023-11-25T17:44:17.216924+00:00
[2023-11-25 17:44:17,233] {processor.py:161} INFO - Processing /home/airflow/.local/lib/python3.7/site-packages/airflow/example_dags/tutorial.py took 0.110 seconds
[2023-11-25 17:44:48,111] {processor.py:153} INFO - Started process (PID=1945) to work on /home/airflow/.local/lib/python3.7/site-packages/airflow/example_dags/tutorial.py
[2023-11-25 17:44:48,112] {processor.py:641} INFO - Processing file /home/airflow/.local/lib/python3.7/site-packages/airflow/example_dags/tutorial.py for tasks to queue
[2023-11-25 17:44:48,112] {logging_mixin.py:115} INFO - [2023-11-25 17:44:48,112] {dagbag.py:508} INFO - Filling up the DagBag from /home/airflow/.local/lib/python3.7/site-packages/airflow/example_dags/tutorial.py
[2023-11-25 17:44:48,123] {processor.py:651} INFO - DAG(s) dict_keys(['tutorial']) retrieved from /home/airflow/.local/lib/python3.7/site-packages/airflow/example_dags/tutorial.py
[2023-11-25 17:44:48,171] {logging_mixin.py:115} INFO - [2023-11-25 17:44:48,171] {dag.py:2420} INFO - Sync 1 DAGs
[2023-11-25 17:44:48,203] {logging_mixin.py:115} INFO - [2023-11-25 17:44:48,203] {dag.py:2972} INFO - Setting next_dagrun for tutorial to 2023-11-24T17:44:48.203275+00:00, run_after=2023-11-25T17:44:48.203275+00:00
[2023-11-25 17:44:48,217] {processor.py:161} INFO - Processing /home/airflow/.local/lib/python3.7/site-packages/airflow/example_dags/tutorial.py took 0.112 seconds
[2023-11-25 17:45:18,662] {processor.py:153} INFO - Started process (PID=2006) to work on /home/airflow/.local/lib/python3.7/site-packages/airflow/example_dags/tutorial.py
[2023-11-25 17:45:18,663] {processor.py:641} INFO - Processing file /home/airflow/.local/lib/python3.7/site-packages/airflow/example_dags/tutorial.py for tasks to queue
[2023-11-25 17:45:18,664] {logging_mixin.py:115} INFO - [2023-11-25 17:45:18,664] {dagbag.py:508} INFO - Filling up the DagBag from /home/airflow/.local/lib/python3.7/site-packages/airflow/example_dags/tutorial.py
[2023-11-25 17:45:18,678] {processor.py:651} INFO - DAG(s) dict_keys(['tutorial']) retrieved from /home/airflow/.local/lib/python3.7/site-packages/airflow/example_dags/tutorial.py
[2023-11-25 17:45:18,739] {logging_mixin.py:115} INFO - [2023-11-25 17:45:18,739] {dag.py:2420} INFO - Sync 1 DAGs
[2023-11-25 17:45:18,777] {logging_mixin.py:115} INFO - [2023-11-25 17:45:18,777] {dag.py:2972} INFO - Setting next_dagrun for tutorial to 2023-11-24T17:45:18.776976+00:00, run_after=2023-11-25T17:45:18.776976+00:00
[2023-11-25 17:45:18,800] {processor.py:161} INFO - Processing /home/airflow/.local/lib/python3.7/site-packages/airflow/example_dags/tutorial.py took 0.142 seconds
[2023-11-25 17:45:49,570] {processor.py:153} INFO - Started process (PID=2062) to work on /home/airflow/.local/lib/python3.7/site-packages/airflow/example_dags/tutorial.py
[2023-11-25 17:45:49,571] {processor.py:641} INFO - Processing file /home/airflow/.local/lib/python3.7/site-packages/airflow/example_dags/tutorial.py for tasks to queue
[2023-11-25 17:45:49,572] {logging_mixin.py:115} INFO - [2023-11-25 17:45:49,571] {dagbag.py:508} INFO - Filling up the DagBag from /home/airflow/.local/lib/python3.7/site-packages/airflow/example_dags/tutorial.py
[2023-11-25 17:45:49,580] {processor.py:651} INFO - DAG(s) dict_keys(['tutorial']) retrieved from /home/airflow/.local/lib/python3.7/site-packages/airflow/example_dags/tutorial.py
[2023-11-25 17:45:49,634] {logging_mixin.py:115} INFO - [2023-11-25 17:45:49,634] {dag.py:2420} INFO - Sync 1 DAGs
[2023-11-25 17:45:49,662] {logging_mixin.py:115} INFO - [2023-11-25 17:45:49,662] {dag.py:2972} INFO - Setting next_dagrun for tutorial to 2023-11-24T17:45:49.661793+00:00, run_after=2023-11-25T17:45:49.661793+00:00
[2023-11-25 17:45:49,675] {processor.py:161} INFO - Processing /home/airflow/.local/lib/python3.7/site-packages/airflow/example_dags/tutorial.py took 0.110 seconds
[2023-11-25 17:46:19,737] {processor.py:153} INFO - Started process (PID=2125) to work on /home/airflow/.local/lib/python3.7/site-packages/airflow/example_dags/tutorial.py
[2023-11-25 17:46:19,738] {processor.py:641} INFO - Processing file /home/airflow/.local/lib/python3.7/site-packages/airflow/example_dags/tutorial.py for tasks to queue
[2023-11-25 17:46:19,738] {logging_mixin.py:115} INFO - [2023-11-25 17:46:19,738] {dagbag.py:508} INFO - Filling up the DagBag from /home/airflow/.local/lib/python3.7/site-packages/airflow/example_dags/tutorial.py
[2023-11-25 17:46:19,747] {processor.py:651} INFO - DAG(s) dict_keys(['tutorial']) retrieved from /home/airflow/.local/lib/python3.7/site-packages/airflow/example_dags/tutorial.py
[2023-11-25 17:46:19,789] {logging_mixin.py:115} INFO - [2023-11-25 17:46:19,788] {dag.py:2420} INFO - Sync 1 DAGs
[2023-11-25 17:46:19,817] {logging_mixin.py:115} INFO - [2023-11-25 17:46:19,817] {dag.py:2972} INFO - Setting next_dagrun for tutorial to 2023-11-24T17:46:19.817268+00:00, run_after=2023-11-25T17:46:19.817268+00:00
[2023-11-25 17:46:19,832] {processor.py:161} INFO - Processing /home/airflow/.local/lib/python3.7/site-packages/airflow/example_dags/tutorial.py took 0.100 seconds
[2023-11-25 17:46:50,293] {processor.py:153} INFO - Started process (PID=2179) to work on /home/airflow/.local/lib/python3.7/site-packages/airflow/example_dags/tutorial.py
[2023-11-25 17:46:50,294] {processor.py:641} INFO - Processing file /home/airflow/.local/lib/python3.7/site-packages/airflow/example_dags/tutorial.py for tasks to queue
[2023-11-25 17:46:50,295] {logging_mixin.py:115} INFO - [2023-11-25 17:46:50,295] {dagbag.py:508} INFO - Filling up the DagBag from /home/airflow/.local/lib/python3.7/site-packages/airflow/example_dags/tutorial.py
[2023-11-25 17:46:50,304] {processor.py:651} INFO - DAG(s) dict_keys(['tutorial']) retrieved from /home/airflow/.local/lib/python3.7/site-packages/airflow/example_dags/tutorial.py
[2023-11-25 17:46:50,346] {logging_mixin.py:115} INFO - [2023-11-25 17:46:50,346] {dag.py:2420} INFO - Sync 1 DAGs
[2023-11-25 17:46:50,374] {logging_mixin.py:115} INFO - [2023-11-25 17:46:50,374] {dag.py:2972} INFO - Setting next_dagrun for tutorial to 2023-11-24T17:46:50.374450+00:00, run_after=2023-11-25T17:46:50.374450+00:00
[2023-11-25 17:46:50,390] {processor.py:161} INFO - Processing /home/airflow/.local/lib/python3.7/site-packages/airflow/example_dags/tutorial.py took 0.102 seconds
[2023-11-25 17:47:20,864] {processor.py:153} INFO - Started process (PID=2241) to work on /home/airflow/.local/lib/python3.7/site-packages/airflow/example_dags/tutorial.py
[2023-11-25 17:47:20,865] {processor.py:641} INFO - Processing file /home/airflow/.local/lib/python3.7/site-packages/airflow/example_dags/tutorial.py for tasks to queue
[2023-11-25 17:47:20,865] {logging_mixin.py:115} INFO - [2023-11-25 17:47:20,865] {dagbag.py:508} INFO - Filling up the DagBag from /home/airflow/.local/lib/python3.7/site-packages/airflow/example_dags/tutorial.py
[2023-11-25 17:47:20,874] {processor.py:651} INFO - DAG(s) dict_keys(['tutorial']) retrieved from /home/airflow/.local/lib/python3.7/site-packages/airflow/example_dags/tutorial.py
[2023-11-25 17:47:20,914] {logging_mixin.py:115} INFO - [2023-11-25 17:47:20,914] {dag.py:2420} INFO - Sync 1 DAGs
[2023-11-25 17:47:20,942] {logging_mixin.py:115} INFO - [2023-11-25 17:47:20,942] {dag.py:2972} INFO - Setting next_dagrun for tutorial to 2023-11-24T17:47:20.942362+00:00, run_after=2023-11-25T17:47:20.942362+00:00
[2023-11-25 17:47:20,957] {processor.py:161} INFO - Processing /home/airflow/.local/lib/python3.7/site-packages/airflow/example_dags/tutorial.py took 0.097 seconds
[2023-11-25 17:47:51,294] {processor.py:153} INFO - Started process (PID=2304) to work on /home/airflow/.local/lib/python3.7/site-packages/airflow/example_dags/tutorial.py
[2023-11-25 17:47:51,295] {processor.py:641} INFO - Processing file /home/airflow/.local/lib/python3.7/site-packages/airflow/example_dags/tutorial.py for tasks to queue
[2023-11-25 17:47:51,296] {logging_mixin.py:115} INFO - [2023-11-25 17:47:51,296] {dagbag.py:508} INFO - Filling up the DagBag from /home/airflow/.local/lib/python3.7/site-packages/airflow/example_dags/tutorial.py
[2023-11-25 17:47:51,305] {processor.py:651} INFO - DAG(s) dict_keys(['tutorial']) retrieved from /home/airflow/.local/lib/python3.7/site-packages/airflow/example_dags/tutorial.py
[2023-11-25 17:47:51,345] {logging_mixin.py:115} INFO - [2023-11-25 17:47:51,345] {dag.py:2420} INFO - Sync 1 DAGs
[2023-11-25 17:47:51,372] {logging_mixin.py:115} INFO - [2023-11-25 17:47:51,372] {dag.py:2972} INFO - Setting next_dagrun for tutorial to 2023-11-24T17:47:51.372485+00:00, run_after=2023-11-25T17:47:51.372485+00:00
[2023-11-25 17:47:51,387] {processor.py:161} INFO - Processing /home/airflow/.local/lib/python3.7/site-packages/airflow/example_dags/tutorial.py took 0.097 seconds
[2023-11-25 17:48:22,110] {processor.py:153} INFO - Started process (PID=2358) to work on /home/airflow/.local/lib/python3.7/site-packages/airflow/example_dags/tutorial.py
[2023-11-25 17:48:22,114] {processor.py:641} INFO - Processing file /home/airflow/.local/lib/python3.7/site-packages/airflow/example_dags/tutorial.py for tasks to queue
[2023-11-25 17:48:22,115] {logging_mixin.py:115} INFO - [2023-11-25 17:48:22,115] {dagbag.py:508} INFO - Filling up the DagBag from /home/airflow/.local/lib/python3.7/site-packages/airflow/example_dags/tutorial.py
[2023-11-25 17:48:22,124] {processor.py:651} INFO - DAG(s) dict_keys(['tutorial']) retrieved from /home/airflow/.local/lib/python3.7/site-packages/airflow/example_dags/tutorial.py
[2023-11-25 17:48:22,179] {logging_mixin.py:115} INFO - [2023-11-25 17:48:22,179] {dag.py:2420} INFO - Sync 1 DAGs
[2023-11-25 17:48:22,214] {logging_mixin.py:115} INFO - [2023-11-25 17:48:22,214] {dag.py:2972} INFO - Setting next_dagrun for tutorial to 2023-11-24T17:48:22.214464+00:00, run_after=2023-11-25T17:48:22.214464+00:00
[2023-11-25 17:48:22,232] {processor.py:161} INFO - Processing /home/airflow/.local/lib/python3.7/site-packages/airflow/example_dags/tutorial.py took 0.127 seconds
[2023-11-25 17:48:52,464] {processor.py:153} INFO - Started process (PID=2425) to work on /home/airflow/.local/lib/python3.7/site-packages/airflow/example_dags/tutorial.py
[2023-11-25 17:48:52,465] {processor.py:641} INFO - Processing file /home/airflow/.local/lib/python3.7/site-packages/airflow/example_dags/tutorial.py for tasks to queue
[2023-11-25 17:48:52,470] {logging_mixin.py:115} INFO - [2023-11-25 17:48:52,465] {dagbag.py:508} INFO - Filling up the DagBag from /home/airflow/.local/lib/python3.7/site-packages/airflow/example_dags/tutorial.py
[2023-11-25 17:48:52,478] {processor.py:651} INFO - DAG(s) dict_keys(['tutorial']) retrieved from /home/airflow/.local/lib/python3.7/site-packages/airflow/example_dags/tutorial.py
[2023-11-25 17:48:52,550] {logging_mixin.py:115} INFO - [2023-11-25 17:48:52,550] {dag.py:2420} INFO - Sync 1 DAGs
[2023-11-25 17:48:52,578] {logging_mixin.py:115} INFO - [2023-11-25 17:48:52,578] {dag.py:2972} INFO - Setting next_dagrun for tutorial to 2023-11-24T17:48:52.578461+00:00, run_after=2023-11-25T17:48:52.578461+00:00
[2023-11-25 17:48:52,597] {processor.py:161} INFO - Processing /home/airflow/.local/lib/python3.7/site-packages/airflow/example_dags/tutorial.py took 0.138 seconds
[2023-11-25 17:49:23,396] {processor.py:153} INFO - Started process (PID=2488) to work on /home/airflow/.local/lib/python3.7/site-packages/airflow/example_dags/tutorial.py
[2023-11-25 17:49:23,397] {processor.py:641} INFO - Processing file /home/airflow/.local/lib/python3.7/site-packages/airflow/example_dags/tutorial.py for tasks to queue
[2023-11-25 17:49:23,398] {logging_mixin.py:115} INFO - [2023-11-25 17:49:23,398] {dagbag.py:508} INFO - Filling up the DagBag from /home/airflow/.local/lib/python3.7/site-packages/airflow/example_dags/tutorial.py
[2023-11-25 17:49:23,406] {processor.py:651} INFO - DAG(s) dict_keys(['tutorial']) retrieved from /home/airflow/.local/lib/python3.7/site-packages/airflow/example_dags/tutorial.py
[2023-11-25 17:49:23,447] {logging_mixin.py:115} INFO - [2023-11-25 17:49:23,447] {dag.py:2420} INFO - Sync 1 DAGs
[2023-11-25 17:49:23,475] {logging_mixin.py:115} INFO - [2023-11-25 17:49:23,475] {dag.py:2972} INFO - Setting next_dagrun for tutorial to 2023-11-24T17:49:23.475507+00:00, run_after=2023-11-25T17:49:23.475507+00:00
[2023-11-25 17:49:23,490] {processor.py:161} INFO - Processing /home/airflow/.local/lib/python3.7/site-packages/airflow/example_dags/tutorial.py took 0.099 seconds
[2023-11-25 17:49:53,623] {processor.py:153} INFO - Started process (PID=2542) to work on /home/airflow/.local/lib/python3.7/site-packages/airflow/example_dags/tutorial.py
[2023-11-25 17:49:53,624] {processor.py:641} INFO - Processing file /home/airflow/.local/lib/python3.7/site-packages/airflow/example_dags/tutorial.py for tasks to queue
[2023-11-25 17:49:53,625] {logging_mixin.py:115} INFO - [2023-11-25 17:49:53,625] {dagbag.py:508} INFO - Filling up the DagBag from /home/airflow/.local/lib/python3.7/site-packages/airflow/example_dags/tutorial.py
[2023-11-25 17:49:53,633] {processor.py:651} INFO - DAG(s) dict_keys(['tutorial']) retrieved from /home/airflow/.local/lib/python3.7/site-packages/airflow/example_dags/tutorial.py
[2023-11-25 17:49:53,690] {logging_mixin.py:115} INFO - [2023-11-25 17:49:53,690] {dag.py:2420} INFO - Sync 1 DAGs
[2023-11-25 17:49:53,736] {logging_mixin.py:115} INFO - [2023-11-25 17:49:53,736] {dag.py:2972} INFO - Setting next_dagrun for tutorial to 2023-11-24T17:49:53.735773+00:00, run_after=2023-11-25T17:49:53.735773+00:00
[2023-11-25 17:49:53,754] {processor.py:161} INFO - Processing /home/airflow/.local/lib/python3.7/site-packages/airflow/example_dags/tutorial.py took 0.136 seconds
[2023-11-25 17:50:24,066] {processor.py:153} INFO - Started process (PID=2605) to work on /home/airflow/.local/lib/python3.7/site-packages/airflow/example_dags/tutorial.py
[2023-11-25 17:50:24,067] {processor.py:641} INFO - Processing file /home/airflow/.local/lib/python3.7/site-packages/airflow/example_dags/tutorial.py for tasks to queue
[2023-11-25 17:50:24,068] {logging_mixin.py:115} INFO - [2023-11-25 17:50:24,068] {dagbag.py:508} INFO - Filling up the DagBag from /home/airflow/.local/lib/python3.7/site-packages/airflow/example_dags/tutorial.py
[2023-11-25 17:50:24,076] {processor.py:651} INFO - DAG(s) dict_keys(['tutorial']) retrieved from /home/airflow/.local/lib/python3.7/site-packages/airflow/example_dags/tutorial.py
[2023-11-25 17:50:24,118] {logging_mixin.py:115} INFO - [2023-11-25 17:50:24,118] {dag.py:2420} INFO - Sync 1 DAGs
[2023-11-25 17:50:24,146] {logging_mixin.py:115} INFO - [2023-11-25 17:50:24,146] {dag.py:2972} INFO - Setting next_dagrun for tutorial to 2023-11-24T17:50:24.146322+00:00, run_after=2023-11-25T17:50:24.146322+00:00
[2023-11-25 17:50:24,161] {processor.py:161} INFO - Processing /home/airflow/.local/lib/python3.7/site-packages/airflow/example_dags/tutorial.py took 0.100 seconds
[2023-11-25 17:50:54,540] {processor.py:153} INFO - Started process (PID=2667) to work on /home/airflow/.local/lib/python3.7/site-packages/airflow/example_dags/tutorial.py
[2023-11-25 17:50:54,550] {processor.py:641} INFO - Processing file /home/airflow/.local/lib/python3.7/site-packages/airflow/example_dags/tutorial.py for tasks to queue
[2023-11-25 17:50:54,551] {logging_mixin.py:115} INFO - [2023-11-25 17:50:54,550] {dagbag.py:508} INFO - Filling up the DagBag from /home/airflow/.local/lib/python3.7/site-packages/airflow/example_dags/tutorial.py
[2023-11-25 17:50:54,558] {processor.py:651} INFO - DAG(s) dict_keys(['tutorial']) retrieved from /home/airflow/.local/lib/python3.7/site-packages/airflow/example_dags/tutorial.py
[2023-11-25 17:50:54,651] {logging_mixin.py:115} INFO - [2023-11-25 17:50:54,651] {dag.py:2420} INFO - Sync 1 DAGs
[2023-11-25 17:50:54,696] {logging_mixin.py:115} INFO - [2023-11-25 17:50:54,696] {dag.py:2972} INFO - Setting next_dagrun for tutorial to 2023-11-24T17:50:54.695862+00:00, run_after=2023-11-25T17:50:54.695862+00:00
[2023-11-25 17:50:54,731] {processor.py:161} INFO - Processing /home/airflow/.local/lib/python3.7/site-packages/airflow/example_dags/tutorial.py took 0.196 seconds
[2023-11-25 17:51:25,095] {processor.py:153} INFO - Started process (PID=2720) to work on /home/airflow/.local/lib/python3.7/site-packages/airflow/example_dags/tutorial.py
[2023-11-25 17:51:25,096] {processor.py:641} INFO - Processing file /home/airflow/.local/lib/python3.7/site-packages/airflow/example_dags/tutorial.py for tasks to queue
[2023-11-25 17:51:25,096] {logging_mixin.py:115} INFO - [2023-11-25 17:51:25,096] {dagbag.py:508} INFO - Filling up the DagBag from /home/airflow/.local/lib/python3.7/site-packages/airflow/example_dags/tutorial.py
[2023-11-25 17:51:25,104] {processor.py:651} INFO - DAG(s) dict_keys(['tutorial']) retrieved from /home/airflow/.local/lib/python3.7/site-packages/airflow/example_dags/tutorial.py
[2023-11-25 17:51:25,152] {logging_mixin.py:115} INFO - [2023-11-25 17:51:25,152] {dag.py:2420} INFO - Sync 1 DAGs
[2023-11-25 17:51:25,190] {logging_mixin.py:115} INFO - [2023-11-25 17:51:25,190] {dag.py:2972} INFO - Setting next_dagrun for tutorial to 2023-11-24T17:51:25.189942+00:00, run_after=2023-11-25T17:51:25.189942+00:00
[2023-11-25 17:51:25,211] {processor.py:161} INFO - Processing /home/airflow/.local/lib/python3.7/site-packages/airflow/example_dags/tutorial.py took 0.121 seconds
[2023-11-25 17:51:55,376] {processor.py:153} INFO - Started process (PID=2782) to work on /home/airflow/.local/lib/python3.7/site-packages/airflow/example_dags/tutorial.py
[2023-11-25 17:51:55,377] {processor.py:641} INFO - Processing file /home/airflow/.local/lib/python3.7/site-packages/airflow/example_dags/tutorial.py for tasks to queue
[2023-11-25 17:51:55,378] {logging_mixin.py:115} INFO - [2023-11-25 17:51:55,377] {dagbag.py:508} INFO - Filling up the DagBag from /home/airflow/.local/lib/python3.7/site-packages/airflow/example_dags/tutorial.py
[2023-11-25 17:51:55,391] {processor.py:651} INFO - DAG(s) dict_keys(['tutorial']) retrieved from /home/airflow/.local/lib/python3.7/site-packages/airflow/example_dags/tutorial.py
[2023-11-25 17:51:55,453] {logging_mixin.py:115} INFO - [2023-11-25 17:51:55,452] {dag.py:2420} INFO - Sync 1 DAGs
[2023-11-25 17:51:55,531] {logging_mixin.py:115} INFO - [2023-11-25 17:51:55,530] {dag.py:2972} INFO - Setting next_dagrun for tutorial to 2023-11-24T17:51:55.530650+00:00, run_after=2023-11-25T17:51:55.530650+00:00
[2023-11-25 17:51:55,556] {processor.py:161} INFO - Processing /home/airflow/.local/lib/python3.7/site-packages/airflow/example_dags/tutorial.py took 0.185 seconds
[2023-11-25 17:52:26,082] {processor.py:153} INFO - Started process (PID=2835) to work on /home/airflow/.local/lib/python3.7/site-packages/airflow/example_dags/tutorial.py
[2023-11-25 17:52:26,082] {processor.py:641} INFO - Processing file /home/airflow/.local/lib/python3.7/site-packages/airflow/example_dags/tutorial.py for tasks to queue
[2023-11-25 17:52:26,083] {logging_mixin.py:115} INFO - [2023-11-25 17:52:26,083] {dagbag.py:508} INFO - Filling up the DagBag from /home/airflow/.local/lib/python3.7/site-packages/airflow/example_dags/tutorial.py
[2023-11-25 17:52:26,091] {processor.py:651} INFO - DAG(s) dict_keys(['tutorial']) retrieved from /home/airflow/.local/lib/python3.7/site-packages/airflow/example_dags/tutorial.py
[2023-11-25 17:52:26,132] {logging_mixin.py:115} INFO - [2023-11-25 17:52:26,131] {dag.py:2420} INFO - Sync 1 DAGs
[2023-11-25 17:52:26,163] {logging_mixin.py:115} INFO - [2023-11-25 17:52:26,163] {dag.py:2972} INFO - Setting next_dagrun for tutorial to 2023-11-24T17:52:26.163165+00:00, run_after=2023-11-25T17:52:26.163165+00:00
[2023-11-25 17:52:26,179] {processor.py:161} INFO - Processing /home/airflow/.local/lib/python3.7/site-packages/airflow/example_dags/tutorial.py took 0.102 seconds
[2023-11-25 17:52:56,818] {processor.py:153} INFO - Started process (PID=2897) to work on /home/airflow/.local/lib/python3.7/site-packages/airflow/example_dags/tutorial.py
[2023-11-25 17:52:56,819] {processor.py:641} INFO - Processing file /home/airflow/.local/lib/python3.7/site-packages/airflow/example_dags/tutorial.py for tasks to queue
[2023-11-25 17:52:56,820] {logging_mixin.py:115} INFO - [2023-11-25 17:52:56,820] {dagbag.py:508} INFO - Filling up the DagBag from /home/airflow/.local/lib/python3.7/site-packages/airflow/example_dags/tutorial.py
[2023-11-25 17:52:56,828] {processor.py:651} INFO - DAG(s) dict_keys(['tutorial']) retrieved from /home/airflow/.local/lib/python3.7/site-packages/airflow/example_dags/tutorial.py
[2023-11-25 17:52:56,894] {logging_mixin.py:115} INFO - [2023-11-25 17:52:56,894] {dag.py:2420} INFO - Sync 1 DAGs
[2023-11-25 17:52:56,935] {logging_mixin.py:115} INFO - [2023-11-25 17:52:56,934] {dag.py:2972} INFO - Setting next_dagrun for tutorial to 2023-11-24T17:52:56.934595+00:00, run_after=2023-11-25T17:52:56.934595+00:00
[2023-11-25 17:52:56,950] {processor.py:161} INFO - Processing /home/airflow/.local/lib/python3.7/site-packages/airflow/example_dags/tutorial.py took 0.137 seconds
[2023-11-25 17:53:27,429] {processor.py:153} INFO - Started process (PID=2960) to work on /home/airflow/.local/lib/python3.7/site-packages/airflow/example_dags/tutorial.py
[2023-11-25 17:53:27,430] {processor.py:641} INFO - Processing file /home/airflow/.local/lib/python3.7/site-packages/airflow/example_dags/tutorial.py for tasks to queue
[2023-11-25 17:53:27,431] {logging_mixin.py:115} INFO - [2023-11-25 17:53:27,430] {dagbag.py:508} INFO - Filling up the DagBag from /home/airflow/.local/lib/python3.7/site-packages/airflow/example_dags/tutorial.py
[2023-11-25 17:53:27,440] {processor.py:651} INFO - DAG(s) dict_keys(['tutorial']) retrieved from /home/airflow/.local/lib/python3.7/site-packages/airflow/example_dags/tutorial.py
[2023-11-25 17:53:27,511] {logging_mixin.py:115} INFO - [2023-11-25 17:53:27,511] {dag.py:2420} INFO - Sync 1 DAGs
[2023-11-25 17:53:27,556] {logging_mixin.py:115} INFO - [2023-11-25 17:53:27,556] {dag.py:2972} INFO - Setting next_dagrun for tutorial to 2023-11-24T17:53:27.556239+00:00, run_after=2023-11-25T17:53:27.556239+00:00
[2023-11-25 17:53:27,578] {processor.py:161} INFO - Processing /home/airflow/.local/lib/python3.7/site-packages/airflow/example_dags/tutorial.py took 0.155 seconds
[2023-11-25 17:53:57,721] {processor.py:153} INFO - Started process (PID=3014) to work on /home/airflow/.local/lib/python3.7/site-packages/airflow/example_dags/tutorial.py
[2023-11-25 17:53:57,722] {processor.py:641} INFO - Processing file /home/airflow/.local/lib/python3.7/site-packages/airflow/example_dags/tutorial.py for tasks to queue
[2023-11-25 17:53:57,723] {logging_mixin.py:115} INFO - [2023-11-25 17:53:57,723] {dagbag.py:508} INFO - Filling up the DagBag from /home/airflow/.local/lib/python3.7/site-packages/airflow/example_dags/tutorial.py
[2023-11-25 17:53:57,736] {processor.py:651} INFO - DAG(s) dict_keys(['tutorial']) retrieved from /home/airflow/.local/lib/python3.7/site-packages/airflow/example_dags/tutorial.py
[2023-11-25 17:53:57,816] {logging_mixin.py:115} INFO - [2023-11-25 17:53:57,816] {dag.py:2420} INFO - Sync 1 DAGs
[2023-11-25 17:53:57,857] {logging_mixin.py:115} INFO - [2023-11-25 17:53:57,857] {dag.py:2972} INFO - Setting next_dagrun for tutorial to 2023-11-24T17:53:57.857155+00:00, run_after=2023-11-25T17:53:57.857155+00:00
[2023-11-25 17:53:57,872] {processor.py:161} INFO - Processing /home/airflow/.local/lib/python3.7/site-packages/airflow/example_dags/tutorial.py took 0.156 seconds
