[2023-11-25 17:43:04,852] {taskinstance.py:1179} INFO - Dependencies all met for <TaskInstance: ETL_toll_data2.extract_data_from_tsv manual__2023-11-25T17:43:00.459573+00:00 [queued]>
[2023-11-25 17:43:04,866] {taskinstance.py:1179} INFO - Dependencies all met for <TaskInstance: ETL_toll_data2.extract_data_from_tsv manual__2023-11-25T17:43:00.459573+00:00 [queued]>
[2023-11-25 17:43:04,866] {taskinstance.py:1376} INFO - 
--------------------------------------------------------------------------------
[2023-11-25 17:43:04,866] {taskinstance.py:1377} INFO - Starting attempt 1 of 2
[2023-11-25 17:43:04,866] {taskinstance.py:1378} INFO - 
--------------------------------------------------------------------------------
[2023-11-25 17:43:04,880] {taskinstance.py:1397} INFO - Executing <Task(BashOperator): extract_data_from_tsv> on 2023-11-25 17:43:00.459573+00:00
[2023-11-25 17:43:04,889] {standard_task_runner.py:52} INFO - Started process 771 to run task
[2023-11-25 17:43:04,894] {standard_task_runner.py:79} INFO - Running: ['***', 'tasks', 'run', 'ETL_toll_data2', 'extract_data_from_tsv', 'manual__2023-11-25T17:43:00.459573+00:00', '--job-id', '4', '--raw', '--subdir', 'DAGS_FOLDER/finalassignment/staging/ETL_toll_data2.py', '--cfg-path', '/tmp/tmpqrlkiaik', '--error-file', '/tmp/tmptd6a3sj_']
[2023-11-25 17:43:04,895] {standard_task_runner.py:80} INFO - Job 4: Subtask extract_data_from_tsv
[2023-11-25 17:43:04,989] {task_command.py:371} INFO - Running <TaskInstance: ETL_toll_data2.extract_data_from_tsv manual__2023-11-25T17:43:00.459573+00:00 [running]> on host 55fecb89de6d
[2023-11-25 17:43:05,124] {taskinstance.py:1591} INFO - Exporting the following env vars:
AIRFLOW_CTX_DAG_EMAIL=arti6076@gmail.com
AIRFLOW_CTX_DAG_OWNER=AN
AIRFLOW_CTX_DAG_ID=ETL_toll_data2
AIRFLOW_CTX_TASK_ID=extract_data_from_tsv
AIRFLOW_CTX_EXECUTION_DATE=2023-11-25T17:43:00.459573+00:00
AIRFLOW_CTX_TRY_NUMBER=1
AIRFLOW_CTX_DAG_RUN_ID=manual__2023-11-25T17:43:00.459573+00:00
[2023-11-25 17:43:05,126] {subprocess.py:62} INFO - Tmp dir root location: 
 /tmp
[2023-11-25 17:43:05,126] {subprocess.py:74} INFO - Running command: ['bash', '-c', 'cut -f5,6,7 /home/project/***/dags/finalassignment/tollplaza-data.tsv | tr -s "[:blank:]" "," | tr -d "\n" > /home/project/***/dags/finalassignment/staging/tsv_data.csv']
[2023-11-25 17:43:05,151] {subprocess.py:85} INFO - Output:
[2023-11-25 17:43:05,164] {subprocess.py:96} INFO - Command exited with return code 0
[2023-11-25 17:43:05,216] {taskinstance.py:1420} INFO - Marking task as SUCCESS. dag_id=ETL_toll_data2, task_id=extract_data_from_tsv, execution_date=20231125T174300, start_date=20231125T174304, end_date=20231125T174305
[2023-11-25 17:43:05,266] {local_task_job.py:156} INFO - Task exited with return code 0
[2023-11-25 17:43:05,326] {local_task_job.py:273} INFO - 1 downstream tasks scheduled from follow-on schedule check
